[rosmaster.main][INFO] 2021-10-22 12:56:20,146: initialization complete, waiting for shutdown
[rosmaster.main][INFO] 2021-10-22 12:56:20,147: Starting ROS Master Node
[xmlrpc][INFO] 2021-10-22 12:56:20,151: XML-RPC server binding to 0.0.0.0:11311
[xmlrpc][INFO] 2021-10-22 12:56:20,153: Started XML-RPC server [http://ss42.local:11311/]
[rosmaster.master][INFO] 2021-10-22 12:56:20,154: Master initialized: port[11311], uri[http://ss42.local:11311/]
[xmlrpc][INFO] 2021-10-22 12:56:20,155: xml rpc node: starting XML-RPC server
[rosmaster.master][INFO] 2021-10-22 12:56:20,275: +PARAM [/run_id] by /roslaunch
[rosmaster.master][INFO] 2021-10-22 12:56:20,285: +PARAM [/roslaunch/uris/host_ss42_local__41406] by /roslaunch
[rosmaster.master][INFO] 2021-10-22 12:56:21,115: +PARAM [/ss42/joy/coalesce_interval] by /roslaunch
[rosmaster.master][INFO] 2021-10-22 12:56:21,116: +PARAM [/rosdistro] by /roslaunch
[rosmaster.master][INFO] 2021-10-22 12:56:21,117: +PARAM [/ss42/joy_mapper_node/steer_angle_gain] by /roslaunch
[rosmaster.master][INFO] 2021-10-22 12:56:21,118: +PARAM [/ss42/joy/dev] by /roslaunch
[rosmaster.master][INFO] 2021-10-22 12:56:21,118: +PARAM [/ss42/joy_mapper_node/simulated_vehicle_length] by /roslaunch
[rosmaster.master][INFO] 2021-10-22 12:56:21,119: +PARAM [/ss42/joy_mapper_node/bicycle_kinematics] by /roslaunch
[rosmaster.master][INFO] 2021-10-22 12:56:21,120: +PARAM [/rosversion] by /roslaunch
[rosmaster.master][INFO] 2021-10-22 12:56:21,121: +PARAM [/ss42/joy/deadzone] by /roslaunch
[rosmaster.master][INFO] 2021-10-22 12:56:21,122: +PARAM [/ss42/joy/autorepeat_rate] by /roslaunch
[rosmaster.master][INFO] 2021-10-22 12:56:21,123: +PARAM [/ss42/joy_mapper_node/steer_gain] by /roslaunch
[rosmaster.master][INFO] 2021-10-22 12:56:21,124: +PARAM [/ss42/joy_mapper_node/speed_gain] by /roslaunch
[rosmaster.master][INFO] 2021-10-22 12:56:21,554: +PUB [/rosout] /ss42/joy http://ss42.local:33408/
[rosmaster.master][INFO] 2021-10-22 12:56:21,561: +SERVICE [/rosout/get_loggers] /rosout http://ss42.local:45266/
[rosmaster.master][INFO] 2021-10-22 12:56:21,584: +SERVICE [/ss42/joy/get_loggers] /ss42/joy http://ss42.local:33408/
[rosmaster.master][INFO] 2021-10-22 12:56:21,594: +SERVICE [/rosout/set_logger_level] /rosout http://ss42.local:45266/
[rosmaster.master][INFO] 2021-10-22 12:56:21,644: +SERVICE [/ss42/joy/set_logger_level] /ss42/joy http://ss42.local:33408/
[rosmaster.master][INFO] 2021-10-22 12:56:21,667: +PUB [/rosout_agg] /rosout http://ss42.local:45266/
[rosmaster.master][INFO] 2021-10-22 12:56:21,685: +PUB [/diagnostics] /ss42/joy http://ss42.local:33408/
[rosmaster.master][INFO] 2021-10-22 12:56:21,774: +PUB [/ss42/joy] /ss42/joy http://ss42.local:33408/
[rosmaster.master][INFO] 2021-10-22 12:56:21,833: +SUB [/rosout] /rosout http://ss42.local:45266/
[rosmaster.master][INFO] 2021-10-22 12:56:23,614: +PUB [/rosout] /ss42/joy_mapper_node http://ss42.local:43561/
[rosmaster.master][INFO] 2021-10-22 12:56:23,647: +SERVICE [/ss42/joy_mapper_node/get_loggers] /ss42/joy_mapper_node http://ss42.local:43561/
[rosmaster.master][INFO] 2021-10-22 12:56:23,662: +SERVICE [/ss42/joy_mapper_node/set_logger_level] /ss42/joy_mapper_node http://ss42.local:43561/
[rosmaster.master][INFO] 2021-10-22 12:56:23,669: publisherUpdate[/rosout] -> http://ss42.local:45266/ ['http://ss42.local:33408/', 'http://ss42.local:43561/']
[rosmaster.master][INFO] 2021-10-22 12:56:23,692: +PARAM [/ss42/joy_mapper_node/speed_gain] by /ss42/joy_mapper_node
[rosmaster.master][INFO] 2021-10-22 12:56:23,698: publisherUpdate[/rosout] -> http://ss42.local:45266/ ['http://ss42.local:33408/', 'http://ss42.local:43561/']: sec=0.03, result=[1, '', 0]
[rosmaster.master][INFO] 2021-10-22 12:56:23,720: +PARAM [/ss42/joy_mapper_node/steer_gain] by /ss42/joy_mapper_node
[rosmaster.master][INFO] 2021-10-22 12:56:23,746: +PARAM [/ss42/joy_mapper_node/bicycle_kinematics] by /ss42/joy_mapper_node
[rosmaster.master][INFO] 2021-10-22 12:56:23,786: +PARAM [/ss42/joy_mapper_node/steer_angle_gain] by /ss42/joy_mapper_node
[rosmaster.master][INFO] 2021-10-22 12:56:23,852: +PARAM [/ss42/joy_mapper_node/simulated_vehicle_length] by /ss42/joy_mapper_node
[rosmaster.master][INFO] 2021-10-22 12:56:23,867: +PUB [/ss42/joy_mapper_node/car_cmd] /ss42/joy_mapper_node http://ss42.local:43561/
[rosmaster.master][INFO] 2021-10-22 12:56:23,882: +PUB [/ss42/joy_mapper_node/joystick_override] /ss42/joy_mapper_node http://ss42.local:43561/
[rosmaster.master][INFO] 2021-10-22 12:56:23,894: +PUB [/ss42/joy_mapper_node/parallel_autonomy] /ss42/joy_mapper_node http://ss42.local:43561/
[rosmaster.master][INFO] 2021-10-22 12:56:23,906: +PUB [/ss42/anti_instagram_node/click] /ss42/joy_mapper_node http://ss42.local:43561/
[rosmaster.master][INFO] 2021-10-22 12:56:23,924: +PUB [/ss42/wheels_driver_node/emergency_stop] /ss42/joy_mapper_node http://ss42.local:43561/
[rosmaster.master][INFO] 2021-10-22 12:56:23,939: +PUB [/ss42/joy_mapper_node/start_avoidance] /ss42/joy_mapper_node http://ss42.local:43561/
[rosmaster.master][INFO] 2021-10-22 12:56:23,968: +SUB [/ss42/joy] /ss42/joy_mapper_node http://ss42.local:43561/
[rosmaster.master][INFO] 2021-10-22 12:56:24,191: +PUB [/rosout] /ss42/wheels_driver_node http://ss42.local:38203/
[rosmaster.master][INFO] 2021-10-22 12:56:24,192: publisherUpdate[/rosout] -> http://ss42.local:45266/ ['http://ss42.local:33408/', 'http://ss42.local:43561/', 'http://ss42.local:38203/']
[rosmaster.master][INFO] 2021-10-22 12:56:24,200: publisherUpdate[/rosout] -> http://ss42.local:45266/ ['http://ss42.local:33408/', 'http://ss42.local:43561/', 'http://ss42.local:38203/']: sec=0.01, result=[1, '', 0]
[rosmaster.master][INFO] 2021-10-22 12:56:24,225: +SERVICE [/ss42/wheels_driver_node/get_loggers] /ss42/wheels_driver_node http://ss42.local:38203/
[rosmaster.master][INFO] 2021-10-22 12:56:24,235: +SERVICE [/ss42/wheels_driver_node/set_logger_level] /ss42/wheels_driver_node http://ss42.local:38203/
[rosmaster.master][INFO] 2021-10-22 12:56:24,288: +PUB [/ss42/wheels_driver_node/wheels_cmd_executed] /ss42/wheels_driver_node http://ss42.local:38203/
[rosmaster.master][INFO] 2021-10-22 12:56:24,315: +SUB [/ss42/wheels_driver_node/wheels_cmd] /ss42/wheels_driver_node http://ss42.local:38203/
[rosmaster.master][INFO] 2021-10-22 12:56:24,334: +SUB [/ss42/wheels_driver_node/emergency_stop] /ss42/wheels_driver_node http://ss42.local:38203/
[rosmaster.master][INFO] 2021-10-22 12:56:24,540: +PUB [/rosout] /ss42/velocity_to_pose_node http://ss42.local:42167/
[rosmaster.master][INFO] 2021-10-22 12:56:24,567: +SERVICE [/ss42/velocity_to_pose_node/get_loggers] /ss42/velocity_to_pose_node http://ss42.local:42167/
[rosmaster.master][INFO] 2021-10-22 12:56:24,576: publisherUpdate[/rosout] -> http://ss42.local:45266/ ['http://ss42.local:33408/', 'http://ss42.local:43561/', 'http://ss42.local:38203/', 'http://ss42.local:42167/']
[rosmaster.master][INFO] 2021-10-22 12:56:24,580: +SERVICE [/ss42/velocity_to_pose_node/set_logger_level] /ss42/velocity_to_pose_node http://ss42.local:42167/
[rosmaster.master][INFO] 2021-10-22 12:56:24,588: publisherUpdate[/rosout] -> http://ss42.local:45266/ ['http://ss42.local:33408/', 'http://ss42.local:43561/', 'http://ss42.local:38203/', 'http://ss42.local:42167/']: sec=0.01, result=[1, '', 0]
[rosmaster.master][INFO] 2021-10-22 12:56:24,614: +SUB [/ss42/forward_kinematics_node/velocity] /ss42/velocity_to_pose_node http://ss42.local:42167/
[rosmaster.master][INFO] 2021-10-22 12:56:24,628: +PUB [/ss42/velocity_to_pose_node/pose] /ss42/velocity_to_pose_node http://ss42.local:42167/
[rosmaster.master][INFO] 2021-10-22 12:56:30,297: +PUB [/rosout] /ss42/forward_kinematics_node http://ss42.local:35230/
[rosmaster.master][INFO] 2021-10-22 12:56:30,302: publisherUpdate[/rosout] -> http://ss42.local:45266/ ['http://ss42.local:33408/', 'http://ss42.local:43561/', 'http://ss42.local:38203/', 'http://ss42.local:42167/', 'http://ss42.local:35230/']
[rosmaster.master][INFO] 2021-10-22 12:56:30,311: publisherUpdate[/rosout] -> http://ss42.local:45266/ ['http://ss42.local:33408/', 'http://ss42.local:43561/', 'http://ss42.local:38203/', 'http://ss42.local:42167/', 'http://ss42.local:35230/']: sec=0.01, result=[1, '', 0]
[rosmaster.master][INFO] 2021-10-22 12:56:30,317: +PUB [/rosout] /ss42/inverse_kinematics_node http://ss42.local:38331/
[rosmaster.master][INFO] 2021-10-22 12:56:30,317: publisherUpdate[/rosout] -> http://ss42.local:45266/ ['http://ss42.local:33408/', 'http://ss42.local:43561/', 'http://ss42.local:38203/', 'http://ss42.local:42167/', 'http://ss42.local:35230/', 'http://ss42.local:38331/']
[rosmaster.master][INFO] 2021-10-22 12:56:30,325: publisherUpdate[/rosout] -> http://ss42.local:45266/ ['http://ss42.local:33408/', 'http://ss42.local:43561/', 'http://ss42.local:38203/', 'http://ss42.local:42167/', 'http://ss42.local:35230/', 'http://ss42.local:38331/']: sec=0.01, result=[1, '', 0]
[rosmaster.master][INFO] 2021-10-22 12:56:30,329: +SERVICE [/ss42/forward_kinematics_node/get_loggers] /ss42/forward_kinematics_node http://ss42.local:35230/
[rosmaster.master][INFO] 2021-10-22 12:56:30,344: +SERVICE [/ss42/forward_kinematics_node/set_logger_level] /ss42/forward_kinematics_node http://ss42.local:35230/
[rosmaster.master][INFO] 2021-10-22 12:56:30,349: +SERVICE [/ss42/inverse_kinematics_node/get_loggers] /ss42/inverse_kinematics_node http://ss42.local:38331/
[rosmaster.master][INFO] 2021-10-22 12:56:30,367: +SERVICE [/ss42/inverse_kinematics_node/set_logger_level] /ss42/inverse_kinematics_node http://ss42.local:38331/
[rosmaster.master][INFO] 2021-10-22 12:56:30,377: +PARAM [/ss42/forward_kinematics_node/gain] by /ss42/forward_kinematics_node
[rosmaster.master][INFO] 2021-10-22 12:56:30,386: +PARAM [/ss42/forward_kinematics_node/trim] by /ss42/forward_kinematics_node
[rosmaster.master][INFO] 2021-10-22 12:56:30,395: +PARAM [/ss42/inverse_kinematics_node/gain] by /ss42/inverse_kinematics_node
[rosmaster.master][INFO] 2021-10-22 12:56:30,400: +PARAM [/ss42/forward_kinematics_node/baseline] by /ss42/forward_kinematics_node
[rosmaster.master][INFO] 2021-10-22 12:56:30,405: +PARAM [/ss42/inverse_kinematics_node/trim] by /ss42/inverse_kinematics_node
[rosmaster.master][INFO] 2021-10-22 12:56:30,411: +PARAM [/ss42/forward_kinematics_node/k] by /ss42/forward_kinematics_node
[rosmaster.master][INFO] 2021-10-22 12:56:30,416: +PARAM [/ss42/inverse_kinematics_node/baseline] by /ss42/inverse_kinematics_node
[rosmaster.master][INFO] 2021-10-22 12:56:30,422: +PARAM [/ss42/forward_kinematics_node/radius] by /ss42/forward_kinematics_node
[rosmaster.master][INFO] 2021-10-22 12:56:30,431: +PARAM [/ss42/inverse_kinematics_node/k] by /ss42/inverse_kinematics_node
[rosmaster.master][INFO] 2021-10-22 12:56:30,445: +PARAM [/ss42/inverse_kinematics_node/radius] by /ss42/inverse_kinematics_node
[rosmaster.master][INFO] 2021-10-22 12:56:30,450: +PARAM [/ss42/forward_kinematics_node/gain] by /ss42/forward_kinematics_node
[rosmaster.master][INFO] 2021-10-22 12:56:30,455: +PARAM [/ss42/inverse_kinematics_node/limit] by /ss42/inverse_kinematics_node
[rosmaster.master][INFO] 2021-10-22 12:56:30,475: +PARAM [/ss42/forward_kinematics_node/trim] by /ss42/forward_kinematics_node
[rosmaster.master][INFO] 2021-10-22 12:56:30,480: +PARAM [/ss42/inverse_kinematics_node/gain] by /ss42/inverse_kinematics_node
[rosmaster.master][INFO] 2021-10-22 12:56:30,498: +PARAM [/ss42/forward_kinematics_node/baseline] by /ss42/forward_kinematics_node
[rosmaster.master][INFO] 2021-10-22 12:56:30,504: +PARAM [/ss42/inverse_kinematics_node/trim] by /ss42/inverse_kinematics_node
[rosmaster.master][INFO] 2021-10-22 12:56:30,519: +PARAM [/ss42/forward_kinematics_node/radius] by /ss42/forward_kinematics_node
[rosmaster.master][INFO] 2021-10-22 12:56:30,524: +PARAM [/ss42/inverse_kinematics_node/baseline] by /ss42/inverse_kinematics_node
[rosmaster.master][INFO] 2021-10-22 12:56:30,545: +PARAM [/ss42/forward_kinematics_node/k] by /ss42/forward_kinematics_node
[rosmaster.master][INFO] 2021-10-22 12:56:30,550: +PARAM [/ss42/inverse_kinematics_node/radius] by /ss42/inverse_kinematics_node
[rosmaster.master][INFO] 2021-10-22 12:56:30,561: +PUB [/ss42/forward_kinematics_node/velocity] /ss42/forward_kinematics_node http://ss42.local:35230/
[rosmaster.master][INFO] 2021-10-22 12:56:30,576: +PARAM [/ss42/inverse_kinematics_node/k] by /ss42/inverse_kinematics_node
[rosmaster.master][INFO] 2021-10-22 12:56:30,582: +SUB [/ss42/wheels_driver_node/wheels_cmd_executed] /ss42/forward_kinematics_node http://ss42.local:35230/
[rosmaster.master][INFO] 2021-10-22 12:56:30,598: +PARAM [/ss42/inverse_kinematics_node/limit] by /ss42/inverse_kinematics_node
[rosmaster.master][INFO] 2021-10-22 12:56:30,611: +SERVICE [/ss42/inverse_kinematics_node/set_gain] /ss42/inverse_kinematics_node http://ss42.local:38331/
[rosmaster.master][INFO] 2021-10-22 12:56:30,614: publisherUpdate[/ss42/forward_kinematics_node/velocity] -> http://ss42.local:42167/ ['http://ss42.local:35230/']
[rosmaster.master][INFO] 2021-10-22 12:56:30,623: +SERVICE [/ss42/inverse_kinematics_node/set_trim] /ss42/inverse_kinematics_node http://ss42.local:38331/
[rosmaster.master][INFO] 2021-10-22 12:56:30,626: publisherUpdate[/ss42/forward_kinematics_node/velocity] -> http://ss42.local:42167/ ['http://ss42.local:35230/']: sec=0.01, result=[1, '', 0]
[rosmaster.master][INFO] 2021-10-22 12:56:30,638: +SERVICE [/ss42/inverse_kinematics_node/set_baseline] /ss42/inverse_kinematics_node http://ss42.local:38331/
[rosmaster.master][INFO] 2021-10-22 12:56:30,656: +SERVICE [/ss42/inverse_kinematics_node/set_radius] /ss42/inverse_kinematics_node http://ss42.local:38331/
[rosmaster.master][INFO] 2021-10-22 12:56:30,667: +SERVICE [/ss42/inverse_kinematics_node/set_k] /ss42/inverse_kinematics_node http://ss42.local:38331/
[rosmaster.master][INFO] 2021-10-22 12:56:30,678: +SERVICE [/ss42/inverse_kinematics_node/set_limit] /ss42/inverse_kinematics_node http://ss42.local:38331/
[rosmaster.master][INFO] 2021-10-22 12:56:30,688: +SERVICE [/ss42/inverse_kinematics_node/save_calibration] /ss42/inverse_kinematics_node http://ss42.local:38331/
[rosmaster.master][INFO] 2021-10-22 12:56:30,706: +SUB [/ss42/joy_mapper_node/car_cmd] /ss42/inverse_kinematics_node http://ss42.local:38331/
[rosmaster.master][INFO] 2021-10-22 12:56:30,720: +PUB [/ss42/wheels_driver_node/wheels_cmd] /ss42/inverse_kinematics_node http://ss42.local:38331/
[rosmaster.master][INFO] 2021-10-22 12:56:30,720: publisherUpdate[/ss42/wheels_driver_node/wheels_cmd] -> http://ss42.local:38203/ ['http://ss42.local:38331/']
[rosmaster.master][INFO] 2021-10-22 12:56:30,733: publisherUpdate[/ss42/wheels_driver_node/wheels_cmd] -> http://ss42.local:38203/ ['http://ss42.local:38331/']: sec=0.01, result=[1, '', 0]
[rosmaster.master][INFO] 2021-10-22 12:57:53,502: -SUB [/ss42/wheels_driver_node/emergency_stop] /ss42/wheels_driver_node http://ss42.local:38203/
[rosmaster.master][INFO] 2021-10-22 12:57:53,504: -SUB [/ss42/wheels_driver_node/wheels_cmd] /ss42/wheels_driver_node http://ss42.local:38203/
[rosmaster.master][INFO] 2021-10-22 12:57:53,506: -PUB [/ss42/wheels_driver_node/wheels_cmd_executed] /ss42/wheels_driver_node http://ss42.local:38203/
[rosmaster.master][INFO] 2021-10-22 12:57:53,515: -SUB [/ss42/forward_kinematics_node/velocity] /ss42/velocity_to_pose_node http://ss42.local:42167/
[rosmaster.master][INFO] 2021-10-22 12:57:53,517: -PUB [/rosout] /ss42/wheels_driver_node http://ss42.local:38203/
[rosmaster.master][INFO] 2021-10-22 12:57:53,518: -PUB [/rosout] /ss42/velocity_to_pose_node http://ss42.local:42167/
[rosmaster.master][INFO] 2021-10-22 12:57:53,520: -SERVICE [/ss42/wheels_driver_node/get_loggers] /ss42/wheels_driver_node rosrpc://ss42.local:43543
[rosmaster.master][INFO] 2021-10-22 12:57:53,529: -PUB [/ss42/velocity_to_pose_node/pose] /ss42/velocity_to_pose_node http://ss42.local:42167/
[rosmaster.master][INFO] 2021-10-22 12:57:53,544: -SUB [/ss42/wheels_driver_node/wheels_cmd_executed] /ss42/forward_kinematics_node http://ss42.local:35230/
[rosmaster.master][INFO] 2021-10-22 12:57:53,554: -SERVICE [/ss42/wheels_driver_node/set_logger_level] /ss42/wheels_driver_node rosrpc://ss42.local:43543
[rosmaster.master][INFO] 2021-10-22 12:57:53,556: -SUB [/ss42/joy_mapper_node/car_cmd] /ss42/inverse_kinematics_node http://ss42.local:38331/
[rosmaster.master][INFO] 2021-10-22 12:57:53,557: -SERVICE [/ss42/velocity_to_pose_node/set_logger_level] /ss42/velocity_to_pose_node rosrpc://ss42.local:39479
[rosmaster.master][INFO] 2021-10-22 12:57:53,557: -SERVICE [/ss42/velocity_to_pose_node/get_loggers] /ss42/velocity_to_pose_node rosrpc://ss42.local:39479
[rosmaster.master][INFO] 2021-10-22 12:57:53,558: -PUB [/ss42/forward_kinematics_node/velocity] /ss42/forward_kinematics_node http://ss42.local:35230/
[rosmaster.master][INFO] 2021-10-22 12:57:53,560: -PUB [/rosout] /ss42/forward_kinematics_node http://ss42.local:35230/
[rosmaster.master][INFO] 2021-10-22 12:57:53,561: -SERVICE [/ss42/forward_kinematics_node/set_logger_level] /ss42/forward_kinematics_node rosrpc://ss42.local:44792
[rosmaster.master][INFO] 2021-10-22 12:57:53,562: -SERVICE [/ss42/forward_kinematics_node/get_loggers] /ss42/forward_kinematics_node rosrpc://ss42.local:44792
[rosmaster.master][INFO] 2021-10-22 12:57:53,565: -PUB [/ss42/wheels_driver_node/wheels_cmd] /ss42/inverse_kinematics_node http://ss42.local:38331/
[rosmaster.master][INFO] 2021-10-22 12:57:53,567: -PUB [/rosout] /ss42/inverse_kinematics_node http://ss42.local:38331/
[rosmaster.master][INFO] 2021-10-22 12:57:53,567: -SERVICE [/ss42/inverse_kinematics_node/set_radius] /ss42/inverse_kinematics_node rosrpc://ss42.local:40988
[rosmaster.master][INFO] 2021-10-22 12:57:53,569: -SUB [/ss42/joy] /ss42/joy_mapper_node http://ss42.local:43561/
[rosmaster.master][INFO] 2021-10-22 12:57:53,573: -SERVICE [/ss42/inverse_kinematics_node/set_limit] /ss42/inverse_kinematics_node rosrpc://ss42.local:40988
[rosmaster.master][INFO] 2021-10-22 12:57:53,574: -PUB [/ss42/joy_mapper_node/joystick_override] /ss42/joy_mapper_node http://ss42.local:43561/
[rosmaster.master][INFO] 2021-10-22 12:57:53,574: -SERVICE [/ss42/inverse_kinematics_node/set_baseline] /ss42/inverse_kinematics_node rosrpc://ss42.local:40988
[rosmaster.master][INFO] 2021-10-22 12:57:53,575: -PUB [/ss42/wheels_driver_node/emergency_stop] /ss42/joy_mapper_node http://ss42.local:43561/
[rosmaster.master][INFO] 2021-10-22 12:57:53,575: -SERVICE [/ss42/inverse_kinematics_node/set_trim] /ss42/inverse_kinematics_node rosrpc://ss42.local:40988
[rosmaster.master][INFO] 2021-10-22 12:57:53,576: -PUB [/rosout] /ss42/joy_mapper_node http://ss42.local:43561/
[rosmaster.master][INFO] 2021-10-22 12:57:53,576: -SERVICE [/ss42/inverse_kinematics_node/set_gain] /ss42/inverse_kinematics_node rosrpc://ss42.local:40988
[rosmaster.master][INFO] 2021-10-22 12:57:53,577: -PUB [/ss42/joy_mapper_node/parallel_autonomy] /ss42/joy_mapper_node http://ss42.local:43561/
[rosmaster.master][INFO] 2021-10-22 12:57:53,577: -SERVICE [/ss42/inverse_kinematics_node/set_logger_level] /ss42/inverse_kinematics_node rosrpc://ss42.local:40988
[rosmaster.master][INFO] 2021-10-22 12:57:53,578: -PUB [/ss42/joy_mapper_node/start_avoidance] /ss42/joy_mapper_node http://ss42.local:43561/
[rosmaster.master][INFO] 2021-10-22 12:57:53,578: -SERVICE [/ss42/inverse_kinematics_node/get_loggers] /ss42/inverse_kinematics_node rosrpc://ss42.local:40988
[rosmaster.master][INFO] 2021-10-22 12:57:53,579: -PUB [/ss42/anti_instagram_node/click] /ss42/joy_mapper_node http://ss42.local:43561/
[rosmaster.master][INFO] 2021-10-22 12:57:53,579: -SERVICE [/ss42/inverse_kinematics_node/set_k] /ss42/inverse_kinematics_node rosrpc://ss42.local:40988
[rosmaster.master][INFO] 2021-10-22 12:57:53,579: -PUB [/ss42/joy_mapper_node/car_cmd] /ss42/joy_mapper_node http://ss42.local:43561/
[rosmaster.master][INFO] 2021-10-22 12:57:53,580: -SERVICE [/ss42/inverse_kinematics_node/save_calibration] /ss42/inverse_kinematics_node rosrpc://ss42.local:40988
[rosmaster.master][INFO] 2021-10-22 12:57:53,581: -SERVICE [/ss42/joy_mapper_node/set_logger_level] /ss42/joy_mapper_node rosrpc://ss42.local:38033
[rosmaster.master][INFO] 2021-10-22 12:57:53,586: -SERVICE [/ss42/joy_mapper_node/get_loggers] /ss42/joy_mapper_node rosrpc://ss42.local:38033
[rosmaster.master][INFO] 2021-10-22 12:57:53,594: publisherUpdate[/ss42/wheels_driver_node/wheels_cmd_executed] -> http://ss42.local:35230/ []
[rosmaster.master][INFO] 2021-10-22 12:57:53,596: publisherUpdate[/rosout] -> http://ss42.local:45266/ ['http://ss42.local:33408/', 'http://ss42.local:43561/', 'http://ss42.local:42167/', 'http://ss42.local:35230/', 'http://ss42.local:38331/']
[rosmaster.master][INFO] 2021-10-22 12:57:53,600: publisherUpdate[/rosout] -> http://ss42.local:45266/ ['http://ss42.local:33408/', 'http://ss42.local:43561/', 'http://ss42.local:42167/', 'http://ss42.local:35230/', 'http://ss42.local:38331/']: sec=0.00, result=[1, '', 0]
[rosmaster.master][INFO] 2021-10-22 12:57:53,600: publisherUpdate[/rosout] -> http://ss42.local:45266/ ['http://ss42.local:33408/', 'http://ss42.local:43561/', 'http://ss42.local:35230/', 'http://ss42.local:38331/']
[rosmaster.master][INFO] 2021-10-22 12:57:53,603: publisherUpdate[/rosout] -> http://ss42.local:45266/ ['http://ss42.local:33408/', 'http://ss42.local:43561/', 'http://ss42.local:35230/', 'http://ss42.local:38331/']: sec=0.00, result=[1, '', 0]
[rosmaster.master][INFO] 2021-10-22 12:57:53,603: publisherUpdate[/rosout] -> http://ss42.local:45266/ ['http://ss42.local:33408/', 'http://ss42.local:43561/', 'http://ss42.local:38331/']
[rosmaster.master][INFO] 2021-10-22 12:57:53,605: publisherUpdate[/rosout] -> http://ss42.local:45266/ ['http://ss42.local:33408/', 'http://ss42.local:43561/', 'http://ss42.local:38331/']: sec=0.00, result=[1, '', 0]
[rosmaster.master][INFO] 2021-10-22 12:57:53,606: publisherUpdate[/rosout] -> http://ss42.local:45266/ ['http://ss42.local:33408/', 'http://ss42.local:43561/']
[rosmaster.master][INFO] 2021-10-22 12:57:53,608: publisherUpdate[/rosout] -> http://ss42.local:45266/ ['http://ss42.local:33408/', 'http://ss42.local:43561/']: sec=0.00, result=[1, '', 0]
[rosmaster.master][INFO] 2021-10-22 12:57:53,609: publisherUpdate[/rosout] -> http://ss42.local:45266/ ['http://ss42.local:33408/']
[rosmaster.master][INFO] 2021-10-22 12:57:53,611: publisherUpdate[/rosout] -> http://ss42.local:45266/ ['http://ss42.local:33408/']: sec=0.00, result=[1, '', 0]
[rosmaster.master][INFO] 2021-10-22 12:57:53,654: -PUB [/rosout] /ss42/joy http://ss42.local:33408/
[rosmaster.master][INFO] 2021-10-22 12:57:53,658: -PUB [/diagnostics] /ss42/joy http://ss42.local:33408/
[rosmaster.master][INFO] 2021-10-22 12:57:53,661: -PUB [/ss42/joy] /ss42/joy http://ss42.local:33408/
[rosmaster.master][INFO] 2021-10-22 12:57:53,665: -SERVICE [/ss42/joy/get_loggers] /ss42/joy rosrpc://ss42.local:33260
[rosmaster.master][INFO] 2021-10-22 12:57:53,669: -SERVICE [/ss42/joy/set_logger_level] /ss42/joy rosrpc://ss42.local:33260
[rosmaster.master][INFO] 2021-10-22 12:57:53,698: publisherUpdate[/rosout] -> http://ss42.local:45266/ []
[rosmaster.master][INFO] 2021-10-22 12:57:53,700: publisherUpdate[/rosout] -> http://ss42.local:45266/ []: sec=0.00, result=[1, '', 0]
[rosmaster.master][INFO] 2021-10-22 12:57:53,745: publisherUpdate[/ss42/wheels_driver_node/wheels_cmd_executed] -> http://ss42.local:35230/ []: sec=0.15, exception=[Errno 111] Connection refused
[rosmaster.threadpool][ERROR] 2021-10-22 12:57:53,762: Traceback (most recent call last):
  File "/opt/ros/kinetic/lib/python2.7/dist-packages/rosmaster/threadpool.py", line 218, in run
    result = cmd(*args)
  File "/opt/ros/kinetic/lib/python2.7/dist-packages/rosmaster/master_api.py", line 210, in publisher_update_task
    ret = xmlrpcapi(api).publisherUpdate('/master', topic, pub_uris)
  File "/usr/lib/python2.7/xmlrpclib.py", line 1243, in __call__
    return self.__send(self.__name, args)
  File "/usr/lib/python2.7/xmlrpclib.py", line 1602, in __request
    verbose=self.__verbose
  File "/usr/lib/python2.7/xmlrpclib.py", line 1283, in request
    return self.single_request(host, handler, request_body, verbose)
  File "/usr/lib/python2.7/xmlrpclib.py", line 1311, in single_request
    self.send_content(h, request_body)
  File "/usr/lib/python2.7/xmlrpclib.py", line 1459, in send_content
    connection.endheaders(request_body)
  File "/usr/lib/python2.7/httplib.py", line 1053, in endheaders
    self._send_output(message_body)
  File "/usr/lib/python2.7/httplib.py", line 897, in _send_output
    self.send(msg)
  File "/usr/lib/python2.7/httplib.py", line 859, in send
    self.connect()
  File "/usr/lib/python2.7/httplib.py", line 836, in connect
    self.timeout, self.source_address)
  File "/usr/lib/python2.7/socket.py", line 575, in create_connection
    raise err
error: [Errno 111] Connection refused

[rosmaster.master][INFO] 2021-10-22 12:57:54,704: -PUB [/rosout_agg] /rosout http://ss42.local:45266/
[rosmaster.master][INFO] 2021-10-22 12:57:54,707: -SUB [/rosout] /rosout http://ss42.local:45266/
[rosmaster.master][INFO] 2021-10-22 12:57:54,711: -SERVICE [/rosout/get_loggers] /rosout rosrpc://ss42.local:35367
[rosmaster.master][INFO] 2021-10-22 12:57:54,715: -SERVICE [/rosout/set_logger_level] /rosout rosrpc://ss42.local:35367
[rosmaster.main][INFO] 2021-10-22 12:57:54,826: keyboard interrupt, will exit
[rosmaster.main][INFO] 2021-10-22 12:57:54,826: stopping master...
[rospy.core][INFO] 2021-10-22 12:57:54,827: signal_shutdown [atexit]
