[rospy.client][INFO] 2021-10-22 12:56:23,463: init_node, name[/ss42/joy_mapper_node], pid[1613]
[xmlrpc][INFO] 2021-10-22 12:56:23,467: XML-RPC server binding to 0.0.0.0:0
[xmlrpc][INFO] 2021-10-22 12:56:23,470: Started XML-RPC server [http://ss42.local:43561/]
[rospy.impl.masterslave][INFO] 2021-10-22 12:56:23,489: _ready: http://ss42.local:43561/
[rospy.init][INFO] 2021-10-22 12:56:23,490: ROS Slave URI: [http://ss42.local:43561/]
[rospy.registration][INFO] 2021-10-22 12:56:23,495: Registering with master node http://ss42.local:11311/
[xmlrpc][INFO] 2021-10-22 12:56:23,496: xml rpc node: starting XML-RPC server
[rospy.init][INFO] 2021-10-22 12:56:23,597: registered with master
[rospy.rosout][INFO] 2021-10-22 12:56:23,599: initializing /rosout core topic
[rospy.rosout][INFO] 2021-10-22 12:56:23,619: connected to core topic /rosout
[rospy.simtime][INFO] 2021-10-22 12:56:23,631: /use_sim_time is not set, will not subscribe to simulated time [/clock] topic
[rosout][INFO] 2021-10-22 12:56:23,667: [/ss42/joy_mapper_node] Initializing 
[rosout][INFO] 2021-10-22 12:56:23,696: [/ss42/joy_mapper_node] ~speed_gain = 0.41 
[rosout][INFO] 2021-10-22 12:56:23,725: [/ss42/joy_mapper_node] ~steer_gain = 8.3 
[rosout][INFO] 2021-10-22 12:56:23,750: [/ss42/joy_mapper_node] ~bicycle_kinematics = 0.0 
[rosout][INFO] 2021-10-22 12:56:23,791: [/ss42/joy_mapper_node] ~steer_angle_gain = 1.04 
[rosout][INFO] 2021-10-22 12:56:23,856: [/ss42/joy_mapper_node] ~simulated_vehicle_length = 0.18 
[rospy.internal][INFO] 2021-10-22 12:56:23,916: topic[/rosout] adding connection to [/rosout], count 0
[rospy.internal][INFO] 2021-10-22 12:56:24,015: topic[/ss42/joy] adding connection to [http://ss42.local:33408/], count 0
[rospy.internal][INFO] 2021-10-22 12:56:24,367: topic[/ss42/wheels_driver_node/emergency_stop] adding connection to [/ss42/wheels_driver_node], count 0
[rospy.internal][INFO] 2021-10-22 12:56:30,747: topic[/ss42/joy_mapper_node/car_cmd] adding connection to [/ss42/inverse_kinematics_node], count 0
[rosout][INFO] 2021-10-22 12:56:37,671: E-stop message
[rosout][INFO] 2021-10-22 12:56:37,692: E-stop message
[rospy.core][INFO] 2021-10-22 12:57:53,511: signal_shutdown [signal-2]
[rospy.internal][INFO] 2021-10-22 12:57:53,593: topic[/ss42/wheels_driver_node/emergency_stop] removing connection to /ss42/wheels_driver_node
[rospy.internal][INFO] 2021-10-22 12:57:53,594: topic[/rosout] removing connection to /rosout
[rospy.internal][INFO] 2021-10-22 12:57:53,596: topic[/ss42/joy_mapper_node/car_cmd] removing connection to /ss42/inverse_kinematics_node
[rospy.internal][INFO] 2021-10-22 12:57:53,597: topic[/ss42/joy] removing connection to http://ss42.local:33408/
[rospy.impl.masterslave][INFO] 2021-10-22 12:57:53,598: signal-2
[rospy.core][INFO] 2021-10-22 12:57:54,164: signal_shutdown [atexit]
