[rospy.client][INFO] 2021-10-22 12:56:30,185: [32minit_node, name[/ss42/inverse_kinematics_node], pid[1614][0m
[xmlrpc][INFO] 2021-10-22 12:56:30,188: [32mXML-RPC server binding to 0.0.0.0:0[0m
[xmlrpc][INFO] 2021-10-22 12:56:30,191: [32mStarted XML-RPC server [http://ss42.local:38331/][0m
[rospy.init][INFO] 2021-10-22 12:56:30,193: [32mROS Slave URI: [http://ss42.local:38331/][0m
[rospy.impl.masterslave][INFO] 2021-10-22 12:56:30,194: [32m_ready: http://ss42.local:38331/[0m
[xmlrpc][INFO] 2021-10-22 12:56:30,200: [32mxml rpc node: starting XML-RPC server[0m
[rospy.registration][INFO] 2021-10-22 12:56:30,200: [32mRegistering with master node http://ss42.local:11311/[0m
[rospy.init][INFO] 2021-10-22 12:56:30,295: [32mregistered with master[0m
[rospy.rosout][INFO] 2021-10-22 12:56:30,296: [32minitializing /rosout core topic[0m
[rospy.rosout][INFO] 2021-10-22 12:56:30,321: [32mconnected to core topic /rosout[0m
[rospy.simtime][INFO] 2021-10-22 12:56:30,339: [32m/use_sim_time is not set, will not subscribe to simulated time [/clock] topic[0m
[rosout][WARNING] 2021-10-22 12:56:30,372: [33m[/ss42/inverse_kinematics_node] /home/robotikabot/duckiefleet/calibrations/kinematics/ss42.yaml does not exist. Using default.yaml.[0m
[rosout][INFO] 2021-10-22 12:56:30,485: [32m[/ss42/inverse_kinematics_node] ~gain = 1.0 [0m
[rosout][INFO] 2021-10-22 12:56:30,507: [32m[/ss42/inverse_kinematics_node] ~trim = 0.0 [0m
[rosout][INFO] 2021-10-22 12:56:30,529: [32m[/ss42/inverse_kinematics_node] ~baseline = 0.1 [0m
[rospy.internal][INFO] 2021-10-22 12:56:30,545: [32mtopic[/rosout] adding connection to [/rosout], count 0[0m
[rosout][INFO] 2021-10-22 12:56:30,555: [32m[/ss42/inverse_kinematics_node] ~radius = 0.0318 [0m
[rosout][INFO] 2021-10-22 12:56:30,580: [32m[/ss42/inverse_kinematics_node] ~k = 27.0 [0m
[rosout][INFO] 2021-10-22 12:56:30,602: [32m[/ss42/inverse_kinematics_node] ~limit = 1.0 [0m
[rospy.internal][INFO] 2021-10-22 12:56:30,725: [32mtopic[/ss42/joy_mapper_node/car_cmd] adding connection to [http://ss42.local:43561/], count 0[0m
[rosout][INFO] 2021-10-22 12:56:30,728: [32m[/ss42/inverse_kinematics_node] Initialized.[0m
[rosout][INFO] 2021-10-22 12:56:30,733: [32m[/ss42/inverse_kinematics_node] gain: 1.0 trim: 0.0 baseline: 0.1 radius: 0.0318 k: 27.0 limit: 1.0[0m
[rospy.internal][INFO] 2021-10-22 12:56:30,784: [32mtopic[/ss42/wheels_driver_node/wheels_cmd] adding connection to [/ss42/wheels_driver_node], count 0[0m
[rospy.core][INFO] 2021-10-22 12:57:53,501: [32msignal_shutdown [signal-2][0m
[rospy.internal][INFO] 2021-10-22 12:57:53,588: [32mtopic[/ss42/wheels_driver_node/wheels_cmd] removing connection to /ss42/wheels_driver_node[0m
[rospy.internal][INFO] 2021-10-22 12:57:53,589: [32mtopic[/rosout] removing connection to /rosout[0m
[rospy.internal][INFO] 2021-10-22 12:57:53,590: [32mtopic[/ss42/joy_mapper_node/car_cmd] removing connection to http://ss42.local:43561/[0m
[rospy.impl.masterslave][INFO] 2021-10-22 12:57:53,591: [32msignal-2[0m
[rospy.core][INFO] 2021-10-22 12:57:54,157: [32msignal_shutdown [atexit][0m
