[rospy.client][INFO] 2021-10-22 11:59:51,558: [32minit_node, name[/ss42/raw_cam_info_reader_node], pid[1628][0m
[xmlrpc][INFO] 2021-10-22 11:59:51,560: [32mXML-RPC server binding to 0.0.0.0:0[0m
[xmlrpc][INFO] 2021-10-22 11:59:51,564: [32mStarted XML-RPC server [http://ss42.local:35687/][0m
[rospy.init][INFO] 2021-10-22 11:59:51,565: [32mROS Slave URI: [http://ss42.local:35687/][0m
[rospy.impl.masterslave][INFO] 2021-10-22 11:59:51,566: [32m_ready: http://ss42.local:35687/[0m
[xmlrpc][INFO] 2021-10-22 11:59:51,569: [32mxml rpc node: starting XML-RPC server[0m
[rospy.registration][INFO] 2021-10-22 11:59:51,569: [32mRegistering with master node http://ss42.local:11311/[0m
[rospy.init][INFO] 2021-10-22 11:59:51,667: [32mregistered with master[0m
[rospy.rosout][INFO] 2021-10-22 11:59:51,667: [32minitializing /rosout core topic[0m
[rospy.rosout][INFO] 2021-10-22 11:59:51,679: [32mconnected to core topic /rosout[0m
[rospy.simtime][INFO] 2021-10-22 11:59:51,685: [32m/use_sim_time is not set, will not subscribe to simulated time [/clock] topic[0m
[rosout][INFO] 2021-10-22 11:59:51,723: [32m[/ss42/raw_cam_info_reader_node] ~config = baseline [0m
[rosout][INFO] 2021-10-22 11:59:51,738: [32m[/ss42/raw_cam_info_reader_node] ~cali_file_name = ss42 [0m
[rosout][INFO] 2021-10-22 11:59:51,752: [32m[/ss42/raw_cam_info_reader_node] ~image_type = raw [0m
[rosout][WARNING] 2021-10-22 11:59:51,760: [33m[/ss42/raw_cam_info_reader_node] Can't find calibration file: /home/robotikabot/duckiefleet/calibrations/camera_intrinsic/ss42.yaml.
Using default calibration instead.[0m
[rosout][INFO] 2021-10-22 11:59:51,762: [32m[/ss42/raw_cam_info_reader_node] Using calibration file: /home/robotikabot/duckiefleet/calibrations/camera_intrinsic/default.yaml[0m
[rosout][INFO] 2021-10-22 11:59:51,811: [32m[/ss42/raw_cam_info_reader_node] CameraInfo: header: 
  seq: 0
  stamp: 
    secs: 0
    nsecs:         0
  frame_id: "/ss42/camera_optical_frame"
height: 480
width: 640
distortion_model: "plumb_bob"
D: [-0.2565888993516047, 0.04481160508242147, -0.00505275149956019, 0.001308569367976665, 0]
K: [307.7379294605756, 0, 329.692367951685, 0, 314.9827773443905, 244.4605588877848, 0, 0, 1]
R: [1, 0, 0, 0, 1, 0, 0, 0, 1]
P: [210.1107940673828, 0, 327.2577820024981, 0, 0, 253.8408660888672, 239.9969353923052, 0, 0, 0, 1, 0]
binning_x: 0
binning_y: 0
roi: 
  x_offset: 0
  y_offset: 0
  height: 0
  width: 0
  do_rectify: False[0m
[rosout][WARNING] 2021-10-22 11:59:51,812: [33m[/ss42/raw_cam_info_reader_node] ==============Image[0m
[rospy.internal][INFO] 2021-10-22 11:59:51,858: [32mtopic[/ss42/camera_node/image/raw] adding connection to [http://ss42.local:44557/], count 0[0m
[rospy.internal][INFO] 2021-10-22 11:59:51,904: [32mtopic[/rosout] adding connection to [/rosout], count 0[0m
[rospy.core][INFO] 2021-10-22 12:01:07,186: [32msignal_shutdown [signal-2][0m
[rosout][INFO] 2021-10-22 12:01:07,187: [32m[/ss42/raw_cam_info_reader_node] Shutdown.[0m
[rospy.internal][INFO] 2021-10-22 12:01:07,204: [32mtopic[/rosout] removing connection to /rosout[0m
[rospy.internal][INFO] 2021-10-22 12:01:07,205: [32mtopic[/ss42/camera_node/image/raw] removing connection to http://ss42.local:44557/[0m
[rospy.impl.masterslave][INFO] 2021-10-22 12:01:07,207: [32msignal-2[0m
[rospy.core][INFO] 2021-10-22 12:01:07,327: [32msignal_shutdown [atexit][0m
