[rospy.client][INFO] 2021-10-22 11:59:50,020: init_node, name[/ss42/decoder_node], pid[1626]
[xmlrpc][INFO] 2021-10-22 11:59:50,022: XML-RPC server binding to 0.0.0.0:0
[xmlrpc][INFO] 2021-10-22 11:59:50,033: Started XML-RPC server [http://ss42.local:44557/]
[rospy.impl.masterslave][INFO] 2021-10-22 11:59:50,036: _ready: http://ss42.local:44557/
[rospy.init][INFO] 2021-10-22 11:59:50,033: ROS Slave URI: [http://ss42.local:44557/]
[xmlrpc][INFO] 2021-10-22 11:59:50,038: xml rpc node: starting XML-RPC server
[rospy.registration][INFO] 2021-10-22 11:59:50,041: Registering with master node http://ss42.local:11311/
[rospy.init][INFO] 2021-10-22 11:59:50,138: registered with master
[rospy.rosout][INFO] 2021-10-22 11:59:50,139: initializing /rosout core topic
[rospy.rosout][INFO] 2021-10-22 11:59:50,157: connected to core topic /rosout
[rospy.simtime][INFO] 2021-10-22 11:59:50,184: /use_sim_time is not set, will not subscribe to simulated time [/clock] topic
[rosout][INFO] 2021-10-22 11:59:50,236: [/ss42/decoder_node] ~publish_freq = 2.0 
[rospy.internal][INFO] 2021-10-22 11:59:50,395: topic[/rosout] adding connection to [/rosout], count 0
[rospy.internal][INFO] 2021-10-22 11:59:51,866: topic[/ss42/camera_node/image/raw] adding connection to [/ss42/raw_cam_info_reader_node], count 0
[rospy.internal][INFO] 2021-10-22 11:59:52,596: topic[/ss42/camera_node/image/compressed] adding connection to [http://ss42.local:33812/], count 0
[rospy.core][INFO] 2021-10-22 12:01:07,209: signal_shutdown [signal-2]
[rospy.internal][INFO] 2021-10-22 12:01:07,225: topic[/ss42/camera_node/image/raw] removing connection to /ss42/raw_cam_info_reader_node
[rospy.internal][INFO] 2021-10-22 12:01:07,254: topic[/rosout] removing connection to /rosout
[rospy.internal][INFO] 2021-10-22 12:01:07,255: topic[/ss42/camera_node/image/compressed] removing connection to http://ss42.local:33812/
[rospy.impl.masterslave][INFO] 2021-10-22 12:01:07,257: signal-2
[rospy.core][INFO] 2021-10-22 12:01:07,872: signal_shutdown [atexit]
