[rospy.client][INFO] 2021-12-06 08:40:25,060: init_node, name[/ss42/joy_mapper_node], pid[5230]
[xmlrpc][INFO] 2021-12-06 08:40:25,113: XML-RPC server binding to 0.0.0.0:0
[rospy.init][INFO] 2021-12-06 08:40:25,124: ROS Slave URI: [http://ss42.local:37360/]
[xmlrpc][INFO] 2021-12-06 08:40:25,125: Started XML-RPC server [http://ss42.local:37360/]
[rospy.impl.masterslave][INFO] 2021-12-06 08:40:25,125: _ready: http://ss42.local:37360/
[xmlrpc][INFO] 2021-12-06 08:40:25,132: xml rpc node: starting XML-RPC server
[rospy.registration][INFO] 2021-12-06 08:40:25,135: Registering with master node http://ss42.local:11311/
[rospy.init][INFO] 2021-12-06 08:40:25,225: registered with master
[rospy.rosout][INFO] 2021-12-06 08:40:25,226: initializing /rosout core topic
[rospy.rosout][INFO] 2021-12-06 08:40:25,246: connected to core topic /rosout
[rospy.simtime][INFO] 2021-12-06 08:40:25,285: /use_sim_time is not set, will not subscribe to simulated time [/clock] topic
[rosout][INFO] 2021-12-06 08:40:25,386: [/ss42/joy_mapper_node] Initializing 
[rosout][INFO] 2021-12-06 08:40:25,460: [/ss42/joy_mapper_node] ~speed_gain = 0.41 
[rosout][INFO] 2021-12-06 08:40:25,547: [/ss42/joy_mapper_node] ~steer_gain = 8.3 
[rospy.internal][INFO] 2021-12-06 08:40:25,583: topic[/rosout] adding connection to [/rosout], count 0
[rosout][INFO] 2021-12-06 08:40:25,638: [/ss42/joy_mapper_node] ~bicycle_kinematics = 0.0 
[rosout][INFO] 2021-12-06 08:40:25,796: [/ss42/joy_mapper_node] ~steer_angle_gain = 1.04 
[rosout][INFO] 2021-12-06 08:40:25,929: [/ss42/joy_mapper_node] ~simulated_vehicle_length = 0.18 
[rospy.internal][INFO] 2021-12-06 08:40:26,454: topic[/ss42/joy] adding connection to [http://ss42.local:33288/], count 0
[rospy.internal][INFO] 2021-12-06 08:40:26,482: topic[/ss42/wheels_driver_node/emergency_stop] adding connection to [/ss42/wheels_driver_node], count 0
[rospy.internal][INFO] 2021-12-06 08:40:27,382: topic[/ss42/joy_mapper_node/car_cmd] adding connection to [/ss42/car_cmd_switch_node], count 0
[rospy.internal][INFO] 2021-12-06 08:40:27,532: topic[/ss42/joy_mapper_node/parallel_autonomy] adding connection to [/ss42/logic_gate_node], count 0
[rospy.internal][INFO] 2021-12-06 08:40:27,992: topic[/ss42/joy_mapper_node/joystick_override] adding connection to [/ss42/fsm_node], count 0
[rospy.internal][INFO] 2021-12-06 08:40:28,037: topic[/ss42/joy_mapper_node/parallel_autonomy] adding connection to [/ss42/fsm_node], count 1
[rospy.internal][INFO] 2021-12-06 08:40:28,146: topic[/ss42/joy_mapper_node/start_avoidance] adding connection to [/ss42/fsm_node], count 0
[rosout][INFO] 2021-12-06 08:40:30,851: E-stop message
[rosout][INFO] 2021-12-06 08:40:30,940: E-stop message
[rosout][INFO] 2021-12-06 08:40:32,344: override_msg = True
[rosout][INFO] 2021-12-06 08:40:34,468: E-stop message
[rospy.internal][INFO] 2021-12-06 08:40:34,718: topic[/ss42/anti_instagram_node/click] adding connection to [/ss42/anti_instagram_node], count 0
[rosout][INFO] 2021-12-06 08:40:35,948: E-stop message
[rosout][INFO] 2021-12-06 08:42:58,839: override_msg = False
[rosout][INFO] 2021-12-06 08:43:03,856: override_msg = True
[rosout][INFO] 2021-12-06 08:43:08,202: anti_instagram message
[rosout][INFO] 2021-12-06 08:43:21,518: anti_instagram message
[rosout][INFO] 2021-12-06 08:43:24,020: anti_instagram message
[rosout][INFO] 2021-12-06 08:43:30,295: anti_instagram message
[rosout][INFO] 2021-12-06 08:43:34,181: anti_instagram message
[rosout][INFO] 2021-12-06 08:43:38,160: override_msg = False
[rosout][INFO] 2021-12-06 08:43:44,466: override_msg = True
[rosout][INFO] 2021-12-06 08:46:23,998: anti_instagram message
[rosout][INFO] 2021-12-06 08:46:28,082: anti_instagram message
[rosout][INFO] 2021-12-06 08:47:32,571: override_msg = False
[rosout][INFO] 2021-12-06 08:47:34,996: override_msg = True
[rosout][INFO] 2021-12-06 08:47:41,828: override_msg = False
[rosout][INFO] 2021-12-06 08:47:54,182: override_msg = True
[rosout][INFO] 2021-12-06 08:48:20,714: start lane following with avoidance mode
[rosout][INFO] 2021-12-06 08:48:20,771: start lane following with avoidance mode
[rosout][INFO] 2021-12-06 08:48:36,133: override_msg = True
[rosout][INFO] 2021-12-06 08:48:46,075: override_msg = False
[rosout][INFO] 2021-12-06 08:48:51,464: override_msg = True
[rosout][INFO] 2021-12-06 08:48:59,856: override_msg = False
[rosout][INFO] 2021-12-06 08:49:04,641: override_msg = True
[rosout][INFO] 2021-12-06 08:49:49,192: override_msg = False
[rosout][INFO] 2021-12-06 08:49:54,501: override_msg = True
[rosout][INFO] 2021-12-06 08:49:58,069: override_msg = False
[rosout][INFO] 2021-12-06 08:50:01,137: override_msg = True
[rosout][INFO] 2021-12-06 08:50:03,446: override_msg = False
[rosout][INFO] 2021-12-06 08:50:18,575: override_msg = True
[rosout][INFO] 2021-12-06 08:50:30,505: override_msg = False
[rosout][INFO] 2021-12-06 08:50:39,727: override_msg = True
[rosout][INFO] 2021-12-06 08:50:43,108: anti_instagram message
[rosout][INFO] 2021-12-06 08:50:46,312: override_msg = False
[rosout][INFO] 2021-12-06 08:50:54,741: override_msg = True
[rosout][INFO] 2021-12-06 08:51:02,786: override_msg = False
[rosout][INFO] 2021-12-06 08:51:12,352: override_msg = True
[rosout][INFO] 2021-12-06 08:54:41,790: anti_instagram message
[rosout][INFO] 2021-12-06 08:54:57,717: anti_instagram message
[rosout][INFO] 2021-12-06 08:55:14,715: anti_instagram message
[rosout][INFO] 2021-12-06 08:55:15,216: anti_instagram message
[rosout][INFO] 2021-12-06 08:55:15,718: anti_instagram message
[rosout][INFO] 2021-12-06 08:55:23,685: anti_instagram message
[rosout][INFO] 2021-12-06 08:55:30,714: anti_instagram message
[rosout][INFO] 2021-12-06 08:57:43,597: override_msg = False
[rosout][INFO] 2021-12-06 08:57:44,874: override_msg = True
[rosout][INFO] 2021-12-06 08:58:00,929: override_msg = False
[rosout][INFO] 2021-12-06 08:58:02,248: override_msg = True
[rosout][INFO] 2021-12-06 08:58:52,023: override_msg = False
[rosout][INFO] 2021-12-06 08:59:05,685: override_msg = True
[rosout][INFO] 2021-12-06 08:59:16,056: override_msg = False
[rosout][INFO] 2021-12-06 09:00:14,973: anti_instagram message
[rosout][INFO] 2021-12-06 09:02:03,304: override_msg = True
[rosout][INFO] 2021-12-06 09:02:07,620: anti_instagram message
[rosout][INFO] 2021-12-06 09:04:00,184: override_msg = False
[rosout][INFO] 2021-12-06 09:04:09,647: override_msg = True
[rosout][INFO] 2021-12-06 09:04:13,387: override_msg = False
[rosout][INFO] 2021-12-06 09:04:20,140: override_msg = True
[rosout][INFO] 2021-12-06 09:04:29,969: override_msg = False
[rosout][INFO] 2021-12-06 09:04:33,135: override_msg = True
[rosout][INFO] 2021-12-06 09:04:34,165: override_msg = False
[rosout][INFO] 2021-12-06 09:04:57,240: No binding for joy_msg.buttons = (0, 0, 0, 0, 0, 0, 0, 0, 0, 0, 1)
[rosout][INFO] 2021-12-06 09:04:57,258: No binding for joy_msg.buttons = (0, 0, 0, 0, 0, 0, 0, 0, 0, 0, 1)
[rosout][INFO] 2021-12-06 09:04:57,282: No binding for joy_msg.buttons = (0, 0, 0, 0, 0, 0, 0, 0, 0, 0, 1)
[rosout][INFO] 2021-12-06 09:04:57,305: No binding for joy_msg.buttons = (0, 0, 0, 0, 0, 0, 0, 0, 0, 0, 1)
[rosout][INFO] 2021-12-06 09:05:28,250: override_msg = True
[rosout][INFO] 2021-12-06 09:05:33,154: override_msg = False
[rosout][INFO] 2021-12-06 09:05:35,690: override_msg = True
[rosout][INFO] 2021-12-06 09:05:37,756: override_msg = False
[rosout][INFO] 2021-12-06 09:05:44,551: override_msg = True
[rosout][INFO] 2021-12-06 09:06:14,653: override_msg = False
[rosout][INFO] 2021-12-06 09:06:24,682: override_msg = True
[rosout][INFO] 2021-12-06 09:06:34,276: override_msg = False
[rosout][INFO] 2021-12-06 09:07:38,469: override_msg = True
[rosout][INFO] 2021-12-06 09:09:09,134: override_msg = False
[rosout][INFO] 2021-12-06 09:09:19,880: override_msg = True
[rosout][INFO] 2021-12-06 09:10:58,909: anti_instagram message
[rosout][INFO] 2021-12-06 09:11:15,188: override_msg = False
[rosout][INFO] 2021-12-06 09:11:28,174: override_msg = True
[rosout][INFO] 2021-12-06 09:11:31,389: anti_instagram message
[rosout][INFO] 2021-12-06 09:11:54,344: override_msg = False
[rosout][INFO] 2021-12-06 09:13:24,556: override_msg = True
[rosout][INFO] 2021-12-06 09:16:30,506: anti_instagram message
[rosout][INFO] 2021-12-06 09:16:41,316: anti_instagram message
[rosout][INFO] 2021-12-06 09:16:45,947: anti_instagram message
[rosout][INFO] 2021-12-06 09:16:48,756: override_msg = False
[rosout][INFO] 2021-12-06 09:17:13,391: override_msg = True
[rosout][INFO] 2021-12-06 09:17:35,627: override_msg = False
[rosout][INFO] 2021-12-06 09:17:39,495: override_msg = True
[rospy.internal][INFO] 2021-12-06 09:22:14,880: topic[/ss42/anti_instagram_node/click] removing connection to /ss42/anti_instagram_node
[rospy.core][INFO] 2021-12-06 09:22:18,086: signal_shutdown [signal-2]
[rospy.internal][INFO] 2021-12-06 09:22:18,593: topic[/ss42/joy_mapper_node/joystick_override] removing connection to /ss42/fsm_node
[rospy.internal][INFO] 2021-12-06 09:22:18,594: topic[/ss42/wheels_driver_node/emergency_stop] removing connection to /ss42/wheels_driver_node
[rospy.internal][INFO] 2021-12-06 09:22:18,596: topic[/rosout] removing connection to /rosout
[rospy.internal][INFO] 2021-12-06 09:22:18,608: topic[/ss42/joy_mapper_node/parallel_autonomy] removing connection to /ss42/logic_gate_node
[rospy.internal][INFO] 2021-12-06 09:22:18,621: topic[/ss42/joy_mapper_node/parallel_autonomy] removing connection to /ss42/fsm_node
[rospy.internal][INFO] 2021-12-06 09:22:18,622: topic[/ss42/joy_mapper_node/start_avoidance] removing connection to /ss42/fsm_node
[rospy.internal][INFO] 2021-12-06 09:22:18,624: topic[/ss42/joy_mapper_node/car_cmd] removing connection to /ss42/car_cmd_switch_node
[rospy.internal][INFO] 2021-12-06 09:22:18,626: topic[/ss42/joy] removing connection to http://ss42.local:33288/
[rospy.impl.masterslave][INFO] 2021-12-06 09:22:18,688: signal-2
[rospy.core][INFO] 2021-12-06 09:22:19,000: signal_shutdown [atexit]
