[rospy.client][INFO] 2021-12-06 08:40:31,514: [32minit_node, name[/ss42/lane_filter_node], pid[5266][0m
[xmlrpc][INFO] 2021-12-06 08:40:31,519: [32mXML-RPC server binding to 0.0.0.0:0[0m
[xmlrpc][INFO] 2021-12-06 08:40:31,522: [32mStarted XML-RPC server [http://ss42.local:36803/][0m
[rospy.impl.masterslave][INFO] 2021-12-06 08:40:31,523: [32m_ready: http://ss42.local:36803/[0m
[xmlrpc][INFO] 2021-12-06 08:40:31,525: [32mxml rpc node: starting XML-RPC server[0m
[rospy.init][INFO] 2021-12-06 08:40:31,526: [32mROS Slave URI: [http://ss42.local:36803/][0m
[rospy.registration][INFO] 2021-12-06 08:40:31,537: [32mRegistering with master node http://ss42.local:11311/[0m
[rospy.init][INFO] 2021-12-06 08:40:31,639: [32mregistered with master[0m
[rospy.rosout][INFO] 2021-12-06 08:40:31,640: [32minitializing /rosout core topic[0m
[rospy.rosout][INFO] 2021-12-06 08:40:31,680: [32mconnected to core topic /rosout[0m
[rospy.simtime][INFO] 2021-12-06 08:40:31,695: [32m/use_sim_time is not set, will not subscribe to simulated time [/clock] topic[0m
[rosout][INFO] 2021-12-06 08:40:31,851: [32m[Lane Filter] new filter config: ['lane_filter.LaneFilterHistogram', {'configuration': {'phi_max': 1.5, 'lanewidth': 0.23, 'mean_d_0': 0, 'min_max': 0.1, 'phi_min': -1.5, 'd_max': 0.3, 'sigma_phi_mask': 2.0, 'sigma_d_mask': 1.0, 'mean_phi_0': 0, 'sigma_phi_0': 0.1, 'linewidth_white': 0.05, 'linewidth_yellow': 0.025, 'delta_d': 0.02, 'd_min': -0.15, 'delta_phi': 0.1, 'sigma_d_0': 0.1, 'cov_v': 0.5}}][0m
[rospy.internal][INFO] 2021-12-06 08:40:32,039: [32mtopic[/rosout] adding connection to [/rosout], count 0[0m
[rospy.internal][INFO] 2021-12-06 08:40:34,465: [32mtopic[/ss42/ground_projection/lineseglist_out] adding connection to [http://ss42.local:38171/], count 0[0m
[rospy.internal][INFO] 2021-12-06 08:40:34,514: [32mtopic[/ss42/lane_filter_node/switch] adding connection to [http://ss42.local:41741/], count 0[0m
[rospy.internal][INFO] 2021-12-06 08:40:34,526: [32mtopic[/ss42/car_cmd_switch_node/cmd] adding connection to [http://ss42.local:38172/], count 0[0m
[rospy.internal][INFO] 2021-12-06 08:40:34,561: [32mtopic[/ss42/lane_filter_node/lane_pose] adding connection to [/ss42/lane_pose_visualizer_node], count 0[0m
[rospy.internal][INFO] 2021-12-06 08:40:34,566: [32mtopic[/ss42/lane_filter_node/lane_pose] adding connection to [/ss42/lane_controller_node], count 1[0m
[rosout][WARNING] 2021-12-06 09:22:14,482: [33mInbound TCP/IP connection failed: connection from sender terminated before handshake header received. 0 bytes were received. Please check sender for additional details.[0m
[rospy.core][INFO] 2021-12-06 09:22:14,527: [32msignal_shutdown [signal-2][0m
[rosout][INFO] 2021-12-06 09:22:14,528: [32m[LaneFilterNode] Shutdown.[0m
[rospy.internal][INFO] 2021-12-06 09:22:14,570: [32mtopic[/ss42/lane_filter_node/lane_pose] removing connection to /ss42/lane_pose_visualizer_node[0m
[rospy.internal][ERROR] 2021-12-06 09:22:14,594: [31mInbound TCP/IP connection failed:
Traceback (most recent call last):
  File "/opt/ros/kinetic/lib/python2.7/dist-packages/rospy/impl/tcpros_base.py", line 321, in _tcp_server_callback
    header = read_ros_handshake_header(sock, StringIO(), buff_size)
  File "/opt/ros/kinetic/lib/python2.7/dist-packages/rosgraph/network.py", line 364, in read_ros_handshake_header
    raise ROSHandshakeException("connection from sender terminated before handshake header received. %s bytes were received. Please check sender for additional details."%b.tell())
ROSHandshakeException: connection from sender terminated before handshake header received. 0 bytes were received. Please check sender for additional details.
[0m
[rospy.internal][INFO] 2021-12-06 09:22:14,595: [32mtopic[/ss42/lane_filter_node/lane_pose] removing connection to /ss42/lane_controller_node[0m
[rospy.internal][INFO] 2021-12-06 09:22:14,705: [32mtopic[/rosout] removing connection to /rosout[0m
[rospy.internal][INFO] 2021-12-06 09:22:14,716: [32mtopic[/ss42/ground_projection/lineseglist_out] removing connection to http://ss42.local:38171/[0m
[rospy.internal][INFO] 2021-12-06 09:22:14,729: [32mtopic[/ss42/lane_filter_node/switch] removing connection to http://ss42.local:41741/[0m
[rospy.internal][INFO] 2021-12-06 09:22:14,733: [32mtopic[/ss42/car_cmd_switch_node/cmd] removing connection to http://ss42.local:38172/[0m
[rospy.impl.masterslave][INFO] 2021-12-06 09:22:14,735: [32msignal-2[0m
[rosout][ERROR] 2021-12-06 09:22:14,773: [31mbad callback: <bound method LaneFilterNode.processSegments of <__main__.LaneFilterNode object at 0x6e5abfd0>>
Traceback (most recent call last):
  File "/opt/ros/kinetic/lib/python2.7/dist-packages/rospy/topics.py", line 750, in _invoke_callback
    cb(msg)
  File "/home/robotikabot/duckietown/catkin_ws/src/10-lane-control/lane_filter/src/lane_filter_node.py", line 78, in processSegments
    self.pub_lane_pose.publish(lanePose)
  File "/opt/ros/kinetic/lib/python2.7/dist-packages/rospy/topics.py", line 882, in publish
    self.impl.publish(data)
  File "/opt/ros/kinetic/lib/python2.7/dist-packages/rospy/topics.py", line 1041, in publish
    raise ROSException("publish() to a closed topic")
ROSException: publish() to a closed topic
[0m
[rospy.core][INFO] 2021-12-06 09:22:15,209: [32msignal_shutdown [atexit][0m
