[rospy.client][INFO] 2021-12-06 08:40:31,283: [32minit_node, name[/ss42/camera_node], pid[5225][0m
[xmlrpc][INFO] 2021-12-06 08:40:31,294: [32mXML-RPC server binding to 0.0.0.0:0[0m
[rospy.init][INFO] 2021-12-06 08:40:31,298: [32mROS Slave URI: [http://ss42.local:46581/][0m
[xmlrpc][INFO] 2021-12-06 08:40:31,299: [32mStarted XML-RPC server [http://ss42.local:46581/][0m
[rospy.impl.masterslave][INFO] 2021-12-06 08:40:31,299: [32m_ready: http://ss42.local:46581/[0m
[rospy.registration][INFO] 2021-12-06 08:40:31,333: [32mRegistering with master node http://ss42.local:11311/[0m
[xmlrpc][INFO] 2021-12-06 08:40:31,342: [32mxml rpc node: starting XML-RPC server[0m
[rospy.init][INFO] 2021-12-06 08:40:31,399: [32mregistered with master[0m
[rospy.rosout][INFO] 2021-12-06 08:40:31,400: [32minitializing /rosout core topic[0m
[rospy.rosout][INFO] 2021-12-06 08:40:31,495: [32mconnected to core topic /rosout[0m
[rospy.simtime][INFO] 2021-12-06 08:40:31,533: [32m/use_sim_time is not set, will not subscribe to simulated time [/clock] topic[0m
[rosout][INFO] 2021-12-06 08:40:31,596: [32m[/ss42/camera_node] Initializing......[0m
[rosout][INFO] 2021-12-06 08:40:31,653: [32m[/ss42/camera_node] ~framerate_high = 30 [0m
[rospy.internal][INFO] 2021-12-06 08:40:31,672: [32mtopic[/rosout] adding connection to [/rosout], count 0[0m
[rosout][INFO] 2021-12-06 08:40:31,715: [32m[/ss42/camera_node] ~framerate_low = 15 [0m
[rosout][INFO] 2021-12-06 08:40:31,804: [32m[/ss42/camera_node] ~res_w = 640 [0m
[rosout][INFO] 2021-12-06 08:40:31,870: [32m[/ss42/camera_node] ~res_h = 480 [0m
[rosout][INFO] 2021-12-06 08:40:32,400: [32m[/ss42/camera_node] Initialized.[0m
[rosout][INFO] 2021-12-06 08:40:32,422: [32m[/ss42/camera_node] Start capturing.[0m
[rospy.internal][INFO] 2021-12-06 08:40:32,452: [32mtopic[/ss42/camera_node/image/compressed] adding connection to [/ss42/cam_info_reader_node], count 0[0m
[rospy.internal][INFO] 2021-12-06 08:40:32,463: [32mtopic[/ss42/camera_node/framerate_high_switch] adding connection to [http://ss42.local:41741/], count 0[0m
[rosout][INFO] 2021-12-06 08:40:32,540: [32m[/ss42/camera_node] Published the first image.[0m
[rospy.internal][INFO] 2021-12-06 08:40:34,717: [32mtopic[/ss42/camera_node/image/compressed] adding connection to [/ss42/anti_instagram_node], count 1[0m
[rospy.internal][INFO] 2021-12-06 08:40:35,124: [32mtopic[/ss42/camera_node/image/compressed] adding connection to [/ss42/line_detector_node], count 2[0m
[rospy.internal][INFO] 2021-12-06 08:53:00,611: [32mtopic[/ss42/camera_node/image/compressed] adding connection to [/rviz_1638777143280516527], count 3[0m
[rospy.internal][INFO] 2021-12-06 08:53:02,494: [32mtopic[/ss42/camera_node/image/compressed] removing connection to /rviz_1638777143280516527[0m
[rospy.internal][INFO] 2021-12-06 08:53:02,845: [32mtopic[/ss42/camera_node/image/compressed] adding connection to [/rviz_1638777143280516527], count 3[0m
[rospy.internal][INFO] 2021-12-06 08:53:03,272: [32mtopic[/ss42/camera_node/image/compressed] removing connection to /rviz_1638777143280516527[0m
[rospy.internal][INFO] 2021-12-06 08:53:03,562: [32mtopic[/ss42/camera_node/image/compressed] adding connection to [/rviz_1638777143280516527], count 3[0m
[rospy.internal][INFO] 2021-12-06 08:53:06,724: [32mtopic[/ss42/camera_node/image/compressed] removing connection to /rviz_1638777143280516527[0m
[rosout][WARNING] 2021-12-06 09:22:14,531: [33mInbound TCP/IP connection failed: connection from sender terminated before handshake header received. 0 bytes were received. Please check sender for additional details.[0m
[rospy.internal][INFO] 2021-12-06 09:22:14,566: [32mtopic[/ss42/camera_node/image/compressed] removing connection to /ss42/anti_instagram_node[0m
[rospy.internal][ERROR] 2021-12-06 09:22:14,592: [31mInbound TCP/IP connection failed:
Traceback (most recent call last):
  File "/opt/ros/kinetic/lib/python2.7/dist-packages/rospy/impl/tcpros_base.py", line 321, in _tcp_server_callback
    header = read_ros_handshake_header(sock, StringIO(), buff_size)
  File "/opt/ros/kinetic/lib/python2.7/dist-packages/rosgraph/network.py", line 364, in read_ros_handshake_header
    raise ROSHandshakeException("connection from sender terminated before handshake header received. %s bytes were received. Please check sender for additional details."%b.tell())
ROSHandshakeException: connection from sender terminated before handshake header received. 0 bytes were received. Please check sender for additional details.
[0m
[rospy.internal][INFO] 2021-12-06 09:22:14,742: [32mtopic[/ss42/camera_node/image/compressed] removing connection to /ss42/line_detector_node[0m
[rospy.internal][WARNING] 2021-12-06 09:22:18,437: [33mUnknown error initiating TCP/IP socket to ss42.local:40743 (http://ss42.local:41741/): Traceback (most recent call last):
  File "/opt/ros/kinetic/lib/python2.7/dist-packages/rospy/impl/tcpros_base.py", line 557, in connect
    self.read_header()
  File "/opt/ros/kinetic/lib/python2.7/dist-packages/rospy/impl/tcpros_base.py", line 650, in read_header
    self._validate_header(read_ros_handshake_header(sock, self.read_buff, self.protocol.buff_size))
  File "/opt/ros/kinetic/lib/python2.7/dist-packages/rosgraph/network.py", line 362, in read_ros_handshake_header
    d = sock.recv(buff_size)
error: [Errno 104] Connection reset by peer
[0m
[rospy.internal][INFO] 2021-12-06 09:22:18,438: [32mtopic[/ss42/camera_node/framerate_high_switch] removing connection to http://ss42.local:41741/[0m
[rospy.internal][INFO] 2021-12-06 09:22:19,421: [32mtopic[/ss42/camera_node/image/compressed] removing connection to /ss42/cam_info_reader_node[0m
[rospy.core][INFO] 2021-12-06 09:22:19,635: [32msignal_shutdown [signal-2][0m
[rosout][INFO] 2021-12-06 09:22:19,641: [32m[/ss42/camera_node] Closing camera.[0m
[rosout][INFO] 2021-12-06 09:22:19,642: [32m[/ss42/camera_node] Shutdown.[0m
[rospy.internal][INFO] 2021-12-06 09:22:19,684: [32mtopic[/rosout] removing connection to /rosout[0m
[rospy.impl.masterslave][INFO] 2021-12-06 09:22:19,689: [32msignal-2[0m
[rosout][INFO] 2021-12-06 09:22:19,856: [32m[/ss42/camera_node] Capture Ended.[0m
[rospy.core][INFO] 2021-12-06 09:22:20,325: [32msignal_shutdown [atexit][0m
