[rospy.client][INFO] 2021-12-06 08:40:26,464: init_node, name[/ss42/fake_coordinator_node], pid[5282]
[xmlrpc][INFO] 2021-12-06 08:40:26,483: XML-RPC server binding to 0.0.0.0:0
[rospy.init][INFO] 2021-12-06 08:40:26,491: ROS Slave URI: [http://ss42.local:42874/]
[xmlrpc][INFO] 2021-12-06 08:40:26,492: Started XML-RPC server [http://ss42.local:42874/]
[rospy.impl.masterslave][INFO] 2021-12-06 08:40:26,493: _ready: http://ss42.local:42874/
[xmlrpc][INFO] 2021-12-06 08:40:26,498: xml rpc node: starting XML-RPC server
[rospy.registration][INFO] 2021-12-06 08:40:26,501: Registering with master node http://ss42.local:11311/
[rospy.init][INFO] 2021-12-06 08:40:26,592: registered with master
[rospy.rosout][INFO] 2021-12-06 08:40:26,593: initializing /rosout core topic
[rospy.rosout][INFO] 2021-12-06 08:40:26,685: connected to core topic /rosout
[rospy.simtime][INFO] 2021-12-06 08:40:26,776: /use_sim_time is not set, will not subscribe to simulated time [/clock] topic
[rospy.internal][INFO] 2021-12-06 08:40:27,024: topic[/rosout] adding connection to [/rosout], count 0
[rospy.internal][INFO] 2021-12-06 08:40:27,320: topic[/ss42/fsm_node/mode] adding connection to [http://ss42.local:41741/], count 0
[rospy.internal][INFO] 2021-12-06 08:40:27,487: topic[/ss42/simple_coordinator_node/car_cmd] adding connection to [/ss42/car_cmd_switch_node], count 0
[rospy.internal][INFO] 2021-12-06 08:40:28,168: topic[/ss42/simple_coordinator_node/intersection_go] adding connection to [/ss42/fsm_node], count 0
[rospy.core][INFO] 2021-12-06 09:22:14,458: signal_shutdown [signal-2]
[rosout][INFO] 2021-12-06 09:22:14,611: [LaneFilterNode] Shutdown.
[rospy.internal][INFO] 2021-12-06 09:22:15,215: topic[/ss42/simple_coordinator_node/intersection_go] removing connection to /ss42/fsm_node
[rospy.internal][INFO] 2021-12-06 09:22:15,222: topic[/rosout] removing connection to /rosout
[rospy.internal][INFO] 2021-12-06 09:22:15,228: topic[/ss42/simple_coordinator_node/car_cmd] removing connection to /ss42/car_cmd_switch_node
[rospy.internal][INFO] 2021-12-06 09:22:15,230: topic[/ss42/fsm_node/mode] removing connection to http://ss42.local:41741/
[rospy.impl.masterslave][INFO] 2021-12-06 09:22:15,247: signal-2
[rospy.core][INFO] 2021-12-06 09:22:15,953: signal_shutdown [atexit]
