[rospy.client][INFO] 2021-12-06 08:40:31,284: [32minit_node, name[/ss42/inverse_kinematics_node], pid[5227][0m
[xmlrpc][INFO] 2021-12-06 08:40:31,292: [32mXML-RPC server binding to 0.0.0.0:0[0m
[rospy.init][INFO] 2021-12-06 08:40:31,303: [32mROS Slave URI: [http://ss42.local:35479/][0m
[xmlrpc][INFO] 2021-12-06 08:40:31,304: [32mStarted XML-RPC server [http://ss42.local:35479/][0m
[rospy.impl.masterslave][INFO] 2021-12-06 08:40:31,305: [32m_ready: http://ss42.local:35479/[0m
[xmlrpc][INFO] 2021-12-06 08:40:31,312: [32mxml rpc node: starting XML-RPC server[0m
[rospy.registration][INFO] 2021-12-06 08:40:31,316: [32mRegistering with master node http://ss42.local:11311/[0m
[rospy.init][INFO] 2021-12-06 08:40:31,404: [32mregistered with master[0m
[rospy.rosout][INFO] 2021-12-06 08:40:31,405: [32minitializing /rosout core topic[0m
[rospy.rosout][INFO] 2021-12-06 08:40:31,479: [32mconnected to core topic /rosout[0m
[rospy.simtime][INFO] 2021-12-06 08:40:31,523: [32m/use_sim_time is not set, will not subscribe to simulated time [/clock] topic[0m
[rosout][WARNING] 2021-12-06 08:40:31,605: [33m[/ss42/inverse_kinematics_node] /home/robotikabot/duckiefleet/calibrations/kinematics/ss42.yaml does not exist. Using default.yaml.[0m
[rospy.internal][INFO] 2021-12-06 08:40:31,671: [32mtopic[/rosout] adding connection to [/rosout], count 0[0m
[rosout][INFO] 2021-12-06 08:40:31,906: [32m[/ss42/inverse_kinematics_node] ~gain = 1.0 [0m
[rosout][INFO] 2021-12-06 08:40:31,963: [32m[/ss42/inverse_kinematics_node] ~trim = 0.0 [0m
[rosout][INFO] 2021-12-06 08:40:32,004: [32m[/ss42/inverse_kinematics_node] ~baseline = 0.1 [0m
[rosout][INFO] 2021-12-06 08:40:32,041: [32m[/ss42/inverse_kinematics_node] ~radius = 0.0318 [0m
[rosout][INFO] 2021-12-06 08:40:32,092: [32m[/ss42/inverse_kinematics_node] ~k = 27.0 [0m
[rosout][INFO] 2021-12-06 08:40:32,130: [32m[/ss42/inverse_kinematics_node] ~limit = 1.0 [0m
[rosout][INFO] 2021-12-06 08:40:32,272: [32m[/ss42/inverse_kinematics_node] Initialized.[0m
[rosout][INFO] 2021-12-06 08:40:32,275: [32m[/ss42/inverse_kinematics_node] gain: 1.0 trim: 0.0 baseline: 0.1 radius: 0.0318 k: 27.0 limit: 1.0[0m
[rospy.internal][INFO] 2021-12-06 08:40:32,308: [32mtopic[/ss42/car_cmd_switch_node/cmd] adding connection to [http://ss42.local:38172/], count 0[0m
[rospy.internal][INFO] 2021-12-06 08:40:32,447: [32mtopic[/ss42/wheels_driver_node/wheels_cmd] adding connection to [/ss42/wheels_driver_node], count 0[0m
[rospy.internal][WARNING] 2021-12-06 09:22:18,399: [33mUnknown error initiating TCP/IP socket to ss42.local:42990 (http://ss42.local:38172/): Traceback (most recent call last):
  File "/opt/ros/kinetic/lib/python2.7/dist-packages/rospy/impl/tcpros_base.py", line 557, in connect
    self.read_header()
  File "/opt/ros/kinetic/lib/python2.7/dist-packages/rospy/impl/tcpros_base.py", line 650, in read_header
    self._validate_header(read_ros_handshake_header(sock, self.read_buff, self.protocol.buff_size))
  File "/opt/ros/kinetic/lib/python2.7/dist-packages/rosgraph/network.py", line 362, in read_ros_handshake_header
    d = sock.recv(buff_size)
error: [Errno 104] Connection reset by peer
[0m
[rospy.internal][INFO] 2021-12-06 09:22:18,470: [32mtopic[/ss42/car_cmd_switch_node/cmd] removing connection to http://ss42.local:38172/[0m
[rospy.core][INFO] 2021-12-06 09:22:19,170: [32msignal_shutdown [signal-2][0m
[rospy.internal][INFO] 2021-12-06 09:22:19,252: [32mtopic[/ss42/wheels_driver_node/wheels_cmd] removing connection to /ss42/wheels_driver_node[0m
[rospy.internal][INFO] 2021-12-06 09:22:19,254: [32mtopic[/rosout] removing connection to /rosout[0m
[rospy.impl.masterslave][INFO] 2021-12-06 09:22:19,260: [32msignal-2[0m
[rospy.core][INFO] 2021-12-06 09:22:19,850: [32msignal_shutdown [atexit][0m
