[rospy.client][INFO] 2021-10-22 12:19:21,262: [32minit_node, name[/ss42/cam_info_reader_node], pid[14044][0m
[xmlrpc][INFO] 2021-10-22 12:19:21,296: [32mXML-RPC server binding to 0.0.0.0:0[0m
[xmlrpc][INFO] 2021-10-22 12:19:21,299: [32mStarted XML-RPC server [http://ss42.local:46136/][0m
[rospy.init][INFO] 2021-10-22 12:19:21,300: [32mROS Slave URI: [http://ss42.local:46136/][0m
[rospy.impl.masterslave][INFO] 2021-10-22 12:19:21,306: [32m_ready: http://ss42.local:46136/[0m
[rospy.registration][INFO] 2021-10-22 12:19:21,317: [32mRegistering with master node http://ss42.local:11311/[0m
[xmlrpc][INFO] 2021-10-22 12:19:21,318: [32mxml rpc node: starting XML-RPC server[0m
[rospy.init][INFO] 2021-10-22 12:19:21,407: [32mregistered with master[0m
[rospy.rosout][INFO] 2021-10-22 12:19:21,408: [32minitializing /rosout core topic[0m
[rospy.rosout][INFO] 2021-10-22 12:19:21,423: [32mconnected to core topic /rosout[0m
[rospy.simtime][INFO] 2021-10-22 12:19:21,431: [32m/use_sim_time is not set, will not subscribe to simulated time [/clock] topic[0m
[rosout][INFO] 2021-10-22 12:19:21,476: [32m[/ss42/cam_info_reader_node] ~config = baseline [0m
[rosout][INFO] 2021-10-22 12:19:21,490: [32m[/ss42/cam_info_reader_node] ~cali_file_name = ss42 [0m
[rosout][INFO] 2021-10-22 12:19:21,502: [32m[/ss42/cam_info_reader_node] ~image_type = compressed [0m
[rosout][INFO] 2021-10-22 12:19:21,511: [32m[/ss42/cam_info_reader_node] Using calibration file: /home/robotikabot/duckiefleet/calibrations/camera_intrinsic/ss42.yaml[0m
[rosout][INFO] 2021-10-22 12:19:21,563: [32m[/ss42/cam_info_reader_node] CameraInfo: header: 
  seq: 0
  stamp: 
    secs: 0
    nsecs:         0
  frame_id: "/ss42/camera_optical_frame"
height: 480
width: 640
distortion_model: "plumb_bob"
D: [-0.27461809148614347, 0.05310162092969184, -0.0028468333210795024, 0.0008335823753335609, 0.0]
K: [338.81946180832574, 0.0, 326.66950360401523, 0.0, 339.5982146662145, 228.002648610418, 0.0, 0.0, 1.0]
R: [1.0, 0.0, 0.0, 0.0, 1.0, 0.0, 0.0, 0.0, 1.0]
P: [229.75657653808594, 0.0, 326.88036190003913, 0.0, 0.0, 279.500244140625, 218.55408220592653, 0.0, 0.0, 0.0, 1.0, 0.0]
binning_x: 0
binning_y: 0
roi: 
  x_offset: 0
  y_offset: 0
  height: 0
  width: 0
  do_rectify: False[0m
[rosout][WARNING] 2021-10-22 12:19:21,565: [33m[/ss42/cam_info_reader_node] ==============CompressedImage[0m
[rosout][WARNING] 2021-10-22 12:19:21,782: [33mInbound TCP/IP connection failed: connection from sender terminated before handshake header received. 0 bytes were received. Please check sender for additional details.[0m
[rospy.internal][ERROR] 2021-10-22 12:19:21,784: [31mInbound TCP/IP connection failed:
Traceback (most recent call last):
  File "/opt/ros/kinetic/lib/python2.7/dist-packages/rospy/impl/tcpros_base.py", line 321, in _tcp_server_callback
    header = read_ros_handshake_header(sock, StringIO(), buff_size)
  File "/opt/ros/kinetic/lib/python2.7/dist-packages/rosgraph/network.py", line 364, in read_ros_handshake_header
    raise ROSHandshakeException("connection from sender terminated before handshake header received. %s bytes were received. Please check sender for additional details."%b.tell())
ROSHandshakeException: connection from sender terminated before handshake header received. 0 bytes were received. Please check sender for additional details.
[0m
[rospy.core][INFO] 2021-10-22 12:19:30,417: [32msignal_shutdown [signal-2][0m
[rosout][INFO] 2021-10-22 12:19:30,419: [32m[/ss42/cam_info_reader_node] Shutdown.[0m
[rospy.registration][WARNING] 2021-10-22 12:19:30,425: [33mcannot unregister with master due to network issues[0m
[rospy.impl.masterslave][INFO] 2021-10-22 12:19:30,427: [32msignal-2[0m
[rospy.core][INFO] 2021-10-22 12:19:30,594: [32msignal_shutdown [atexit][0m
