[rospy.client][INFO] 2021-10-22 12:01:44,382: [32minit_node, name[/ss42/camera_node], pid[2257][0m
[xmlrpc][INFO] 2021-10-22 12:01:44,385: [32mXML-RPC server binding to 0.0.0.0:0[0m
[xmlrpc][INFO] 2021-10-22 12:01:44,386: [32mStarted XML-RPC server [http://ss42.local:44402/][0m
[rospy.init][INFO] 2021-10-22 12:01:44,387: [32mROS Slave URI: [http://ss42.local:44402/][0m
[rospy.impl.masterslave][INFO] 2021-10-22 12:01:44,389: [32m_ready: http://ss42.local:44402/[0m
[xmlrpc][INFO] 2021-10-22 12:01:44,391: [32mxml rpc node: starting XML-RPC server[0m
[rospy.registration][INFO] 2021-10-22 12:01:44,393: [32mRegistering with master node http://ss42.local:11311/[0m
[rospy.init][INFO] 2021-10-22 12:01:44,490: [32mregistered with master[0m
[rospy.rosout][INFO] 2021-10-22 12:01:44,491: [32minitializing /rosout core topic[0m
[rospy.rosout][INFO] 2021-10-22 12:01:44,505: [32mconnected to core topic /rosout[0m
[rospy.simtime][INFO] 2021-10-22 12:01:44,510: [32m/use_sim_time is not set, will not subscribe to simulated time [/clock] topic[0m
[rosout][INFO] 2021-10-22 12:01:44,523: [32m[/ss42/camera_node] Initializing......[0m
[rosout][INFO] 2021-10-22 12:01:44,535: [32m[/ss42/camera_node] ~framerate_high = 30 [0m
[rosout][INFO] 2021-10-22 12:01:44,550: [32m[/ss42/camera_node] ~framerate_low = 15 [0m
[rosout][INFO] 2021-10-22 12:01:44,561: [32m[/ss42/camera_node] ~res_w = 640 [0m
[rosout][INFO] 2021-10-22 12:01:44,572: [32m[/ss42/camera_node] ~res_h = 480 [0m
[rospy.internal][INFO] 2021-10-22 12:01:44,750: [32mtopic[/rosout] adding connection to [/rosout], count 0[0m
[rosout][INFO] 2021-10-22 12:01:44,966: [32m[/ss42/camera_node] Initialized.[0m
[rosout][INFO] 2021-10-22 12:01:44,971: [32m[/ss42/camera_node] Start capturing.[0m
[rospy.internal][INFO] 2021-10-22 12:01:44,980: [32mtopic[/ss42/camera_node/image/compressed] adding connection to [/ss42/cam_info_reader_node], count 0[0m
[rospy.internal][INFO] 2021-10-22 12:01:44,988: [32mtopic[/ss42/camera_node/image/compressed] adding connection to [/ss42/decoder_node], count 1[0m
[rosout][INFO] 2021-10-22 12:01:45,056: [32m[/ss42/camera_node] Published the first image.[0m
[rosout][INFO] 2021-10-22 12:16:42,310: [32m[cbSrvSetCameraInfo] Callback![0m
[rosout][INFO] 2021-10-22 12:16:42,314: [32m[saveCameraInfo] filename: /home/robotikabot/duckiefleet/calibrations/camera_intrinsic/ss42.yaml[0m
[rosout][INFO] 2021-10-22 12:16:42,319: [32m[saveCameraInfo] calib {'projection_matrix': {'rows': 3, 'data': (229.75657653808594, 0.0, 326.88036190003913, 0.0, 0.0, 279.500244140625, 218.55408220592653, 0.0, 0.0, 0.0, 1.0, 0.0), 'cols': 4}, 'rectification_matrix': {'rows': 3, 'data': (1.0, 0.0, 0.0, 0.0, 1.0, 0.0, 0.0, 0.0, 1.0), 'cols': 3}, 'image_height': 480, 'distortion_coefficients': {'rows': 1, 'data': (-0.27461809148614347, 0.05310162092969184, -0.0028468333210795024, 0.0008335823753335609, 0.0), 'cols': 5}, 'camera_name': 'ss42/camera_node', 'image_width': 640, 'camera_matrix': {'rows': 3, 'data': (338.81946180832574, 0.0, 326.66950360401523, 0.0, 339.5982146662145, 228.002648610418, 0.0, 0.0, 1.0), 'cols': 3}, 'distortion_model': 'plumb_bob'}[0m
[rospy.internal][INFO] 2021-10-22 12:19:19,772: [32mtopic[/ss42/camera_node/image/compressed] removing connection to /ss42/decoder_node[0m
[rospy.internal][INFO] 2021-10-22 12:19:19,844: [32mtopic[/ss42/camera_node/image/compressed] adding connection to [/ss42/decoder_node], count 1[0m
[rospy.core][INFO] 2021-10-22 12:19:20,614: [32msignal_shutdown [signal-2][0m
[rosout][INFO] 2021-10-22 12:19:20,615: [32m[/ss42/camera_node] Closing camera.[0m
[rosout][INFO] 2021-10-22 12:19:20,617: [32m[/ss42/camera_node] Shutdown.[0m
[rospy.internal][INFO] 2021-10-22 12:19:20,635: [32mtopic[/ss42/camera_node/image/compressed] removing connection to /ss42/cam_info_reader_node[0m
[rospy.internal][INFO] 2021-10-22 12:19:20,671: [32mtopic[/ss42/camera_node/image/compressed] removing connection to /ss42/decoder_node[0m
[rospy.internal][INFO] 2021-10-22 12:19:20,675: [32mtopic[/rosout] removing connection to /rosout[0m
[rospy.impl.masterslave][INFO] 2021-10-22 12:19:20,676: [32msignal-2[0m
[rosout][INFO] 2021-10-22 12:19:20,828: [32m[/ss42/camera_node] Capture Ended.[0m
[rospy.core][INFO] 2021-10-22 12:19:21,242: [32msignal_shutdown [atexit][0m
