('Waiting for service', '/ss42/camera_node/set_camera_info', '...')
OK
*** Added sample 1, p_x = 0.567, p_y = 0.053, p_size = 0.245, skew = 0.037
*** Added sample 2, p_x = 0.615, p_y = 0.189, p_size = 0.257, skew = 0.049
*** Added sample 3, p_x = 0.375, p_y = 0.263, p_size = 0.219, skew = 0.099
*** Added sample 4, p_x = 0.290, p_y = 0.351, p_size = 0.197, skew = 0.157
*** Added sample 5, p_x = 0.480, p_y = 0.406, p_size = 0.339, skew = 0.197
*** Added sample 6, p_x = 0.538, p_y = 0.316, p_size = 0.364, skew = 0.145
*** Added sample 7, p_x = 0.564, p_y = 0.655, p_size = 0.219, skew = 0.582
*** Added sample 8, p_x = 0.789, p_y = 0.180, p_size = 0.339, skew = 0.207
*** Added sample 9, p_x = 0.765, p_y = 0.373, p_size = 0.305, skew = 0.177
*** Added sample 10, p_x = 0.690, p_y = 0.492, p_size = 0.294, skew = 0.174
*** Added sample 11, p_x = 0.622, p_y = 0.549, p_size = 0.311, skew = 0.298
*** Added sample 12, p_x = 0.720, p_y = 0.344, p_size = 0.284, skew = 1.000
*** Added sample 13, p_x = 0.597, p_y = 0.698, p_size = 0.569, skew = 1.000
*** Added sample 14, p_x = 0.407, p_y = 0.349, p_size = 0.424, skew = 0.360
*** Added sample 15, p_x = 0.380, p_y = 0.073, p_size = 0.296, skew = 0.052
*** Added sample 16, p_x = 0.474, p_y = 0.172, p_size = 0.192, skew = 0.089
*** Added sample 17, p_x = 0.500, p_y = 0.744, p_size = 0.164, skew = 0.057
*** Added sample 18, p_x = 0.511, p_y = 0.930, p_size = 0.169, skew = 0.017
*** Added sample 19, p_x = 0.455, p_y = 0.406, p_size = 0.156, skew = 0.036
*** Added sample 20, p_x = 0.519, p_y = 0.321, p_size = 0.207, skew = 0.002
*** Added sample 21, p_x = 0.579, p_y = 0.354, p_size = 0.297, skew = 0.056
*** Added sample 22, p_x = 0.700, p_y = 0.575, p_size = 0.373, skew = 0.232
*** Added sample 23, p_x = 0.572, p_y = 0.489, p_size = 0.279, skew = 0.104
*** Added sample 24, p_x = 0.536, p_y = 0.369, p_size = 0.104, skew = 0.094
*** Added sample 25, p_x = 0.490, p_y = 0.401, p_size = 0.123, skew = 0.233
*** Added sample 26, p_x = 0.226, p_y = 0.403, p_size = 0.140, skew = 0.125
*** Added sample 27, p_x = 0.086, p_y = 0.398, p_size = 0.132, skew = 0.211
*** Added sample 28, p_x = 0.104, p_y = 0.368, p_size = 0.124, skew = 0.361
*** Added sample 29, p_x = 0.198, p_y = 0.291, p_size = 0.152, skew = 0.332
*** Added sample 30, p_x = 0.642, p_y = 0.139, p_size = 0.168, skew = 0.161
*** Added sample 31, p_x = 0.736, p_y = 0.181, p_size = 0.162, skew = 0.368
*** Added sample 32, p_x = 0.772, p_y = 0.242, p_size = 0.153, skew = 0.254
*** Added sample 33, p_x = 0.861, p_y = 0.306, p_size = 0.138, skew = 0.326
*** Added sample 34, p_x = 0.479, p_y = 0.372, p_size = 0.396, skew = 0.069
*** Added sample 35, p_x = 0.403, p_y = 0.383, p_size = 0.579, skew = 0.085
*** Added sample 36, p_x = 0.373, p_y = 0.484, p_size = 0.648, skew = 0.084
*** Added sample 37, p_x = 0.280, p_y = 0.513, p_size = 0.741, skew = 0.030
*** Added sample 38, p_x = 0.337, p_y = 0.448, p_size = 0.364, skew = 0.136
*** Added sample 39, p_x = 0.416, p_y = 0.000, p_size = 0.584, skew = 0.110
*** Added sample 40, p_x = 0.430, p_y = 0.024, p_size = 0.445, skew = 0.078
*** Added sample 41, p_x = 0.414, p_y = 0.265, p_size = 0.599, skew = 0.002
*** Added sample 42, p_x = 0.405, p_y = 0.621, p_size = 0.681, skew = 0.057
('D = ', [-0.27461809148614347, 0.05310162092969184, -0.0028468333210795024, 0.0008335823753335609, 0.0])
('K = ', [338.81946180832574, 0.0, 326.66950360401523, 0.0, 339.5982146662145, 228.002648610418, 0.0, 0.0, 1.0])
('R = ', [1.0, 0.0, 0.0, 0.0, 1.0, 0.0, 0.0, 0.0, 1.0])
('P = ', [229.75657653808594, 0.0, 326.88036190003913, 0.0, 0.0, 279.500244140625, 218.55408220592653, 0.0, 0.0, 0.0, 1.0, 0.0])
None
# oST version 5.0 parameters


[image]

width
640

height
480

[narrow_stereo]

camera matrix
338.819462 0.000000 326.669504
0.000000 339.598215 228.002649
0.000000 0.000000 1.000000

distortion
-0.274618 0.053102 -0.002847 0.000834 0.000000

rectification
1.000000 0.000000 0.000000
0.000000 1.000000 0.000000
0.000000 0.000000 1.000000

projection
229.756577 0.000000 326.880362 0.000000
0.000000 279.500244 218.554082 0.000000
0.000000 0.000000 1.000000 0.000000


('D = ', [-0.27461809148614347, 0.05310162092969184, -0.0028468333210795024, 0.0008335823753335609, 0.0])
('K = ', [338.81946180832574, 0.0, 326.66950360401523, 0.0, 339.5982146662145, 228.002648610418, 0.0, 0.0, 1.0])
('R = ', [1.0, 0.0, 0.0, 0.0, 1.0, 0.0, 0.0, 0.0, 1.0])
('P = ', [229.75657653808594, 0.0, 326.88036190003913, 0.0, 0.0, 279.500244140625, 218.55408220592653, 0.0, 0.0, 0.0, 1.0, 0.0])
None
# oST version 5.0 parameters


[image]

width
640

height
480

[narrow_stereo]

camera matrix
338.819462 0.000000 326.669504
0.000000 339.598215 228.002649
0.000000 0.000000 1.000000

distortion
-0.274618 0.053102 -0.002847 0.000834 0.000000

rectification
1.000000 0.000000 0.000000
0.000000 1.000000 0.000000
0.000000 0.000000 1.000000

projection
229.756577 0.000000 326.880362 0.000000
0.000000 279.500244 218.554082 0.000000
0.000000 0.000000 1.000000 0.000000


('D = ', [-0.27461809148614347, 0.05310162092969184, -0.0028468333210795024, 0.0008335823753335609, 0.0])
('K = ', [338.81946180832574, 0.0, 326.66950360401523, 0.0, 339.5982146662145, 228.002648610418, 0.0, 0.0, 1.0])
('R = ', [1.0, 0.0, 0.0, 0.0, 1.0, 0.0, 0.0, 0.0, 1.0])
('P = ', [229.75657653808594, 0.0, 326.88036190003913, 0.0, 0.0, 279.500244140625, 218.55408220592653, 0.0, 0.0, 0.0, 1.0, 0.0])
# oST version 5.0 parameters


[image]

width
640

height
480

[narrow_stereo]

camera matrix
338.819462 0.000000 326.669504
0.000000 339.598215 228.002649
0.000000 0.000000 1.000000

distortion
-0.274618 0.053102 -0.002847 0.000834 0.000000

rectification
1.000000 0.000000 0.000000
0.000000 1.000000 0.000000
0.000000 0.000000 1.000000

projection
229.756577 0.000000 326.880362 0.000000
0.000000 279.500244 218.554082 0.000000
0.000000 0.000000 1.000000 0.000000


