[rospy.client][INFO] 2021-10-22 12:19:21,486: [32minit_node, name[/ss42/camera_node], pid[14042][0m
[xmlrpc][INFO] 2021-10-22 12:19:21,488: [32mXML-RPC server binding to 0.0.0.0:0[0m
[rospy.init][INFO] 2021-10-22 12:19:21,490: [32mROS Slave URI: [http://ss42.local:34685/][0m
[xmlrpc][INFO] 2021-10-22 12:19:21,490: [32mStarted XML-RPC server [http://ss42.local:34685/][0m
[rospy.impl.masterslave][INFO] 2021-10-22 12:19:21,492: [32m_ready: http://ss42.local:34685/[0m
[rospy.registration][INFO] 2021-10-22 12:19:21,498: [32mRegistering with master node http://ss42.local:11311/[0m
[xmlrpc][INFO] 2021-10-22 12:19:21,498: [32mxml rpc node: starting XML-RPC server[0m
[rospy.init][INFO] 2021-10-22 12:19:21,591: [32mregistered with master[0m
[rospy.rosout][INFO] 2021-10-22 12:19:21,592: [32minitializing /rosout core topic[0m
[rospy.rosout][INFO] 2021-10-22 12:19:21,608: [32mconnected to core topic /rosout[0m
[rospy.simtime][INFO] 2021-10-22 12:19:21,613: [32m/use_sim_time is not set, will not subscribe to simulated time [/clock] topic[0m
[rosout][INFO] 2021-10-22 12:19:21,627: [32m[/ss42/camera_node] Initializing......[0m
[rosout][INFO] 2021-10-22 12:19:21,640: [32m[/ss42/camera_node] ~framerate_high = 30 [0m
[rosout][INFO] 2021-10-22 12:19:21,653: [32m[/ss42/camera_node] ~framerate_low = 15 [0m
[rosout][INFO] 2021-10-22 12:19:21,680: [32m[/ss42/camera_node] ~res_w = 640 [0m
[rosout][INFO] 2021-10-22 12:19:21,693: [32m[/ss42/camera_node] ~res_h = 480 [0m
[rospy.registration][ERROR] 2021-10-22 12:19:22,098: [31m[Errno 111] Connection refused
Unable to register with master node [http://ss42.local:11311/]: master may not be running yet. Will keep trying.[0m
[rospy.core][INFO] 2021-10-22 12:19:30,433: [32msignal_shutdown [signal-2][0m
[rospy.registration][WARNING] 2021-10-22 12:19:30,438: [33mcannot unregister with master due to network issues[0m
[rospy.impl.masterslave][INFO] 2021-10-22 12:19:30,439: [32msignal-2[0m
[rosout][INFO] 2021-10-22 12:19:35,545: [32m[/ss42/camera_node] Initialized.[0m
[rospy.core][WARNING] 2021-10-22 12:19:35,547: [33madd_shutdown_hook called after shutdown[0m
[rosout][INFO] 2021-10-22 12:19:35,548: [32m[/ss42/camera_node] Closing camera.[0m
[rosout][INFO] 2021-10-22 12:19:35,549: [32m[/ss42/camera_node] Shutdown.[0m
[rospy.core][INFO] 2021-10-22 12:19:35,551: [32msignal_shutdown [atexit][0m
[rosout][INFO] 2021-10-22 12:19:35,551: [32m[/ss42/camera_node] Start capturing.[0m
