[rospy.client][INFO] 2021-12-02 14:43:47,732: [32minit_node, name[/ss42/camera_node], pid[8723][0m
[xmlrpc][INFO] 2021-12-02 14:43:47,735: [32mXML-RPC server binding to 0.0.0.0:0[0m
[xmlrpc][INFO] 2021-12-02 14:43:47,737: [32mStarted XML-RPC server [http://ss42.local:43755/][0m
[rospy.init][INFO] 2021-12-02 14:43:47,738: [32mROS Slave URI: [http://ss42.local:43755/][0m
[rospy.impl.masterslave][INFO] 2021-12-02 14:43:47,739: [32m_ready: http://ss42.local:43755/[0m
[xmlrpc][INFO] 2021-12-02 14:43:47,744: [32mxml rpc node: starting XML-RPC server[0m
[rospy.registration][INFO] 2021-12-02 14:43:47,745: [32mRegistering with master node http://ss42.local:11311/[0m
[rospy.init][INFO] 2021-12-02 14:43:47,846: [32mregistered with master[0m
[rospy.rosout][INFO] 2021-12-02 14:43:47,847: [32minitializing /rosout core topic[0m
[rospy.rosout][INFO] 2021-12-02 14:43:47,897: [32mconnected to core topic /rosout[0m
[rospy.simtime][INFO] 2021-12-02 14:43:47,909: [32m/use_sim_time is not set, will not subscribe to simulated time [/clock] topic[0m
[rosout][INFO] 2021-12-02 14:43:47,974: [32m[/ss42/camera_node] Initializing......[0m
[rosout][INFO] 2021-12-02 14:43:47,997: [32m[/ss42/camera_node] ~framerate_high = 30 [0m
[rosout][INFO] 2021-12-02 14:43:48,023: [32m[/ss42/camera_node] ~framerate_low = 15 [0m
[rosout][INFO] 2021-12-02 14:43:48,050: [32m[/ss42/camera_node] ~res_w = 640 [0m
[rosout][INFO] 2021-12-02 14:43:48,074: [32m[/ss42/camera_node] ~res_h = 480 [0m
[rospy.internal][INFO] 2021-12-02 14:43:48,114: [32mtopic[/rosout] adding connection to [/rosout], count 0[0m
[rosout][INFO] 2021-12-02 14:43:48,622: [32m[/ss42/camera_node] Initialized.[0m
[rosout][INFO] 2021-12-02 14:43:48,632: [32m[/ss42/camera_node] Start capturing.[0m
[rospy.internal][INFO] 2021-12-02 14:43:48,653: [32mtopic[/ss42/camera_node/image/compressed] adding connection to [/ss42/cam_info_reader_node], count 0[0m
[rospy.internal][INFO] 2021-12-02 14:43:48,659: [32mtopic[/ss42/camera_node/image/compressed] adding connection to [/ss42/decoder_node], count 1[0m
[rosout][INFO] 2021-12-02 14:43:48,721: [32m[/ss42/camera_node] Published the first image.[0m
[rospy.core][INFO] 2021-12-02 14:45:25,683: [32msignal_shutdown [signal-2][0m
[rosout][INFO] 2021-12-02 14:45:25,684: [32m[/ss42/camera_node] Closing camera.[0m
[rosout][INFO] 2021-12-02 14:45:25,689: [32m[/ss42/camera_node] Shutdown.[0m
[rospy.internal][INFO] 2021-12-02 14:45:25,787: [32mtopic[/ss42/camera_node/image/compressed] removing connection to /ss42/cam_info_reader_node[0m
[rospy.internal][INFO] 2021-12-02 14:45:25,788: [32mtopic[/ss42/camera_node/image/compressed] removing connection to /ss42/decoder_node[0m
[rospy.internal][INFO] 2021-12-02 14:45:25,790: [32mtopic[/rosout] removing connection to /rosout[0m
[rospy.impl.masterslave][INFO] 2021-12-02 14:45:25,791: [32msignal-2[0m
[rosout][INFO] 2021-12-02 14:45:25,905: [32m[/ss42/camera_node] Capture Ended.[0m
[rospy.core][INFO] 2021-12-02 14:45:26,308: [32msignal_shutdown [atexit][0m
