[rospy.client][INFO] 2021-10-22 12:40:11,219: init_node, name[/ss42/wheels_driver_node], pid[23254]
[xmlrpc][INFO] 2021-10-22 12:40:11,240: XML-RPC server binding to 0.0.0.0:0
[xmlrpc][INFO] 2021-10-22 12:40:11,242: Started XML-RPC server [http://ss42.local:35423/]
[rospy.impl.masterslave][INFO] 2021-10-22 12:40:11,252: _ready: http://ss42.local:35423/
[rospy.init][INFO] 2021-10-22 12:40:11,256: ROS Slave URI: [http://ss42.local:35423/]
[xmlrpc][INFO] 2021-10-22 12:40:11,273: xml rpc node: starting XML-RPC server
[rospy.registration][INFO] 2021-10-22 12:40:11,281: Registering with master node http://ss42.local:11311/
[rospy.init][INFO] 2021-10-22 12:40:11,357: registered with master
[rospy.rosout][INFO] 2021-10-22 12:40:11,358: initializing /rosout core topic
[rospy.rosout][INFO] 2021-10-22 12:40:11,412: connected to core topic /rosout
[rospy.simtime][INFO] 2021-10-22 12:40:11,506: /use_sim_time is not set, will not subscribe to simulated time [/clock] topic
[rospy.internal][INFO] 2021-10-22 12:40:11,636: topic[/rosout] adding connection to [/rosout], count 0
[rosout][INFO] 2021-10-22 12:40:11,660: [/ss42/wheels_driver_node] Initializing 
[rospy.internal][INFO] 2021-10-22 12:40:12,526: topic[/ss42/wheels_driver_node/emergency_stop] adding connection to [http://ss42.local:40508/], count 0
[rosout][INFO] 2021-10-22 12:40:19,400: [%s] Emergency Stop Activated
[rospy.internal][INFO] 2021-10-22 12:40:19,530: topic[/ss42/wheels_driver_node/wheels_cmd] adding connection to [http://ss42.local:39393/], count 0
[rosout][INFO] 2021-10-22 12:40:29,818: [%s] Emergency Stop Released
[rospy.internal][WARNING] 2021-10-22 12:49:04,612: Unknown error initiating TCP/IP socket to ss42.local:38835 (http://ss42.local:40508/): Traceback (most recent call last):
  File "/opt/ros/kinetic/lib/python2.7/dist-packages/rospy/impl/tcpros_base.py", line 557, in connect
    self.read_header()
  File "/opt/ros/kinetic/lib/python2.7/dist-packages/rospy/impl/tcpros_base.py", line 650, in read_header
    self._validate_header(read_ros_handshake_header(sock, self.read_buff, self.protocol.buff_size))
  File "/opt/ros/kinetic/lib/python2.7/dist-packages/rosgraph/network.py", line 362, in read_ros_handshake_header
    d = sock.recv(buff_size)
error: [Errno 104] Connection reset by peer

[rospy.core][INFO] 2021-10-22 12:49:04,637: signal_shutdown [signal-2]
[rospy.internal][INFO] 2021-10-22 12:49:04,635: topic[/ss42/wheels_driver_node/emergency_stop] removing connection to http://ss42.local:40508/
[rosout][INFO] 2021-10-22 12:49:04,661: [/ss42/wheels_driver_node] Shutting down.
[rospy.internal][INFO] 2021-10-22 12:49:04,798: topic[/rosout] removing connection to /rosout
[rospy.internal][INFO] 2021-10-22 12:49:04,800: topic[/ss42/wheels_driver_node/wheels_cmd] removing connection to http://ss42.local:39393/
[rospy.impl.masterslave][INFO] 2021-10-22 12:49:04,801: signal-2
[rospy.core][INFO] 2021-10-22 12:49:05,337: signal_shutdown [atexit]
