[rospy.client][INFO] 2021-10-22 12:40:20,618: [32minit_node, name[/ss42/line_detector_node], pid[23271][0m
[xmlrpc][INFO] 2021-10-22 12:40:20,620: [32mXML-RPC server binding to 0.0.0.0:0[0m
[xmlrpc][INFO] 2021-10-22 12:40:20,621: [32mStarted XML-RPC server [http://ss42.local:33525/][0m
[rospy.init][INFO] 2021-10-22 12:40:20,622: [32mROS Slave URI: [http://ss42.local:33525/][0m
[rospy.impl.masterslave][INFO] 2021-10-22 12:40:20,623: [32m_ready: http://ss42.local:33525/[0m
[rospy.registration][INFO] 2021-10-22 12:40:20,626: [32mRegistering with master node http://ss42.local:11311/[0m
[xmlrpc][INFO] 2021-10-22 12:40:20,626: [32mxml rpc node: starting XML-RPC server[0m
[rospy.init][INFO] 2021-10-22 12:40:20,723: [32mregistered with master[0m
[rospy.rosout][INFO] 2021-10-22 12:40:20,724: [32minitializing /rosout core topic[0m
[rospy.rosout][INFO] 2021-10-22 12:40:20,738: [32mconnected to core topic /rosout[0m
[rospy.simtime][INFO] 2021-10-22 12:40:20,745: [32m/use_sim_time is not set, will not subscribe to simulated time [/clock] topic[0m
[rosout][INFO] 2021-10-22 12:40:20,781: [32m[LineDetectorNode] Verbose is now False[0m
[rosout][INFO] 2021-10-22 12:40:20,817: [32m[LineDetectorNode] new detector config: ['line_detector.LineDetectorHSV', {'configuration': {'hough_max_line_gap': 1, 'dilation_kernel_size': 3, 'hsv_yellow1': [25, 140, 100], 'hsv_yellow2': [45, 255, 255], 'hsv_white1': [0, 0, 150], 'hsv_white2': [180, 60, 255], 'hough_min_line_length': 3, 'hough_threshold': 2, 'canny_thresholds': [80, 200], 'hsv_red4': [180, 255, 255], 'hsv_red1': [0, 140, 100], 'hsv_red3': [165, 140, 100], 'hsv_red2': [15, 255, 255]}}][0m
[rosout][INFO] 2021-10-22 12:40:20,886: [32m[LineDetectorNode] Initialized (verbose = False).[0m
[rospy.internal][INFO] 2021-10-22 12:40:20,907: [32mtopic[/ss42/line_detector_node/switch] adding connection to [http://ss42.local:35872/], count 0[0m
[rospy.internal][INFO] 2021-10-22 12:40:20,917: [32mtopic[/ss42/anti_instagram_node/transform] adding connection to [http://ss42.local:44106/], count 0[0m
[rospy.internal][INFO] 2021-10-22 12:40:20,924: [32mtopic[/ss42/camera_node/image/compressed] adding connection to [http://ss42.local:43628/], count 0[0m
[rospy.internal][INFO] 2021-10-22 12:40:20,930: [32mtopic[/ss42/line_detector_node/segment_list] adding connection to [/ss42/ground_projection], count 0[0m
[rospy.internal][INFO] 2021-10-22 12:40:20,960: [32mtopic[/rosout] adding connection to [/rosout], count 0[0m
[rosout][INFO] 2021-10-22 12:40:20,971: [32mline_detector_node received first image.[0m
[rosout][INFO] 2021-10-22 12:40:20,979: [32mline_detector_node processing first image.[0m
[rosout][INFO] 2021-10-22 12:40:21,222: [32m[LineDetectorNode]   1:# segments: white  31 yellow  15 red   2[0m
[rosout][INFO] 2021-10-22 12:40:21,227: [32m[LineDetectorNode]   1:
Latencies:
               acquired | total latency    16.2 ms | delta wall     None clock     None
                decoded | total latency   107.6 ms | delta wall  91.5 ms clock  30.6 ms
                resized | total latency   147.0 ms | delta wall  39.3 ms clock   6.4 ms
              corrected | total latency   158.8 ms | delta wall  11.8 ms clock   3.3 ms
               detected | total latency   254.0 ms | delta wall  95.2 ms clock  29.4 ms
               prepared | total latency   259.2 ms | delta wall   5.2 ms clock   4.8 ms
          --pub_lines-- | total latency   261.3 ms | delta wall   2.1 ms clock   2.3 ms
[0m
[rosout][INFO] 2021-10-22 12:40:21,240: [32m[LineDetectorNode]   1:In the last 0.5 s: received 9 (19.3 fps) processed 2 (4.3 fps) skipped 7 (15.0 fps) (78%)[0m
[rosout][INFO] 2021-10-22 12:40:28,149: [32m[LineDetectorNode] 101:# segments: white  12 yellow  24 red   1[0m
[rosout][INFO] 2021-10-22 12:40:28,152: [32m[LineDetectorNode] 101:
Latencies:
               acquired | total latency     6.8 ms | delta wall     None clock     None
                decoded | total latency    29.1 ms | delta wall  22.3 ms clock  22.2 ms
                resized | total latency    30.3 ms | delta wall   1.2 ms clock   1.1 ms
              corrected | total latency    33.4 ms | delta wall   3.0 ms clock   2.7 ms
               detected | total latency    51.2 ms | delta wall  17.9 ms clock  18.3 ms
               prepared | total latency    54.9 ms | delta wall   3.7 ms clock   3.7 ms
          --pub_lines-- | total latency    56.6 ms | delta wall   1.7 ms clock   1.7 ms
[0m
[rosout][INFO] 2021-10-22 12:40:28,170: [32m[LineDetectorNode] 101:In the last 6.9 s: received 208 (30.0 fps) processed 100 (14.4 fps) skipped 108 (15.6 fps) (52%)[0m
[rosout][INFO] 2021-10-22 12:40:36,460: [32m[LineDetectorNode] 201:# segments: white  28 yellow  18 red   3[0m
[rosout][INFO] 2021-10-22 12:40:36,467: [32m[LineDetectorNode] 201:
Latencies:
               acquired | total latency    25.7 ms | delta wall     None clock     None
                decoded | total latency    48.5 ms | delta wall  22.8 ms clock  22.8 ms
                resized | total latency    49.0 ms | delta wall   0.5 ms clock   0.5 ms
              corrected | total latency    51.3 ms | delta wall   2.2 ms clock   2.2 ms
               detected | total latency    66.3 ms | delta wall  15.0 ms clock  17.2 ms
               prepared | total latency    72.9 ms | delta wall   6.6 ms clock   5.9 ms
          --pub_lines-- | total latency    75.9 ms | delta wall   3.0 ms clock   4.2 ms
[0m
[rosout][INFO] 2021-10-22 12:40:36,498: [32m[LineDetectorNode] 201:In the last 8.3 s: received 250 (30.0 fps) processed 100 (12.0 fps) skipped 150 (18.0 fps) (60%)[0m
[rosout][INFO] 2021-10-22 12:40:43,143: [32m[LineDetectorNode] 301:# segments: white   0 yellow  21 red   6[0m
[rosout][INFO] 2021-10-22 12:40:43,147: [32m[LineDetectorNode] 301:
Latencies:
               acquired | total latency     7.4 ms | delta wall     None clock     None
                decoded | total latency    37.9 ms | delta wall  30.6 ms clock  23.7 ms
                resized | total latency    39.4 ms | delta wall   1.4 ms clock   2.0 ms
              corrected | total latency    42.8 ms | delta wall   3.4 ms clock   3.5 ms
               detected | total latency    55.3 ms | delta wall  12.5 ms clock  14.0 ms
               prepared | total latency    58.9 ms | delta wall   3.6 ms clock   3.5 ms
          --pub_lines-- | total latency    60.1 ms | delta wall   1.2 ms clock   1.2 ms
[0m
[rosout][INFO] 2021-10-22 12:40:43,161: [32m[LineDetectorNode] 301:In the last 6.7 s: received 200 (30.0 fps) processed 100 (15.0 fps) skipped 100 (15.0 fps) (50%)[0m
[rosout][INFO] 2021-10-22 12:40:51,301: [32m[LineDetectorNode] 401:# segments: white   0 yellow  11 red   9[0m
[rosout][INFO] 2021-10-22 12:40:51,305: [32m[LineDetectorNode] 401:
Latencies:
               acquired | total latency     6.4 ms | delta wall     None clock     None
                decoded | total latency    28.9 ms | delta wall  22.6 ms clock  22.1 ms
                resized | total latency    29.8 ms | delta wall   0.9 ms clock   0.8 ms
              corrected | total latency    32.1 ms | delta wall   2.3 ms clock   2.3 ms
               detected | total latency    51.9 ms | delta wall  19.9 ms clock  17.1 ms
               prepared | total latency    54.9 ms | delta wall   3.0 ms clock   3.0 ms
          --pub_lines-- | total latency    55.9 ms | delta wall   1.0 ms clock   1.1 ms
[0m
[rosout][INFO] 2021-10-22 12:40:51,324: [32m[LineDetectorNode] 401:In the last 8.2 s: received 245 (30.0 fps) processed 100 (12.3 fps) skipped 145 (17.8 fps) (59%)[0m
[rosout][INFO] 2021-10-22 12:40:59,497: [32m[LineDetectorNode] 501:# segments: white   0 yellow  26 red   7[0m
[rosout][INFO] 2021-10-22 12:40:59,501: [32m[LineDetectorNode] 501:
Latencies:
               acquired | total latency     6.3 ms | delta wall     None clock     None
                decoded | total latency    30.7 ms | delta wall  24.4 ms clock  22.7 ms
                resized | total latency    31.5 ms | delta wall   0.9 ms clock   0.9 ms
              corrected | total latency    34.0 ms | delta wall   2.5 ms clock   2.5 ms
               detected | total latency    52.4 ms | delta wall  18.4 ms clock  17.6 ms
               prepared | total latency    56.3 ms | delta wall   3.9 ms clock   3.6 ms
          --pub_lines-- | total latency    57.9 ms | delta wall   1.6 ms clock   1.6 ms
[0m
[rosout][INFO] 2021-10-22 12:40:59,517: [32m[LineDetectorNode] 501:In the last 8.2 s: received 246 (30.0 fps) processed 100 (12.2 fps) skipped 146 (17.8 fps) (59%)[0m
[rosout][INFO] 2021-10-22 12:41:09,091: [32m[LineDetectorNode] 601:# segments: white   0 yellow  21 red   7[0m
[rosout][INFO] 2021-10-22 12:41:09,099: [32m[LineDetectorNode] 601:
Latencies:
               acquired | total latency    10.5 ms | delta wall     None clock     None
                decoded | total latency    68.2 ms | delta wall  57.6 ms clock  53.2 ms
                resized | total latency    71.2 ms | delta wall   3.0 ms clock   4.0 ms
              corrected | total latency    76.4 ms | delta wall   5.2 ms clock   5.4 ms
               detected | total latency   104.8 ms | delta wall  28.4 ms clock  29.3 ms
               prepared | total latency   113.4 ms | delta wall   8.5 ms clock   9.5 ms
          --pub_lines-- | total latency   116.2 ms | delta wall   2.8 ms clock   3.0 ms
[0m
[rosout][INFO] 2021-10-22 12:41:09,118: [32m[LineDetectorNode] 601:In the last 9.6 s: received 288 (30.0 fps) processed 100 (10.4 fps) skipped 188 (19.6 fps) (65%)[0m
[rosout][INFO] 2021-10-22 12:41:15,786: [32m[LineDetectorNode] 701:# segments: white   0 yellow  26 red   4[0m
[rosout][INFO] 2021-10-22 12:41:15,789: [32m[LineDetectorNode] 701:
Latencies:
               acquired | total latency     6.9 ms | delta wall     None clock     None
                decoded | total latency    30.6 ms | delta wall  23.8 ms clock  22.4 ms
                resized | total latency    31.6 ms | delta wall   0.9 ms clock   0.9 ms
              corrected | total latency    34.2 ms | delta wall   2.6 ms clock   2.7 ms
               detected | total latency    50.0 ms | delta wall  15.8 ms clock  16.8 ms
               prepared | total latency    53.4 ms | delta wall   3.4 ms clock   3.4 ms
          --pub_lines-- | total latency    54.7 ms | delta wall   1.3 ms clock   1.3 ms
[0m
[rosout][INFO] 2021-10-22 12:41:15,810: [32m[LineDetectorNode] 701:In the last 6.7 s: received 201 (30.0 fps) processed 100 (14.9 fps) skipped 101 (15.1 fps) (50%)[0m
[rosout][INFO] 2021-10-22 12:41:22,380: [32m[LineDetectorNode] 801:# segments: white   0 yellow  12 red   3[0m
[rosout][INFO] 2021-10-22 12:41:22,389: [32m[LineDetectorNode] 801:
Latencies:
               acquired | total latency     6.0 ms | delta wall     None clock     None
                decoded | total latency    29.3 ms | delta wall  23.3 ms clock  22.2 ms
                resized | total latency    30.2 ms | delta wall   1.0 ms clock   0.9 ms
              corrected | total latency    32.6 ms | delta wall   2.4 ms clock   2.3 ms
               detected | total latency    47.7 ms | delta wall  15.1 ms clock  15.5 ms
               prepared | total latency    50.7 ms | delta wall   3.0 ms clock   2.8 ms
          --pub_lines-- | total latency    58.1 ms | delta wall   7.4 ms clock   1.2 ms
[0m
[rosout][INFO] 2021-10-22 12:41:22,404: [32m[LineDetectorNode] 801:In the last 6.6 s: received 198 (30.0 fps) processed 100 (15.2 fps) skipped 98 (14.9 fps) (49%)[0m
[rosout][INFO] 2021-10-22 12:41:31,244: [32m[LineDetectorNode] 901:# segments: white  28 yellow   0 red   0[0m
[rosout][INFO] 2021-10-22 12:41:31,252: [32m[LineDetectorNode] 901:
Latencies:
               acquired | total latency     9.5 ms | delta wall     None clock     None
                decoded | total latency    64.3 ms | delta wall  54.9 ms clock  45.6 ms
                resized | total latency    68.0 ms | delta wall   3.6 ms clock   3.0 ms
              corrected | total latency    79.7 ms | delta wall  11.8 ms clock   9.6 ms
               detected | total latency   106.6 ms | delta wall  26.9 ms clock  30.3 ms
               prepared | total latency   114.2 ms | delta wall   7.6 ms clock   7.2 ms
          --pub_lines-- | total latency   117.1 ms | delta wall   2.9 ms clock   3.7 ms
[0m
[rosout][INFO] 2021-10-22 12:41:31,273: [32m[LineDetectorNode] 901:In the last 8.9 s: received 266 (30.0 fps) processed 100 (11.3 fps) skipped 166 (18.7 fps) (62%)[0m
[rosout][INFO] 2021-10-22 12:41:40,582: [32m[LineDetectorNode] 1001:# segments: white  41 yellow   1 red   0[0m
[rosout][INFO] 2021-10-22 12:41:40,589: [32m[LineDetectorNode] 1001:
Latencies:
               acquired | total latency    16.6 ms | delta wall     None clock     None
                decoded | total latency    70.5 ms | delta wall  53.9 ms clock  52.9 ms
                resized | total latency    72.1 ms | delta wall   1.6 ms clock   1.5 ms
              corrected | total latency    76.8 ms | delta wall   4.7 ms clock   4.7 ms
               detected | total latency   108.3 ms | delta wall  31.6 ms clock  36.8 ms
               prepared | total latency   121.4 ms | delta wall  13.1 ms clock   7.7 ms
          --pub_lines-- | total latency   125.0 ms | delta wall   3.6 ms clock   4.3 ms
[0m
[rosout][INFO] 2021-10-22 12:41:40,621: [32m[LineDetectorNode] 1001:In the last 9.3 s: received 280 (30.0 fps) processed 100 (10.7 fps) skipped 180 (19.3 fps) (64%)[0m
[rosout][INFO] 2021-10-22 12:41:48,968: [32m[LineDetectorNode] 1101:# segments: white  20 yellow  11 red   1[0m
[rosout][INFO] 2021-10-22 12:41:48,976: [32m[LineDetectorNode] 1101:
Latencies:
               acquired | total latency     9.7 ms | delta wall     None clock     None
                decoded | total latency    80.3 ms | delta wall  70.6 ms clock  53.3 ms
                resized | total latency    85.0 ms | delta wall   4.6 ms clock   5.1 ms
              corrected | total latency    90.2 ms | delta wall   5.2 ms clock   6.3 ms
               detected | total latency   132.8 ms | delta wall  42.6 ms clock  41.7 ms
               prepared | total latency   145.0 ms | delta wall  12.2 ms clock  11.6 ms
          --pub_lines-- | total latency   148.1 ms | delta wall   3.1 ms clock   3.3 ms
[0m
[rosout][INFO] 2021-10-22 12:41:48,983: [32m[LineDetectorNode] 1101:In the last 8.4 s: received 251 (30.0 fps) processed 100 (12.0 fps) skipped 151 (18.1 fps) (60%)[0m
[rosout][INFO] 2021-10-22 12:41:57,863: [32m[LineDetectorNode] 1201:# segments: white   3 yellow   9 red   1[0m
[rosout][INFO] 2021-10-22 12:41:57,866: [32m[LineDetectorNode] 1201:
Latencies:
               acquired | total latency     5.9 ms | delta wall     None clock     None
                decoded | total latency    28.3 ms | delta wall  22.5 ms clock  21.6 ms
                resized | total latency    29.2 ms | delta wall   0.9 ms clock   0.8 ms
              corrected | total latency    31.4 ms | delta wall   2.2 ms clock   2.2 ms
               detected | total latency    49.6 ms | delta wall  18.2 ms clock  17.1 ms
               prepared | total latency    52.8 ms | delta wall   3.2 ms clock   2.9 ms
          --pub_lines-- | total latency    53.9 ms | delta wall   1.1 ms clock   1.0 ms
[0m
[rosout][INFO] 2021-10-22 12:41:57,885: [32m[LineDetectorNode] 1201:In the last 8.9 s: received 268 (30.1 fps) processed 100 (11.2 fps) skipped 168 (18.9 fps) (63%)[0m
[rosout][INFO] 2021-10-22 12:42:05,859: [32m[LineDetectorNode] 1301:# segments: white  17 yellow  22 red   0[0m
[rosout][INFO] 2021-10-22 12:42:05,863: [32m[LineDetectorNode] 1301:
Latencies:
               acquired | total latency     6.2 ms | delta wall     None clock     None
                decoded | total latency    28.6 ms | delta wall  22.3 ms clock  21.9 ms
                resized | total latency    29.4 ms | delta wall   0.9 ms clock   0.8 ms
              corrected | total latency    31.9 ms | delta wall   2.5 ms clock   2.4 ms
               detected | total latency    48.9 ms | delta wall  17.0 ms clock  18.8 ms
               prepared | total latency    53.0 ms | delta wall   4.1 ms clock   3.9 ms
          --pub_lines-- | total latency    54.5 ms | delta wall   1.5 ms clock   1.5 ms
[0m
[rosout][INFO] 2021-10-22 12:42:05,881: [32m[LineDetectorNode] 1301:In the last 8.0 s: received 240 (30.0 fps) processed 100 (12.5 fps) skipped 140 (17.5 fps) (58%)[0m
[rosout][INFO] 2021-10-22 12:42:13,799: [32m[LineDetectorNode] 1401:# segments: white  43 yellow   0 red   1[0m
[rosout][INFO] 2021-10-22 12:42:13,804: [32m[LineDetectorNode] 1401:
Latencies:
               acquired | total latency     4.6 ms | delta wall     None clock     None
                decoded | total latency    29.4 ms | delta wall  24.8 ms clock  22.0 ms
                resized | total latency    30.8 ms | delta wall   1.3 ms clock   0.9 ms
              corrected | total latency    36.0 ms | delta wall   5.2 ms clock   3.2 ms
               detected | total latency    56.4 ms | delta wall  20.4 ms clock  18.7 ms
               prepared | total latency    62.3 ms | delta wall   5.9 ms clock   4.9 ms
          --pub_lines-- | total latency    65.2 ms | delta wall   2.9 ms clock   2.5 ms
[0m
[rosout][INFO] 2021-10-22 12:42:13,821: [32m[LineDetectorNode] 1401:In the last 7.9 s: received 238 (30.0 fps) processed 100 (12.6 fps) skipped 138 (17.4 fps) (58%)[0m
[rosout][INFO] 2021-10-22 12:42:20,451: [32m[LineDetectorNode] 1501:# segments: white  30 yellow   0 red   1[0m
[rosout][INFO] 2021-10-22 12:42:20,455: [32m[LineDetectorNode] 1501:
Latencies:
               acquired | total latency     4.4 ms | delta wall     None clock     None
                decoded | total latency    30.0 ms | delta wall  25.6 ms clock  20.8 ms
                resized | total latency    30.8 ms | delta wall   0.9 ms clock   0.8 ms
              corrected | total latency    33.1 ms | delta wall   2.3 ms clock   2.3 ms
               detected | total latency    49.7 ms | delta wall  16.6 ms clock  17.6 ms
               prepared | total latency    53.4 ms | delta wall   3.6 ms clock   3.4 ms
          --pub_lines-- | total latency    54.6 ms | delta wall   1.3 ms clock   1.3 ms
[0m
[rosout][INFO] 2021-10-22 12:42:20,472: [32m[LineDetectorNode] 1501:In the last 6.6 s: received 200 (30.1 fps) processed 100 (15.0 fps) skipped 100 (15.0 fps) (50%)[0m
[rosout][INFO] 2021-10-22 12:42:28,445: [32m[LineDetectorNode] 1601:# segments: white  21 yellow  12 red   0[0m
[rosout][INFO] 2021-10-22 12:42:28,449: [32m[LineDetectorNode] 1601:
Latencies:
               acquired | total latency     4.4 ms | delta wall     None clock     None
                decoded | total latency    26.8 ms | delta wall  22.3 ms clock  21.8 ms
                resized | total latency    27.7 ms | delta wall   0.9 ms clock   0.8 ms
              corrected | total latency    30.2 ms | delta wall   2.5 ms clock   2.3 ms
               detected | total latency    46.9 ms | delta wall  16.6 ms clock  18.3 ms
               prepared | total latency    50.6 ms | delta wall   3.7 ms clock   3.7 ms
          --pub_lines-- | total latency    52.0 ms | delta wall   1.4 ms clock   1.5 ms
[0m
[rosout][INFO] 2021-10-22 12:42:28,468: [32m[LineDetectorNode] 1601:In the last 8.0 s: received 240 (30.0 fps) processed 100 (12.5 fps) skipped 140 (17.5 fps) (58%)[0m
[rosout][INFO] 2021-10-22 12:42:38,515: [32m[LineDetectorNode] 1701:# segments: white  19 yellow  34 red   0[0m
[rosout][INFO] 2021-10-22 12:42:38,520: [32m[LineDetectorNode] 1701:
Latencies:
               acquired | total latency     7.2 ms | delta wall     None clock     None
                decoded | total latency    27.8 ms | delta wall  20.6 ms clock  20.1 ms
                resized | total latency    28.4 ms | delta wall   0.6 ms clock   0.5 ms
              corrected | total latency    32.5 ms | delta wall   4.1 ms clock   2.5 ms
               detected | total latency    54.7 ms | delta wall  22.2 ms clock  19.0 ms
               prepared | total latency    60.6 ms | delta wall   5.9 ms clock   5.2 ms
          --pub_lines-- | total latency    62.6 ms | delta wall   2.0 ms clock   2.1 ms
[0m
[rosout][INFO] 2021-10-22 12:42:38,531: [32m[LineDetectorNode] 1701:In the last 10.1 s: received 302 (30.0 fps) processed 100 (9.9 fps) skipped 202 (20.1 fps) (67%)[0m
[rosout][INFO] 2021-10-22 12:42:48,198: [32m[LineDetectorNode] 1801:# segments: white   0 yellow   9 red   1[0m
[rosout][INFO] 2021-10-22 12:42:48,201: [32m[LineDetectorNode] 1801:
Latencies:
               acquired | total latency     5.9 ms | delta wall     None clock     None
                decoded | total latency    27.6 ms | delta wall  21.7 ms clock  21.6 ms
                resized | total latency    28.6 ms | delta wall   1.0 ms clock   0.8 ms
              corrected | total latency    31.4 ms | delta wall   2.8 ms clock   2.4 ms
               detected | total latency    45.7 ms | delta wall  14.3 ms clock  15.1 ms
               prepared | total latency    48.0 ms | delta wall   2.3 ms clock   2.6 ms
          --pub_lines-- | total latency    49.1 ms | delta wall   1.1 ms clock   1.0 ms
[0m
[rosout][INFO] 2021-10-22 12:42:48,226: [32m[LineDetectorNode] 1801:In the last 9.7 s: received 291 (30.0 fps) processed 100 (10.3 fps) skipped 191 (19.7 fps) (66%)[0m
[rosout][INFO] 2021-10-22 12:42:54,831: [32m[LineDetectorNode] 1901:# segments: white  16 yellow   2 red   1[0m
[rosout][INFO] 2021-10-22 12:42:54,834: [32m[LineDetectorNode] 1901:
Latencies:
               acquired | total latency     6.2 ms | delta wall     None clock     None
                decoded | total latency    28.8 ms | delta wall  22.6 ms clock  21.9 ms
                resized | total latency    29.7 ms | delta wall   0.9 ms clock   0.8 ms
              corrected | total latency    31.9 ms | delta wall   2.3 ms clock   2.3 ms
               detected | total latency    48.2 ms | delta wall  16.2 ms clock  17.6 ms
               prepared | total latency    50.9 ms | delta wall   2.7 ms clock   2.9 ms
          --pub_lines-- | total latency    51.9 ms | delta wall   1.0 ms clock   1.1 ms
[0m
[rosout][INFO] 2021-10-22 12:42:54,854: [32m[LineDetectorNode] 1901:In the last 6.6 s: received 199 (30.0 fps) processed 100 (15.1 fps) skipped 99 (14.9 fps) (50%)[0m
[rosout][INFO] 2021-10-22 12:43:01,566: [32m[LineDetectorNode] 2001:# segments: white  16 yellow   2 red   1[0m
[rosout][INFO] 2021-10-22 12:43:01,569: [32m[LineDetectorNode] 2001:
Latencies:
               acquired | total latency     5.3 ms | delta wall     None clock     None
                decoded | total latency    27.8 ms | delta wall  22.5 ms clock  21.8 ms
                resized | total latency    28.8 ms | delta wall   0.9 ms clock   0.9 ms
              corrected | total latency    31.2 ms | delta wall   2.4 ms clock   2.5 ms
               detected | total latency    52.6 ms | delta wall  21.4 ms clock  18.8 ms
               prepared | total latency    55.7 ms | delta wall   3.1 ms clock   3.2 ms
          --pub_lines-- | total latency    56.9 ms | delta wall   1.1 ms clock   1.5 ms
[0m
[rosout][INFO] 2021-10-22 12:43:01,587: [32m[LineDetectorNode] 2001:In the last 6.7 s: received 202 (30.0 fps) processed 100 (14.9 fps) skipped 102 (15.2 fps) (50%)[0m
[rosout][INFO] 2021-10-22 12:43:08,226: [32m[LineDetectorNode] 2101:# segments: white  15 yellow   3 red   1[0m
[rosout][INFO] 2021-10-22 12:43:08,234: [32m[LineDetectorNode] 2101:
Latencies:
               acquired | total latency     8.1 ms | delta wall     None clock     None
                decoded | total latency    45.5 ms | delta wall  37.5 ms clock  36.6 ms
                resized | total latency    47.3 ms | delta wall   1.7 ms clock   2.0 ms
              corrected | total latency    54.1 ms | delta wall   6.8 ms clock   8.0 ms
               detected | total latency    81.4 ms | delta wall  27.4 ms clock  26.7 ms
               prepared | total latency    88.4 ms | delta wall   7.0 ms clock   7.6 ms
          --pub_lines-- | total latency    92.2 ms | delta wall   3.8 ms clock   4.3 ms
[0m
[rosout][INFO] 2021-10-22 12:43:08,241: [32m[LineDetectorNode] 2101:In the last 6.7 s: received 199 (29.9 fps) processed 100 (15.0 fps) skipped 99 (14.9 fps) (50%)[0m
[rosout][INFO] 2021-10-22 12:43:14,856: [32m[LineDetectorNode] 2201:# segments: white   1 yellow   7 red   1[0m
[rosout][INFO] 2021-10-22 12:43:14,859: [32m[LineDetectorNode] 2201:
Latencies:
               acquired | total latency     6.4 ms | delta wall     None clock     None
                decoded | total latency    30.6 ms | delta wall  24.2 ms clock  21.9 ms
                resized | total latency    31.7 ms | delta wall   1.1 ms clock   0.8 ms
              corrected | total latency    35.7 ms | delta wall   4.0 ms clock   3.0 ms
               detected | total latency    49.2 ms | delta wall  13.5 ms clock  14.7 ms
               prepared | total latency    51.8 ms | delta wall   2.6 ms clock   2.8 ms
          --pub_lines-- | total latency    52.5 ms | delta wall   0.7 ms clock   0.8 ms
[0m
[rosout][INFO] 2021-10-22 12:43:14,877: [32m[LineDetectorNode] 2201:In the last 6.6 s: received 200 (30.2 fps) processed 100 (15.1 fps) skipped 100 (15.1 fps) (50%)[0m
[rosout][INFO] 2021-10-22 12:43:21,451: [32m[LineDetectorNode] 2301:# segments: white   1 yellow   7 red   1[0m
[rosout][INFO] 2021-10-22 12:43:21,455: [32m[LineDetectorNode] 2301:
Latencies:
               acquired | total latency     6.2 ms | delta wall     None clock     None
                decoded | total latency    27.8 ms | delta wall  21.7 ms clock  21.6 ms
                resized | total latency    28.8 ms | delta wall   1.0 ms clock   0.8 ms
              corrected | total latency    31.2 ms | delta wall   2.4 ms clock   2.5 ms
               detected | total latency    46.6 ms | delta wall  15.3 ms clock  15.3 ms
               prepared | total latency    48.9 ms | delta wall   2.4 ms clock   2.5 ms
          --pub_lines-- | total latency    49.6 ms | delta wall   0.7 ms clock   1.0 ms
[0m
[rosout][INFO] 2021-10-22 12:43:21,474: [32m[LineDetectorNode] 2301:In the last 6.6 s: received 198 (30.0 fps) processed 100 (15.2 fps) skipped 98 (14.9 fps) (49%)[0m
[rosout][INFO] 2021-10-22 12:43:27,986: [32m[LineDetectorNode] 2401:# segments: white   2 yellow   5 red   1[0m
[rosout][INFO] 2021-10-22 12:43:27,990: [32m[LineDetectorNode] 2401:
Latencies:
               acquired | total latency    13.9 ms | delta wall     None clock     None
                decoded | total latency    37.2 ms | delta wall  23.3 ms clock  20.8 ms
                resized | total latency    38.9 ms | delta wall   1.7 ms clock   2.2 ms
              corrected | total latency    41.2 ms | delta wall   2.3 ms clock   2.3 ms
               detected | total latency    52.6 ms | delta wall  11.4 ms clock  12.8 ms
               prepared | total latency    57.0 ms | delta wall   4.4 ms clock   2.6 ms
          --pub_lines-- | total latency    57.8 ms | delta wall   0.8 ms clock   0.8 ms
[0m
[rosout][INFO] 2021-10-22 12:43:28,006: [32m[LineDetectorNode] 2401:In the last 6.5 s: received 196 (30.0 fps) processed 100 (15.3 fps) skipped 96 (14.7 fps) (49%)[0m
[rosout][INFO] 2021-10-22 12:43:34,379: [32m[LineDetectorNode] 2501:# segments: white   1 yellow   8 red   1[0m
[rosout][INFO] 2021-10-22 12:43:34,381: [32m[LineDetectorNode] 2501:
Latencies:
               acquired | total latency     5.7 ms | delta wall     None clock     None
                decoded | total latency    27.7 ms | delta wall  22.0 ms clock  21.8 ms
                resized | total latency    28.7 ms | delta wall   1.0 ms clock   0.9 ms
              corrected | total latency    31.1 ms | delta wall   2.3 ms clock   2.3 ms
               detected | total latency    50.2 ms | delta wall  19.2 ms clock  15.9 ms
               prepared | total latency    52.7 ms | delta wall   2.5 ms clock   2.6 ms
          --pub_lines-- | total latency    53.4 ms | delta wall   0.7 ms clock   0.8 ms
[0m
[rosout][INFO] 2021-10-22 12:43:34,404: [32m[LineDetectorNode] 2501:In the last 6.4 s: received 192 (30.0 fps) processed 100 (15.6 fps) skipped 92 (14.4 fps) (48%)[0m
[rosout][INFO] 2021-10-22 12:43:40,877: [32m[LineDetectorNode] 2601:# segments: white   1 yellow   8 red   1[0m
[rosout][INFO] 2021-10-22 12:43:40,880: [32m[LineDetectorNode] 2601:
Latencies:
               acquired | total latency     9.4 ms | delta wall     None clock     None
                decoded | total latency    31.8 ms | delta wall  22.4 ms clock  22.1 ms
                resized | total latency    32.9 ms | delta wall   1.1 ms clock   0.8 ms
              corrected | total latency    36.0 ms | delta wall   3.0 ms clock   3.0 ms
               detected | total latency    51.7 ms | delta wall  15.7 ms clock  16.2 ms
               prepared | total latency    54.3 ms | delta wall   2.6 ms clock   2.6 ms
          --pub_lines-- | total latency    55.1 ms | delta wall   0.8 ms clock   0.8 ms
[0m
[rosout][INFO] 2021-10-22 12:43:40,904: [32m[LineDetectorNode] 2601:In the last 6.5 s: received 195 (30.0 fps) processed 100 (15.4 fps) skipped 95 (14.6 fps) (49%)[0m
[rosout][INFO] 2021-10-22 12:43:47,288: [32m[LineDetectorNode] 2701:# segments: white   3 yellow   4 red   1[0m
[rosout][INFO] 2021-10-22 12:43:47,290: [32m[LineDetectorNode] 2701:
Latencies:
               acquired | total latency    16.6 ms | delta wall     None clock     None
                decoded | total latency    47.1 ms | delta wall  30.5 ms clock  25.3 ms
                resized | total latency    48.0 ms | delta wall   0.8 ms clock   0.8 ms
              corrected | total latency    50.2 ms | delta wall   2.2 ms clock   2.2 ms
               detected | total latency    63.3 ms | delta wall  13.1 ms clock  12.8 ms
               prepared | total latency    66.1 ms | delta wall   2.8 ms clock   2.8 ms
          --pub_lines-- | total latency    67.0 ms | delta wall   0.9 ms clock   1.1 ms
[0m
[rosout][INFO] 2021-10-22 12:43:47,298: [32m[LineDetectorNode] 2701:In the last 6.4 s: received 192 (30.0 fps) processed 100 (15.6 fps) skipped 92 (14.4 fps) (48%)[0m
[rosout][INFO] 2021-10-22 12:43:53,799: [32m[LineDetectorNode] 2801:# segments: white   0 yellow   3 red   1[0m
[rosout][INFO] 2021-10-22 12:43:53,802: [32m[LineDetectorNode] 2801:
Latencies:
               acquired | total latency     5.6 ms | delta wall     None clock     None
                decoded | total latency    28.1 ms | delta wall  22.5 ms clock  22.0 ms
                resized | total latency    28.9 ms | delta wall   0.8 ms clock   0.8 ms
              corrected | total latency    31.2 ms | delta wall   2.3 ms clock   2.3 ms
               detected | total latency    47.8 ms | delta wall  16.5 ms clock  15.4 ms
               prepared | total latency    50.3 ms | delta wall   2.5 ms clock   2.3 ms
          --pub_lines-- | total latency    50.8 ms | delta wall   0.5 ms clock   0.5 ms
[0m
[rosout][INFO] 2021-10-22 12:43:53,824: [32m[LineDetectorNode] 2801:In the last 6.5 s: received 196 (30.0 fps) processed 100 (15.3 fps) skipped 96 (14.7 fps) (49%)[0m
[rosout][INFO] 2021-10-22 12:44:00,396: [32m[LineDetectorNode] 2901:# segments: white   0 yellow   7 red   1[0m
[rosout][INFO] 2021-10-22 12:44:00,399: [32m[LineDetectorNode] 2901:
Latencies:
               acquired | total latency     5.6 ms | delta wall     None clock     None
                decoded | total latency    28.0 ms | delta wall  22.4 ms clock  22.3 ms
                resized | total latency    29.0 ms | delta wall   0.9 ms clock   0.8 ms
              corrected | total latency    31.2 ms | delta wall   2.2 ms clock   2.2 ms
               detected | total latency    47.6 ms | delta wall  16.4 ms clock  16.5 ms
               prepared | total latency    50.2 ms | delta wall   2.6 ms clock   2.5 ms
          --pub_lines-- | total latency    50.8 ms | delta wall   0.6 ms clock   0.6 ms
[0m
[rosout][INFO] 2021-10-22 12:44:00,420: [32m[LineDetectorNode] 2901:In the last 6.6 s: received 198 (30.0 fps) processed 100 (15.2 fps) skipped 98 (14.9 fps) (49%)[0m
[rosout][INFO] 2021-10-22 12:44:06,929: [32m[LineDetectorNode] 3001:# segments: white   2 yellow   6 red   1[0m
[rosout][INFO] 2021-10-22 12:44:06,931: [32m[LineDetectorNode] 3001:
Latencies:
               acquired | total latency     5.3 ms | delta wall     None clock     None
                decoded | total latency    31.4 ms | delta wall  26.1 ms clock  30.0 ms
                resized | total latency    32.4 ms | delta wall   1.0 ms clock   1.0 ms
              corrected | total latency    38.4 ms | delta wall   6.0 ms clock   5.8 ms
               detected | total latency    49.9 ms | delta wall  11.5 ms clock  13.2 ms
               prepared | total latency    52.5 ms | delta wall   2.6 ms clock   2.5 ms
          --pub_lines-- | total latency    53.1 ms | delta wall   0.6 ms clock   0.6 ms
[0m
[rosout][INFO] 2021-10-22 12:44:06,949: [32m[LineDetectorNode] 3001:In the last 6.5 s: received 196 (30.0 fps) processed 100 (15.3 fps) skipped 96 (14.7 fps) (49%)[0m
[rosout][INFO] 2021-10-22 12:44:13,456: [32m[LineDetectorNode] 3101:# segments: white   2 yellow   6 red   1[0m
[rosout][INFO] 2021-10-22 12:44:13,464: [32m[LineDetectorNode] 3101:
Latencies:
               acquired | total latency     5.7 ms | delta wall     None clock     None
                decoded | total latency    27.8 ms | delta wall  22.1 ms clock  21.6 ms
                resized | total latency    28.8 ms | delta wall   1.0 ms clock   0.9 ms
              corrected | total latency    31.2 ms | delta wall   2.4 ms clock   2.4 ms
               detected | total latency    48.0 ms | delta wall  16.7 ms clock  15.4 ms
               prepared | total latency    50.5 ms | delta wall   2.5 ms clock   2.7 ms
          --pub_lines-- | total latency    51.1 ms | delta wall   0.7 ms clock   0.8 ms
[0m
[rosout][INFO] 2021-10-22 12:44:13,480: [32m[LineDetectorNode] 3101:In the last 6.5 s: received 196 (30.0 fps) processed 100 (15.3 fps) skipped 96 (14.7 fps) (49%)[0m
[rosout][INFO] 2021-10-22 12:44:20,086: [32m[LineDetectorNode] 3201:# segments: white   1 yellow   6 red   1[0m
[rosout][INFO] 2021-10-22 12:44:20,090: [32m[LineDetectorNode] 3201:
Latencies:
               acquired | total latency     6.0 ms | delta wall     None clock     None
                decoded | total latency    28.2 ms | delta wall  22.3 ms clock  21.6 ms
                resized | total latency    29.1 ms | delta wall   0.9 ms clock   0.8 ms
              corrected | total latency    31.6 ms | delta wall   2.5 ms clock   2.5 ms
               detected | total latency    47.6 ms | delta wall  16.0 ms clock  15.9 ms
               prepared | total latency    50.3 ms | delta wall   2.7 ms clock   2.6 ms
          --pub_lines-- | total latency    51.6 ms | delta wall   1.3 ms clock   0.8 ms
[0m
[rosout][INFO] 2021-10-22 12:44:20,109: [32m[LineDetectorNode] 3201:In the last 6.6 s: received 199 (30.0 fps) processed 100 (15.1 fps) skipped 99 (14.9 fps) (50%)[0m
[rosout][INFO] 2021-10-22 12:44:26,596: [32m[LineDetectorNode] 3301:# segments: white   3 yellow   4 red   1[0m
[rosout][INFO] 2021-10-22 12:44:26,605: [32m[LineDetectorNode] 3301:
Latencies:
               acquired | total latency    13.3 ms | delta wall     None clock     None
                decoded | total latency    40.7 ms | delta wall  27.3 ms clock  25.3 ms
                resized | total latency    41.7 ms | delta wall   1.0 ms clock   1.5 ms
              corrected | total latency    45.2 ms | delta wall   3.5 ms clock   3.8 ms
               detected | total latency    59.9 ms | delta wall  14.7 ms clock  13.5 ms
               prepared | total latency    62.9 ms | delta wall   3.0 ms clock   2.7 ms
          --pub_lines-- | total latency    69.6 ms | delta wall   6.7 ms clock   1.6 ms
[0m
[rosout][INFO] 2021-10-22 12:44:26,609: [32m[LineDetectorNode] 3301:In the last 6.5 s: received 195 (30.0 fps) processed 100 (15.4 fps) skipped 95 (14.6 fps) (49%)[0m
[rosout][INFO] 2021-10-22 12:44:34,649: [32m[LineDetectorNode] 3401:# segments: white  13 yellow   3 red   1[0m
[rosout][INFO] 2021-10-22 12:44:34,654: [32m[LineDetectorNode] 3401:
Latencies:
               acquired | total latency     8.7 ms | delta wall     None clock     None
                decoded | total latency    72.7 ms | delta wall  64.0 ms clock  54.0 ms
                resized | total latency    75.2 ms | delta wall   2.6 ms clock   1.3 ms
              corrected | total latency    80.0 ms | delta wall   4.8 ms clock   4.6 ms
               detected | total latency   107.5 ms | delta wall  27.5 ms clock  29.5 ms
               prepared | total latency   113.3 ms | delta wall   5.8 ms clock   6.0 ms
          --pub_lines-- | total latency   114.8 ms | delta wall   1.6 ms clock   1.6 ms
[0m
[rosout][INFO] 2021-10-22 12:44:34,675: [32m[LineDetectorNode] 3401:In the last 8.1 s: received 242 (30.0 fps) processed 100 (12.4 fps) skipped 142 (17.6 fps) (59%)[0m
[rosout][INFO] 2021-10-22 12:44:44,060: [32m[LineDetectorNode] 3501:# segments: white   9 yellow  15 red   0[0m
[rosout][INFO] 2021-10-22 12:44:44,075: [32m[LineDetectorNode] 3501:
Latencies:
               acquired | total latency     8.7 ms | delta wall     None clock     None
                decoded | total latency    53.6 ms | delta wall  44.9 ms clock  45.4 ms
                resized | total latency    55.3 ms | delta wall   1.7 ms clock   1.5 ms
              corrected | total latency    60.1 ms | delta wall   4.9 ms clock   4.6 ms
               detected | total latency    90.1 ms | delta wall  30.0 ms clock  29.9 ms
               prepared | total latency    99.1 ms | delta wall   9.0 ms clock   8.1 ms
          --pub_lines-- | total latency   108.1 ms | delta wall   9.0 ms clock   5.8 ms
[0m
[rosout][INFO] 2021-10-22 12:44:44,102: [32m[LineDetectorNode] 3501:In the last 9.4 s: received 283 (30.0 fps) processed 100 (10.6 fps) skipped 183 (19.4 fps) (65%)[0m
[rosout][INFO] 2021-10-22 12:44:53,771: [32m[LineDetectorNode] 3601:# segments: white   0 yellow  44 red   1[0m
[rosout][INFO] 2021-10-22 12:44:53,780: [32m[LineDetectorNode] 3601:
Latencies:
               acquired | total latency     8.5 ms | delta wall     None clock     None
                decoded | total latency    55.4 ms | delta wall  47.0 ms clock  41.3 ms
                resized | total latency    56.5 ms | delta wall   1.1 ms clock   1.0 ms
              corrected | total latency    61.5 ms | delta wall   5.0 ms clock   4.8 ms
               detected | total latency   103.7 ms | delta wall  42.2 ms clock  33.6 ms
               prepared | total latency   120.5 ms | delta wall  16.8 ms clock  11.8 ms
          --pub_lines-- | total latency   123.8 ms | delta wall   3.3 ms clock   3.3 ms
[0m
[rosout][INFO] 2021-10-22 12:44:53,798: [32m[LineDetectorNode] 3601:In the last 9.7 s: received 291 (30.0 fps) processed 100 (10.3 fps) skipped 191 (19.7 fps) (66%)[0m
[rosout][INFO] 2021-10-22 12:45:03,304: [32m[LineDetectorNode] 3701:# segments: white   0 yellow  48 red   1[0m
[rosout][INFO] 2021-10-22 12:45:03,308: [32m[LineDetectorNode] 3701:
Latencies:
               acquired | total latency     5.4 ms | delta wall     None clock     None
                decoded | total latency    32.2 ms | delta wall  26.7 ms clock  21.4 ms
                resized | total latency    33.1 ms | delta wall   0.9 ms clock   0.9 ms
              corrected | total latency    35.9 ms | delta wall   2.8 ms clock   2.8 ms
               detected | total latency    54.2 ms | delta wall  18.3 ms clock  19.1 ms
               prepared | total latency    58.8 ms | delta wall   4.7 ms clock   4.3 ms
          --pub_lines-- | total latency    60.7 ms | delta wall   1.8 ms clock   1.8 ms
[0m
[rosout][INFO] 2021-10-22 12:45:03,320: [32m[LineDetectorNode] 3701:In the last 9.5 s: received 286 (30.0 fps) processed 100 (10.5 fps) skipped 186 (19.5 fps) (65%)[0m
[rosout][INFO] 2021-10-22 12:45:13,200: [32m[LineDetectorNode] 3801:# segments: white   0 yellow  56 red   1[0m
[rosout][INFO] 2021-10-22 12:45:13,203: [32m[LineDetectorNode] 3801:
Latencies:
               acquired | total latency     6.1 ms | delta wall     None clock     None
                decoded | total latency    31.8 ms | delta wall  25.7 ms clock  21.3 ms
                resized | total latency    32.9 ms | delta wall   1.1 ms clock   1.1 ms
              corrected | total latency    35.4 ms | delta wall   2.5 ms clock   2.5 ms
               detected | total latency    54.2 ms | delta wall  18.8 ms clock  18.3 ms
               prepared | total latency    58.4 ms | delta wall   4.2 ms clock   4.5 ms
          --pub_lines-- | total latency    60.5 ms | delta wall   2.1 ms clock   2.1 ms
[0m
[rosout][INFO] 2021-10-22 12:45:13,215: [32m[LineDetectorNode] 3801:In the last 9.9 s: received 297 (30.0 fps) processed 100 (10.1 fps) skipped 197 (19.9 fps) (66%)[0m
[rosout][INFO] 2021-10-22 12:45:23,279: [32m[LineDetectorNode] 3901:# segments: white   0 yellow  43 red   1[0m
[rosout][INFO] 2021-10-22 12:45:23,286: [32m[LineDetectorNode] 3901:
Latencies:
               acquired | total latency     7.5 ms | delta wall     None clock     None
                decoded | total latency    61.7 ms | delta wall  54.2 ms clock  40.0 ms
                resized | total latency    63.4 ms | delta wall   1.7 ms clock   1.3 ms
              corrected | total latency    68.8 ms | delta wall   5.4 ms clock   4.8 ms
               detected | total latency    99.2 ms | delta wall  30.4 ms clock  31.8 ms
               prepared | total latency   107.3 ms | delta wall   8.1 ms clock   7.9 ms
          --pub_lines-- | total latency   110.7 ms | delta wall   3.4 ms clock   3.4 ms
[0m
[rosout][INFO] 2021-10-22 12:45:23,316: [32m[LineDetectorNode] 3901:In the last 10.1 s: received 184 (18.2 fps) processed 100 (9.9 fps) skipped 84 (8.3 fps) (46%)[0m
[rosout][INFO] 2021-10-22 12:45:36,195: [32m[LineDetectorNode] 4001:# segments: white   8 yellow  45 red   0[0m
[rosout][INFO] 2021-10-22 12:45:36,202: [32m[LineDetectorNode] 4001:
Latencies:
               acquired | total latency     7.0 ms | delta wall     None clock     None
                decoded | total latency    44.8 ms | delta wall  37.8 ms clock  38.0 ms
                resized | total latency    46.3 ms | delta wall   1.5 ms clock   1.4 ms
              corrected | total latency    50.6 ms | delta wall   4.3 ms clock   4.4 ms
               detected | total latency    82.9 ms | delta wall  32.3 ms clock  34.8 ms
               prepared | total latency    92.1 ms | delta wall   9.2 ms clock   8.4 ms
          --pub_lines-- | total latency    95.9 ms | delta wall   3.8 ms clock   4.1 ms
[0m
[rosout][INFO] 2021-10-22 12:45:36,246: [32m[LineDetectorNode] 4001:In the last 12.9 s: received 194 (15.0 fps) processed 100 (7.7 fps) skipped 94 (7.3 fps) (48%)[0m
[rosout][INFO] 2021-10-22 12:45:47,935: [32m[LineDetectorNode] 4101:# segments: white   3 yellow  38 red   0[0m
[rosout][INFO] 2021-10-22 12:45:47,943: [32m[LineDetectorNode] 4101:
Latencies:
               acquired | total latency     8.6 ms | delta wall     None clock     None
                decoded | total latency    53.0 ms | delta wall  44.4 ms clock  39.6 ms
                resized | total latency    54.9 ms | delta wall   1.9 ms clock   1.6 ms
              corrected | total latency    59.8 ms | delta wall   4.9 ms clock   4.5 ms
               detected | total latency    94.0 ms | delta wall  34.2 ms clock  32.6 ms
               prepared | total latency   101.2 ms | delta wall   7.1 ms clock   7.3 ms
          --pub_lines-- | total latency   105.3 ms | delta wall   4.1 ms clock   3.5 ms
[0m
[rosout][INFO] 2021-10-22 12:45:47,977: [32m[LineDetectorNode] 4101:In the last 11.7 s: received 176 (15.0 fps) processed 100 (8.5 fps) skipped 76 (6.5 fps) (43%)[0m
[rosout][INFO] 2021-10-22 12:46:00,939: [32m[LineDetectorNode] 4201:# segments: white   0 yellow  40 red   1[0m
[rosout][INFO] 2021-10-22 12:46:00,945: [32m[LineDetectorNode] 4201:
Latencies:
               acquired | total latency     6.7 ms | delta wall     None clock     None
                decoded | total latency    46.0 ms | delta wall  39.3 ms clock  39.0 ms
                resized | total latency    47.5 ms | delta wall   1.5 ms clock   1.4 ms
              corrected | total latency    52.0 ms | delta wall   4.5 ms clock   4.5 ms
               detected | total latency    99.8 ms | delta wall  47.8 ms clock  48.7 ms
               prepared | total latency   107.1 ms | delta wall   7.2 ms clock   7.0 ms
          --pub_lines-- | total latency   110.5 ms | delta wall   3.4 ms clock   4.1 ms
[0m
[rosout][INFO] 2021-10-22 12:46:00,975: [32m[LineDetectorNode] 4201:In the last 13.0 s: received 195 (15.0 fps) processed 100 (7.7 fps) skipped 95 (7.3 fps) (49%)[0m
[rosout][INFO] 2021-10-22 12:46:14,113: [32m[LineDetectorNode] 4301:# segments: white   0 yellow  30 red   1[0m
[rosout][INFO] 2021-10-22 12:46:14,121: [32m[LineDetectorNode] 4301:
Latencies:
               acquired | total latency     6.6 ms | delta wall     None clock     None
                decoded | total latency    65.6 ms | delta wall  59.0 ms clock  45.8 ms
                resized | total latency    67.1 ms | delta wall   1.5 ms clock   1.5 ms
              corrected | total latency    74.2 ms | delta wall   7.1 ms clock   6.7 ms
               detected | total latency   100.5 ms | delta wall  26.3 ms clock  28.3 ms
               prepared | total latency   111.9 ms | delta wall  11.4 ms clock  11.9 ms
          --pub_lines-- | total latency   114.8 ms | delta wall   2.9 ms clock   3.4 ms
[0m
[rosout][INFO] 2021-10-22 12:46:14,150: [32m[LineDetectorNode] 4301:In the last 13.2 s: received 227 (17.2 fps) processed 100 (7.6 fps) skipped 127 (9.6 fps) (56%)[0m
[rosout][INFO] 2021-10-22 12:46:25,084: [32m[LineDetectorNode] 4401:# segments: white   0 yellow  54 red   0[0m
[rosout][INFO] 2021-10-22 12:46:25,092: [32m[LineDetectorNode] 4401:
Latencies:
               acquired | total latency     9.0 ms | delta wall     None clock     None
                decoded | total latency    53.8 ms | delta wall  44.8 ms clock  43.9 ms
                resized | total latency    55.2 ms | delta wall   1.4 ms clock   1.4 ms
              corrected | total latency    59.8 ms | delta wall   4.6 ms clock   4.6 ms
               detected | total latency   102.1 ms | delta wall  42.3 ms clock  37.5 ms
               prepared | total latency   111.7 ms | delta wall   9.6 ms clock   8.5 ms
          --pub_lines-- | total latency   115.9 ms | delta wall   4.2 ms clock   4.7 ms
[0m
[rosout][INFO] 2021-10-22 12:46:25,122: [32m[LineDetectorNode] 4401:In the last 11.0 s: received 329 (30.0 fps) processed 100 (9.1 fps) skipped 229 (20.9 fps) (70%)[0m
[rosout][INFO] 2021-10-22 12:46:33,985: [32m[LineDetectorNode] 4501:# segments: white  26 yellow   6 red   0[0m
[rosout][INFO] 2021-10-22 12:46:33,989: [32m[LineDetectorNode] 4501:
Latencies:
               acquired | total latency     9.1 ms | delta wall     None clock     None
                decoded | total latency    42.2 ms | delta wall  33.2 ms clock  24.0 ms
                resized | total latency    43.0 ms | delta wall   0.8 ms clock   0.8 ms
              corrected | total latency    45.3 ms | delta wall   2.2 ms clock   2.2 ms
               detected | total latency    58.2 ms | delta wall  13.0 ms clock  12.8 ms
               prepared | total latency    61.6 ms | delta wall   3.4 ms clock   3.6 ms
          --pub_lines-- | total latency    63.1 ms | delta wall   1.5 ms clock   1.3 ms
[0m
[rosout][INFO] 2021-10-22 12:46:33,998: [32m[LineDetectorNode] 4501:In the last 8.9 s: received 267 (30.1 fps) processed 100 (11.3 fps) skipped 167 (18.8 fps) (63%)[0m
[rosout][INFO] 2021-10-22 12:46:40,304: [32m[LineDetectorNode] 4601:# segments: white   0 yellow   1 red   7[0m
[rosout][INFO] 2021-10-22 12:46:40,306: [32m[LineDetectorNode] 4601:
Latencies:
               acquired | total latency    10.3 ms | delta wall     None clock     None
                decoded | total latency    30.2 ms | delta wall  19.9 ms clock  18.9 ms
                resized | total latency    30.8 ms | delta wall   0.6 ms clock   0.5 ms
              corrected | total latency    33.1 ms | delta wall   2.3 ms clock   2.3 ms
               detected | total latency    47.6 ms | delta wall  14.5 ms clock  13.7 ms
               prepared | total latency    49.9 ms | delta wall   2.4 ms clock   2.6 ms
          --pub_lines-- | total latency    50.5 ms | delta wall   0.6 ms clock   0.6 ms
[0m
[rosout][INFO] 2021-10-22 12:46:40,327: [32m[LineDetectorNode] 4601:In the last 6.3 s: received 190 (30.0 fps) processed 100 (15.8 fps) skipped 90 (14.2 fps) (47%)[0m
[rosout][INFO] 2021-10-22 12:46:46,395: [32m[LineDetectorNode] 4701:# segments: white   0 yellow   1 red   6[0m
[rosout][INFO] 2021-10-22 12:46:46,398: [32m[LineDetectorNode] 4701:
Latencies:
               acquired | total latency     5.1 ms | delta wall     None clock     None
                decoded | total latency    26.4 ms | delta wall  21.4 ms clock  20.9 ms
                resized | total latency    27.3 ms | delta wall   0.9 ms clock   0.9 ms
              corrected | total latency    29.6 ms | delta wall   2.3 ms clock   2.3 ms
               detected | total latency    42.9 ms | delta wall  13.3 ms clock  15.2 ms
               prepared | total latency    45.9 ms | delta wall   3.0 ms clock   2.5 ms
          --pub_lines-- | total latency    46.5 ms | delta wall   0.6 ms clock   0.7 ms
[0m
[rosout][INFO] 2021-10-22 12:46:46,423: [32m[LineDetectorNode] 4701:In the last 6.1 s: received 183 (30.0 fps) processed 100 (16.4 fps) skipped 83 (13.6 fps) (45%)[0m
[rosout][INFO] 2021-10-22 12:46:52,893: [32m[LineDetectorNode] 4801:# segments: white   0 yellow   1 red  12[0m
[rosout][INFO] 2021-10-22 12:46:52,903: [32m[LineDetectorNode] 4801:
Latencies:
               acquired | total latency     4.3 ms | delta wall     None clock     None
                decoded | total latency    24.8 ms | delta wall  20.6 ms clock  20.7 ms
                resized | total latency    25.9 ms | delta wall   1.0 ms clock   1.0 ms
              corrected | total latency    28.2 ms | delta wall   2.4 ms clock   2.4 ms
               detected | total latency    42.8 ms | delta wall  14.6 ms clock  17.8 ms
               prepared | total latency    48.7 ms | delta wall   5.9 ms clock   6.1 ms
          --pub_lines-- | total latency    54.2 ms | delta wall   5.5 ms clock   1.4 ms
[0m
[rosout][INFO] 2021-10-22 12:46:52,920: [32m[LineDetectorNode] 4801:In the last 6.5 s: received 195 (30.0 fps) processed 100 (15.4 fps) skipped 95 (14.6 fps) (49%)[0m
[rosout][INFO] 2021-10-22 12:46:59,292: [32m[LineDetectorNode] 4901:# segments: white   0 yellow   1 red  10[0m
[rosout][INFO] 2021-10-22 12:46:59,295: [32m[LineDetectorNode] 4901:
Latencies:
               acquired | total latency     5.2 ms | delta wall     None clock     None
                decoded | total latency    26.9 ms | delta wall  21.8 ms clock  21.1 ms
                resized | total latency    27.9 ms | delta wall   0.9 ms clock   0.9 ms
              corrected | total latency    30.1 ms | delta wall   2.3 ms clock   2.3 ms
               detected | total latency    45.6 ms | delta wall  15.5 ms clock  14.8 ms
               prepared | total latency    48.8 ms | delta wall   3.2 ms clock   3.2 ms
          --pub_lines-- | total latency    49.4 ms | delta wall   0.7 ms clock   0.7 ms
[0m
[rosout][INFO] 2021-10-22 12:46:59,318: [32m[LineDetectorNode] 4901:In the last 6.4 s: received 192 (30.0 fps) processed 100 (15.6 fps) skipped 92 (14.4 fps) (48%)[0m
[rosout][INFO] 2021-10-22 12:47:05,526: [32m[LineDetectorNode] 5001:# segments: white   0 yellow   2 red  10[0m
[rosout][INFO] 2021-10-22 12:47:05,529: [32m[LineDetectorNode] 5001:
Latencies:
               acquired | total latency    10.2 ms | delta wall     None clock     None
                decoded | total latency    31.8 ms | delta wall  21.6 ms clock  20.9 ms
                resized | total latency    32.7 ms | delta wall   0.9 ms clock   0.9 ms
              corrected | total latency    37.2 ms | delta wall   4.5 ms clock   4.9 ms
               detected | total latency    47.7 ms | delta wall  10.5 ms clock  11.7 ms
               prepared | total latency    51.0 ms | delta wall   3.2 ms clock   2.8 ms
          --pub_lines-- | total latency    51.7 ms | delta wall   0.7 ms clock   0.7 ms
[0m
[rosout][INFO] 2021-10-22 12:47:05,551: [32m[LineDetectorNode] 5001:In the last 6.2 s: received 187 (30.0 fps) processed 100 (16.0 fps) skipped 87 (14.0 fps) (47%)[0m
[rosout][INFO] 2021-10-22 12:47:11,883: [32m[LineDetectorNode] 5101:# segments: white   0 yellow   0 red   5[0m
[rosout][INFO] 2021-10-22 12:47:11,892: [32m[LineDetectorNode] 5101:
Latencies:
               acquired | total latency     7.2 ms | delta wall     None clock     None
                decoded | total latency    29.4 ms | delta wall  22.3 ms clock  20.8 ms
                resized | total latency    30.3 ms | delta wall   0.8 ms clock   0.8 ms
              corrected | total latency    32.6 ms | delta wall   2.4 ms clock   2.3 ms
               detected | total latency    44.3 ms | delta wall  11.7 ms clock  13.4 ms
               prepared | total latency    47.0 ms | delta wall   2.7 ms clock   2.3 ms
          --pub_lines-- | total latency    47.6 ms | delta wall   0.6 ms clock   0.7 ms
[0m
[rosout][INFO] 2021-10-22 12:47:11,909: [32m[LineDetectorNode] 5101:In the last 6.4 s: received 191 (30.1 fps) processed 100 (15.7 fps) skipped 91 (14.3 fps) (48%)[0m
[rosout][INFO] 2021-10-22 12:47:19,684: [32m[LineDetectorNode] 5201:# segments: white   0 yellow  24 red   1[0m
[rosout][INFO] 2021-10-22 12:47:19,687: [32m[LineDetectorNode] 5201:
Latencies:
               acquired | total latency     5.7 ms | delta wall     None clock     None
                decoded | total latency    27.8 ms | delta wall  22.1 ms clock  21.3 ms
                resized | total latency    28.7 ms | delta wall   0.9 ms clock   0.8 ms
              corrected | total latency    31.0 ms | delta wall   2.3 ms clock   2.3 ms
               detected | total latency    47.6 ms | delta wall  16.6 ms clock  16.0 ms
               prepared | total latency    50.8 ms | delta wall   3.3 ms clock   3.2 ms
          --pub_lines-- | total latency    52.1 ms | delta wall   1.3 ms clock   1.3 ms
[0m
[rosout][INFO] 2021-10-22 12:47:19,707: [32m[LineDetectorNode] 5201:In the last 7.8 s: received 234 (30.0 fps) processed 100 (12.8 fps) skipped 134 (17.2 fps) (57%)[0m
[rosout][INFO] 2021-10-22 12:47:27,753: [32m[LineDetectorNode] 5301:# segments: white   0 yellow  44 red   1[0m
[rosout][INFO] 2021-10-22 12:47:27,760: [32m[LineDetectorNode] 5301:
Latencies:
               acquired | total latency    17.3 ms | delta wall     None clock     None
                decoded | total latency    75.7 ms | delta wall  58.5 ms clock  46.8 ms
                resized | total latency    77.5 ms | delta wall   1.8 ms clock   2.8 ms
              corrected | total latency    84.5 ms | delta wall   7.0 ms clock   8.2 ms
               detected | total latency   113.5 ms | delta wall  29.1 ms clock  33.7 ms
               prepared | total latency   122.4 ms | delta wall   8.9 ms clock   8.8 ms
          --pub_lines-- | total latency   126.0 ms | delta wall   3.6 ms clock   3.9 ms
[0m
[rosout][INFO] 2021-10-22 12:47:27,777: [32m[LineDetectorNode] 5301:In the last 8.1 s: received 242 (30.0 fps) processed 100 (12.4 fps) skipped 142 (17.6 fps) (59%)[0m
[rosout][INFO] 2021-10-22 12:47:35,595: [32m[LineDetectorNode] 5401:# segments: white   0 yellow  76 red   2[0m
[rosout][INFO] 2021-10-22 12:47:35,606: [32m[LineDetectorNode] 5401:
Latencies:
               acquired | total latency     5.3 ms | delta wall     None clock     None
                decoded | total latency    34.3 ms | delta wall  29.0 ms clock  23.6 ms
                resized | total latency    39.4 ms | delta wall   5.1 ms clock   1.2 ms
              corrected | total latency    45.4 ms | delta wall   6.0 ms clock   5.4 ms
               detected | total latency    64.3 ms | delta wall  18.9 ms clock  20.4 ms
               prepared | total latency    73.3 ms | delta wall   9.0 ms clock   7.4 ms
          --pub_lines-- | total latency    79.7 ms | delta wall   6.4 ms clock   6.4 ms
[0m
[rosout][INFO] 2021-10-22 12:47:35,632: [32m[LineDetectorNode] 5401:In the last 7.9 s: received 236 (30.1 fps) processed 100 (12.7 fps) skipped 136 (17.3 fps) (58%)[0m
[rosout][INFO] 2021-10-22 12:47:42,824: [32m[LineDetectorNode] 5501:# segments: white  84 yellow   0 red   0[0m
[rosout][INFO] 2021-10-22 12:47:42,833: [32m[LineDetectorNode] 5501:
Latencies:
               acquired | total latency     6.5 ms | delta wall     None clock     None
                decoded | total latency    28.7 ms | delta wall  22.1 ms clock  22.2 ms
                resized | total latency    30.5 ms | delta wall   1.8 ms clock   1.0 ms
              corrected | total latency    37.2 ms | delta wall   6.7 ms clock   3.9 ms
               detected | total latency    58.4 ms | delta wall  21.2 ms clock  21.4 ms
               prepared | total latency    70.9 ms | delta wall  12.5 ms clock   8.7 ms
          --pub_lines-- | total latency    74.5 ms | delta wall   3.6 ms clock   4.1 ms
[0m
[rosout][INFO] 2021-10-22 12:47:42,843: [32m[LineDetectorNode] 5501:In the last 7.2 s: received 216 (30.0 fps) processed 100 (13.9 fps) skipped 116 (16.1 fps) (54%)[0m
[rosout][INFO] 2021-10-22 12:47:49,746: [32m[LineDetectorNode] 5601:# segments: white   0 yellow  70 red   0[0m
[rosout][INFO] 2021-10-22 12:47:49,751: [32m[LineDetectorNode] 5601:
Latencies:
               acquired | total latency     5.5 ms | delta wall     None clock     None
                decoded | total latency    30.2 ms | delta wall  24.7 ms clock  20.4 ms
                resized | total latency    30.8 ms | delta wall   0.6 ms clock   0.6 ms
              corrected | total latency    33.6 ms | delta wall   2.9 ms clock   2.7 ms
               detected | total latency    53.5 ms | delta wall  19.8 ms clock  20.5 ms
               prepared | total latency    62.2 ms | delta wall   8.8 ms clock   5.2 ms
          --pub_lines-- | total latency    64.9 ms | delta wall   2.6 ms clock   2.6 ms
[0m
[rosout][INFO] 2021-10-22 12:47:49,760: [32m[LineDetectorNode] 5601:In the last 6.9 s: received 208 (30.1 fps) processed 100 (14.5 fps) skipped 108 (15.6 fps) (52%)[0m
[rosout][INFO] 2021-10-22 12:47:59,377: [32m[LineDetectorNode] 5701:# segments: white   0 yellow  24 red   0[0m
[rosout][INFO] 2021-10-22 12:47:59,392: [32m[LineDetectorNode] 5701:
Latencies:
               acquired | total latency    10.8 ms | delta wall     None clock     None
                decoded | total latency    50.4 ms | delta wall  39.7 ms clock  40.9 ms
                resized | total latency    51.4 ms | delta wall   1.0 ms clock   1.0 ms
              corrected | total latency    60.0 ms | delta wall   8.5 ms clock   4.8 ms
               detected | total latency    91.1 ms | delta wall  31.1 ms clock  26.3 ms
               prepared | total latency    96.8 ms | delta wall   5.7 ms clock   5.7 ms
          --pub_lines-- | total latency   107.6 ms | delta wall  10.8 ms clock   7.0 ms
[0m
[rosout][INFO] 2021-10-22 12:47:59,428: [32m[LineDetectorNode] 5701:In the last 9.7 s: received 290 (30.0 fps) processed 100 (10.3 fps) skipped 190 (19.7 fps) (66%)[0m
[rosout][INFO] 2021-10-22 12:48:10,953: [32m[LineDetectorNode] 5801:# segments: white   0 yellow  44 red   0[0m
[rosout][INFO] 2021-10-22 12:48:10,960: [32m[LineDetectorNode] 5801:
Latencies:
               acquired | total latency     7.1 ms | delta wall     None clock     None
                decoded | total latency    59.0 ms | delta wall  51.8 ms clock  44.9 ms
                resized | total latency    61.4 ms | delta wall   2.5 ms clock   2.4 ms
              corrected | total latency    66.0 ms | delta wall   4.6 ms clock   5.3 ms
               detected | total latency   102.6 ms | delta wall  36.6 ms clock  39.1 ms
               prepared | total latency   110.1 ms | delta wall   7.5 ms clock   7.4 ms
          --pub_lines-- | total latency   113.7 ms | delta wall   3.6 ms clock   4.1 ms
[0m
[rosout][INFO] 2021-10-22 12:48:10,986: [32m[LineDetectorNode] 5801:In the last 11.6 s: received 273 (23.6 fps) processed 100 (8.7 fps) skipped 173 (15.0 fps) (63%)[0m
[rosout][INFO] 2021-10-22 12:48:20,346: [32m[LineDetectorNode] 5901:# segments: white  29 yellow   0 red   1[0m
[rosout][INFO] 2021-10-22 12:48:20,349: [32m[LineDetectorNode] 5901:
Latencies:
               acquired | total latency     3.4 ms | delta wall     None clock     None
                decoded | total latency    23.4 ms | delta wall  20.0 ms clock  18.9 ms
                resized | total latency    24.3 ms | delta wall   0.8 ms clock   0.8 ms
              corrected | total latency    26.5 ms | delta wall   2.2 ms clock   2.2 ms
               detected | total latency    37.4 ms | delta wall  10.9 ms clock  12.4 ms
               prepared | total latency    41.2 ms | delta wall   3.8 ms clock   3.5 ms
          --pub_lines-- | total latency    42.7 ms | delta wall   1.5 ms clock   1.4 ms
[0m
[rosout][INFO] 2021-10-22 12:48:20,379: [32m[LineDetectorNode] 5901:In the last 9.4 s: received 141 (15.0 fps) processed 100 (10.6 fps) skipped 41 (4.4 fps) (29%)[0m
[rosout][INFO] 2021-10-22 12:48:29,345: [32m[LineDetectorNode] 6001:# segments: white   7 yellow  42 red   0[0m
[rosout][INFO] 2021-10-22 12:48:29,353: [32m[LineDetectorNode] 6001:
Latencies:
               acquired | total latency     9.2 ms | delta wall     None clock     None
                decoded | total latency    54.4 ms | delta wall  45.2 ms clock  38.7 ms
                resized | total latency    55.9 ms | delta wall   1.5 ms clock   1.4 ms
              corrected | total latency    60.2 ms | delta wall   4.3 ms clock   4.3 ms
               detected | total latency    97.7 ms | delta wall  37.6 ms clock  32.0 ms
               prepared | total latency   106.2 ms | delta wall   8.5 ms clock   8.1 ms
          --pub_lines-- | total latency   110.1 ms | delta wall   3.9 ms clock   4.8 ms
[0m
[rosout][INFO] 2021-10-22 12:48:29,388: [32m[LineDetectorNode] 6001:In the last 9.0 s: received 135 (15.0 fps) processed 100 (11.1 fps) skipped 35 (3.9 fps) (26%)[0m
[rosout][INFO] 2021-10-22 12:48:42,072: [32m[LineDetectorNode] 6101:# segments: white   8 yellow  47 red   1[0m
[rosout][INFO] 2021-10-22 12:48:42,084: [32m[LineDetectorNode] 6101:
Latencies:
               acquired | total latency     7.0 ms | delta wall     None clock     None
                decoded | total latency    55.3 ms | delta wall  48.3 ms clock  45.9 ms
                resized | total latency    56.7 ms | delta wall   1.4 ms clock   1.4 ms
              corrected | total latency    61.2 ms | delta wall   4.5 ms clock   4.5 ms
               detected | total latency   112.7 ms | delta wall  51.5 ms clock  41.6 ms
               prepared | total latency   124.5 ms | delta wall  11.8 ms clock   9.5 ms
          --pub_lines-- | total latency   131.9 ms | delta wall   7.4 ms clock   5.7 ms
[0m
[rosout][INFO] 2021-10-22 12:48:42,096: [32m[LineDetectorNode] 6101:In the last 12.7 s: received 239 (18.8 fps) processed 100 (7.9 fps) skipped 139 (10.9 fps) (58%)[0m
[rosout][INFO] 2021-10-22 12:48:53,624: [32m[LineDetectorNode] 6201:# segments: white   0 yellow  37 red   1[0m
[rosout][INFO] 2021-10-22 12:48:53,632: [32m[LineDetectorNode] 6201:
Latencies:
               acquired | total latency    24.8 ms | delta wall     None clock     None
                decoded | total latency    86.9 ms | delta wall  62.1 ms clock  50.6 ms
                resized | total latency    88.3 ms | delta wall   1.4 ms clock   1.4 ms
              corrected | total latency    93.0 ms | delta wall   4.7 ms clock   4.6 ms
               detected | total latency   130.7 ms | delta wall  37.7 ms clock  33.7 ms
               prepared | total latency   146.1 ms | delta wall  15.4 ms clock  11.5 ms
          --pub_lines-- | total latency   149.4 ms | delta wall   3.3 ms clock   3.3 ms
[0m
[rosout][INFO] 2021-10-22 12:48:53,655: [32m[LineDetectorNode] 6201:In the last 11.6 s: received 347 (30.0 fps) processed 100 (8.7 fps) skipped 247 (21.4 fps) (71%)[0m
[rosout][INFO] 2021-10-22 12:49:01,385: [32m[LineDetectorNode] 6301:# segments: white  52 yellow   0 red   0[0m
[rosout][INFO] 2021-10-22 12:49:01,390: [32m[LineDetectorNode] 6301:
Latencies:
               acquired | total latency     4.3 ms | delta wall     None clock     None
                decoded | total latency    25.6 ms | delta wall  21.3 ms clock  20.9 ms
                resized | total latency    26.5 ms | delta wall   0.9 ms clock   0.9 ms
              corrected | total latency    29.1 ms | delta wall   2.6 ms clock   2.7 ms
               detected | total latency    45.8 ms | delta wall  16.6 ms clock  19.0 ms
               prepared | total latency    50.4 ms | delta wall   4.6 ms clock   4.4 ms
          --pub_lines-- | total latency    53.5 ms | delta wall   3.1 ms clock   2.1 ms
[0m
[rosout][INFO] 2021-10-22 12:49:01,408: [32m[LineDetectorNode] 6301:In the last 7.7 s: received 233 (30.1 fps) processed 100 (12.9 fps) skipped 133 (17.2 fps) (57%)[0m
[rospy.internal][ERROR] 2021-10-22 12:49:03,396: [31mUnable to initiate TCP/IP socket to ss42.local:44826 (http://ss42.local:44106/): Traceback (most recent call last):
  File "/opt/ros/kinetic/lib/python2.7/dist-packages/rospy/impl/tcpros_base.py", line 557, in connect
    self.read_header()
  File "/opt/ros/kinetic/lib/python2.7/dist-packages/rospy/impl/tcpros_base.py", line 650, in read_header
    self._validate_header(read_ros_handshake_header(sock, self.read_buff, self.protocol.buff_size))
  File "/opt/ros/kinetic/lib/python2.7/dist-packages/rospy/impl/tcpros_base.py", line 593, in _validate_header
    raise TransportInitError("remote error reported: %s"%header['error'])
TransportInitError: remote error reported: node shutting down
[0m
[rospy.core][INFO] 2021-10-22 12:49:03,525: [32msignal_shutdown [signal-2][0m
[rosout][INFO] 2021-10-22 12:49:03,525: [32m[LineDetectorNode] Shutdown.[0m
[rospy.internal][INFO] 2021-10-22 12:49:03,651: [32mtopic[/ss42/line_detector_node/segment_list] removing connection to /ss42/ground_projection[0m
[rospy.internal][INFO] 2021-10-22 12:49:03,653: [32mtopic[/rosout] removing connection to /rosout[0m
[rospy.internal][INFO] 2021-10-22 12:49:03,654: [32mtopic[/ss42/line_detector_node/switch] removing connection to http://ss42.local:35872/[0m
[rospy.internal][INFO] 2021-10-22 12:49:03,657: [32mtopic[/ss42/camera_node/image/compressed] removing connection to http://ss42.local:43628/[0m
[rospy.internal][INFO] 2021-10-22 12:49:03,662: [32mtopic[/ss42/anti_instagram_node/transform] removing connection to http://ss42.local:44106/[0m
[rospy.impl.masterslave][INFO] 2021-10-22 12:49:03,663: [32msignal-2[0m
[rospy.core][INFO] 2021-10-22 12:49:04,197: [32msignal_shutdown [atexit][0m
