[rospy.client][INFO] 2021-10-22 12:40:12,184: init_node, name[/ss42/logic_gate_node], pid[23266]
[xmlrpc][INFO] 2021-10-22 12:40:12,206: XML-RPC server binding to 0.0.0.0:0
[xmlrpc][INFO] 2021-10-22 12:40:12,212: Started XML-RPC server [http://ss42.local:42974/]
[rospy.impl.masterslave][INFO] 2021-10-22 12:40:12,236: _ready: http://ss42.local:42974/
[rospy.init][INFO] 2021-10-22 12:40:12,213: ROS Slave URI: [http://ss42.local:42974/]
[rospy.registration][INFO] 2021-10-22 12:40:12,248: Registering with master node http://ss42.local:11311/
[xmlrpc][INFO] 2021-10-22 12:40:12,249: xml rpc node: starting XML-RPC server
[rospy.init][INFO] 2021-10-22 12:40:12,339: registered with master
[rospy.rosout][INFO] 2021-10-22 12:40:12,340: initializing /rosout core topic
[rospy.rosout][INFO] 2021-10-22 12:40:12,441: connected to core topic /rosout
[rospy.simtime][INFO] 2021-10-22 12:40:12,538: /use_sim_time is not set, will not subscribe to simulated time [/clock] topic
[rospy.internal][INFO] 2021-10-22 12:40:12,609: topic[/rosout] adding connection to [/rosout], count 0
[rospy.internal][INFO] 2021-10-22 12:40:13,372: topic[/ss42/joy_mapper_node/parallel_autonomy] adding connection to [http://ss42.local:40508/], count 0
[rospy.internal][INFO] 2021-10-22 12:40:13,508: topic[/ss42/logic_gate_node/intersection_done_and_not_parallel_autonomy] adding connection to [/ss42/fsm_node], count 0
[rospy.internal][INFO] 2021-10-22 12:40:13,626: topic[/ss42/logic_gate_node/intersection_done_and_parallel_autonomy] adding connection to [/ss42/fsm_node], count 0
[rospy.core][INFO] 2021-10-22 12:49:04,035: signal_shutdown [signal-2]
[rosout][INFO] 2021-10-22 12:49:04,036: [/ss42/logic_gate_node] Shutting down.
[rospy.internal][INFO] 2021-10-22 12:49:04,070: topic[/ss42/logic_gate_node/intersection_done_and_not_parallel_autonomy] removing connection to /ss42/fsm_node
[rospy.internal][INFO] 2021-10-22 12:49:04,072: topic[/rosout] removing connection to /rosout
[rospy.internal][INFO] 2021-10-22 12:49:04,074: topic[/ss42/logic_gate_node/intersection_done_and_parallel_autonomy] removing connection to /ss42/fsm_node
[rospy.internal][INFO] 2021-10-22 12:49:04,077: topic[/ss42/joy_mapper_node/parallel_autonomy] removing connection to http://ss42.local:40508/
[rospy.internal][WARNING] 2021-10-22 12:49:04,080: Unknown error initiating TCP/IP socket to ss42.local:38835 (http://ss42.local:40508/): Traceback (most recent call last):
  File "/opt/ros/kinetic/lib/python2.7/dist-packages/rospy/impl/tcpros_base.py", line 558, in connect
    self.local_endpoint = self.socket.getsockname()
AttributeError: 'NoneType' object has no attribute 'getsockname'

[rospy.impl.masterslave][INFO] 2021-10-22 12:49:04,081: signal-2
[rospy.core][INFO] 2021-10-22 12:49:04,654: signal_shutdown [atexit]
