[rospy.client][INFO] 2021-10-22 12:40:11,699: init_node, name[/ss42/lane_controller_node], pid[23291]
[xmlrpc][INFO] 2021-10-22 12:40:11,713: XML-RPC server binding to 0.0.0.0:0
[xmlrpc][INFO] 2021-10-22 12:40:11,727: Started XML-RPC server [http://ss42.local:41578/]
[rospy.impl.masterslave][INFO] 2021-10-22 12:40:11,728: _ready: http://ss42.local:41578/
[rospy.init][INFO] 2021-10-22 12:40:11,729: ROS Slave URI: [http://ss42.local:41578/]
[rospy.registration][INFO] 2021-10-22 12:40:11,741: Registering with master node http://ss42.local:11311/
[xmlrpc][INFO] 2021-10-22 12:40:11,742: xml rpc node: starting XML-RPC server
[rospy.init][INFO] 2021-10-22 12:40:11,830: registered with master
[rospy.rosout][INFO] 2021-10-22 12:40:11,831: initializing /rosout core topic
[rospy.rosout][INFO] 2021-10-22 12:40:12,000: connected to core topic /rosout
[rospy.simtime][INFO] 2021-10-22 12:40:12,076: /use_sim_time is not set, will not subscribe to simulated time [/clock] topic
[rospy.internal][INFO] 2021-10-22 12:40:12,265: topic[/rosout] adding connection to [/rosout], count 0
[rosout][INFO] 2021-10-22 12:40:12,395: [/ss42/lane_controller_node] ~v_bar = 0.3864 
[rosout][INFO] 2021-10-22 12:40:12,597: [/ss42/lane_controller_node] ~k_d = -10.3 
[rosout][INFO] 2021-10-22 12:40:12,760: [/ss42/lane_controller_node] ~k_theta = -5.15 
[rosout][INFO] 2021-10-22 12:40:12,952: [/ss42/lane_controller_node] ~d_thres = 0.2615 
[rosout][INFO] 2021-10-22 12:40:13,101: [/ss42/lane_controller_node] ~theta_thres = 0.523 
[rosout][INFO] 2021-10-22 12:40:13,220: [/ss42/lane_controller_node] ~d_offset = 0.0 
[rospy.internal][INFO] 2021-10-22 12:40:13,484: topic[/ss42/lane_controller_node/car_cmd] adding connection to [/ss42/car_cmd_switch_node], count 0
[rosout][INFO] 2021-10-22 12:40:13,535: [/ss42/lane_controller_node] Initialized 
[rospy.internal][INFO] 2021-10-22 12:40:21,555: topic[/ss42/lane_filter_node/lane_pose] adding connection to [http://ss42.local:37863/], count 0
[rospy.core][INFO] 2021-10-22 12:49:03,479: signal_shutdown [signal-2]
[rosout][INFO] 2021-10-22 12:49:03,485: [/ss42/lane_controller_node] Shutting down...
[rospy.internal][INFO] 2021-10-22 12:49:03,491: topic impl's ref count is zero, deleting topic /ss42/lane_filter_node/lane_pose...
[rospy.internal][INFO] 2021-10-22 12:49:03,495: topic[/ss42/lane_filter_node/lane_pose] removing connection to http://ss42.local:37863/
[rospy.internal][WARNING] 2021-10-22 12:49:03,500: Unknown error initiating TCP/IP socket to ss42.local:38585 (http://ss42.local:37863/): Traceback (most recent call last):
  File "/opt/ros/kinetic/lib/python2.7/dist-packages/rospy/impl/tcpros_base.py", line 558, in connect
    self.local_endpoint = self.socket.getsockname()
AttributeError: 'NoneType' object has no attribute 'getsockname'

[rosout][INFO] 2021-10-22 12:49:04,088: [/ss42/lane_controller_node] Shutdown
[rospy.internal][INFO] 2021-10-22 12:49:04,122: topic[/ss42/lane_controller_node/car_cmd] removing connection to /ss42/car_cmd_switch_node
[rospy.internal][INFO] 2021-10-22 12:49:04,128: topic[/rosout] removing connection to /rosout
[rospy.impl.masterslave][INFO] 2021-10-22 12:49:04,130: signal-2
[rospy.core][INFO] 2021-10-22 12:49:04,237: signal_shutdown [atexit]
