[rospy.client][INFO] 2021-10-22 12:40:10,932: init_node, name[/ss42/car_cmd_switch_node], pid[23263]
[xmlrpc][INFO] 2021-10-22 12:40:10,966: XML-RPC server binding to 0.0.0.0:0
[xmlrpc][INFO] 2021-10-22 12:40:10,967: Started XML-RPC server [http://ss42.local:34371/]
[rospy.impl.masterslave][INFO] 2021-10-22 12:40:10,968: _ready: http://ss42.local:34371/
[rospy.init][INFO] 2021-10-22 12:40:10,969: ROS Slave URI: [http://ss42.local:34371/]
[rospy.registration][INFO] 2021-10-22 12:40:10,973: Registering with master node http://ss42.local:11311/
[xmlrpc][INFO] 2021-10-22 12:40:10,974: xml rpc node: starting XML-RPC server
[rospy.init][INFO] 2021-10-22 12:40:11,070: registered with master
[rospy.rosout][INFO] 2021-10-22 12:40:11,071: initializing /rosout core topic
[rospy.rosout][INFO] 2021-10-22 12:40:11,104: connected to core topic /rosout
[rospy.simtime][INFO] 2021-10-22 12:40:11,165: /use_sim_time is not set, will not subscribe to simulated time [/clock] topic
[rospy.internal][INFO] 2021-10-22 12:40:11,416: topic[/rosout] adding connection to [/rosout], count 0
[rosout][INFO] 2021-10-22 12:40:13,085: [/ss42/car_cmd_switch_node] Initialized. 
[rospy.internal][INFO] 2021-10-22 12:40:13,155: topic[/ss42/fsm_node/mode] adding connection to [http://ss42.local:35872/], count 0
[rospy.internal][INFO] 2021-10-22 12:40:13,165: topic[/ss42/joy_mapper_node/car_cmd] adding connection to [http://ss42.local:40508/], count 0
[rospy.internal][INFO] 2021-10-22 12:40:13,467: topic[/ss42/lane_controller_node/car_cmd] adding connection to [http://ss42.local:41578/], count 0
[rospy.internal][INFO] 2021-10-22 12:40:13,545: topic[/ss42/simple_coordinator_node/car_cmd] adding connection to [http://ss42.local:39628/], count 0
[rosout][INFO] 2021-10-22 12:40:13,956: [/ss42/car_cmd_switch_node] Car cmd switched to joystick in state JOYSTICK_CONTROL.
[rospy.internal][INFO] 2021-10-22 12:40:19,501: topic[/ss42/car_cmd_switch_node/cmd] adding connection to [/ss42/inverse_kinematics_node], count 0
[rospy.internal][INFO] 2021-10-22 12:40:21,529: topic[/ss42/car_cmd_switch_node/cmd] adding connection to [/ss42/lane_filter_node], count 1
[rosout][INFO] 2021-10-22 12:45:15,693: [/ss42/car_cmd_switch_node] Car cmd switched to lane in state LANE_FOLLOWING.
[rosout][INFO] 2021-10-22 12:46:11,738: [/ss42/car_cmd_switch_node] Car cmd switched to joystick in state JOYSTICK_CONTROL.
[rosout][INFO] 2021-10-22 12:48:06,360: [/ss42/car_cmd_switch_node] Car cmd switched to lane in state LANE_FOLLOWING.
[rosout][INFO] 2021-10-22 12:48:38,414: [/ss42/car_cmd_switch_node] Car cmd switched to joystick in state JOYSTICK_CONTROL.
[rospy.internal][ERROR] 2021-10-22 12:49:03,437: Unable to initiate TCP/IP socket to ss42.local:33157 (http://ss42.local:39628/): Traceback (most recent call last):
  File "/opt/ros/kinetic/lib/python2.7/dist-packages/rospy/impl/tcpros_base.py", line 557, in connect
    self.read_header()
  File "/opt/ros/kinetic/lib/python2.7/dist-packages/rospy/impl/tcpros_base.py", line 650, in read_header
    self._validate_header(read_ros_handshake_header(sock, self.read_buff, self.protocol.buff_size))
  File "/opt/ros/kinetic/lib/python2.7/dist-packages/rospy/impl/tcpros_base.py", line 593, in _validate_header
    raise TransportInitError("remote error reported: %s"%header['error'])
TransportInitError: remote error reported: node shutting down

[rospy.internal][INFO] 2021-10-22 12:49:03,850: topic[/ss42/car_cmd_switch_node/cmd] removing connection to /ss42/lane_filter_node
[rospy.internal][ERROR] 2021-10-22 12:49:04,128: Unable to initiate TCP/IP socket to ss42.local:36438 (http://ss42.local:41578/): Traceback (most recent call last):
  File "/opt/ros/kinetic/lib/python2.7/dist-packages/rospy/impl/tcpros_base.py", line 557, in connect
    self.read_header()
  File "/opt/ros/kinetic/lib/python2.7/dist-packages/rospy/impl/tcpros_base.py", line 650, in read_header
    self._validate_header(read_ros_handshake_header(sock, self.read_buff, self.protocol.buff_size))
  File "/opt/ros/kinetic/lib/python2.7/dist-packages/rospy/impl/tcpros_base.py", line 593, in _validate_header
    raise TransportInitError("remote error reported: %s"%header['error'])
TransportInitError: remote error reported: node shutting down

[rospy.core][INFO] 2021-10-22 12:49:04,174: signal_shutdown [signal-2]
[rosout][INFO] 2021-10-22 12:49:04,175: [/ss42/car_cmd_switch_node] Shutting down.
[rospy.internal][INFO] 2021-10-22 12:49:04,332: topic[/rosout] removing connection to /rosout
[rospy.internal][INFO] 2021-10-22 12:49:04,346: topic[/ss42/car_cmd_switch_node/cmd] removing connection to /ss42/inverse_kinematics_node
[rospy.internal][INFO] 2021-10-22 12:49:04,352: topic[/ss42/fsm_node/mode] removing connection to http://ss42.local:35872/
[rospy.internal][INFO] 2021-10-22 12:49:04,353: topic[/ss42/lane_controller_node/car_cmd] removing connection to http://ss42.local:41578/
[rospy.internal][WARNING] 2021-10-22 12:49:04,363: Unknown error initiating TCP/IP socket to ss42.local:38835 (http://ss42.local:40508/): Traceback (most recent call last):
  File "/opt/ros/kinetic/lib/python2.7/dist-packages/rospy/impl/tcpros_base.py", line 558, in connect
    self.local_endpoint = self.socket.getsockname()
AttributeError: 'NoneType' object has no attribute 'getsockname'

[rospy.internal][INFO] 2021-10-22 12:49:04,364: topic[/ss42/joy_mapper_node/car_cmd] removing connection to http://ss42.local:40508/
[rospy.internal][INFO] 2021-10-22 12:49:04,366: topic[/ss42/simple_coordinator_node/car_cmd] removing connection to http://ss42.local:39628/
[rospy.impl.masterslave][INFO] 2021-10-22 12:49:04,367: signal-2
[rospy.core][INFO] 2021-10-22 12:49:04,839: signal_shutdown [atexit]
