[rospy.client][INFO] 2021-10-22 12:40:12,644: init_node, name[/ss42/fake_coordinator_node], pid[23307]
[xmlrpc][INFO] 2021-10-22 12:40:12,676: XML-RPC server binding to 0.0.0.0:0
[rospy.init][INFO] 2021-10-22 12:40:12,688: ROS Slave URI: [http://ss42.local:39628/]
[xmlrpc][INFO] 2021-10-22 12:40:12,689: Started XML-RPC server [http://ss42.local:39628/]
[rospy.impl.masterslave][INFO] 2021-10-22 12:40:12,690: _ready: http://ss42.local:39628/
[xmlrpc][INFO] 2021-10-22 12:40:12,705: xml rpc node: starting XML-RPC server
[rospy.registration][INFO] 2021-10-22 12:40:12,708: Registering with master node http://ss42.local:11311/
[rospy.init][INFO] 2021-10-22 12:40:12,789: registered with master
[rospy.rosout][INFO] 2021-10-22 12:40:12,790: initializing /rosout core topic
[rospy.rosout][INFO] 2021-10-22 12:40:12,904: connected to core topic /rosout
[rospy.simtime][INFO] 2021-10-22 12:40:13,002: /use_sim_time is not set, will not subscribe to simulated time [/clock] topic
[rospy.internal][INFO] 2021-10-22 12:40:13,151: topic[/rosout] adding connection to [/rosout], count 0
[rospy.internal][INFO] 2021-10-22 12:40:13,499: topic[/ss42/fsm_node/mode] adding connection to [http://ss42.local:35872/], count 0
[rospy.internal][INFO] 2021-10-22 12:40:13,576: topic[/ss42/simple_coordinator_node/car_cmd] adding connection to [/ss42/car_cmd_switch_node], count 0
[rospy.internal][INFO] 2021-10-22 12:40:13,936: topic[/ss42/simple_coordinator_node/intersection_go] adding connection to [/ss42/fsm_node], count 0
[rospy.core][INFO] 2021-10-22 12:49:03,327: signal_shutdown [signal-2]
[rosout][INFO] 2021-10-22 12:49:03,329: [LaneFilterNode] Shutdown.
[rospy.internal][INFO] 2021-10-22 12:49:03,421: topic[/ss42/simple_coordinator_node/intersection_go] removing connection to /ss42/fsm_node
[rospy.internal][INFO] 2021-10-22 12:49:03,423: topic[/rosout] removing connection to /rosout
[rospy.internal][INFO] 2021-10-22 12:49:03,425: topic[/ss42/simple_coordinator_node/car_cmd] removing connection to /ss42/car_cmd_switch_node
[rospy.internal][INFO] 2021-10-22 12:49:03,436: topic[/ss42/fsm_node/mode] removing connection to http://ss42.local:35872/
[rospy.impl.masterslave][INFO] 2021-10-22 12:49:03,442: signal-2
[rospy.internal][WARNING] 2021-10-22 12:49:03,449: Unknown error initiating TCP/IP socket to ss42.local:42453 (http://ss42.local:35872/): Traceback (most recent call last):
  File "/opt/ros/kinetic/lib/python2.7/dist-packages/rospy/impl/tcpros_base.py", line 558, in connect
    self.local_endpoint = self.socket.getsockname()
AttributeError: 'NoneType' object has no attribute 'getsockname'

[rospy.core][INFO] 2021-10-22 12:49:03,967: signal_shutdown [atexit]
