[rospy.client][INFO] 2021-10-22 12:40:10,944: init_node, name[/ss42/fsm_node], pid[23257]
[xmlrpc][INFO] 2021-10-22 12:40:10,986: XML-RPC server binding to 0.0.0.0:0
[xmlrpc][INFO] 2021-10-22 12:40:10,987: Started XML-RPC server [http://ss42.local:35872/]
[rospy.impl.masterslave][INFO] 2021-10-22 12:40:10,988: _ready: http://ss42.local:35872/
[rospy.init][INFO] 2021-10-22 12:40:10,989: ROS Slave URI: [http://ss42.local:35872/]
[rospy.registration][INFO] 2021-10-22 12:40:11,012: Registering with master node http://ss42.local:11311/
[xmlrpc][INFO] 2021-10-22 12:40:11,013: xml rpc node: starting XML-RPC server
[rospy.init][INFO] 2021-10-22 12:40:11,090: registered with master
[rospy.rosout][INFO] 2021-10-22 12:40:11,091: initializing /rosout core topic
[rospy.rosout][INFO] 2021-10-22 12:40:11,154: connected to core topic /rosout
[rospy.simtime][INFO] 2021-10-22 12:40:11,188: /use_sim_time is not set, will not subscribe to simulated time [/clock] topic
[rospy.internal][INFO] 2021-10-22 12:40:11,417: topic[/rosout] adding connection to [/rosout], count 0
[rospy.internal][INFO] 2021-10-22 12:40:13,240: topic[/ss42/fsm_node/mode] adding connection to [/ss42/car_cmd_switch_node], count 0
[rospy.internal][INFO] 2021-10-22 12:40:13,404: topic[/ss42/logic_gate_node/intersection_done_and_not_parallel_autonomy] adding connection to [http://ss42.local:42974/], count 0
[rospy.internal][INFO] 2021-10-22 12:40:13,568: topic[/ss42/fsm_node/mode] adding connection to [/ss42/fake_coordinator_node], count 1
[rospy.internal][INFO] 2021-10-22 12:40:13,581: topic[/ss42/logic_gate_node/intersection_done_and_parallel_autonomy] adding connection to [http://ss42.local:42974/], count 0
[rospy.internal][INFO] 2021-10-22 12:40:13,625: topic[/ss42/led_emitter_node/switch] adding connection to [/ss42/led_emitter_node], count 0
[rospy.internal][INFO] 2021-10-22 12:40:13,707: topic[/ss42/joy_mapper_node/joystick_override] adding connection to [http://ss42.local:40508/], count 0
[rospy.internal][INFO] 2021-10-22 12:40:13,787: topic[/ss42/joy_mapper_node/start_avoidance] adding connection to [http://ss42.local:40508/], count 0
[rosout][INFO] 2021-10-22 12:40:13,840: [/ss42/fsm_node] Initialized.
[rosout][INFO] 2021-10-22 12:40:13,845: [/ss42/fsm_node] Node vehicle_detector_node is OFF in JOYSTICK_CONTROL
[rosout][INFO] 2021-10-22 12:40:13,850: [/ss42/fsm_node] Node framerate_high is ON in JOYSTICK_CONTROL
[rosout][INFO] 2021-10-22 12:40:13,856: [/ss42/fsm_node] Node decoder_node is ON in JOYSTICK_CONTROL
[rosout][INFO] 2021-10-22 12:40:13,876: [/ss42/fsm_node] Node stop_line_filter_node is ON in JOYSTICK_CONTROL
[rosout][INFO] 2021-10-22 12:40:13,886: [/ss42/fsm_node] Node lane_filter_node is ON in JOYSTICK_CONTROL
[rospy.internal][INFO] 2021-10-22 12:40:13,899: topic[/ss42/simple_coordinator_node/intersection_go] adding connection to [http://ss42.local:39628/], count 0
[rosout][INFO] 2021-10-22 12:40:13,889: [/ss42/fsm_node] Node led_detector_node is OFF in JOYSTICK_CONTROL
[rospy.internal][INFO] 2021-10-22 12:40:13,916: topic[/ss42/joy_mapper_node/parallel_autonomy] adding connection to [http://ss42.local:40508/], count 0
[rosout][INFO] 2021-10-22 12:40:13,917: [/ss42/fsm_node] Node static_object_detector_node is OFF in JOYSTICK_CONTROL
[rosout][INFO] 2021-10-22 12:40:13,921: [/ss42/fsm_node] Node led_emitter_node is OFF in JOYSTICK_CONTROL
[rosout][INFO] 2021-10-22 12:40:13,925: [/ss42/fsm_node] Node line_detector_node is ON in JOYSTICK_CONTROL
[rosout][INFO] 2021-10-22 12:40:13,935: [/ss42/fsm_node] Node apriltag_node is ON in JOYSTICK_CONTROL
[rosout][INFO] 2021-10-22 12:40:13,955: [/ss42/fsm_node] FSMState: JOYSTICK_CONTROL
[rospy.internal][INFO] 2021-10-22 12:40:19,954: topic[/ss42/camera_node/framerate_high_switch] adding connection to [/ss42/camera_node], count 0
[rospy.internal][INFO] 2021-10-22 12:40:20,928: topic[/ss42/line_detector_node/switch] adding connection to [/ss42/line_detector_node], count 0
[rospy.internal][INFO] 2021-10-22 12:40:21,540: topic[/ss42/lane_filter_node/switch] adding connection to [/ss42/lane_filter_node], count 0
[rosout][INFO] 2021-10-22 12:45:15,650: [/ss42/fsm_node] Event: joystick_override_off
[rosout][INFO] 2021-10-22 12:45:15,654: [/ss42/fsm_node] Node vehicle_detector_node is OFF in LANE_FOLLOWING
[rosout][INFO] 2021-10-22 12:45:15,656: [/ss42/fsm_node] Node framerate_high is OFF in LANE_FOLLOWING
[rosout][INFO] 2021-10-22 12:45:15,659: [/ss42/fsm_node] Node decoder_node is OFF in LANE_FOLLOWING
[rosout][INFO] 2021-10-22 12:45:15,662: [/ss42/fsm_node] Node stop_line_filter_node is ON in LANE_FOLLOWING
[rosout][INFO] 2021-10-22 12:45:15,666: [/ss42/fsm_node] Node lane_filter_node is ON in LANE_FOLLOWING
[rosout][INFO] 2021-10-22 12:45:15,674: [/ss42/fsm_node] Node led_detector_node is OFF in LANE_FOLLOWING
[rosout][INFO] 2021-10-22 12:45:15,677: [/ss42/fsm_node] Node static_object_detector_node is OFF in LANE_FOLLOWING
[rosout][INFO] 2021-10-22 12:45:15,684: [/ss42/fsm_node] Node led_emitter_node is OFF in LANE_FOLLOWING
[rosout][INFO] 2021-10-22 12:45:15,686: [/ss42/fsm_node] Node line_detector_node is ON in LANE_FOLLOWING
[rosout][INFO] 2021-10-22 12:45:15,690: [/ss42/fsm_node] Node apriltag_node is OFF in LANE_FOLLOWING
[rosout][INFO] 2021-10-22 12:45:15,693: [/ss42/fsm_node] FSMState: LANE_FOLLOWING
[rosout][INFO] 2021-10-22 12:46:11,680: [/ss42/fsm_node] Event: joystick_override_on
[rosout][INFO] 2021-10-22 12:46:11,684: [/ss42/fsm_node] Node vehicle_detector_node is OFF in JOYSTICK_CONTROL
[rosout][INFO] 2021-10-22 12:46:11,688: [/ss42/fsm_node] Node framerate_high is ON in JOYSTICK_CONTROL
[rosout][INFO] 2021-10-22 12:46:11,692: [/ss42/fsm_node] Node decoder_node is ON in JOYSTICK_CONTROL
[rosout][INFO] 2021-10-22 12:46:11,697: [/ss42/fsm_node] Node stop_line_filter_node is ON in JOYSTICK_CONTROL
[rosout][INFO] 2021-10-22 12:46:11,711: [/ss42/fsm_node] Node lane_filter_node is ON in JOYSTICK_CONTROL
[rosout][INFO] 2021-10-22 12:46:11,715: [/ss42/fsm_node] Node led_detector_node is OFF in JOYSTICK_CONTROL
[rosout][INFO] 2021-10-22 12:46:11,719: [/ss42/fsm_node] Node static_object_detector_node is OFF in JOYSTICK_CONTROL
[rosout][INFO] 2021-10-22 12:46:11,725: [/ss42/fsm_node] Node led_emitter_node is OFF in JOYSTICK_CONTROL
[rosout][INFO] 2021-10-22 12:46:11,729: [/ss42/fsm_node] Node line_detector_node is ON in JOYSTICK_CONTROL
[rosout][INFO] 2021-10-22 12:46:11,733: [/ss42/fsm_node] Node apriltag_node is ON in JOYSTICK_CONTROL
[rosout][INFO] 2021-10-22 12:46:11,742: [/ss42/fsm_node] FSMState: JOYSTICK_CONTROL
[rosout][INFO] 2021-10-22 12:48:06,309: [/ss42/fsm_node] Event: joystick_override_off
[rosout][INFO] 2021-10-22 12:48:06,311: [/ss42/fsm_node] Node vehicle_detector_node is OFF in LANE_FOLLOWING
[rosout][INFO] 2021-10-22 12:48:06,317: [/ss42/fsm_node] Node framerate_high is OFF in LANE_FOLLOWING
[rosout][INFO] 2021-10-22 12:48:06,322: [/ss42/fsm_node] Node decoder_node is OFF in LANE_FOLLOWING
[rosout][INFO] 2021-10-22 12:48:06,334: [/ss42/fsm_node] Node stop_line_filter_node is ON in LANE_FOLLOWING
[rosout][INFO] 2021-10-22 12:48:06,337: [/ss42/fsm_node] Node lane_filter_node is ON in LANE_FOLLOWING
[rosout][INFO] 2021-10-22 12:48:06,340: [/ss42/fsm_node] Node led_detector_node is OFF in LANE_FOLLOWING
[rosout][INFO] 2021-10-22 12:48:06,343: [/ss42/fsm_node] Node static_object_detector_node is OFF in LANE_FOLLOWING
[rosout][INFO] 2021-10-22 12:48:06,346: [/ss42/fsm_node] Node led_emitter_node is OFF in LANE_FOLLOWING
[rosout][INFO] 2021-10-22 12:48:06,354: [/ss42/fsm_node] Node line_detector_node is ON in LANE_FOLLOWING
[rosout][INFO] 2021-10-22 12:48:06,356: [/ss42/fsm_node] Node apriltag_node is OFF in LANE_FOLLOWING
[rosout][INFO] 2021-10-22 12:48:06,362: [/ss42/fsm_node] FSMState: LANE_FOLLOWING
[rosout][INFO] 2021-10-22 12:48:38,342: [/ss42/fsm_node] Event: joystick_override_on
[rosout][INFO] 2021-10-22 12:48:38,346: [/ss42/fsm_node] Node vehicle_detector_node is OFF in JOYSTICK_CONTROL
[rosout][INFO] 2021-10-22 12:48:38,350: [/ss42/fsm_node] Node framerate_high is ON in JOYSTICK_CONTROL
[rosout][INFO] 2021-10-22 12:48:38,356: [/ss42/fsm_node] Node decoder_node is ON in JOYSTICK_CONTROL
[rosout][INFO] 2021-10-22 12:48:38,367: [/ss42/fsm_node] Node stop_line_filter_node is ON in JOYSTICK_CONTROL
[rosout][INFO] 2021-10-22 12:48:38,384: [/ss42/fsm_node] Node lane_filter_node is ON in JOYSTICK_CONTROL
[rosout][INFO] 2021-10-22 12:48:38,391: [/ss42/fsm_node] Node led_detector_node is OFF in JOYSTICK_CONTROL
[rosout][INFO] 2021-10-22 12:48:38,395: [/ss42/fsm_node] Node static_object_detector_node is OFF in JOYSTICK_CONTROL
[rosout][INFO] 2021-10-22 12:48:38,399: [/ss42/fsm_node] Node led_emitter_node is OFF in JOYSTICK_CONTROL
[rosout][INFO] 2021-10-22 12:48:38,404: [/ss42/fsm_node] Node line_detector_node is ON in JOYSTICK_CONTROL
[rosout][INFO] 2021-10-22 12:48:38,408: [/ss42/fsm_node] Node apriltag_node is ON in JOYSTICK_CONTROL
[rosout][INFO] 2021-10-22 12:48:38,414: [/ss42/fsm_node] FSMState: JOYSTICK_CONTROL
[rospy.internal][ERROR] 2021-10-22 12:49:03,438: Unable to initiate TCP/IP socket to ss42.local:33157 (http://ss42.local:39628/): Traceback (most recent call last):
  File "/opt/ros/kinetic/lib/python2.7/dist-packages/rospy/impl/tcpros_base.py", line 557, in connect
    self.read_header()
  File "/opt/ros/kinetic/lib/python2.7/dist-packages/rospy/impl/tcpros_base.py", line 650, in read_header
    self._validate_header(read_ros_handshake_header(sock, self.read_buff, self.protocol.buff_size))
  File "/opt/ros/kinetic/lib/python2.7/dist-packages/rospy/impl/tcpros_base.py", line 593, in _validate_header
    raise TransportInitError("remote error reported: %s"%header['error'])
TransportInitError: remote error reported: node shutting down

[rospy.internal][INFO] 2021-10-22 12:49:03,459: topic[/ss42/led_emitter_node/switch] adding connection to [/ss42/led_emitter_node], count 1
[rospy.internal][INFO] 2021-10-22 12:49:03,461: topic[/ss42/led_emitter_node/switch] removing connection to /ss42/led_emitter_node
[rosout][WARNING] 2021-10-22 12:49:03,466: Inbound TCP/IP connection failed: connection from sender terminated before handshake header received. 0 bytes were received. Please check sender for additional details.
[rospy.internal][ERROR] 2021-10-22 12:49:03,472: Inbound TCP/IP connection failed:
Traceback (most recent call last):
  File "/opt/ros/kinetic/lib/python2.7/dist-packages/rospy/impl/tcpros_base.py", line 321, in _tcp_server_callback
    header = read_ros_handshake_header(sock, StringIO(), buff_size)
  File "/opt/ros/kinetic/lib/python2.7/dist-packages/rosgraph/network.py", line 364, in read_ros_handshake_header
    raise ROSHandshakeException("connection from sender terminated before handshake header received. %s bytes were received. Please check sender for additional details."%b.tell())
ROSHandshakeException: connection from sender terminated before handshake header received. 0 bytes were received. Please check sender for additional details.

[rospy.internal][INFO] 2021-10-22 12:49:03,887: topic[/ss42/fsm_node/mode] removing connection to /ss42/fake_coordinator_node
[rospy.internal][INFO] 2021-10-22 12:49:03,888: topic[/ss42/led_emitter_node/switch] removing connection to /ss42/led_emitter_node
[rospy.internal][INFO] 2021-10-22 12:49:03,890: topic[/ss42/line_detector_node/switch] removing connection to /ss42/line_detector_node
[rospy.internal][INFO] 2021-10-22 12:49:03,892: topic[/ss42/lane_filter_node/switch] removing connection to /ss42/lane_filter_node
[rospy.internal][ERROR] 2021-10-22 12:49:04,074: Unable to initiate TCP/IP socket to ss42.local:37040 (http://ss42.local:42974/): Traceback (most recent call last):
  File "/opt/ros/kinetic/lib/python2.7/dist-packages/rospy/impl/tcpros_base.py", line 557, in connect
    self.read_header()
  File "/opt/ros/kinetic/lib/python2.7/dist-packages/rospy/impl/tcpros_base.py", line 650, in read_header
    self._validate_header(read_ros_handshake_header(sock, self.read_buff, self.protocol.buff_size))
  File "/opt/ros/kinetic/lib/python2.7/dist-packages/rospy/impl/tcpros_base.py", line 593, in _validate_header
    raise TransportInitError("remote error reported: %s"%header['error'])
TransportInitError: remote error reported: node shutting down

[rospy.internal][ERROR] 2021-10-22 12:49:04,080: Unable to initiate TCP/IP socket to ss42.local:37040 (http://ss42.local:42974/): Traceback (most recent call last):
  File "/opt/ros/kinetic/lib/python2.7/dist-packages/rospy/impl/tcpros_base.py", line 557, in connect
    self.read_header()
  File "/opt/ros/kinetic/lib/python2.7/dist-packages/rospy/impl/tcpros_base.py", line 650, in read_header
    self._validate_header(read_ros_handshake_header(sock, self.read_buff, self.protocol.buff_size))
  File "/opt/ros/kinetic/lib/python2.7/dist-packages/rospy/impl/tcpros_base.py", line 593, in _validate_header
    raise TransportInitError("remote error reported: %s"%header['error'])
TransportInitError: remote error reported: node shutting down

[rospy.core][INFO] 2021-10-22 12:49:04,188: signal_shutdown [signal-2]
[rosout][INFO] 2021-10-22 12:49:04,189: [/ss42/fsm_node] Shutting down.
[rospy.internal][INFO] 2021-10-22 12:49:04,420: topic[/ss42/fsm_node/mode] removing connection to /ss42/car_cmd_switch_node
[rospy.internal][INFO] 2021-10-22 12:49:04,422: topic[/rosout] removing connection to /rosout
[rospy.internal][INFO] 2021-10-22 12:49:04,427: topic[/ss42/camera_node/framerate_high_switch] removing connection to /ss42/camera_node
[rospy.internal][INFO] 2021-10-22 12:49:04,434: topic[/ss42/joy_mapper_node/joystick_override] removing connection to http://ss42.local:40508/
[rospy.internal][INFO] 2021-10-22 12:49:04,438: topic[/ss42/simple_coordinator_node/intersection_go] removing connection to http://ss42.local:39628/
[rospy.internal][INFO] 2021-10-22 12:49:04,439: topic[/ss42/logic_gate_node/intersection_done_and_not_parallel_autonomy] removing connection to http://ss42.local:42974/
[rospy.internal][INFO] 2021-10-22 12:49:04,456: topic[/ss42/joy_mapper_node/parallel_autonomy] removing connection to http://ss42.local:40508/
[rospy.internal][INFO] 2021-10-22 12:49:04,460: topic[/ss42/joy_mapper_node/start_avoidance] removing connection to http://ss42.local:40508/
[rospy.internal][INFO] 2021-10-22 12:49:04,462: topic[/ss42/logic_gate_node/intersection_done_and_parallel_autonomy] removing connection to http://ss42.local:42974/
[rospy.impl.masterslave][INFO] 2021-10-22 12:49:04,464: signal-2
[rospy.core][INFO] 2021-10-22 12:49:04,832: signal_shutdown [atexit]
