[rospy.client][INFO] 2021-10-22 12:40:19,722: [32minit_node, name[/ss42/anti_instagram_node], pid[23309][0m
[xmlrpc][INFO] 2021-10-22 12:40:19,725: [32mXML-RPC server binding to 0.0.0.0:0[0m
[xmlrpc][INFO] 2021-10-22 12:40:19,727: [32mStarted XML-RPC server [http://ss42.local:44106/][0m
[rospy.impl.masterslave][INFO] 2021-10-22 12:40:19,728: [32m_ready: http://ss42.local:44106/[0m
[rospy.init][INFO] 2021-10-22 12:40:19,729: [32mROS Slave URI: [http://ss42.local:44106/][0m
[rospy.registration][INFO] 2021-10-22 12:40:19,737: [32mRegistering with master node http://ss42.local:11311/[0m
[xmlrpc][INFO] 2021-10-22 12:40:19,737: [32mxml rpc node: starting XML-RPC server[0m
[rospy.init][INFO] 2021-10-22 12:40:19,840: [32mregistered with master[0m
[rospy.rosout][INFO] 2021-10-22 12:40:19,841: [32minitializing /rosout core topic[0m
[rospy.rosout][INFO] 2021-10-22 12:40:19,854: [32mconnected to core topic /rosout[0m
[rospy.simtime][INFO] 2021-10-22 12:40:19,861: [32m/use_sim_time is not set, will not subscribe to simulated time [/clock] topic[0m
[rospy.internal][INFO] 2021-10-22 12:40:20,030: [32mtopic[/ss42/anti_instagram_node/click] adding connection to [http://ss42.local:40508/], count 0[0m
[rospy.internal][INFO] 2021-10-22 12:40:20,051: [32mtopic[/ss42/camera_node/image/compressed] adding connection to [http://ss42.local:43628/], count 0[0m
[rospy.internal][INFO] 2021-10-22 12:40:20,150: [32mtopic[/rosout] adding connection to [/rosout], count 0[0m
[rospy.internal][INFO] 2021-10-22 12:40:20,930: [32mtopic[/ss42/anti_instagram_node/transform] adding connection to [/ss42/line_detector_node], count 0[0m
[rospy.core][INFO] 2021-10-22 12:49:03,322: [32msignal_shutdown [signal-2][0m
[rospy.internal][INFO] 2021-10-22 12:49:03,381: [32mtopic[/ss42/anti_instagram_node/transform] removing connection to /ss42/line_detector_node[0m
[rospy.internal][INFO] 2021-10-22 12:49:03,386: [32mtopic[/rosout] removing connection to /rosout[0m
[rospy.internal][INFO] 2021-10-22 12:49:03,388: [32mtopic[/ss42/anti_instagram_node/click] removing connection to http://ss42.local:40508/[0m
[rospy.internal][INFO] 2021-10-22 12:49:03,390: [32mtopic[/ss42/camera_node/image/compressed] removing connection to http://ss42.local:43628/[0m
[rospy.impl.masterslave][INFO] 2021-10-22 12:49:03,395: [32msignal-2[0m
[rospy.core][INFO] 2021-10-22 12:49:03,969: [32msignal_shutdown [atexit][0m
