[rospy.client][INFO] 2021-12-08 11:09:18,754: [32minit_node, name[/ss42/anti_instagram_node], pid[4776][0m
[xmlrpc][INFO] 2021-12-08 11:09:18,761: [32mXML-RPC server binding to 0.0.0.0:0[0m
[rospy.init][INFO] 2021-12-08 11:09:18,765: [32mROS Slave URI: [http://ss42.local:41287/][0m
[xmlrpc][INFO] 2021-12-08 11:09:18,767: [32mStarted XML-RPC server [http://ss42.local:41287/][0m
[rospy.impl.masterslave][INFO] 2021-12-08 11:09:18,768: [32m_ready: http://ss42.local:41287/[0m
[xmlrpc][INFO] 2021-12-08 11:09:18,774: [32mxml rpc node: starting XML-RPC server[0m
[rospy.registration][INFO] 2021-12-08 11:09:18,779: [32mRegistering with master node http://ss42.local:11311/[0m
[rospy.init][INFO] 2021-12-08 11:09:18,867: [32mregistered with master[0m
[rospy.rosout][INFO] 2021-12-08 11:09:18,869: [32minitializing /rosout core topic[0m
[rospy.rosout][INFO] 2021-12-08 11:09:18,903: [32mconnected to core topic /rosout[0m
[rospy.simtime][INFO] 2021-12-08 11:09:18,923: [32m/use_sim_time is not set, will not subscribe to simulated time [/clock] topic[0m
[rospy.internal][INFO] 2021-12-08 11:09:19,363: [32mtopic[/ss42/camera_node/image/compressed] adding connection to [http://ss42.local:36463/], count 0[0m
[rospy.internal][INFO] 2021-12-08 11:09:19,395: [32mtopic[/ss42/anti_instagram_node/click] adding connection to [http://ss42.local:41631/], count 0[0m
[rospy.internal][INFO] 2021-12-08 11:09:19,403: [32mtopic[/rosout] adding connection to [/rosout], count 0[0m
[rospy.internal][INFO] 2021-12-08 11:09:21,171: [32mtopic[/ss42/anti_instagram_node/transform] adding connection to [/ss42/line_detector_node], count 0[0m
[rosout][INFO] 2021-12-08 11:10:29,543: [32mai: Computing color transform...[0m
[DT][INFO] 2021-12-08 11:10:34,301: [32mpicked 3 colors[0m
[rosout][INFO] 2021-12-08 11:10:34,394: [32mai: Color transform published.[0m
[rosout][INFO] 2021-12-08 11:10:59,392: [32mai: Color transform is turned OFF![0m
[rosout][INFO] 2021-12-08 11:24:47,643: [32mai: Computing color transform...[0m
[DT][INFO] 2021-12-08 11:24:50,756: [32mpicked 3 colors[0m
[rosout][INFO] 2021-12-08 11:24:50,769: [32mai: Color transform published.[0m
[rospy.core][INFO] 2021-12-08 11:38:44,866: [32msignal_shutdown [signal-2][0m
[rospy.internal][INFO] 2021-12-08 11:38:45,129: [32mtopic[/ss42/anti_instagram_node/transform] removing connection to /ss42/line_detector_node[0m
[rospy.internal][INFO] 2021-12-08 11:38:45,148: [32mtopic[/rosout] removing connection to /rosout[0m
[rospy.internal][INFO] 2021-12-08 11:38:45,193: [32mtopic[/ss42/anti_instagram_node/click] removing connection to http://ss42.local:41631/[0m
[rospy.internal][INFO] 2021-12-08 11:38:45,209: [32mtopic[/ss42/camera_node/image/compressed] removing connection to http://ss42.local:36463/[0m
[rospy.internal][WARNING] 2021-12-08 11:38:45,260: [33mUnknown error initiating TCP/IP socket to ss42.local:44890 (http://ss42.local:36463/): Traceback (most recent call last):
  File "/opt/ros/kinetic/lib/python2.7/dist-packages/rospy/impl/tcpros_base.py", line 557, in connect
    self.read_header()
  File "/opt/ros/kinetic/lib/python2.7/dist-packages/rospy/impl/tcpros_base.py", line 650, in read_header
    self._validate_header(read_ros_handshake_header(sock, self.read_buff, self.protocol.buff_size))
AttributeError: 'NoneType' object has no attribute 'buff_size'
[0m
[rospy.topics][ERROR] 2021-12-08 11:38:45,264: [31mTraceback (most recent call last):
  File "/opt/ros/kinetic/lib/python2.7/dist-packages/rospy/topics.py", line 326, in close
    c.close()
  File "/opt/ros/kinetic/lib/python2.7/dist-packages/rospy/impl/tcpros_base.py", line 838, in close
    self.socket.close()
AttributeError: 'NoneType' object has no attribute 'close'
[0m
[rospy.impl.masterslave][INFO] 2021-12-08 11:38:45,280: [32msignal-2[0m
[rospy.core][INFO] 2021-12-08 11:38:45,516: [32msignal_shutdown [atexit][0m
