[rospy.client][INFO] 2021-12-08 11:09:16,061: [32minit_node, name[/ss42/camera_node], pid[4720][0m
[xmlrpc][INFO] 2021-12-08 11:09:16,070: [32mXML-RPC server binding to 0.0.0.0:0[0m
[rospy.init][INFO] 2021-12-08 11:09:16,073: [32mROS Slave URI: [http://ss42.local:36463/][0m
[xmlrpc][INFO] 2021-12-08 11:09:16,074: [32mStarted XML-RPC server [http://ss42.local:36463/][0m
[rospy.impl.masterslave][INFO] 2021-12-08 11:09:16,075: [32m_ready: http://ss42.local:36463/[0m
[xmlrpc][INFO] 2021-12-08 11:09:16,093: [32mxml rpc node: starting XML-RPC server[0m
[rospy.registration][INFO] 2021-12-08 11:09:16,095: [32mRegistering with master node http://ss42.local:11311/[0m
[rospy.init][INFO] 2021-12-08 11:09:16,174: [32mregistered with master[0m
[rospy.rosout][INFO] 2021-12-08 11:09:16,175: [32minitializing /rosout core topic[0m
[rospy.rosout][INFO] 2021-12-08 11:09:16,211: [32mconnected to core topic /rosout[0m
[rospy.simtime][INFO] 2021-12-08 11:09:16,235: [32m/use_sim_time is not set, will not subscribe to simulated time [/clock] topic[0m
[rosout][INFO] 2021-12-08 11:09:16,279: [32m[/ss42/camera_node] Initializing......[0m
[rosout][INFO] 2021-12-08 11:09:16,316: [32m[/ss42/camera_node] ~framerate_high = 30 [0m
[rosout][INFO] 2021-12-08 11:09:16,361: [32m[/ss42/camera_node] ~framerate_low = 15 [0m
[rosout][INFO] 2021-12-08 11:09:16,395: [32m[/ss42/camera_node] ~res_w = 640 [0m
[rosout][INFO] 2021-12-08 11:09:16,418: [32m[/ss42/camera_node] ~res_h = 480 [0m
[rospy.internal][INFO] 2021-12-08 11:09:16,435: [32mtopic[/rosout] adding connection to [/rosout], count 0[0m
[rosout][INFO] 2021-12-08 11:09:16,975: [32m[/ss42/camera_node] Initialized.[0m
[rospy.internal][INFO] 2021-12-08 11:09:16,997: [32mtopic[/ss42/camera_node/framerate_high_switch] adding connection to [http://ss42.local:41982/], count 0[0m
[rosout][INFO] 2021-12-08 11:09:17,000: [32m[/ss42/camera_node] Start capturing.[0m
[rospy.internal][INFO] 2021-12-08 11:09:17,059: [32mtopic[/ss42/camera_node/image/compressed] adding connection to [/ss42/cam_info_reader_node], count 0[0m
[rosout][INFO] 2021-12-08 11:09:17,142: [32m[/ss42/camera_node] Published the first image.[0m
[rospy.internal][INFO] 2021-12-08 11:09:19,413: [32mtopic[/ss42/camera_node/image/compressed] adding connection to [/ss42/anti_instagram_node], count 1[0m
[rospy.internal][INFO] 2021-12-08 11:09:21,170: [32mtopic[/ss42/camera_node/image/compressed] adding connection to [/ss42/line_detector_node], count 2[0m
[rospy.internal][INFO] 2021-12-08 11:38:45,273: [32mtopic[/ss42/camera_node/image/compressed] removing connection to /ss42/anti_instagram_node[0m
[rospy.internal][INFO] 2021-12-08 11:38:49,237: [32mtopic[/ss42/camera_node/image/compressed] removing connection to /ss42/line_detector_node[0m
[rospy.core][INFO] 2021-12-08 11:38:49,313: [32msignal_shutdown [signal-2][0m
[rospy.core][INFO] 2021-12-08 11:38:49,351: [32msignal_shutdown [atexit][0m
