[rospy.client][INFO] 2021-12-08 11:09:16,437: [32minit_node, name[/ss42/ground_projection], pid[4747][0m
[xmlrpc][INFO] 2021-12-08 11:09:16,440: [32mXML-RPC server binding to 0.0.0.0:0[0m
[rospy.init][INFO] 2021-12-08 11:09:16,443: [32mROS Slave URI: [http://ss42.local:46778/][0m
[xmlrpc][INFO] 2021-12-08 11:09:16,456: [32mStarted XML-RPC server [http://ss42.local:46778/][0m
[rospy.impl.masterslave][INFO] 2021-12-08 11:09:16,457: [32m_ready: http://ss42.local:46778/[0m
[rospy.registration][INFO] 2021-12-08 11:09:16,461: [32mRegistering with master node http://ss42.local:11311/[0m
[xmlrpc][INFO] 2021-12-08 11:09:16,461: [32mxml rpc node: starting XML-RPC server[0m
[rospy.init][INFO] 2021-12-08 11:09:16,544: [32mregistered with master[0m
[rospy.rosout][INFO] 2021-12-08 11:09:16,545: [32minitializing /rosout core topic[0m
[rospy.rosout][INFO] 2021-12-08 11:09:16,562: [32mconnected to core topic /rosout[0m
[rospy.simtime][INFO] 2021-12-08 11:09:16,571: [32m/use_sim_time is not set, will not subscribe to simulated time [/clock] topic[0m
[rosout][INFO] 2021-12-08 11:09:16,661: [32mUsing extrinsic calibration of ss42[0m
[DT][INFO] 2021-12-08 11:09:16,755: [32mLoaded homography for ss42.yaml[0m
[rospy.internal][INFO] 2021-12-08 11:09:16,830: [32mtopic[/rosout] adding connection to [/rosout], count 0[0m
[DT][INFO] 2021-12-08 11:09:17,369: [32mLoaded checkerboard parameters[0m
[rosout][INFO] 2021-12-08 11:09:17,370: [32mcamera info topic is /ss42/camera_node/camera_info[0m
[rosout][INFO] 2021-12-08 11:09:17,372: [32mwaiting for camera info[0m
[rospy.internal][INFO] 2021-12-08 11:09:17,450: [32mtopic[/ss42/camera_node/camera_info] adding connection to [http://ss42.local:41563/], count 0[0m
[rospy.internal][INFO] 2021-12-08 11:09:17,480: [32mtopic impl's ref count is zero, deleting topic /ss42/camera_node/camera_info...[0m
[rospy.internal][INFO] 2021-12-08 11:09:17,481: [32mtopic[/ss42/camera_node/camera_info] removing connection to http://ss42.local:41563/[0m
[rosout][INFO] 2021-12-08 11:09:17,510: [32mcamera info received[0m
[rospy.internal][INFO] 2021-12-08 11:09:17,705: [32mtopic[/ss42/ground_projection/lineseglist_out] adding connection to [/ss42/duckiebot_visualizer], count 0[0m
[rospy.internal][INFO] 2021-12-08 11:09:19,460: [32mtopic[/ss42/ground_projection/lineseglist_out] adding connection to [/ss42/lane_filter_node], count 1[0m
[rospy.internal][INFO] 2021-12-08 11:09:21,018: [32mtopic[/ss42/line_detector_node/segment_list] adding connection to [http://ss42.local:44259/], count 0[0m
[rospy.core][INFO] 2021-12-08 11:38:45,072: [32msignal_shutdown [signal-2][0m
[rospy.core][INFO] 2021-12-08 11:38:45,103: [32msignal_shutdown [atexit][0m
