[rospy.client][INFO] 2021-12-08 11:09:06,754: init_node, name[/ss42/joy_mapper_node], pid[4725]
[xmlrpc][INFO] 2021-12-08 11:09:06,766: XML-RPC server binding to 0.0.0.0:0
[xmlrpc][INFO] 2021-12-08 11:09:06,768: Started XML-RPC server [http://ss42.local:41631/]
[rospy.init][INFO] 2021-12-08 11:09:06,788: ROS Slave URI: [http://ss42.local:41631/]
[rospy.impl.masterslave][INFO] 2021-12-08 11:09:06,791: _ready: http://ss42.local:41631/
[rospy.registration][INFO] 2021-12-08 11:09:06,814: Registering with master node http://ss42.local:11311/
[xmlrpc][INFO] 2021-12-08 11:09:06,815: xml rpc node: starting XML-RPC server
[rospy.init][INFO] 2021-12-08 11:09:06,892: registered with master
[rospy.rosout][INFO] 2021-12-08 11:09:06,893: initializing /rosout core topic
[rospy.rosout][INFO] 2021-12-08 11:09:06,921: connected to core topic /rosout
[rospy.simtime][INFO] 2021-12-08 11:09:06,946: /use_sim_time is not set, will not subscribe to simulated time [/clock] topic
[rosout][INFO] 2021-12-08 11:09:07,028: [/ss42/joy_mapper_node] Initializing 
[rosout][INFO] 2021-12-08 11:09:07,094: [/ss42/joy_mapper_node] ~speed_gain = 0.41 
[rospy.internal][INFO] 2021-12-08 11:09:07,119: topic[/rosout] adding connection to [/rosout], count 0
[rosout][INFO] 2021-12-08 11:09:07,157: [/ss42/joy_mapper_node] ~steer_gain = 8.3 
[rosout][INFO] 2021-12-08 11:09:07,241: [/ss42/joy_mapper_node] ~bicycle_kinematics = 0.0 
[rosout][INFO] 2021-12-08 11:09:07,311: [/ss42/joy_mapper_node] ~steer_angle_gain = 1.04 
[rosout][INFO] 2021-12-08 11:09:07,387: [/ss42/joy_mapper_node] ~simulated_vehicle_length = 0.18 
[rospy.internal][INFO] 2021-12-08 11:09:07,850: topic[/ss42/joy] adding connection to [http://ss42.local:38380/], count 0
[rospy.internal][INFO] 2021-12-08 11:09:08,087: topic[/ss42/wheels_driver_node/emergency_stop] adding connection to [/ss42/wheels_driver_node], count 0
[rospy.internal][INFO] 2021-12-08 11:09:08,319: topic[/ss42/joy_mapper_node/car_cmd] adding connection to [/ss42/car_cmd_switch_node], count 0
[rospy.internal][INFO] 2021-12-08 11:09:09,432: topic[/ss42/joy_mapper_node/joystick_override] adding connection to [/ss42/fsm_node], count 0
[rospy.internal][INFO] 2021-12-08 11:09:09,448: topic[/ss42/joy_mapper_node/parallel_autonomy] adding connection to [/ss42/fsm_node], count 0
[rospy.internal][INFO] 2021-12-08 11:09:09,507: topic[/ss42/joy_mapper_node/start_avoidance] adding connection to [/ss42/fsm_node], count 0
[rospy.internal][INFO] 2021-12-08 11:09:10,175: topic[/ss42/joy_mapper_node/parallel_autonomy] adding connection to [/ss42/logic_gate_node], count 1
[rospy.internal][INFO] 2021-12-08 11:09:19,425: topic[/ss42/anti_instagram_node/click] adding connection to [/ss42/anti_instagram_node], count 0
[rosout][INFO] 2021-12-08 11:10:29,531: anti_instagram message
[rosout][INFO] 2021-12-08 11:10:59,374: anti_instagram message
[rosout][INFO] 2021-12-08 11:11:35,602: override_msg = False
[rosout][INFO] 2021-12-08 11:12:03,500: override_msg = True
[rosout][INFO] 2021-12-08 11:13:14,198: override_msg = False
[rosout][INFO] 2021-12-08 11:13:38,961: override_msg = True
[rosout][INFO] 2021-12-08 11:13:39,086: override_msg = True
[rosout][INFO] 2021-12-08 11:13:39,111: override_msg = True
[rosout][INFO] 2021-12-08 11:13:39,141: override_msg = True
[rosout][INFO] 2021-12-08 11:13:39,209: override_msg = True
[rosout][INFO] 2021-12-08 11:13:50,199: state_parallel_autonomy = True
[rosout][INFO] 2021-12-08 11:13:50,218: state_parallel_autonomy = False
[rosout][INFO] 2021-12-08 11:13:50,245: state_parallel_autonomy = True
[rosout][INFO] 2021-12-08 11:13:50,269: state_parallel_autonomy = False
[rosout][INFO] 2021-12-08 11:13:50,291: state_parallel_autonomy = True
[rosout][INFO] 2021-12-08 11:13:52,376: override_msg = True
[rosout][INFO] 2021-12-08 11:14:01,700: override_msg = False
[rosout][INFO] 2021-12-08 11:14:12,422: override_msg = True
[rosout][INFO] 2021-12-08 11:15:02,766: override_msg = False
[rosout][INFO] 2021-12-08 11:15:16,869: override_msg = True
[rosout][INFO] 2021-12-08 11:15:22,562: override_msg = False
[rosout][INFO] 2021-12-08 11:15:28,106: override_msg = True
[rosout][INFO] 2021-12-08 11:16:18,681: override_msg = False
[rosout][INFO] 2021-12-08 11:16:18,726: override_msg = False
[rosout][INFO] 2021-12-08 11:16:18,750: override_msg = False
[rosout][INFO] 2021-12-08 11:16:18,778: override_msg = False
[rosout][INFO] 2021-12-08 11:16:18,805: override_msg = False
[rosout][INFO] 2021-12-08 11:17:28,910: override_msg = True
[rosout][INFO] 2021-12-08 11:18:31,604: override_msg = False
[rosout][INFO] 2021-12-08 11:18:41,902: override_msg = True
[rosout][INFO] 2021-12-08 11:18:51,317: override_msg = False
[rosout][INFO] 2021-12-08 11:19:13,771: override_msg = True
[rosout][INFO] 2021-12-08 11:19:52,288: override_msg = False
[rosout][INFO] 2021-12-08 11:20:16,687: override_msg = True
[rosout][INFO] 2021-12-08 11:20:55,223: override_msg = False
[rosout][INFO] 2021-12-08 11:20:55,299: override_msg = False
[rosout][INFO] 2021-12-08 11:20:55,325: override_msg = False
[rosout][INFO] 2021-12-08 11:20:55,347: override_msg = False
[rosout][INFO] 2021-12-08 11:20:55,374: override_msg = False
[rosout][INFO] 2021-12-08 11:20:55,399: override_msg = False
[rosout][INFO] 2021-12-08 11:21:17,449: override_msg = True
[rosout][INFO] 2021-12-08 11:21:18,598: state_parallel_autonomy = False
[rosout][INFO] 2021-12-08 11:21:49,149: override_msg = False
[rosout][INFO] 2021-12-08 11:22:01,395: override_msg = True
[rosout][INFO] 2021-12-08 11:22:08,279: override_msg = False
[rosout][INFO] 2021-12-08 11:22:20,250: override_msg = True
[rosout][INFO] 2021-12-08 11:23:33,469: override_msg = True
[rosout][INFO] 2021-12-08 11:23:35,419: override_msg = True
[rosout][INFO] 2021-12-08 11:23:39,010: override_msg = True
[rosout][INFO] 2021-12-08 11:23:48,079: override_msg = False
[rosout][INFO] 2021-12-08 11:23:50,811: override_msg = True
[rosout][INFO] 2021-12-08 11:23:57,816: override_msg = True
[rosout][INFO] 2021-12-08 11:23:58,660: override_msg = False
[rosout][INFO] 2021-12-08 11:24:02,336: override_msg = True
[rosout][INFO] 2021-12-08 11:24:06,938: override_msg = False
[rosout][INFO] 2021-12-08 11:24:13,766: override_msg = True
[rosout][INFO] 2021-12-08 11:24:15,092: override_msg = False
[rosout][INFO] 2021-12-08 11:24:18,886: override_msg = True
[rosout][INFO] 2021-12-08 11:24:22,870: override_msg = False
[rosout][INFO] 2021-12-08 11:24:28,211: override_msg = True
[rosout][INFO] 2021-12-08 11:24:32,849: override_msg = False
[rosout][INFO] 2021-12-08 11:24:35,859: override_msg = True
[rosout][INFO] 2021-12-08 11:24:35,964: override_msg = True
[rosout][INFO] 2021-12-08 11:24:35,991: override_msg = True
[rosout][INFO] 2021-12-08 11:24:36,013: override_msg = True
[rosout][INFO] 2021-12-08 11:24:36,081: override_msg = True
[rosout][INFO] 2021-12-08 11:24:47,641: anti_instagram message
[rosout][INFO] 2021-12-08 11:25:22,928: override_msg = False
[rosout][INFO] 2021-12-08 11:25:22,954: override_msg = False
[rosout][INFO] 2021-12-08 11:25:22,979: override_msg = False
[rosout][INFO] 2021-12-08 11:25:23,006: override_msg = False
[rosout][INFO] 2021-12-08 11:25:23,057: override_msg = False
[rosout][INFO] 2021-12-08 11:25:23,081: override_msg = False
[rosout][INFO] 2021-12-08 11:25:25,939: override_msg = True
[rosout][INFO] 2021-12-08 11:25:43,451: override_msg = False
[rosout][INFO] 2021-12-08 11:25:48,688: override_msg = True
[rosout][INFO] 2021-12-08 11:26:06,610: override_msg = False
[rosout][INFO] 2021-12-08 11:26:15,093: override_msg = True
[rosout][INFO] 2021-12-08 11:26:15,175: override_msg = True
[rosout][INFO] 2021-12-08 11:26:15,201: override_msg = True
[rosout][INFO] 2021-12-08 11:26:15,231: override_msg = True
[rosout][INFO] 2021-12-08 11:26:15,254: override_msg = True
[rosout][INFO] 2021-12-08 11:26:15,322: override_msg = True
[rosout][INFO] 2021-12-08 11:27:01,789: override_msg = True
[rosout][INFO] 2021-12-08 11:27:02,616: override_msg = True
[rosout][INFO] 2021-12-08 11:27:17,875: override_msg = False
[rosout][INFO] 2021-12-08 11:28:02,932: override_msg = True
[rosout][INFO] 2021-12-08 11:28:24,459: override_msg = False
[rosout][INFO] 2021-12-08 11:29:00,719: override_msg = True
[rosout][INFO] 2021-12-08 11:29:16,360: override_msg = False
[rosout][INFO] 2021-12-08 11:29:31,123: override_msg = True
[rosout][INFO] 2021-12-08 11:30:39,328: override_msg = False
[rosout][INFO] 2021-12-08 11:30:45,654: override_msg = True
[rosout][INFO] 2021-12-08 11:31:01,800: override_msg = False
[rosout][INFO] 2021-12-08 11:31:06,078: override_msg = True
[rosout][INFO] 2021-12-08 11:31:21,023: override_msg = False
[rosout][INFO] 2021-12-08 11:31:22,832: override_msg = True
[rosout][INFO] 2021-12-08 11:31:27,068: override_msg = False
[rosout][INFO] 2021-12-08 11:31:27,082: override_msg = False
[rosout][INFO] 2021-12-08 11:31:27,107: override_msg = False
[rosout][INFO] 2021-12-08 11:31:27,138: override_msg = False
[rosout][INFO] 2021-12-08 11:31:27,166: override_msg = False
[rosout][INFO] 2021-12-08 11:31:27,229: override_msg = False
[rosout][INFO] 2021-12-08 11:31:27,254: override_msg = False
[rosout][INFO] 2021-12-08 11:31:36,362: override_msg = True
[rosout][INFO] 2021-12-08 11:31:36,402: override_msg = True
[rosout][INFO] 2021-12-08 11:31:36,427: override_msg = True
[rosout][INFO] 2021-12-08 11:31:36,451: override_msg = True
[rosout][INFO] 2021-12-08 11:31:36,498: override_msg = True
[rosout][INFO] 2021-12-08 11:31:36,523: override_msg = True
[rosout][INFO] 2021-12-08 11:31:51,890: override_msg = False
[rosout][INFO] 2021-12-08 11:31:55,929: override_msg = True
[rosout][INFO] 2021-12-08 11:31:55,985: override_msg = True
[rosout][INFO] 2021-12-08 11:31:56,085: override_msg = True
[rosout][INFO] 2021-12-08 11:32:02,069: override_msg = False
[rosout][INFO] 2021-12-08 11:32:17,152: override_msg = True
[rosout][INFO] 2021-12-08 11:34:05,267: override_msg = False
[rosout][INFO] 2021-12-08 11:35:01,604: override_msg = True
[rosout][INFO] 2021-12-08 11:35:43,162: override_msg = False
[rosout][INFO] 2021-12-08 11:35:53,610: override_msg = True
[rospy.internal][INFO] 2021-12-08 11:38:45,580: topic[/ss42/anti_instagram_node/click] removing connection to /ss42/anti_instagram_node
[rospy.core][INFO] 2021-12-08 11:38:47,069: signal_shutdown [signal-2]
[rospy.internal][INFO] 2021-12-08 11:38:48,235: topic[/rosout] removing connection to /rosout
[rospy.internal][INFO] 2021-12-08 11:38:48,237: topic[/ss42/joy_mapper_node/joystick_override] removing connection to /ss42/fsm_node
[rospy.internal][INFO] 2021-12-08 11:38:48,239: topic[/ss42/wheels_driver_node/emergency_stop] removing connection to /ss42/wheels_driver_node
[rospy.internal][INFO] 2021-12-08 11:38:48,240: topic[/ss42/joy_mapper_node/parallel_autonomy] removing connection to /ss42/fsm_node
[rospy.internal][INFO] 2021-12-08 11:38:48,241: topic[/ss42/joy_mapper_node/parallel_autonomy] removing connection to /ss42/logic_gate_node
[rospy.internal][INFO] 2021-12-08 11:38:48,242: topic[/ss42/joy_mapper_node/start_avoidance] removing connection to /ss42/fsm_node
[rospy.internal][INFO] 2021-12-08 11:38:48,245: topic[/ss42/joy_mapper_node/car_cmd] removing connection to /ss42/car_cmd_switch_node
[rospy.internal][INFO] 2021-12-08 11:38:48,246: topic[/ss42/joy] removing connection to http://ss42.local:38380/
[rospy.impl.masterslave][INFO] 2021-12-08 11:38:48,296: signal-2
[rospy.core][INFO] 2021-12-08 11:38:49,046: signal_shutdown [atexit]
