[rospy.client][INFO] 2021-12-08 11:09:18,900: init_node, name[/ss42/lane_pose_visualizer_node], pid[4765]
[xmlrpc][INFO] 2021-12-08 11:09:18,903: XML-RPC server binding to 0.0.0.0:0
[xmlrpc][INFO] 2021-12-08 11:09:18,908: Started XML-RPC server [http://ss42.local:35442/]
[rospy.init][INFO] 2021-12-08 11:09:18,911: ROS Slave URI: [http://ss42.local:35442/]
[rospy.impl.masterslave][INFO] 2021-12-08 11:09:18,915: _ready: http://ss42.local:35442/
[rospy.registration][INFO] 2021-12-08 11:09:18,934: Registering with master node http://ss42.local:11311/
[xmlrpc][INFO] 2021-12-08 11:09:18,935: xml rpc node: starting XML-RPC server
[rospy.init][INFO] 2021-12-08 11:09:19,021: registered with master
[rospy.rosout][INFO] 2021-12-08 11:09:19,023: initializing /rosout core topic
[rospy.rosout][INFO] 2021-12-08 11:09:19,068: connected to core topic /rosout
[rospy.simtime][INFO] 2021-12-08 11:09:19,115: /use_sim_time is not set, will not subscribe to simulated time [/clock] topic
[rosout][INFO] 2021-12-08 11:09:19,170: [/ss42/lane_pose_visualizer_node] Initialzing.
[rosout][INFO] 2021-12-08 11:09:19,174: [/ss42/lane_pose_visualizer_node] Vehicle name: ss42
[rospy.internal][INFO] 2021-12-08 11:09:19,362: topic[/rosout] adding connection to [/rosout], count 0
[rosout][INFO] 2021-12-08 11:09:19,426: [/ss42/lane_pose_visualizer_node] Initialzed.
[rospy.internal][INFO] 2021-12-08 11:09:19,630: topic[/ss42/lane_filter_node/lane_pose] adding connection to [http://ss42.local:32779/], count 0
[rospy.internal][INFO] 2021-12-08 11:10:15,123: topic[/ss42/lane_pose_visualizer_node/lane_pose_markers] adding connection to [/rviz_1638958200551375321], count 0
[rospy.internal][INFO] 2021-12-08 11:38:40,670: topic[/ss42/lane_pose_visualizer_node/lane_pose_markers] removing connection to /rviz_1638958200551375321
[rospy.core][INFO] 2021-12-08 11:38:44,947: signal_shutdown [signal-2]
[rospy.core][INFO] 2021-12-08 11:38:44,996: signal_shutdown [atexit]
