[rosmaster.main][INFO] 2021-10-25 05:13:48,886: initialization complete, waiting for shutdown
[rosmaster.main][INFO] 2021-10-25 05:13:48,887: Starting ROS Master Node
[xmlrpc][INFO] 2021-10-25 05:13:48,889: XML-RPC server binding to 0.0.0.0:11311
[xmlrpc][INFO] 2021-10-25 05:13:48,891: Started XML-RPC server [http://ss42.local:11311/]
[rosmaster.master][INFO] 2021-10-25 05:13:48,891: Master initialized: port[11311], uri[http://ss42.local:11311/]
[xmlrpc][INFO] 2021-10-25 05:13:48,892: xml rpc node: starting XML-RPC server
[rosmaster.master][INFO] 2021-10-25 05:13:48,960: +PARAM [/run_id] by /roslaunch
[rosmaster.master][INFO] 2021-10-25 05:13:48,966: +PARAM [/roslaunch/uris/host_ss42_local__35808] by /roslaunch
[rosmaster.master][INFO] 2021-10-25 05:13:49,513: +PARAM [/ss42/joy/coalesce_interval] by /roslaunch
[rosmaster.master][INFO] 2021-10-25 05:13:49,514: +PARAM [/rosdistro] by /roslaunch
[rosmaster.master][INFO] 2021-10-25 05:13:49,514: +PARAM [/ss42/joy_mapper_node/steer_angle_gain] by /roslaunch
[rosmaster.master][INFO] 2021-10-25 05:13:49,515: +PARAM [/ss42/joy/dev] by /roslaunch
[rosmaster.master][INFO] 2021-10-25 05:13:49,515: +PARAM [/ss42/joy_mapper_node/simulated_vehicle_length] by /roslaunch
[rosmaster.master][INFO] 2021-10-25 05:13:49,516: +PARAM [/ss42/joy_mapper_node/bicycle_kinematics] by /roslaunch
[rosmaster.master][INFO] 2021-10-25 05:13:49,516: +PARAM [/rosversion] by /roslaunch
[rosmaster.master][INFO] 2021-10-25 05:13:49,517: +PARAM [/ss42/joy/deadzone] by /roslaunch
[rosmaster.master][INFO] 2021-10-25 05:13:49,517: +PARAM [/ss42/joy/autorepeat_rate] by /roslaunch
[rosmaster.master][INFO] 2021-10-25 05:13:49,518: +PARAM [/ss42/joy_mapper_node/steer_gain] by /roslaunch
[rosmaster.master][INFO] 2021-10-25 05:13:49,518: +PARAM [/ss42/joy_mapper_node/speed_gain] by /roslaunch
[rosmaster.master][INFO] 2021-10-25 05:13:49,878: +SERVICE [/rosout/get_loggers] /rosout http://ss42.local:39692/
[rosmaster.master][INFO] 2021-10-25 05:13:49,888: +PUB [/rosout] /ss42/joy http://ss42.local:45904/
[rosmaster.master][INFO] 2021-10-25 05:13:49,892: +SERVICE [/rosout/set_logger_level] /rosout http://ss42.local:39692/
[rosmaster.master][INFO] 2021-10-25 05:13:49,908: +SERVICE [/ss42/joy/get_loggers] /ss42/joy http://ss42.local:45904/
[rosmaster.master][INFO] 2021-10-25 05:13:49,914: +SERVICE [/ss42/joy/set_logger_level] /ss42/joy http://ss42.local:45904/
[rosmaster.master][INFO] 2021-10-25 05:13:49,949: +PUB [/rosout_agg] /rosout http://ss42.local:39692/
[rosmaster.master][INFO] 2021-10-25 05:13:49,953: +PUB [/diagnostics] /ss42/joy http://ss42.local:45904/
[rosmaster.master][INFO] 2021-10-25 05:13:49,996: +PUB [/ss42/joy] /ss42/joy http://ss42.local:45904/
[rosmaster.master][INFO] 2021-10-25 05:13:50,048: +SUB [/rosout] /rosout http://ss42.local:39692/
[rosmaster.master][INFO] 2021-10-25 05:13:51,282: +PUB [/rosout] /ss42/joy_mapper_node http://ss42.local:37536/
[rosmaster.master][INFO] 2021-10-25 05:13:51,294: publisherUpdate[/rosout] -> http://ss42.local:39692/ ['http://ss42.local:45904/', 'http://ss42.local:37536/']
[rosmaster.master][INFO] 2021-10-25 05:13:51,304: publisherUpdate[/rosout] -> http://ss42.local:39692/ ['http://ss42.local:45904/', 'http://ss42.local:37536/']: sec=0.01, result=[1, '', 0]
[rosmaster.master][INFO] 2021-10-25 05:13:51,311: +SERVICE [/ss42/joy_mapper_node/get_loggers] /ss42/joy_mapper_node http://ss42.local:37536/
[rosmaster.master][INFO] 2021-10-25 05:13:51,324: +SERVICE [/ss42/joy_mapper_node/set_logger_level] /ss42/joy_mapper_node http://ss42.local:37536/
[rosmaster.master][INFO] 2021-10-25 05:13:51,341: +PARAM [/ss42/joy_mapper_node/speed_gain] by /ss42/joy_mapper_node
[rosmaster.master][INFO] 2021-10-25 05:13:51,356: +PARAM [/ss42/joy_mapper_node/steer_gain] by /ss42/joy_mapper_node
[rosmaster.master][INFO] 2021-10-25 05:13:51,372: +PARAM [/ss42/joy_mapper_node/bicycle_kinematics] by /ss42/joy_mapper_node
[rosmaster.master][INFO] 2021-10-25 05:13:51,387: +PARAM [/ss42/joy_mapper_node/steer_angle_gain] by /ss42/joy_mapper_node
[rosmaster.master][INFO] 2021-10-25 05:13:51,402: +PARAM [/ss42/joy_mapper_node/simulated_vehicle_length] by /ss42/joy_mapper_node
[rosmaster.master][INFO] 2021-10-25 05:13:51,413: +PUB [/ss42/joy_mapper_node/car_cmd] /ss42/joy_mapper_node http://ss42.local:37536/
[rosmaster.master][INFO] 2021-10-25 05:13:51,420: +PUB [/ss42/joy_mapper_node/joystick_override] /ss42/joy_mapper_node http://ss42.local:37536/
[rosmaster.master][INFO] 2021-10-25 05:13:51,427: +PUB [/ss42/joy_mapper_node/parallel_autonomy] /ss42/joy_mapper_node http://ss42.local:37536/
[rosmaster.master][INFO] 2021-10-25 05:13:51,438: +PUB [/ss42/anti_instagram_node/click] /ss42/joy_mapper_node http://ss42.local:37536/
[rosmaster.master][INFO] 2021-10-25 05:13:51,448: +PUB [/ss42/wheels_driver_node/emergency_stop] /ss42/joy_mapper_node http://ss42.local:37536/
[rosmaster.master][INFO] 2021-10-25 05:13:51,455: +PUB [/ss42/joy_mapper_node/start_avoidance] /ss42/joy_mapper_node http://ss42.local:37536/
[rosmaster.master][INFO] 2021-10-25 05:13:51,469: +SUB [/ss42/joy] /ss42/joy_mapper_node http://ss42.local:37536/
[rosmaster.master][INFO] 2021-10-25 05:13:51,514: +PUB [/rosout] /ss42/wheels_driver_node http://ss42.local:42341/
[rosmaster.master][INFO] 2021-10-25 05:13:51,538: +SERVICE [/ss42/wheels_driver_node/get_loggers] /ss42/wheels_driver_node http://ss42.local:42341/
[rosmaster.master][INFO] 2021-10-25 05:13:51,546: +SERVICE [/ss42/wheels_driver_node/set_logger_level] /ss42/wheels_driver_node http://ss42.local:42341/
[rosmaster.master][INFO] 2021-10-25 05:13:51,585: +PUB [/ss42/wheels_driver_node/wheels_cmd_executed] /ss42/wheels_driver_node http://ss42.local:42341/
[rosmaster.master][INFO] 2021-10-25 05:13:51,599: +SUB [/ss42/wheels_driver_node/wheels_cmd] /ss42/wheels_driver_node http://ss42.local:42341/
[rosmaster.master][INFO] 2021-10-25 05:13:51,601: publisherUpdate[/rosout] -> http://ss42.local:39692/ ['http://ss42.local:45904/', 'http://ss42.local:37536/', 'http://ss42.local:42341/']
[rosmaster.master][INFO] 2021-10-25 05:13:51,605: publisherUpdate[/rosout] -> http://ss42.local:39692/ ['http://ss42.local:45904/', 'http://ss42.local:37536/', 'http://ss42.local:42341/']: sec=0.00, result=[1, '', 0]
[rosmaster.master][INFO] 2021-10-25 05:13:51,616: +SUB [/ss42/wheels_driver_node/emergency_stop] /ss42/wheels_driver_node http://ss42.local:42341/
[rosmaster.master][INFO] 2021-10-25 05:13:52,083: +PUB [/rosout] /ss42/velocity_to_pose_node http://ss42.local:37834/
[rosmaster.master][INFO] 2021-10-25 05:13:52,099: +SERVICE [/ss42/velocity_to_pose_node/get_loggers] /ss42/velocity_to_pose_node http://ss42.local:37834/
[rosmaster.master][INFO] 2021-10-25 05:13:52,102: publisherUpdate[/rosout] -> http://ss42.local:39692/ ['http://ss42.local:45904/', 'http://ss42.local:37536/', 'http://ss42.local:42341/', 'http://ss42.local:37834/']
[rosmaster.master][INFO] 2021-10-25 05:13:52,106: publisherUpdate[/rosout] -> http://ss42.local:39692/ ['http://ss42.local:45904/', 'http://ss42.local:37536/', 'http://ss42.local:42341/', 'http://ss42.local:37834/']: sec=0.00, result=[1, '', 0]
[rosmaster.master][INFO] 2021-10-25 05:13:52,116: +SERVICE [/ss42/velocity_to_pose_node/set_logger_level] /ss42/velocity_to_pose_node http://ss42.local:37834/
[rosmaster.master][INFO] 2021-10-25 05:13:52,128: +SUB [/ss42/forward_kinematics_node/velocity] /ss42/velocity_to_pose_node http://ss42.local:37834/
[rosmaster.master][INFO] 2021-10-25 05:13:52,134: +PUB [/ss42/velocity_to_pose_node/pose] /ss42/velocity_to_pose_node http://ss42.local:37834/
[rosmaster.master][INFO] 2021-10-25 05:13:55,812: +PUB [/rosout] /ss42/inverse_kinematics_node http://ss42.local:37954/
[rosmaster.master][INFO] 2021-10-25 05:13:55,814: publisherUpdate[/rosout] -> http://ss42.local:39692/ ['http://ss42.local:45904/', 'http://ss42.local:37536/', 'http://ss42.local:42341/', 'http://ss42.local:37834/', 'http://ss42.local:37954/']
[rosmaster.master][INFO] 2021-10-25 05:13:55,819: publisherUpdate[/rosout] -> http://ss42.local:39692/ ['http://ss42.local:45904/', 'http://ss42.local:37536/', 'http://ss42.local:42341/', 'http://ss42.local:37834/', 'http://ss42.local:37954/']: sec=0.00, result=[1, '', 0]
[rosmaster.master][INFO] 2021-10-25 05:13:55,822: +PUB [/rosout] /ss42/forward_kinematics_node http://ss42.local:35288/
[rosmaster.master][INFO] 2021-10-25 05:13:55,838: +SERVICE [/ss42/inverse_kinematics_node/get_loggers] /ss42/inverse_kinematics_node http://ss42.local:37954/
[rosmaster.master][INFO] 2021-10-25 05:13:55,842: +SERVICE [/ss42/forward_kinematics_node/get_loggers] /ss42/forward_kinematics_node http://ss42.local:35288/
[rosmaster.master][INFO] 2021-10-25 05:13:55,845: +SERVICE [/ss42/inverse_kinematics_node/set_logger_level] /ss42/inverse_kinematics_node http://ss42.local:37954/
[rosmaster.master][INFO] 2021-10-25 05:13:55,848: +SERVICE [/ss42/forward_kinematics_node/set_logger_level] /ss42/forward_kinematics_node http://ss42.local:35288/
[rosmaster.master][INFO] 2021-10-25 05:13:55,864: +PARAM [/ss42/forward_kinematics_node/gain] by /ss42/forward_kinematics_node
[rosmaster.master][INFO] 2021-10-25 05:13:55,870: +PARAM [/ss42/inverse_kinematics_node/gain] by /ss42/inverse_kinematics_node
[rosmaster.master][INFO] 2021-10-25 05:13:55,872: +PARAM [/ss42/forward_kinematics_node/trim] by /ss42/forward_kinematics_node
[rosmaster.master][INFO] 2021-10-25 05:13:55,879: +PARAM [/ss42/inverse_kinematics_node/trim] by /ss42/inverse_kinematics_node
[rosmaster.master][INFO] 2021-10-25 05:13:55,882: +PARAM [/ss42/forward_kinematics_node/baseline] by /ss42/forward_kinematics_node
[rosmaster.master][INFO] 2021-10-25 05:13:55,885: +PARAM [/ss42/inverse_kinematics_node/baseline] by /ss42/inverse_kinematics_node
[rosmaster.master][INFO] 2021-10-25 05:13:55,888: +PARAM [/ss42/forward_kinematics_node/k] by /ss42/forward_kinematics_node
[rosmaster.master][INFO] 2021-10-25 05:13:55,892: +PARAM [/ss42/inverse_kinematics_node/k] by /ss42/inverse_kinematics_node
[rosmaster.master][INFO] 2021-10-25 05:13:55,895: +PARAM [/ss42/forward_kinematics_node/radius] by /ss42/forward_kinematics_node
[rosmaster.master][INFO] 2021-10-25 05:13:55,898: +PARAM [/ss42/inverse_kinematics_node/radius] by /ss42/inverse_kinematics_node
[rosmaster.master][INFO] 2021-10-25 05:13:55,904: +PARAM [/ss42/inverse_kinematics_node/limit] by /ss42/inverse_kinematics_node
[rosmaster.master][INFO] 2021-10-25 05:13:55,908: +PARAM [/ss42/forward_kinematics_node/gain] by /ss42/forward_kinematics_node
[rosmaster.master][INFO] 2021-10-25 05:13:55,916: publisherUpdate[/rosout] -> http://ss42.local:39692/ ['http://ss42.local:45904/', 'http://ss42.local:37536/', 'http://ss42.local:42341/', 'http://ss42.local:37834/', 'http://ss42.local:37954/', 'http://ss42.local:35288/']
[rosmaster.master][INFO] 2021-10-25 05:13:55,923: publisherUpdate[/rosout] -> http://ss42.local:39692/ ['http://ss42.local:45904/', 'http://ss42.local:37536/', 'http://ss42.local:42341/', 'http://ss42.local:37834/', 'http://ss42.local:37954/', 'http://ss42.local:35288/']: sec=0.01, result=[1, '', 0]
[rosmaster.master][INFO] 2021-10-25 05:13:55,923: +PARAM [/ss42/inverse_kinematics_node/gain] by /ss42/inverse_kinematics_node
[rosmaster.master][INFO] 2021-10-25 05:13:55,928: +PARAM [/ss42/forward_kinematics_node/trim] by /ss42/forward_kinematics_node
[rosmaster.master][INFO] 2021-10-25 05:13:55,939: +PARAM [/ss42/inverse_kinematics_node/trim] by /ss42/inverse_kinematics_node
[rosmaster.master][INFO] 2021-10-25 05:13:55,942: +PARAM [/ss42/forward_kinematics_node/baseline] by /ss42/forward_kinematics_node
[rosmaster.master][INFO] 2021-10-25 05:13:55,953: +PARAM [/ss42/inverse_kinematics_node/baseline] by /ss42/inverse_kinematics_node
[rosmaster.master][INFO] 2021-10-25 05:13:55,956: +PARAM [/ss42/forward_kinematics_node/radius] by /ss42/forward_kinematics_node
[rosmaster.master][INFO] 2021-10-25 05:13:55,967: +PARAM [/ss42/inverse_kinematics_node/radius] by /ss42/inverse_kinematics_node
[rosmaster.master][INFO] 2021-10-25 05:13:55,970: +PARAM [/ss42/forward_kinematics_node/k] by /ss42/forward_kinematics_node
[rosmaster.master][INFO] 2021-10-25 05:13:55,979: +PUB [/ss42/forward_kinematics_node/velocity] /ss42/forward_kinematics_node http://ss42.local:35288/
[rosmaster.master][INFO] 2021-10-25 05:13:55,982: +PARAM [/ss42/inverse_kinematics_node/k] by /ss42/inverse_kinematics_node
[rosmaster.master][INFO] 2021-10-25 05:13:55,995: +SUB [/ss42/wheels_driver_node/wheels_cmd_executed] /ss42/forward_kinematics_node http://ss42.local:35288/
[rosmaster.master][INFO] 2021-10-25 05:13:56,002: +PARAM [/ss42/inverse_kinematics_node/limit] by /ss42/inverse_kinematics_node
[rosmaster.master][INFO] 2021-10-25 05:13:56,010: +SERVICE [/ss42/inverse_kinematics_node/set_gain] /ss42/inverse_kinematics_node http://ss42.local:37954/
[rosmaster.master][INFO] 2021-10-25 05:13:56,017: +SERVICE [/ss42/inverse_kinematics_node/set_trim] /ss42/inverse_kinematics_node http://ss42.local:37954/
[rosmaster.master][INFO] 2021-10-25 05:13:56,018: publisherUpdate[/ss42/forward_kinematics_node/velocity] -> http://ss42.local:37834/ ['http://ss42.local:35288/']
[rosmaster.master][INFO] 2021-10-25 05:13:56,028: publisherUpdate[/ss42/forward_kinematics_node/velocity] -> http://ss42.local:37834/ ['http://ss42.local:35288/']: sec=0.01, result=[1, '', 0]
[rosmaster.master][INFO] 2021-10-25 05:13:56,031: +SERVICE [/ss42/inverse_kinematics_node/set_baseline] /ss42/inverse_kinematics_node http://ss42.local:37954/
[rosmaster.master][INFO] 2021-10-25 05:13:56,039: +SERVICE [/ss42/inverse_kinematics_node/set_radius] /ss42/inverse_kinematics_node http://ss42.local:37954/
[rosmaster.master][INFO] 2021-10-25 05:13:56,046: +SERVICE [/ss42/inverse_kinematics_node/set_k] /ss42/inverse_kinematics_node http://ss42.local:37954/
[rosmaster.master][INFO] 2021-10-25 05:13:56,052: +SERVICE [/ss42/inverse_kinematics_node/set_limit] /ss42/inverse_kinematics_node http://ss42.local:37954/
[rosmaster.master][INFO] 2021-10-25 05:13:56,058: +SERVICE [/ss42/inverse_kinematics_node/save_calibration] /ss42/inverse_kinematics_node http://ss42.local:37954/
[rosmaster.master][INFO] 2021-10-25 05:13:56,068: +SUB [/ss42/joy_mapper_node/car_cmd] /ss42/inverse_kinematics_node http://ss42.local:37954/
[rosmaster.master][INFO] 2021-10-25 05:13:56,074: +PUB [/ss42/wheels_driver_node/wheels_cmd] /ss42/inverse_kinematics_node http://ss42.local:37954/
[rosmaster.master][INFO] 2021-10-25 05:13:56,121: publisherUpdate[/ss42/wheels_driver_node/wheels_cmd] -> http://ss42.local:42341/ ['http://ss42.local:37954/']
[rosmaster.master][INFO] 2021-10-25 05:13:56,127: publisherUpdate[/ss42/wheels_driver_node/wheels_cmd] -> http://ss42.local:42341/ ['http://ss42.local:37954/']: sec=0.01, result=[1, '', 0]
[rosmaster.master][INFO] 2021-10-25 05:14:52,898: -SUB [/ss42/forward_kinematics_node/velocity] /ss42/velocity_to_pose_node http://ss42.local:37834/
[rosmaster.master][INFO] 2021-10-25 05:14:52,899: -PUB [/rosout] /ss42/velocity_to_pose_node http://ss42.local:37834/
[rosmaster.master][INFO] 2021-10-25 05:14:52,900: -PUB [/ss42/velocity_to_pose_node/pose] /ss42/velocity_to_pose_node http://ss42.local:37834/
[rosmaster.master][INFO] 2021-10-25 05:14:52,900: -SERVICE [/ss42/velocity_to_pose_node/set_logger_level] /ss42/velocity_to_pose_node rosrpc://ss42.local:42588
[rosmaster.master][INFO] 2021-10-25 05:14:52,901: -SERVICE [/ss42/velocity_to_pose_node/get_loggers] /ss42/velocity_to_pose_node rosrpc://ss42.local:42588
[rosmaster.master][INFO] 2021-10-25 05:14:52,907: -SUB [/ss42/wheels_driver_node/wheels_cmd_executed] /ss42/forward_kinematics_node http://ss42.local:35288/
[rosmaster.master][INFO] 2021-10-25 05:14:52,908: -PUB [/ss42/forward_kinematics_node/velocity] /ss42/forward_kinematics_node http://ss42.local:35288/
[rosmaster.master][INFO] 2021-10-25 05:14:52,909: -PUB [/rosout] /ss42/forward_kinematics_node http://ss42.local:35288/
[rosmaster.master][INFO] 2021-10-25 05:14:52,909: -SERVICE [/ss42/forward_kinematics_node/set_logger_level] /ss42/forward_kinematics_node rosrpc://ss42.local:38855
[rosmaster.master][INFO] 2021-10-25 05:14:52,910: -SERVICE [/ss42/forward_kinematics_node/get_loggers] /ss42/forward_kinematics_node rosrpc://ss42.local:38855
[rosmaster.master][INFO] 2021-10-25 05:14:52,918: -SUB [/ss42/joy] /ss42/joy_mapper_node http://ss42.local:37536/
[rosmaster.master][INFO] 2021-10-25 05:14:52,919: -PUB [/ss42/joy_mapper_node/joystick_override] /ss42/joy_mapper_node http://ss42.local:37536/
[rosmaster.master][INFO] 2021-10-25 05:14:52,920: -PUB [/ss42/wheels_driver_node/emergency_stop] /ss42/joy_mapper_node http://ss42.local:37536/
[rosmaster.master][INFO] 2021-10-25 05:14:52,921: -PUB [/rosout] /ss42/joy_mapper_node http://ss42.local:37536/
[rosmaster.master][INFO] 2021-10-25 05:14:52,921: -PUB [/ss42/joy_mapper_node/parallel_autonomy] /ss42/joy_mapper_node http://ss42.local:37536/
[rosmaster.master][INFO] 2021-10-25 05:14:52,922: -PUB [/ss42/joy_mapper_node/start_avoidance] /ss42/joy_mapper_node http://ss42.local:37536/
[rosmaster.master][INFO] 2021-10-25 05:14:52,922: -PUB [/ss42/anti_instagram_node/click] /ss42/joy_mapper_node http://ss42.local:37536/
[rosmaster.master][INFO] 2021-10-25 05:14:52,923: -PUB [/ss42/joy_mapper_node/car_cmd] /ss42/joy_mapper_node http://ss42.local:37536/
[rosmaster.master][INFO] 2021-10-25 05:14:52,923: -SERVICE [/ss42/joy_mapper_node/set_logger_level] /ss42/joy_mapper_node rosrpc://ss42.local:44760
[rosmaster.master][INFO] 2021-10-25 05:14:52,924: -SERVICE [/ss42/joy_mapper_node/get_loggers] /ss42/joy_mapper_node rosrpc://ss42.local:44760
[rosmaster.master][INFO] 2021-10-25 05:14:52,943: -SUB [/ss42/joy_mapper_node/car_cmd] /ss42/inverse_kinematics_node http://ss42.local:37954/
[rosmaster.master][INFO] 2021-10-25 05:14:52,947: publisherUpdate[/rosout] -> http://ss42.local:39692/ ['http://ss42.local:45904/', 'http://ss42.local:37536/', 'http://ss42.local:42341/', 'http://ss42.local:37954/', 'http://ss42.local:35288/']
[rosmaster.master][INFO] 2021-10-25 05:14:52,949: publisherUpdate[/ss42/joy_mapper_node/car_cmd] -> http://ss42.local:37954/ []
[rosmaster.master][INFO] 2021-10-25 05:14:52,948: -SUB [/ss42/wheels_driver_node/emergency_stop] /ss42/wheels_driver_node http://ss42.local:42341/
[rosmaster.master][INFO] 2021-10-25 05:14:52,947: publisherUpdate[/ss42/wheels_driver_node/emergency_stop] -> http://ss42.local:42341/ []
[rosmaster.master][INFO] 2021-10-25 05:14:52,952: -PUB [/ss42/wheels_driver_node/wheels_cmd] /ss42/inverse_kinematics_node http://ss42.local:37954/
[rosmaster.master][INFO] 2021-10-25 05:14:52,954: -SUB [/ss42/wheels_driver_node/wheels_cmd] /ss42/wheels_driver_node http://ss42.local:42341/
[rosmaster.master][INFO] 2021-10-25 05:14:52,955: publisherUpdate[/rosout] -> http://ss42.local:39692/ ['http://ss42.local:45904/', 'http://ss42.local:37536/', 'http://ss42.local:42341/', 'http://ss42.local:37954/', 'http://ss42.local:35288/']: sec=0.01, result=[1, '', 0]
[rosmaster.master][INFO] 2021-10-25 05:14:52,956: -PUB [/rosout] /ss42/inverse_kinematics_node http://ss42.local:37954/
[rosmaster.master][INFO] 2021-10-25 05:14:52,958: publisherUpdate[/rosout] -> http://ss42.local:39692/ ['http://ss42.local:45904/', 'http://ss42.local:37536/', 'http://ss42.local:42341/', 'http://ss42.local:37954/']
[rosmaster.master][INFO] 2021-10-25 05:14:52,959: -PUB [/ss42/wheels_driver_node/wheels_cmd_executed] /ss42/wheels_driver_node http://ss42.local:42341/
[rosmaster.master][INFO] 2021-10-25 05:14:52,962: publisherUpdate[/ss42/joy_mapper_node/car_cmd] -> http://ss42.local:37954/ []: sec=0.01, result=[1, '', 0]
[rosmaster.master][INFO] 2021-10-25 05:14:52,963: -SERVICE [/ss42/inverse_kinematics_node/set_radius] /ss42/inverse_kinematics_node rosrpc://ss42.local:42955
[rosmaster.master][INFO] 2021-10-25 05:14:52,964: publisherUpdate[/ss42/wheels_driver_node/emergency_stop] -> http://ss42.local:42341/ []: sec=0.01, result=[1, '', 0]
[rosmaster.master][INFO] 2021-10-25 05:14:52,967: publisherUpdate[/ss42/wheels_driver_node/wheels_cmd] -> http://ss42.local:42341/ []
[rosmaster.master][INFO] 2021-10-25 05:14:52,966: -PUB [/rosout] /ss42/wheels_driver_node http://ss42.local:42341/
[rosmaster.master][INFO] 2021-10-25 05:14:52,966: publisherUpdate[/rosout] -> http://ss42.local:39692/ ['http://ss42.local:45904/', 'http://ss42.local:37536/', 'http://ss42.local:42341/', 'http://ss42.local:37954/']: sec=0.01, result=[1, '', 0]
[rosmaster.master][INFO] 2021-10-25 05:14:52,968: -SERVICE [/ss42/inverse_kinematics_node/set_limit] /ss42/inverse_kinematics_node rosrpc://ss42.local:42955
[rosmaster.master][INFO] 2021-10-25 05:14:52,969: -SERVICE [/ss42/wheels_driver_node/get_loggers] /ss42/wheels_driver_node rosrpc://ss42.local:39496
[rosmaster.master][INFO] 2021-10-25 05:14:52,969: publisherUpdate[/rosout] -> http://ss42.local:39692/ ['http://ss42.local:45904/', 'http://ss42.local:42341/', 'http://ss42.local:37954/']
[rosmaster.master][INFO] 2021-10-25 05:14:52,970: -SERVICE [/ss42/inverse_kinematics_node/set_baseline] /ss42/inverse_kinematics_node rosrpc://ss42.local:42955
[rosmaster.master][INFO] 2021-10-25 05:14:52,972: -SERVICE [/ss42/wheels_driver_node/set_logger_level] /ss42/wheels_driver_node rosrpc://ss42.local:39496
[rosmaster.master][INFO] 2021-10-25 05:14:52,974: publisherUpdate[/rosout] -> http://ss42.local:39692/ ['http://ss42.local:45904/', 'http://ss42.local:42341/', 'http://ss42.local:37954/']: sec=0.00, result=[1, '', 0]
[rosmaster.master][INFO] 2021-10-25 05:14:52,977: publisherUpdate[/rosout] -> http://ss42.local:39692/ ['http://ss42.local:45904/', 'http://ss42.local:42341/']
[rosmaster.master][INFO] 2021-10-25 05:14:52,977: -SERVICE [/ss42/inverse_kinematics_node/set_trim] /ss42/inverse_kinematics_node rosrpc://ss42.local:42955
[rosmaster.master][INFO] 2021-10-25 05:14:52,975: publisherUpdate[/ss42/wheels_driver_node/wheels_cmd] -> http://ss42.local:42341/ []: sec=0.01, result=[1, '', 0]
[rosmaster.master][INFO] 2021-10-25 05:14:52,979: -SERVICE [/ss42/inverse_kinematics_node/set_gain] /ss42/inverse_kinematics_node rosrpc://ss42.local:42955
[rosmaster.master][INFO] 2021-10-25 05:14:52,980: -SERVICE [/ss42/inverse_kinematics_node/set_logger_level] /ss42/inverse_kinematics_node rosrpc://ss42.local:42955
[rosmaster.master][INFO] 2021-10-25 05:14:52,981: -SERVICE [/ss42/inverse_kinematics_node/get_loggers] /ss42/inverse_kinematics_node rosrpc://ss42.local:42955
[rosmaster.master][INFO] 2021-10-25 05:14:52,981: -SERVICE [/ss42/inverse_kinematics_node/set_k] /ss42/inverse_kinematics_node rosrpc://ss42.local:42955
[rosmaster.master][INFO] 2021-10-25 05:14:52,982: -SERVICE [/ss42/inverse_kinematics_node/save_calibration] /ss42/inverse_kinematics_node rosrpc://ss42.local:42955
[rosmaster.master][INFO] 2021-10-25 05:14:52,986: publisherUpdate[/rosout] -> http://ss42.local:39692/ ['http://ss42.local:45904/', 'http://ss42.local:42341/']: sec=0.01, result=[1, '', 0]
[rosmaster.master][INFO] 2021-10-25 05:14:52,987: publisherUpdate[/rosout] -> http://ss42.local:39692/ ['http://ss42.local:45904/']
[rosmaster.master][INFO] 2021-10-25 05:14:52,990: publisherUpdate[/rosout] -> http://ss42.local:39692/ ['http://ss42.local:45904/']: sec=0.00, result=[1, '', 0]
[rosmaster.master][INFO] 2021-10-25 05:14:52,998: -PUB [/rosout] /ss42/joy http://ss42.local:45904/
[rosmaster.master][INFO] 2021-10-25 05:14:53,003: -PUB [/diagnostics] /ss42/joy http://ss42.local:45904/
[rosmaster.master][INFO] 2021-10-25 05:14:53,009: -PUB [/ss42/joy] /ss42/joy http://ss42.local:45904/
[rosmaster.master][INFO] 2021-10-25 05:14:53,013: -SERVICE [/ss42/joy/get_loggers] /ss42/joy rosrpc://ss42.local:44398
[rosmaster.master][INFO] 2021-10-25 05:14:53,017: -SERVICE [/ss42/joy/set_logger_level] /ss42/joy rosrpc://ss42.local:44398
[rosmaster.master][INFO] 2021-10-25 05:14:53,065: publisherUpdate[/rosout] -> http://ss42.local:39692/ []
[rosmaster.master][INFO] 2021-10-25 05:14:53,067: publisherUpdate[/rosout] -> http://ss42.local:39692/ []: sec=0.00, result=[1, '', 0]
[rosmaster.master][INFO] 2021-10-25 05:14:54,171: -PUB [/rosout_agg] /rosout http://ss42.local:39692/
[rosmaster.master][INFO] 2021-10-25 05:14:54,175: -SUB [/rosout] /rosout http://ss42.local:39692/
[rosmaster.master][INFO] 2021-10-25 05:14:54,179: -SERVICE [/rosout/get_loggers] /rosout rosrpc://ss42.local:52920
[rosmaster.master][INFO] 2021-10-25 05:14:54,183: -SERVICE [/rosout/set_logger_level] /rosout rosrpc://ss42.local:52920
[rosmaster.main][INFO] 2021-10-25 05:14:54,295: keyboard interrupt, will exit
[rosmaster.main][INFO] 2021-10-25 05:14:54,296: stopping master...
[rospy.core][INFO] 2021-10-25 05:14:54,296: signal_shutdown [atexit]
