

1635131629.913396070  Node Startup
1635131630.337138292 INFO [/tmp/binarydeb/ros-kinetic-joy-1.12.0/src/joy_node.cpp:255(main) [topics: /rosout, /diagnostics, /ss42/joy] Opened joystick: /dev/input/js0. deadzone_: 0.010000.
1635131631.408404111 INFO [joy_mapper_node.py:57(setupParam) [topics: /ss42/joy_mapper_node/joystick_override, /ss42/wheels_driver_node/emergency_stop, /ss42/joy, /rosout, /ss42/joy_mapper_node/parallel_autonomy, /ss42/joy_mapper_node/start_avoidance, /ss42/anti_instagram_node/click, /ss42/joy_mapper_node/car_cmd] [/ss42/joy_mapper_node] ~simulated_vehicle_length = 0.18 
1635131631.550231933 INFO [wheels_driver_node.py:9(__init__) [topics: /ss42/wheels_driver_node/wheels_cmd_executed, /ss42/wheels_driver_node/emergency_stop, /ss42/wheels_driver_node/wheels_cmd, /rosout] [/ss42/wheels_driver_node] Initializing 
1635131632.138196945 INFO [velocity_to_pose_node.py:26(__init__) [topics: /ss42/forward_kinematics_node/velocity, /rosout, /ss42/velocity_to_pose_node/pose] [/ss42/velocity_to_pose_node] Initialized.
1635131635.853055000 WARN [inverse_kinematics_node.py:54(readParamFromFile) [topics: /rosout] [/ss42/inverse_kinematics_node] /home/robotikabot/duckiefleet/calibrations/kinematics/ss42.yaml does not exist. Using default.yaml.
1635131635.928426980 INFO [inverse_kinematics_node.py:182(setup_parameter) [topics: /rosout] [/ss42/inverse_kinematics_node] ~gain = 1.0 
1635131635.942581892 INFO [inverse_kinematics_node.py:182(setup_parameter) [topics: /rosout] [/ss42/inverse_kinematics_node] ~trim = 0.0 
1635131635.956758975 INFO [inverse_kinematics_node.py:182(setup_parameter) [topics: /rosout] [/ss42/inverse_kinematics_node] ~baseline = 0.1 
1635131635.971113920 INFO [inverse_kinematics_node.py:182(setup_parameter) [topics: /rosout] [/ss42/inverse_kinematics_node] ~radius = 0.0318 
1635131635.986063957 INFO [inverse_kinematics_node.py:182(setup_parameter) [topics: /rosout] [/ss42/inverse_kinematics_node] ~k = 27.0 
1635131636.005769014 INFO [inverse_kinematics_node.py:182(setup_parameter) [topics: /rosout] [/ss42/inverse_kinematics_node] ~limit = 1.0 
1635131636.000963926 INFO [forward_kinematics_node.py:72(printValues) [topics: /ss42/wheels_driver_node/wheels_cmd_executed, /ss42/forward_kinematics_node/velocity, /rosout] [/ss42/forward_kinematics_node] gain: 1.0 trim: 0.0 baseline: 0.1 radius: 0.0318 k: 27.0
1635131636.079701900 INFO [inverse_kinematics_node.py:46(__init__) [topics: /ss42/joy_mapper_node/car_cmd, /ss42/wheels_driver_node/wheels_cmd, /rosout] [/ss42/inverse_kinematics_node] Initialized.
1635131636.082278013 INFO [inverse_kinematics_node.py:147(printValues) [topics: /ss42/joy_mapper_node/car_cmd, /ss42/wheels_driver_node/wheels_cmd, /rosout] [/ss42/inverse_kinematics_node] gain: 1.0 trim: 0.0 baseline: 0.1 radius: 0.0318 k: 27.0 limit: 1.0
1635131640.344768047 INFO [joy_mapper_node.py:120(processButtons) [topics: /ss42/joy_mapper_node/joystick_override, /ss42/wheels_driver_node/emergency_stop, /ss42/joy, /rosout, /ss42/joy_mapper_node/parallel_autonomy, /ss42/joy_mapper_node/start_avoidance, /ss42/anti_instagram_node/click, /ss42/joy_mapper_node/car_cmd] E-stop message
1635131640.353732109 INFO [wheels_driver_node.py:45(cbEStop) [topics: /ss42/wheels_driver_node/wheels_cmd_executed, /ss42/wheels_driver_node/emergency_stop, /ss42/wheels_driver_node/wheels_cmd, /rosout] [%s] Emergency Stop Activated
1635131640.364748001 INFO [joy_mapper_node.py:120(processButtons) [topics: /ss42/joy_mapper_node/joystick_override, /ss42/wheels_driver_node/emergency_stop, /ss42/joy, /rosout, /ss42/joy_mapper_node/parallel_autonomy, /ss42/joy_mapper_node/start_avoidance, /ss42/anti_instagram_node/click, /ss42/joy_mapper_node/car_cmd] E-stop message
1635131640.367083072 INFO [wheels_driver_node.py:47(cbEStop) [topics: /ss42/wheels_driver_node/wheels_cmd_executed, /ss42/wheels_driver_node/emergency_stop, /ss42/wheels_driver_node/wheels_cmd, /rosout] [%s] Emergency Stop Released
1635131692.882739067 INFO [wheels_driver_node.py:51(on_shutdown) [topics: /ss42/wheels_driver_node/wheels_cmd_executed, /ss42/wheels_driver_node/emergency_stop, /ss42/wheels_driver_node/wheels_cmd, /rosout] [/ss42/wheels_driver_node] Shutting down.
