[rospy.client][INFO] 2021-12-09 14:08:51,565: init_node, name[/ss42/logic_gate_node], pid[28872]
[xmlrpc][INFO] 2021-12-09 14:08:51,584: XML-RPC server binding to 0.0.0.0:0
[rospy.init][INFO] 2021-12-09 14:08:51,597: ROS Slave URI: [http://ss42.local:41590/]
[xmlrpc][INFO] 2021-12-09 14:08:51,598: Started XML-RPC server [http://ss42.local:41590/]
[rospy.impl.masterslave][INFO] 2021-12-09 14:08:51,599: _ready: http://ss42.local:41590/
[rospy.registration][INFO] 2021-12-09 14:08:51,610: Registering with master node http://ss42.local:11311/
[xmlrpc][INFO] 2021-12-09 14:08:51,615: xml rpc node: starting XML-RPC server
[rospy.init][INFO] 2021-12-09 14:08:51,699: registered with master
[rospy.rosout][INFO] 2021-12-09 14:08:51,700: initializing /rosout core topic
[rospy.rosout][INFO] 2021-12-09 14:08:51,821: connected to core topic /rosout
[rospy.simtime][INFO] 2021-12-09 14:08:51,930: /use_sim_time is not set, will not subscribe to simulated time [/clock] topic
[rospy.internal][INFO] 2021-12-09 14:08:52,093: topic[/rosout] adding connection to [/rosout], count 0
[rospy.internal][INFO] 2021-12-09 14:08:52,493: topic[/ss42/joy_mapper_node/parallel_autonomy] adding connection to [http://ss42.local:36077/], count 0
[rospy.internal][INFO] 2021-12-09 14:08:52,876: topic[/ss42/logic_gate_node/intersection_done_and_parallel_autonomy] adding connection to [/ss42/fsm_node], count 0
[rospy.internal][INFO] 2021-12-09 14:08:52,895: topic[/ss42/logic_gate_node/intersection_done_and_not_parallel_autonomy] adding connection to [/ss42/fsm_node], count 0
[rospy.core][INFO] 2021-12-09 14:53:44,845: signal_shutdown [signal-2]
[rosout][INFO] 2021-12-09 14:53:44,846: [/ss42/logic_gate_node] Shutting down.
[rospy.internal][INFO] 2021-12-09 14:53:44,869: topic[/ss42/logic_gate_node/intersection_done_and_not_parallel_autonomy] removing connection to /ss42/fsm_node
[rospy.internal][INFO] 2021-12-09 14:53:44,870: topic[/rosout] removing connection to /rosout
[rospy.internal][INFO] 2021-12-09 14:53:44,872: topic[/ss42/logic_gate_node/intersection_done_and_parallel_autonomy] removing connection to /ss42/fsm_node
[rospy.internal][INFO] 2021-12-09 14:53:44,875: topic[/ss42/joy_mapper_node/parallel_autonomy] removing connection to http://ss42.local:36077/
[rospy.impl.masterslave][INFO] 2021-12-09 14:53:44,878: signal-2
[rospy.core][INFO] 2021-12-09 14:53:45,497: signal_shutdown [atexit]
