[rospy.client][INFO] 2021-12-09 14:08:56,159: [32minit_node, name[/ss42/ground_projection], pid[28880][0m
[xmlrpc][INFO] 2021-12-09 14:08:56,178: [32mXML-RPC server binding to 0.0.0.0:0[0m
[xmlrpc][INFO] 2021-12-09 14:08:56,188: [32mStarted XML-RPC server [http://ss42.local:38051/][0m
[rospy.init][INFO] 2021-12-09 14:08:56,189: [32mROS Slave URI: [http://ss42.local:38051/][0m
[rospy.impl.masterslave][INFO] 2021-12-09 14:08:56,190: [32m_ready: http://ss42.local:38051/[0m
[xmlrpc][INFO] 2021-12-09 14:08:56,198: [32mxml rpc node: starting XML-RPC server[0m
[rospy.registration][INFO] 2021-12-09 14:08:56,208: [32mRegistering with master node http://ss42.local:11311/[0m
[rospy.init][INFO] 2021-12-09 14:08:56,290: [32mregistered with master[0m
[rospy.rosout][INFO] 2021-12-09 14:08:56,291: [32minitializing /rosout core topic[0m
[rospy.rosout][INFO] 2021-12-09 14:08:56,313: [32mconnected to core topic /rosout[0m
[rospy.simtime][INFO] 2021-12-09 14:08:56,328: [32m/use_sim_time is not set, will not subscribe to simulated time [/clock] topic[0m
[rosout][INFO] 2021-12-09 14:08:56,391: [32mUsing extrinsic calibration of ss42[0m
[DT][INFO] 2021-12-09 14:08:56,436: [32mLoaded homography for ss42.yaml[0m
[rospy.internal][INFO] 2021-12-09 14:08:56,559: [32mtopic[/rosout] adding connection to [/rosout], count 0[0m
[DT][INFO] 2021-12-09 14:08:56,944: [32mLoaded checkerboard parameters[0m
[rosout][INFO] 2021-12-09 14:08:56,949: [32mcamera info topic is /ss42/camera_node/camera_info[0m
[rosout][INFO] 2021-12-09 14:08:56,951: [32mwaiting for camera info[0m
[rospy.internal][INFO] 2021-12-09 14:08:57,203: [32mtopic[/ss42/camera_node/camera_info] adding connection to [http://ss42.local:38962/], count 0[0m
[rospy.internal][INFO] 2021-12-09 14:08:57,696: [32mtopic impl's ref count is zero, deleting topic /ss42/camera_node/camera_info...[0m
[rospy.internal][INFO] 2021-12-09 14:08:57,700: [32mtopic[/ss42/camera_node/camera_info] removing connection to http://ss42.local:38962/[0m
[rosout][INFO] 2021-12-09 14:08:57,735: [32mcamera info received[0m
[rospy.internal][INFO] 2021-12-09 14:08:57,873: [32mtopic[/ss42/ground_projection/lineseglist_out] adding connection to [/ss42/duckiebot_visualizer], count 0[0m
[rospy.internal][INFO] 2021-12-09 14:08:58,803: [32mtopic[/ss42/ground_projection/lineseglist_out] adding connection to [/ss42/lane_filter_node], count 1[0m
[rospy.internal][INFO] 2021-12-09 14:08:59,419: [32mtopic[/ss42/line_detector_node/segment_list] adding connection to [http://ss42.local:46203/], count 0[0m
[rospy.core][INFO] 2021-12-09 14:53:44,559: [32msignal_shutdown [signal-2][0m
[rosout][INFO] 2021-12-09 14:53:44,560: [32m[GroundProjectionNode] Shutdown.[0m
[rospy.internal][INFO] 2021-12-09 14:53:44,736: [32mtopic[/ss42/ground_projection/lineseglist_out] removing connection to /ss42/duckiebot_visualizer[0m
[rospy.internal][INFO] 2021-12-09 14:53:44,740: [32mtopic[/ss42/ground_projection/lineseglist_out] removing connection to /ss42/lane_filter_node[0m
[rospy.internal][INFO] 2021-12-09 14:53:44,748: [32mtopic[/rosout] removing connection to /rosout[0m
[rospy.internal][INFO] 2021-12-09 14:53:44,750: [32mtopic[/ss42/line_detector_node/segment_list] removing connection to http://ss42.local:46203/[0m
[rospy.impl.masterslave][INFO] 2021-12-09 14:53:44,752: [32msignal-2[0m
[rospy.core][INFO] 2021-12-09 14:53:45,225: [32msignal_shutdown [atexit][0m
