[rospy.client][INFO] 2021-12-09 14:08:49,893: init_node, name[/ss42/joy_mapper_node], pid[28858]
[xmlrpc][INFO] 2021-12-09 14:08:49,920: XML-RPC server binding to 0.0.0.0:0
[xmlrpc][INFO] 2021-12-09 14:08:49,921: Started XML-RPC server [http://ss42.local:36077/]
[rospy.impl.masterslave][INFO] 2021-12-09 14:08:49,922: _ready: http://ss42.local:36077/
[rospy.init][INFO] 2021-12-09 14:08:49,923: ROS Slave URI: [http://ss42.local:36077/]
[rospy.registration][INFO] 2021-12-09 14:08:49,939: Registering with master node http://ss42.local:11311/
[xmlrpc][INFO] 2021-12-09 14:08:49,941: xml rpc node: starting XML-RPC server
[rospy.init][INFO] 2021-12-09 14:08:50,024: registered with master
[rospy.rosout][INFO] 2021-12-09 14:08:50,025: initializing /rosout core topic
[rospy.rosout][INFO] 2021-12-09 14:08:50,080: connected to core topic /rosout
[rospy.simtime][INFO] 2021-12-09 14:08:50,115: /use_sim_time is not set, will not subscribe to simulated time [/clock] topic
[rosout][INFO] 2021-12-09 14:08:50,216: [/ss42/joy_mapper_node] Initializing 
[rosout][INFO] 2021-12-09 14:08:50,254: [/ss42/joy_mapper_node] ~speed_gain = 0.41 
[rospy.internal][INFO] 2021-12-09 14:08:50,318: topic[/rosout] adding connection to [/rosout], count 0
[rosout][INFO] 2021-12-09 14:08:50,320: [/ss42/joy_mapper_node] ~steer_gain = 8.3 
[rosout][INFO] 2021-12-09 14:08:50,367: [/ss42/joy_mapper_node] ~bicycle_kinematics = 0.0 
[rosout][INFO] 2021-12-09 14:08:50,410: [/ss42/joy_mapper_node] ~steer_angle_gain = 1.04 
[rosout][INFO] 2021-12-09 14:08:50,453: [/ss42/joy_mapper_node] ~simulated_vehicle_length = 0.18 
[rospy.internal][INFO] 2021-12-09 14:08:50,742: topic[/ss42/joy] adding connection to [http://ss42.local:35145/], count 0
[rospy.internal][INFO] 2021-12-09 14:08:50,755: topic[/ss42/wheels_driver_node/emergency_stop] adding connection to [/ss42/wheels_driver_node], count 0
[rospy.internal][INFO] 2021-12-09 14:08:52,272: topic[/ss42/joy_mapper_node/car_cmd] adding connection to [/ss42/car_cmd_switch_node], count 0
[rospy.internal][INFO] 2021-12-09 14:08:52,540: topic[/ss42/joy_mapper_node/parallel_autonomy] adding connection to [/ss42/logic_gate_node], count 0
[rospy.internal][INFO] 2021-12-09 14:08:52,833: topic[/ss42/joy_mapper_node/start_avoidance] adding connection to [/ss42/fsm_node], count 0
[rospy.internal][INFO] 2021-12-09 14:08:52,843: topic[/ss42/joy_mapper_node/joystick_override] adding connection to [/ss42/fsm_node], count 0
[rospy.internal][INFO] 2021-12-09 14:08:52,850: topic[/ss42/joy_mapper_node/parallel_autonomy] adding connection to [/ss42/fsm_node], count 1
[rospy.internal][INFO] 2021-12-09 14:08:59,474: topic[/ss42/anti_instagram_node/click] adding connection to [/ss42/anti_instagram_node], count 0
[rosout][INFO] 2021-12-09 14:10:38,223: anti_instagram message
[rosout][INFO] 2021-12-09 14:11:51,539: override_msg = False
[rosout][INFO] 2021-12-09 14:12:15,642: override_msg = True
[rosout][INFO] 2021-12-09 14:12:23,860: override_msg = False
[rosout][INFO] 2021-12-09 14:12:51,071: override_msg = True
[rosout][INFO] 2021-12-09 14:13:08,557: override_msg = False
[rosout][INFO] 2021-12-09 14:13:19,450: override_msg = True
[rosout][INFO] 2021-12-09 14:13:37,377: override_msg = False
[rosout][INFO] 2021-12-09 14:14:10,157: override_msg = True
[rosout][INFO] 2021-12-09 14:14:27,623: override_msg = False
[rosout][INFO] 2021-12-09 14:14:37,284: override_msg = True
[rosout][INFO] 2021-12-09 14:14:52,778: override_msg = False
[rosout][INFO] 2021-12-09 14:17:29,726: override_msg = True
[rosout][INFO] 2021-12-09 14:18:55,363: anti_instagram message
[rosout][INFO] 2021-12-09 14:18:57,192: anti_instagram message
[rosout][INFO] 2021-12-09 14:19:37,370: override_msg = False
[rosout][INFO] 2021-12-09 14:20:29,025: override_msg = True
[rosout][INFO] 2021-12-09 14:20:38,805: override_msg = False
[rosout][INFO] 2021-12-09 14:20:57,620: override_msg = True
[rosout][INFO] 2021-12-09 14:21:20,994: override_msg = False
[rosout][INFO] 2021-12-09 14:22:51,807: override_msg = True
[rosout][INFO] 2021-12-09 14:23:21,534: override_msg = False
[rosout][INFO] 2021-12-09 14:23:31,996: override_msg = True
[rosout][INFO] 2021-12-09 14:23:39,409: override_msg = False
[rosout][INFO] 2021-12-09 14:24:32,608: override_msg = True
[rosout][INFO] 2021-12-09 14:24:42,489: override_msg = False
[rosout][INFO] 2021-12-09 14:24:44,318: override_msg = True
[rosout][INFO] 2021-12-09 14:24:47,682: override_msg = False
[rosout][INFO] 2021-12-09 14:25:25,319: override_msg = True
[rosout][INFO] 2021-12-09 14:25:31,884: override_msg = False
[rosout][INFO] 2021-12-09 14:26:26,003: override_msg = True
[rosout][INFO] 2021-12-09 14:26:45,257: override_msg = False
[rosout][INFO] 2021-12-09 14:28:44,969: override_msg = True
[rosout][INFO] 2021-12-09 14:30:44,901: override_msg = False
[rosout][INFO] 2021-12-09 14:30:45,090: override_msg = False
[rosout][INFO] 2021-12-09 14:31:50,310: override_msg = True
[rosout][INFO] 2021-12-09 14:36:23,078: override_msg = False
[rosout][INFO] 2021-12-09 14:36:50,066: override_msg = True
[rosout][INFO] 2021-12-09 14:36:53,759: override_msg = False
[rosout][INFO] 2021-12-09 14:37:11,990: override_msg = True
[rosout][INFO] 2021-12-09 14:37:31,132: override_msg = False
[rosout][INFO] 2021-12-09 14:37:40,906: override_msg = True
[rosout][INFO] 2021-12-09 14:37:53,233: override_msg = False
[rosout][INFO] 2021-12-09 14:37:53,733: override_msg = False
[rosout][INFO] 2021-12-09 14:39:02,645: override_msg = True
[rosout][INFO] 2021-12-09 14:39:37,517: override_msg = False
[rosout][INFO] 2021-12-09 14:42:20,043: override_msg = True
[rosout][INFO] 2021-12-09 14:42:38,774: override_msg = False
[rosout][INFO] 2021-12-09 14:43:19,615: override_msg = True
[rosout][INFO] 2021-12-09 14:43:35,809: override_msg = False
[rosout][INFO] 2021-12-09 14:43:48,303: override_msg = True
[rosout][INFO] 2021-12-09 14:44:48,719: override_msg = False
[rosout][INFO] 2021-12-09 14:45:03,909: override_msg = True
[rosout][INFO] 2021-12-09 14:45:04,411: override_msg = True
[rosout][INFO] 2021-12-09 14:45:12,862: override_msg = False
[rosout][INFO] 2021-12-09 14:46:17,382: override_msg = True
[rosout][INFO] 2021-12-09 14:46:27,980: override_msg = False
[rosout][INFO] 2021-12-09 14:46:38,263: override_msg = True
[rosout][INFO] 2021-12-09 14:46:41,236: override_msg = False
[rosout][INFO] 2021-12-09 14:48:17,470: override_msg = True
[rosout][INFO] 2021-12-09 14:48:23,012: override_msg = False
[rosout][INFO] 2021-12-09 14:49:02,488: override_msg = True
[rosout][INFO] 2021-12-09 14:49:02,989: override_msg = True
[rosout][INFO] 2021-12-09 14:49:14,037: override_msg = False
[rosout][INFO] 2021-12-09 14:50:59,689: override_msg = True
[rosout][INFO] 2021-12-09 14:52:09,197: anti_instagram message
[rosout][INFO] 2021-12-09 14:52:15,850: anti_instagram message
[rosout][WARNING] 2021-12-09 14:53:44,496: Inbound TCP/IP connection failed: connection from sender terminated before handshake header received. 0 bytes were received. Please check sender for additional details.
[rospy.internal][ERROR] 2021-12-09 14:53:44,502: Inbound TCP/IP connection failed:
Traceback (most recent call last):
  File "/opt/ros/kinetic/lib/python2.7/dist-packages/rospy/impl/tcpros_base.py", line 321, in _tcp_server_callback
    header = read_ros_handshake_header(sock, StringIO(), buff_size)
  File "/opt/ros/kinetic/lib/python2.7/dist-packages/rosgraph/network.py", line 364, in read_ros_handshake_header
    raise ROSHandshakeException("connection from sender terminated before handshake header received. %s bytes were received. Please check sender for additional details."%b.tell())
ROSHandshakeException: connection from sender terminated before handshake header received. 0 bytes were received. Please check sender for additional details.

[rospy.internal][INFO] 2021-12-09 14:53:44,532: topic[/ss42/anti_instagram_node/click] removing connection to /ss42/anti_instagram_node
[rospy.internal][INFO] 2021-12-09 14:53:45,034: topic[/ss42/joy_mapper_node/parallel_autonomy] removing connection to /ss42/logic_gate_node
[rospy.internal][INFO] 2021-12-09 14:53:45,436: topic[/ss42/joy_mapper_node/car_cmd] adding connection to [/ss42/car_cmd_switch_node], count 1
[rospy.internal][INFO] 2021-12-09 14:53:45,438: topic[/ss42/joy_mapper_node/car_cmd] removing connection to /ss42/car_cmd_switch_node
[rospy.internal][INFO] 2021-12-09 14:53:45,536: topic[/ss42/joy_mapper_node/car_cmd] removing connection to /ss42/car_cmd_switch_node
[rospy.core][INFO] 2021-12-09 14:53:45,556: signal_shutdown [signal-2]
[rospy.internal][INFO] 2021-12-09 14:53:45,571: topic[/ss42/joy_mapper_node/joystick_override] removing connection to /ss42/fsm_node
[rospy.internal][INFO] 2021-12-09 14:53:45,573: topic[/ss42/joy_mapper_node/parallel_autonomy] removing connection to /ss42/fsm_node
[rospy.internal][INFO] 2021-12-09 14:53:45,575: topic[/ss42/joy_mapper_node/start_avoidance] removing connection to /ss42/fsm_node
[rospy.internal][INFO] 2021-12-09 14:53:45,615: topic[/ss42/wheels_driver_node/emergency_stop] removing connection to /ss42/wheels_driver_node
[rospy.internal][INFO] 2021-12-09 14:53:45,617: topic[/rosout] removing connection to /rosout
[rospy.internal][WARNING] 2021-12-09 14:53:45,624: Unknown error initiating TCP/IP socket to ss42.local:53399 (http://ss42.local:35145/): Traceback (most recent call last):
  File "/opt/ros/kinetic/lib/python2.7/dist-packages/rospy/impl/tcpros_base.py", line 558, in connect
    self.local_endpoint = self.socket.getsockname()
AttributeError: 'NoneType' object has no attribute 'getsockname'

[rospy.internal][INFO] 2021-12-09 14:53:45,623: topic[/ss42/joy] removing connection to http://ss42.local:35145/
[rospy.impl.masterslave][INFO] 2021-12-09 14:53:45,626: signal-2
[rospy.core][INFO] 2021-12-09 14:53:46,203: signal_shutdown [atexit]
