[rospy.client][INFO] 2021-12-09 14:08:57,002: [32minit_node, name[/ss42/inverse_kinematics_node], pid[28855][0m
[xmlrpc][INFO] 2021-12-09 14:08:57,005: [32mXML-RPC server binding to 0.0.0.0:0[0m
[rospy.init][INFO] 2021-12-09 14:08:57,008: [32mROS Slave URI: [http://ss42.local:33589/][0m
[xmlrpc][INFO] 2021-12-09 14:08:57,009: [32mStarted XML-RPC server [http://ss42.local:33589/][0m
[rospy.impl.masterslave][INFO] 2021-12-09 14:08:57,009: [32m_ready: http://ss42.local:33589/[0m
[xmlrpc][INFO] 2021-12-09 14:08:57,010: [32mxml rpc node: starting XML-RPC server[0m
[rospy.registration][INFO] 2021-12-09 14:08:57,013: [32mRegistering with master node http://ss42.local:11311/[0m
[rospy.init][INFO] 2021-12-09 14:08:57,109: [32mregistered with master[0m
[rospy.rosout][INFO] 2021-12-09 14:08:57,110: [32minitializing /rosout core topic[0m
[rospy.rosout][INFO] 2021-12-09 14:08:57,136: [32mconnected to core topic /rosout[0m
[rospy.simtime][INFO] 2021-12-09 14:08:57,166: [32m/use_sim_time is not set, will not subscribe to simulated time [/clock] topic[0m
[rosout][WARNING] 2021-12-09 14:08:57,211: [33m[/ss42/inverse_kinematics_node] /home/robotikabot/duckiefleet/calibrations/kinematics/ss42.yaml does not exist. Using default.yaml.[0m
[rosout][INFO] 2021-12-09 14:08:57,402: [32m[/ss42/inverse_kinematics_node] ~gain = 1.0 [0m
[rosout][INFO] 2021-12-09 14:08:57,433: [32m[/ss42/inverse_kinematics_node] ~trim = 0.0 [0m
[rospy.internal][INFO] 2021-12-09 14:08:57,444: [32mtopic[/rosout] adding connection to [/rosout], count 0[0m
[rosout][INFO] 2021-12-09 14:08:57,468: [32m[/ss42/inverse_kinematics_node] ~baseline = 0.1 [0m
[rosout][INFO] 2021-12-09 14:08:57,497: [32m[/ss42/inverse_kinematics_node] ~radius = 0.0318 [0m
[rosout][INFO] 2021-12-09 14:08:57,536: [32m[/ss42/inverse_kinematics_node] ~k = 27.0 [0m
[rosout][INFO] 2021-12-09 14:08:57,581: [32m[/ss42/inverse_kinematics_node] ~limit = 1.0 [0m
[rosout][INFO] 2021-12-09 14:08:57,771: [32m[/ss42/inverse_kinematics_node] Initialized.[0m
[rosout][INFO] 2021-12-09 14:08:57,773: [32m[/ss42/inverse_kinematics_node] gain: 1.0 trim: 0.0 baseline: 0.1 radius: 0.0318 k: 27.0 limit: 1.0[0m
[rospy.internal][INFO] 2021-12-09 14:08:57,798: [32mtopic[/ss42/car_cmd_switch_node/cmd] adding connection to [http://ss42.local:37467/], count 0[0m
[rospy.internal][INFO] 2021-12-09 14:08:57,868: [32mtopic[/ss42/wheels_driver_node/wheels_cmd] adding connection to [/ss42/wheels_driver_node], count 0[0m
[rospy.internal][ERROR] 2021-12-09 14:53:45,386: [31mUnable to initiate TCP/IP socket to ss42.local:38137 (http://ss42.local:37467/): Traceback (most recent call last):
  File "/opt/ros/kinetic/lib/python2.7/dist-packages/rospy/impl/tcpros_base.py", line 557, in connect
    self.read_header()
  File "/opt/ros/kinetic/lib/python2.7/dist-packages/rospy/impl/tcpros_base.py", line 650, in read_header
    self._validate_header(read_ros_handshake_header(sock, self.read_buff, self.protocol.buff_size))
  File "/opt/ros/kinetic/lib/python2.7/dist-packages/rospy/impl/tcpros_base.py", line 593, in _validate_header
    raise TransportInitError("remote error reported: %s"%header['error'])
TransportInitError: remote error reported: node shutting down
[0m
[rospy.core][INFO] 2021-12-09 14:53:45,675: [32msignal_shutdown [signal-2][0m
[rospy.internal][INFO] 2021-12-09 14:53:45,742: [32mtopic[/ss42/wheels_driver_node/wheels_cmd] removing connection to /ss42/wheels_driver_node[0m
[rospy.internal][INFO] 2021-12-09 14:53:45,743: [32mtopic[/rosout] removing connection to /rosout[0m
[rospy.internal][INFO] 2021-12-09 14:53:45,744: [32mtopic[/ss42/car_cmd_switch_node/cmd] removing connection to http://ss42.local:37467/[0m
[rospy.impl.masterslave][INFO] 2021-12-09 14:53:45,751: [32msignal-2[0m
[rospy.core][INFO] 2021-12-09 14:53:46,372: [32msignal_shutdown [atexit][0m
