[rospy.client][INFO] 2021-12-09 14:08:57,709: init_node, name[/ss42/lane_pose_visualizer_node], pid[28898]
[xmlrpc][INFO] 2021-12-09 14:08:57,711: XML-RPC server binding to 0.0.0.0:0
[rospy.init][INFO] 2021-12-09 14:08:57,713: ROS Slave URI: [http://ss42.local:41596/]
[xmlrpc][INFO] 2021-12-09 14:08:57,714: Started XML-RPC server [http://ss42.local:41596/]
[rospy.impl.masterslave][INFO] 2021-12-09 14:08:57,715: _ready: http://ss42.local:41596/
[xmlrpc][INFO] 2021-12-09 14:08:57,717: xml rpc node: starting XML-RPC server
[rospy.registration][INFO] 2021-12-09 14:08:57,719: Registering with master node http://ss42.local:11311/
[rospy.init][INFO] 2021-12-09 14:08:57,814: registered with master
[rospy.rosout][INFO] 2021-12-09 14:08:57,815: initializing /rosout core topic
[rospy.rosout][INFO] 2021-12-09 14:08:57,863: connected to core topic /rosout
[rospy.simtime][INFO] 2021-12-09 14:08:57,879: /use_sim_time is not set, will not subscribe to simulated time [/clock] topic
[rosout][INFO] 2021-12-09 14:08:57,897: [/ss42/lane_pose_visualizer_node] Initialzing.
[rosout][INFO] 2021-12-09 14:08:57,898: [/ss42/lane_pose_visualizer_node] Vehicle name: ss42
[rosout][INFO] 2021-12-09 14:08:57,921: [/ss42/lane_pose_visualizer_node] Initialzed.
[rospy.internal][INFO] 2021-12-09 14:08:58,074: topic[/rosout] adding connection to [/rosout], count 0
[rospy.internal][INFO] 2021-12-09 14:08:58,865: topic[/ss42/lane_filter_node/lane_pose] adding connection to [http://ss42.local:42062/], count 0
[rospy.internal][INFO] 2021-12-09 14:10:20,169: topic[/ss42/lane_pose_visualizer_node/lane_pose_markers] adding connection to [/rviz_1639055402427088999], count 0
[rospy.core][INFO] 2021-12-09 14:53:44,489: signal_shutdown [signal-2]
[rosout][INFO] 2021-12-09 14:53:44,490: [/ss42/lane_pose_visualizer_node] Shutting down.
[rospy.internal][INFO] 2021-12-09 14:53:44,657: topic[/ss42/lane_pose_visualizer_node/lane_pose_markers] removing connection to /rviz_1639055402427088999
[rospy.internal][INFO] 2021-12-09 14:53:44,665: topic[/rosout] removing connection to /rosout
[rospy.internal][INFO] 2021-12-09 14:53:44,667: topic[/ss42/lane_filter_node/lane_pose] removing connection to http://ss42.local:42062/
[rospy.impl.masterslave][INFO] 2021-12-09 14:53:44,673: signal-2
[rospy.core][INFO] 2021-12-09 14:53:45,146: signal_shutdown [atexit]
