[rospy.client][INFO] 2021-12-06 08:38:35,196: [32minit_node, name[/ss42/ground_projection], pid[1623][0m
[xmlrpc][INFO] 2021-12-06 08:38:35,201: [32mXML-RPC server binding to 0.0.0.0:0[0m
[xmlrpc][INFO] 2021-12-06 08:38:35,205: [32mStarted XML-RPC server [http://ss42.local:46695/][0m
[rospy.impl.masterslave][INFO] 2021-12-06 08:38:35,206: [32m_ready: http://ss42.local:46695/[0m
[rospy.init][INFO] 2021-12-06 08:38:35,207: [32mROS Slave URI: [http://ss42.local:46695/][0m
[rospy.registration][INFO] 2021-12-06 08:38:35,223: [32mRegistering with master node http://ss42.local:11311/[0m
[xmlrpc][INFO] 2021-12-06 08:38:35,224: [32mxml rpc node: starting XML-RPC server[0m
[rospy.init][INFO] 2021-12-06 08:38:35,308: [32mregistered with master[0m
[rospy.rosout][INFO] 2021-12-06 08:38:35,309: [32minitializing /rosout core topic[0m
[rospy.rosout][INFO] 2021-12-06 08:38:35,374: [32mconnected to core topic /rosout[0m
[rospy.simtime][INFO] 2021-12-06 08:38:35,419: [32m/use_sim_time is not set, will not subscribe to simulated time [/clock] topic[0m
[rosout][INFO] 2021-12-06 08:38:35,532: [32mUsing extrinsic calibration of ss42[0m
[DT][INFO] 2021-12-06 08:38:35,593: [32mLoaded homography for ss42.yaml[0m
[rospy.internal][INFO] 2021-12-06 08:38:35,667: [32mtopic[/rosout] adding connection to [/rosout], count 0[0m
[DT][INFO] 2021-12-06 08:38:36,028: [32mLoaded checkerboard parameters[0m
[rosout][INFO] 2021-12-06 08:38:36,029: [32mcamera info topic is /ss42/camera_node/camera_info[0m
[rosout][INFO] 2021-12-06 08:38:36,034: [32mwaiting for camera info[0m
[rospy.internal][INFO] 2021-12-06 08:38:36,109: [32mtopic[/ss42/camera_node/camera_info] adding connection to [http://ss42.local:45427/], count 0[0m
[rospy.internal][INFO] 2021-12-06 08:38:36,554: [32mtopic impl's ref count is zero, deleting topic /ss42/camera_node/camera_info...[0m
[rospy.internal][INFO] 2021-12-06 08:38:36,555: [32mtopic[/ss42/camera_node/camera_info] removing connection to http://ss42.local:45427/[0m
[rosout][INFO] 2021-12-06 08:38:36,570: [32mcamera info received[0m
[rospy.internal][INFO] 2021-12-06 08:38:36,683: [32mtopic[/ss42/ground_projection/lineseglist_out] adding connection to [/ss42/duckiebot_visualizer], count 0[0m
[rospy.internal][INFO] 2021-12-06 08:38:38,353: [32mtopic[/ss42/ground_projection/lineseglist_out] adding connection to [/ss42/lane_filter_node], count 1[0m
[rospy.internal][INFO] 2021-12-06 08:38:38,835: [32mtopic[/ss42/line_detector_node/segment_list] adding connection to [http://ss42.local:37813/], count 0[0m
[rospy.core][INFO] 2021-12-06 08:39:49,848: [32msignal_shutdown [signal-2][0m
[rosout][INFO] 2021-12-06 08:39:49,849: [32m[GroundProjectionNode] Shutdown.[0m
[rospy.internal][ERROR] 2021-12-06 08:39:49,998: [31mUnable to initiate TCP/IP socket to ss42.local:38540 (http://ss42.local:37813/): Traceback (most recent call last):
  File "/opt/ros/kinetic/lib/python2.7/dist-packages/rospy/impl/tcpros_base.py", line 557, in connect
    self.read_header()
  File "/opt/ros/kinetic/lib/python2.7/dist-packages/rospy/impl/tcpros_base.py", line 650, in read_header
    self._validate_header(read_ros_handshake_header(sock, self.read_buff, self.protocol.buff_size))
  File "/opt/ros/kinetic/lib/python2.7/dist-packages/rospy/impl/tcpros_base.py", line 593, in _validate_header
    raise TransportInitError("remote error reported: %s"%header['error'])
TransportInitError: remote error reported: node shutting down
[0m
[rospy.internal][INFO] 2021-12-06 08:39:50,048: [32mtopic[/ss42/ground_projection/lineseglist_out] removing connection to /ss42/duckiebot_visualizer[0m
[rospy.internal][INFO] 2021-12-06 08:39:50,049: [32mtopic[/ss42/ground_projection/lineseglist_out] removing connection to /ss42/lane_filter_node[0m
[rospy.internal][INFO] 2021-12-06 08:39:50,051: [32mtopic[/rosout] removing connection to /rosout[0m
[rospy.internal][INFO] 2021-12-06 08:39:50,055: [32mtopic[/ss42/line_detector_node/segment_list] removing connection to http://ss42.local:37813/[0m
[rospy.impl.masterslave][INFO] 2021-12-06 08:39:50,057: [32msignal-2[0m
[rospy.core][INFO] 2021-12-06 08:39:50,480: [32msignal_shutdown [atexit][0m
