[rospy.client][INFO] 2021-12-06 08:38:36,983: [32minit_node, name[/ss42/anti_instagram_node], pid[1655][0m
[xmlrpc][INFO] 2021-12-06 08:38:37,021: [32mXML-RPC server binding to 0.0.0.0:0[0m
[xmlrpc][INFO] 2021-12-06 08:38:37,022: [32mStarted XML-RPC server [http://ss42.local:32906/][0m
[rospy.init][INFO] 2021-12-06 08:38:37,023: [32mROS Slave URI: [http://ss42.local:32906/][0m
[rospy.impl.masterslave][INFO] 2021-12-06 08:38:37,024: [32m_ready: http://ss42.local:32906/[0m
[rospy.registration][INFO] 2021-12-06 08:38:37,027: [32mRegistering with master node http://ss42.local:11311/[0m
[xmlrpc][INFO] 2021-12-06 08:38:37,028: [32mxml rpc node: starting XML-RPC server[0m
[rospy.init][INFO] 2021-12-06 08:38:37,125: [32mregistered with master[0m
[rospy.rosout][INFO] 2021-12-06 08:38:37,125: [32minitializing /rosout core topic[0m
[rospy.rosout][INFO] 2021-12-06 08:38:37,145: [32mconnected to core topic /rosout[0m
[rospy.simtime][INFO] 2021-12-06 08:38:37,151: [32m/use_sim_time is not set, will not subscribe to simulated time [/clock] topic[0m
[rospy.internal][INFO] 2021-12-06 08:38:37,259: [32mtopic[/ss42/anti_instagram_node/click] adding connection to [http://ss42.local:36461/], count 0[0m
[rospy.internal][INFO] 2021-12-06 08:38:37,272: [32mtopic[/ss42/camera_node/image/compressed] adding connection to [http://ss42.local:41750/], count 0[0m
[rospy.internal][INFO] 2021-12-06 08:38:37,392: [32mtopic[/rosout] adding connection to [/rosout], count 0[0m
[rospy.internal][INFO] 2021-12-06 08:38:38,869: [32mtopic[/ss42/anti_instagram_node/transform] adding connection to [/ss42/line_detector_node], count 0[0m
[rospy.core][INFO] 2021-12-06 08:39:49,748: [32msignal_shutdown [signal-2][0m
[rospy.internal][INFO] 2021-12-06 08:39:49,788: [32mtopic[/ss42/anti_instagram_node/transform] removing connection to /ss42/line_detector_node[0m
[rospy.internal][INFO] 2021-12-06 08:39:49,791: [32mtopic[/rosout] removing connection to /rosout[0m
[rospy.internal][INFO] 2021-12-06 08:39:49,795: [32mtopic[/ss42/anti_instagram_node/click] removing connection to http://ss42.local:36461/[0m
[rospy.internal][INFO] 2021-12-06 08:39:49,803: [32mtopic[/ss42/camera_node/image/compressed] removing connection to http://ss42.local:41750/[0m
[rospy.internal][WARNING] 2021-12-06 08:39:49,805: [33mUnknown error initiating TCP/IP socket to ss42.local:41254 (http://ss42.local:36461/): Traceback (most recent call last):
  File "/opt/ros/kinetic/lib/python2.7/dist-packages/rospy/impl/tcpros_base.py", line 558, in connect
    self.local_endpoint = self.socket.getsockname()
AttributeError: 'NoneType' object has no attribute 'getsockname'
[0m
[rospy.impl.masterslave][INFO] 2021-12-06 08:39:49,807: [32msignal-2[0m
[rospy.core][INFO] 2021-12-06 08:39:50,372: [32msignal_shutdown [atexit][0m
