[rospy.client][INFO] 2021-12-06 08:38:29,177: init_node, name[/ss42/fake_coordinator_node], pid[1652]
[xmlrpc][INFO] 2021-12-06 08:38:29,186: XML-RPC server binding to 0.0.0.0:0
[xmlrpc][INFO] 2021-12-06 08:38:29,193: Started XML-RPC server [http://ss42.local:38353/]
[rospy.impl.masterslave][INFO] 2021-12-06 08:38:29,194: _ready: http://ss42.local:38353/
[xmlrpc][INFO] 2021-12-06 08:38:29,199: xml rpc node: starting XML-RPC server
[rospy.registration][INFO] 2021-12-06 08:38:29,201: Registering with master node http://ss42.local:11311/
[rospy.init][INFO] 2021-12-06 08:38:29,203: ROS Slave URI: [http://ss42.local:38353/]
[rospy.init][INFO] 2021-12-06 08:38:29,204: registered with master
[rospy.rosout][INFO] 2021-12-06 08:38:29,205: initializing /rosout core topic
[rospy.rosout][INFO] 2021-12-06 08:38:29,239: connected to core topic /rosout
[rospy.simtime][INFO] 2021-12-06 08:38:29,268: /use_sim_time is not set, will not subscribe to simulated time [/clock] topic
[rospy.internal][INFO] 2021-12-06 08:38:29,427: topic[/rosout] adding connection to [/rosout], count 0
[rospy.internal][INFO] 2021-12-06 08:38:29,463: topic[/ss42/fsm_node/mode] adding connection to [http://ss42.local:44999/], count 0
[rospy.internal][INFO] 2021-12-06 08:38:29,649: topic[/ss42/simple_coordinator_node/intersection_go] adding connection to [/ss42/fsm_node], count 0
[rospy.internal][INFO] 2021-12-06 08:38:29,697: topic[/ss42/simple_coordinator_node/car_cmd] adding connection to [/ss42/car_cmd_switch_node], count 0
[rospy.core][INFO] 2021-12-06 08:39:49,772: signal_shutdown [signal-2]
[rosout][INFO] 2021-12-06 08:39:49,774: [LaneFilterNode] Shutdown.
[rospy.internal][INFO] 2021-12-06 08:39:49,843: topic[/ss42/simple_coordinator_node/intersection_go] removing connection to /ss42/fsm_node
[rospy.internal][INFO] 2021-12-06 08:39:49,845: topic[/rosout] removing connection to /rosout
[rospy.internal][INFO] 2021-12-06 08:39:49,850: topic[/ss42/simple_coordinator_node/car_cmd] removing connection to /ss42/car_cmd_switch_node
[rospy.internal][INFO] 2021-12-06 08:39:49,863: topic[/ss42/fsm_node/mode] removing connection to http://ss42.local:44999/
[rospy.internal][WARNING] 2021-12-06 08:39:49,869: Unknown error initiating TCP/IP socket to ss42.local:35402 (http://ss42.local:44999/): Traceback (most recent call last):
  File "/opt/ros/kinetic/lib/python2.7/dist-packages/rospy/impl/tcpros_base.py", line 558, in connect
    self.local_endpoint = self.socket.getsockname()
AttributeError: 'NoneType' object has no attribute 'getsockname'

[rospy.impl.masterslave][INFO] 2021-12-06 08:39:49,870: signal-2
[rospy.core][INFO] 2021-12-06 08:39:50,390: signal_shutdown [atexit]
