[rospy.client][INFO] 2021-12-06 08:38:35,192: [32minit_node, name[/ss42/lane_filter_node], pid[1634][0m
[xmlrpc][INFO] 2021-12-06 08:38:35,201: [32mXML-RPC server binding to 0.0.0.0:0[0m
[rospy.init][INFO] 2021-12-06 08:38:35,205: [32mROS Slave URI: [http://ss42.local:45341/][0m
[xmlrpc][INFO] 2021-12-06 08:38:35,206: [32mStarted XML-RPC server [http://ss42.local:45341/][0m
[rospy.impl.masterslave][INFO] 2021-12-06 08:38:35,207: [32m_ready: http://ss42.local:45341/[0m
[xmlrpc][INFO] 2021-12-06 08:38:35,215: [32mxml rpc node: starting XML-RPC server[0m
[rospy.registration][INFO] 2021-12-06 08:38:35,217: [32mRegistering with master node http://ss42.local:11311/[0m
[rospy.init][INFO] 2021-12-06 08:38:35,306: [32mregistered with master[0m
[rospy.rosout][INFO] 2021-12-06 08:38:35,308: [32minitializing /rosout core topic[0m
[rospy.rosout][INFO] 2021-12-06 08:38:35,369: [32mconnected to core topic /rosout[0m
[rospy.simtime][INFO] 2021-12-06 08:38:35,385: [32m/use_sim_time is not set, will not subscribe to simulated time [/clock] topic[0m
[rosout][INFO] 2021-12-06 08:38:35,507: [32m[Lane Filter] new filter config: ['lane_filter.LaneFilterHistogram', {'configuration': {'phi_max': 1.5, 'lanewidth': 0.23, 'mean_d_0': 0, 'min_max': 0.1, 'phi_min': -1.5, 'd_max': 0.3, 'sigma_phi_mask': 2.0, 'sigma_d_mask': 1.0, 'mean_phi_0': 0, 'sigma_phi_0': 0.1, 'linewidth_white': 0.05, 'linewidth_yellow': 0.025, 'delta_d': 0.02, 'd_min': -0.15, 'delta_phi': 0.1, 'sigma_d_0': 0.1, 'cov_v': 0.5}}][0m
[rospy.internal][INFO] 2021-12-06 08:38:35,842: [32mtopic[/rosout] adding connection to [/rosout], count 0[0m
[rospy.internal][INFO] 2021-12-06 08:38:38,338: [32mtopic[/ss42/ground_projection/lineseglist_out] adding connection to [http://ss42.local:46695/], count 0[0m
[rospy.internal][INFO] 2021-12-06 08:38:38,373: [32mtopic[/ss42/lane_filter_node/switch] adding connection to [http://ss42.local:44999/], count 0[0m
[rospy.internal][INFO] 2021-12-06 08:38:38,377: [32mtopic[/ss42/car_cmd_switch_node/cmd] adding connection to [http://ss42.local:33569/], count 0[0m
[rospy.internal][INFO] 2021-12-06 08:38:38,442: [32mtopic[/ss42/lane_filter_node/lane_pose] adding connection to [/ss42/lane_controller_node], count 0[0m
[rospy.internal][INFO] 2021-12-06 08:38:38,451: [32mtopic[/ss42/lane_filter_node/lane_pose] adding connection to [/ss42/lane_pose_visualizer_node], count 1[0m
[rospy.internal][INFO] 2021-12-06 08:39:49,824: [32mtopic[/ss42/lane_filter_node/lane_pose] adding connection to [/ss42/lane_controller_node], count 2[0m
[rospy.internal][INFO] 2021-12-06 08:39:49,826: [32mtopic[/ss42/lane_filter_node/lane_pose] removing connection to /ss42/lane_controller_node[0m
[rospy.core][INFO] 2021-12-06 08:39:49,838: [32msignal_shutdown [signal-2][0m
[rosout][INFO] 2021-12-06 08:39:49,839: [32m[LaneFilterNode] Shutdown.[0m
[rospy.internal][INFO] 2021-12-06 08:39:49,886: [32mtopic[/ss42/lane_filter_node/lane_pose] removing connection to /ss42/lane_controller_node[0m
[rospy.internal][INFO] 2021-12-06 08:39:49,979: [32mtopic[/ss42/lane_filter_node/lane_pose] removing connection to /ss42/lane_pose_visualizer_node[0m
[rospy.internal][INFO] 2021-12-06 08:39:50,022: [32mtopic[/rosout] removing connection to /rosout[0m
[rospy.internal][INFO] 2021-12-06 08:39:50,024: [32mtopic[/ss42/ground_projection/lineseglist_out] removing connection to http://ss42.local:46695/[0m
[rospy.internal][INFO] 2021-12-06 08:39:50,030: [32mtopic[/ss42/lane_filter_node/switch] removing connection to http://ss42.local:44999/[0m
[rospy.internal][INFO] 2021-12-06 08:39:50,032: [32mtopic[/ss42/car_cmd_switch_node/cmd] removing connection to http://ss42.local:33569/[0m
[rospy.impl.masterslave][INFO] 2021-12-06 08:39:50,034: [32msignal-2[0m
[rospy.core][INFO] 2021-12-06 08:39:50,501: [32msignal_shutdown [atexit][0m
