[rospy.client][INFO] 2021-12-06 08:38:35,199: [32minit_node, name[/ss42/inverse_kinematics_node], pid[1599][0m
[xmlrpc][INFO] 2021-12-06 08:38:35,208: [32mXML-RPC server binding to 0.0.0.0:0[0m
[xmlrpc][INFO] 2021-12-06 08:38:35,210: [32mStarted XML-RPC server [http://ss42.local:41758/][0m
[rospy.impl.masterslave][INFO] 2021-12-06 08:38:35,211: [32m_ready: http://ss42.local:41758/[0m
[rospy.init][INFO] 2021-12-06 08:38:35,218: [32mROS Slave URI: [http://ss42.local:41758/][0m
[rospy.registration][INFO] 2021-12-06 08:38:35,225: [32mRegistering with master node http://ss42.local:11311/[0m
[xmlrpc][INFO] 2021-12-06 08:38:35,226: [32mxml rpc node: starting XML-RPC server[0m
[rospy.init][INFO] 2021-12-06 08:38:35,318: [32mregistered with master[0m
[rospy.rosout][INFO] 2021-12-06 08:38:35,319: [32minitializing /rosout core topic[0m
[rospy.rosout][INFO] 2021-12-06 08:38:35,379: [32mconnected to core topic /rosout[0m
[rospy.simtime][INFO] 2021-12-06 08:38:35,434: [32m/use_sim_time is not set, will not subscribe to simulated time [/clock] topic[0m
[rosout][WARNING] 2021-12-06 08:38:35,521: [33m[/ss42/inverse_kinematics_node] /home/robotikabot/duckiefleet/calibrations/kinematics/ss42.yaml does not exist. Using default.yaml.[0m
[rospy.internal][INFO] 2021-12-06 08:38:35,677: [32mtopic[/rosout] adding connection to [/rosout], count 0[0m
[rosout][INFO] 2021-12-06 08:38:35,767: [32m[/ss42/inverse_kinematics_node] ~gain = 1.0 [0m
[rosout][INFO] 2021-12-06 08:38:35,806: [32m[/ss42/inverse_kinematics_node] ~trim = 0.0 [0m
[rosout][INFO] 2021-12-06 08:38:35,840: [32m[/ss42/inverse_kinematics_node] ~baseline = 0.1 [0m
[rosout][INFO] 2021-12-06 08:38:35,873: [32m[/ss42/inverse_kinematics_node] ~radius = 0.0318 [0m
[rosout][INFO] 2021-12-06 08:38:35,914: [32m[/ss42/inverse_kinematics_node] ~k = 27.0 [0m
[rosout][INFO] 2021-12-06 08:38:35,952: [32m[/ss42/inverse_kinematics_node] ~limit = 1.0 [0m
[rosout][INFO] 2021-12-06 08:38:36,060: [32m[/ss42/inverse_kinematics_node] Initialized.[0m
[rosout][INFO] 2021-12-06 08:38:36,063: [32m[/ss42/inverse_kinematics_node] gain: 1.0 trim: 0.0 baseline: 0.1 radius: 0.0318 k: 27.0 limit: 1.0[0m
[rospy.internal][INFO] 2021-12-06 08:38:36,083: [32mtopic[/ss42/car_cmd_switch_node/cmd] adding connection to [http://ss42.local:33569/], count 0[0m
[rospy.internal][INFO] 2021-12-06 08:38:36,129: [32mtopic[/ss42/wheels_driver_node/wheels_cmd] adding connection to [/ss42/wheels_driver_node], count 0[0m
[rospy.internal][ERROR] 2021-12-06 08:39:50,769: [31mUnable to initiate TCP/IP socket to ss42.local:44995 (http://ss42.local:33569/): Traceback (most recent call last):
  File "/opt/ros/kinetic/lib/python2.7/dist-packages/rospy/impl/tcpros_base.py", line 557, in connect
    self.read_header()
  File "/opt/ros/kinetic/lib/python2.7/dist-packages/rospy/impl/tcpros_base.py", line 650, in read_header
    self._validate_header(read_ros_handshake_header(sock, self.read_buff, self.protocol.buff_size))
  File "/opt/ros/kinetic/lib/python2.7/dist-packages/rospy/impl/tcpros_base.py", line 593, in _validate_header
    raise TransportInitError("remote error reported: %s"%header['error'])
TransportInitError: remote error reported: node shutting down
[0m
[rospy.core][INFO] 2021-12-06 08:39:50,928: [32msignal_shutdown [signal-2][0m
[rospy.internal][INFO] 2021-12-06 08:39:51,022: [32mtopic[/ss42/wheels_driver_node/wheels_cmd] removing connection to /ss42/wheels_driver_node[0m
[rospy.internal][INFO] 2021-12-06 08:39:51,024: [32mtopic[/rosout] removing connection to /rosout[0m
[rospy.internal][INFO] 2021-12-06 08:39:51,026: [32mtopic[/ss42/car_cmd_switch_node/cmd] removing connection to http://ss42.local:33569/[0m
[rospy.impl.masterslave][INFO] 2021-12-06 08:39:51,032: [32msignal-2[0m
[rospy.core][INFO] 2021-12-06 08:39:51,588: [32msignal_shutdown [atexit][0m
