[rospy.client][INFO] 2021-12-06 08:38:29,106: init_node, name[/ss42/duckiebot_visualizer], pid[1628]
[xmlrpc][INFO] 2021-12-06 08:38:29,133: XML-RPC server binding to 0.0.0.0:0
[xmlrpc][INFO] 2021-12-06 08:38:29,135: Started XML-RPC server [http://ss42.local:44807/]
[rospy.impl.masterslave][INFO] 2021-12-06 08:38:29,136: _ready: http://ss42.local:44807/
[rospy.init][INFO] 2021-12-06 08:38:29,137: ROS Slave URI: [http://ss42.local:44807/]
[rospy.registration][INFO] 2021-12-06 08:38:29,148: Registering with master node http://ss42.local:11311/
[xmlrpc][INFO] 2021-12-06 08:38:29,151: xml rpc node: starting XML-RPC server
[rospy.init][INFO] 2021-12-06 08:38:29,238: registered with master
[rospy.rosout][INFO] 2021-12-06 08:38:29,239: initializing /rosout core topic
[rospy.rosout][INFO] 2021-12-06 08:38:29,280: connected to core topic /rosout
[rospy.simtime][INFO] 2021-12-06 08:38:29,321: /use_sim_time is not set, will not subscribe to simulated time [/clock] topic
[rosout][INFO] 2021-12-06 08:38:29,377: [/ss42/duckiebot_visualizer] Initialzing.
[rospy.internal][INFO] 2021-12-06 08:38:29,428: topic[/rosout] adding connection to [/rosout], count 0
[rosout][INFO] 2021-12-06 08:38:29,437: [/ss42/duckiebot_visualizer] ~veh_name = ss42 
[rosout][INFO] 2021-12-06 08:38:29,649: [/ss42/duckiebot_visualizer] Initialzed.
[rospy.internal][INFO] 2021-12-06 08:38:36,672: topic[/ss42/ground_projection/lineseglist_out] adding connection to [http://ss42.local:46695/], count 0
[rospy.core][INFO] 2021-12-06 08:39:49,814: signal_shutdown [signal-2]
[rosout][INFO] 2021-12-06 08:39:49,817: [/ss42/duckiebot_visualizer] Shutting down.
[rospy.internal][INFO] 2021-12-06 08:39:49,984: topic[/rosout] removing connection to /rosout
[rospy.internal][INFO] 2021-12-06 08:39:49,986: topic[/ss42/ground_projection/lineseglist_out] removing connection to http://ss42.local:46695/
[rospy.impl.masterslave][INFO] 2021-12-06 08:39:49,987: signal-2
[rospy.core][INFO] 2021-12-06 08:39:50,467: signal_shutdown [atexit]
