

1638532511.423489764  Node Startup
1638532515.455939054 INFO [decoder_node.py:26(setupParam) [topics: /ss42/camera_node/image/raw, /ss42/camera_node/image/compressed, /rosout, /ss42/decoder_node/switch] [/ss42/decoder_node] ~publish_freq = 2.0 
1638532519.217925071 INFO [cam_info_reader_node.py:37(__init__) [topics: /rosout, /ss42/camera_node/raw_camera_info] [/ss42/raw_cam_info_reader_node] Using calibration file: /home/robotikabot/duckiefleet/calibrations/camera_intrinsic/ss42.yaml
1638532519.325731039 INFO [cam_info_reader_node.py:40(__init__) [topics: /rosout, /ss42/camera_node/raw_camera_info] [/ss42/raw_cam_info_reader_node] CameraInfo: header: 
  seq: 0
  stamp: 
    secs: 0
    nsecs:         0
  frame_id: "/ss42/camera_optical_frame"
height: 480
width: 640
distortion_model: "plumb_bob"
D: [-0.28641390045488485, 0.06209789284600532, -0.0001318435562548337, 0.0031223920632866965, 0.0]
K: [341.7458993299522, 0.0, 320.3474156981522, 0.0, 333.0071183936255, 227.2769727771955, 0.0, 0.0, 1.0]
R: [1.0, 0.0, 0.0, 0.0, 1.0, 0.0, 0.0, 0.0, 1.0]
P: [239.97491455078125, 0.0, 324.3419250574734, 0.0, 0.0, 270.124755859375, 220.02747465779248, 0.0, 0.0, 0.0, 1.0, 0.0]
binning_x: 0
binning_y: 0
roi: 
  x_offset: 0
  y_offset: 0
  height: 0
  width: 0
  do_rectify: False
1638532519.225008010 INFO [cam_info_reader_node.py:37(__init__) [topics: /ss42/camera_node/camera_info, /rosout] [/ss42/cam_info_reader_node] Using calibration file: /home/robotikabot/duckiefleet/calibrations/camera_intrinsic/ss42.yaml
1638532519.329185962 INFO [cam_info_reader_node.py:40(__init__) [topics: /ss42/camera_node/camera_info, /rosout] [/ss42/cam_info_reader_node] CameraInfo: header: 
  seq: 0
  stamp: 
    secs: 0
    nsecs:         0
  frame_id: "/ss42/camera_optical_frame"
height: 480
width: 640
distortion_model: "plumb_bob"
D: [-0.28641390045488485, 0.06209789284600532, -0.0001318435562548337, 0.0031223920632866965, 0.0]
K: [341.7458993299522, 0.0, 320.3474156981522, 0.0, 333.0071183936255, 227.2769727771955, 0.0, 0.0, 1.0]
R: [1.0, 0.0, 0.0, 0.0, 1.0, 0.0, 0.0, 0.0, 1.0]
P: [239.97491455078125, 0.0, 324.3419250574734, 0.0, 0.0, 270.124755859375, 220.02747465779248, 0.0, 0.0, 0.0, 1.0, 0.0]
binning_x: 0
binning_y: 0
roi: 
  x_offset: 0
  y_offset: 0
  height: 0
  width: 0
  do_rectify: False
1638532519.332453012 WARN [cam_info_reader_node.py:45(__init__) [topics: /ss42/camera_node/camera_info, /rosout] [/ss42/cam_info_reader_node] ==============CompressedImage
1638532519.335763931 WARN [cam_info_reader_node.py:45(__init__) [topics: /rosout, /ss42/camera_node/raw_camera_info] [/ss42/raw_cam_info_reader_node] ==============Image
1638532519.582274913 INFO [camera_node_sequence.py:112(setupParam) [topics: /rosout] [/ss42/camera_node] ~res_h = 480 
1638532520.040643930 INFO [camera_node_sequence.py:56(__init__) [topics: /ss42/camera_node/image/compressed, /ss42/camera_node/framerate_high_switch, /rosout] [/ss42/camera_node] Initialized.
1638532520.044940948 INFO [camera_node_sequence.py:68(startCapturing) [topics: /ss42/camera_node/image/compressed, /ss42/camera_node/framerate_high_switch, /rosout] [/ss42/camera_node] Start capturing.
1638532520.131208896 INFO [camera_node_sequence.py:104(grabAndPublish) [topics: /ss42/camera_node/image/compressed, /ss42/camera_node/framerate_high_switch, /rosout] [/ss42/camera_node] Published the first image.
1638532646.298723936 INFO [ground_projection_node.py:24(__init__) [topics: /rosout] camera info topic is /ss42/camera_node/camera_info
1638532646.301373004 INFO [ground_projection_node.py:25(__init__) [topics: /rosout] waiting for camera info
1638532646.432086944 INFO [ground_projection_node.py:27(__init__) [topics: /rosout] camera info received
1638532746.125163078 INFO [ground_projection_node.py:74(estimate_homography_cb) [topics: /ss42/line_detector_node/segment_list, /ss42/ground_projection/lineseglist_out, /rosout] Estimating homography
1638532746.129074096 INFO [ground_projection_node.py:75(estimate_homography_cb) [topics: /ss42/line_detector_node/segment_list, /ss42/ground_projection/lineseglist_out, /rosout] Waiting for raw image
1638532746.386687040 INFO [ground_projection_node.py:77(estimate_homography_cb) [topics: /ss42/line_detector_node/segment_list, /ss42/ground_projection/lineseglist_out, /rosout] Got raw image
1638533001.643090009 INFO [ground_projection_node.py:74(estimate_homography_cb) [topics: /ss42/line_detector_node/segment_list, /ss42/ground_projection/lineseglist_out, /rosout] Estimating homography
1638533001.648257017 INFO [ground_projection_node.py:75(estimate_homography_cb) [topics: /ss42/line_detector_node/segment_list, /ss42/ground_projection/lineseglist_out, /rosout] Waiting for raw image
1638533001.920535087 INFO [ground_projection_node.py:77(estimate_homography_cb) [topics: /ss42/line_detector_node/segment_list, /ss42/ground_projection/lineseglist_out, /rosout] Got raw image
1638533041.735474109 INFO [ground_projection_node.py:74(estimate_homography_cb) [topics: /ss42/line_detector_node/segment_list, /ss42/ground_projection/lineseglist_out, /rosout] Estimating homography
1638533041.738585948 INFO [ground_projection_node.py:75(estimate_homography_cb) [topics: /ss42/line_detector_node/segment_list, /ss42/ground_projection/lineseglist_out, /rosout] Waiting for raw image
1638533042.148720026 INFO [ground_projection_node.py:77(estimate_homography_cb) [topics: /ss42/line_detector_node/segment_list, /ss42/ground_projection/lineseglist_out, /rosout] Got raw image
1638533321.673283100 INFO [ground_projection_node.py:87(onShutdown) [topics: /ss42/line_detector_node/segment_list, /ss42/ground_projection/lineseglist_out, /rosout] [GroundProjectionNode] Shutdown.
1638533340.406322002 INFO [ground_projection_node.py:24(__init__) [topics: /rosout] camera info topic is /ss42/camera_node/camera_info
1638533340.410208940 INFO [ground_projection_node.py:25(__init__) [topics: /rosout] waiting for camera info
1638533340.535130023 INFO [ground_projection_node.py:27(__init__) [topics: /rosout] camera info received
1638533414.678601026 INFO [ground_projection_node.py:74(estimate_homography_cb) [topics: /ss42/line_detector_node/segment_list, /ss42/ground_projection/lineseglist_out, /rosout] Estimating homography
1638533414.681878089 INFO [ground_projection_node.py:75(estimate_homography_cb) [topics: /ss42/line_detector_node/segment_list, /ss42/ground_projection/lineseglist_out, /rosout] Waiting for raw image
1638533415.028455972 INFO [ground_projection_node.py:77(estimate_homography_cb) [topics: /ss42/line_detector_node/segment_list, /ss42/ground_projection/lineseglist_out, /rosout] Got raw image
1638533477.222453117 INFO [ground_projection_node.py:74(estimate_homography_cb) [topics: /ss42/line_detector_node/segment_list, /ss42/ground_projection/lineseglist_out, /rosout] Estimating homography
1638533477.228034973 INFO [ground_projection_node.py:75(estimate_homography_cb) [topics: /ss42/line_detector_node/segment_list, /ss42/ground_projection/lineseglist_out, /rosout] Waiting for raw image
1638533477.813738107 INFO [ground_projection_node.py:77(estimate_homography_cb) [topics: /ss42/line_detector_node/segment_list, /ss42/ground_projection/lineseglist_out, /rosout] Got raw image
1638533478.096210956 INFO [GroundProjection.py:129(estimate_homography) [topics: /ss42/line_detector_node/segment_list, /ss42/ground_projection/lineseglist_out, /rosout] Reversing order of points.
1638533478.167325973 INFO [ground_projection_node.py:83(estimate_homography_cb) [topics: /ss42/line_detector_node/segment_list, /ss42/ground_projection/lineseglist_out, /rosout] wrote homography
1638533559.245172023 INFO [cam_info_reader_node.py:74(on_shutdown) [topics: /ss42/camera_node/image/raw, /rosout, /ss42/camera_node/raw_camera_info] [/ss42/raw_cam_info_reader_node] Shutdown.
1638533559.250369071 INFO [cam_info_reader_node.py:74(on_shutdown) [topics: /ss42/camera_node/camera_info, /rosout, /ss42/camera_node/image/compressed] [/ss42/cam_info_reader_node] Shutdown.
1638533559.269002914 INFO [camera_node_sequence.py:116(onShutdown) [topics: /ss42/camera_node/image/compressed, /ss42/camera_node/framerate_high_switch, /rosout] [/ss42/camera_node] Closing camera.
1638533559.271194934 INFO [camera_node_sequence.py:118(onShutdown) [topics: /ss42/camera_node/image/compressed, /ss42/camera_node/framerate_high_switch, /rosout] [/ss42/camera_node] Shutdown.
