[rospy.client][INFO] 2021-12-03 12:55:15,108: init_node, name[/ss42/decoder_node], pid[16055]
[xmlrpc][INFO] 2021-12-03 12:55:15,133: XML-RPC server binding to 0.0.0.0:0
[xmlrpc][INFO] 2021-12-03 12:55:15,136: Started XML-RPC server [http://ss42.local:38951/]
[rospy.init][INFO] 2021-12-03 12:55:15,137: ROS Slave URI: [http://ss42.local:38951/]
[rospy.impl.masterslave][INFO] 2021-12-03 12:55:15,138: _ready: http://ss42.local:38951/
[xmlrpc][INFO] 2021-12-03 12:55:15,146: xml rpc node: starting XML-RPC server
[rospy.registration][INFO] 2021-12-03 12:55:15,150: Registering with master node http://ss42.local:11311/
[rospy.init][INFO] 2021-12-03 12:55:15,240: registered with master
[rospy.rosout][INFO] 2021-12-03 12:55:15,241: initializing /rosout core topic
[rospy.rosout][INFO] 2021-12-03 12:55:15,284: connected to core topic /rosout
[rospy.simtime][INFO] 2021-12-03 12:55:15,322: /use_sim_time is not set, will not subscribe to simulated time [/clock] topic
[rosout][INFO] 2021-12-03 12:55:15,453: [/ss42/decoder_node] ~publish_freq = 2.0 
[rospy.internal][INFO] 2021-12-03 12:55:15,586: topic[/rosout] adding connection to [/rosout], count 0
[rospy.internal][INFO] 2021-12-03 12:55:19,448: topic[/ss42/camera_node/image/raw] adding connection to [/ss42/raw_cam_info_reader_node], count 0
[rospy.internal][INFO] 2021-12-03 12:55:20,134: topic[/ss42/camera_node/image/compressed] adding connection to [http://ss42.local:43664/], count 0
[rospy.internal][INFO] 2021-12-03 12:59:06,187: topic[/ss42/camera_node/image/raw] adding connection to [/ss42/ground_projection], count 1
[rospy.internal][INFO] 2021-12-03 12:59:06,481: topic[/ss42/camera_node/image/raw] removing connection to /ss42/ground_projection
[rospy.internal][INFO] 2021-12-03 13:03:21,772: topic[/ss42/camera_node/image/raw] adding connection to [/ss42/ground_projection], count 1
[rospy.internal][INFO] 2021-12-03 13:03:21,921: topic[/ss42/camera_node/image/raw] removing connection to /ss42/ground_projection
[rospy.internal][INFO] 2021-12-03 13:04:01,804: topic[/ss42/camera_node/image/raw] adding connection to [/ss42/ground_projection], count 1
[rospy.internal][INFO] 2021-12-03 13:04:02,506: topic[/ss42/camera_node/image/raw] removing connection to /ss42/ground_projection
[rospy.internal][INFO] 2021-12-03 13:10:14,727: topic[/ss42/camera_node/image/raw] adding connection to [/ss42/ground_projection], count 1
[rospy.internal][INFO] 2021-12-03 13:10:15,233: topic[/ss42/camera_node/image/raw] removing connection to /ss42/ground_projection
[rospy.internal][INFO] 2021-12-03 13:11:17,384: topic[/ss42/camera_node/image/raw] adding connection to [/ss42/ground_projection], count 1
[rospy.internal][INFO] 2021-12-03 13:11:17,847: topic[/ss42/camera_node/image/raw] removing connection to /ss42/ground_projection
[rospy.core][INFO] 2021-12-03 13:12:39,272: signal_shutdown [signal-2]
[rospy.internal][INFO] 2021-12-03 13:12:39,348: topic[/ss42/camera_node/image/raw] removing connection to /ss42/raw_cam_info_reader_node
[rospy.internal][INFO] 2021-12-03 13:12:39,350: topic[/rosout] removing connection to /rosout
[rospy.internal][WARNING] 2021-12-03 13:12:39,356: Unknown error initiating TCP/IP socket to ss42.local:40552 (http://ss42.local:43664/): Traceback (most recent call last):
  File "/opt/ros/kinetic/lib/python2.7/dist-packages/rospy/impl/tcpros_base.py", line 558, in connect
    self.local_endpoint = self.socket.getsockname()
AttributeError: 'NoneType' object has no attribute 'getsockname'

[rospy.internal][INFO] 2021-12-03 13:12:39,353: topic[/ss42/camera_node/image/compressed] removing connection to http://ss42.local:43664/
[rospy.impl.masterslave][INFO] 2021-12-03 13:12:39,364: signal-2
[rospy.core][INFO] 2021-12-03 13:12:39,887: signal_shutdown [atexit]
