[rospy.client][INFO] 2021-12-08 10:38:39,897: [32minit_node, name[/ss42/lane_filter_node], pid[5059][0m
[xmlrpc][INFO] 2021-12-08 10:38:39,899: [32mXML-RPC server binding to 0.0.0.0:0[0m
[rospy.init][INFO] 2021-12-08 10:38:39,901: [32mROS Slave URI: [http://ss42.local:40027/][0m
[xmlrpc][INFO] 2021-12-08 10:38:39,902: [32mStarted XML-RPC server [http://ss42.local:40027/][0m
[rospy.impl.masterslave][INFO] 2021-12-08 10:38:39,906: [32m_ready: http://ss42.local:40027/[0m
[xmlrpc][INFO] 2021-12-08 10:38:39,910: [32mxml rpc node: starting XML-RPC server[0m
[rospy.registration][INFO] 2021-12-08 10:38:39,914: [32mRegistering with master node http://ss42.local:11311/[0m
[rospy.init][INFO] 2021-12-08 10:38:40,002: [32mregistered with master[0m
[rospy.rosout][INFO] 2021-12-08 10:38:40,004: [32minitializing /rosout core topic[0m
[rospy.rosout][INFO] 2021-12-08 10:38:40,040: [32mconnected to core topic /rosout[0m
[rospy.simtime][INFO] 2021-12-08 10:38:40,090: [32m/use_sim_time is not set, will not subscribe to simulated time [/clock] topic[0m
[rosout][INFO] 2021-12-08 10:38:40,228: [32m[Lane Filter] new filter config: ['lane_filter.LaneFilterHistogram', {'configuration': {'phi_max': 1.5, 'lanewidth': 0.23, 'mean_d_0': 0, 'min_max': 0.1, 'phi_min': -1.5, 'd_max': 0.3, 'sigma_phi_mask': 2.0, 'sigma_d_mask': 1.0, 'mean_phi_0': 0, 'sigma_phi_0': 0.1, 'linewidth_white': 0.05, 'linewidth_yellow': 0.025, 'delta_d': 0.02, 'd_min': -0.15, 'delta_phi': 0.1, 'sigma_d_0': 0.1, 'cov_v': 0.5}}][0m
[rospy.internal][INFO] 2021-12-08 10:38:40,283: [32mtopic[/rosout] adding connection to [/rosout], count 0[0m
[rospy.internal][INFO] 2021-12-08 10:38:45,357: [32mtopic[/ss42/ground_projection/lineseglist_out] adding connection to [http://ss42.local:44965/], count 0[0m
[rospy.internal][INFO] 2021-12-08 10:38:45,392: [32mtopic[/ss42/car_cmd_switch_node/cmd] adding connection to [http://ss42.local:43909/], count 0[0m
[rospy.internal][INFO] 2021-12-08 10:38:45,439: [32mtopic[/ss42/lane_filter_node/switch] adding connection to [http://ss42.local:41478/], count 0[0m
[rospy.internal][INFO] 2021-12-08 10:38:45,497: [32mtopic[/ss42/lane_filter_node/lane_pose] adding connection to [/ss42/lane_controller_node], count 0[0m
[rospy.internal][INFO] 2021-12-08 10:38:46,037: [32mtopic[/ss42/lane_filter_node/lane_pose] adding connection to [/ss42/lane_pose_visualizer_node], count 1[0m
[rospy.core][INFO] 2021-12-08 11:08:13,476: [32msignal_shutdown [signal-2][0m
[rosout][INFO] 2021-12-08 11:08:13,484: [32m[LaneFilterNode] Shutdown.[0m
[rospy.internal][INFO] 2021-12-08 11:08:13,506: [32mtopic[/ss42/lane_filter_node/lane_pose] removing connection to /ss42/lane_controller_node[0m
[rospy.internal][INFO] 2021-12-08 11:08:14,069: [32mtopic[/ss42/lane_filter_node/lane_pose] removing connection to /ss42/lane_pose_visualizer_node[0m
[rospy.internal][INFO] 2021-12-08 11:08:14,079: [32mtopic[/rosout] removing connection to /rosout[0m
[rospy.internal][INFO] 2021-12-08 11:08:14,082: [32mtopic[/ss42/ground_projection/lineseglist_out] removing connection to http://ss42.local:44965/[0m
[rospy.internal][INFO] 2021-12-08 11:08:14,085: [32mtopic[/ss42/lane_filter_node/switch] removing connection to http://ss42.local:41478/[0m
[rospy.internal][INFO] 2021-12-08 11:08:14,094: [32mtopic[/ss42/car_cmd_switch_node/cmd] removing connection to http://ss42.local:43909/[0m
[rospy.impl.masterslave][INFO] 2021-12-08 11:08:14,100: [32msignal-2[0m
[rospy.internal][WARNING] 2021-12-08 11:08:14,105: [33mUnknown error initiating TCP/IP socket to ss42.local:44345 (http://ss42.local:43909/): Traceback (most recent call last):
  File "/opt/ros/kinetic/lib/python2.7/dist-packages/rospy/impl/tcpros_base.py", line 558, in connect
    self.local_endpoint = self.socket.getsockname()
AttributeError: 'NoneType' object has no attribute 'getsockname'
[0m
[rospy.internal][WARNING] 2021-12-08 11:08:14,110: [33mUnknown error initiating TCP/IP socket to ss42.local:41373 (http://ss42.local:41478/): Traceback (most recent call last):
  File "/opt/ros/kinetic/lib/python2.7/dist-packages/rospy/impl/tcpros_base.py", line 558, in connect
    self.local_endpoint = self.socket.getsockname()
AttributeError: 'NoneType' object has no attribute 'getsockname'
[0m
[rospy.core][INFO] 2021-12-08 11:08:14,670: [32msignal_shutdown [atexit][0m
