[rospy.client][INFO] 2021-12-08 10:38:30,557: init_node, name[/ss42/fake_coordinator_node], pid[5073]
[xmlrpc][INFO] 2021-12-08 10:38:30,574: XML-RPC server binding to 0.0.0.0:0
[xmlrpc][INFO] 2021-12-08 10:38:30,576: Started XML-RPC server [http://ss42.local:36072/]
[rospy.impl.masterslave][INFO] 2021-12-08 10:38:30,577: _ready: http://ss42.local:36072/
[rospy.init][INFO] 2021-12-08 10:38:30,581: ROS Slave URI: [http://ss42.local:36072/]
[xmlrpc][INFO] 2021-12-08 10:38:30,589: xml rpc node: starting XML-RPC server
[rospy.registration][INFO] 2021-12-08 10:38:30,599: Registering with master node http://ss42.local:11311/
[rospy.init][INFO] 2021-12-08 10:38:30,684: registered with master
[rospy.rosout][INFO] 2021-12-08 10:38:30,684: initializing /rosout core topic
[rospy.rosout][INFO] 2021-12-08 10:38:30,734: connected to core topic /rosout
[rospy.simtime][INFO] 2021-12-08 10:38:30,771: /use_sim_time is not set, will not subscribe to simulated time [/clock] topic
[rospy.internal][INFO] 2021-12-08 10:38:30,920: topic[/rosout] adding connection to [/rosout], count 0
[rospy.internal][INFO] 2021-12-08 10:38:31,235: topic[/ss42/fsm_node/mode] adding connection to [http://ss42.local:41478/], count 0
[rospy.internal][INFO] 2021-12-08 10:38:31,457: topic[/ss42/simple_coordinator_node/car_cmd] adding connection to [/ss42/car_cmd_switch_node], count 0
[rospy.internal][INFO] 2021-12-08 10:38:31,630: topic[/ss42/simple_coordinator_node/intersection_go] adding connection to [/ss42/fsm_node], count 0
[rospy.core][INFO] 2021-12-08 11:08:13,372: signal_shutdown [signal-2]
[rosout][INFO] 2021-12-08 11:08:13,382: [LaneFilterNode] Shutdown.
[rospy.internal][INFO] 2021-12-08 11:08:13,843: topic[/ss42/simple_coordinator_node/intersection_go] removing connection to /ss42/fsm_node
[rospy.internal][INFO] 2021-12-08 11:08:13,853: topic[/rosout] removing connection to /rosout
[rospy.internal][INFO] 2021-12-08 11:08:13,857: topic[/ss42/simple_coordinator_node/car_cmd] removing connection to /ss42/car_cmd_switch_node
[rospy.internal][INFO] 2021-12-08 11:08:13,859: topic[/ss42/fsm_node/mode] removing connection to http://ss42.local:41478/
[rospy.impl.masterslave][INFO] 2021-12-08 11:08:13,864: signal-2
[rospy.core][INFO] 2021-12-08 11:08:14,014: signal_shutdown [atexit]
