[rospy.client][INFO] 2021-12-08 10:38:45,732: init_node, name[/ss42/lane_pose_visualizer_node], pid[5067]
[xmlrpc][INFO] 2021-12-08 10:38:45,746: XML-RPC server binding to 0.0.0.0:0
[rospy.init][INFO] 2021-12-08 10:38:45,753: ROS Slave URI: [http://ss42.local:36208/]
[xmlrpc][INFO] 2021-12-08 10:38:45,754: Started XML-RPC server [http://ss42.local:36208/]
[rospy.impl.masterslave][INFO] 2021-12-08 10:38:45,755: _ready: http://ss42.local:36208/
[rospy.registration][INFO] 2021-12-08 10:38:45,769: Registering with master node http://ss42.local:11311/
[xmlrpc][INFO] 2021-12-08 10:38:45,770: xml rpc node: starting XML-RPC server
[rospy.init][INFO] 2021-12-08 10:38:45,855: registered with master
[rospy.rosout][INFO] 2021-12-08 10:38:45,856: initializing /rosout core topic
[rospy.rosout][INFO] 2021-12-08 10:38:45,876: connected to core topic /rosout
[rospy.simtime][INFO] 2021-12-08 10:38:45,899: /use_sim_time is not set, will not subscribe to simulated time [/clock] topic
[rosout][INFO] 2021-12-08 10:38:45,933: [/ss42/lane_pose_visualizer_node] Initialzing.
[rosout][INFO] 2021-12-08 10:38:45,942: [/ss42/lane_pose_visualizer_node] Vehicle name: ss42
[rosout][INFO] 2021-12-08 10:38:45,993: [/ss42/lane_pose_visualizer_node] Initialzed.
[rospy.internal][INFO] 2021-12-08 10:38:46,019: topic[/ss42/lane_filter_node/lane_pose] adding connection to [http://ss42.local:40027/], count 0
[rospy.internal][INFO] 2021-12-08 10:38:46,113: topic[/rosout] adding connection to [/rosout], count 0
[rospy.internal][INFO] 2021-12-08 10:40:37,843: topic[/ss42/lane_pose_visualizer_node/lane_pose_markers] adding connection to [/rviz_1638956409785524247], count 0
[rospy.core][INFO] 2021-12-08 11:08:13,421: signal_shutdown [signal-2]
[rosout][INFO] 2021-12-08 11:08:13,423: [/ss42/lane_pose_visualizer_node] Shutting down.
[rospy.internal][INFO] 2021-12-08 11:08:14,058: topic[/ss42/lane_pose_visualizer_node/lane_pose_markers] removing connection to /rviz_1638956409785524247
[rospy.internal][INFO] 2021-12-08 11:08:14,089: topic[/rosout] removing connection to /rosout
[rospy.internal][WARNING] 2021-12-08 11:08:14,133: Unknown error initiating TCP/IP socket to ss42.local:39014 (http://ss42.local:40027/): Traceback (most recent call last):
  File "/opt/ros/kinetic/lib/python2.7/dist-packages/rospy/impl/tcpros_base.py", line 557, in connect
    self.read_header()
  File "/opt/ros/kinetic/lib/python2.7/dist-packages/rospy/impl/tcpros_base.py", line 650, in read_header
    self._validate_header(read_ros_handshake_header(sock, self.read_buff, self.protocol.buff_size))
  File "/opt/ros/kinetic/lib/python2.7/dist-packages/rosgraph/network.py", line 364, in read_ros_handshake_header
    raise ROSHandshakeException("connection from sender terminated before handshake header received. %s bytes were received. Please check sender for additional details."%b.tell())
ROSHandshakeException: connection from sender terminated before handshake header received. 0 bytes were received. Please check sender for additional details.

[rospy.internal][INFO] 2021-12-08 11:08:14,134: topic[/ss42/lane_filter_node/lane_pose] removing connection to http://ss42.local:40027/
[rospy.internal][INFO] 2021-12-08 11:08:14,153: topic[/ss42/lane_filter_node/lane_pose] removing connection to http://ss42.local:40027/
[rospy.topics][ERROR] 2021-12-08 11:08:14,187: Traceback (most recent call last):
  File "/opt/ros/kinetic/lib/python2.7/dist-packages/rospy/topics.py", line 326, in close
    c.close()
  File "/opt/ros/kinetic/lib/python2.7/dist-packages/rospy/impl/tcpros_base.py", line 838, in close
    self.socket.close()
AttributeError: 'NoneType' object has no attribute 'close'

[rospy.impl.masterslave][INFO] 2021-12-08 11:08:14,188: signal-2
[rospy.core][INFO] 2021-12-08 11:08:14,578: signal_shutdown [atexit]
