[rospy.client][INFO] 2021-12-08 10:38:39,474: [32minit_node, name[/ss42/inverse_kinematics_node], pid[5024][0m
[xmlrpc][INFO] 2021-12-08 10:38:39,487: [32mXML-RPC server binding to 0.0.0.0:0[0m
[xmlrpc][INFO] 2021-12-08 10:38:39,495: [32mStarted XML-RPC server [http://ss42.local:40144/][0m
[rospy.impl.masterslave][INFO] 2021-12-08 10:38:39,496: [32m_ready: http://ss42.local:40144/[0m
[rospy.init][INFO] 2021-12-08 10:38:39,504: [32mROS Slave URI: [http://ss42.local:40144/][0m
[rospy.registration][INFO] 2021-12-08 10:38:39,517: [32mRegistering with master node http://ss42.local:11311/[0m
[xmlrpc][INFO] 2021-12-08 10:38:39,517: [32mxml rpc node: starting XML-RPC server[0m
[rospy.init][INFO] 2021-12-08 10:38:39,605: [32mregistered with master[0m
[rospy.rosout][INFO] 2021-12-08 10:38:39,606: [32minitializing /rosout core topic[0m
[rospy.rosout][INFO] 2021-12-08 10:38:39,643: [32mconnected to core topic /rosout[0m
[rospy.simtime][INFO] 2021-12-08 10:38:39,691: [32m/use_sim_time is not set, will not subscribe to simulated time [/clock] topic[0m
[rosout][WARNING] 2021-12-08 10:38:39,808: [33m[/ss42/inverse_kinematics_node] /home/robotikabot/duckiefleet/calibrations/kinematics/ss42.yaml does not exist. Using default.yaml.[0m
[rospy.internal][INFO] 2021-12-08 10:38:39,874: [32mtopic[/rosout] adding connection to [/rosout], count 0[0m
[rosout][INFO] 2021-12-08 10:38:40,093: [32m[/ss42/inverse_kinematics_node] ~gain = 1.0 [0m
[rosout][INFO] 2021-12-08 10:38:40,158: [32m[/ss42/inverse_kinematics_node] ~trim = 0.0 [0m
[rosout][INFO] 2021-12-08 10:38:40,244: [32m[/ss42/inverse_kinematics_node] ~baseline = 0.1 [0m
[rosout][INFO] 2021-12-08 10:38:40,292: [32m[/ss42/inverse_kinematics_node] ~radius = 0.0318 [0m
[rosout][INFO] 2021-12-08 10:38:40,339: [32m[/ss42/inverse_kinematics_node] ~k = 27.0 [0m
[rosout][INFO] 2021-12-08 10:38:40,382: [32m[/ss42/inverse_kinematics_node] ~limit = 1.0 [0m
[rosout][INFO] 2021-12-08 10:38:40,694: [32m[/ss42/inverse_kinematics_node] Initialized.[0m
[rosout][INFO] 2021-12-08 10:38:40,696: [32m[/ss42/inverse_kinematics_node] gain: 1.0 trim: 0.0 baseline: 0.1 radius: 0.0318 k: 27.0 limit: 1.0[0m
[rospy.internal][INFO] 2021-12-08 10:38:40,727: [32mtopic[/ss42/car_cmd_switch_node/cmd] adding connection to [http://ss42.local:43909/], count 0[0m
[rospy.internal][INFO] 2021-12-08 10:38:42,034: [32mtopic[/ss42/wheels_driver_node/wheels_cmd] adding connection to [/ss42/wheels_driver_node], count 0[0m
[rospy.internal][ERROR] 2021-12-08 11:08:14,971: [31mUnable to initiate TCP/IP socket to ss42.local:44345 (http://ss42.local:43909/): Traceback (most recent call last):
  File "/opt/ros/kinetic/lib/python2.7/dist-packages/rospy/impl/tcpros_base.py", line 557, in connect
    self.read_header()
  File "/opt/ros/kinetic/lib/python2.7/dist-packages/rospy/impl/tcpros_base.py", line 650, in read_header
    self._validate_header(read_ros_handshake_header(sock, self.read_buff, self.protocol.buff_size))
  File "/opt/ros/kinetic/lib/python2.7/dist-packages/rospy/impl/tcpros_base.py", line 593, in _validate_header
    raise TransportInitError("remote error reported: %s"%header['error'])
TransportInitError: remote error reported: node shutting down
[0m
[rospy.internal][WARNING] 2021-12-08 11:08:15,984: [33mUnknown error initiating TCP/IP socket to ss42.local:44345 (http://ss42.local:43909/): Traceback (most recent call last):
  File "/opt/ros/kinetic/lib/python2.7/dist-packages/rospy/impl/tcpros_base.py", line 555, in connect
    self.socket.connect((dest_addr, dest_port))
  File "/usr/lib/python2.7/socket.py", line 228, in meth
    return getattr(self._sock,name)(*args)
error: [Errno 111] Connection refused
[0m
[rospy.internal][INFO] 2021-12-08 11:08:15,984: [32mtopic[/ss42/car_cmd_switch_node/cmd] removing connection to http://ss42.local:43909/[0m
[rospy.internal][INFO] 2021-12-08 11:08:16,256: [32mtopic[/ss42/wheels_driver_node/wheels_cmd] removing connection to /ss42/wheels_driver_node[0m
[rospy.core][INFO] 2021-12-08 11:08:16,583: [32msignal_shutdown [signal-2][0m
[rospy.internal][INFO] 2021-12-08 11:08:16,653: [32mtopic[/rosout] removing connection to /rosout[0m
[rospy.impl.masterslave][INFO] 2021-12-08 11:08:16,655: [32msignal-2[0m
[rospy.core][INFO] 2021-12-08 11:08:17,279: [32msignal_shutdown [atexit][0m
