[rospy.client][INFO] 2021-12-08 10:38:29,639: init_node, name[/ss42/logic_gate_node], pid[5037]
[xmlrpc][INFO] 2021-12-08 10:38:29,644: XML-RPC server binding to 0.0.0.0:0
[xmlrpc][INFO] 2021-12-08 10:38:29,646: Started XML-RPC server [http://ss42.local:44103/]
[rospy.impl.masterslave][INFO] 2021-12-08 10:38:29,646: _ready: http://ss42.local:44103/
[rospy.init][INFO] 2021-12-08 10:38:29,654: ROS Slave URI: [http://ss42.local:44103/]
[xmlrpc][INFO] 2021-12-08 10:38:29,661: xml rpc node: starting XML-RPC server
[rospy.registration][INFO] 2021-12-08 10:38:29,677: Registering with master node http://ss42.local:11311/
[rospy.init][INFO] 2021-12-08 10:38:29,755: registered with master
[rospy.rosout][INFO] 2021-12-08 10:38:29,756: initializing /rosout core topic
[rospy.rosout][INFO] 2021-12-08 10:38:29,848: connected to core topic /rosout
[rospy.simtime][INFO] 2021-12-08 10:38:29,908: /use_sim_time is not set, will not subscribe to simulated time [/clock] topic
[rospy.internal][INFO] 2021-12-08 10:38:30,107: topic[/rosout] adding connection to [/rosout], count 0
[rospy.internal][INFO] 2021-12-08 10:38:30,551: topic[/ss42/joy_mapper_node/parallel_autonomy] adding connection to [http://ss42.local:42996/], count 0
[rospy.internal][INFO] 2021-12-08 10:38:31,047: topic[/ss42/logic_gate_node/intersection_done_and_not_parallel_autonomy] adding connection to [/ss42/fsm_node], count 0
[rospy.internal][INFO] 2021-12-08 10:38:31,351: topic[/ss42/logic_gate_node/intersection_done_and_parallel_autonomy] adding connection to [/ss42/fsm_node], count 0
[rospy.core][INFO] 2021-12-08 11:08:14,635: signal_shutdown [signal-2]
[rosout][INFO] 2021-12-08 11:08:14,696: [/ss42/logic_gate_node] Shutting down.
[rospy.internal][INFO] 2021-12-08 11:08:15,002: topic[/ss42/logic_gate_node/intersection_done_and_not_parallel_autonomy] removing connection to /ss42/fsm_node
[rospy.internal][INFO] 2021-12-08 11:08:15,007: topic[/rosout] removing connection to /rosout
[rospy.internal][INFO] 2021-12-08 11:08:15,008: topic[/ss42/logic_gate_node/intersection_done_and_parallel_autonomy] removing connection to /ss42/fsm_node
[rospy.internal][INFO] 2021-12-08 11:08:15,014: topic[/ss42/joy_mapper_node/parallel_autonomy] removing connection to http://ss42.local:42996/
[rospy.impl.masterslave][INFO] 2021-12-08 11:08:15,016: signal-2
[rospy.core][INFO] 2021-12-08 11:08:15,603: signal_shutdown [atexit]
