[rospy.client][INFO] 2021-10-22 12:53:49,943: init_node, name[/ss42/fsm_node], pid[1631]
[xmlrpc][INFO] 2021-10-22 12:53:49,993: XML-RPC server binding to 0.0.0.0:0
[xmlrpc][INFO] 2021-10-22 12:53:49,994: Started XML-RPC server [http://ss42.local:40402/]
[rospy.impl.masterslave][INFO] 2021-10-22 12:53:49,995: _ready: http://ss42.local:40402/
[rospy.init][INFO] 2021-10-22 12:53:49,997: ROS Slave URI: [http://ss42.local:40402/]
[rospy.registration][INFO] 2021-10-22 12:53:50,004: Registering with master node http://ss42.local:11311/
[xmlrpc][INFO] 2021-10-22 12:53:50,006: xml rpc node: starting XML-RPC server
[rospy.init][INFO] 2021-10-22 12:53:50,098: registered with master
[rospy.rosout][INFO] 2021-10-22 12:53:50,099: initializing /rosout core topic
[rospy.rosout][INFO] 2021-10-22 12:53:50,140: connected to core topic /rosout
[rospy.simtime][INFO] 2021-10-22 12:53:50,196: /use_sim_time is not set, will not subscribe to simulated time [/clock] topic
[rospy.internal][INFO] 2021-10-22 12:53:50,353: topic[/rosout] adding connection to [/rosout], count 0
[rospy.internal][INFO] 2021-10-22 12:53:51,193: topic[/ss42/fsm_node/mode] adding connection to [/ss42/car_cmd_switch_node], count 0
[rospy.internal][INFO] 2021-10-22 12:53:51,969: topic[/ss42/fsm_node/mode] adding connection to [/ss42/fake_coordinator_node], count 1
[rospy.internal][INFO] 2021-10-22 12:53:52,199: topic[/ss42/logic_gate_node/intersection_done_and_not_parallel_autonomy] adding connection to [http://ss42.local:42368/], count 0
[rospy.internal][INFO] 2021-10-22 12:53:52,354: topic[/ss42/logic_gate_node/intersection_done_and_parallel_autonomy] adding connection to [http://ss42.local:42368/], count 0
[rospy.internal][INFO] 2021-10-22 12:53:52,515: topic[/ss42/joy_mapper_node/joystick_override] adding connection to [http://ss42.local:36532/], count 0
[rospy.internal][INFO] 2021-10-22 12:53:52,591: topic[/ss42/led_emitter_node/switch] adding connection to [/ss42/led_emitter_node], count 0
[rospy.internal][INFO] 2021-10-22 12:53:52,606: topic[/ss42/joy_mapper_node/parallel_autonomy] adding connection to [http://ss42.local:36532/], count 0
[rospy.internal][INFO] 2021-10-22 12:53:52,714: topic[/ss42/joy_mapper_node/start_avoidance] adding connection to [http://ss42.local:36532/], count 0
[rosout][INFO] 2021-10-22 12:53:52,756: [/ss42/fsm_node] Initialized.
[rosout][INFO] 2021-10-22 12:53:52,762: [/ss42/fsm_node] Node vehicle_detector_node is OFF in JOYSTICK_CONTROL
[rosout][INFO] 2021-10-22 12:53:52,793: [/ss42/fsm_node] Node framerate_high is ON in JOYSTICK_CONTROL
[rosout][INFO] 2021-10-22 12:53:52,798: [/ss42/fsm_node] Node decoder_node is ON in JOYSTICK_CONTROL
[rosout][INFO] 2021-10-22 12:53:52,808: [/ss42/fsm_node] Node stop_line_filter_node is ON in JOYSTICK_CONTROL
[rosout][INFO] 2021-10-22 12:53:52,818: [/ss42/fsm_node] Node lane_filter_node is ON in JOYSTICK_CONTROL
[rospy.internal][INFO] 2021-10-22 12:53:52,839: topic[/ss42/simple_coordinator_node/intersection_go] adding connection to [http://ss42.local:35495/], count 0
[rosout][INFO] 2021-10-22 12:53:52,822: [/ss42/fsm_node] Node led_detector_node is OFF in JOYSTICK_CONTROL
[rosout][INFO] 2021-10-22 12:53:52,845: [/ss42/fsm_node] Node static_object_detector_node is OFF in JOYSTICK_CONTROL
[rosout][INFO] 2021-10-22 12:53:52,864: [/ss42/fsm_node] Node led_emitter_node is OFF in JOYSTICK_CONTROL
[rosout][INFO] 2021-10-22 12:53:52,871: [/ss42/fsm_node] Node line_detector_node is ON in JOYSTICK_CONTROL
[rosout][INFO] 2021-10-22 12:53:52,890: [/ss42/fsm_node] Node apriltag_node is ON in JOYSTICK_CONTROL
[rosout][INFO] 2021-10-22 12:53:52,895: [/ss42/fsm_node] FSMState: JOYSTICK_CONTROL
[rospy.internal][INFO] 2021-10-22 12:54:01,923: topic[/ss42/camera_node/framerate_high_switch] adding connection to [/ss42/camera_node], count 0
[rospy.internal][INFO] 2021-10-22 12:54:05,127: topic[/ss42/lane_filter_node/switch] adding connection to [/ss42/lane_filter_node], count 0
[rospy.internal][INFO] 2021-10-22 12:54:06,219: topic[/ss42/line_detector_node/switch] adding connection to [/ss42/line_detector_node], count 0
[rosout][INFO] 2021-10-22 12:54:19,404: [/ss42/fsm_node] Event: joystick_override_off
[rosout][INFO] 2021-10-22 12:54:19,414: [/ss42/fsm_node] Node vehicle_detector_node is OFF in LANE_FOLLOWING
[rosout][INFO] 2021-10-22 12:54:19,423: [/ss42/fsm_node] Node framerate_high is OFF in LANE_FOLLOWING
[rosout][INFO] 2021-10-22 12:54:19,430: [/ss42/fsm_node] Node decoder_node is OFF in LANE_FOLLOWING
[rosout][INFO] 2021-10-22 12:54:19,433: [/ss42/fsm_node] Node stop_line_filter_node is ON in LANE_FOLLOWING
[rosout][INFO] 2021-10-22 12:54:19,437: [/ss42/fsm_node] Node lane_filter_node is ON in LANE_FOLLOWING
[rosout][INFO] 2021-10-22 12:54:19,440: [/ss42/fsm_node] Node led_detector_node is OFF in LANE_FOLLOWING
[rosout][INFO] 2021-10-22 12:54:19,446: [/ss42/fsm_node] Node static_object_detector_node is OFF in LANE_FOLLOWING
[rosout][INFO] 2021-10-22 12:54:19,451: [/ss42/fsm_node] Node led_emitter_node is OFF in LANE_FOLLOWING
[rosout][INFO] 2021-10-22 12:54:19,460: [/ss42/fsm_node] Node line_detector_node is ON in LANE_FOLLOWING
[rosout][INFO] 2021-10-22 12:54:19,467: [/ss42/fsm_node] Node apriltag_node is OFF in LANE_FOLLOWING
[rosout][INFO] 2021-10-22 12:54:19,473: [/ss42/fsm_node] FSMState: LANE_FOLLOWING
[rosout][INFO] 2021-10-22 12:54:29,000: [/ss42/fsm_node] Event: joystick_override_on
[rosout][INFO] 2021-10-22 12:54:29,002: [/ss42/fsm_node] Node vehicle_detector_node is OFF in JOYSTICK_CONTROL
[rosout][INFO] 2021-10-22 12:54:29,004: [/ss42/fsm_node] Node framerate_high is ON in JOYSTICK_CONTROL
[rosout][INFO] 2021-10-22 12:54:29,007: [/ss42/fsm_node] Node decoder_node is ON in JOYSTICK_CONTROL
[rosout][INFO] 2021-10-22 12:54:29,010: [/ss42/fsm_node] Node stop_line_filter_node is ON in JOYSTICK_CONTROL
[rosout][INFO] 2021-10-22 12:54:29,012: [/ss42/fsm_node] Node lane_filter_node is ON in JOYSTICK_CONTROL
[rosout][INFO] 2021-10-22 12:54:29,014: [/ss42/fsm_node] Node led_detector_node is OFF in JOYSTICK_CONTROL
[rosout][INFO] 2021-10-22 12:54:29,016: [/ss42/fsm_node] Node static_object_detector_node is OFF in JOYSTICK_CONTROL
[rosout][INFO] 2021-10-22 12:54:29,018: [/ss42/fsm_node] Node led_emitter_node is OFF in JOYSTICK_CONTROL
[rosout][INFO] 2021-10-22 12:54:29,020: [/ss42/fsm_node] Node line_detector_node is ON in JOYSTICK_CONTROL
[rosout][INFO] 2021-10-22 12:54:29,025: [/ss42/fsm_node] Node apriltag_node is ON in JOYSTICK_CONTROL
[rosout][INFO] 2021-10-22 12:54:29,031: [/ss42/fsm_node] FSMState: JOYSTICK_CONTROL
[rosout][INFO] 2021-10-22 12:54:32,914: [/ss42/fsm_node] Event: joystick_override_off
[rosout][INFO] 2021-10-22 12:54:32,917: [/ss42/fsm_node] Node vehicle_detector_node is OFF in LANE_FOLLOWING
[rosout][INFO] 2021-10-22 12:54:32,920: [/ss42/fsm_node] Node framerate_high is OFF in LANE_FOLLOWING
[rosout][INFO] 2021-10-22 12:54:32,927: [/ss42/fsm_node] Node decoder_node is OFF in LANE_FOLLOWING
[rosout][INFO] 2021-10-22 12:54:32,929: [/ss42/fsm_node] Node stop_line_filter_node is ON in LANE_FOLLOWING
[rosout][INFO] 2021-10-22 12:54:32,931: [/ss42/fsm_node] Node lane_filter_node is ON in LANE_FOLLOWING
[rosout][INFO] 2021-10-22 12:54:32,933: [/ss42/fsm_node] Node led_detector_node is OFF in LANE_FOLLOWING
[rosout][INFO] 2021-10-22 12:54:32,936: [/ss42/fsm_node] Node static_object_detector_node is OFF in LANE_FOLLOWING
[rosout][INFO] 2021-10-22 12:54:32,938: [/ss42/fsm_node] Node led_emitter_node is OFF in LANE_FOLLOWING
[rosout][INFO] 2021-10-22 12:54:32,940: [/ss42/fsm_node] Node line_detector_node is ON in LANE_FOLLOWING
[rosout][INFO] 2021-10-22 12:54:32,942: [/ss42/fsm_node] Node apriltag_node is OFF in LANE_FOLLOWING
[rosout][INFO] 2021-10-22 12:54:32,944: [/ss42/fsm_node] FSMState: LANE_FOLLOWING
[rosout][INFO] 2021-10-22 12:54:38,393: [/ss42/fsm_node] Event: joystick_override_on
[rosout][INFO] 2021-10-22 12:54:38,395: [/ss42/fsm_node] Node vehicle_detector_node is OFF in JOYSTICK_CONTROL
[rosout][INFO] 2021-10-22 12:54:38,397: [/ss42/fsm_node] Node framerate_high is ON in JOYSTICK_CONTROL
[rosout][INFO] 2021-10-22 12:54:38,399: [/ss42/fsm_node] Node decoder_node is ON in JOYSTICK_CONTROL
[rosout][INFO] 2021-10-22 12:54:38,402: [/ss42/fsm_node] Node stop_line_filter_node is ON in JOYSTICK_CONTROL
[rosout][INFO] 2021-10-22 12:54:38,404: [/ss42/fsm_node] Node lane_filter_node is ON in JOYSTICK_CONTROL
[rosout][INFO] 2021-10-22 12:54:38,405: [/ss42/fsm_node] Node led_detector_node is OFF in JOYSTICK_CONTROL
[rosout][INFO] 2021-10-22 12:54:38,407: [/ss42/fsm_node] Node static_object_detector_node is OFF in JOYSTICK_CONTROL
[rosout][INFO] 2021-10-22 12:54:38,409: [/ss42/fsm_node] Node led_emitter_node is OFF in JOYSTICK_CONTROL
[rosout][INFO] 2021-10-22 12:54:38,411: [/ss42/fsm_node] Node line_detector_node is ON in JOYSTICK_CONTROL
[rosout][INFO] 2021-10-22 12:54:38,417: [/ss42/fsm_node] Node apriltag_node is ON in JOYSTICK_CONTROL
[rosout][INFO] 2021-10-22 12:54:38,421: [/ss42/fsm_node] FSMState: JOYSTICK_CONTROL
[rosout][INFO] 2021-10-22 12:54:40,578: [/ss42/fsm_node] Event: joystick_override_off
[rosout][INFO] 2021-10-22 12:54:40,581: [/ss42/fsm_node] Node vehicle_detector_node is OFF in LANE_FOLLOWING
[rosout][INFO] 2021-10-22 12:54:40,583: [/ss42/fsm_node] Node framerate_high is OFF in LANE_FOLLOWING
[rosout][INFO] 2021-10-22 12:54:40,586: [/ss42/fsm_node] Node decoder_node is OFF in LANE_FOLLOWING
[rosout][INFO] 2021-10-22 12:54:40,593: [/ss42/fsm_node] Node stop_line_filter_node is ON in LANE_FOLLOWING
[rosout][INFO] 2021-10-22 12:54:40,595: [/ss42/fsm_node] Node lane_filter_node is ON in LANE_FOLLOWING
[rosout][INFO] 2021-10-22 12:54:40,597: [/ss42/fsm_node] Node led_detector_node is OFF in LANE_FOLLOWING
[rosout][INFO] 2021-10-22 12:54:40,599: [/ss42/fsm_node] Node static_object_detector_node is OFF in LANE_FOLLOWING
[rosout][INFO] 2021-10-22 12:54:40,601: [/ss42/fsm_node] Node led_emitter_node is OFF in LANE_FOLLOWING
[rosout][INFO] 2021-10-22 12:54:40,603: [/ss42/fsm_node] Node line_detector_node is ON in LANE_FOLLOWING
[rosout][INFO] 2021-10-22 12:54:40,604: [/ss42/fsm_node] Node apriltag_node is OFF in LANE_FOLLOWING
[rosout][INFO] 2021-10-22 12:54:40,606: [/ss42/fsm_node] FSMState: LANE_FOLLOWING
[rosout][INFO] 2021-10-22 12:54:43,494: [/ss42/fsm_node] Event: joystick_override_on
[rosout][INFO] 2021-10-22 12:54:43,496: [/ss42/fsm_node] Node vehicle_detector_node is OFF in JOYSTICK_CONTROL
[rosout][INFO] 2021-10-22 12:54:43,498: [/ss42/fsm_node] Node framerate_high is ON in JOYSTICK_CONTROL
[rosout][INFO] 2021-10-22 12:54:43,500: [/ss42/fsm_node] Node decoder_node is ON in JOYSTICK_CONTROL
[rosout][INFO] 2021-10-22 12:54:43,502: [/ss42/fsm_node] Node stop_line_filter_node is ON in JOYSTICK_CONTROL
[rosout][INFO] 2021-10-22 12:54:43,504: [/ss42/fsm_node] Node lane_filter_node is ON in JOYSTICK_CONTROL
[rosout][INFO] 2021-10-22 12:54:43,507: [/ss42/fsm_node] Node led_detector_node is OFF in JOYSTICK_CONTROL
[rosout][INFO] 2021-10-22 12:54:43,509: [/ss42/fsm_node] Node static_object_detector_node is OFF in JOYSTICK_CONTROL
[rosout][INFO] 2021-10-22 12:54:43,511: [/ss42/fsm_node] Node led_emitter_node is OFF in JOYSTICK_CONTROL
[rosout][INFO] 2021-10-22 12:54:43,514: [/ss42/fsm_node] Node line_detector_node is ON in JOYSTICK_CONTROL
[rosout][INFO] 2021-10-22 12:54:43,516: [/ss42/fsm_node] Node apriltag_node is ON in JOYSTICK_CONTROL
[rosout][INFO] 2021-10-22 12:54:43,518: [/ss42/fsm_node] FSMState: JOYSTICK_CONTROL
[rosout][INFO] 2021-10-22 12:54:47,486: [/ss42/fsm_node] Event: joystick_override_off
[rosout][INFO] 2021-10-22 12:54:47,489: [/ss42/fsm_node] Node vehicle_detector_node is OFF in LANE_FOLLOWING
[rosout][INFO] 2021-10-22 12:54:47,491: [/ss42/fsm_node] Node framerate_high is OFF in LANE_FOLLOWING
[rosout][INFO] 2021-10-22 12:54:47,493: [/ss42/fsm_node] Node decoder_node is OFF in LANE_FOLLOWING
[rosout][INFO] 2021-10-22 12:54:47,496: [/ss42/fsm_node] Node stop_line_filter_node is ON in LANE_FOLLOWING
[rosout][INFO] 2021-10-22 12:54:47,497: [/ss42/fsm_node] Node lane_filter_node is ON in LANE_FOLLOWING
[rosout][INFO] 2021-10-22 12:54:47,499: [/ss42/fsm_node] Node led_detector_node is OFF in LANE_FOLLOWING
[rosout][INFO] 2021-10-22 12:54:47,501: [/ss42/fsm_node] Node static_object_detector_node is OFF in LANE_FOLLOWING
[rosout][INFO] 2021-10-22 12:54:47,504: [/ss42/fsm_node] Node led_emitter_node is OFF in LANE_FOLLOWING
[rosout][INFO] 2021-10-22 12:54:47,506: [/ss42/fsm_node] Node line_detector_node is ON in LANE_FOLLOWING
[rosout][INFO] 2021-10-22 12:54:47,510: [/ss42/fsm_node] Node apriltag_node is OFF in LANE_FOLLOWING
[rosout][INFO] 2021-10-22 12:54:47,518: [/ss42/fsm_node] FSMState: LANE_FOLLOWING
[rosout][INFO] 2021-10-22 12:54:50,363: [/ss42/fsm_node] Event: joystick_override_on
[rosout][INFO] 2021-10-22 12:54:50,366: [/ss42/fsm_node] Node vehicle_detector_node is OFF in JOYSTICK_CONTROL
[rosout][INFO] 2021-10-22 12:54:50,368: [/ss42/fsm_node] Node framerate_high is ON in JOYSTICK_CONTROL
[rosout][INFO] 2021-10-22 12:54:50,370: [/ss42/fsm_node] Node decoder_node is ON in JOYSTICK_CONTROL
[rosout][INFO] 2021-10-22 12:54:50,372: [/ss42/fsm_node] Node stop_line_filter_node is ON in JOYSTICK_CONTROL
[rosout][INFO] 2021-10-22 12:54:50,378: [/ss42/fsm_node] Node lane_filter_node is ON in JOYSTICK_CONTROL
[rosout][INFO] 2021-10-22 12:54:50,380: [/ss42/fsm_node] Node led_detector_node is OFF in JOYSTICK_CONTROL
[rosout][INFO] 2021-10-22 12:54:50,382: [/ss42/fsm_node] Node static_object_detector_node is OFF in JOYSTICK_CONTROL
[rosout][INFO] 2021-10-22 12:54:50,384: [/ss42/fsm_node] Node led_emitter_node is OFF in JOYSTICK_CONTROL
[rosout][INFO] 2021-10-22 12:54:50,385: [/ss42/fsm_node] Node line_detector_node is ON in JOYSTICK_CONTROL
[rosout][INFO] 2021-10-22 12:54:50,387: [/ss42/fsm_node] Node apriltag_node is ON in JOYSTICK_CONTROL
[rosout][INFO] 2021-10-22 12:54:50,389: [/ss42/fsm_node] FSMState: JOYSTICK_CONTROL
[rosout][INFO] 2021-10-22 12:54:55,177: [/ss42/fsm_node] Event: joystick_override_off
[rosout][INFO] 2021-10-22 12:54:55,180: [/ss42/fsm_node] Node vehicle_detector_node is OFF in LANE_FOLLOWING
[rosout][INFO] 2021-10-22 12:54:55,186: [/ss42/fsm_node] Node framerate_high is OFF in LANE_FOLLOWING
[rosout][INFO] 2021-10-22 12:54:55,196: [/ss42/fsm_node] Node decoder_node is OFF in LANE_FOLLOWING
[rosout][INFO] 2021-10-22 12:54:55,200: [/ss42/fsm_node] Node stop_line_filter_node is ON in LANE_FOLLOWING
[rosout][INFO] 2021-10-22 12:54:55,203: [/ss42/fsm_node] Node lane_filter_node is ON in LANE_FOLLOWING
[rosout][INFO] 2021-10-22 12:54:55,208: [/ss42/fsm_node] Node led_detector_node is OFF in LANE_FOLLOWING
[rosout][INFO] 2021-10-22 12:54:55,218: [/ss42/fsm_node] Node static_object_detector_node is OFF in LANE_FOLLOWING
[rosout][INFO] 2021-10-22 12:54:55,222: [/ss42/fsm_node] Node led_emitter_node is OFF in LANE_FOLLOWING
[rosout][INFO] 2021-10-22 12:54:55,225: [/ss42/fsm_node] Node line_detector_node is ON in LANE_FOLLOWING
[rosout][INFO] 2021-10-22 12:54:55,228: [/ss42/fsm_node] Node apriltag_node is OFF in LANE_FOLLOWING
[rosout][INFO] 2021-10-22 12:54:55,236: [/ss42/fsm_node] FSMState: LANE_FOLLOWING
[rosout][INFO] 2021-10-22 12:54:59,675: [/ss42/fsm_node] Event: joystick_override_on
[rosout][INFO] 2021-10-22 12:54:59,678: [/ss42/fsm_node] Node vehicle_detector_node is OFF in JOYSTICK_CONTROL
[rosout][INFO] 2021-10-22 12:54:59,681: [/ss42/fsm_node] Node framerate_high is ON in JOYSTICK_CONTROL
[rosout][INFO] 2021-10-22 12:54:59,685: [/ss42/fsm_node] Node decoder_node is ON in JOYSTICK_CONTROL
[rosout][INFO] 2021-10-22 12:54:59,689: [/ss42/fsm_node] Node stop_line_filter_node is ON in JOYSTICK_CONTROL
[rosout][INFO] 2021-10-22 12:54:59,692: [/ss42/fsm_node] Node lane_filter_node is ON in JOYSTICK_CONTROL
[rosout][INFO] 2021-10-22 12:54:59,696: [/ss42/fsm_node] Node led_detector_node is OFF in JOYSTICK_CONTROL
[rosout][INFO] 2021-10-22 12:54:59,700: [/ss42/fsm_node] Node static_object_detector_node is OFF in JOYSTICK_CONTROL
[rosout][INFO] 2021-10-22 12:54:59,703: [/ss42/fsm_node] Node led_emitter_node is OFF in JOYSTICK_CONTROL
[rosout][INFO] 2021-10-22 12:54:59,707: [/ss42/fsm_node] Node line_detector_node is ON in JOYSTICK_CONTROL
[rosout][INFO] 2021-10-22 12:54:59,712: [/ss42/fsm_node] Node apriltag_node is ON in JOYSTICK_CONTROL
[rosout][INFO] 2021-10-22 12:54:59,716: [/ss42/fsm_node] FSMState: JOYSTICK_CONTROL
[rosout][INFO] 2021-10-22 12:55:05,999: [/ss42/fsm_node] Event: joystick_override_off
[rosout][INFO] 2021-10-22 12:55:06,002: [/ss42/fsm_node] Node vehicle_detector_node is OFF in LANE_FOLLOWING
[rosout][INFO] 2021-10-22 12:55:06,004: [/ss42/fsm_node] Node framerate_high is OFF in LANE_FOLLOWING
[rosout][INFO] 2021-10-22 12:55:06,011: [/ss42/fsm_node] Node decoder_node is OFF in LANE_FOLLOWING
[rosout][INFO] 2021-10-22 12:55:06,015: [/ss42/fsm_node] Node stop_line_filter_node is ON in LANE_FOLLOWING
[rosout][INFO] 2021-10-22 12:55:06,017: [/ss42/fsm_node] Node lane_filter_node is ON in LANE_FOLLOWING
[rosout][INFO] 2021-10-22 12:55:06,026: [/ss42/fsm_node] Node led_detector_node is OFF in LANE_FOLLOWING
[rosout][INFO] 2021-10-22 12:55:06,028: [/ss42/fsm_node] Node static_object_detector_node is OFF in LANE_FOLLOWING
[rosout][INFO] 2021-10-22 12:55:06,033: [/ss42/fsm_node] Node led_emitter_node is OFF in LANE_FOLLOWING
[rosout][INFO] 2021-10-22 12:55:06,035: [/ss42/fsm_node] Node line_detector_node is ON in LANE_FOLLOWING
[rosout][INFO] 2021-10-22 12:55:06,037: [/ss42/fsm_node] Node apriltag_node is OFF in LANE_FOLLOWING
[rosout][INFO] 2021-10-22 12:55:06,040: [/ss42/fsm_node] FSMState: LANE_FOLLOWING
[rosout][INFO] 2021-10-22 12:55:10,438: [/ss42/fsm_node] Event: joystick_override_on
[rosout][INFO] 2021-10-22 12:55:10,440: [/ss42/fsm_node] Node vehicle_detector_node is OFF in JOYSTICK_CONTROL
[rosout][INFO] 2021-10-22 12:55:10,442: [/ss42/fsm_node] Node framerate_high is ON in JOYSTICK_CONTROL
[rosout][INFO] 2021-10-22 12:55:10,446: [/ss42/fsm_node] Node decoder_node is ON in JOYSTICK_CONTROL
[rosout][INFO] 2021-10-22 12:55:10,448: [/ss42/fsm_node] Node stop_line_filter_node is ON in JOYSTICK_CONTROL
[rosout][INFO] 2021-10-22 12:55:10,450: [/ss42/fsm_node] Node lane_filter_node is ON in JOYSTICK_CONTROL
[rosout][INFO] 2021-10-22 12:55:10,452: [/ss42/fsm_node] Node led_detector_node is OFF in JOYSTICK_CONTROL
[rosout][INFO] 2021-10-22 12:55:10,454: [/ss42/fsm_node] Node static_object_detector_node is OFF in JOYSTICK_CONTROL
[rosout][INFO] 2021-10-22 12:55:10,456: [/ss42/fsm_node] Node led_emitter_node is OFF in JOYSTICK_CONTROL
[rosout][INFO] 2021-10-22 12:55:10,459: [/ss42/fsm_node] Node line_detector_node is ON in JOYSTICK_CONTROL
[rosout][INFO] 2021-10-22 12:55:10,461: [/ss42/fsm_node] Node apriltag_node is ON in JOYSTICK_CONTROL
[rosout][INFO] 2021-10-22 12:55:10,464: [/ss42/fsm_node] FSMState: JOYSTICK_CONTROL
[rosout][INFO] 2021-10-22 12:55:16,530: [/ss42/fsm_node] Event: joystick_override_off
[rosout][INFO] 2021-10-22 12:55:16,536: [/ss42/fsm_node] Node vehicle_detector_node is OFF in LANE_FOLLOWING
[rosout][INFO] 2021-10-22 12:55:16,539: [/ss42/fsm_node] Node framerate_high is OFF in LANE_FOLLOWING
[rosout][INFO] 2021-10-22 12:55:16,545: [/ss42/fsm_node] Node decoder_node is OFF in LANE_FOLLOWING
[rosout][INFO] 2021-10-22 12:55:16,549: [/ss42/fsm_node] Node stop_line_filter_node is ON in LANE_FOLLOWING
[rosout][INFO] 2021-10-22 12:55:16,559: [/ss42/fsm_node] Node lane_filter_node is ON in LANE_FOLLOWING
[rosout][INFO] 2021-10-22 12:55:16,565: [/ss42/fsm_node] Node led_detector_node is OFF in LANE_FOLLOWING
[rosout][INFO] 2021-10-22 12:55:16,569: [/ss42/fsm_node] Node static_object_detector_node is OFF in LANE_FOLLOWING
[rosout][INFO] 2021-10-22 12:55:16,573: [/ss42/fsm_node] Node led_emitter_node is OFF in LANE_FOLLOWING
[rosout][INFO] 2021-10-22 12:55:16,576: [/ss42/fsm_node] Node line_detector_node is ON in LANE_FOLLOWING
[rosout][INFO] 2021-10-22 12:55:16,580: [/ss42/fsm_node] Node apriltag_node is OFF in LANE_FOLLOWING
[rosout][INFO] 2021-10-22 12:55:16,585: [/ss42/fsm_node] FSMState: LANE_FOLLOWING
[rosout][INFO] 2021-10-22 12:55:20,427: [/ss42/fsm_node] Event: joystick_override_on
[rosout][INFO] 2021-10-22 12:55:20,429: [/ss42/fsm_node] Node vehicle_detector_node is OFF in JOYSTICK_CONTROL
[rosout][INFO] 2021-10-22 12:55:20,430: [/ss42/fsm_node] Node framerate_high is ON in JOYSTICK_CONTROL
[rosout][INFO] 2021-10-22 12:55:20,432: [/ss42/fsm_node] Node decoder_node is ON in JOYSTICK_CONTROL
[rosout][INFO] 2021-10-22 12:55:20,434: [/ss42/fsm_node] Node stop_line_filter_node is ON in JOYSTICK_CONTROL
[rosout][INFO] 2021-10-22 12:55:20,436: [/ss42/fsm_node] Node lane_filter_node is ON in JOYSTICK_CONTROL
[rosout][INFO] 2021-10-22 12:55:20,439: [/ss42/fsm_node] Node led_detector_node is OFF in JOYSTICK_CONTROL
[rosout][INFO] 2021-10-22 12:55:20,441: [/ss42/fsm_node] Node static_object_detector_node is OFF in JOYSTICK_CONTROL
[rosout][INFO] 2021-10-22 12:55:20,443: [/ss42/fsm_node] Node led_emitter_node is OFF in JOYSTICK_CONTROL
[rosout][INFO] 2021-10-22 12:55:20,445: [/ss42/fsm_node] Node line_detector_node is ON in JOYSTICK_CONTROL
[rosout][INFO] 2021-10-22 12:55:20,447: [/ss42/fsm_node] Node apriltag_node is ON in JOYSTICK_CONTROL
[rosout][INFO] 2021-10-22 12:55:20,451: [/ss42/fsm_node] FSMState: JOYSTICK_CONTROL
[rosout][INFO] 2021-10-22 12:55:26,418: [/ss42/fsm_node] Event: joystick_override_off
[rosout][INFO] 2021-10-22 12:55:26,422: [/ss42/fsm_node] Node vehicle_detector_node is OFF in LANE_FOLLOWING
[rosout][INFO] 2021-10-22 12:55:26,427: [/ss42/fsm_node] Node framerate_high is OFF in LANE_FOLLOWING
[rosout][INFO] 2021-10-22 12:55:26,432: [/ss42/fsm_node] Node decoder_node is OFF in LANE_FOLLOWING
[rosout][INFO] 2021-10-22 12:55:26,437: [/ss42/fsm_node] Node stop_line_filter_node is ON in LANE_FOLLOWING
[rosout][INFO] 2021-10-22 12:55:26,440: [/ss42/fsm_node] Node lane_filter_node is ON in LANE_FOLLOWING
[rosout][INFO] 2021-10-22 12:55:26,443: [/ss42/fsm_node] Node led_detector_node is OFF in LANE_FOLLOWING
[rosout][INFO] 2021-10-22 12:55:26,447: [/ss42/fsm_node] Node static_object_detector_node is OFF in LANE_FOLLOWING
[rosout][INFO] 2021-10-22 12:55:26,451: [/ss42/fsm_node] Node led_emitter_node is OFF in LANE_FOLLOWING
[rosout][INFO] 2021-10-22 12:55:26,455: [/ss42/fsm_node] Node line_detector_node is ON in LANE_FOLLOWING
[rosout][INFO] 2021-10-22 12:55:26,458: [/ss42/fsm_node] Node apriltag_node is OFF in LANE_FOLLOWING
[rosout][INFO] 2021-10-22 12:55:26,465: [/ss42/fsm_node] FSMState: LANE_FOLLOWING
[rosout][INFO] 2021-10-22 12:55:27,577: [/ss42/fsm_node] Event: joystick_override_on
[rosout][INFO] 2021-10-22 12:55:27,580: [/ss42/fsm_node] Node vehicle_detector_node is OFF in JOYSTICK_CONTROL
[rosout][INFO] 2021-10-22 12:55:27,583: [/ss42/fsm_node] Node framerate_high is ON in JOYSTICK_CONTROL
[rosout][INFO] 2021-10-22 12:55:27,587: [/ss42/fsm_node] Node decoder_node is ON in JOYSTICK_CONTROL
[rosout][INFO] 2021-10-22 12:55:27,593: [/ss42/fsm_node] Node stop_line_filter_node is ON in JOYSTICK_CONTROL
[rosout][INFO] 2021-10-22 12:55:27,596: [/ss42/fsm_node] Node lane_filter_node is ON in JOYSTICK_CONTROL
[rosout][INFO] 2021-10-22 12:55:27,599: [/ss42/fsm_node] Node led_detector_node is OFF in JOYSTICK_CONTROL
[rosout][INFO] 2021-10-22 12:55:27,603: [/ss42/fsm_node] Node static_object_detector_node is OFF in JOYSTICK_CONTROL
[rosout][INFO] 2021-10-22 12:55:27,606: [/ss42/fsm_node] Node led_emitter_node is OFF in JOYSTICK_CONTROL
[rosout][INFO] 2021-10-22 12:55:27,609: [/ss42/fsm_node] Node line_detector_node is ON in JOYSTICK_CONTROL
[rosout][INFO] 2021-10-22 12:55:27,612: [/ss42/fsm_node] Node apriltag_node is ON in JOYSTICK_CONTROL
[rosout][INFO] 2021-10-22 12:55:27,619: [/ss42/fsm_node] FSMState: JOYSTICK_CONTROL
[rosout][INFO] 2021-10-22 12:55:34,658: [/ss42/fsm_node] Event: joystick_override_off
[rosout][INFO] 2021-10-22 12:55:34,659: [/ss42/fsm_node] Node vehicle_detector_node is OFF in LANE_FOLLOWING
[rosout][INFO] 2021-10-22 12:55:34,661: [/ss42/fsm_node] Node framerate_high is OFF in LANE_FOLLOWING
[rosout][INFO] 2021-10-22 12:55:34,663: [/ss42/fsm_node] Node decoder_node is OFF in LANE_FOLLOWING
[rosout][INFO] 2021-10-22 12:55:34,665: [/ss42/fsm_node] Node stop_line_filter_node is ON in LANE_FOLLOWING
[rosout][INFO] 2021-10-22 12:55:34,671: [/ss42/fsm_node] Node lane_filter_node is ON in LANE_FOLLOWING
[rosout][INFO] 2021-10-22 12:55:34,675: [/ss42/fsm_node] Node led_detector_node is OFF in LANE_FOLLOWING
[rosout][INFO] 2021-10-22 12:55:34,676: [/ss42/fsm_node] Node static_object_detector_node is OFF in LANE_FOLLOWING
[rosout][INFO] 2021-10-22 12:55:34,678: [/ss42/fsm_node] Node led_emitter_node is OFF in LANE_FOLLOWING
[rosout][INFO] 2021-10-22 12:55:34,681: [/ss42/fsm_node] Node line_detector_node is ON in LANE_FOLLOWING
[rosout][INFO] 2021-10-22 12:55:34,683: [/ss42/fsm_node] Node apriltag_node is OFF in LANE_FOLLOWING
[rosout][INFO] 2021-10-22 12:55:34,685: [/ss42/fsm_node] FSMState: LANE_FOLLOWING
[rosout][INFO] 2021-10-22 12:55:40,067: [/ss42/fsm_node] Event: joystick_override_on
[rosout][INFO] 2021-10-22 12:55:40,069: [/ss42/fsm_node] Node vehicle_detector_node is OFF in JOYSTICK_CONTROL
[rosout][INFO] 2021-10-22 12:55:40,071: [/ss42/fsm_node] Node framerate_high is ON in JOYSTICK_CONTROL
[rosout][INFO] 2021-10-22 12:55:40,073: [/ss42/fsm_node] Node decoder_node is ON in JOYSTICK_CONTROL
[rosout][INFO] 2021-10-22 12:55:40,075: [/ss42/fsm_node] Node stop_line_filter_node is ON in JOYSTICK_CONTROL
[rosout][INFO] 2021-10-22 12:55:40,078: [/ss42/fsm_node] Node lane_filter_node is ON in JOYSTICK_CONTROL
[rosout][INFO] 2021-10-22 12:55:40,081: [/ss42/fsm_node] Node led_detector_node is OFF in JOYSTICK_CONTROL
[rosout][INFO] 2021-10-22 12:55:40,085: [/ss42/fsm_node] Node static_object_detector_node is OFF in JOYSTICK_CONTROL
[rosout][INFO] 2021-10-22 12:55:40,086: [/ss42/fsm_node] Node led_emitter_node is OFF in JOYSTICK_CONTROL
[rosout][INFO] 2021-10-22 12:55:40,088: [/ss42/fsm_node] Node line_detector_node is ON in JOYSTICK_CONTROL
[rosout][INFO] 2021-10-22 12:55:40,090: [/ss42/fsm_node] Node apriltag_node is ON in JOYSTICK_CONTROL
[rosout][INFO] 2021-10-22 12:55:40,093: [/ss42/fsm_node] FSMState: JOYSTICK_CONTROL
[rosout][INFO] 2021-10-22 12:55:42,369: [/ss42/fsm_node] Event: joystick_override_off
[rosout][INFO] 2021-10-22 12:55:42,374: [/ss42/fsm_node] Node vehicle_detector_node is OFF in LANE_FOLLOWING
[rosout][INFO] 2021-10-22 12:55:42,378: [/ss42/fsm_node] Node framerate_high is OFF in LANE_FOLLOWING
[rosout][INFO] 2021-10-22 12:55:42,383: [/ss42/fsm_node] Node decoder_node is OFF in LANE_FOLLOWING
[rosout][INFO] 2021-10-22 12:55:42,392: [/ss42/fsm_node] Node stop_line_filter_node is ON in LANE_FOLLOWING
[rosout][INFO] 2021-10-22 12:55:42,398: [/ss42/fsm_node] Node lane_filter_node is ON in LANE_FOLLOWING
[rosout][INFO] 2021-10-22 12:55:42,403: [/ss42/fsm_node] Node led_detector_node is OFF in LANE_FOLLOWING
[rosout][INFO] 2021-10-22 12:55:42,409: [/ss42/fsm_node] Node static_object_detector_node is OFF in LANE_FOLLOWING
[rosout][INFO] 2021-10-22 12:55:42,414: [/ss42/fsm_node] Node led_emitter_node is OFF in LANE_FOLLOWING
[rosout][INFO] 2021-10-22 12:55:42,418: [/ss42/fsm_node] Node line_detector_node is ON in LANE_FOLLOWING
[rosout][INFO] 2021-10-22 12:55:42,421: [/ss42/fsm_node] Node apriltag_node is OFF in LANE_FOLLOWING
[rosout][INFO] 2021-10-22 12:55:42,430: [/ss42/fsm_node] FSMState: LANE_FOLLOWING
[rosout][INFO] 2021-10-22 12:55:44,490: [/ss42/fsm_node] Event: joystick_override_on
[rosout][INFO] 2021-10-22 12:55:44,493: [/ss42/fsm_node] Node vehicle_detector_node is OFF in JOYSTICK_CONTROL
[rosout][INFO] 2021-10-22 12:55:44,495: [/ss42/fsm_node] Node framerate_high is ON in JOYSTICK_CONTROL
[rosout][INFO] 2021-10-22 12:55:44,498: [/ss42/fsm_node] Node decoder_node is ON in JOYSTICK_CONTROL
[rosout][INFO] 2021-10-22 12:55:44,500: [/ss42/fsm_node] Node stop_line_filter_node is ON in JOYSTICK_CONTROL
[rosout][INFO] 2021-10-22 12:55:44,502: [/ss42/fsm_node] Node lane_filter_node is ON in JOYSTICK_CONTROL
[rosout][INFO] 2021-10-22 12:55:44,504: [/ss42/fsm_node] Node led_detector_node is OFF in JOYSTICK_CONTROL
[rosout][INFO] 2021-10-22 12:55:44,506: [/ss42/fsm_node] Node static_object_detector_node is OFF in JOYSTICK_CONTROL
[rosout][INFO] 2021-10-22 12:55:44,510: [/ss42/fsm_node] Node led_emitter_node is OFF in JOYSTICK_CONTROL
[rosout][INFO] 2021-10-22 12:55:44,514: [/ss42/fsm_node] Node line_detector_node is ON in JOYSTICK_CONTROL
[rosout][INFO] 2021-10-22 12:55:44,517: [/ss42/fsm_node] Node apriltag_node is ON in JOYSTICK_CONTROL
[rosout][INFO] 2021-10-22 12:55:44,520: [/ss42/fsm_node] FSMState: JOYSTICK_CONTROL
[rosout][INFO] 2021-10-22 12:55:48,899: [/ss42/fsm_node] Event: joystick_override_off
[rosout][INFO] 2021-10-22 12:55:48,904: [/ss42/fsm_node] Node vehicle_detector_node is OFF in LANE_FOLLOWING
[rosout][INFO] 2021-10-22 12:55:48,910: [/ss42/fsm_node] Node framerate_high is OFF in LANE_FOLLOWING
[rosout][INFO] 2021-10-22 12:55:48,916: [/ss42/fsm_node] Node decoder_node is OFF in LANE_FOLLOWING
[rosout][INFO] 2021-10-22 12:55:48,919: [/ss42/fsm_node] Node stop_line_filter_node is ON in LANE_FOLLOWING
[rosout][INFO] 2021-10-22 12:55:48,921: [/ss42/fsm_node] Node lane_filter_node is ON in LANE_FOLLOWING
[rosout][INFO] 2021-10-22 12:55:48,924: [/ss42/fsm_node] Node led_detector_node is OFF in LANE_FOLLOWING
[rosout][INFO] 2021-10-22 12:55:48,927: [/ss42/fsm_node] Node static_object_detector_node is OFF in LANE_FOLLOWING
[rosout][INFO] 2021-10-22 12:55:48,929: [/ss42/fsm_node] Node led_emitter_node is OFF in LANE_FOLLOWING
[rosout][INFO] 2021-10-22 12:55:48,931: [/ss42/fsm_node] Node line_detector_node is ON in LANE_FOLLOWING
[rosout][INFO] 2021-10-22 12:55:48,933: [/ss42/fsm_node] Node apriltag_node is OFF in LANE_FOLLOWING
[rosout][INFO] 2021-10-22 12:55:48,936: [/ss42/fsm_node] FSMState: LANE_FOLLOWING
[rosout][INFO] 2021-10-22 12:55:52,227: [/ss42/fsm_node] Event: joystick_override_on
[rosout][INFO] 2021-10-22 12:55:52,229: [/ss42/fsm_node] Node vehicle_detector_node is OFF in JOYSTICK_CONTROL
[rosout][INFO] 2021-10-22 12:55:52,232: [/ss42/fsm_node] Node framerate_high is ON in JOYSTICK_CONTROL
[rosout][INFO] 2021-10-22 12:55:52,235: [/ss42/fsm_node] Node decoder_node is ON in JOYSTICK_CONTROL
[rosout][INFO] 2021-10-22 12:55:52,238: [/ss42/fsm_node] Node stop_line_filter_node is ON in JOYSTICK_CONTROL
[rosout][INFO] 2021-10-22 12:55:52,240: [/ss42/fsm_node] Node lane_filter_node is ON in JOYSTICK_CONTROL
[rosout][INFO] 2021-10-22 12:55:52,243: [/ss42/fsm_node] Node led_detector_node is OFF in JOYSTICK_CONTROL
[rosout][INFO] 2021-10-22 12:55:52,245: [/ss42/fsm_node] Node static_object_detector_node is OFF in JOYSTICK_CONTROL
[rosout][INFO] 2021-10-22 12:55:52,249: [/ss42/fsm_node] Node led_emitter_node is OFF in JOYSTICK_CONTROL
[rosout][INFO] 2021-10-22 12:55:52,251: [/ss42/fsm_node] Node line_detector_node is ON in JOYSTICK_CONTROL
[rosout][INFO] 2021-10-22 12:55:52,254: [/ss42/fsm_node] Node apriltag_node is ON in JOYSTICK_CONTROL
[rosout][INFO] 2021-10-22 12:55:52,257: [/ss42/fsm_node] FSMState: JOYSTICK_CONTROL
[rosout][INFO] 2021-10-22 12:55:58,832: [/ss42/fsm_node] Event: joystick_override_off
[rosout][INFO] 2021-10-22 12:55:58,836: [/ss42/fsm_node] Node vehicle_detector_node is OFF in LANE_FOLLOWING
[rosout][INFO] 2021-10-22 12:55:58,840: [/ss42/fsm_node] Node framerate_high is OFF in LANE_FOLLOWING
[rosout][INFO] 2021-10-22 12:55:58,844: [/ss42/fsm_node] Node decoder_node is OFF in LANE_FOLLOWING
[rosout][INFO] 2021-10-22 12:55:58,853: [/ss42/fsm_node] Node stop_line_filter_node is ON in LANE_FOLLOWING
[rosout][INFO] 2021-10-22 12:55:58,857: [/ss42/fsm_node] Node lane_filter_node is ON in LANE_FOLLOWING
[rosout][INFO] 2021-10-22 12:55:58,860: [/ss42/fsm_node] Node led_detector_node is OFF in LANE_FOLLOWING
[rosout][INFO] 2021-10-22 12:55:58,867: [/ss42/fsm_node] Node static_object_detector_node is OFF in LANE_FOLLOWING
[rosout][INFO] 2021-10-22 12:55:58,871: [/ss42/fsm_node] Node led_emitter_node is OFF in LANE_FOLLOWING
[rosout][INFO] 2021-10-22 12:55:58,876: [/ss42/fsm_node] Node line_detector_node is ON in LANE_FOLLOWING
[rosout][INFO] 2021-10-22 12:55:58,886: [/ss42/fsm_node] Node apriltag_node is OFF in LANE_FOLLOWING
[rosout][INFO] 2021-10-22 12:55:58,891: [/ss42/fsm_node] FSMState: LANE_FOLLOWING
[rosout][INFO] 2021-10-22 12:56:03,853: [/ss42/fsm_node] Event: joystick_override_on
[rosout][INFO] 2021-10-22 12:56:03,855: [/ss42/fsm_node] Node vehicle_detector_node is OFF in JOYSTICK_CONTROL
[rosout][INFO] 2021-10-22 12:56:03,857: [/ss42/fsm_node] Node framerate_high is ON in JOYSTICK_CONTROL
[rosout][INFO] 2021-10-22 12:56:03,860: [/ss42/fsm_node] Node decoder_node is ON in JOYSTICK_CONTROL
[rosout][INFO] 2021-10-22 12:56:03,862: [/ss42/fsm_node] Node stop_line_filter_node is ON in JOYSTICK_CONTROL
[rosout][INFO] 2021-10-22 12:56:03,865: [/ss42/fsm_node] Node lane_filter_node is ON in JOYSTICK_CONTROL
[rosout][INFO] 2021-10-22 12:56:03,867: [/ss42/fsm_node] Node led_detector_node is OFF in JOYSTICK_CONTROL
[rosout][INFO] 2021-10-22 12:56:03,870: [/ss42/fsm_node] Node static_object_detector_node is OFF in JOYSTICK_CONTROL
[rosout][INFO] 2021-10-22 12:56:03,871: [/ss42/fsm_node] Node led_emitter_node is OFF in JOYSTICK_CONTROL
[rosout][INFO] 2021-10-22 12:56:03,874: [/ss42/fsm_node] Node line_detector_node is ON in JOYSTICK_CONTROL
[rosout][INFO] 2021-10-22 12:56:03,876: [/ss42/fsm_node] Node apriltag_node is ON in JOYSTICK_CONTROL
[rosout][INFO] 2021-10-22 12:56:03,880: [/ss42/fsm_node] FSMState: JOYSTICK_CONTROL
[rosout][INFO] 2021-10-22 12:56:07,302: [/ss42/fsm_node] Event: joystick_override_off
[rosout][INFO] 2021-10-22 12:56:07,305: [/ss42/fsm_node] Node vehicle_detector_node is OFF in LANE_FOLLOWING
[rosout][INFO] 2021-10-22 12:56:07,309: [/ss42/fsm_node] Node framerate_high is OFF in LANE_FOLLOWING
[rosout][INFO] 2021-10-22 12:56:07,330: [/ss42/fsm_node] Node decoder_node is OFF in LANE_FOLLOWING
[rosout][INFO] 2021-10-22 12:56:07,339: [/ss42/fsm_node] Node stop_line_filter_node is ON in LANE_FOLLOWING
[rosout][INFO] 2021-10-22 12:56:07,345: [/ss42/fsm_node] Node lane_filter_node is ON in LANE_FOLLOWING
[rosout][INFO] 2021-10-22 12:56:07,350: [/ss42/fsm_node] Node led_detector_node is OFF in LANE_FOLLOWING
[rosout][INFO] 2021-10-22 12:56:07,357: [/ss42/fsm_node] Node static_object_detector_node is OFF in LANE_FOLLOWING
[rosout][INFO] 2021-10-22 12:56:07,361: [/ss42/fsm_node] Node led_emitter_node is OFF in LANE_FOLLOWING
[rosout][INFO] 2021-10-22 12:56:07,365: [/ss42/fsm_node] Node line_detector_node is ON in LANE_FOLLOWING
[rosout][INFO] 2021-10-22 12:56:07,367: [/ss42/fsm_node] Node apriltag_node is OFF in LANE_FOLLOWING
[rosout][INFO] 2021-10-22 12:56:07,371: [/ss42/fsm_node] FSMState: LANE_FOLLOWING
[rosout][INFO] 2021-10-22 12:56:13,630: [/ss42/fsm_node] Event: joystick_override_on
[rosout][INFO] 2021-10-22 12:56:13,632: [/ss42/fsm_node] Node vehicle_detector_node is OFF in JOYSTICK_CONTROL
[rosout][INFO] 2021-10-22 12:56:13,634: [/ss42/fsm_node] Node framerate_high is ON in JOYSTICK_CONTROL
[rosout][INFO] 2021-10-22 12:56:13,636: [/ss42/fsm_node] Node decoder_node is ON in JOYSTICK_CONTROL
[rosout][INFO] 2021-10-22 12:56:13,639: [/ss42/fsm_node] Node stop_line_filter_node is ON in JOYSTICK_CONTROL
[rosout][INFO] 2021-10-22 12:56:13,642: [/ss42/fsm_node] Node lane_filter_node is ON in JOYSTICK_CONTROL
[rosout][INFO] 2021-10-22 12:56:13,644: [/ss42/fsm_node] Node led_detector_node is OFF in JOYSTICK_CONTROL
[rosout][INFO] 2021-10-22 12:56:13,650: [/ss42/fsm_node] Node static_object_detector_node is OFF in JOYSTICK_CONTROL
[rosout][INFO] 2021-10-22 12:56:13,652: [/ss42/fsm_node] Node led_emitter_node is OFF in JOYSTICK_CONTROL
[rosout][INFO] 2021-10-22 12:56:13,654: [/ss42/fsm_node] Node line_detector_node is ON in JOYSTICK_CONTROL
[rosout][INFO] 2021-10-22 12:56:13,655: [/ss42/fsm_node] Node apriltag_node is ON in JOYSTICK_CONTROL
[rosout][INFO] 2021-10-22 12:56:13,658: [/ss42/fsm_node] FSMState: JOYSTICK_CONTROL
[rosout][INFO] 2021-10-22 12:59:33,837: [/ss42/fsm_node] Event: joystick_override_off
[rosout][INFO] 2021-10-22 12:59:33,840: [/ss42/fsm_node] Node vehicle_detector_node is OFF in LANE_FOLLOWING
[rosout][INFO] 2021-10-22 12:59:33,843: [/ss42/fsm_node] Node framerate_high is OFF in LANE_FOLLOWING
[rosout][INFO] 2021-10-22 12:59:33,849: [/ss42/fsm_node] Node decoder_node is OFF in LANE_FOLLOWING
[rosout][INFO] 2021-10-22 12:59:33,851: [/ss42/fsm_node] Node stop_line_filter_node is ON in LANE_FOLLOWING
[rosout][INFO] 2021-10-22 12:59:33,855: [/ss42/fsm_node] Node lane_filter_node is ON in LANE_FOLLOWING
[rosout][INFO] 2021-10-22 12:59:33,857: [/ss42/fsm_node] Node led_detector_node is OFF in LANE_FOLLOWING
[rosout][INFO] 2021-10-22 12:59:33,858: [/ss42/fsm_node] Node static_object_detector_node is OFF in LANE_FOLLOWING
[rosout][INFO] 2021-10-22 12:59:33,860: [/ss42/fsm_node] Node led_emitter_node is OFF in LANE_FOLLOWING
[rosout][INFO] 2021-10-22 12:59:33,862: [/ss42/fsm_node] Node line_detector_node is ON in LANE_FOLLOWING
[rosout][INFO] 2021-10-22 12:59:33,864: [/ss42/fsm_node] Node apriltag_node is OFF in LANE_FOLLOWING
[rosout][INFO] 2021-10-22 12:59:33,867: [/ss42/fsm_node] FSMState: LANE_FOLLOWING
[rosout][INFO] 2021-10-22 12:59:38,678: [/ss42/fsm_node] Event: joystick_override_on
[rosout][INFO] 2021-10-22 12:59:38,680: [/ss42/fsm_node] Node vehicle_detector_node is OFF in JOYSTICK_CONTROL
[rosout][INFO] 2021-10-22 12:59:38,683: [/ss42/fsm_node] Node framerate_high is ON in JOYSTICK_CONTROL
[rosout][INFO] 2021-10-22 12:59:38,687: [/ss42/fsm_node] Node decoder_node is ON in JOYSTICK_CONTROL
[rosout][INFO] 2021-10-22 12:59:38,689: [/ss42/fsm_node] Node stop_line_filter_node is ON in JOYSTICK_CONTROL
[rosout][INFO] 2021-10-22 12:59:38,691: [/ss42/fsm_node] Node lane_filter_node is ON in JOYSTICK_CONTROL
[rosout][INFO] 2021-10-22 12:59:38,694: [/ss42/fsm_node] Node led_detector_node is OFF in JOYSTICK_CONTROL
[rosout][INFO] 2021-10-22 12:59:38,697: [/ss42/fsm_node] Node static_object_detector_node is OFF in JOYSTICK_CONTROL
[rosout][INFO] 2021-10-22 12:59:38,700: [/ss42/fsm_node] Node led_emitter_node is OFF in JOYSTICK_CONTROL
[rosout][INFO] 2021-10-22 12:59:38,703: [/ss42/fsm_node] Node line_detector_node is ON in JOYSTICK_CONTROL
[rosout][INFO] 2021-10-22 12:59:38,705: [/ss42/fsm_node] Node apriltag_node is ON in JOYSTICK_CONTROL
[rosout][INFO] 2021-10-22 12:59:38,709: [/ss42/fsm_node] FSMState: JOYSTICK_CONTROL
[rosout][INFO] 2021-10-22 12:59:41,812: [/ss42/fsm_node] Event: joystick_override_off
[rosout][INFO] 2021-10-22 12:59:41,817: [/ss42/fsm_node] Node vehicle_detector_node is OFF in LANE_FOLLOWING
[rosout][INFO] 2021-10-22 12:59:41,823: [/ss42/fsm_node] Node framerate_high is OFF in LANE_FOLLOWING
[rosout][INFO] 2021-10-22 12:59:41,830: [/ss42/fsm_node] Node decoder_node is OFF in LANE_FOLLOWING
[rosout][INFO] 2021-10-22 12:59:41,840: [/ss42/fsm_node] Node stop_line_filter_node is ON in LANE_FOLLOWING
[rosout][INFO] 2021-10-22 12:59:41,845: [/ss42/fsm_node] Node lane_filter_node is ON in LANE_FOLLOWING
[rosout][INFO] 2021-10-22 12:59:41,850: [/ss42/fsm_node] Node led_detector_node is OFF in LANE_FOLLOWING
[rosout][INFO] 2021-10-22 12:59:41,855: [/ss42/fsm_node] Node static_object_detector_node is OFF in LANE_FOLLOWING
[rosout][INFO] 2021-10-22 12:59:41,859: [/ss42/fsm_node] Node led_emitter_node is OFF in LANE_FOLLOWING
[rosout][INFO] 2021-10-22 12:59:41,864: [/ss42/fsm_node] Node line_detector_node is ON in LANE_FOLLOWING
[rosout][INFO] 2021-10-22 12:59:41,869: [/ss42/fsm_node] Node apriltag_node is OFF in LANE_FOLLOWING
[rosout][INFO] 2021-10-22 12:59:41,874: [/ss42/fsm_node] FSMState: LANE_FOLLOWING
[rosout][INFO] 2021-10-22 12:59:48,795: [/ss42/fsm_node] Event: joystick_override_on
[rosout][INFO] 2021-10-22 12:59:48,797: [/ss42/fsm_node] Node vehicle_detector_node is OFF in JOYSTICK_CONTROL
[rosout][INFO] 2021-10-22 12:59:48,800: [/ss42/fsm_node] Node framerate_high is ON in JOYSTICK_CONTROL
[rosout][INFO] 2021-10-22 12:59:48,804: [/ss42/fsm_node] Node decoder_node is ON in JOYSTICK_CONTROL
[rosout][INFO] 2021-10-22 12:59:48,807: [/ss42/fsm_node] Node stop_line_filter_node is ON in JOYSTICK_CONTROL
[rosout][INFO] 2021-10-22 12:59:48,809: [/ss42/fsm_node] Node lane_filter_node is ON in JOYSTICK_CONTROL
[rosout][INFO] 2021-10-22 12:59:48,811: [/ss42/fsm_node] Node led_detector_node is OFF in JOYSTICK_CONTROL
[rosout][INFO] 2021-10-22 12:59:48,814: [/ss42/fsm_node] Node static_object_detector_node is OFF in JOYSTICK_CONTROL
[rosout][INFO] 2021-10-22 12:59:48,816: [/ss42/fsm_node] Node led_emitter_node is OFF in JOYSTICK_CONTROL
[rosout][INFO] 2021-10-22 12:59:48,818: [/ss42/fsm_node] Node line_detector_node is ON in JOYSTICK_CONTROL
[rosout][INFO] 2021-10-22 12:59:48,820: [/ss42/fsm_node] Node apriltag_node is ON in JOYSTICK_CONTROL
[rosout][INFO] 2021-10-22 12:59:48,824: [/ss42/fsm_node] FSMState: JOYSTICK_CONTROL
[rosout][INFO] 2021-10-22 12:59:55,557: [/ss42/fsm_node] Event: joystick_override_off
[rosout][INFO] 2021-10-22 12:59:55,559: [/ss42/fsm_node] Node vehicle_detector_node is OFF in LANE_FOLLOWING
[rosout][INFO] 2021-10-22 12:59:55,561: [/ss42/fsm_node] Node framerate_high is OFF in LANE_FOLLOWING
[rosout][INFO] 2021-10-22 12:59:55,564: [/ss42/fsm_node] Node decoder_node is OFF in LANE_FOLLOWING
[rosout][INFO] 2021-10-22 12:59:55,566: [/ss42/fsm_node] Node stop_line_filter_node is ON in LANE_FOLLOWING
[rosout][INFO] 2021-10-22 12:59:55,569: [/ss42/fsm_node] Node lane_filter_node is ON in LANE_FOLLOWING
[rosout][INFO] 2021-10-22 12:59:55,571: [/ss42/fsm_node] Node led_detector_node is OFF in LANE_FOLLOWING
[rosout][INFO] 2021-10-22 12:59:55,574: [/ss42/fsm_node] Node static_object_detector_node is OFF in LANE_FOLLOWING
[rosout][INFO] 2021-10-22 12:59:55,577: [/ss42/fsm_node] Node led_emitter_node is OFF in LANE_FOLLOWING
[rosout][INFO] 2021-10-22 12:59:55,585: [/ss42/fsm_node] Node line_detector_node is ON in LANE_FOLLOWING
[rosout][INFO] 2021-10-22 12:59:55,593: [/ss42/fsm_node] Node apriltag_node is OFF in LANE_FOLLOWING
[rosout][INFO] 2021-10-22 12:59:55,596: [/ss42/fsm_node] FSMState: LANE_FOLLOWING
[rosout][INFO] 2021-10-22 13:00:00,857: [/ss42/fsm_node] Event: joystick_override_on
[rosout][INFO] 2021-10-22 13:00:00,859: [/ss42/fsm_node] Node vehicle_detector_node is OFF in JOYSTICK_CONTROL
[rosout][INFO] 2021-10-22 13:00:00,861: [/ss42/fsm_node] Node framerate_high is ON in JOYSTICK_CONTROL
[rosout][INFO] 2021-10-22 13:00:00,863: [/ss42/fsm_node] Node decoder_node is ON in JOYSTICK_CONTROL
[rosout][INFO] 2021-10-22 13:00:00,865: [/ss42/fsm_node] Node stop_line_filter_node is ON in JOYSTICK_CONTROL
[rosout][INFO] 2021-10-22 13:00:00,866: [/ss42/fsm_node] Node lane_filter_node is ON in JOYSTICK_CONTROL
[rosout][INFO] 2021-10-22 13:00:00,868: [/ss42/fsm_node] Node led_detector_node is OFF in JOYSTICK_CONTROL
[rosout][INFO] 2021-10-22 13:00:00,870: [/ss42/fsm_node] Node static_object_detector_node is OFF in JOYSTICK_CONTROL
[rosout][INFO] 2021-10-22 13:00:00,871: [/ss42/fsm_node] Node led_emitter_node is OFF in JOYSTICK_CONTROL
[rosout][INFO] 2021-10-22 13:00:00,874: [/ss42/fsm_node] Node line_detector_node is ON in JOYSTICK_CONTROL
[rosout][INFO] 2021-10-22 13:00:00,879: [/ss42/fsm_node] Node apriltag_node is ON in JOYSTICK_CONTROL
[rosout][INFO] 2021-10-22 13:00:00,882: [/ss42/fsm_node] FSMState: JOYSTICK_CONTROL
[rosout][INFO] 2021-10-22 13:00:04,324: [/ss42/fsm_node] Event: joystick_override_off
[rosout][INFO] 2021-10-22 13:00:04,329: [/ss42/fsm_node] Node vehicle_detector_node is OFF in LANE_FOLLOWING
[rosout][INFO] 2021-10-22 13:00:04,334: [/ss42/fsm_node] Node framerate_high is OFF in LANE_FOLLOWING
[rosout][INFO] 2021-10-22 13:00:04,341: [/ss42/fsm_node] Node decoder_node is OFF in LANE_FOLLOWING
[rosout][INFO] 2021-10-22 13:00:04,347: [/ss42/fsm_node] Node stop_line_filter_node is ON in LANE_FOLLOWING
[rosout][INFO] 2021-10-22 13:00:04,352: [/ss42/fsm_node] Node lane_filter_node is ON in LANE_FOLLOWING
[rosout][INFO] 2021-10-22 13:00:04,360: [/ss42/fsm_node] Node led_detector_node is OFF in LANE_FOLLOWING
[rosout][INFO] 2021-10-22 13:00:04,364: [/ss42/fsm_node] Node static_object_detector_node is OFF in LANE_FOLLOWING
[rosout][INFO] 2021-10-22 13:00:04,367: [/ss42/fsm_node] Node led_emitter_node is OFF in LANE_FOLLOWING
[rosout][INFO] 2021-10-22 13:00:04,370: [/ss42/fsm_node] Node line_detector_node is ON in LANE_FOLLOWING
[rosout][INFO] 2021-10-22 13:00:04,373: [/ss42/fsm_node] Node apriltag_node is OFF in LANE_FOLLOWING
[rosout][INFO] 2021-10-22 13:00:04,377: [/ss42/fsm_node] FSMState: LANE_FOLLOWING
[rosout][INFO] 2021-10-22 13:00:05,540: [/ss42/fsm_node] Event: joystick_override_on
[rosout][INFO] 2021-10-22 13:00:05,543: [/ss42/fsm_node] Node vehicle_detector_node is OFF in JOYSTICK_CONTROL
[rosout][INFO] 2021-10-22 13:00:05,544: [/ss42/fsm_node] Node framerate_high is ON in JOYSTICK_CONTROL
[rosout][INFO] 2021-10-22 13:00:05,548: [/ss42/fsm_node] Node decoder_node is ON in JOYSTICK_CONTROL
[rosout][INFO] 2021-10-22 13:00:05,550: [/ss42/fsm_node] Node stop_line_filter_node is ON in JOYSTICK_CONTROL
[rosout][INFO] 2021-10-22 13:00:05,551: [/ss42/fsm_node] Node lane_filter_node is ON in JOYSTICK_CONTROL
[rosout][INFO] 2021-10-22 13:00:05,554: [/ss42/fsm_node] Node led_detector_node is OFF in JOYSTICK_CONTROL
[rosout][INFO] 2021-10-22 13:00:05,555: [/ss42/fsm_node] Node static_object_detector_node is OFF in JOYSTICK_CONTROL
[rosout][INFO] 2021-10-22 13:00:05,557: [/ss42/fsm_node] Node led_emitter_node is OFF in JOYSTICK_CONTROL
[rosout][INFO] 2021-10-22 13:00:05,559: [/ss42/fsm_node] Node line_detector_node is ON in JOYSTICK_CONTROL
[rosout][INFO] 2021-10-22 13:00:05,561: [/ss42/fsm_node] Node apriltag_node is ON in JOYSTICK_CONTROL
[rosout][INFO] 2021-10-22 13:00:05,567: [/ss42/fsm_node] FSMState: JOYSTICK_CONTROL
[rosout][INFO] 2021-10-22 13:00:08,545: [/ss42/fsm_node] Event: joystick_override_off
[rosout][INFO] 2021-10-22 13:00:08,548: [/ss42/fsm_node] Node vehicle_detector_node is OFF in LANE_FOLLOWING
[rosout][INFO] 2021-10-22 13:00:08,557: [/ss42/fsm_node] Node framerate_high is OFF in LANE_FOLLOWING
[rosout][INFO] 2021-10-22 13:00:08,561: [/ss42/fsm_node] Node decoder_node is OFF in LANE_FOLLOWING
[rosout][INFO] 2021-10-22 13:00:08,565: [/ss42/fsm_node] Node stop_line_filter_node is ON in LANE_FOLLOWING
[rosout][INFO] 2021-10-22 13:00:08,570: [/ss42/fsm_node] Node lane_filter_node is ON in LANE_FOLLOWING
[rosout][INFO] 2021-10-22 13:00:08,574: [/ss42/fsm_node] Node led_detector_node is OFF in LANE_FOLLOWING
[rosout][INFO] 2021-10-22 13:00:08,578: [/ss42/fsm_node] Node static_object_detector_node is OFF in LANE_FOLLOWING
[rosout][INFO] 2021-10-22 13:00:08,584: [/ss42/fsm_node] Node led_emitter_node is OFF in LANE_FOLLOWING
[rosout][INFO] 2021-10-22 13:00:08,594: [/ss42/fsm_node] Node line_detector_node is ON in LANE_FOLLOWING
[rosout][INFO] 2021-10-22 13:00:08,598: [/ss42/fsm_node] Node apriltag_node is OFF in LANE_FOLLOWING
[rosout][INFO] 2021-10-22 13:00:08,604: [/ss42/fsm_node] FSMState: LANE_FOLLOWING
[rosout][INFO] 2021-10-22 13:00:11,685: [/ss42/fsm_node] Event: joystick_override_on
[rosout][INFO] 2021-10-22 13:00:11,689: [/ss42/fsm_node] Node vehicle_detector_node is OFF in JOYSTICK_CONTROL
[rosout][INFO] 2021-10-22 13:00:11,695: [/ss42/fsm_node] Node framerate_high is ON in JOYSTICK_CONTROL
[rosout][INFO] 2021-10-22 13:00:11,698: [/ss42/fsm_node] Node decoder_node is ON in JOYSTICK_CONTROL
[rosout][INFO] 2021-10-22 13:00:11,702: [/ss42/fsm_node] Node stop_line_filter_node is ON in JOYSTICK_CONTROL
[rosout][INFO] 2021-10-22 13:00:11,705: [/ss42/fsm_node] Node lane_filter_node is ON in JOYSTICK_CONTROL
[rosout][INFO] 2021-10-22 13:00:11,708: [/ss42/fsm_node] Node led_detector_node is OFF in JOYSTICK_CONTROL
[rosout][INFO] 2021-10-22 13:00:11,710: [/ss42/fsm_node] Node static_object_detector_node is OFF in JOYSTICK_CONTROL
[rosout][INFO] 2021-10-22 13:00:11,713: [/ss42/fsm_node] Node led_emitter_node is OFF in JOYSTICK_CONTROL
[rosout][INFO] 2021-10-22 13:00:11,716: [/ss42/fsm_node] Node line_detector_node is ON in JOYSTICK_CONTROL
[rosout][INFO] 2021-10-22 13:00:11,719: [/ss42/fsm_node] Node apriltag_node is ON in JOYSTICK_CONTROL
[rosout][INFO] 2021-10-22 13:00:11,724: [/ss42/fsm_node] FSMState: JOYSTICK_CONTROL
[rosout][INFO] 2021-10-22 13:00:18,426: [/ss42/fsm_node] Event: joystick_override_off
[rosout][INFO] 2021-10-22 13:00:18,429: [/ss42/fsm_node] Node vehicle_detector_node is OFF in LANE_FOLLOWING
[rosout][INFO] 2021-10-22 13:00:18,445: [/ss42/fsm_node] Node framerate_high is OFF in LANE_FOLLOWING
[rosout][INFO] 2021-10-22 13:00:18,449: [/ss42/fsm_node] Node decoder_node is OFF in LANE_FOLLOWING
[rosout][INFO] 2021-10-22 13:00:18,456: [/ss42/fsm_node] Node stop_line_filter_node is ON in LANE_FOLLOWING
[rosout][INFO] 2021-10-22 13:00:18,459: [/ss42/fsm_node] Node lane_filter_node is ON in LANE_FOLLOWING
[rosout][INFO] 2021-10-22 13:00:18,469: [/ss42/fsm_node] Node led_detector_node is OFF in LANE_FOLLOWING
[rosout][INFO] 2021-10-22 13:00:18,476: [/ss42/fsm_node] Node static_object_detector_node is OFF in LANE_FOLLOWING
[rosout][INFO] 2021-10-22 13:00:18,479: [/ss42/fsm_node] Node led_emitter_node is OFF in LANE_FOLLOWING
[rosout][INFO] 2021-10-22 13:00:18,482: [/ss42/fsm_node] Node line_detector_node is ON in LANE_FOLLOWING
[rosout][INFO] 2021-10-22 13:00:18,485: [/ss42/fsm_node] Node apriltag_node is OFF in LANE_FOLLOWING
[rosout][INFO] 2021-10-22 13:00:18,490: [/ss42/fsm_node] FSMState: LANE_FOLLOWING
[rosout][INFO] 2021-10-22 13:00:22,670: [/ss42/fsm_node] Event: joystick_override_on
[rosout][INFO] 2021-10-22 13:00:22,674: [/ss42/fsm_node] Node vehicle_detector_node is OFF in JOYSTICK_CONTROL
[rosout][INFO] 2021-10-22 13:00:22,679: [/ss42/fsm_node] Node framerate_high is ON in JOYSTICK_CONTROL
[rosout][INFO] 2021-10-22 13:00:22,685: [/ss42/fsm_node] Node decoder_node is ON in JOYSTICK_CONTROL
[rosout][INFO] 2021-10-22 13:00:22,694: [/ss42/fsm_node] Node stop_line_filter_node is ON in JOYSTICK_CONTROL
[rosout][INFO] 2021-10-22 13:00:22,698: [/ss42/fsm_node] Node lane_filter_node is ON in JOYSTICK_CONTROL
[rosout][INFO] 2021-10-22 13:00:22,701: [/ss42/fsm_node] Node led_detector_node is OFF in JOYSTICK_CONTROL
[rosout][INFO] 2021-10-22 13:00:22,712: [/ss42/fsm_node] Node static_object_detector_node is OFF in JOYSTICK_CONTROL
[rosout][INFO] 2021-10-22 13:00:22,718: [/ss42/fsm_node] Node led_emitter_node is OFF in JOYSTICK_CONTROL
[rosout][INFO] 2021-10-22 13:00:22,722: [/ss42/fsm_node] Node line_detector_node is ON in JOYSTICK_CONTROL
[rosout][INFO] 2021-10-22 13:00:22,728: [/ss42/fsm_node] Node apriltag_node is ON in JOYSTICK_CONTROL
[rosout][INFO] 2021-10-22 13:00:22,733: [/ss42/fsm_node] FSMState: JOYSTICK_CONTROL
[rospy.internal][ERROR] 2021-10-22 13:00:54,167: Unable to initiate TCP/IP socket to ss42.local:43290 (http://ss42.local:35495/): Traceback (most recent call last):
  File "/opt/ros/kinetic/lib/python2.7/dist-packages/rospy/impl/tcpros_base.py", line 557, in connect
    self.read_header()
  File "/opt/ros/kinetic/lib/python2.7/dist-packages/rospy/impl/tcpros_base.py", line 650, in read_header
    self._validate_header(read_ros_handshake_header(sock, self.read_buff, self.protocol.buff_size))
  File "/opt/ros/kinetic/lib/python2.7/dist-packages/rospy/impl/tcpros_base.py", line 593, in _validate_header
    raise TransportInitError("remote error reported: %s"%header['error'])
TransportInitError: remote error reported: node shutting down

[rosout][WARNING] 2021-10-22 13:00:54,368: Inbound TCP/IP connection failed: connection from sender terminated before handshake header received. 0 bytes were received. Please check sender for additional details.
[rospy.internal][ERROR] 2021-10-22 13:00:54,386: Inbound TCP/IP connection failed:
Traceback (most recent call last):
  File "/opt/ros/kinetic/lib/python2.7/dist-packages/rospy/impl/tcpros_base.py", line 321, in _tcp_server_callback
    header = read_ros_handshake_header(sock, StringIO(), buff_size)
  File "/opt/ros/kinetic/lib/python2.7/dist-packages/rosgraph/network.py", line 364, in read_ros_handshake_header
    raise ROSHandshakeException("connection from sender terminated before handshake header received. %s bytes were received. Please check sender for additional details."%b.tell())
ROSHandshakeException: connection from sender terminated before handshake header received. 0 bytes were received. Please check sender for additional details.

[rospy.internal][INFO] 2021-10-22 13:00:54,518: topic[/ss42/fsm_node/mode] removing connection to /ss42/fake_coordinator_node
[rospy.internal][INFO] 2021-10-22 13:00:54,519: topic[/ss42/led_emitter_node/switch] removing connection to /ss42/led_emitter_node
[rospy.internal][INFO] 2021-10-22 13:00:54,520: topic[/ss42/line_detector_node/switch] removing connection to /ss42/line_detector_node
[rospy.internal][INFO] 2021-10-22 13:00:54,523: topic[/ss42/lane_filter_node/switch] removing connection to /ss42/lane_filter_node
[rospy.internal][ERROR] 2021-10-22 13:00:54,675: Unable to initiate TCP/IP socket to ss42.local:46188 (http://ss42.local:42368/): Traceback (most recent call last):
  File "/opt/ros/kinetic/lib/python2.7/dist-packages/rospy/impl/tcpros_base.py", line 557, in connect
    self.read_header()
  File "/opt/ros/kinetic/lib/python2.7/dist-packages/rospy/impl/tcpros_base.py", line 650, in read_header
    self._validate_header(read_ros_handshake_header(sock, self.read_buff, self.protocol.buff_size))
  File "/opt/ros/kinetic/lib/python2.7/dist-packages/rospy/impl/tcpros_base.py", line 593, in _validate_header
    raise TransportInitError("remote error reported: %s"%header['error'])
TransportInitError: remote error reported: node shutting down

[rospy.internal][ERROR] 2021-10-22 13:00:54,677: Unable to initiate TCP/IP socket to ss42.local:46188 (http://ss42.local:42368/): Traceback (most recent call last):
  File "/opt/ros/kinetic/lib/python2.7/dist-packages/rospy/impl/tcpros_base.py", line 557, in connect
    self.read_header()
  File "/opt/ros/kinetic/lib/python2.7/dist-packages/rospy/impl/tcpros_base.py", line 650, in read_header
    self._validate_header(read_ros_handshake_header(sock, self.read_buff, self.protocol.buff_size))
  File "/opt/ros/kinetic/lib/python2.7/dist-packages/rospy/impl/tcpros_base.py", line 593, in _validate_header
    raise TransportInitError("remote error reported: %s"%header['error'])
TransportInitError: remote error reported: node shutting down

[rospy.core][INFO] 2021-10-22 13:00:55,005: signal_shutdown [signal-2]
[rosout][INFO] 2021-10-22 13:00:55,008: [/ss42/fsm_node] Shutting down.
[rospy.internal][WARNING] 2021-10-22 13:00:55,173: Unknown error initiating TCP/IP socket to ss42.local:43290 (http://ss42.local:35495/): Traceback (most recent call last):
  File "/opt/ros/kinetic/lib/python2.7/dist-packages/rospy/impl/tcpros_base.py", line 555, in connect
    self.socket.connect((dest_addr, dest_port))
  File "/usr/lib/python2.7/socket.py", line 228, in meth
    return getattr(self._sock,name)(*args)
error: [Errno 111] Connection refused

[rospy.internal][INFO] 2021-10-22 13:00:55,175: topic[/ss42/simple_coordinator_node/intersection_go] removing connection to http://ss42.local:35495/
[rospy.internal][INFO] 2021-10-22 13:00:55,311: topic[/ss42/fsm_node/mode] removing connection to /ss42/car_cmd_switch_node
[rospy.internal][INFO] 2021-10-22 13:00:55,312: topic[/rosout] removing connection to /rosout
[rospy.internal][INFO] 2021-10-22 13:00:55,315: topic[/ss42/camera_node/framerate_high_switch] removing connection to /ss42/camera_node
[rospy.internal][INFO] 2021-10-22 13:00:55,319: topic[/ss42/joy_mapper_node/joystick_override] removing connection to http://ss42.local:36532/
[rospy.internal][INFO] 2021-10-22 13:00:55,320: topic[/ss42/logic_gate_node/intersection_done_and_not_parallel_autonomy] removing connection to http://ss42.local:42368/
[rospy.internal][INFO] 2021-10-22 13:00:55,321: topic[/ss42/joy_mapper_node/parallel_autonomy] removing connection to http://ss42.local:36532/
[rospy.internal][INFO] 2021-10-22 13:00:55,323: topic[/ss42/joy_mapper_node/start_avoidance] removing connection to http://ss42.local:36532/
[rospy.internal][INFO] 2021-10-22 13:00:55,325: topic[/ss42/logic_gate_node/intersection_done_and_parallel_autonomy] removing connection to http://ss42.local:42368/
[rospy.impl.masterslave][INFO] 2021-10-22 13:00:55,326: signal-2
[rospy.internal][ERROR] 2021-10-22 13:00:55,413: Unable to initiate TCP/IP socket to ss42.local:37057 (http://ss42.local:36532/): Traceback (most recent call last):
  File "/opt/ros/kinetic/lib/python2.7/dist-packages/rospy/impl/tcpros_base.py", line 557, in connect
    self.read_header()
  File "/opt/ros/kinetic/lib/python2.7/dist-packages/rospy/impl/tcpros_base.py", line 650, in read_header
    self._validate_header(read_ros_handshake_header(sock, self.read_buff, self.protocol.buff_size))
  File "/opt/ros/kinetic/lib/python2.7/dist-packages/rospy/impl/tcpros_base.py", line 593, in _validate_header
    raise TransportInitError("remote error reported: %s"%header['error'])
TransportInitError: remote error reported: node shutting down

[rospy.core][INFO] 2021-10-22 13:00:55,746: signal_shutdown [atexit]
