[rospy.client][INFO] 2021-10-22 12:53:50,966: init_node, name[/ss42/duckiebot_visualizer], pid[1660]
[xmlrpc][INFO] 2021-10-22 12:53:51,002: XML-RPC server binding to 0.0.0.0:0
[rospy.init][INFO] 2021-10-22 12:53:51,015: ROS Slave URI: [http://ss42.local:43352/]
[xmlrpc][INFO] 2021-10-22 12:53:51,015: Started XML-RPC server [http://ss42.local:43352/]
[rospy.impl.masterslave][INFO] 2021-10-22 12:53:51,018: _ready: http://ss42.local:43352/
[xmlrpc][INFO] 2021-10-22 12:53:51,029: xml rpc node: starting XML-RPC server
[rospy.registration][INFO] 2021-10-22 12:53:51,032: Registering with master node http://ss42.local:11311/
[rospy.init][INFO] 2021-10-22 12:53:51,117: registered with master
[rospy.rosout][INFO] 2021-10-22 12:53:51,119: initializing /rosout core topic
[rospy.rosout][INFO] 2021-10-22 12:53:51,275: connected to core topic /rosout
[rospy.simtime][INFO] 2021-10-22 12:53:51,378: /use_sim_time is not set, will not subscribe to simulated time [/clock] topic
[rospy.internal][INFO] 2021-10-22 12:53:51,535: topic[/rosout] adding connection to [/rosout], count 0
[rosout][INFO] 2021-10-22 12:53:51,620: [/ss42/duckiebot_visualizer] Initialzing.
[rosout][INFO] 2021-10-22 12:53:51,769: [/ss42/duckiebot_visualizer] ~veh_name = ss42 
[rosout][INFO] 2021-10-22 12:53:52,039: [/ss42/duckiebot_visualizer] Initialzed.
[rospy.internal][INFO] 2021-10-22 12:54:02,285: topic[/ss42/ground_projection/lineseglist_out] adding connection to [http://ss42.local:44865/], count 0
[rospy.core][INFO] 2021-10-22 13:00:54,098: signal_shutdown [signal-2]
[rosout][INFO] 2021-10-22 13:00:54,101: [/ss42/duckiebot_visualizer] Shutting down.
[rospy.internal][INFO] 2021-10-22 13:00:54,361: topic[/rosout] removing connection to /rosout
[rospy.internal][INFO] 2021-10-22 13:00:54,364: topic[/ss42/ground_projection/lineseglist_out] removing connection to http://ss42.local:44865/
[rospy.impl.masterslave][INFO] 2021-10-22 13:00:54,366: signal-2
[rospy.core][INFO] 2021-10-22 13:00:54,790: signal_shutdown [atexit]
