[rospy.client][INFO] 2021-10-22 12:53:50,240: init_node, name[/ss42/lane_controller_node], pid[1663]
[xmlrpc][INFO] 2021-10-22 12:53:50,263: XML-RPC server binding to 0.0.0.0:0
[xmlrpc][INFO] 2021-10-22 12:53:50,269: Started XML-RPC server [http://ss42.local:37754/]
[rospy.impl.masterslave][INFO] 2021-10-22 12:53:50,269: _ready: http://ss42.local:37754/
[rospy.init][INFO] 2021-10-22 12:53:50,270: ROS Slave URI: [http://ss42.local:37754/]
[rospy.registration][INFO] 2021-10-22 12:53:50,295: Registering with master node http://ss42.local:11311/
[xmlrpc][INFO] 2021-10-22 12:53:50,295: xml rpc node: starting XML-RPC server
[rospy.init][INFO] 2021-10-22 12:53:50,371: registered with master
[rospy.rosout][INFO] 2021-10-22 12:53:50,373: initializing /rosout core topic
[rospy.rosout][INFO] 2021-10-22 12:53:50,452: connected to core topic /rosout
[rospy.simtime][INFO] 2021-10-22 12:53:50,556: /use_sim_time is not set, will not subscribe to simulated time [/clock] topic
[rospy.internal][INFO] 2021-10-22 12:53:50,683: topic[/rosout] adding connection to [/rosout], count 0
[rosout][INFO] 2021-10-22 12:53:50,946: [/ss42/lane_controller_node] ~v_bar = 0.3864 
[rosout][INFO] 2021-10-22 12:53:51,080: [/ss42/lane_controller_node] ~k_d = -10.3 
[rosout][INFO] 2021-10-22 12:53:51,366: [/ss42/lane_controller_node] ~k_theta = -5.15 
[rosout][INFO] 2021-10-22 12:53:51,586: [/ss42/lane_controller_node] ~d_thres = 0.2615 
[rosout][INFO] 2021-10-22 12:53:51,715: [/ss42/lane_controller_node] ~theta_thres = 0.523 
[rosout][INFO] 2021-10-22 12:53:51,886: [/ss42/lane_controller_node] ~d_offset = 0.0 
[rosout][INFO] 2021-10-22 12:53:52,073: [/ss42/lane_controller_node] Initialized 
[rospy.internal][INFO] 2021-10-22 12:53:52,183: topic[/ss42/lane_controller_node/car_cmd] adding connection to [/ss42/car_cmd_switch_node], count 0
[rospy.internal][INFO] 2021-10-22 12:54:05,156: topic[/ss42/lane_filter_node/lane_pose] adding connection to [http://ss42.local:42917/], count 0
[rospy.core][INFO] 2021-10-22 13:00:54,096: signal_shutdown [signal-2]
[rosout][INFO] 2021-10-22 13:00:54,097: [/ss42/lane_controller_node] Shutting down...
[rospy.internal][INFO] 2021-10-22 13:00:54,101: topic impl's ref count is zero, deleting topic /ss42/lane_filter_node/lane_pose...
[rospy.internal][INFO] 2021-10-22 13:00:54,112: topic[/ss42/lane_filter_node/lane_pose] removing connection to http://ss42.local:42917/
[rosout][INFO] 2021-10-22 13:00:54,751: [/ss42/lane_controller_node] Shutdown
[rospy.internal][INFO] 2021-10-22 13:00:54,864: topic[/ss42/lane_controller_node/car_cmd] removing connection to /ss42/car_cmd_switch_node
[rospy.internal][INFO] 2021-10-22 13:00:54,866: topic[/rosout] removing connection to /rosout
[rospy.impl.masterslave][INFO] 2021-10-22 13:00:54,870: signal-2
[rospy.core][INFO] 2021-10-22 13:00:55,400: signal_shutdown [atexit]
