[rospy.client][INFO] 2021-10-22 12:54:04,449: [32minit_node, name[/ss42/anti_instagram_node], pid[1681][0m
[xmlrpc][INFO] 2021-10-22 12:54:04,563: [32mXML-RPC server binding to 0.0.0.0:0[0m
[xmlrpc][INFO] 2021-10-22 12:54:04,566: [32mStarted XML-RPC server [http://ss42.local:39782/][0m
[rospy.impl.masterslave][INFO] 2021-10-22 12:54:04,571: [32m_ready: http://ss42.local:39782/[0m
[rospy.init][INFO] 2021-10-22 12:54:04,572: [32mROS Slave URI: [http://ss42.local:39782/][0m
[rospy.registration][INFO] 2021-10-22 12:54:04,580: [32mRegistering with master node http://ss42.local:11311/[0m
[xmlrpc][INFO] 2021-10-22 12:54:04,583: [32mxml rpc node: starting XML-RPC server[0m
[rospy.init][INFO] 2021-10-22 12:54:04,675: [32mregistered with master[0m
[rospy.rosout][INFO] 2021-10-22 12:54:04,676: [32minitializing /rosout core topic[0m
[rospy.rosout][INFO] 2021-10-22 12:54:04,711: [32mconnected to core topic /rosout[0m
[rospy.simtime][INFO] 2021-10-22 12:54:04,735: [32m/use_sim_time is not set, will not subscribe to simulated time [/clock] topic[0m
[rospy.internal][INFO] 2021-10-22 12:54:04,933: [32mtopic[/rosout] adding connection to [/rosout], count 0[0m
[rospy.internal][INFO] 2021-10-22 12:54:04,969: [32mtopic[/ss42/camera_node/image/compressed] adding connection to [http://ss42.local:43612/], count 0[0m
[rospy.internal][INFO] 2021-10-22 12:54:04,983: [32mtopic[/ss42/anti_instagram_node/click] adding connection to [http://ss42.local:36532/], count 0[0m
[rospy.internal][INFO] 2021-10-22 12:54:06,216: [32mtopic[/ss42/anti_instagram_node/transform] adding connection to [/ss42/line_detector_node], count 0[0m
[rospy.core][INFO] 2021-10-22 13:00:54,009: [32msignal_shutdown [signal-2][0m
[rospy.internal][INFO] 2021-10-22 13:00:54,050: [32mtopic[/ss42/anti_instagram_node/transform] removing connection to /ss42/line_detector_node[0m
[rospy.internal][INFO] 2021-10-22 13:00:54,055: [32mtopic[/rosout] removing connection to /rosout[0m
[rospy.internal][INFO] 2021-10-22 13:00:54,056: [32mtopic[/ss42/anti_instagram_node/click] removing connection to http://ss42.local:36532/[0m
[rospy.internal][INFO] 2021-10-22 13:00:54,058: [32mtopic[/ss42/camera_node/image/compressed] removing connection to http://ss42.local:43612/[0m
[rospy.impl.masterslave][INFO] 2021-10-22 13:00:54,060: [32msignal-2[0m
[rospy.core][INFO] 2021-10-22 13:00:54,646: [32msignal_shutdown [atexit][0m
