[rospy.client][INFO] 2021-10-22 12:53:49,725: init_node, name[/ss42/car_cmd_switch_node], pid[1639]
[xmlrpc][INFO] 2021-10-22 12:53:49,773: XML-RPC server binding to 0.0.0.0:0
[xmlrpc][INFO] 2021-10-22 12:53:49,803: Started XML-RPC server [http://ss42.local:34877/]
[rospy.init][INFO] 2021-10-22 12:53:49,804: ROS Slave URI: [http://ss42.local:34877/]
[rospy.impl.masterslave][INFO] 2021-10-22 12:53:49,805: _ready: http://ss42.local:34877/
[rospy.registration][INFO] 2021-10-22 12:53:49,816: Registering with master node http://ss42.local:11311/
[xmlrpc][INFO] 2021-10-22 12:53:49,823: xml rpc node: starting XML-RPC server
[rospy.init][INFO] 2021-10-22 12:53:49,907: registered with master
[rospy.rosout][INFO] 2021-10-22 12:53:49,908: initializing /rosout core topic
[rospy.rosout][INFO] 2021-10-22 12:53:50,074: connected to core topic /rosout
[rospy.simtime][INFO] 2021-10-22 12:53:50,114: /use_sim_time is not set, will not subscribe to simulated time [/clock] topic
[rospy.internal][INFO] 2021-10-22 12:53:50,365: topic[/rosout] adding connection to [/rosout], count 0
[rospy.internal][INFO] 2021-10-22 12:53:51,003: topic[/ss42/fsm_node/mode] adding connection to [http://ss42.local:40402/], count 0
[rosout][INFO] 2021-10-22 12:53:52,106: [/ss42/car_cmd_switch_node] Initialized. 
[rospy.internal][INFO] 2021-10-22 12:53:52,135: topic[/ss42/lane_controller_node/car_cmd] adding connection to [http://ss42.local:37754/], count 0
[rospy.internal][INFO] 2021-10-22 12:53:52,142: topic[/ss42/simple_coordinator_node/car_cmd] adding connection to [http://ss42.local:35495/], count 0
[rospy.internal][INFO] 2021-10-22 12:53:52,151: topic[/ss42/joy_mapper_node/car_cmd] adding connection to [http://ss42.local:36532/], count 0
[rosout][INFO] 2021-10-22 12:53:52,895: [/ss42/car_cmd_switch_node] Car cmd switched to joystick in state JOYSTICK_CONTROL.
[rospy.internal][INFO] 2021-10-22 12:54:01,704: topic[/ss42/car_cmd_switch_node/cmd] adding connection to [/ss42/inverse_kinematics_node], count 0
[rospy.internal][INFO] 2021-10-22 12:54:05,121: topic[/ss42/car_cmd_switch_node/cmd] adding connection to [/ss42/lane_filter_node], count 1
[rosout][INFO] 2021-10-22 12:54:19,474: [/ss42/car_cmd_switch_node] Car cmd switched to lane in state LANE_FOLLOWING.
[rosout][INFO] 2021-10-22 12:54:29,032: [/ss42/car_cmd_switch_node] Car cmd switched to joystick in state JOYSTICK_CONTROL.
[rosout][INFO] 2021-10-22 12:54:32,945: [/ss42/car_cmd_switch_node] Car cmd switched to lane in state LANE_FOLLOWING.
[rosout][INFO] 2021-10-22 12:54:38,422: [/ss42/car_cmd_switch_node] Car cmd switched to joystick in state JOYSTICK_CONTROL.
[rosout][INFO] 2021-10-22 12:54:40,608: [/ss42/car_cmd_switch_node] Car cmd switched to lane in state LANE_FOLLOWING.
[rosout][INFO] 2021-10-22 12:54:43,519: [/ss42/car_cmd_switch_node] Car cmd switched to joystick in state JOYSTICK_CONTROL.
[rosout][INFO] 2021-10-22 12:54:47,518: [/ss42/car_cmd_switch_node] Car cmd switched to lane in state LANE_FOLLOWING.
[rosout][INFO] 2021-10-22 12:54:50,390: [/ss42/car_cmd_switch_node] Car cmd switched to joystick in state JOYSTICK_CONTROL.
[rosout][INFO] 2021-10-22 12:54:55,232: [/ss42/car_cmd_switch_node] Car cmd switched to lane in state LANE_FOLLOWING.
[rosout][INFO] 2021-10-22 12:54:59,719: [/ss42/car_cmd_switch_node] Car cmd switched to joystick in state JOYSTICK_CONTROL.
[rosout][INFO] 2021-10-22 12:55:06,040: [/ss42/car_cmd_switch_node] Car cmd switched to lane in state LANE_FOLLOWING.
[rosout][INFO] 2021-10-22 12:55:10,464: [/ss42/car_cmd_switch_node] Car cmd switched to joystick in state JOYSTICK_CONTROL.
[rosout][INFO] 2021-10-22 12:55:16,585: [/ss42/car_cmd_switch_node] Car cmd switched to lane in state LANE_FOLLOWING.
[rosout][INFO] 2021-10-22 12:55:20,451: [/ss42/car_cmd_switch_node] Car cmd switched to joystick in state JOYSTICK_CONTROL.
[rosout][INFO] 2021-10-22 12:55:26,466: [/ss42/car_cmd_switch_node] Car cmd switched to lane in state LANE_FOLLOWING.
[rosout][INFO] 2021-10-22 12:55:27,616: [/ss42/car_cmd_switch_node] Car cmd switched to joystick in state JOYSTICK_CONTROL.
[rosout][INFO] 2021-10-22 12:55:34,686: [/ss42/car_cmd_switch_node] Car cmd switched to lane in state LANE_FOLLOWING.
[rosout][INFO] 2021-10-22 12:55:40,094: [/ss42/car_cmd_switch_node] Car cmd switched to joystick in state JOYSTICK_CONTROL.
[rosout][INFO] 2021-10-22 12:55:42,425: [/ss42/car_cmd_switch_node] Car cmd switched to lane in state LANE_FOLLOWING.
[rosout][INFO] 2021-10-22 12:55:44,520: [/ss42/car_cmd_switch_node] Car cmd switched to joystick in state JOYSTICK_CONTROL.
[rosout][INFO] 2021-10-22 12:55:48,936: [/ss42/car_cmd_switch_node] Car cmd switched to lane in state LANE_FOLLOWING.
[rosout][INFO] 2021-10-22 12:55:52,257: [/ss42/car_cmd_switch_node] Car cmd switched to joystick in state JOYSTICK_CONTROL.
[rosout][INFO] 2021-10-22 12:55:58,892: [/ss42/car_cmd_switch_node] Car cmd switched to lane in state LANE_FOLLOWING.
[rosout][INFO] 2021-10-22 12:56:03,880: [/ss42/car_cmd_switch_node] Car cmd switched to joystick in state JOYSTICK_CONTROL.
[rosout][INFO] 2021-10-22 12:56:07,373: [/ss42/car_cmd_switch_node] Car cmd switched to lane in state LANE_FOLLOWING.
[rosout][INFO] 2021-10-22 12:56:13,658: [/ss42/car_cmd_switch_node] Car cmd switched to joystick in state JOYSTICK_CONTROL.
[rosout][INFO] 2021-10-22 12:59:33,867: [/ss42/car_cmd_switch_node] Car cmd switched to lane in state LANE_FOLLOWING.
[rosout][INFO] 2021-10-22 12:59:38,709: [/ss42/car_cmd_switch_node] Car cmd switched to joystick in state JOYSTICK_CONTROL.
[rosout][INFO] 2021-10-22 12:59:41,874: [/ss42/car_cmd_switch_node] Car cmd switched to lane in state LANE_FOLLOWING.
[rosout][INFO] 2021-10-22 12:59:48,826: [/ss42/car_cmd_switch_node] Car cmd switched to joystick in state JOYSTICK_CONTROL.
[rosout][INFO] 2021-10-22 12:59:55,596: [/ss42/car_cmd_switch_node] Car cmd switched to lane in state LANE_FOLLOWING.
[rosout][INFO] 2021-10-22 13:00:00,882: [/ss42/car_cmd_switch_node] Car cmd switched to joystick in state JOYSTICK_CONTROL.
[rosout][INFO] 2021-10-22 13:00:04,377: [/ss42/car_cmd_switch_node] Car cmd switched to lane in state LANE_FOLLOWING.
[rosout][INFO] 2021-10-22 13:00:05,567: [/ss42/car_cmd_switch_node] Car cmd switched to joystick in state JOYSTICK_CONTROL.
[rosout][INFO] 2021-10-22 13:00:08,604: [/ss42/car_cmd_switch_node] Car cmd switched to lane in state LANE_FOLLOWING.
[rosout][INFO] 2021-10-22 13:00:11,725: [/ss42/car_cmd_switch_node] Car cmd switched to joystick in state JOYSTICK_CONTROL.
[rosout][INFO] 2021-10-22 13:00:18,490: [/ss42/car_cmd_switch_node] Car cmd switched to lane in state LANE_FOLLOWING.
[rosout][INFO] 2021-10-22 13:00:22,733: [/ss42/car_cmd_switch_node] Car cmd switched to joystick in state JOYSTICK_CONTROL.
[rospy.internal][ERROR] 2021-10-22 13:00:54,146: Unable to initiate TCP/IP socket to ss42.local:43290 (http://ss42.local:35495/): Traceback (most recent call last):
  File "/opt/ros/kinetic/lib/python2.7/dist-packages/rospy/impl/tcpros_base.py", line 557, in connect
    self.read_header()
  File "/opt/ros/kinetic/lib/python2.7/dist-packages/rospy/impl/tcpros_base.py", line 650, in read_header
    self._validate_header(read_ros_handshake_header(sock, self.read_buff, self.protocol.buff_size))
  File "/opt/ros/kinetic/lib/python2.7/dist-packages/rospy/impl/tcpros_base.py", line 593, in _validate_header
    raise TransportInitError("remote error reported: %s"%header['error'])
TransportInitError: remote error reported: node shutting down

[rospy.internal][INFO] 2021-10-22 13:00:54,696: topic[/ss42/car_cmd_switch_node/cmd] removing connection to /ss42/lane_filter_node
[rospy.internal][ERROR] 2021-10-22 13:00:54,868: Unable to initiate TCP/IP socket to ss42.local:36128 (http://ss42.local:37754/): Traceback (most recent call last):
  File "/opt/ros/kinetic/lib/python2.7/dist-packages/rospy/impl/tcpros_base.py", line 557, in connect
    self.read_header()
  File "/opt/ros/kinetic/lib/python2.7/dist-packages/rospy/impl/tcpros_base.py", line 650, in read_header
    self._validate_header(read_ros_handshake_header(sock, self.read_buff, self.protocol.buff_size))
  File "/opt/ros/kinetic/lib/python2.7/dist-packages/rospy/impl/tcpros_base.py", line 593, in _validate_header
    raise TransportInitError("remote error reported: %s"%header['error'])
TransportInitError: remote error reported: node shutting down

[rospy.core][INFO] 2021-10-22 13:00:55,012: signal_shutdown [signal-2]
[rosout][INFO] 2021-10-22 13:00:55,014: [/ss42/car_cmd_switch_node] Shutting down.
[rospy.internal][INFO] 2021-10-22 13:00:55,150: topic[/rosout] removing connection to /rosout
[rospy.internal][INFO] 2021-10-22 13:00:55,153: topic[/ss42/car_cmd_switch_node/cmd] removing connection to /ss42/inverse_kinematics_node
[rospy.internal][WARNING] 2021-10-22 13:00:55,161: Unknown error initiating TCP/IP socket to ss42.local:43290 (http://ss42.local:35495/): Traceback (most recent call last):
  File "/opt/ros/kinetic/lib/python2.7/dist-packages/rospy/impl/tcpros_base.py", line 555, in connect
    self.socket.connect((dest_addr, dest_port))
  File "/usr/lib/python2.7/socket.py", line 228, in meth
    return getattr(self._sock,name)(*args)
error: [Errno 111] Connection refused

[rospy.internal][INFO] 2021-10-22 13:00:55,167: topic[/ss42/simple_coordinator_node/car_cmd] removing connection to http://ss42.local:35495/
[rospy.internal][INFO] 2021-10-22 13:00:55,172: topic[/ss42/fsm_node/mode] removing connection to http://ss42.local:40402/
[rospy.internal][ERROR] 2021-10-22 13:00:55,173: Unable to initiate TCP/IP socket to ss42.local:38822 (http://ss42.local:40402/): Traceback (most recent call last):
  File "/opt/ros/kinetic/lib/python2.7/dist-packages/rospy/impl/tcpros_base.py", line 557, in connect
    self.read_header()
  File "/opt/ros/kinetic/lib/python2.7/dist-packages/rospy/impl/tcpros_base.py", line 650, in read_header
    self._validate_header(read_ros_handshake_header(sock, self.read_buff, self.protocol.buff_size))
  File "/opt/ros/kinetic/lib/python2.7/dist-packages/rospy/impl/tcpros_base.py", line 593, in _validate_header
    raise TransportInitError("remote error reported: %s"%header['error'])
TransportInitError: remote error reported: node shutting down

[rospy.internal][INFO] 2021-10-22 13:00:55,177: topic[/ss42/lane_controller_node/car_cmd] removing connection to http://ss42.local:37754/
[rospy.internal][INFO] 2021-10-22 13:00:55,179: topic[/ss42/joy_mapper_node/car_cmd] removing connection to http://ss42.local:36532/
[rospy.impl.masterslave][INFO] 2021-10-22 13:00:55,182: signal-2
[rospy.internal][WARNING] 2021-10-22 13:00:55,183: Unknown error initiating TCP/IP socket to ss42.local:37057 (http://ss42.local:36532/): Traceback (most recent call last):
  File "/opt/ros/kinetic/lib/python2.7/dist-packages/rospy/impl/tcpros_base.py", line 558, in connect
    self.local_endpoint = self.socket.getsockname()
AttributeError: 'NoneType' object has no attribute 'getsockname'

[rospy.core][INFO] 2021-10-22 13:00:55,709: signal_shutdown [atexit]
