[rospy.client][INFO] 2021-10-22 12:53:51,406: init_node, name[/ss42/logic_gate_node], pid[1644]
[xmlrpc][INFO] 2021-10-22 12:53:51,414: XML-RPC server binding to 0.0.0.0:0
[rospy.init][INFO] 2021-10-22 12:53:51,419: ROS Slave URI: [http://ss42.local:42368/]
[xmlrpc][INFO] 2021-10-22 12:53:51,421: Started XML-RPC server [http://ss42.local:42368/]
[rospy.impl.masterslave][INFO] 2021-10-22 12:53:51,422: _ready: http://ss42.local:42368/
[xmlrpc][INFO] 2021-10-22 12:53:51,425: xml rpc node: starting XML-RPC server
[rospy.registration][INFO] 2021-10-22 12:53:51,431: Registering with master node http://ss42.local:11311/
[rospy.init][INFO] 2021-10-22 12:53:51,521: registered with master
[rospy.rosout][INFO] 2021-10-22 12:53:51,524: initializing /rosout core topic
[rospy.rosout][INFO] 2021-10-22 12:53:51,629: connected to core topic /rosout
[rospy.simtime][INFO] 2021-10-22 12:53:51,689: /use_sim_time is not set, will not subscribe to simulated time [/clock] topic
[rospy.internal][INFO] 2021-10-22 12:53:51,853: topic[/rosout] adding connection to [/rosout], count 0
[rospy.internal][INFO] 2021-10-22 12:53:52,241: topic[/ss42/logic_gate_node/intersection_done_and_not_parallel_autonomy] adding connection to [/ss42/fsm_node], count 0
[rospy.internal][INFO] 2021-10-22 12:53:52,285: topic[/ss42/joy_mapper_node/parallel_autonomy] adding connection to [http://ss42.local:36532/], count 0
[rospy.internal][INFO] 2021-10-22 12:53:52,371: topic[/ss42/logic_gate_node/intersection_done_and_parallel_autonomy] adding connection to [/ss42/fsm_node], count 0
[rospy.core][INFO] 2021-10-22 13:00:54,641: signal_shutdown [signal-2]
[rosout][INFO] 2021-10-22 13:00:54,642: [/ss42/logic_gate_node] Shutting down.
[rospy.internal][INFO] 2021-10-22 13:00:54,669: topic[/ss42/logic_gate_node/intersection_done_and_not_parallel_autonomy] removing connection to /ss42/fsm_node
[rospy.internal][INFO] 2021-10-22 13:00:54,671: topic[/rosout] removing connection to /rosout
[rospy.internal][INFO] 2021-10-22 13:00:54,672: topic[/ss42/logic_gate_node/intersection_done_and_parallel_autonomy] removing connection to /ss42/fsm_node
[rospy.internal][INFO] 2021-10-22 13:00:54,677: topic[/ss42/joy_mapper_node/parallel_autonomy] removing connection to http://ss42.local:36532/
[rospy.impl.masterslave][INFO] 2021-10-22 13:00:54,678: signal-2
[rospy.core][INFO] 2021-10-22 13:00:54,795: signal_shutdown [atexit]
