[rospy.client][INFO] 2021-10-22 12:53:49,809: init_node, name[/ss42/joy_mapper_node], pid[1630]
[xmlrpc][INFO] 2021-10-22 12:53:49,819: XML-RPC server binding to 0.0.0.0:0
[xmlrpc][INFO] 2021-10-22 12:53:49,821: Started XML-RPC server [http://ss42.local:36532/]
[rospy.init][INFO] 2021-10-22 12:53:49,843: ROS Slave URI: [http://ss42.local:36532/]
[rospy.impl.masterslave][INFO] 2021-10-22 12:53:49,844: _ready: http://ss42.local:36532/
[rospy.registration][INFO] 2021-10-22 12:53:49,866: Registering with master node http://ss42.local:11311/
[xmlrpc][INFO] 2021-10-22 12:53:49,867: xml rpc node: starting XML-RPC server
[rospy.init][INFO] 2021-10-22 12:53:49,945: registered with master
[rospy.rosout][INFO] 2021-10-22 12:53:49,946: initializing /rosout core topic
[rospy.rosout][INFO] 2021-10-22 12:53:50,108: connected to core topic /rosout
[rospy.simtime][INFO] 2021-10-22 12:53:50,155: /use_sim_time is not set, will not subscribe to simulated time [/clock] topic
[rosout][INFO] 2021-10-22 12:53:50,258: [/ss42/joy_mapper_node] Initializing 
[rospy.internal][INFO] 2021-10-22 12:53:50,369: topic[/rosout] adding connection to [/rosout], count 0
[rosout][INFO] 2021-10-22 12:53:50,395: [/ss42/joy_mapper_node] ~speed_gain = 0.41 
[rosout][INFO] 2021-10-22 12:53:50,588: [/ss42/joy_mapper_node] ~steer_gain = 8.3 
[rosout][INFO] 2021-10-22 12:53:50,782: [/ss42/joy_mapper_node] ~bicycle_kinematics = 0.0 
[rosout][INFO] 2021-10-22 12:53:50,982: [/ss42/joy_mapper_node] ~steer_angle_gain = 1.04 
[rosout][INFO] 2021-10-22 12:53:51,191: [/ss42/joy_mapper_node] ~simulated_vehicle_length = 0.18 
[rospy.internal][INFO] 2021-10-22 12:53:51,866: topic[/ss42/wheels_driver_node/emergency_stop] adding connection to [/ss42/wheels_driver_node], count 0
[rospy.internal][INFO] 2021-10-22 12:53:51,995: topic[/ss42/joy] adding connection to [http://ss42.local:39968/], count 0
[rospy.internal][INFO] 2021-10-22 12:53:52,176: topic[/ss42/joy_mapper_node/car_cmd] adding connection to [/ss42/car_cmd_switch_node], count 0
[rospy.internal][INFO] 2021-10-22 12:53:52,343: topic[/ss42/joy_mapper_node/parallel_autonomy] adding connection to [/ss42/logic_gate_node], count 0
[rospy.internal][INFO] 2021-10-22 12:53:52,540: topic[/ss42/joy_mapper_node/joystick_override] adding connection to [/ss42/fsm_node], count 0
[rospy.internal][INFO] 2021-10-22 12:53:52,631: topic[/ss42/joy_mapper_node/parallel_autonomy] adding connection to [/ss42/fsm_node], count 1
[rospy.internal][INFO] 2021-10-22 12:53:52,748: topic[/ss42/joy_mapper_node/start_avoidance] adding connection to [/ss42/fsm_node], count 0
[rospy.internal][INFO] 2021-10-22 12:54:05,003: topic[/ss42/anti_instagram_node/click] adding connection to [/ss42/anti_instagram_node], count 0
[rosout][INFO] 2021-10-22 12:54:13,576: E-stop message
[rosout][INFO] 2021-10-22 12:54:13,597: E-stop message
[rosout][INFO] 2021-10-22 12:54:19,381: override_msg = False
[rosout][INFO] 2021-10-22 12:54:28,998: override_msg = True
[rosout][INFO] 2021-10-22 12:54:32,911: override_msg = False
[rosout][INFO] 2021-10-22 12:54:38,391: override_msg = True
[rosout][INFO] 2021-10-22 12:54:40,576: override_msg = False
[rosout][INFO] 2021-10-22 12:54:43,492: override_msg = True
[rosout][INFO] 2021-10-22 12:54:47,481: override_msg = False
[rosout][INFO] 2021-10-22 12:54:50,361: override_msg = True
[rosout][INFO] 2021-10-22 12:54:55,170: override_msg = False
[rosout][INFO] 2021-10-22 12:54:59,671: override_msg = True
[rosout][INFO] 2021-10-22 12:55:05,992: override_msg = False
[rosout][INFO] 2021-10-22 12:55:10,435: override_msg = True
[rosout][INFO] 2021-10-22 12:55:16,525: override_msg = False
[rosout][INFO] 2021-10-22 12:55:20,425: override_msg = True
[rosout][INFO] 2021-10-22 12:55:26,410: override_msg = False
[rosout][INFO] 2021-10-22 12:55:27,570: override_msg = True
[rosout][INFO] 2021-10-22 12:55:34,655: override_msg = False
[rosout][INFO] 2021-10-22 12:55:40,063: override_msg = True
[rosout][INFO] 2021-10-22 12:55:42,364: override_msg = False
[rosout][INFO] 2021-10-22 12:55:44,488: override_msg = True
[rosout][INFO] 2021-10-22 12:55:48,897: override_msg = False
[rosout][INFO] 2021-10-22 12:55:52,225: override_msg = True
[rosout][INFO] 2021-10-22 12:55:58,823: override_msg = False
[rosout][INFO] 2021-10-22 12:56:03,851: override_msg = True
[rosout][INFO] 2021-10-22 12:56:07,296: override_msg = False
[rosout][INFO] 2021-10-22 12:56:13,628: override_msg = True
[rosout][INFO] 2021-10-22 12:59:33,831: override_msg = False
[rosout][INFO] 2021-10-22 12:59:38,675: override_msg = True
[rosout][INFO] 2021-10-22 12:59:41,805: override_msg = False
[rosout][INFO] 2021-10-22 12:59:48,793: override_msg = True
[rosout][INFO] 2021-10-22 12:59:55,553: override_msg = False
[rosout][INFO] 2021-10-22 13:00:00,854: override_msg = True
[rosout][INFO] 2021-10-22 13:00:04,319: override_msg = False
[rosout][INFO] 2021-10-22 13:00:05,531: override_msg = True
[rosout][INFO] 2021-10-22 13:00:08,536: override_msg = False
[rosout][INFO] 2021-10-22 13:00:11,680: override_msg = True
[rosout][INFO] 2021-10-22 13:00:18,422: override_msg = False
[rosout][INFO] 2021-10-22 13:00:22,666: override_msg = True
[rospy.internal][INFO] 2021-10-22 13:00:54,522: topic[/ss42/anti_instagram_node/click] removing connection to /ss42/anti_instagram_node
[rospy.internal][INFO] 2021-10-22 13:00:55,025: topic[/ss42/joy_mapper_node/parallel_autonomy] removing connection to /ss42/logic_gate_node
[rospy.core][INFO] 2021-10-22 13:00:55,157: signal_shutdown [signal-2]
[rospy.internal][INFO] 2021-10-22 13:00:55,192: topic[/ss42/joy_mapper_node/car_cmd] removing connection to /ss42/car_cmd_switch_node
[rospy.internal][INFO] 2021-10-22 13:00:55,502: topic[/ss42/joy_mapper_node/joystick_override] removing connection to /ss42/fsm_node
[rospy.internal][INFO] 2021-10-22 13:00:55,522: topic[/ss42/wheels_driver_node/emergency_stop] removing connection to /ss42/wheels_driver_node
[rospy.internal][INFO] 2021-10-22 13:00:55,523: topic[/rosout] removing connection to /rosout
[rospy.internal][INFO] 2021-10-22 13:00:55,525: topic[/ss42/joy_mapper_node/parallel_autonomy] removing connection to /ss42/fsm_node
[rospy.internal][INFO] 2021-10-22 13:00:55,555: topic[/ss42/joy_mapper_node/start_avoidance] removing connection to /ss42/fsm_node
[rospy.internal][INFO] 2021-10-22 13:00:55,556: topic[/ss42/joy] removing connection to http://ss42.local:39968/
[rospy.internal][WARNING] 2021-10-22 13:00:55,601: Unknown error initiating TCP/IP socket to ss42.local:34256 (http://ss42.local:39968/): Traceback (most recent call last):
  File "/opt/ros/kinetic/lib/python2.7/dist-packages/rospy/impl/tcpros_base.py", line 555, in connect
    self.socket.connect((dest_addr, dest_port))
  File "/usr/lib/python2.7/socket.py", line 228, in meth
    return getattr(self._sock,name)(*args)
error: [Errno 111] Connection refused

[rospy.impl.masterslave][INFO] 2021-10-22 13:00:55,650: signal-2
[rospy.core][INFO] 2021-10-22 13:00:55,937: signal_shutdown [atexit]
