[rospy.client][INFO] 2021-10-22 12:53:59,716: [32minit_node, name[/ss42/lane_filter_node], pid[1662][0m
[xmlrpc][INFO] 2021-10-22 12:53:59,733: [32mXML-RPC server binding to 0.0.0.0:0[0m
[xmlrpc][INFO] 2021-10-22 12:53:59,743: [32mStarted XML-RPC server [http://ss42.local:42917/][0m
[rospy.init][INFO] 2021-10-22 12:53:59,743: [32mROS Slave URI: [http://ss42.local:42917/][0m
[rospy.impl.masterslave][INFO] 2021-10-22 12:53:59,745: [32m_ready: http://ss42.local:42917/[0m
[xmlrpc][INFO] 2021-10-22 12:53:59,756: [32mxml rpc node: starting XML-RPC server[0m
[rospy.registration][INFO] 2021-10-22 12:53:59,758: [32mRegistering with master node http://ss42.local:11311/[0m
[rospy.init][INFO] 2021-10-22 12:53:59,846: [32mregistered with master[0m
[rospy.rosout][INFO] 2021-10-22 12:53:59,848: [32minitializing /rosout core topic[0m
[rospy.rosout][INFO] 2021-10-22 12:54:00,659: [32mconnected to core topic /rosout[0m
[rospy.simtime][INFO] 2021-10-22 12:54:00,698: [32m/use_sim_time is not set, will not subscribe to simulated time [/clock] topic[0m
[rosout][INFO] 2021-10-22 12:54:00,834: [32m[Lane Filter] new filter config: ['lane_filter.LaneFilterHistogram', {'configuration': {'phi_max': 1.5, 'lanewidth': 0.23, 'mean_d_0': 0, 'min_max': 0.1, 'phi_min': -1.5, 'd_max': 0.3, 'sigma_phi_mask': 2.0, 'sigma_d_mask': 1.0, 'mean_phi_0': 0, 'sigma_phi_0': 0.1, 'linewidth_white': 0.05, 'linewidth_yellow': 0.025, 'delta_d': 0.02, 'd_min': -0.15, 'delta_phi': 0.1, 'sigma_d_0': 0.1, 'cov_v': 0.5}}][0m
[rospy.internal][INFO] 2021-10-22 12:54:01,452: [32mtopic[/rosout] adding connection to [/rosout], count 0[0m
[rospy.internal][INFO] 2021-10-22 12:54:05,030: [32mtopic[/ss42/ground_projection/lineseglist_out] adding connection to [http://ss42.local:44865/], count 0[0m
[rospy.internal][INFO] 2021-10-22 12:54:05,084: [32mtopic[/ss42/lane_filter_node/switch] adding connection to [http://ss42.local:40402/], count 0[0m
[rospy.internal][INFO] 2021-10-22 12:54:05,104: [32mtopic[/ss42/car_cmd_switch_node/cmd] adding connection to [http://ss42.local:34877/], count 0[0m
[rospy.internal][INFO] 2021-10-22 12:54:05,206: [32mtopic[/ss42/lane_filter_node/lane_pose] adding connection to [/ss42/lane_pose_visualizer_node], count 0[0m
[rospy.internal][INFO] 2021-10-22 12:54:05,261: [32mtopic[/ss42/lane_filter_node/lane_pose] adding connection to [/ss42/lane_controller_node], count 1[0m
[rospy.core][INFO] 2021-10-22 13:00:54,079: [32msignal_shutdown [signal-2][0m
[rosout][INFO] 2021-10-22 13:00:54,080: [32m[LaneFilterNode] Shutdown.[0m
[rospy.internal][INFO] 2021-10-22 13:00:54,126: [32mtopic[/ss42/lane_filter_node/lane_pose] removing connection to /ss42/lane_controller_node[0m
[rospy.internal][ERROR] 2021-10-22 13:00:54,394: [31mUnable to initiate TCP/IP socket to ss42.local:34108 (http://ss42.local:44865/): Traceback (most recent call last):
  File "/opt/ros/kinetic/lib/python2.7/dist-packages/rospy/impl/tcpros_base.py", line 557, in connect
    self.read_header()
  File "/opt/ros/kinetic/lib/python2.7/dist-packages/rospy/impl/tcpros_base.py", line 650, in read_header
    self._validate_header(read_ros_handshake_header(sock, self.read_buff, self.protocol.buff_size))
  File "/opt/ros/kinetic/lib/python2.7/dist-packages/rospy/impl/tcpros_base.py", line 593, in _validate_header
    raise TransportInitError("remote error reported: %s"%header['error'])
TransportInitError: remote error reported: node shutting down
[0m
[rospy.internal][INFO] 2021-10-22 13:00:54,406: [32mtopic[/ss42/lane_filter_node/lane_pose] removing connection to /ss42/lane_pose_visualizer_node[0m
[rospy.internal][INFO] 2021-10-22 13:00:54,410: [32mtopic[/rosout] removing connection to /rosout[0m
[rospy.internal][INFO] 2021-10-22 13:00:54,411: [32mtopic[/ss42/ground_projection/lineseglist_out] removing connection to http://ss42.local:44865/[0m
[rospy.internal][INFO] 2021-10-22 13:00:54,411: [32mtopic[/ss42/lane_filter_node/switch] removing connection to http://ss42.local:40402/[0m
[rospy.internal][INFO] 2021-10-22 13:00:54,414: [32mtopic[/ss42/car_cmd_switch_node/cmd] removing connection to http://ss42.local:34877/[0m
[rospy.impl.masterslave][INFO] 2021-10-22 13:00:54,415: [32msignal-2[0m
[rospy.core][INFO] 2021-10-22 13:00:54,730: [32msignal_shutdown [atexit][0m
