[rospy.client][INFO] 2021-10-22 12:53:51,135: init_node, name[/ss42/fake_coordinator_node], pid[1679]
[xmlrpc][INFO] 2021-10-22 12:53:51,153: XML-RPC server binding to 0.0.0.0:0
[xmlrpc][INFO] 2021-10-22 12:53:51,155: Started XML-RPC server [http://ss42.local:35495/]
[rospy.impl.masterslave][INFO] 2021-10-22 12:53:51,157: _ready: http://ss42.local:35495/
[rospy.init][INFO] 2021-10-22 12:53:51,159: ROS Slave URI: [http://ss42.local:35495/]
[rospy.registration][INFO] 2021-10-22 12:53:51,183: Registering with master node http://ss42.local:11311/
[xmlrpc][INFO] 2021-10-22 12:53:51,183: xml rpc node: starting XML-RPC server
[rospy.init][INFO] 2021-10-22 12:53:51,260: registered with master
[rospy.rosout][INFO] 2021-10-22 12:53:51,262: initializing /rosout core topic
[rospy.rosout][INFO] 2021-10-22 12:53:51,403: connected to core topic /rosout
[rospy.simtime][INFO] 2021-10-22 12:53:51,483: /use_sim_time is not set, will not subscribe to simulated time [/clock] topic
[rospy.internal][INFO] 2021-10-22 12:53:51,641: topic[/rosout] adding connection to [/rosout], count 0
[rospy.internal][INFO] 2021-10-22 12:53:51,896: topic[/ss42/fsm_node/mode] adding connection to [http://ss42.local:40402/], count 0
[rospy.internal][INFO] 2021-10-22 12:53:52,172: topic[/ss42/simple_coordinator_node/car_cmd] adding connection to [/ss42/car_cmd_switch_node], count 0
[rospy.internal][INFO] 2021-10-22 12:53:52,872: topic[/ss42/simple_coordinator_node/intersection_go] adding connection to [/ss42/fsm_node], count 0
[rospy.core][INFO] 2021-10-22 13:00:54,045: signal_shutdown [signal-2]
[rosout][INFO] 2021-10-22 13:00:54,049: [LaneFilterNode] Shutdown.
[rospy.internal][INFO] 2021-10-22 13:00:54,100: topic[/ss42/simple_coordinator_node/intersection_go] removing connection to /ss42/fsm_node
[rospy.internal][INFO] 2021-10-22 13:00:54,107: topic[/rosout] removing connection to /rosout
[rospy.internal][INFO] 2021-10-22 13:00:54,114: topic[/ss42/simple_coordinator_node/car_cmd] removing connection to /ss42/car_cmd_switch_node
[rospy.internal][INFO] 2021-10-22 13:00:54,118: topic[/ss42/fsm_node/mode] removing connection to http://ss42.local:40402/
[rospy.impl.masterslave][INFO] 2021-10-22 13:00:54,122: signal-2
[rospy.core][INFO] 2021-10-22 13:00:54,693: signal_shutdown [atexit]
