[rospy.client][INFO] 2021-10-22 12:54:05,776: [32minit_node, name[/ss42/line_detector_node], pid[1652][0m
[xmlrpc][INFO] 2021-10-22 12:54:05,779: [32mXML-RPC server binding to 0.0.0.0:0[0m
[xmlrpc][INFO] 2021-10-22 12:54:05,783: [32mStarted XML-RPC server [http://ss42.local:33986/][0m
[rospy.init][INFO] 2021-10-22 12:54:05,784: [32mROS Slave URI: [http://ss42.local:33986/][0m
[rospy.impl.masterslave][INFO] 2021-10-22 12:54:05,785: [32m_ready: http://ss42.local:33986/[0m
[xmlrpc][INFO] 2021-10-22 12:54:05,790: [32mxml rpc node: starting XML-RPC server[0m
[rospy.registration][INFO] 2021-10-22 12:54:05,791: [32mRegistering with master node http://ss42.local:11311/[0m
[rospy.init][INFO] 2021-10-22 12:54:05,886: [32mregistered with master[0m
[rospy.rosout][INFO] 2021-10-22 12:54:05,887: [32minitializing /rosout core topic[0m
[rospy.rosout][INFO] 2021-10-22 12:54:05,907: [32mconnected to core topic /rosout[0m
[rospy.simtime][INFO] 2021-10-22 12:54:05,919: [32m/use_sim_time is not set, will not subscribe to simulated time [/clock] topic[0m
[rosout][INFO] 2021-10-22 12:54:05,959: [32m[LineDetectorNode] Verbose is now False[0m
[rosout][INFO] 2021-10-22 12:54:06,017: [32m[LineDetectorNode] new detector config: ['line_detector.LineDetectorHSV', {'configuration': {'hough_max_line_gap': 1, 'dilation_kernel_size': 3, 'hsv_yellow1': [25, 140, 100], 'hsv_yellow2': [45, 255, 255], 'hsv_white1': [0, 0, 150], 'hsv_white2': [180, 60, 255], 'hough_min_line_length': 3, 'hough_threshold': 2, 'canny_thresholds': [80, 200], 'hsv_red4': [180, 255, 255], 'hsv_red1': [0, 140, 100], 'hsv_red3': [165, 140, 100], 'hsv_red2': [15, 255, 255]}}][0m
[rospy.internal][INFO] 2021-10-22 12:54:06,105: [32mtopic[/ss42/line_detector_node/segment_list] adding connection to [/ss42/ground_projection], count 0[0m
[rospy.internal][INFO] 2021-10-22 12:54:06,159: [32mtopic[/ss42/camera_node/image/compressed] adding connection to [http://ss42.local:43612/], count 0[0m
[rospy.internal][INFO] 2021-10-22 12:54:06,166: [32mtopic[/rosout] adding connection to [/rosout], count 0[0m
[rosout][INFO] 2021-10-22 12:54:06,177: [32m[LineDetectorNode] Initialized (verbose = False).[0m
[rospy.internal][INFO] 2021-10-22 12:54:06,206: [32mtopic[/ss42/anti_instagram_node/transform] adding connection to [http://ss42.local:39782/], count 0[0m
[rospy.internal][INFO] 2021-10-22 12:54:06,210: [32mtopic[/ss42/line_detector_node/switch] adding connection to [http://ss42.local:40402/], count 0[0m
[rosout][INFO] 2021-10-22 12:54:06,236: [32mline_detector_node received first image.[0m
[rosout][INFO] 2021-10-22 12:54:06,240: [32mline_detector_node processing first image.[0m
[rosout][INFO] 2021-10-22 12:54:06,659: [32m[LineDetectorNode]   1:# segments: white   0 yellow   0 red   1[0m
[rosout][INFO] 2021-10-22 12:54:06,662: [32m[LineDetectorNode]   1:
Latencies:
               acquired | total latency    15.6 ms | delta wall     None clock     None
                decoded | total latency   149.7 ms | delta wall 134.1 ms clock  59.6 ms
                resized | total latency   311.3 ms | delta wall 161.5 ms clock  24.0 ms
              corrected | total latency   335.4 ms | delta wall  24.2 ms clock  10.6 ms
               detected | total latency   430.8 ms | delta wall  95.4 ms clock  25.2 ms
               prepared | total latency   433.0 ms | delta wall   2.2 ms clock   2.2 ms
          --pub_lines-- | total latency   433.4 ms | delta wall   0.5 ms clock   0.6 ms
[0m
[rosout][INFO] 2021-10-22 12:54:06,690: [32m[LineDetectorNode]   1:In the last 0.7 s: received 15 (20.3 fps) processed 2 (2.7 fps) skipped 13 (17.6 fps) (87%)[0m
[rosout][INFO] 2021-10-22 12:54:15,867: [32m[LineDetectorNode] 101:# segments: white   0 yellow   0 red   0[0m
[rosout][INFO] 2021-10-22 12:54:15,871: [32m[LineDetectorNode] 101:
Latencies:
               acquired | total latency     4.8 ms | delta wall     None clock     None
                decoded | total latency    54.8 ms | delta wall  50.0 ms clock  43.6 ms
                resized | total latency    57.7 ms | delta wall   2.9 ms clock   1.6 ms
              corrected | total latency    62.3 ms | delta wall   4.6 ms clock   4.4 ms
               detected | total latency    80.7 ms | delta wall  18.3 ms clock  21.5 ms
               prepared | total latency    84.4 ms | delta wall   3.7 ms clock   3.5 ms
          --pub_lines-- | total latency    84.9 ms | delta wall   0.5 ms clock   0.5 ms
[0m
[rosout][INFO] 2021-10-22 12:54:15,892: [32m[LineDetectorNode] 101:In the last 9.2 s: received 276 (30.0 fps) processed 100 (10.9 fps) skipped 176 (19.1 fps) (64%)[0m
[rosout][INFO] 2021-10-22 12:54:24,586: [32m[LineDetectorNode] 201:# segments: white   7 yellow   0 red   0[0m
[rosout][INFO] 2021-10-22 12:54:24,589: [32m[LineDetectorNode] 201:
Latencies:
               acquired | total latency     3.8 ms | delta wall     None clock     None
                decoded | total latency    22.1 ms | delta wall  18.3 ms clock  18.3 ms
                resized | total latency    22.9 ms | delta wall   0.8 ms clock   0.8 ms
              corrected | total latency    25.1 ms | delta wall   2.2 ms clock   2.2 ms
               detected | total latency    33.4 ms | delta wall   8.2 ms clock   9.7 ms
               prepared | total latency    35.9 ms | delta wall   2.5 ms clock   2.4 ms
          --pub_lines-- | total latency    36.7 ms | delta wall   0.8 ms clock   0.7 ms
[0m
[rosout][INFO] 2021-10-22 12:54:24,623: [32m[LineDetectorNode] 201:In the last 8.7 s: received 180 (20.6 fps) processed 100 (11.5 fps) skipped 80 (9.2 fps) (44%)[0m
[rosout][INFO] 2021-10-22 12:54:31,975: [32m[LineDetectorNode] 301:# segments: white   0 yellow   0 red   0[0m
[rosout][INFO] 2021-10-22 12:54:31,978: [32m[LineDetectorNode] 301:
Latencies:
               acquired | total latency     6.1 ms | delta wall     None clock     None
                decoded | total latency    61.6 ms | delta wall  55.5 ms clock  42.5 ms
                resized | total latency    63.3 ms | delta wall   1.6 ms clock   1.4 ms
              corrected | total latency    67.6 ms | delta wall   4.3 ms clock   4.4 ms
               detected | total latency    86.0 ms | delta wall  18.4 ms clock  20.1 ms
               prepared | total latency    88.9 ms | delta wall   2.9 ms clock   3.3 ms
          --pub_lines-- | total latency    89.6 ms | delta wall   0.7 ms clock   0.6 ms
[0m
[rosout][INFO] 2021-10-22 12:54:32,003: [32m[LineDetectorNode] 301:In the last 7.4 s: received 148 (20.1 fps) processed 100 (13.6 fps) skipped 48 (6.5 fps) (32%)[0m
[rosout][INFO] 2021-10-22 12:54:39,260: [32m[LineDetectorNode] 401:# segments: white   0 yellow   0 red   0[0m
[rosout][INFO] 2021-10-22 12:54:39,262: [32m[LineDetectorNode] 401:
Latencies:
               acquired | total latency     4.9 ms | delta wall     None clock     None
                decoded | total latency    27.4 ms | delta wall  22.5 ms clock  20.8 ms
                resized | total latency    28.3 ms | delta wall   0.9 ms clock   0.9 ms
              corrected | total latency    31.5 ms | delta wall   3.2 ms clock   2.5 ms
               detected | total latency    41.9 ms | delta wall  10.4 ms clock  11.5 ms
               prepared | total latency    43.7 ms | delta wall   1.8 ms clock   1.9 ms
          --pub_lines-- | total latency    44.2 ms | delta wall   0.5 ms clock   0.5 ms
[0m
[rosout][INFO] 2021-10-22 12:54:39,289: [32m[LineDetectorNode] 401:In the last 7.3 s: received 125 (17.2 fps) processed 100 (13.7 fps) skipped 25 (3.4 fps) (20%)[0m
[rosout][INFO] 2021-10-22 12:54:47,256: [32m[LineDetectorNode] 501:# segments: white   0 yellow   0 red   0[0m
[rosout][INFO] 2021-10-22 12:54:47,261: [32m[LineDetectorNode] 501:
Latencies:
               acquired | total latency    11.1 ms | delta wall     None clock     None
                decoded | total latency    50.3 ms | delta wall  39.2 ms clock  39.3 ms
                resized | total latency    51.3 ms | delta wall   0.9 ms clock   0.9 ms
              corrected | total latency    55.6 ms | delta wall   4.4 ms clock   4.4 ms
               detected | total latency    75.7 ms | delta wall  20.1 ms clock  22.0 ms
               prepared | total latency    80.0 ms | delta wall   4.3 ms clock   4.1 ms
          --pub_lines-- | total latency    80.6 ms | delta wall   0.6 ms clock   0.8 ms
[0m
[rosout][INFO] 2021-10-22 12:54:47,286: [32m[LineDetectorNode] 501:In the last 8.0 s: received 184 (23.0 fps) processed 100 (12.5 fps) skipped 84 (10.5 fps) (46%)[0m
[rosout][INFO] 2021-10-22 12:54:56,230: [32m[LineDetectorNode] 601:# segments: white  46 yellow   0 red   0[0m
[rosout][INFO] 2021-10-22 12:54:56,239: [32m[LineDetectorNode] 601:
Latencies:
               acquired | total latency    10.0 ms | delta wall     None clock     None
                decoded | total latency    58.9 ms | delta wall  48.9 ms clock  40.7 ms
                resized | total latency    60.3 ms | delta wall   1.5 ms clock   1.4 ms
              corrected | total latency    73.4 ms | delta wall  13.0 ms clock   8.8 ms
               detected | total latency   108.6 ms | delta wall  35.2 ms clock  40.2 ms
               prepared | total latency   118.6 ms | delta wall  10.1 ms clock  11.4 ms
          --pub_lines-- | total latency   122.2 ms | delta wall   3.6 ms clock   4.0 ms
[0m
[rosout][INFO] 2021-10-22 12:54:56,259: [32m[LineDetectorNode] 601:In the last 9.0 s: received 195 (21.7 fps) processed 100 (11.1 fps) skipped 95 (10.6 fps) (49%)[0m
[rosout][INFO] 2021-10-22 12:55:05,436: [32m[LineDetectorNode] 701:# segments: white   0 yellow   0 red   0[0m
[rosout][INFO] 2021-10-22 12:55:05,439: [32m[LineDetectorNode] 701:
Latencies:
               acquired | total latency     5.9 ms | delta wall     None clock     None
                decoded | total latency    53.2 ms | delta wall  47.4 ms clock  42.3 ms
                resized | total latency    54.8 ms | delta wall   1.6 ms clock   1.4 ms
              corrected | total latency    59.0 ms | delta wall   4.2 ms clock   4.2 ms
               detected | total latency    77.0 ms | delta wall  18.0 ms clock  20.9 ms
               prepared | total latency    80.1 ms | delta wall   3.1 ms clock   3.4 ms
          --pub_lines-- | total latency    80.7 ms | delta wall   0.6 ms clock   0.7 ms
[0m
[rosout][INFO] 2021-10-22 12:55:05,461: [32m[LineDetectorNode] 701:In the last 9.2 s: received 217 (23.6 fps) processed 100 (10.9 fps) skipped 117 (12.7 fps) (54%)[0m
[rosout][INFO] 2021-10-22 12:55:12,292: [32m[LineDetectorNode] 801:# segments: white   0 yellow   0 red   0[0m
[rosout][INFO] 2021-10-22 12:55:12,295: [32m[LineDetectorNode] 801:
Latencies:
               acquired | total latency     4.5 ms | delta wall     None clock     None
                decoded | total latency    25.4 ms | delta wall  20.9 ms clock  20.1 ms
                resized | total latency    26.3 ms | delta wall   0.9 ms clock   0.9 ms
              corrected | total latency    28.6 ms | delta wall   2.3 ms clock   2.3 ms
               detected | total latency    41.5 ms | delta wall  13.0 ms clock  12.5 ms
               prepared | total latency    43.6 ms | delta wall   2.1 ms clock   1.9 ms
          --pub_lines-- | total latency    44.0 ms | delta wall   0.4 ms clock   0.4 ms
[0m
[rosout][INFO] 2021-10-22 12:55:12,320: [32m[LineDetectorNode] 801:In the last 6.9 s: received 128 (18.7 fps) processed 100 (14.6 fps) skipped 28 (4.1 fps) (22%)[0m
[rosout][INFO] 2021-10-22 12:55:19,961: [32m[LineDetectorNode] 901:# segments: white  16 yellow   0 red   0[0m
[rosout][INFO] 2021-10-22 12:55:19,965: [32m[LineDetectorNode] 901:
Latencies:
               acquired | total latency     4.8 ms | delta wall     None clock     None
                decoded | total latency    25.6 ms | delta wall  20.8 ms clock  20.3 ms
                resized | total latency    26.5 ms | delta wall   0.9 ms clock   0.8 ms
              corrected | total latency    28.8 ms | delta wall   2.2 ms clock   2.2 ms
               detected | total latency    38.2 ms | delta wall   9.4 ms clock  11.1 ms
               prepared | total latency    41.3 ms | delta wall   3.1 ms clock   2.9 ms
          --pub_lines-- | total latency    42.9 ms | delta wall   1.6 ms clock   1.1 ms
[0m
[rosout][INFO] 2021-10-22 12:55:19,995: [32m[LineDetectorNode] 901:In the last 7.7 s: received 174 (22.7 fps) processed 100 (13.0 fps) skipped 74 (9.6 fps) (43%)[0m
[rosout][INFO] 2021-10-22 12:55:28,945: [32m[LineDetectorNode] 1001:# segments: white   0 yellow   0 red   0[0m
[rosout][INFO] 2021-10-22 12:55:28,947: [32m[LineDetectorNode] 1001:
Latencies:
               acquired | total latency     6.5 ms | delta wall     None clock     None
                decoded | total latency    26.9 ms | delta wall  20.5 ms clock  20.3 ms
                resized | total latency    29.3 ms | delta wall   2.4 ms clock   0.9 ms
              corrected | total latency    31.8 ms | delta wall   2.5 ms clock   2.5 ms
               detected | total latency    42.0 ms | delta wall  10.2 ms clock  12.1 ms
               prepared | total latency    44.3 ms | delta wall   2.3 ms clock   1.9 ms
          --pub_lines-- | total latency    44.7 ms | delta wall   0.5 ms clock   0.3 ms
[0m
[rosout][INFO] 2021-10-22 12:55:28,973: [32m[LineDetectorNode] 1001:In the last 9.0 s: received 226 (25.2 fps) processed 100 (11.1 fps) skipped 126 (14.0 fps) (56%)[0m
[rosout][INFO] 2021-10-22 12:55:36,340: [32m[LineDetectorNode] 1101:# segments: white  26 yellow   0 red   0[0m
[rosout][INFO] 2021-10-22 12:55:36,343: [32m[LineDetectorNode] 1101:
Latencies:
               acquired | total latency     4.9 ms | delta wall     None clock     None
                decoded | total latency    26.7 ms | delta wall  21.8 ms clock  20.8 ms
                resized | total latency    27.5 ms | delta wall   0.8 ms clock   0.8 ms
              corrected | total latency    29.8 ms | delta wall   2.3 ms clock   2.3 ms
               detected | total latency    40.6 ms | delta wall  10.7 ms clock  12.0 ms
               prepared | total latency    44.4 ms | delta wall   3.8 ms clock   3.3 ms
          --pub_lines-- | total latency    45.7 ms | delta wall   1.3 ms clock   1.4 ms
[0m
[rosout][INFO] 2021-10-22 12:55:36,370: [32m[LineDetectorNode] 1101:In the last 7.4 s: received 192 (26.0 fps) processed 100 (13.5 fps) skipped 92 (12.4 fps) (48%)[0m
[rosout][INFO] 2021-10-22 12:55:44,347: [32m[LineDetectorNode] 1201:# segments: white  13 yellow   0 red   0[0m
[rosout][INFO] 2021-10-22 12:55:44,350: [32m[LineDetectorNode] 1201:
Latencies:
               acquired | total latency     4.8 ms | delta wall     None clock     None
                decoded | total latency    24.4 ms | delta wall  19.6 ms clock  20.1 ms
                resized | total latency    25.3 ms | delta wall   0.9 ms clock   0.9 ms
              corrected | total latency    27.4 ms | delta wall   2.2 ms clock   2.2 ms
               detected | total latency    38.4 ms | delta wall  11.0 ms clock  10.3 ms
               prepared | total latency    40.9 ms | delta wall   2.5 ms clock   2.6 ms
          --pub_lines-- | total latency    41.6 ms | delta wall   0.7 ms clock   0.7 ms
[0m
[rosout][INFO] 2021-10-22 12:55:44,379: [32m[LineDetectorNode] 1201:In the last 8.0 s: received 143 (17.9 fps) processed 100 (12.5 fps) skipped 43 (5.4 fps) (30%)[0m
[rosout][INFO] 2021-10-22 12:55:52,174: [32m[LineDetectorNode] 1301:# segments: white   2 yellow   0 red   0[0m
[rosout][INFO] 2021-10-22 12:55:52,176: [32m[LineDetectorNode] 1301:
Latencies:
               acquired | total latency     4.3 ms | delta wall     None clock     None
                decoded | total latency    24.3 ms | delta wall  20.0 ms clock  19.8 ms
                resized | total latency    25.1 ms | delta wall   0.8 ms clock   0.8 ms
              corrected | total latency    27.6 ms | delta wall   2.5 ms clock   2.4 ms
               detected | total latency    37.3 ms | delta wall   9.7 ms clock   9.5 ms
               prepared | total latency    39.3 ms | delta wall   2.1 ms clock   2.3 ms
          --pub_lines-- | total latency    39.7 ms | delta wall   0.4 ms clock   0.4 ms
[0m
[rosout][INFO] 2021-10-22 12:55:52,210: [32m[LineDetectorNode] 1301:In the last 7.8 s: received 173 (22.1 fps) processed 100 (12.8 fps) skipped 73 (9.3 fps) (42%)[0m
[rosout][INFO] 2021-10-22 12:56:01,147: [32m[LineDetectorNode] 1401:# segments: white   8 yellow   0 red   0[0m
[rosout][INFO] 2021-10-22 12:56:01,153: [32m[LineDetectorNode] 1401:
Latencies:
               acquired | total latency     5.3 ms | delta wall     None clock     None
                decoded | total latency    25.9 ms | delta wall  20.6 ms clock  20.1 ms
                resized | total latency    26.7 ms | delta wall   0.8 ms clock   0.8 ms
              corrected | total latency    28.9 ms | delta wall   2.2 ms clock   2.2 ms
               detected | total latency    37.9 ms | delta wall   9.0 ms clock  10.6 ms
               prepared | total latency    40.4 ms | delta wall   2.5 ms clock   2.5 ms
          --pub_lines-- | total latency    43.8 ms | delta wall   3.3 ms clock   0.8 ms
[0m
[rosout][INFO] 2021-10-22 12:56:01,179: [32m[LineDetectorNode] 1401:In the last 9.0 s: received 222 (24.8 fps) processed 100 (11.2 fps) skipped 122 (13.6 fps) (55%)[0m
[rosout][INFO] 2021-10-22 12:56:08,960: [32m[LineDetectorNode] 1501:# segments: white  27 yellow   0 red   0[0m
[rosout][INFO] 2021-10-22 12:56:08,963: [32m[LineDetectorNode] 1501:
Latencies:
               acquired | total latency    10.3 ms | delta wall     None clock     None
                decoded | total latency    31.6 ms | delta wall  21.2 ms clock  20.4 ms
                resized | total latency    32.4 ms | delta wall   0.8 ms clock   0.8 ms
              corrected | total latency    34.6 ms | delta wall   2.2 ms clock   2.2 ms
               detected | total latency    46.8 ms | delta wall  12.2 ms clock  12.2 ms
               prepared | total latency    50.0 ms | delta wall   3.3 ms clock   3.2 ms
          --pub_lines-- | total latency    51.3 ms | delta wall   1.2 ms clock   1.2 ms
[0m
[rosout][INFO] 2021-10-22 12:56:08,984: [32m[LineDetectorNode] 1501:In the last 7.8 s: received 157 (20.1 fps) processed 100 (12.8 fps) skipped 57 (7.3 fps) (36%)[0m
[rosout][INFO] 2021-10-22 12:56:16,361: [32m[LineDetectorNode] 1601:# segments: white   0 yellow   0 red   0[0m
[rosout][INFO] 2021-10-22 12:56:16,364: [32m[LineDetectorNode] 1601:
Latencies:
               acquired | total latency     7.5 ms | delta wall     None clock     None
                decoded | total latency    55.1 ms | delta wall  47.6 ms clock  44.3 ms
                resized | total latency    56.7 ms | delta wall   1.7 ms clock   1.4 ms
              corrected | total latency    62.6 ms | delta wall   5.9 ms clock   4.5 ms
               detected | total latency    80.2 ms | delta wall  17.6 ms clock  20.7 ms
               prepared | total latency    83.6 ms | delta wall   3.3 ms clock   3.6 ms
          --pub_lines-- | total latency    84.2 ms | delta wall   0.6 ms clock   0.7 ms
[0m
[rosout][INFO] 2021-10-22 12:56:16,387: [32m[LineDetectorNode] 1601:In the last 7.4 s: received 145 (19.6 fps) processed 100 (13.5 fps) skipped 45 (6.1 fps) (31%)[0m
[rosout][INFO] 2021-10-22 12:56:23,743: [32m[LineDetectorNode] 1701:# segments: white   0 yellow   0 red   0[0m
[rosout][INFO] 2021-10-22 12:56:23,747: [32m[LineDetectorNode] 1701:
Latencies:
               acquired | total latency     3.9 ms | delta wall     None clock     None
                decoded | total latency    24.3 ms | delta wall  20.4 ms clock  19.8 ms
                resized | total latency    25.2 ms | delta wall   0.9 ms clock   0.9 ms
              corrected | total latency    27.5 ms | delta wall   2.3 ms clock   2.3 ms
               detected | total latency    37.0 ms | delta wall   9.4 ms clock   8.9 ms
               prepared | total latency    40.8 ms | delta wall   3.8 ms clock   4.1 ms
          --pub_lines-- | total latency    41.2 ms | delta wall   0.5 ms clock   0.4 ms
[0m
[rosout][INFO] 2021-10-22 12:56:23,777: [32m[LineDetectorNode] 1701:In the last 7.4 s: received 222 (30.1 fps) processed 100 (13.5 fps) skipped 122 (16.5 fps) (55%)[0m
[rosout][INFO] 2021-10-22 12:56:29,349: [32m[LineDetectorNode] 1801:# segments: white   1 yellow   0 red   0[0m
[rosout][INFO] 2021-10-22 12:56:29,352: [32m[LineDetectorNode] 1801:
Latencies:
               acquired | total latency     7.0 ms | delta wall     None clock     None
                decoded | total latency    30.0 ms | delta wall  22.9 ms clock  20.6 ms
                resized | total latency    30.8 ms | delta wall   0.9 ms clock   0.8 ms
              corrected | total latency    33.3 ms | delta wall   2.5 ms clock   2.6 ms
               detected | total latency    45.6 ms | delta wall  12.3 ms clock  12.5 ms
               prepared | total latency    47.6 ms | delta wall   2.0 ms clock   2.3 ms
          --pub_lines-- | total latency    48.0 ms | delta wall   0.4 ms clock   0.4 ms
[0m
[rosout][INFO] 2021-10-22 12:56:29,373: [32m[LineDetectorNode] 1801:In the last 5.6 s: received 168 (30.0 fps) processed 100 (17.9 fps) skipped 68 (12.2 fps) (40%)[0m
[rosout][INFO] 2021-10-22 12:56:35,013: [32m[LineDetectorNode] 1901:# segments: white   1 yellow   0 red   0[0m
[rosout][INFO] 2021-10-22 12:56:35,018: [32m[LineDetectorNode] 1901:
Latencies:
               acquired | total latency     4.0 ms | delta wall     None clock     None
                decoded | total latency    24.6 ms | delta wall  20.6 ms clock  18.5 ms
                resized | total latency    25.3 ms | delta wall   0.7 ms clock   0.6 ms
              corrected | total latency    30.8 ms | delta wall   5.5 ms clock   2.7 ms
               detected | total latency    45.9 ms | delta wall  15.1 ms clock  12.9 ms
               prepared | total latency    48.3 ms | delta wall   2.4 ms clock   2.3 ms
          --pub_lines-- | total latency    48.7 ms | delta wall   0.4 ms clock   0.5 ms
[0m
[rosout][INFO] 2021-10-22 12:56:35,038: [32m[LineDetectorNode] 1901:In the last 5.7 s: received 170 (30.0 fps) processed 100 (17.7 fps) skipped 70 (12.4 fps) (41%)[0m
[rosout][INFO] 2021-10-22 12:56:40,806: [32m[LineDetectorNode] 2001:# segments: white   1 yellow   0 red   0[0m
[rosout][INFO] 2021-10-22 12:56:40,809: [32m[LineDetectorNode] 2001:
Latencies:
               acquired | total latency     4.2 ms | delta wall     None clock     None
                decoded | total latency    25.0 ms | delta wall  20.9 ms clock  20.2 ms
                resized | total latency    25.9 ms | delta wall   0.9 ms clock   0.8 ms
              corrected | total latency    28.2 ms | delta wall   2.3 ms clock   2.3 ms
               detected | total latency    42.2 ms | delta wall  14.0 ms clock  12.5 ms
               prepared | total latency    44.7 ms | delta wall   2.6 ms clock   2.3 ms
          --pub_lines-- | total latency    45.3 ms | delta wall   0.6 ms clock   0.6 ms
[0m
[rosout][INFO] 2021-10-22 12:56:40,835: [32m[LineDetectorNode] 2001:In the last 5.8 s: received 174 (30.0 fps) processed 100 (17.3 fps) skipped 74 (12.8 fps) (43%)[0m
[rosout][INFO] 2021-10-22 12:56:46,398: [32m[LineDetectorNode] 2101:# segments: white   2 yellow   0 red   0[0m
[rosout][INFO] 2021-10-22 12:56:46,403: [32m[LineDetectorNode] 2101:
Latencies:
               acquired | total latency     4.1 ms | delta wall     None clock     None
                decoded | total latency    25.0 ms | delta wall  21.0 ms clock  20.2 ms
                resized | total latency    25.9 ms | delta wall   0.9 ms clock   0.9 ms
              corrected | total latency    28.2 ms | delta wall   2.2 ms clock   2.2 ms
               detected | total latency    35.8 ms | delta wall   7.6 ms clock   9.9 ms
               prepared | total latency    42.5 ms | delta wall   6.7 ms clock   6.0 ms
          --pub_lines-- | total latency    42.9 ms | delta wall   0.4 ms clock   0.4 ms
[0m
[rosout][INFO] 2021-10-22 12:56:46,432: [32m[LineDetectorNode] 2101:In the last 5.6 s: received 168 (30.0 fps) processed 100 (17.9 fps) skipped 68 (12.2 fps) (40%)[0m
[rosout][INFO] 2021-10-22 12:56:52,031: [32m[LineDetectorNode] 2201:# segments: white   3 yellow   0 red   0[0m
[rosout][INFO] 2021-10-22 12:56:52,039: [32m[LineDetectorNode] 2201:
Latencies:
               acquired | total latency     6.4 ms | delta wall     None clock     None
                decoded | total latency    24.9 ms | delta wall  18.5 ms clock  18.6 ms
                resized | total latency    25.6 ms | delta wall   0.7 ms clock   0.6 ms
              corrected | total latency    27.9 ms | delta wall   2.2 ms clock   2.2 ms
               detected | total latency    39.7 ms | delta wall  11.9 ms clock  12.4 ms
               prepared | total latency    47.1 ms | delta wall   7.3 ms clock   2.4 ms
          --pub_lines-- | total latency    47.6 ms | delta wall   0.5 ms clock   0.6 ms
[0m
[rosout][INFO] 2021-10-22 12:56:52,063: [32m[LineDetectorNode] 2201:In the last 5.6 s: received 169 (30.0 fps) processed 100 (17.8 fps) skipped 69 (12.3 fps) (41%)[0m
[rosout][INFO] 2021-10-22 12:56:57,770: [32m[LineDetectorNode] 2301:# segments: white   2 yellow   0 red   0[0m
[rosout][INFO] 2021-10-22 12:56:57,772: [32m[LineDetectorNode] 2301:
Latencies:
               acquired | total latency    10.0 ms | delta wall     None clock     None
                decoded | total latency    31.4 ms | delta wall  21.4 ms clock  20.5 ms
                resized | total latency    33.2 ms | delta wall   1.7 ms clock   0.9 ms
              corrected | total latency    39.3 ms | delta wall   6.1 ms clock   5.6 ms
               detected | total latency    46.7 ms | delta wall   7.4 ms clock   9.7 ms
               prepared | total latency    48.8 ms | delta wall   2.1 ms clock   2.1 ms
          --pub_lines-- | total latency    49.3 ms | delta wall   0.5 ms clock   0.5 ms
[0m
[rosout][INFO] 2021-10-22 12:56:57,792: [32m[LineDetectorNode] 2301:In the last 5.7 s: received 172 (30.0 fps) processed 100 (17.5 fps) skipped 72 (12.6 fps) (42%)[0m
[rosout][INFO] 2021-10-22 12:57:03,623: [32m[LineDetectorNode] 2401:# segments: white   2 yellow   0 red   0[0m
[rosout][INFO] 2021-10-22 12:57:03,626: [32m[LineDetectorNode] 2401:
Latencies:
               acquired | total latency     4.5 ms | delta wall     None clock     None
                decoded | total latency    24.4 ms | delta wall  19.9 ms clock  19.9 ms
                resized | total latency    25.4 ms | delta wall   1.0 ms clock   1.0 ms
              corrected | total latency    27.7 ms | delta wall   2.3 ms clock   2.3 ms
               detected | total latency    36.2 ms | delta wall   8.5 ms clock  10.5 ms
               prepared | total latency    41.0 ms | delta wall   4.8 ms clock   3.4 ms
          --pub_lines-- | total latency    41.4 ms | delta wall   0.4 ms clock   0.4 ms
[0m
[rosout][INFO] 2021-10-22 12:57:03,655: [32m[LineDetectorNode] 2401:In the last 5.9 s: received 176 (30.0 fps) processed 100 (17.1 fps) skipped 76 (13.0 fps) (43%)[0m
[rosout][INFO] 2021-10-22 12:57:09,262: [32m[LineDetectorNode] 2501:# segments: white   1 yellow   0 red   0[0m
[rosout][INFO] 2021-10-22 12:57:09,265: [32m[LineDetectorNode] 2501:
Latencies:
               acquired | total latency     7.7 ms | delta wall     None clock     None
                decoded | total latency    29.7 ms | delta wall  22.0 ms clock  20.3 ms
                resized | total latency    30.8 ms | delta wall   1.0 ms clock   0.9 ms
              corrected | total latency    35.6 ms | delta wall   4.9 ms clock   3.2 ms
               detected | total latency    44.0 ms | delta wall   8.3 ms clock  11.1 ms
               prepared | total latency    46.6 ms | delta wall   2.7 ms clock   2.3 ms
          --pub_lines-- | total latency    47.0 ms | delta wall   0.4 ms clock   0.5 ms
[0m
[rosout][INFO] 2021-10-22 12:57:09,286: [32m[LineDetectorNode] 2501:In the last 5.6 s: received 169 (30.0 fps) processed 100 (17.8 fps) skipped 69 (12.3 fps) (41%)[0m
[rosout][INFO] 2021-10-22 12:57:15,128: [32m[LineDetectorNode] 2601:# segments: white   3 yellow   0 red   0[0m
[rosout][INFO] 2021-10-22 12:57:15,130: [32m[LineDetectorNode] 2601:
Latencies:
               acquired | total latency     6.7 ms | delta wall     None clock     None
                decoded | total latency    29.7 ms | delta wall  23.0 ms clock  21.1 ms
                resized | total latency    30.6 ms | delta wall   0.9 ms clock   0.9 ms
              corrected | total latency    35.4 ms | delta wall   4.8 ms clock   4.7 ms
               detected | total latency    47.8 ms | delta wall  12.4 ms clock   9.5 ms
               prepared | total latency    50.0 ms | delta wall   2.2 ms clock   2.1 ms
          --pub_lines-- | total latency    50.4 ms | delta wall   0.4 ms clock   0.4 ms
[0m
[rosout][INFO] 2021-10-22 12:57:15,149: [32m[LineDetectorNode] 2601:In the last 5.9 s: received 176 (30.0 fps) processed 100 (17.1 fps) skipped 76 (13.0 fps) (43%)[0m
[rosout][INFO] 2021-10-22 12:57:20,987: [32m[LineDetectorNode] 2701:# segments: white   3 yellow   0 red   0[0m
[rosout][INFO] 2021-10-22 12:57:20,989: [32m[LineDetectorNode] 2701:
Latencies:
               acquired | total latency     5.4 ms | delta wall     None clock     None
                decoded | total latency    28.8 ms | delta wall  23.4 ms clock  21.1 ms
                resized | total latency    29.8 ms | delta wall   0.9 ms clock   0.8 ms
              corrected | total latency    32.4 ms | delta wall   2.6 ms clock   2.5 ms
               detected | total latency    42.7 ms | delta wall  10.3 ms clock  13.4 ms
               prepared | total latency    44.9 ms | delta wall   2.2 ms clock   2.4 ms
          --pub_lines-- | total latency    45.9 ms | delta wall   1.0 ms clock   0.6 ms
[0m
[rosout][INFO] 2021-10-22 12:57:21,013: [32m[LineDetectorNode] 2701:In the last 5.9 s: received 176 (30.0 fps) processed 100 (17.1 fps) skipped 76 (13.0 fps) (43%)[0m
[rosout][INFO] 2021-10-22 12:57:26,747: [32m[LineDetectorNode] 2801:# segments: white   4 yellow   0 red   0[0m
[rosout][INFO] 2021-10-22 12:57:26,749: [32m[LineDetectorNode] 2801:
Latencies:
               acquired | total latency     4.4 ms | delta wall     None clock     None
                decoded | total latency    24.5 ms | delta wall  20.1 ms clock  20.2 ms
                resized | total latency    25.4 ms | delta wall   0.9 ms clock   0.8 ms
              corrected | total latency    28.2 ms | delta wall   2.8 ms clock   2.4 ms
               detected | total latency    39.4 ms | delta wall  11.2 ms clock  13.1 ms
               prepared | total latency    41.6 ms | delta wall   2.3 ms clock   2.7 ms
          --pub_lines-- | total latency    42.4 ms | delta wall   0.7 ms clock   0.8 ms
[0m
[rosout][INFO] 2021-10-22 12:57:26,776: [32m[LineDetectorNode] 2801:In the last 5.8 s: received 173 (30.0 fps) processed 100 (17.4 fps) skipped 73 (12.7 fps) (42%)[0m
[rosout][INFO] 2021-10-22 12:57:32,475: [32m[LineDetectorNode] 2901:# segments: white   2 yellow   0 red   0[0m
[rosout][INFO] 2021-10-22 12:57:32,477: [32m[LineDetectorNode] 2901:
Latencies:
               acquired | total latency     3.9 ms | delta wall     None clock     None
                decoded | total latency    23.2 ms | delta wall  19.3 ms clock  18.4 ms
                resized | total latency    23.7 ms | delta wall   0.6 ms clock   0.5 ms
              corrected | total latency    25.9 ms | delta wall   2.1 ms clock   2.2 ms
               detected | total latency    39.2 ms | delta wall  13.3 ms clock  12.9 ms
               prepared | total latency    41.2 ms | delta wall   2.1 ms clock   2.2 ms
          --pub_lines-- | total latency    41.7 ms | delta wall   0.4 ms clock   0.4 ms
[0m
[rosout][INFO] 2021-10-22 12:57:32,507: [32m[LineDetectorNode] 2901:In the last 5.7 s: received 172 (30.0 fps) processed 100 (17.5 fps) skipped 72 (12.6 fps) (42%)[0m
[rosout][INFO] 2021-10-22 12:57:38,506: [32m[LineDetectorNode] 3001:# segments: white   4 yellow   0 red   0[0m
[rosout][INFO] 2021-10-22 12:57:38,508: [32m[LineDetectorNode] 3001:
Latencies:
               acquired | total latency     5.0 ms | delta wall     None clock     None
                decoded | total latency    25.2 ms | delta wall  20.3 ms clock  20.2 ms
                resized | total latency    26.1 ms | delta wall   0.9 ms clock   0.8 ms
              corrected | total latency    28.6 ms | delta wall   2.5 ms clock   2.4 ms
               detected | total latency    40.0 ms | delta wall  11.4 ms clock  13.9 ms
               prepared | total latency    42.1 ms | delta wall   2.1 ms clock   2.3 ms
          --pub_lines-- | total latency    42.5 ms | delta wall   0.5 ms clock   0.5 ms
[0m
[rosout][INFO] 2021-10-22 12:57:38,538: [32m[LineDetectorNode] 3001:In the last 6.0 s: received 181 (30.0 fps) processed 100 (16.6 fps) skipped 81 (13.4 fps) (45%)[0m
[rosout][INFO] 2021-10-22 12:57:44,248: [32m[LineDetectorNode] 3101:# segments: white   3 yellow   0 red   0[0m
[rosout][INFO] 2021-10-22 12:57:44,250: [32m[LineDetectorNode] 3101:
Latencies:
               acquired | total latency    10.3 ms | delta wall     None clock     None
                decoded | total latency    36.4 ms | delta wall  26.2 ms clock  24.9 ms
                resized | total latency    37.4 ms | delta wall   0.9 ms clock   0.7 ms
              corrected | total latency    39.6 ms | delta wall   2.2 ms clock   2.2 ms
               detected | total latency    47.8 ms | delta wall   8.2 ms clock   9.8 ms
               prepared | total latency    49.9 ms | delta wall   2.1 ms clock   2.2 ms
          --pub_lines-- | total latency    50.5 ms | delta wall   0.6 ms clock   0.7 ms
[0m
[rosout][INFO] 2021-10-22 12:57:44,267: [32m[LineDetectorNode] 3101:In the last 5.7 s: received 172 (30.0 fps) processed 100 (17.5 fps) skipped 72 (12.6 fps) (42%)[0m
[rosout][INFO] 2021-10-22 12:57:49,968: [32m[LineDetectorNode] 3201:# segments: white   0 yellow   0 red   0[0m
[rosout][INFO] 2021-10-22 12:57:49,970: [32m[LineDetectorNode] 3201:
Latencies:
               acquired | total latency     5.0 ms | delta wall     None clock     None
                decoded | total latency    23.7 ms | delta wall  18.7 ms clock  18.8 ms
                resized | total latency    24.5 ms | delta wall   0.8 ms clock   0.6 ms
              corrected | total latency    27.3 ms | delta wall   2.8 ms clock   2.4 ms
               detected | total latency    40.2 ms | delta wall  12.9 ms clock  11.4 ms
               prepared | total latency    42.3 ms | delta wall   2.0 ms clock   2.3 ms
          --pub_lines-- | total latency    42.7 ms | delta wall   0.4 ms clock   0.4 ms
[0m
[rosout][INFO] 2021-10-22 12:57:50,001: [32m[LineDetectorNode] 3201:In the last 5.7 s: received 172 (30.0 fps) processed 100 (17.4 fps) skipped 72 (12.6 fps) (42%)[0m
[rosout][INFO] 2021-10-22 12:57:55,667: [32m[LineDetectorNode] 3301:# segments: white   0 yellow   0 red   0[0m
[rosout][INFO] 2021-10-22 12:57:55,669: [32m[LineDetectorNode] 3301:
Latencies:
               acquired | total latency     5.2 ms | delta wall     None clock     None
                decoded | total latency    27.3 ms | delta wall  22.0 ms clock  20.6 ms
                resized | total latency    28.2 ms | delta wall   0.9 ms clock   0.9 ms
              corrected | total latency    30.4 ms | delta wall   2.3 ms clock   2.2 ms
               detected | total latency    42.3 ms | delta wall  11.8 ms clock  10.9 ms
               prepared | total latency    44.1 ms | delta wall   1.9 ms clock   1.9 ms
          --pub_lines-- | total latency    44.5 ms | delta wall   0.4 ms clock   0.5 ms
[0m
[rosout][INFO] 2021-10-22 12:57:55,697: [32m[LineDetectorNode] 3301:In the last 5.7 s: received 171 (30.0 fps) processed 100 (17.6 fps) skipped 71 (12.5 fps) (42%)[0m
[rosout][INFO] 2021-10-22 12:58:01,190: [32m[LineDetectorNode] 3401:# segments: white   0 yellow   0 red   0[0m
[rosout][INFO] 2021-10-22 12:58:01,196: [32m[LineDetectorNode] 3401:
Latencies:
               acquired | total latency     5.2 ms | delta wall     None clock     None
                decoded | total latency    25.6 ms | delta wall  20.4 ms clock  20.3 ms
                resized | total latency    26.5 ms | delta wall   0.8 ms clock   0.8 ms
              corrected | total latency    28.7 ms | delta wall   2.3 ms clock   2.3 ms
               detected | total latency    35.5 ms | delta wall   6.8 ms clock   8.9 ms
               prepared | total latency    38.3 ms | delta wall   2.8 ms clock   3.2 ms
          --pub_lines-- | total latency    40.6 ms | delta wall   2.3 ms clock   1.2 ms
[0m
[rosout][INFO] 2021-10-22 12:58:01,226: [32m[LineDetectorNode] 3401:In the last 5.5 s: received 166 (30.0 fps) processed 100 (18.1 fps) skipped 66 (11.9 fps) (40%)[0m
[rosout][INFO] 2021-10-22 12:58:06,791: [32m[LineDetectorNode] 3501:# segments: white   0 yellow   0 red   0[0m
[rosout][INFO] 2021-10-22 12:58:06,797: [32m[LineDetectorNode] 3501:
Latencies:
               acquired | total latency     5.6 ms | delta wall     None clock     None
                decoded | total latency    26.1 ms | delta wall  20.5 ms clock  20.5 ms
                resized | total latency    27.0 ms | delta wall   0.9 ms clock   0.9 ms
              corrected | total latency    29.3 ms | delta wall   2.3 ms clock   2.3 ms
               detected | total latency    39.5 ms | delta wall  10.2 ms clock  10.3 ms
               prepared | total latency    43.7 ms | delta wall   4.3 ms clock   3.4 ms
          --pub_lines-- | total latency    44.2 ms | delta wall   0.4 ms clock   0.4 ms
[0m
[rosout][INFO] 2021-10-22 12:58:06,823: [32m[LineDetectorNode] 3501:In the last 5.6 s: received 168 (30.0 fps) processed 100 (17.9 fps) skipped 68 (12.2 fps) (40%)[0m
[rosout][INFO] 2021-10-22 12:58:12,360: [32m[LineDetectorNode] 3601:# segments: white   0 yellow   0 red   0[0m
[rosout][INFO] 2021-10-22 12:58:12,364: [32m[LineDetectorNode] 3601:
Latencies:
               acquired | total latency    10.1 ms | delta wall     None clock     None
                decoded | total latency    29.5 ms | delta wall  19.4 ms clock  19.3 ms
                resized | total latency    30.3 ms | delta wall   0.8 ms clock   0.8 ms
              corrected | total latency    32.7 ms | delta wall   2.4 ms clock   2.5 ms
               detected | total latency    44.8 ms | delta wall  12.1 ms clock  11.3 ms
               prepared | total latency    47.0 ms | delta wall   2.2 ms clock   2.4 ms
          --pub_lines-- | total latency    48.9 ms | delta wall   1.9 ms clock   0.6 ms
[0m
[rosout][INFO] 2021-10-22 12:58:12,387: [32m[LineDetectorNode] 3601:In the last 5.6 s: received 167 (30.0 fps) processed 100 (18.0 fps) skipped 67 (12.0 fps) (40%)[0m
[rosout][INFO] 2021-10-22 12:58:18,176: [32m[LineDetectorNode] 3701:# segments: white   0 yellow   0 red   0[0m
[rosout][INFO] 2021-10-22 12:58:18,179: [32m[LineDetectorNode] 3701:
Latencies:
               acquired | total latency     8.4 ms | delta wall     None clock     None
                decoded | total latency    69.6 ms | delta wall  61.1 ms clock  42.1 ms
                resized | total latency    74.4 ms | delta wall   4.8 ms clock   4.3 ms
              corrected | total latency    78.9 ms | delta wall   4.5 ms clock   4.3 ms
               detected | total latency    92.9 ms | delta wall  14.0 ms clock  15.6 ms
               prepared | total latency    94.8 ms | delta wall   1.9 ms clock   1.9 ms
          --pub_lines-- | total latency    95.2 ms | delta wall   0.4 ms clock   0.5 ms
[0m
[rosout][INFO] 2021-10-22 12:58:18,196: [32m[LineDetectorNode] 3701:In the last 5.8 s: received 174 (30.0 fps) processed 100 (17.2 fps) skipped 74 (12.7 fps) (43%)[0m
[rosout][INFO] 2021-10-22 12:58:24,121: [32m[LineDetectorNode] 3801:# segments: white   0 yellow   0 red   0[0m
[rosout][INFO] 2021-10-22 12:58:24,124: [32m[LineDetectorNode] 3801:
Latencies:
               acquired | total latency     5.8 ms | delta wall     None clock     None
                decoded | total latency    30.8 ms | delta wall  25.0 ms clock  20.8 ms
                resized | total latency    31.7 ms | delta wall   0.9 ms clock   0.9 ms
              corrected | total latency    35.2 ms | delta wall   3.5 ms clock   3.2 ms
               detected | total latency    46.1 ms | delta wall  10.9 ms clock  11.0 ms
               prepared | total latency    49.1 ms | delta wall   3.0 ms clock   2.2 ms
          --pub_lines-- | total latency    49.5 ms | delta wall   0.3 ms clock   0.3 ms
[0m
[rosout][INFO] 2021-10-22 12:58:24,147: [32m[LineDetectorNode] 3801:In the last 5.9 s: received 179 (30.1 fps) processed 100 (16.8 fps) skipped 79 (13.3 fps) (44%)[0m
[rosout][INFO] 2021-10-22 12:58:29,547: [32m[LineDetectorNode] 3901:# segments: white   0 yellow   0 red   0[0m
[rosout][INFO] 2021-10-22 12:58:29,555: [32m[LineDetectorNode] 3901:
Latencies:
               acquired | total latency     7.5 ms | delta wall     None clock     None
                decoded | total latency    26.2 ms | delta wall  18.7 ms clock  18.9 ms
                resized | total latency    26.7 ms | delta wall   0.6 ms clock   0.5 ms
              corrected | total latency    28.9 ms | delta wall   2.2 ms clock   2.2 ms
               detected | total latency    39.9 ms | delta wall  11.0 ms clock  11.8 ms
               prepared | total latency    46.8 ms | delta wall   6.8 ms clock   2.3 ms
          --pub_lines-- | total latency    47.4 ms | delta wall   0.6 ms clock   0.6 ms
[0m
[rosout][INFO] 2021-10-22 12:58:29,578: [32m[LineDetectorNode] 3901:In the last 5.4 s: received 163 (30.0 fps) processed 100 (18.4 fps) skipped 63 (11.6 fps) (39%)[0m
[rosout][INFO] 2021-10-22 12:58:35,313: [32m[LineDetectorNode] 4001:# segments: white   0 yellow   0 red   0[0m
[rosout][INFO] 2021-10-22 12:58:35,315: [32m[LineDetectorNode] 4001:
Latencies:
               acquired | total latency     7.2 ms | delta wall     None clock     None
                decoded | total latency    27.8 ms | delta wall  20.6 ms clock  20.0 ms
                resized | total latency    28.7 ms | delta wall   0.9 ms clock   0.9 ms
              corrected | total latency    32.4 ms | delta wall   3.7 ms clock   2.6 ms
               detected | total latency    43.8 ms | delta wall  11.4 ms clock  11.5 ms
               prepared | total latency    45.5 ms | delta wall   1.7 ms clock   1.9 ms
          --pub_lines-- | total latency    45.9 ms | delta wall   0.3 ms clock   0.3 ms
[0m
[rosout][INFO] 2021-10-22 12:58:35,342: [32m[LineDetectorNode] 4001:In the last 5.8 s: received 173 (30.0 fps) processed 100 (17.4 fps) skipped 73 (12.7 fps) (42%)[0m
[rosout][INFO] 2021-10-22 12:58:40,809: [32m[LineDetectorNode] 4101:# segments: white   0 yellow   0 red   0[0m
[rosout][INFO] 2021-10-22 12:58:40,817: [32m[LineDetectorNode] 4101:
Latencies:
               acquired | total latency     5.9 ms | delta wall     None clock     None
                decoded | total latency    26.4 ms | delta wall  20.4 ms clock  20.3 ms
                resized | total latency    27.4 ms | delta wall   1.0 ms clock   0.8 ms
              corrected | total latency    29.6 ms | delta wall   2.2 ms clock   2.2 ms
               detected | total latency    41.8 ms | delta wall  12.2 ms clock  11.8 ms
               prepared | total latency    49.2 ms | delta wall   7.4 ms clock   2.1 ms
          --pub_lines-- | total latency    49.6 ms | delta wall   0.4 ms clock   0.5 ms
[0m
[rosout][INFO] 2021-10-22 12:58:40,839: [32m[LineDetectorNode] 4101:In the last 5.5 s: received 165 (30.0 fps) processed 100 (18.2 fps) skipped 65 (11.8 fps) (39%)[0m
[rosout][INFO] 2021-10-22 12:58:46,544: [32m[LineDetectorNode] 4201:# segments: white   0 yellow   0 red   0[0m
[rosout][INFO] 2021-10-22 12:58:46,547: [32m[LineDetectorNode] 4201:
Latencies:
               acquired | total latency     6.2 ms | delta wall     None clock     None
                decoded | total latency    28.6 ms | delta wall  22.4 ms clock  20.7 ms
                resized | total latency    29.5 ms | delta wall   0.9 ms clock   0.9 ms
              corrected | total latency    38.4 ms | delta wall   8.9 ms clock   5.0 ms
               detected | total latency    45.2 ms | delta wall   6.9 ms clock   9.4 ms
               prepared | total latency    47.7 ms | delta wall   2.5 ms clock   2.1 ms
          --pub_lines-- | total latency    48.1 ms | delta wall   0.3 ms clock   0.4 ms
[0m
[rosout][INFO] 2021-10-22 12:58:46,568: [32m[LineDetectorNode] 4201:In the last 5.7 s: received 172 (30.0 fps) processed 100 (17.5 fps) skipped 72 (12.6 fps) (42%)[0m
[rosout][INFO] 2021-10-22 12:58:52,302: [32m[LineDetectorNode] 4301:# segments: white   0 yellow   0 red   0[0m
[rosout][INFO] 2021-10-22 12:58:52,304: [32m[LineDetectorNode] 4301:
Latencies:
               acquired | total latency     6.2 ms | delta wall     None clock     None
                decoded | total latency    27.4 ms | delta wall  21.1 ms clock  20.4 ms
                resized | total latency    28.3 ms | delta wall   0.9 ms clock   0.9 ms
              corrected | total latency    30.6 ms | delta wall   2.3 ms clock   2.3 ms
               detected | total latency    41.9 ms | delta wall  11.3 ms clock  11.7 ms
               prepared | total latency    43.9 ms | delta wall   1.9 ms clock   1.9 ms
          --pub_lines-- | total latency    44.2 ms | delta wall   0.3 ms clock   0.3 ms
[0m
[rosout][INFO] 2021-10-22 12:58:52,334: [32m[LineDetectorNode] 4301:In the last 5.8 s: received 173 (30.0 fps) processed 100 (17.4 fps) skipped 73 (12.7 fps) (42%)[0m
[rosout][INFO] 2021-10-22 12:58:58,195: [32m[LineDetectorNode] 4401:# segments: white   0 yellow   0 red   0[0m
[rosout][INFO] 2021-10-22 12:58:58,199: [32m[LineDetectorNode] 4401:
Latencies:
               acquired | total latency     7.4 ms | delta wall     None clock     None
                decoded | total latency    53.7 ms | delta wall  46.3 ms clock  40.0 ms
                resized | total latency    54.7 ms | delta wall   1.0 ms clock   0.9 ms
              corrected | total latency    57.0 ms | delta wall   2.2 ms clock   2.2 ms
               detected | total latency    67.3 ms | delta wall  10.3 ms clock  12.1 ms
               prepared | total latency    69.9 ms | delta wall   2.6 ms clock   3.2 ms
          --pub_lines-- | total latency    71.1 ms | delta wall   1.2 ms clock   1.4 ms
[0m
[rosout][INFO] 2021-10-22 12:58:58,229: [32m[LineDetectorNode] 4401:In the last 5.9 s: received 177 (30.0 fps) processed 100 (17.0 fps) skipped 77 (13.1 fps) (44%)[0m
[rosout][INFO] 2021-10-22 12:59:04,078: [32m[LineDetectorNode] 4501:# segments: white   0 yellow   0 red   0[0m
[rosout][INFO] 2021-10-22 12:59:04,083: [32m[LineDetectorNode] 4501:
Latencies:
               acquired | total latency    11.0 ms | delta wall     None clock     None
                decoded | total latency    40.6 ms | delta wall  29.6 ms clock  24.9 ms
                resized | total latency    42.4 ms | delta wall   1.8 ms clock   1.0 ms
              corrected | total latency    44.7 ms | delta wall   2.3 ms clock   2.2 ms
               detected | total latency    55.8 ms | delta wall  11.1 ms clock   8.7 ms
               prepared | total latency    59.7 ms | delta wall   3.9 ms clock   2.4 ms
          --pub_lines-- | total latency    61.0 ms | delta wall   1.4 ms clock   0.7 ms
[0m
[rosout][INFO] 2021-10-22 12:59:04,093: [32m[LineDetectorNode] 4501:In the last 5.9 s: received 176 (30.0 fps) processed 100 (17.1 fps) skipped 76 (13.0 fps) (43%)[0m
[rosout][INFO] 2021-10-22 12:59:09,825: [32m[LineDetectorNode] 4601:# segments: white   0 yellow   0 red   0[0m
[rosout][INFO] 2021-10-22 12:59:09,827: [32m[LineDetectorNode] 4601:
Latencies:
               acquired | total latency     5.1 ms | delta wall     None clock     None
                decoded | total latency    25.9 ms | delta wall  20.8 ms clock  20.6 ms
                resized | total latency    26.8 ms | delta wall   0.9 ms clock   0.9 ms
              corrected | total latency    29.2 ms | delta wall   2.3 ms clock   2.4 ms
               detected | total latency    40.5 ms | delta wall  11.3 ms clock  12.5 ms
               prepared | total latency    42.7 ms | delta wall   2.2 ms clock   2.4 ms
          --pub_lines-- | total latency    43.0 ms | delta wall   0.3 ms clock   0.3 ms
[0m
[rosout][INFO] 2021-10-22 12:59:09,857: [32m[LineDetectorNode] 4601:In the last 5.8 s: received 173 (30.0 fps) processed 100 (17.4 fps) skipped 73 (12.7 fps) (42%)[0m
[rosout][INFO] 2021-10-22 12:59:15,427: [32m[LineDetectorNode] 4701:# segments: white   0 yellow   0 red   0[0m
[rosout][INFO] 2021-10-22 12:59:15,429: [32m[LineDetectorNode] 4701:
Latencies:
               acquired | total latency     8.8 ms | delta wall     None clock     None
                decoded | total latency    29.9 ms | delta wall  21.1 ms clock  20.4 ms
                resized | total latency    30.9 ms | delta wall   1.0 ms clock   0.9 ms
              corrected | total latency    33.3 ms | delta wall   2.4 ms clock   2.5 ms
               detected | total latency    44.7 ms | delta wall  11.4 ms clock  11.2 ms
               prepared | total latency    47.0 ms | delta wall   2.3 ms clock   1.9 ms
          --pub_lines-- | total latency    47.6 ms | delta wall   0.5 ms clock   0.5 ms
[0m
[rosout][INFO] 2021-10-22 12:59:15,453: [32m[LineDetectorNode] 4701:In the last 5.6 s: received 168 (30.0 fps) processed 100 (17.9 fps) skipped 68 (12.2 fps) (40%)[0m
[rosout][INFO] 2021-10-22 12:59:21,156: [32m[LineDetectorNode] 4801:# segments: white   0 yellow   0 red   0[0m
[rosout][INFO] 2021-10-22 12:59:21,158: [32m[LineDetectorNode] 4801:
Latencies:
               acquired | total latency     4.0 ms | delta wall     None clock     None
                decoded | total latency    26.5 ms | delta wall  22.5 ms clock  21.3 ms
                resized | total latency    27.4 ms | delta wall   0.9 ms clock   0.8 ms
              corrected | total latency    31.2 ms | delta wall   3.8 ms clock   2.6 ms
               detected | total latency    43.7 ms | delta wall  12.5 ms clock  12.1 ms
               prepared | total latency    45.5 ms | delta wall   1.8 ms clock   1.9 ms
          --pub_lines-- | total latency    45.9 ms | delta wall   0.4 ms clock   0.5 ms
[0m
[rosout][INFO] 2021-10-22 12:59:21,182: [32m[LineDetectorNode] 4801:In the last 5.7 s: received 172 (30.0 fps) processed 100 (17.5 fps) skipped 72 (12.6 fps) (42%)[0m
[rosout][INFO] 2021-10-22 12:59:26,851: [32m[LineDetectorNode] 4901:# segments: white   0 yellow   0 red   0[0m
[rosout][INFO] 2021-10-22 12:59:26,853: [32m[LineDetectorNode] 4901:
Latencies:
               acquired | total latency     5.1 ms | delta wall     None clock     None
                decoded | total latency    26.8 ms | delta wall  21.6 ms clock  20.8 ms
                resized | total latency    27.6 ms | delta wall   0.8 ms clock   0.8 ms
              corrected | total latency    29.8 ms | delta wall   2.2 ms clock   2.2 ms
               detected | total latency    40.7 ms | delta wall  10.9 ms clock  12.6 ms
               prepared | total latency    42.6 ms | delta wall   1.9 ms clock   2.0 ms
          --pub_lines-- | total latency    43.1 ms | delta wall   0.5 ms clock   0.6 ms
[0m
[rosout][INFO] 2021-10-22 12:59:26,881: [32m[LineDetectorNode] 4901:In the last 5.7 s: received 171 (30.0 fps) processed 100 (17.6 fps) skipped 71 (12.5 fps) (42%)[0m
[rosout][INFO] 2021-10-22 12:59:32,679: [32m[LineDetectorNode] 5001:# segments: white   0 yellow   0 red   0[0m
[rosout][INFO] 2021-10-22 12:59:32,683: [32m[LineDetectorNode] 5001:
Latencies:
               acquired | total latency     7.3 ms | delta wall     None clock     None
                decoded | total latency    27.7 ms | delta wall  20.3 ms clock  20.3 ms
                resized | total latency    28.5 ms | delta wall   0.9 ms clock   0.8 ms
              corrected | total latency    30.8 ms | delta wall   2.3 ms clock   2.3 ms
               detected | total latency    38.5 ms | delta wall   7.8 ms clock  10.3 ms
               prepared | total latency    41.9 ms | delta wall   3.4 ms clock   4.0 ms
          --pub_lines-- | total latency    42.6 ms | delta wall   0.7 ms clock   0.7 ms
[0m
[rosout][INFO] 2021-10-22 12:59:32,711: [32m[LineDetectorNode] 5001:In the last 5.8 s: received 175 (30.0 fps) processed 100 (17.2 fps) skipped 75 (12.9 fps) (43%)[0m
[rosout][INFO] 2021-10-22 12:59:39,642: [32m[LineDetectorNode] 5101:# segments: white   0 yellow   0 red   0[0m
[rosout][INFO] 2021-10-22 12:59:39,645: [32m[LineDetectorNode] 5101:
Latencies:
               acquired | total latency     5.2 ms | delta wall     None clock     None
                decoded | total latency    24.7 ms | delta wall  19.5 ms clock  19.4 ms
                resized | total latency    25.9 ms | delta wall   1.2 ms clock   1.0 ms
              corrected | total latency    28.3 ms | delta wall   2.4 ms clock   2.4 ms
               detected | total latency    38.3 ms | delta wall  10.0 ms clock  12.5 ms
               prepared | total latency    40.9 ms | delta wall   2.5 ms clock   2.3 ms
          --pub_lines-- | total latency    41.2 ms | delta wall   0.3 ms clock   0.3 ms
[0m
[rosout][INFO] 2021-10-22 12:59:39,675: [32m[LineDetectorNode] 5101:In the last 7.0 s: received 125 (18.0 fps) processed 100 (14.4 fps) skipped 25 (3.6 fps) (20%)[0m
[rosout][INFO] 2021-10-22 12:59:47,483: [32m[LineDetectorNode] 5201:# segments: white   0 yellow   0 red   0[0m
[rosout][INFO] 2021-10-22 12:59:47,485: [32m[LineDetectorNode] 5201:
Latencies:
               acquired | total latency     4.2 ms | delta wall     None clock     None
                decoded | total latency    23.7 ms | delta wall  19.5 ms clock  19.0 ms
                resized | total latency    24.5 ms | delta wall   0.8 ms clock   0.8 ms
              corrected | total latency    26.9 ms | delta wall   2.4 ms clock   2.3 ms
               detected | total latency    35.4 ms | delta wall   8.5 ms clock   9.3 ms
               prepared | total latency    38.3 ms | delta wall   2.9 ms clock   1.8 ms
          --pub_lines-- | total latency    38.6 ms | delta wall   0.3 ms clock   0.3 ms
[0m
[rosout][INFO] 2021-10-22 12:59:47,519: [32m[LineDetectorNode] 5201:In the last 7.8 s: received 145 (18.5 fps) processed 100 (12.8 fps) skipped 45 (5.7 fps) (31%)[0m
[rosout][INFO] 2021-10-22 12:59:53,550: [32m[LineDetectorNode] 5301:# segments: white   0 yellow   0 red   0[0m
[rosout][INFO] 2021-10-22 12:59:53,552: [32m[LineDetectorNode] 5301:
Latencies:
               acquired | total latency     7.3 ms | delta wall     None clock     None
                decoded | total latency    26.7 ms | delta wall  19.4 ms clock  18.7 ms
                resized | total latency    27.3 ms | delta wall   0.6 ms clock   0.5 ms
              corrected | total latency    29.4 ms | delta wall   2.2 ms clock   2.2 ms
               detected | total latency    39.9 ms | delta wall  10.5 ms clock  11.7 ms
               prepared | total latency    41.9 ms | delta wall   2.0 ms clock   1.8 ms
          --pub_lines-- | total latency    42.2 ms | delta wall   0.3 ms clock   0.3 ms
[0m
[rosout][INFO] 2021-10-22 12:59:53,582: [32m[LineDetectorNode] 5301:In the last 6.1 s: received 155 (25.6 fps) processed 100 (16.5 fps) skipped 55 (9.1 fps) (35%)[0m
[rosout][INFO] 2021-10-22 13:00:00,308: [32m[LineDetectorNode] 5401:# segments: white   2 yellow   0 red   0[0m
[rosout][INFO] 2021-10-22 13:00:00,311: [32m[LineDetectorNode] 5401:
Latencies:
               acquired | total latency     3.8 ms | delta wall     None clock     None
                decoded | total latency    23.1 ms | delta wall  19.3 ms clock  19.1 ms
                resized | total latency    23.9 ms | delta wall   0.8 ms clock   0.8 ms
              corrected | total latency    26.1 ms | delta wall   2.2 ms clock   2.3 ms
               detected | total latency    34.8 ms | delta wall   8.7 ms clock   9.7 ms
               prepared | total latency    36.9 ms | delta wall   2.1 ms clock   2.1 ms
          --pub_lines-- | total latency    37.3 ms | delta wall   0.4 ms clock   0.4 ms
[0m
[rosout][INFO] 2021-10-22 13:00:00,342: [32m[LineDetectorNode] 5401:In the last 6.8 s: received 127 (18.8 fps) processed 100 (14.8 fps) skipped 27 (4.0 fps) (21%)[0m
[rosout][INFO] 2021-10-22 13:00:09,532: [32m[LineDetectorNode] 5501:# segments: white  35 yellow   0 red   0[0m
[rosout][INFO] 2021-10-22 13:00:09,538: [32m[LineDetectorNode] 5501:
Latencies:
               acquired | total latency     5.3 ms | delta wall     None clock     None
                decoded | total latency    31.5 ms | delta wall  26.2 ms clock  20.8 ms
                resized | total latency    32.3 ms | delta wall   0.8 ms clock   0.8 ms
              corrected | total latency    34.5 ms | delta wall   2.2 ms clock   2.2 ms
               detected | total latency    45.6 ms | delta wall  11.1 ms clock  13.3 ms
               prepared | total latency    52.2 ms | delta wall   6.6 ms clock   5.8 ms
          --pub_lines-- | total latency    54.8 ms | delta wall   2.6 ms clock   2.7 ms
[0m
[rosout][INFO] 2021-10-22 13:00:09,563: [32m[LineDetectorNode] 5501:In the last 9.2 s: received 212 (23.0 fps) processed 100 (10.8 fps) skipped 112 (12.1 fps) (53%)[0m
[rosout][INFO] 2021-10-22 13:00:19,510: [32m[LineDetectorNode] 5601:# segments: white  16 yellow   0 red   0[0m
[rosout][INFO] 2021-10-22 13:00:19,518: [32m[LineDetectorNode] 5601:
Latencies:
               acquired | total latency     7.9 ms | delta wall     None clock     None
                decoded | total latency    46.8 ms | delta wall  38.9 ms clock  39.0 ms
                resized | total latency    48.3 ms | delta wall   1.5 ms clock   1.4 ms
              corrected | total latency    53.3 ms | delta wall   5.0 ms clock   4.4 ms
               detected | total latency    72.6 ms | delta wall  19.3 ms clock  21.7 ms
               prepared | total latency    81.4 ms | delta wall   8.8 ms clock   8.4 ms
          --pub_lines-- | total latency    82.9 ms | delta wall   1.5 ms clock   1.5 ms
[0m
[rosout][INFO] 2021-10-22 13:00:19,576: [32m[LineDetectorNode] 5601:In the last 10.0 s: received 239 (23.9 fps) processed 100 (10.0 fps) skipped 139 (13.9 fps) (58%)[0m
[rosout][INFO] 2021-10-22 13:00:27,636: [32m[LineDetectorNode] 5701:# segments: white   0 yellow   0 red   0[0m
[rosout][INFO] 2021-10-22 13:00:27,639: [32m[LineDetectorNode] 5701:
Latencies:
               acquired | total latency    11.2 ms | delta wall     None clock     None
                decoded | total latency    63.3 ms | delta wall  52.1 ms clock  43.6 ms
                resized | total latency    65.1 ms | delta wall   1.8 ms clock   1.8 ms
              corrected | total latency    73.4 ms | delta wall   8.3 ms clock   9.3 ms
               detected | total latency    89.0 ms | delta wall  15.6 ms clock  18.1 ms
               prepared | total latency    92.2 ms | delta wall   3.2 ms clock   3.5 ms
          --pub_lines-- | total latency    93.0 ms | delta wall   0.7 ms clock   1.0 ms
[0m
[rosout][INFO] 2021-10-22 13:00:27,657: [32m[LineDetectorNode] 5701:In the last 8.1 s: received 188 (23.3 fps) processed 100 (12.4 fps) skipped 88 (10.9 fps) (47%)[0m
[rosout][INFO] 2021-10-22 13:00:34,540: [32m[LineDetectorNode] 5801:# segments: white   0 yellow   0 red   0[0m
[rosout][INFO] 2021-10-22 13:00:34,553: [32m[LineDetectorNode] 5801:
Latencies:
               acquired | total latency     4.9 ms | delta wall     None clock     None
                decoded | total latency    23.4 ms | delta wall  18.5 ms clock  18.3 ms
                resized | total latency    24.0 ms | delta wall   0.6 ms clock   0.5 ms
              corrected | total latency    26.4 ms | delta wall   2.4 ms clock   2.3 ms
               detected | total latency    37.4 ms | delta wall  11.0 ms clock  10.1 ms
               prepared | total latency    41.1 ms | delta wall   3.7 ms clock   3.4 ms
          --pub_lines-- | total latency    41.5 ms | delta wall   0.4 ms clock   0.5 ms
[0m
[rosout][INFO] 2021-10-22 13:00:34,572: [32m[LineDetectorNode] 5801:In the last 6.9 s: received 208 (30.1 fps) processed 100 (14.5 fps) skipped 108 (15.6 fps) (52%)[0m
[rosout][INFO] 2021-10-22 13:00:41,306: [32m[LineDetectorNode] 5901:# segments: white   0 yellow   0 red   0[0m
[rosout][INFO] 2021-10-22 13:00:41,309: [32m[LineDetectorNode] 5901:
Latencies:
               acquired | total latency     6.1 ms | delta wall     None clock     None
                decoded | total latency    26.5 ms | delta wall  20.4 ms clock  19.8 ms
                resized | total latency    27.7 ms | delta wall   1.2 ms clock   1.1 ms
              corrected | total latency    30.4 ms | delta wall   2.8 ms clock   2.5 ms
               detected | total latency    42.3 ms | delta wall  11.8 ms clock  11.2 ms
               prepared | total latency    44.5 ms | delta wall   2.2 ms clock   1.9 ms
          --pub_lines-- | total latency    45.0 ms | delta wall   0.5 ms clock   0.5 ms
[0m
[rosout][INFO] 2021-10-22 13:00:41,335: [32m[LineDetectorNode] 5901:In the last 6.8 s: received 203 (30.0 fps) processed 100 (14.8 fps) skipped 103 (15.2 fps) (51%)[0m
[rosout][INFO] 2021-10-22 13:00:46,934: [32m[LineDetectorNode] 6001:# segments: white   2 yellow   0 red   0[0m
[rosout][INFO] 2021-10-22 13:00:46,939: [32m[LineDetectorNode] 6001:
Latencies:
               acquired | total latency     5.1 ms | delta wall     None clock     None
                decoded | total latency    25.9 ms | delta wall  20.7 ms clock  20.3 ms
                resized | total latency    26.7 ms | delta wall   0.8 ms clock   0.8 ms
              corrected | total latency    29.0 ms | delta wall   2.3 ms clock   2.3 ms
               detected | total latency    38.1 ms | delta wall   9.1 ms clock  12.1 ms
               prepared | total latency    41.6 ms | delta wall   3.4 ms clock   3.9 ms
          --pub_lines-- | total latency    44.2 ms | delta wall   2.6 ms clock   0.8 ms
[0m
[rosout][INFO] 2021-10-22 13:00:46,967: [32m[LineDetectorNode] 6001:In the last 5.6 s: received 169 (30.0 fps) processed 100 (17.8 fps) skipped 69 (12.3 fps) (41%)[0m
[rosout][INFO] 2021-10-22 13:00:52,675: [32m[LineDetectorNode] 6101:# segments: white   1 yellow   0 red   0[0m
[rosout][INFO] 2021-10-22 13:00:52,678: [32m[LineDetectorNode] 6101:
Latencies:
               acquired | total latency     6.6 ms | delta wall     None clock     None
                decoded | total latency    34.5 ms | delta wall  27.9 ms clock  21.7 ms
                resized | total latency    36.3 ms | delta wall   1.9 ms clock   1.9 ms
              corrected | total latency    40.5 ms | delta wall   4.2 ms clock   5.1 ms
               detected | total latency    48.9 ms | delta wall   8.4 ms clock   9.9 ms
               prepared | total latency    51.0 ms | delta wall   2.1 ms clock   2.2 ms
          --pub_lines-- | total latency    51.5 ms | delta wall   0.6 ms clock   0.5 ms
[0m
[rosout][INFO] 2021-10-22 13:00:52,697: [32m[LineDetectorNode] 6101:In the last 5.7 s: received 172 (30.0 fps) processed 100 (17.5 fps) skipped 72 (12.6 fps) (42%)[0m
[rospy.internal][ERROR] 2021-10-22 13:00:54,063: [31mUnable to initiate TCP/IP socket to ss42.local:35464 (http://ss42.local:39782/): Traceback (most recent call last):
  File "/opt/ros/kinetic/lib/python2.7/dist-packages/rospy/impl/tcpros_base.py", line 557, in connect
    self.read_header()
  File "/opt/ros/kinetic/lib/python2.7/dist-packages/rospy/impl/tcpros_base.py", line 650, in read_header
    self._validate_header(read_ros_handshake_header(sock, self.read_buff, self.protocol.buff_size))
  File "/opt/ros/kinetic/lib/python2.7/dist-packages/rospy/impl/tcpros_base.py", line 593, in _validate_header
    raise TransportInitError("remote error reported: %s"%header['error'])
TransportInitError: remote error reported: node shutting down
[0m
[rospy.core][INFO] 2021-10-22 13:00:54,142: [32msignal_shutdown [signal-2][0m
[rosout][INFO] 2021-10-22 13:00:54,143: [32m[LineDetectorNode] Shutdown.[0m
[rospy.internal][INFO] 2021-10-22 13:00:54,351: [32mtopic[/ss42/line_detector_node/segment_list] removing connection to /ss42/ground_projection[0m
[rospy.internal][INFO] 2021-10-22 13:00:54,355: [32mtopic[/rosout] removing connection to /rosout[0m
[rospy.internal][INFO] 2021-10-22 13:00:54,364: [32mtopic[/ss42/line_detector_node/switch] removing connection to http://ss42.local:40402/[0m
[rospy.internal][WARNING] 2021-10-22 13:00:54,369: [33mUnknown error initiating TCP/IP socket to ss42.local:38822 (http://ss42.local:40402/): Traceback (most recent call last):
  File "/opt/ros/kinetic/lib/python2.7/dist-packages/rospy/impl/tcpros_base.py", line 558, in connect
    self.local_endpoint = self.socket.getsockname()
AttributeError: 'NoneType' object has no attribute 'getsockname'
[0m
[rospy.internal][INFO] 2021-10-22 13:00:54,371: [32mtopic[/ss42/camera_node/image/compressed] removing connection to http://ss42.local:43612/[0m
[rospy.internal][INFO] 2021-10-22 13:00:54,374: [32mtopic[/ss42/anti_instagram_node/transform] removing connection to http://ss42.local:39782/[0m
[rospy.impl.masterslave][INFO] 2021-10-22 13:00:54,375: [32msignal-2[0m
[rospy.core][INFO] 2021-10-22 13:00:54,795: [32msignal_shutdown [atexit][0m
