[rospy.client][INFO] 2021-10-22 12:53:59,717: [32minit_node, name[/ss42/ground_projection], pid[1659][0m
[xmlrpc][INFO] 2021-10-22 12:53:59,725: [32mXML-RPC server binding to 0.0.0.0:0[0m
[rospy.init][INFO] 2021-10-22 12:53:59,737: [32mROS Slave URI: [http://ss42.local:44865/][0m
[xmlrpc][INFO] 2021-10-22 12:53:59,738: [32mStarted XML-RPC server [http://ss42.local:44865/][0m
[rospy.impl.masterslave][INFO] 2021-10-22 12:53:59,739: [32m_ready: http://ss42.local:44865/[0m
[rospy.registration][INFO] 2021-10-22 12:53:59,753: [32mRegistering with master node http://ss42.local:11311/[0m
[xmlrpc][INFO] 2021-10-22 12:53:59,753: [32mxml rpc node: starting XML-RPC server[0m
[rospy.init][INFO] 2021-10-22 12:53:59,838: [32mregistered with master[0m
[rospy.rosout][INFO] 2021-10-22 12:53:59,839: [32minitializing /rosout core topic[0m
[rospy.rosout][INFO] 2021-10-22 12:54:00,676: [32mconnected to core topic /rosout[0m
[rospy.simtime][INFO] 2021-10-22 12:54:00,733: [32m/use_sim_time is not set, will not subscribe to simulated time [/clock] topic[0m
[DT][WARNING] 2021-10-22 12:54:00,908: [33mno extrinsic calibration parameters for ss42, trying default[0m
[DT][INFO] 2021-10-22 12:54:00,996: [32mLoaded homography for default.yaml[0m
[rospy.internal][INFO] 2021-10-22 12:54:01,389: [32mtopic[/rosout] adding connection to [/rosout], count 0[0m
[DT][INFO] 2021-10-22 12:54:01,997: [32mLoaded checkerboard parameters[0m
[rosout][INFO] 2021-10-22 12:54:01,999: [32mcamera info topic is /ss42/camera_node/camera_info[0m
[rosout][INFO] 2021-10-22 12:54:02,006: [32mwaiting for camera info[0m
[rospy.internal][INFO] 2021-10-22 12:54:02,094: [32mtopic[/ss42/camera_node/camera_info] adding connection to [http://ss42.local:44560/], count 0[0m
[rospy.internal][INFO] 2021-10-22 12:54:02,145: [32mtopic impl's ref count is zero, deleting topic /ss42/camera_node/camera_info...[0m
[rospy.internal][INFO] 2021-10-22 12:54:02,146: [32mtopic[/ss42/camera_node/camera_info] removing connection to http://ss42.local:44560/[0m
[rosout][INFO] 2021-10-22 12:54:02,178: [32mcamera info received[0m
[rospy.internal][INFO] 2021-10-22 12:54:02,318: [32mtopic[/ss42/ground_projection/lineseglist_out] adding connection to [/ss42/duckiebot_visualizer], count 0[0m
[rospy.internal][INFO] 2021-10-22 12:54:05,061: [32mtopic[/ss42/ground_projection/lineseglist_out] adding connection to [/ss42/lane_filter_node], count 1[0m
[rospy.internal][INFO] 2021-10-22 12:54:06,087: [32mtopic[/ss42/line_detector_node/segment_list] adding connection to [http://ss42.local:33986/], count 0[0m
[rospy.core][INFO] 2021-10-22 13:00:54,128: [32msignal_shutdown [signal-2][0m
[rosout][INFO] 2021-10-22 13:00:54,130: [32m[GroundProjectionNode] Shutdown.[0m
[rospy.internal][ERROR] 2021-10-22 13:00:54,356: [31mUnable to initiate TCP/IP socket to ss42.local:41130 (http://ss42.local:33986/): Traceback (most recent call last):
  File "/opt/ros/kinetic/lib/python2.7/dist-packages/rospy/impl/tcpros_base.py", line 557, in connect
    self.read_header()
  File "/opt/ros/kinetic/lib/python2.7/dist-packages/rospy/impl/tcpros_base.py", line 650, in read_header
    self._validate_header(read_ros_handshake_header(sock, self.read_buff, self.protocol.buff_size))
  File "/opt/ros/kinetic/lib/python2.7/dist-packages/rospy/impl/tcpros_base.py", line 593, in _validate_header
    raise TransportInitError("remote error reported: %s"%header['error'])
TransportInitError: remote error reported: node shutting down
[0m
[rospy.internal][INFO] 2021-10-22 13:00:54,386: [32mtopic[/ss42/ground_projection/lineseglist_out] removing connection to /ss42/duckiebot_visualizer[0m
[rospy.internal][INFO] 2021-10-22 13:00:54,389: [32mtopic[/ss42/ground_projection/lineseglist_out] removing connection to /ss42/lane_filter_node[0m
[rospy.internal][INFO] 2021-10-22 13:00:54,396: [32mtopic[/rosout] removing connection to /rosout[0m
[rospy.internal][INFO] 2021-10-22 13:00:54,401: [32mtopic[/ss42/line_detector_node/segment_list] removing connection to http://ss42.local:33986/[0m
[rospy.impl.masterslave][INFO] 2021-10-22 13:00:54,403: [32msignal-2[0m
[rospy.core][INFO] 2021-10-22 13:00:54,772: [32msignal_shutdown [atexit][0m
