[rospy.client][INFO] 2021-12-09 13:09:59,046: [32minit_node, name[/ss42/inverse_kinematics_node], pid[7893][0m
[xmlrpc][INFO] 2021-12-09 13:09:59,075: [32mXML-RPC server binding to 0.0.0.0:0[0m
[xmlrpc][INFO] 2021-12-09 13:09:59,086: [32mStarted XML-RPC server [http://ss42.local:34877/][0m
[rospy.init][INFO] 2021-12-09 13:09:59,087: [32mROS Slave URI: [http://ss42.local:34877/][0m
[rospy.impl.masterslave][INFO] 2021-12-09 13:09:59,095: [32m_ready: http://ss42.local:34877/[0m
[xmlrpc][INFO] 2021-12-09 13:09:59,113: [32mxml rpc node: starting XML-RPC server[0m
[rospy.registration][INFO] 2021-12-09 13:09:59,119: [32mRegistering with master node http://ss42.local:11311/[0m
[rospy.init][INFO] 2021-12-09 13:09:59,197: [32mregistered with master[0m
[rospy.rosout][INFO] 2021-12-09 13:09:59,198: [32minitializing /rosout core topic[0m
[rospy.rosout][INFO] 2021-12-09 13:09:59,221: [32mconnected to core topic /rosout[0m
[rospy.simtime][INFO] 2021-12-09 13:09:59,253: [32m/use_sim_time is not set, will not subscribe to simulated time [/clock] topic[0m
[rosout][WARNING] 2021-12-09 13:09:59,324: [33m[/ss42/inverse_kinematics_node] /home/robotikabot/duckiefleet/calibrations/kinematics/ss42.yaml does not exist. Using default.yaml.[0m
[rospy.internal][INFO] 2021-12-09 13:09:59,556: [32mtopic[/rosout] adding connection to [/rosout], count 0[0m
[rosout][INFO] 2021-12-09 13:09:59,587: [32m[/ss42/inverse_kinematics_node] ~gain = 1.0 [0m
[rosout][INFO] 2021-12-09 13:09:59,641: [32m[/ss42/inverse_kinematics_node] ~trim = 0.0 [0m
[rosout][INFO] 2021-12-09 13:09:59,685: [32m[/ss42/inverse_kinematics_node] ~baseline = 0.1 [0m
[rosout][INFO] 2021-12-09 13:09:59,744: [32m[/ss42/inverse_kinematics_node] ~radius = 0.0318 [0m
[rosout][INFO] 2021-12-09 13:09:59,788: [32m[/ss42/inverse_kinematics_node] ~k = 27.0 [0m
[rosout][INFO] 2021-12-09 13:09:59,837: [32m[/ss42/inverse_kinematics_node] ~limit = 1.0 [0m
[rosout][INFO] 2021-12-09 13:10:00,150: [32m[/ss42/inverse_kinematics_node] Initialized.[0m
[rosout][INFO] 2021-12-09 13:10:00,155: [32m[/ss42/inverse_kinematics_node] gain: 1.0 trim: 0.0 baseline: 0.1 radius: 0.0318 k: 27.0 limit: 1.0[0m
[rospy.internal][INFO] 2021-12-09 13:10:00,194: [32mtopic[/ss42/car_cmd_switch_node/cmd] adding connection to [http://ss42.local:42644/], count 0[0m
[rospy.internal][INFO] 2021-12-09 13:10:00,364: [32mtopic[/ss42/wheels_driver_node/wheels_cmd] adding connection to [/ss42/wheels_driver_node], count 0[0m
[rospy.internal][ERROR] 2021-12-09 13:39:39,242: [31mUnable to initiate TCP/IP socket to ss42.local:46066 (http://ss42.local:42644/): Traceback (most recent call last):
  File "/opt/ros/kinetic/lib/python2.7/dist-packages/rospy/impl/tcpros_base.py", line 557, in connect
    self.read_header()
  File "/opt/ros/kinetic/lib/python2.7/dist-packages/rospy/impl/tcpros_base.py", line 650, in read_header
    self._validate_header(read_ros_handshake_header(sock, self.read_buff, self.protocol.buff_size))
  File "/opt/ros/kinetic/lib/python2.7/dist-packages/rospy/impl/tcpros_base.py", line 593, in _validate_header
    raise TransportInitError("remote error reported: %s"%header['error'])
TransportInitError: remote error reported: node shutting down
[0m
[rospy.core][INFO] 2021-12-09 13:39:39,622: [32msignal_shutdown [signal-2][0m
[rospy.internal][INFO] 2021-12-09 13:39:39,636: [32mtopic[/ss42/wheels_driver_node/wheels_cmd] removing connection to /ss42/wheels_driver_node[0m
[rospy.internal][INFO] 2021-12-09 13:39:39,672: [32mtopic[/rosout] removing connection to /rosout[0m
[rospy.internal][INFO] 2021-12-09 13:39:39,674: [32mtopic[/ss42/car_cmd_switch_node/cmd] removing connection to http://ss42.local:42644/[0m
[rospy.impl.masterslave][INFO] 2021-12-09 13:39:39,675: [32msignal-2[0m
[rospy.core][INFO] 2021-12-09 13:39:40,243: [32msignal_shutdown [atexit][0m
