[rospy.client][INFO] 2021-12-09 13:09:48,489: init_node, name[/ss42/fake_coordinator_node], pid[7942]
[xmlrpc][INFO] 2021-12-09 13:09:48,513: XML-RPC server binding to 0.0.0.0:0
[xmlrpc][INFO] 2021-12-09 13:09:48,515: Started XML-RPC server [http://ss42.local:34553/]
[rospy.impl.masterslave][INFO] 2021-12-09 13:09:48,516: _ready: http://ss42.local:34553/
[rospy.init][INFO] 2021-12-09 13:09:48,532: ROS Slave URI: [http://ss42.local:34553/]
[rospy.registration][INFO] 2021-12-09 13:09:48,559: Registering with master node http://ss42.local:11311/
[xmlrpc][INFO] 2021-12-09 13:09:48,560: xml rpc node: starting XML-RPC server
[rospy.init][INFO] 2021-12-09 13:09:48,634: registered with master
[rospy.rosout][INFO] 2021-12-09 13:09:48,635: initializing /rosout core topic
[rospy.rosout][INFO] 2021-12-09 13:09:48,692: connected to core topic /rosout
[rospy.simtime][INFO] 2021-12-09 13:09:48,759: /use_sim_time is not set, will not subscribe to simulated time [/clock] topic
[rospy.internal][INFO] 2021-12-09 13:09:48,918: topic[/rosout] adding connection to [/rosout], count 0
[rospy.internal][INFO] 2021-12-09 13:09:49,170: topic[/ss42/simple_coordinator_node/intersection_go] adding connection to [/ss42/fsm_node], count 0
[rospy.internal][INFO] 2021-12-09 13:09:49,200: topic[/ss42/fsm_node/mode] adding connection to [http://ss42.local:36750/], count 0
[rospy.internal][INFO] 2021-12-09 13:09:49,368: topic[/ss42/simple_coordinator_node/car_cmd] adding connection to [/ss42/car_cmd_switch_node], count 0
[rospy.core][INFO] 2021-12-09 13:39:38,499: signal_shutdown [signal-2]
[rosout][INFO] 2021-12-09 13:39:38,500: [LaneFilterNode] Shutdown.
[rospy.internal][INFO] 2021-12-09 13:39:38,623: topic[/ss42/simple_coordinator_node/intersection_go] removing connection to /ss42/fsm_node
[rospy.internal][INFO] 2021-12-09 13:39:38,628: topic[/rosout] removing connection to /rosout
[rospy.internal][INFO] 2021-12-09 13:39:38,632: topic[/ss42/simple_coordinator_node/car_cmd] removing connection to /ss42/car_cmd_switch_node
[rospy.internal][INFO] 2021-12-09 13:39:38,646: topic[/ss42/fsm_node/mode] removing connection to http://ss42.local:36750/
[rospy.impl.masterslave][INFO] 2021-12-09 13:39:38,650: signal-2
[rospy.internal][WARNING] 2021-12-09 13:39:38,652: Unknown error initiating TCP/IP socket to ss42.local:45650 (http://ss42.local:36750/): Traceback (most recent call last):
  File "/opt/ros/kinetic/lib/python2.7/dist-packages/rospy/impl/tcpros_base.py", line 558, in connect
    self.local_endpoint = self.socket.getsockname()
AttributeError: 'NoneType' object has no attribute 'getsockname'

[rospy.core][INFO] 2021-12-09 13:39:39,170: signal_shutdown [atexit]
