[rospy.client][INFO] 2021-12-09 13:09:48,120: init_node, name[/ss42/logic_gate_node], pid[7909]
[xmlrpc][INFO] 2021-12-09 13:09:48,134: XML-RPC server binding to 0.0.0.0:0
[rospy.init][INFO] 2021-12-09 13:09:48,144: ROS Slave URI: [http://ss42.local:37295/]
[xmlrpc][INFO] 2021-12-09 13:09:48,137: Started XML-RPC server [http://ss42.local:37295/]
[rospy.impl.masterslave][INFO] 2021-12-09 13:09:48,148: _ready: http://ss42.local:37295/
[xmlrpc][INFO] 2021-12-09 13:09:48,175: xml rpc node: starting XML-RPC server
[rospy.registration][INFO] 2021-12-09 13:09:48,185: Registering with master node http://ss42.local:11311/
[rospy.init][INFO] 2021-12-09 13:09:48,247: registered with master
[rospy.rosout][INFO] 2021-12-09 13:09:48,249: initializing /rosout core topic
[rospy.rosout][INFO] 2021-12-09 13:09:48,320: connected to core topic /rosout
[rospy.simtime][INFO] 2021-12-09 13:09:48,355: /use_sim_time is not set, will not subscribe to simulated time [/clock] topic
[rospy.internal][INFO] 2021-12-09 13:09:48,571: topic[/rosout] adding connection to [/rosout], count 0
[rospy.internal][INFO] 2021-12-09 13:09:48,924: topic[/ss42/joy_mapper_node/parallel_autonomy] adding connection to [http://ss42.local:35336/], count 0
[rospy.internal][INFO] 2021-12-09 13:09:48,954: topic[/ss42/logic_gate_node/intersection_done_and_parallel_autonomy] adding connection to [/ss42/fsm_node], count 0
[rospy.internal][INFO] 2021-12-09 13:09:49,078: topic[/ss42/logic_gate_node/intersection_done_and_not_parallel_autonomy] adding connection to [/ss42/fsm_node], count 0
[rospy.core][INFO] 2021-12-09 13:39:38,858: signal_shutdown [signal-2]
[rosout][INFO] 2021-12-09 13:39:38,858: [/ss42/logic_gate_node] Shutting down.
[rospy.internal][INFO] 2021-12-09 13:39:38,880: topic[/ss42/logic_gate_node/intersection_done_and_not_parallel_autonomy] removing connection to /ss42/fsm_node
[rospy.internal][INFO] 2021-12-09 13:39:38,883: topic[/rosout] removing connection to /rosout
[rospy.internal][INFO] 2021-12-09 13:39:38,884: topic[/ss42/logic_gate_node/intersection_done_and_parallel_autonomy] removing connection to /ss42/fsm_node
[rospy.internal][INFO] 2021-12-09 13:39:38,885: topic[/ss42/joy_mapper_node/parallel_autonomy] removing connection to http://ss42.local:35336/
[rospy.impl.masterslave][INFO] 2021-12-09 13:39:38,886: signal-2
[rospy.core][INFO] 2021-12-09 13:39:39,004: signal_shutdown [atexit]
