[rospy.client][INFO] 2021-10-22 11:44:32,718: [32minit_node, name[/ss42/camera_node], pid[5019][0m
[xmlrpc][INFO] 2021-10-22 11:44:32,720: [32mXML-RPC server binding to 0.0.0.0:0[0m
[xmlrpc][INFO] 2021-10-22 11:44:32,721: [32mStarted XML-RPC server [http://ss42.local:46842/][0m
[rospy.impl.masterslave][INFO] 2021-10-22 11:44:32,723: [32m_ready: http://ss42.local:46842/[0m
[rospy.init][INFO] 2021-10-22 11:44:32,724: [32mROS Slave URI: [http://ss42.local:46842/][0m
[rospy.registration][INFO] 2021-10-22 11:44:32,727: [32mRegistering with master node http://ss42.local:11311/[0m
[xmlrpc][INFO] 2021-10-22 11:44:32,727: [32mxml rpc node: starting XML-RPC server[0m
[rospy.init][INFO] 2021-10-22 11:44:32,829: [32mregistered with master[0m
[rospy.rosout][INFO] 2021-10-22 11:44:32,829: [32minitializing /rosout core topic[0m
[rospy.rosout][INFO] 2021-10-22 11:44:32,847: [32mconnected to core topic /rosout[0m
[rospy.simtime][INFO] 2021-10-22 11:44:32,856: [32m/use_sim_time is not set, will not subscribe to simulated time [/clock] topic[0m
[rosout][INFO] 2021-10-22 11:44:32,873: [32m[/ss42/camera_node] Initializing......[0m
[rosout][INFO] 2021-10-22 11:44:32,884: [32m[/ss42/camera_node] ~framerate_high = 30 [0m
[rosout][INFO] 2021-10-22 11:44:32,894: [32m[/ss42/camera_node] ~framerate_low = 15 [0m
[rosout][INFO] 2021-10-22 11:44:32,905: [32m[/ss42/camera_node] ~res_w = 640 [0m
[rosout][INFO] 2021-10-22 11:44:32,916: [32m[/ss42/camera_node] ~res_h = 480 [0m
[rospy.internal][INFO] 2021-10-22 11:44:33,053: [32mtopic[/rosout] adding connection to [/rosout], count 0[0m
[rosout][INFO] 2021-10-22 11:44:33,304: [32m[/ss42/camera_node] Initialized.[0m
[rosout][INFO] 2021-10-22 11:44:33,307: [32m[/ss42/camera_node] Start capturing.[0m
[rospy.internal][INFO] 2021-10-22 11:44:33,378: [32mtopic[/ss42/camera_node/image/compressed] adding connection to [/ss42/decoder_node], count 0[0m
[rospy.internal][INFO] 2021-10-22 11:44:33,385: [32mtopic[/ss42/camera_node/image/compressed] adding connection to [/ss42/cam_info_reader_node], count 1[0m
[rosout][INFO] 2021-10-22 11:44:33,403: [32m[/ss42/camera_node] Published the first image.[0m
[rospy.core][INFO] 2021-10-22 11:49:08,759: [32msignal_shutdown [signal-2][0m
[rosout][INFO] 2021-10-22 11:49:08,760: [32m[/ss42/camera_node] Closing camera.[0m
[rosout][INFO] 2021-10-22 11:49:08,762: [32m[/ss42/camera_node] Shutdown.[0m
[rospy.internal][INFO] 2021-10-22 11:49:08,910: [32mtopic[/ss42/camera_node/image/compressed] removing connection to /ss42/decoder_node[0m
[rospy.internal][INFO] 2021-10-22 11:49:08,911: [32mtopic[/ss42/camera_node/image/compressed] removing connection to /ss42/cam_info_reader_node[0m
[rospy.internal][INFO] 2021-10-22 11:49:08,912: [32mtopic[/rosout] removing connection to /rosout[0m
[rospy.impl.masterslave][INFO] 2021-10-22 11:49:08,913: [32msignal-2[0m
[rosout][INFO] 2021-10-22 11:49:08,946: [32m[/ss42/camera_node] Capture Ended.[0m
[rospy.core][INFO] 2021-10-22 11:49:09,378: [32msignal_shutdown [atexit][0m
