[rospy.client][INFO] 2021-10-22 11:44:30,815: init_node, name[/ss42/decoder_node], pid[5020]
[xmlrpc][INFO] 2021-10-22 11:44:30,818: XML-RPC server binding to 0.0.0.0:0
[rospy.init][INFO] 2021-10-22 11:44:30,822: ROS Slave URI: [http://ss42.local:45336/]
[xmlrpc][INFO] 2021-10-22 11:44:30,823: Started XML-RPC server [http://ss42.local:45336/]
[rospy.impl.masterslave][INFO] 2021-10-22 11:44:30,824: _ready: http://ss42.local:45336/
[rospy.registration][INFO] 2021-10-22 11:44:30,828: Registering with master node http://ss42.local:11311/
[xmlrpc][INFO] 2021-10-22 11:44:30,830: xml rpc node: starting XML-RPC server
[rospy.init][INFO] 2021-10-22 11:44:30,923: registered with master
[rospy.rosout][INFO] 2021-10-22 11:44:30,924: initializing /rosout core topic
[rospy.rosout][INFO] 2021-10-22 11:44:30,936: connected to core topic /rosout
[rospy.simtime][INFO] 2021-10-22 11:44:30,944: /use_sim_time is not set, will not subscribe to simulated time [/clock] topic
[rosout][INFO] 2021-10-22 11:44:30,992: [/ss42/decoder_node] ~publish_freq = 2.0 
[rospy.internal][INFO] 2021-10-22 11:44:31,246: topic[/rosout] adding connection to [/rosout], count 0
[rospy.internal][INFO] 2021-10-22 11:44:32,870: topic[/ss42/camera_node/image/raw] adding connection to [/ss42/raw_cam_info_reader_node], count 0
[rospy.internal][INFO] 2021-10-22 11:44:33,369: topic[/ss42/camera_node/image/compressed] adding connection to [http://ss42.local:46842/], count 0
[rospy.internal][INFO] 2021-10-22 11:46:05,667: topic[/ss42/camera_node/image/raw] adding connection to [/rviz_1634895940464419842], count 1
[rospy.internal][INFO] 2021-10-22 11:46:26,979: topic[/ss42/camera_node/image/raw] removing connection to /rviz_1634895940464419842
[rospy.core][INFO] 2021-10-22 11:49:08,762: signal_shutdown [signal-2]
[rospy.internal][INFO] 2021-10-22 11:49:08,884: topic[/ss42/camera_node/image/raw] removing connection to /ss42/raw_cam_info_reader_node
[rospy.internal][INFO] 2021-10-22 11:49:08,886: topic[/rosout] removing connection to /rosout
[rospy.internal][WARNING] 2021-10-22 11:49:08,890: Unknown error initiating TCP/IP socket to ss42.local:37287 (http://ss42.local:46842/): Traceback (most recent call last):
  File "/opt/ros/kinetic/lib/python2.7/dist-packages/rospy/impl/tcpros_base.py", line 558, in connect
    self.local_endpoint = self.socket.getsockname()
AttributeError: 'NoneType' object has no attribute 'getsockname'

[rospy.internal][INFO] 2021-10-22 11:49:08,888: topic[/ss42/camera_node/image/compressed] removing connection to http://ss42.local:46842/
[rospy.impl.masterslave][INFO] 2021-10-22 11:49:08,891: signal-2
[rospy.core][INFO] 2021-10-22 11:49:09,407: signal_shutdown [atexit]
