[rospy.client][INFO] 2021-12-06 07:56:39,963: [32minit_node, name[/ss42/line_detector_node], pid[5366][0m
[xmlrpc][INFO] 2021-12-06 07:56:39,967: [32mXML-RPC server binding to 0.0.0.0:0[0m
[xmlrpc][INFO] 2021-12-06 07:56:39,970: [32mStarted XML-RPC server [http://ss42.local:33208/][0m
[rospy.init][INFO] 2021-12-06 07:56:39,971: [32mROS Slave URI: [http://ss42.local:33208/][0m
[rospy.impl.masterslave][INFO] 2021-12-06 07:56:39,972: [32m_ready: http://ss42.local:33208/[0m
[rospy.registration][INFO] 2021-12-06 07:56:39,978: [32mRegistering with master node http://ss42.local:11311/[0m
[xmlrpc][INFO] 2021-12-06 07:56:39,979: [32mxml rpc node: starting XML-RPC server[0m
[rospy.init][INFO] 2021-12-06 07:56:40,074: [32mregistered with master[0m
[rospy.rosout][INFO] 2021-12-06 07:56:40,075: [32minitializing /rosout core topic[0m
[rospy.rosout][INFO] 2021-12-06 07:56:40,096: [32mconnected to core topic /rosout[0m
[rospy.simtime][INFO] 2021-12-06 07:56:40,119: [32m/use_sim_time is not set, will not subscribe to simulated time [/clock] topic[0m
[rosout][INFO] 2021-12-06 07:56:40,163: [32m[LineDetectorNode] Verbose is now False[0m
[rosout][INFO] 2021-12-06 07:56:40,229: [32m[LineDetectorNode] new detector config: ['line_detector.LineDetectorHSV', {'configuration': {'hough_max_line_gap': 1, 'dilation_kernel_size': 3, 'hsv_yellow1': [25, 140, 100], 'hsv_yellow2': [45, 255, 255], 'hsv_white1': [0, 0, 150], 'hsv_white2': [180, 60, 255], 'hough_min_line_length': 3, 'hough_threshold': 2, 'canny_thresholds': [80, 200], 'hsv_red4': [180, 255, 255], 'hsv_red1': [0, 140, 100], 'hsv_red3': [165, 140, 100], 'hsv_red2': [15, 255, 255]}}][0m
[rospy.internal][INFO] 2021-12-06 07:56:40,338: [32mtopic[/ss42/camera_node/image/compressed] adding connection to [http://ss42.local:37327/], count 0[0m
[rospy.internal][INFO] 2021-12-06 07:56:40,346: [32mtopic[/rosout] adding connection to [/rosout], count 0[0m
[rosout][INFO] 2021-12-06 07:56:40,386: [32m[LineDetectorNode] Initialized (verbose = False).[0m
[rospy.internal][INFO] 2021-12-06 07:56:40,405: [32mtopic[/ss42/line_detector_node/segment_list] adding connection to [/ss42/ground_projection], count 0[0m
[rosout][INFO] 2021-12-06 07:56:40,427: [32mline_detector_node received first image.[0m
[rosout][INFO] 2021-12-06 07:56:40,432: [32mline_detector_node processing first image.[0m
[rospy.internal][INFO] 2021-12-06 07:56:40,470: [32mtopic[/ss42/line_detector_node/switch] adding connection to [http://ss42.local:36746/], count 0[0m
[rospy.internal][INFO] 2021-12-06 07:56:40,599: [32mtopic[/ss42/anti_instagram_node/transform] adding connection to [http://ss42.local:44728/], count 0[0m
[rosout][INFO] 2021-12-06 07:56:40,610: [32m[LineDetectorNode]   1:# segments: white   1 yellow  18 red   0[0m
[rosout][INFO] 2021-12-06 07:56:40,623: [32m[LineDetectorNode]   1:
Latencies:
               acquired | total latency    15.2 ms | delta wall     None clock     None
                decoded | total latency    92.4 ms | delta wall  77.1 ms clock  61.6 ms
                resized | total latency    93.7 ms | delta wall   1.3 ms clock   1.4 ms
              corrected | total latency   100.9 ms | delta wall   7.2 ms clock   5.8 ms
               detected | total latency   179.0 ms | delta wall  78.1 ms clock  53.7 ms
               prepared | total latency   194.7 ms | delta wall  15.7 ms clock  12.3 ms
          --pub_lines-- | total latency   200.0 ms | delta wall   5.3 ms clock   3.1 ms
[0m
[rosout][INFO] 2021-12-06 07:56:40,650: [32m[LineDetectorNode]   1:In the last 0.5 s: received 7 (14.0 fps) processed 2 (4.0 fps) skipped 5 (10.0 fps) (71%)[0m
[rosout][INFO] 2021-12-06 07:56:53,452: [32m[LineDetectorNode] 101:# segments: white   0 yellow  15 red   0[0m
[rosout][INFO] 2021-12-06 07:56:53,468: [32m[LineDetectorNode] 101:
Latencies:
               acquired | total latency     8.4 ms | delta wall     None clock     None
                decoded | total latency    61.0 ms | delta wall  52.6 ms clock  44.8 ms
                resized | total latency    62.8 ms | delta wall   1.8 ms clock   1.5 ms
              corrected | total latency    85.0 ms | delta wall  22.1 ms clock   8.1 ms
               detected | total latency   106.2 ms | delta wall  21.2 ms clock  22.8 ms
               prepared | total latency   112.9 ms | delta wall   6.8 ms clock   6.7 ms
          --pub_lines-- | total latency   124.3 ms | delta wall  11.4 ms clock   4.3 ms
[0m
[rosout][INFO] 2021-12-06 07:56:53,477: [32m[LineDetectorNode] 101:In the last 12.8 s: received 327 (25.5 fps) processed 100 (7.8 fps) skipped 227 (17.7 fps) (69%)[0m
[rosout][INFO] 2021-12-06 07:57:12,911: [32m[LineDetectorNode] 201:# segments: white   2 yellow  11 red   0[0m
[rosout][INFO] 2021-12-06 07:57:12,916: [32m[LineDetectorNode] 201:
Latencies:
               acquired | total latency    10.6 ms | delta wall     None clock     None
                decoded | total latency    58.5 ms | delta wall  47.8 ms clock  41.9 ms
                resized | total latency    60.1 ms | delta wall   1.6 ms clock   1.4 ms
              corrected | total latency    65.4 ms | delta wall   5.4 ms clock   5.0 ms
               detected | total latency    91.6 ms | delta wall  26.1 ms clock  27.8 ms
               prepared | total latency    97.1 ms | delta wall   5.5 ms clock   5.1 ms
          --pub_lines-- | total latency    98.9 ms | delta wall   1.8 ms clock   1.7 ms
[0m
[rosout][INFO] 2021-12-06 07:57:12,957: [32m[LineDetectorNode] 201:In the last 19.5 s: received 334 (17.2 fps) processed 100 (5.1 fps) skipped 234 (12.0 fps) (70%)[0m
[rosout][INFO] 2021-12-06 07:57:25,773: [32m[LineDetectorNode] 301:# segments: white   7 yellow   1 red   0[0m
[rosout][INFO] 2021-12-06 07:57:25,779: [32m[LineDetectorNode] 301:
Latencies:
               acquired | total latency     9.5 ms | delta wall     None clock     None
                decoded | total latency    82.1 ms | delta wall  72.6 ms clock  47.8 ms
                resized | total latency    83.6 ms | delta wall   1.5 ms clock   1.5 ms
              corrected | total latency    89.2 ms | delta wall   5.7 ms clock   4.8 ms
               detected | total latency   108.8 ms | delta wall  19.6 ms clock  21.4 ms
               prepared | total latency   114.1 ms | delta wall   5.3 ms clock   4.9 ms
          --pub_lines-- | total latency   115.4 ms | delta wall   1.3 ms clock   1.5 ms
[0m
[rosout][INFO] 2021-12-06 07:57:25,811: [32m[LineDetectorNode] 301:In the last 12.9 s: received 259 (20.2 fps) processed 100 (7.8 fps) skipped 159 (12.4 fps) (61%)[0m
[rosout][INFO] 2021-12-06 07:57:38,106: [32m[LineDetectorNode] 401:# segments: white  18 yellow   0 red   0[0m
[rosout][INFO] 2021-12-06 07:57:38,112: [32m[LineDetectorNode] 401:
Latencies:
               acquired | total latency     7.5 ms | delta wall     None clock     None
                decoded | total latency    56.6 ms | delta wall  49.1 ms clock  42.3 ms
                resized | total latency    58.3 ms | delta wall   1.7 ms clock   1.5 ms
              corrected | total latency    62.7 ms | delta wall   4.4 ms clock   4.5 ms
               detected | total latency    89.6 ms | delta wall  26.9 ms clock  30.7 ms
               prepared | total latency    95.3 ms | delta wall   5.7 ms clock   5.7 ms
          --pub_lines-- | total latency    97.3 ms | delta wall   2.0 ms clock   2.0 ms
[0m
[rosout][INFO] 2021-12-06 07:57:38,158: [32m[LineDetectorNode] 401:In the last 12.3 s: received 335 (27.1 fps) processed 100 (8.1 fps) skipped 235 (19.0 fps) (70%)[0m
[rosout][INFO] 2021-12-06 07:57:51,076: [32m[LineDetectorNode] 501:# segments: white   2 yellow   0 red   0[0m
[rosout][INFO] 2021-12-06 07:57:51,084: [32m[LineDetectorNode] 501:
Latencies:
               acquired | total latency    10.6 ms | delta wall     None clock     None
                decoded | total latency    65.3 ms | delta wall  54.8 ms clock  45.0 ms
                resized | total latency    67.1 ms | delta wall   1.8 ms clock   1.9 ms
              corrected | total latency    75.5 ms | delta wall   8.4 ms clock   9.1 ms
               detected | total latency    96.8 ms | delta wall  21.3 ms clock  19.7 ms
               prepared | total latency   103.3 ms | delta wall   6.5 ms clock   5.3 ms
          --pub_lines-- | total latency   105.0 ms | delta wall   1.6 ms clock   1.2 ms
[0m
[rosout][INFO] 2021-12-06 07:57:51,091: [32m[LineDetectorNode] 501:In the last 12.9 s: received 244 (18.9 fps) processed 100 (7.7 fps) skipped 144 (11.1 fps) (59%)[0m
[rosout][INFO] 2021-12-06 07:58:02,026: [32m[LineDetectorNode] 601:# segments: white   0 yellow  12 red   0[0m
[rosout][INFO] 2021-12-06 07:58:02,042: [32m[LineDetectorNode] 601:
Latencies:
               acquired | total latency    13.4 ms | delta wall     None clock     None
                decoded | total latency    59.2 ms | delta wall  45.8 ms clock  44.8 ms
                resized | total latency    61.6 ms | delta wall   2.4 ms clock   1.7 ms
              corrected | total latency    67.9 ms | delta wall   6.3 ms clock   5.3 ms
               detected | total latency    91.8 ms | delta wall  23.8 ms clock  25.7 ms
               prepared | total latency    97.6 ms | delta wall   5.8 ms clock   5.8 ms
          --pub_lines-- | total latency   109.5 ms | delta wall  11.9 ms clock   6.3 ms
[0m
[rosout][INFO] 2021-12-06 07:58:02,070: [32m[LineDetectorNode] 601:In the last 11.0 s: received 330 (30.1 fps) processed 100 (9.1 fps) skipped 230 (21.0 fps) (70%)[0m
[rosout][INFO] 2021-12-06 07:58:15,894: [32m[LineDetectorNode] 701:# segments: white   5 yellow   0 red   0[0m
[rosout][INFO] 2021-12-06 07:58:15,902: [32m[LineDetectorNode] 701:
Latencies:
               acquired | total latency     5.0 ms | delta wall     None clock     None
                decoded | total latency    46.8 ms | delta wall  41.8 ms clock  38.5 ms
                resized | total latency    48.3 ms | delta wall   1.5 ms clock   1.5 ms
              corrected | total latency    52.7 ms | delta wall   4.4 ms clock   4.4 ms
               detected | total latency    73.3 ms | delta wall  20.5 ms clock  21.2 ms
               prepared | total latency    80.6 ms | delta wall   7.3 ms clock   5.8 ms
          --pub_lines-- | total latency    81.9 ms | delta wall   1.3 ms clock   1.5 ms
[0m
[rosout][INFO] 2021-12-06 07:58:15,962: [32m[LineDetectorNode] 701:In the last 13.9 s: received 215 (15.5 fps) processed 100 (7.2 fps) skipped 115 (8.3 fps) (53%)[0m
[rosout][INFO] 2021-12-06 07:58:27,512: [32m[LineDetectorNode] 801:# segments: white  11 yellow   0 red   0[0m
[rosout][INFO] 2021-12-06 07:58:27,517: [32m[LineDetectorNode] 801:
Latencies:
               acquired | total latency     6.0 ms | delta wall     None clock     None
                decoded | total latency    56.0 ms | delta wall  50.0 ms clock  43.2 ms
                resized | total latency    57.5 ms | delta wall   1.5 ms clock   1.4 ms
              corrected | total latency    62.2 ms | delta wall   4.7 ms clock   4.5 ms
               detected | total latency    89.7 ms | delta wall  27.5 ms clock  26.1 ms
               prepared | total latency    94.7 ms | delta wall   5.0 ms clock   5.2 ms
          --pub_lines-- | total latency    97.0 ms | delta wall   2.3 ms clock   1.9 ms
[0m
[rosout][INFO] 2021-12-06 07:58:27,530: [32m[LineDetectorNode] 801:In the last 11.6 s: received 311 (26.9 fps) processed 100 (8.6 fps) skipped 211 (18.2 fps) (68%)[0m
[rosout][INFO] 2021-12-06 07:58:40,000: [32m[LineDetectorNode] 901:# segments: white   0 yellow  22 red   0[0m
[rosout][INFO] 2021-12-06 07:58:40,010: [32m[LineDetectorNode] 901:
Latencies:
               acquired | total latency    11.5 ms | delta wall     None clock     None
                decoded | total latency    78.3 ms | delta wall  66.8 ms clock  50.2 ms
                resized | total latency    82.7 ms | delta wall   4.4 ms clock   1.5 ms
              corrected | total latency    87.3 ms | delta wall   4.6 ms clock   4.5 ms
               detected | total latency   118.0 ms | delta wall  30.7 ms clock  27.7 ms
               prepared | total latency   125.0 ms | delta wall   7.0 ms clock   6.5 ms
          --pub_lines-- | total latency   130.8 ms | delta wall   5.9 ms clock   2.9 ms
[0m
[rosout][INFO] 2021-12-06 07:58:40,063: [32m[LineDetectorNode] 901:In the last 12.5 s: received 376 (30.0 fps) processed 100 (8.0 fps) skipped 276 (22.0 fps) (73%)[0m
[rosout][INFO] 2021-12-06 07:58:52,526: [32m[LineDetectorNode] 1001:# segments: white   0 yellow  22 red   0[0m
[rosout][INFO] 2021-12-06 07:58:52,536: [32m[LineDetectorNode] 1001:
Latencies:
               acquired | total latency    17.7 ms | delta wall     None clock     None
                decoded | total latency    92.4 ms | delta wall  74.6 ms clock  58.7 ms
                resized | total latency    94.0 ms | delta wall   1.6 ms clock   1.5 ms
              corrected | total latency    99.2 ms | delta wall   5.2 ms clock   4.8 ms
               detected | total latency   128.8 ms | delta wall  29.6 ms clock  27.3 ms
               prepared | total latency   134.8 ms | delta wall   6.0 ms clock   6.4 ms
          --pub_lines-- | total latency   142.1 ms | delta wall   7.2 ms clock   3.9 ms
[0m
[rosout][INFO] 2021-12-06 07:58:52,542: [32m[LineDetectorNode] 1001:In the last 12.5 s: received 375 (30.1 fps) processed 100 (8.0 fps) skipped 275 (22.0 fps) (73%)[0m
[rosout][INFO] 2021-12-06 07:59:05,862: [32m[LineDetectorNode] 1101:# segments: white  16 yellow   0 red   0[0m
[rosout][INFO] 2021-12-06 07:59:05,879: [32m[LineDetectorNode] 1101:
Latencies:
               acquired | total latency    10.1 ms | delta wall     None clock     None
                decoded | total latency    53.9 ms | delta wall  43.8 ms clock  35.3 ms
                resized | total latency    54.9 ms | delta wall   1.0 ms clock   1.0 ms
              corrected | total latency    63.6 ms | delta wall   8.8 ms clock   5.1 ms
               detected | total latency    89.1 ms | delta wall  25.4 ms clock  24.9 ms
               prepared | total latency    94.2 ms | delta wall   5.1 ms clock   4.9 ms
          --pub_lines-- | total latency    95.8 ms | delta wall   1.7 ms clock   1.9 ms
[0m
[rosout][INFO] 2021-12-06 07:59:05,912: [32m[LineDetectorNode] 1101:In the last 13.4 s: received 292 (21.8 fps) processed 100 (7.5 fps) skipped 192 (14.4 fps) (66%)[0m
[rosout][INFO] 2021-12-06 07:59:18,680: [32m[LineDetectorNode] 1201:# segments: white   0 yellow   5 red   0[0m
[rosout][INFO] 2021-12-06 07:59:18,693: [32m[LineDetectorNode] 1201:
Latencies:
               acquired | total latency    11.7 ms | delta wall     None clock     None
                decoded | total latency    58.9 ms | delta wall  47.2 ms clock  42.7 ms
                resized | total latency    60.4 ms | delta wall   1.5 ms clock   1.4 ms
              corrected | total latency    65.1 ms | delta wall   4.7 ms clock   4.7 ms
               detected | total latency    87.4 ms | delta wall  22.3 ms clock  22.8 ms
               prepared | total latency   100.9 ms | delta wall  13.5 ms clock   9.4 ms
          --pub_lines-- | total latency   101.9 ms | delta wall   1.0 ms clock   1.0 ms
[0m
[rosout][INFO] 2021-12-06 07:59:18,731: [32m[LineDetectorNode] 1201:In the last 12.8 s: received 325 (25.4 fps) processed 100 (7.8 fps) skipped 225 (17.6 fps) (69%)[0m
[rosout][INFO] 2021-12-06 07:59:31,580: [32m[LineDetectorNode] 1301:# segments: white  10 yellow   0 red   0[0m
[rosout][INFO] 2021-12-06 07:59:31,584: [32m[LineDetectorNode] 1301:
Latencies:
               acquired | total latency     8.7 ms | delta wall     None clock     None
                decoded | total latency    50.8 ms | delta wall  42.1 ms clock  39.9 ms
                resized | total latency    52.9 ms | delta wall   2.1 ms clock   1.9 ms
              corrected | total latency    57.8 ms | delta wall   4.8 ms clock   4.8 ms
               detected | total latency    91.1 ms | delta wall  33.3 ms clock  24.8 ms
               prepared | total latency    96.0 ms | delta wall   4.9 ms clock   4.9 ms
          --pub_lines-- | total latency    97.3 ms | delta wall   1.3 ms clock   1.4 ms
[0m
[rosout][INFO] 2021-12-06 07:59:31,628: [32m[LineDetectorNode] 1301:In the last 12.9 s: received 224 (17.4 fps) processed 100 (7.8 fps) skipped 124 (9.6 fps) (55%)[0m
[rosout][INFO] 2021-12-06 07:59:44,162: [32m[LineDetectorNode] 1401:# segments: white   0 yellow   0 red   0[0m
[rosout][INFO] 2021-12-06 07:59:44,168: [32m[LineDetectorNode] 1401:
Latencies:
               acquired | total latency    19.1 ms | delta wall     None clock     None
                decoded | total latency    68.1 ms | delta wall  49.0 ms clock  42.6 ms
                resized | total latency    69.9 ms | delta wall   1.9 ms clock   1.2 ms
              corrected | total latency    74.7 ms | delta wall   4.7 ms clock   4.6 ms
               detected | total latency    96.9 ms | delta wall  22.3 ms clock  21.0 ms
               prepared | total latency   101.3 ms | delta wall   4.3 ms clock   3.6 ms
          --pub_lines-- | total latency   102.2 ms | delta wall   1.0 ms clock   1.2 ms
[0m
[rosout][INFO] 2021-12-06 07:59:44,180: [32m[LineDetectorNode] 1401:In the last 12.5 s: received 250 (19.9 fps) processed 100 (8.0 fps) skipped 150 (12.0 fps) (60%)[0m
[rosout][INFO] 2021-12-06 07:59:56,773: [32m[LineDetectorNode] 1501:# segments: white   6 yellow   0 red   0[0m
[rosout][INFO] 2021-12-06 07:59:56,778: [32m[LineDetectorNode] 1501:
Latencies:
               acquired | total latency    23.3 ms | delta wall     None clock     None
                decoded | total latency    73.6 ms | delta wall  50.3 ms clock  47.2 ms
                resized | total latency    75.4 ms | delta wall   1.7 ms clock   1.6 ms
              corrected | total latency    80.1 ms | delta wall   4.8 ms clock   5.0 ms
               detected | total latency    97.7 ms | delta wall  17.5 ms clock  19.9 ms
               prepared | total latency   102.2 ms | delta wall   4.5 ms clock   4.5 ms
          --pub_lines-- | total latency   103.2 ms | delta wall   1.1 ms clock   1.1 ms
[0m
[rosout][INFO] 2021-12-06 07:59:56,814: [32m[LineDetectorNode] 1501:In the last 12.6 s: received 251 (19.9 fps) processed 100 (7.9 fps) skipped 151 (12.0 fps) (60%)[0m
[rosout][INFO] 2021-12-06 08:00:13,082: [32m[LineDetectorNode] 1601:# segments: white   3 yellow   0 red   0[0m
[rosout][INFO] 2021-12-06 08:00:13,088: [32m[LineDetectorNode] 1601:
Latencies:
               acquired | total latency    20.1 ms | delta wall     None clock     None
                decoded | total latency    65.7 ms | delta wall  45.6 ms clock  43.9 ms
                resized | total latency    67.8 ms | delta wall   2.1 ms clock   1.7 ms
              corrected | total latency    73.7 ms | delta wall   6.0 ms clock   4.9 ms
               detected | total latency   123.5 ms | delta wall  49.7 ms clock  27.7 ms
               prepared | total latency   129.4 ms | delta wall   5.9 ms clock   4.8 ms
          --pub_lines-- | total latency   130.7 ms | delta wall   1.3 ms clock   0.9 ms
[0m
[rosout][INFO] 2021-12-06 08:00:13,445: [32m[LineDetectorNode] 1601:In the last 16.6 s: received 267 (16.1 fps) processed 100 (6.0 fps) skipped 167 (10.0 fps) (63%)[0m
[rosout][INFO] 2021-12-06 08:00:25,531: [32m[LineDetectorNode] 1701:# segments: white   0 yellow   0 red   0[0m
[rosout][INFO] 2021-12-06 08:00:25,535: [32m[LineDetectorNode] 1701:
Latencies:
               acquired | total latency     4.7 ms | delta wall     None clock     None
                decoded | total latency    47.9 ms | delta wall  43.2 ms clock  40.1 ms
                resized | total latency    48.9 ms | delta wall   1.0 ms clock   0.9 ms
              corrected | total latency    53.3 ms | delta wall   4.4 ms clock   4.3 ms
               detected | total latency    68.8 ms | delta wall  15.6 ms clock  16.5 ms
               prepared | total latency    72.1 ms | delta wall   3.3 ms clock   3.3 ms
          --pub_lines-- | total latency    72.9 ms | delta wall   0.7 ms clock   0.7 ms
[0m
[rosout][INFO] 2021-12-06 08:00:25,569: [32m[LineDetectorNode] 1701:In the last 12.1 s: received 276 (22.8 fps) processed 100 (8.3 fps) skipped 176 (14.5 fps) (64%)[0m
[rosout][INFO] 2021-12-06 08:00:35,639: [32m[LineDetectorNode] 1801:# segments: white   0 yellow   0 red   0[0m
[rosout][INFO] 2021-12-06 08:00:35,650: [32m[LineDetectorNode] 1801:
Latencies:
               acquired | total latency     5.7 ms | delta wall     None clock     None
                decoded | total latency    44.4 ms | delta wall  38.7 ms clock  37.6 ms
                resized | total latency    45.5 ms | delta wall   1.1 ms clock   1.2 ms
              corrected | total latency    60.4 ms | delta wall  14.9 ms clock   9.5 ms
               detected | total latency    77.3 ms | delta wall  16.9 ms clock  19.0 ms
               prepared | total latency    92.4 ms | delta wall  15.1 ms clock   8.2 ms
          --pub_lines-- | total latency    93.3 ms | delta wall   1.0 ms clock   0.8 ms
[0m
[rosout][INFO] 2021-12-06 08:00:35,684: [32m[LineDetectorNode] 1801:In the last 10.1 s: received 303 (30.0 fps) processed 100 (9.9 fps) skipped 203 (20.1 fps) (67%)[0m
[rosout][INFO] 2021-12-06 08:00:45,820: [32m[LineDetectorNode] 1901:# segments: white   0 yellow   0 red   0[0m
[rosout][INFO] 2021-12-06 08:00:45,831: [32m[LineDetectorNode] 1901:
Latencies:
               acquired | total latency    10.2 ms | delta wall     None clock     None
                decoded | total latency    93.5 ms | delta wall  83.3 ms clock  46.6 ms
                resized | total latency   104.7 ms | delta wall  11.2 ms clock   3.6 ms
              corrected | total latency   110.1 ms | delta wall   5.5 ms clock   4.7 ms
               detected | total latency   127.8 ms | delta wall  17.6 ms clock  16.8 ms
               prepared | total latency   138.2 ms | delta wall  10.5 ms clock   7.4 ms
          --pub_lines-- | total latency   139.0 ms | delta wall   0.8 ms clock   1.1 ms
[0m
[rosout][INFO] 2021-12-06 08:00:45,865: [32m[LineDetectorNode] 1901:In the last 10.2 s: received 306 (30.1 fps) processed 100 (9.8 fps) skipped 206 (20.2 fps) (67%)[0m
[rosout][INFO] 2021-12-06 08:00:56,124: [32m[LineDetectorNode] 2001:# segments: white   0 yellow   0 red   0[0m
[rosout][INFO] 2021-12-06 08:00:56,131: [32m[LineDetectorNode] 2001:
Latencies:
               acquired | total latency     6.8 ms | delta wall     None clock     None
                decoded | total latency    51.5 ms | delta wall  44.8 ms clock  44.7 ms
                resized | total latency    54.5 ms | delta wall   3.0 ms clock   1.6 ms
              corrected | total latency    58.9 ms | delta wall   4.4 ms clock   4.4 ms
               detected | total latency    78.3 ms | delta wall  19.4 ms clock  18.1 ms
               prepared | total latency    83.4 ms | delta wall   5.2 ms clock   4.6 ms
          --pub_lines-- | total latency    85.1 ms | delta wall   1.6 ms clock   1.6 ms
[0m
[rosout][INFO] 2021-12-06 08:00:56,138: [32m[LineDetectorNode] 2001:In the last 10.3 s: received 308 (30.0 fps) processed 100 (9.7 fps) skipped 208 (20.3 fps) (68%)[0m
[rosout][INFO] 2021-12-06 08:01:05,993: [32m[LineDetectorNode] 2101:# segments: white   0 yellow   0 red   0[0m
[rosout][INFO] 2021-12-06 08:01:06,000: [32m[LineDetectorNode] 2101:
Latencies:
               acquired | total latency     8.5 ms | delta wall     None clock     None
                decoded | total latency    57.0 ms | delta wall  48.5 ms clock  40.4 ms
                resized | total latency    58.1 ms | delta wall   1.2 ms clock   1.0 ms
              corrected | total latency    62.5 ms | delta wall   4.4 ms clock   4.4 ms
               detected | total latency    86.0 ms | delta wall  23.5 ms clock  19.6 ms
               prepared | total latency    90.1 ms | delta wall   4.1 ms clock   3.6 ms
          --pub_lines-- | total latency    90.8 ms | delta wall   0.7 ms clock   0.7 ms
[0m
[rosout][INFO] 2021-12-06 08:01:06,019: [32m[LineDetectorNode] 2101:In the last 9.9 s: received 297 (30.1 fps) processed 100 (10.1 fps) skipped 197 (19.9 fps) (66%)[0m
[rosout][INFO] 2021-12-06 08:01:15,766: [32m[LineDetectorNode] 2201:# segments: white   0 yellow   0 red   0[0m
[rosout][INFO] 2021-12-06 08:01:15,772: [32m[LineDetectorNode] 2201:
Latencies:
               acquired | total latency    13.0 ms | delta wall     None clock     None
                decoded | total latency    59.3 ms | delta wall  46.3 ms clock  46.1 ms
                resized | total latency    61.2 ms | delta wall   1.9 ms clock   1.6 ms
              corrected | total latency    65.9 ms | delta wall   4.8 ms clock   4.8 ms
               detected | total latency    94.8 ms | delta wall  28.8 ms clock  23.1 ms
               prepared | total latency    99.9 ms | delta wall   5.1 ms clock   4.4 ms
          --pub_lines-- | total latency   101.0 ms | delta wall   1.1 ms clock   1.0 ms
[0m
[rosout][INFO] 2021-12-06 08:01:15,786: [32m[LineDetectorNode] 2201:In the last 9.8 s: received 293 (30.0 fps) processed 100 (10.2 fps) skipped 193 (19.8 fps) (66%)[0m
[rosout][INFO] 2021-12-06 08:01:26,166: [32m[LineDetectorNode] 2301:# segments: white   0 yellow   0 red   0[0m
[rosout][INFO] 2021-12-06 08:01:26,172: [32m[LineDetectorNode] 2301:
Latencies:
               acquired | total latency     5.9 ms | delta wall     None clock     None
                decoded | total latency    49.1 ms | delta wall  43.1 ms clock  40.2 ms
                resized | total latency    50.1 ms | delta wall   1.1 ms clock   1.0 ms
              corrected | total latency    55.1 ms | delta wall   5.0 ms clock   4.5 ms
               detected | total latency    69.2 ms | delta wall  14.1 ms clock  16.4 ms
               prepared | total latency    73.5 ms | delta wall   4.3 ms clock   3.8 ms
          --pub_lines-- | total latency    74.6 ms | delta wall   1.1 ms clock   1.1 ms
[0m
[rosout][INFO] 2021-12-06 08:01:26,203: [32m[LineDetectorNode] 2301:In the last 10.4 s: received 313 (30.1 fps) processed 100 (9.6 fps) skipped 213 (20.5 fps) (68%)[0m
[rosout][INFO] 2021-12-06 08:01:36,383: [32m[LineDetectorNode] 2401:# segments: white   0 yellow   0 red   0[0m
[rosout][INFO] 2021-12-06 08:01:36,389: [32m[LineDetectorNode] 2401:
Latencies:
               acquired | total latency    20.2 ms | delta wall     None clock     None
                decoded | total latency    91.2 ms | delta wall  70.9 ms clock  51.1 ms
                resized | total latency    92.8 ms | delta wall   1.7 ms clock   1.4 ms
              corrected | total latency    98.0 ms | delta wall   5.1 ms clock   4.6 ms
               detected | total latency   124.2 ms | delta wall  26.2 ms clock  19.7 ms
               prepared | total latency   129.0 ms | delta wall   4.9 ms clock   3.5 ms
          --pub_lines-- | total latency   129.7 ms | delta wall   0.7 ms clock   0.7 ms
[0m
[rosout][INFO] 2021-12-06 08:01:36,407: [32m[LineDetectorNode] 2401:In the last 10.2 s: received 306 (30.0 fps) processed 100 (9.8 fps) skipped 206 (20.2 fps) (67%)[0m
[rosout][INFO] 2021-12-06 08:01:46,456: [32m[LineDetectorNode] 2501:# segments: white   0 yellow   0 red   0[0m
[rosout][INFO] 2021-12-06 08:01:46,467: [32m[LineDetectorNode] 2501:
Latencies:
               acquired | total latency     8.6 ms | delta wall     None clock     None
                decoded | total latency    69.6 ms | delta wall  61.1 ms clock  59.9 ms
                resized | total latency    71.7 ms | delta wall   2.1 ms clock   2.0 ms
              corrected | total latency    81.3 ms | delta wall   9.6 ms clock  10.5 ms
               detected | total latency   101.8 ms | delta wall  20.6 ms clock  20.5 ms
               prepared | total latency   112.6 ms | delta wall  10.8 ms clock   6.0 ms
          --pub_lines-- | total latency   113.2 ms | delta wall   0.6 ms clock   0.6 ms
[0m
[rosout][INFO] 2021-12-06 08:01:46,497: [32m[LineDetectorNode] 2501:In the last 10.1 s: received 303 (30.0 fps) processed 100 (9.9 fps) skipped 203 (20.1 fps) (67%)[0m
[rosout][INFO] 2021-12-06 08:01:56,924: [32m[LineDetectorNode] 2601:# segments: white   0 yellow   0 red   0[0m
[rosout][INFO] 2021-12-06 08:01:56,928: [32m[LineDetectorNode] 2601:
Latencies:
               acquired | total latency     8.2 ms | delta wall     None clock     None
                decoded | total latency    73.4 ms | delta wall  65.2 ms clock  50.0 ms
                resized | total latency    75.6 ms | delta wall   2.2 ms clock   1.7 ms
              corrected | total latency    81.9 ms | delta wall   6.3 ms clock   5.4 ms
               detected | total latency   103.1 ms | delta wall  21.2 ms clock  20.9 ms
               prepared | total latency   106.4 ms | delta wall   3.3 ms clock   3.5 ms
          --pub_lines-- | total latency   107.3 ms | delta wall   0.9 ms clock   1.2 ms
[0m
[rosout][INFO] 2021-12-06 08:01:56,956: [32m[LineDetectorNode] 2601:In the last 10.5 s: received 314 (30.0 fps) processed 100 (9.6 fps) skipped 214 (20.5 fps) (68%)[0m
[rosout][INFO] 2021-12-06 08:02:07,273: [32m[LineDetectorNode] 2701:# segments: white   0 yellow   0 red   0[0m
[rosout][INFO] 2021-12-06 08:02:07,277: [32m[LineDetectorNode] 2701:
Latencies:
               acquired | total latency    12.6 ms | delta wall     None clock     None
                decoded | total latency    67.1 ms | delta wall  54.5 ms clock  46.5 ms
                resized | total latency    69.4 ms | delta wall   2.3 ms clock   1.7 ms
              corrected | total latency    79.2 ms | delta wall   9.8 ms clock   9.2 ms
               detected | total latency    97.7 ms | delta wall  18.5 ms clock  17.7 ms
               prepared | total latency   101.2 ms | delta wall   3.5 ms clock   3.4 ms
          --pub_lines-- | total latency   102.0 ms | delta wall   0.8 ms clock   0.8 ms
[0m
[rosout][INFO] 2021-12-06 08:02:07,287: [32m[LineDetectorNode] 2701:In the last 10.3 s: received 310 (30.0 fps) processed 100 (9.7 fps) skipped 210 (20.3 fps) (68%)[0m
[rosout][INFO] 2021-12-06 08:02:17,789: [32m[LineDetectorNode] 2801:# segments: white   0 yellow   0 red   0[0m
[rosout][INFO] 2021-12-06 08:02:17,794: [32m[LineDetectorNode] 2801:
Latencies:
               acquired | total latency    12.0 ms | delta wall     None clock     None
                decoded | total latency    86.0 ms | delta wall  74.0 ms clock  50.0 ms
                resized | total latency    87.5 ms | delta wall   1.6 ms clock   1.5 ms
              corrected | total latency    93.3 ms | delta wall   5.8 ms clock   4.9 ms
               detected | total latency   119.7 ms | delta wall  26.4 ms clock  21.3 ms
               prepared | total latency   123.5 ms | delta wall   3.8 ms clock   3.7 ms
          --pub_lines-- | total latency   124.4 ms | delta wall   0.9 ms clock   1.2 ms
[0m
[rosout][INFO] 2021-12-06 08:02:17,821: [32m[LineDetectorNode] 2801:In the last 10.5 s: received 316 (30.0 fps) processed 100 (9.5 fps) skipped 216 (20.5 fps) (68%)[0m
[rosout][INFO] 2021-12-06 08:02:27,913: [32m[LineDetectorNode] 2901:# segments: white   0 yellow   0 red   0[0m
[rosout][INFO] 2021-12-06 08:02:27,917: [32m[LineDetectorNode] 2901:
Latencies:
               acquired | total latency     6.0 ms | delta wall     None clock     None
                decoded | total latency    54.9 ms | delta wall  48.9 ms clock  46.2 ms
                resized | total latency    56.4 ms | delta wall   1.4 ms clock   1.4 ms
              corrected | total latency    61.0 ms | delta wall   4.7 ms clock   4.5 ms
               detected | total latency    80.0 ms | delta wall  19.0 ms clock  21.0 ms
               prepared | total latency    84.1 ms | delta wall   4.1 ms clock   4.2 ms
          --pub_lines-- | total latency    84.8 ms | delta wall   0.7 ms clock   0.7 ms
[0m
[rosout][INFO] 2021-12-06 08:02:27,939: [32m[LineDetectorNode] 2901:In the last 10.1 s: received 304 (30.1 fps) processed 100 (9.9 fps) skipped 204 (20.2 fps) (67%)[0m
[rosout][INFO] 2021-12-06 08:02:38,118: [32m[LineDetectorNode] 3001:# segments: white   0 yellow   0 red   0[0m
[rosout][INFO] 2021-12-06 08:02:38,124: [32m[LineDetectorNode] 3001:
Latencies:
               acquired | total latency     8.7 ms | delta wall     None clock     None
                decoded | total latency    54.4 ms | delta wall  45.7 ms clock  44.3 ms
                resized | total latency    56.0 ms | delta wall   1.6 ms clock   1.5 ms
              corrected | total latency    61.0 ms | delta wall   5.0 ms clock   4.4 ms
               detected | total latency    92.4 ms | delta wall  31.4 ms clock  20.8 ms
               prepared | total latency    96.4 ms | delta wall   4.0 ms clock   3.7 ms
          --pub_lines-- | total latency    97.9 ms | delta wall   1.5 ms clock   1.3 ms
[0m
[rosout][INFO] 2021-12-06 08:02:38,144: [32m[LineDetectorNode] 3001:In the last 10.2 s: received 306 (30.0 fps) processed 100 (9.8 fps) skipped 206 (20.2 fps) (67%)[0m
[rosout][INFO] 2021-12-06 08:02:48,433: [32m[LineDetectorNode] 3101:# segments: white   0 yellow   0 red   0[0m
[rosout][INFO] 2021-12-06 08:02:48,442: [32m[LineDetectorNode] 3101:
Latencies:
               acquired | total latency     8.9 ms | delta wall     None clock     None
                decoded | total latency    50.2 ms | delta wall  41.3 ms clock  43.7 ms
                resized | total latency    51.4 ms | delta wall   1.2 ms clock   1.1 ms
              corrected | total latency    56.4 ms | delta wall   5.0 ms clock   4.8 ms
               detected | total latency    80.0 ms | delta wall  23.6 ms clock  25.1 ms
               prepared | total latency    86.7 ms | delta wall   6.7 ms clock   7.8 ms
          --pub_lines-- | total latency    87.6 ms | delta wall   0.9 ms clock   1.2 ms
[0m
[rosout][INFO] 2021-12-06 08:02:48,470: [32m[LineDetectorNode] 3101:In the last 10.3 s: received 310 (30.0 fps) processed 100 (9.7 fps) skipped 210 (20.3 fps) (68%)[0m
[rosout][INFO] 2021-12-06 08:02:58,837: [32m[LineDetectorNode] 3201:# segments: white   0 yellow   0 red   0[0m
[rosout][INFO] 2021-12-06 08:02:58,840: [32m[LineDetectorNode] 3201:
Latencies:
               acquired | total latency    12.4 ms | delta wall     None clock     None
                decoded | total latency    57.8 ms | delta wall  45.4 ms clock  41.4 ms
                resized | total latency    58.8 ms | delta wall   1.1 ms clock   1.0 ms
              corrected | total latency    64.9 ms | delta wall   6.0 ms clock   4.9 ms
               detected | total latency    88.4 ms | delta wall  23.6 ms clock  20.8 ms
               prepared | total latency    91.5 ms | delta wall   3.1 ms clock   3.5 ms
          --pub_lines-- | total latency    92.4 ms | delta wall   0.9 ms clock   0.8 ms
[0m
[rosout][INFO] 2021-12-06 08:02:58,854: [32m[LineDetectorNode] 3201:In the last 10.4 s: received 312 (30.1 fps) processed 100 (9.6 fps) skipped 212 (20.4 fps) (68%)[0m
[rosout][INFO] 2021-12-06 08:03:09,120: [32m[LineDetectorNode] 3301:# segments: white   0 yellow   0 red   0[0m
[rosout][INFO] 2021-12-06 08:03:09,126: [32m[LineDetectorNode] 3301:
Latencies:
               acquired | total latency     7.9 ms | delta wall     None clock     None
                decoded | total latency    51.6 ms | delta wall  43.8 ms clock  44.5 ms
                resized | total latency    53.1 ms | delta wall   1.4 ms clock   1.4 ms
              corrected | total latency    58.9 ms | delta wall   5.8 ms clock   4.9 ms
               detected | total latency    76.6 ms | delta wall  17.7 ms clock  17.7 ms
               prepared | total latency    81.4 ms | delta wall   4.8 ms clock   5.2 ms
          --pub_lines-- | total latency    83.7 ms | delta wall   2.3 ms clock   1.2 ms
[0m
[rosout][INFO] 2021-12-06 08:03:09,134: [32m[LineDetectorNode] 3301:In the last 10.3 s: received 308 (30.0 fps) processed 100 (9.7 fps) skipped 208 (20.2 fps) (68%)[0m
[rosout][INFO] 2021-12-06 08:03:19,412: [32m[LineDetectorNode] 3401:# segments: white   0 yellow   0 red   0[0m
[rosout][INFO] 2021-12-06 08:03:19,417: [32m[LineDetectorNode] 3401:
Latencies:
               acquired | total latency     6.5 ms | delta wall     None clock     None
                decoded | total latency    49.1 ms | delta wall  42.7 ms clock  43.0 ms
                resized | total latency    50.6 ms | delta wall   1.4 ms clock   1.4 ms
              corrected | total latency    55.0 ms | delta wall   4.4 ms clock   4.4 ms
               detected | total latency    76.0 ms | delta wall  21.0 ms clock  20.8 ms
               prepared | total latency    80.6 ms | delta wall   4.6 ms clock   4.4 ms
          --pub_lines-- | total latency    81.3 ms | delta wall   0.7 ms clock   0.9 ms
[0m
[rosout][INFO] 2021-12-06 08:03:19,448: [32m[LineDetectorNode] 3401:In the last 10.3 s: received 310 (30.1 fps) processed 100 (9.7 fps) skipped 210 (20.4 fps) (68%)[0m
[rosout][INFO] 2021-12-06 08:03:29,382: [32m[LineDetectorNode] 3501:# segments: white   0 yellow   0 red   0[0m
[rosout][INFO] 2021-12-06 08:03:29,400: [32m[LineDetectorNode] 3501:
Latencies:
               acquired | total latency     8.0 ms | delta wall     None clock     None
                decoded | total latency    57.3 ms | delta wall  49.3 ms clock  45.2 ms
                resized | total latency    58.8 ms | delta wall   1.5 ms clock   1.4 ms
              corrected | total latency    63.4 ms | delta wall   4.6 ms clock   4.6 ms
               detected | total latency    81.6 ms | delta wall  18.3 ms clock  21.4 ms
               prepared | total latency    85.1 ms | delta wall   3.5 ms clock   3.5 ms
          --pub_lines-- | total latency    85.9 ms | delta wall   0.7 ms clock   1.0 ms
[0m
[rosout][INFO] 2021-12-06 08:03:29,410: [32m[LineDetectorNode] 3501:In the last 10.0 s: received 299 (30.0 fps) processed 100 (10.0 fps) skipped 199 (20.0 fps) (67%)[0m
[rosout][INFO] 2021-12-06 08:03:39,302: [32m[LineDetectorNode] 3601:# segments: white   0 yellow   0 red   0[0m
[rosout][INFO] 2021-12-06 08:03:39,309: [32m[LineDetectorNode] 3601:
Latencies:
               acquired | total latency     9.2 ms | delta wall     None clock     None
                decoded | total latency    53.6 ms | delta wall  44.4 ms clock  44.1 ms
                resized | total latency    55.5 ms | delta wall   1.8 ms clock   1.6 ms
              corrected | total latency    60.1 ms | delta wall   4.6 ms clock   4.4 ms
               detected | total latency    75.4 ms | delta wall  15.3 ms clock  17.3 ms
               prepared | total latency    82.4 ms | delta wall   7.0 ms clock   4.7 ms
          --pub_lines-- | total latency    83.2 ms | delta wall   0.8 ms clock   1.0 ms
[0m
[rosout][INFO] 2021-12-06 08:03:39,316: [32m[LineDetectorNode] 3601:In the last 9.9 s: received 297 (30.0 fps) processed 100 (10.1 fps) skipped 197 (19.9 fps) (66%)[0m
[rospy.core][INFO] 2021-12-06 08:03:49,312: [32msignal_shutdown [signal-2][0m
[rosout][INFO] 2021-12-06 08:03:49,313: [32m[LineDetectorNode] Shutdown.[0m
[rospy.internal][WARNING] 2021-12-06 08:03:49,444: [33mUnknown error initiating TCP/IP socket to ss42.local:39987 (http://ss42.local:44728/): Traceback (most recent call last):
  File "/opt/ros/kinetic/lib/python2.7/dist-packages/rospy/impl/tcpros_base.py", line 557, in connect
    self.read_header()
  File "/opt/ros/kinetic/lib/python2.7/dist-packages/rospy/impl/tcpros_base.py", line 650, in read_header
    self._validate_header(read_ros_handshake_header(sock, self.read_buff, self.protocol.buff_size))
  File "/opt/ros/kinetic/lib/python2.7/dist-packages/rosgraph/network.py", line 362, in read_ros_handshake_header
    d = sock.recv(buff_size)
error: [Errno 104] Connection reset by peer
[0m
[rospy.internal][INFO] 2021-12-06 08:03:49,447: [32mtopic[/ss42/anti_instagram_node/transform] removing connection to http://ss42.local:44728/[0m
[rosout][INFO] 2021-12-06 08:03:49,570: [32m[LineDetectorNode] 3701:# segments: white   0 yellow   0 red   0[0m
[rosout][INFO] 2021-12-06 08:03:49,579: [32m[LineDetectorNode] 3701:
Latencies:
               acquired | total latency    32.6 ms | delta wall     None clock     None
                decoded | total latency    94.8 ms | delta wall  62.2 ms clock  49.0 ms
                resized | total latency    96.4 ms | delta wall   1.6 ms clock   1.6 ms
              corrected | total latency   101.8 ms | delta wall   5.4 ms clock   5.3 ms
               detected | total latency   141.5 ms | delta wall  39.7 ms clock  21.4 ms
               prepared | total latency   146.9 ms | delta wall   5.4 ms clock   4.0 ms
          --pub_lines-- | total latency   149.5 ms | delta wall   2.6 ms clock   1.3 ms
[0m
[rosout][INFO] 2021-12-06 08:03:49,613: [32m[LineDetectorNode] 3701:In the last 10.3 s: received 308 (29.9 fps) processed 100 (9.7 fps) skipped 208 (20.2 fps) (68%)[0m
[rospy.internal][INFO] 2021-12-06 08:03:49,709: [32mtopic[/ss42/line_detector_node/segment_list] removing connection to /ss42/ground_projection[0m
[rospy.internal][INFO] 2021-12-06 08:03:49,722: [32mtopic[/rosout] removing connection to /rosout[0m
[rospy.internal][INFO] 2021-12-06 08:03:49,724: [32mtopic[/ss42/line_detector_node/switch] removing connection to http://ss42.local:36746/[0m
[rospy.internal][INFO] 2021-12-06 08:03:49,743: [32mtopic[/ss42/camera_node/image/compressed] removing connection to http://ss42.local:37327/[0m
[rospy.impl.masterslave][INFO] 2021-12-06 08:03:49,745: [32msignal-2[0m
[rospy.core][INFO] 2021-12-06 08:03:49,972: [32msignal_shutdown [atexit][0m
