[rospy.client][INFO] 2021-12-06 07:56:21,022: init_node, name[/ss42/fsm_node], pid[5343]
[xmlrpc][INFO] 2021-12-06 07:56:21,080: XML-RPC server binding to 0.0.0.0:0
[xmlrpc][INFO] 2021-12-06 07:56:21,092: Started XML-RPC server [http://ss42.local:36746/]
[rospy.init][INFO] 2021-12-06 07:56:21,093: ROS Slave URI: [http://ss42.local:36746/]
[rospy.impl.masterslave][INFO] 2021-12-06 07:56:21,110: _ready: http://ss42.local:36746/
[xmlrpc][INFO] 2021-12-06 07:56:21,143: xml rpc node: starting XML-RPC server
[rospy.registration][INFO] 2021-12-06 07:56:21,147: Registering with master node http://ss42.local:11311/
[rospy.init][INFO] 2021-12-06 07:56:21,215: registered with master
[rospy.rosout][INFO] 2021-12-06 07:56:21,216: initializing /rosout core topic
[rospy.rosout][INFO] 2021-12-06 07:56:21,274: connected to core topic /rosout
[rospy.simtime][INFO] 2021-12-06 07:56:21,330: /use_sim_time is not set, will not subscribe to simulated time [/clock] topic
[rospy.internal][INFO] 2021-12-06 07:56:21,480: topic[/rosout] adding connection to [/rosout], count 0
[rospy.internal][INFO] 2021-12-06 07:56:22,207: topic[/ss42/fsm_node/mode] adding connection to [/ss42/car_cmd_switch_node], count 0
[rospy.internal][INFO] 2021-12-06 07:56:23,323: topic[/ss42/joy_mapper_node/joystick_override] adding connection to [http://ss42.local:40160/], count 0
[rospy.internal][INFO] 2021-12-06 07:56:23,803: topic[/ss42/logic_gate_node/intersection_done_and_not_parallel_autonomy] adding connection to [http://ss42.local:44499/], count 0
[rospy.internal][INFO] 2021-12-06 07:56:23,984: topic[/ss42/joy_mapper_node/start_avoidance] adding connection to [http://ss42.local:40160/], count 0
[rosout][INFO] 2021-12-06 07:56:24,094: [/ss42/fsm_node] Initialized.
[rosout][INFO] 2021-12-06 07:56:24,098: [/ss42/fsm_node] Node vehicle_detector_node is OFF in JOYSTICK_CONTROL
[rosout][INFO] 2021-12-06 07:56:24,119: [/ss42/fsm_node] Node framerate_high is ON in JOYSTICK_CONTROL
[rosout][INFO] 2021-12-06 07:56:24,142: [/ss42/fsm_node] Node decoder_node is ON in JOYSTICK_CONTROL
[rospy.internal][INFO] 2021-12-06 07:56:24,199: topic[/ss42/logic_gate_node/intersection_done_and_parallel_autonomy] adding connection to [http://ss42.local:44499/], count 0
[rosout][INFO] 2021-12-06 07:56:24,147: [/ss42/fsm_node] Node stop_line_filter_node is ON in JOYSTICK_CONTROL
[rospy.internal][INFO] 2021-12-06 07:56:24,223: topic[/ss42/joy_mapper_node/parallel_autonomy] adding connection to [http://ss42.local:40160/], count 0
[rosout][INFO] 2021-12-06 07:56:24,218: [/ss42/fsm_node] Node lane_filter_node is ON in JOYSTICK_CONTROL
[rosout][INFO] 2021-12-06 07:56:24,233: [/ss42/fsm_node] Node led_detector_node is OFF in JOYSTICK_CONTROL
[rosout][INFO] 2021-12-06 07:56:24,246: [/ss42/fsm_node] Node static_object_detector_node is OFF in JOYSTICK_CONTROL
[rosout][INFO] 2021-12-06 07:56:24,262: [/ss42/fsm_node] Node led_emitter_node is OFF in JOYSTICK_CONTROL
[rosout][INFO] 2021-12-06 07:56:24,272: [/ss42/fsm_node] Node line_detector_node is ON in JOYSTICK_CONTROL
[rosout][INFO] 2021-12-06 07:56:24,276: [/ss42/fsm_node] Node apriltag_node is ON in JOYSTICK_CONTROL
[rosout][INFO] 2021-12-06 07:56:24,293: [/ss42/fsm_node] FSMState: JOYSTICK_CONTROL
[rospy.internal][INFO] 2021-12-06 07:56:24,404: topic[/ss42/led_emitter_node/switch] adding connection to [/ss42/led_emitter_node], count 0
[rospy.internal][INFO] 2021-12-06 07:56:24,763: topic[/ss42/simple_coordinator_node/intersection_go] adding connection to [http://ss42.local:44908/], count 0
[rospy.internal][INFO] 2021-12-06 07:56:24,821: topic[/ss42/fsm_node/mode] adding connection to [/ss42/fake_coordinator_node], count 1
[rospy.internal][INFO] 2021-12-06 07:56:36,289: topic[/ss42/camera_node/framerate_high_switch] adding connection to [/ss42/camera_node], count 0
[rospy.internal][INFO] 2021-12-06 07:56:39,290: topic[/ss42/lane_filter_node/switch] adding connection to [/ss42/lane_filter_node], count 0
[rospy.internal][INFO] 2021-12-06 07:56:40,489: topic[/ss42/line_detector_node/switch] adding connection to [/ss42/line_detector_node], count 0
[rosout][INFO] 2021-12-06 07:56:47,288: [/ss42/fsm_node] Event: joystick_override_off
[rosout][INFO] 2021-12-06 07:56:47,293: [/ss42/fsm_node] Node vehicle_detector_node is OFF in LANE_FOLLOWING
[rosout][INFO] 2021-12-06 07:56:47,303: [/ss42/fsm_node] Node framerate_high is OFF in LANE_FOLLOWING
[rosout][INFO] 2021-12-06 07:56:47,309: [/ss42/fsm_node] Node decoder_node is OFF in LANE_FOLLOWING
[rosout][INFO] 2021-12-06 07:56:47,313: [/ss42/fsm_node] Node stop_line_filter_node is ON in LANE_FOLLOWING
[rosout][INFO] 2021-12-06 07:56:47,317: [/ss42/fsm_node] Node lane_filter_node is ON in LANE_FOLLOWING
[rosout][INFO] 2021-12-06 07:56:47,321: [/ss42/fsm_node] Node led_detector_node is OFF in LANE_FOLLOWING
[rosout][INFO] 2021-12-06 07:56:47,325: [/ss42/fsm_node] Node static_object_detector_node is OFF in LANE_FOLLOWING
[rosout][INFO] 2021-12-06 07:56:47,330: [/ss42/fsm_node] Node led_emitter_node is OFF in LANE_FOLLOWING
[rosout][INFO] 2021-12-06 07:56:47,335: [/ss42/fsm_node] Node line_detector_node is ON in LANE_FOLLOWING
[rosout][INFO] 2021-12-06 07:56:47,342: [/ss42/fsm_node] Node apriltag_node is OFF in LANE_FOLLOWING
[rosout][INFO] 2021-12-06 07:56:47,351: [/ss42/fsm_node] FSMState: LANE_FOLLOWING
[rosout][INFO] 2021-12-06 07:56:47,942: [/ss42/fsm_node] Event: parallel_autonomy_on
[rosout][INFO] 2021-12-06 07:56:47,945: [/ss42/fsm_node] Node vehicle_detector_node is ON in PARALLEL_AUTONOMY
[rosout][INFO] 2021-12-06 07:56:47,956: [/ss42/fsm_node] Node framerate_high is OFF in PARALLEL_AUTONOMY
[rosout][INFO] 2021-12-06 07:56:47,960: [/ss42/fsm_node] Node decoder_node is ON in PARALLEL_AUTONOMY
[rosout][INFO] 2021-12-06 07:56:47,964: [/ss42/fsm_node] Node stop_line_filter_node is ON in PARALLEL_AUTONOMY
[rosout][INFO] 2021-12-06 07:56:47,968: [/ss42/fsm_node] Node lane_filter_node is ON in PARALLEL_AUTONOMY
[rosout][INFO] 2021-12-06 07:56:47,973: [/ss42/fsm_node] Node led_detector_node is OFF in PARALLEL_AUTONOMY
[rosout][INFO] 2021-12-06 07:56:47,978: [/ss42/fsm_node] Node static_object_detector_node is ON in PARALLEL_AUTONOMY
[rosout][INFO] 2021-12-06 07:56:47,983: [/ss42/fsm_node] Node led_emitter_node is OFF in PARALLEL_AUTONOMY
[rosout][INFO] 2021-12-06 07:56:47,987: [/ss42/fsm_node] Node line_detector_node is ON in PARALLEL_AUTONOMY
[rosout][INFO] 2021-12-06 07:56:47,991: [/ss42/fsm_node] Node apriltag_node is OFF in PARALLEL_AUTONOMY
[rosout][INFO] 2021-12-06 07:56:47,996: [/ss42/fsm_node] FSMState: PARALLEL_AUTONOMY
[rosout][INFO] 2021-12-06 07:56:50,289: [/ss42/fsm_node] Event: joystick_override_on
[rosout][INFO] 2021-12-06 07:56:50,292: [/ss42/fsm_node] Node vehicle_detector_node is OFF in JOYSTICK_CONTROL
[rosout][INFO] 2021-12-06 07:56:50,296: [/ss42/fsm_node] Node framerate_high is ON in JOYSTICK_CONTROL
[rosout][INFO] 2021-12-06 07:56:50,301: [/ss42/fsm_node] Node decoder_node is ON in JOYSTICK_CONTROL
[rosout][INFO] 2021-12-06 07:56:50,313: [/ss42/fsm_node] Node stop_line_filter_node is ON in JOYSTICK_CONTROL
[rosout][INFO] 2021-12-06 07:56:50,319: [/ss42/fsm_node] Node lane_filter_node is ON in JOYSTICK_CONTROL
[rosout][INFO] 2021-12-06 07:56:50,328: [/ss42/fsm_node] Node led_detector_node is OFF in JOYSTICK_CONTROL
[rosout][INFO] 2021-12-06 07:56:50,332: [/ss42/fsm_node] Node static_object_detector_node is OFF in JOYSTICK_CONTROL
[rosout][INFO] 2021-12-06 07:56:50,349: [/ss42/fsm_node] Node led_emitter_node is OFF in JOYSTICK_CONTROL
[rosout][INFO] 2021-12-06 07:56:50,356: [/ss42/fsm_node] Node line_detector_node is ON in JOYSTICK_CONTROL
[rosout][INFO] 2021-12-06 07:56:50,360: [/ss42/fsm_node] Node apriltag_node is ON in JOYSTICK_CONTROL
[rosout][INFO] 2021-12-06 07:56:50,364: [/ss42/fsm_node] FSMState: JOYSTICK_CONTROL
[rosout][INFO] 2021-12-06 07:57:06,740: [/ss42/fsm_node] Event: joystick_override_off
[rosout][INFO] 2021-12-06 07:57:06,746: [/ss42/fsm_node] Node vehicle_detector_node is OFF in LANE_FOLLOWING
[rosout][INFO] 2021-12-06 07:57:06,750: [/ss42/fsm_node] Node framerate_high is OFF in LANE_FOLLOWING
[rosout][INFO] 2021-12-06 07:57:06,755: [/ss42/fsm_node] Node decoder_node is OFF in LANE_FOLLOWING
[rosout][INFO] 2021-12-06 07:57:06,762: [/ss42/fsm_node] Node stop_line_filter_node is ON in LANE_FOLLOWING
[rosout][INFO] 2021-12-06 07:57:06,765: [/ss42/fsm_node] Node lane_filter_node is ON in LANE_FOLLOWING
[rosout][INFO] 2021-12-06 07:57:06,771: [/ss42/fsm_node] Node led_detector_node is OFF in LANE_FOLLOWING
[rosout][INFO] 2021-12-06 07:57:06,778: [/ss42/fsm_node] Node static_object_detector_node is OFF in LANE_FOLLOWING
[rosout][INFO] 2021-12-06 07:57:06,784: [/ss42/fsm_node] Node led_emitter_node is OFF in LANE_FOLLOWING
[rosout][INFO] 2021-12-06 07:57:06,789: [/ss42/fsm_node] Node line_detector_node is ON in LANE_FOLLOWING
[rosout][INFO] 2021-12-06 07:57:06,794: [/ss42/fsm_node] Node apriltag_node is OFF in LANE_FOLLOWING
[rosout][INFO] 2021-12-06 07:57:06,802: [/ss42/fsm_node] FSMState: LANE_FOLLOWING
[rosout][INFO] 2021-12-06 07:57:07,417: [/ss42/fsm_node] Event: joystick_override_off
[rosout][INFO] 2021-12-06 07:57:09,350: [/ss42/fsm_node] Event: joystick_override_off
[rosout][INFO] 2021-12-06 07:57:17,096: [/ss42/fsm_node] Event: joystick_override_on
[rosout][INFO] 2021-12-06 07:57:17,099: [/ss42/fsm_node] Node vehicle_detector_node is OFF in JOYSTICK_CONTROL
[rosout][INFO] 2021-12-06 07:57:17,103: [/ss42/fsm_node] Node framerate_high is ON in JOYSTICK_CONTROL
[rosout][INFO] 2021-12-06 07:57:17,106: [/ss42/fsm_node] Node decoder_node is ON in JOYSTICK_CONTROL
[rosout][INFO] 2021-12-06 07:57:17,111: [/ss42/fsm_node] Node stop_line_filter_node is ON in JOYSTICK_CONTROL
[rosout][INFO] 2021-12-06 07:57:17,114: [/ss42/fsm_node] Node lane_filter_node is ON in JOYSTICK_CONTROL
[rosout][INFO] 2021-12-06 07:57:17,117: [/ss42/fsm_node] Node led_detector_node is OFF in JOYSTICK_CONTROL
[rosout][INFO] 2021-12-06 07:57:17,120: [/ss42/fsm_node] Node static_object_detector_node is OFF in JOYSTICK_CONTROL
[rosout][INFO] 2021-12-06 07:57:17,123: [/ss42/fsm_node] Node led_emitter_node is OFF in JOYSTICK_CONTROL
[rosout][INFO] 2021-12-06 07:57:17,126: [/ss42/fsm_node] Node line_detector_node is ON in JOYSTICK_CONTROL
[rosout][INFO] 2021-12-06 07:57:17,129: [/ss42/fsm_node] Node apriltag_node is ON in JOYSTICK_CONTROL
[rosout][INFO] 2021-12-06 07:57:17,136: [/ss42/fsm_node] FSMState: JOYSTICK_CONTROL
[rosout][INFO] 2021-12-06 07:57:22,317: [/ss42/fsm_node] Event: joystick_override_off
[rosout][INFO] 2021-12-06 07:57:22,321: [/ss42/fsm_node] Node vehicle_detector_node is OFF in LANE_FOLLOWING
[rosout][INFO] 2021-12-06 07:57:22,325: [/ss42/fsm_node] Node framerate_high is OFF in LANE_FOLLOWING
[rosout][INFO] 2021-12-06 07:57:22,338: [/ss42/fsm_node] Node decoder_node is OFF in LANE_FOLLOWING
[rosout][INFO] 2021-12-06 07:57:22,345: [/ss42/fsm_node] Node stop_line_filter_node is ON in LANE_FOLLOWING
[rosout][INFO] 2021-12-06 07:57:22,349: [/ss42/fsm_node] Node lane_filter_node is ON in LANE_FOLLOWING
[rosout][INFO] 2021-12-06 07:57:22,353: [/ss42/fsm_node] Node led_detector_node is OFF in LANE_FOLLOWING
[rosout][INFO] 2021-12-06 07:57:22,356: [/ss42/fsm_node] Node static_object_detector_node is OFF in LANE_FOLLOWING
[rosout][INFO] 2021-12-06 07:57:22,369: [/ss42/fsm_node] Node led_emitter_node is OFF in LANE_FOLLOWING
[rosout][INFO] 2021-12-06 07:57:22,377: [/ss42/fsm_node] Node line_detector_node is ON in LANE_FOLLOWING
[rosout][INFO] 2021-12-06 07:57:22,382: [/ss42/fsm_node] Node apriltag_node is OFF in LANE_FOLLOWING
[rosout][INFO] 2021-12-06 07:57:22,388: [/ss42/fsm_node] FSMState: LANE_FOLLOWING
[rosout][INFO] 2021-12-06 07:57:25,936: [/ss42/fsm_node] Event: joystick_override_on
[rosout][INFO] 2021-12-06 07:57:25,939: [/ss42/fsm_node] Node vehicle_detector_node is OFF in JOYSTICK_CONTROL
[rosout][INFO] 2021-12-06 07:57:25,943: [/ss42/fsm_node] Node framerate_high is ON in JOYSTICK_CONTROL
[rosout][INFO] 2021-12-06 07:57:25,946: [/ss42/fsm_node] Node decoder_node is ON in JOYSTICK_CONTROL
[rosout][INFO] 2021-12-06 07:57:25,955: [/ss42/fsm_node] Node stop_line_filter_node is ON in JOYSTICK_CONTROL
[rosout][INFO] 2021-12-06 07:57:25,963: [/ss42/fsm_node] Node lane_filter_node is ON in JOYSTICK_CONTROL
[rosout][INFO] 2021-12-06 07:57:25,976: [/ss42/fsm_node] Node led_detector_node is OFF in JOYSTICK_CONTROL
[rosout][INFO] 2021-12-06 07:57:25,980: [/ss42/fsm_node] Node static_object_detector_node is OFF in JOYSTICK_CONTROL
[rosout][INFO] 2021-12-06 07:57:25,986: [/ss42/fsm_node] Node led_emitter_node is OFF in JOYSTICK_CONTROL
[rosout][INFO] 2021-12-06 07:57:25,991: [/ss42/fsm_node] Node line_detector_node is ON in JOYSTICK_CONTROL
[rosout][INFO] 2021-12-06 07:57:26,004: [/ss42/fsm_node] Node apriltag_node is ON in JOYSTICK_CONTROL
[rosout][INFO] 2021-12-06 07:57:26,010: [/ss42/fsm_node] FSMState: JOYSTICK_CONTROL
[rosout][INFO] 2021-12-06 07:57:36,726: [/ss42/fsm_node] Event: joystick_override_off
[rosout][INFO] 2021-12-06 07:57:36,731: [/ss42/fsm_node] Node vehicle_detector_node is OFF in LANE_FOLLOWING
[rosout][INFO] 2021-12-06 07:57:36,735: [/ss42/fsm_node] Node framerate_high is OFF in LANE_FOLLOWING
[rosout][INFO] 2021-12-06 07:57:36,740: [/ss42/fsm_node] Node decoder_node is OFF in LANE_FOLLOWING
[rosout][INFO] 2021-12-06 07:57:36,752: [/ss42/fsm_node] Node stop_line_filter_node is ON in LANE_FOLLOWING
[rosout][INFO] 2021-12-06 07:57:36,755: [/ss42/fsm_node] Node lane_filter_node is ON in LANE_FOLLOWING
[rosout][INFO] 2021-12-06 07:57:36,760: [/ss42/fsm_node] Node led_detector_node is OFF in LANE_FOLLOWING
[rosout][INFO] 2021-12-06 07:57:36,764: [/ss42/fsm_node] Node static_object_detector_node is OFF in LANE_FOLLOWING
[rosout][INFO] 2021-12-06 07:57:36,772: [/ss42/fsm_node] Node led_emitter_node is OFF in LANE_FOLLOWING
[rosout][INFO] 2021-12-06 07:57:36,798: [/ss42/fsm_node] Node line_detector_node is ON in LANE_FOLLOWING
[rosout][INFO] 2021-12-06 07:57:36,803: [/ss42/fsm_node] Node apriltag_node is OFF in LANE_FOLLOWING
[rosout][INFO] 2021-12-06 07:57:36,807: [/ss42/fsm_node] FSMState: LANE_FOLLOWING
[rosout][INFO] 2021-12-06 07:57:44,563: [/ss42/fsm_node] Event: joystick_override_on
[rosout][INFO] 2021-12-06 07:57:44,566: [/ss42/fsm_node] Node vehicle_detector_node is OFF in JOYSTICK_CONTROL
[rosout][INFO] 2021-12-06 07:57:44,569: [/ss42/fsm_node] Node framerate_high is ON in JOYSTICK_CONTROL
[rosout][INFO] 2021-12-06 07:57:44,580: [/ss42/fsm_node] Node decoder_node is ON in JOYSTICK_CONTROL
[rosout][INFO] 2021-12-06 07:57:44,583: [/ss42/fsm_node] Node stop_line_filter_node is ON in JOYSTICK_CONTROL
[rosout][INFO] 2021-12-06 07:57:44,587: [/ss42/fsm_node] Node lane_filter_node is ON in JOYSTICK_CONTROL
[rosout][INFO] 2021-12-06 07:57:44,590: [/ss42/fsm_node] Node led_detector_node is OFF in JOYSTICK_CONTROL
[rosout][INFO] 2021-12-06 07:57:44,593: [/ss42/fsm_node] Node static_object_detector_node is OFF in JOYSTICK_CONTROL
[rosout][INFO] 2021-12-06 07:57:44,596: [/ss42/fsm_node] Node led_emitter_node is OFF in JOYSTICK_CONTROL
[rosout][INFO] 2021-12-06 07:57:44,601: [/ss42/fsm_node] Node line_detector_node is ON in JOYSTICK_CONTROL
[rosout][INFO] 2021-12-06 07:57:44,605: [/ss42/fsm_node] Node apriltag_node is ON in JOYSTICK_CONTROL
[rosout][INFO] 2021-12-06 07:57:44,617: [/ss42/fsm_node] FSMState: JOYSTICK_CONTROL
[rosout][INFO] 2021-12-06 07:57:45,960: [/ss42/fsm_node] Event: joystick_override_off
[rosout][INFO] 2021-12-06 07:57:45,963: [/ss42/fsm_node] Node vehicle_detector_node is OFF in LANE_FOLLOWING
[rosout][INFO] 2021-12-06 07:57:45,972: [/ss42/fsm_node] Node framerate_high is OFF in LANE_FOLLOWING
[rosout][INFO] 2021-12-06 07:57:45,982: [/ss42/fsm_node] Node decoder_node is OFF in LANE_FOLLOWING
[rosout][INFO] 2021-12-06 07:57:45,987: [/ss42/fsm_node] Node stop_line_filter_node is ON in LANE_FOLLOWING
[rosout][INFO] 2021-12-06 07:57:45,990: [/ss42/fsm_node] Node lane_filter_node is ON in LANE_FOLLOWING
[rosout][INFO] 2021-12-06 07:57:45,995: [/ss42/fsm_node] Node led_detector_node is OFF in LANE_FOLLOWING
[rosout][INFO] 2021-12-06 07:57:46,007: [/ss42/fsm_node] Node static_object_detector_node is OFF in LANE_FOLLOWING
[rosout][INFO] 2021-12-06 07:57:46,013: [/ss42/fsm_node] Node led_emitter_node is OFF in LANE_FOLLOWING
[rosout][INFO] 2021-12-06 07:57:46,017: [/ss42/fsm_node] Node line_detector_node is ON in LANE_FOLLOWING
[rosout][INFO] 2021-12-06 07:57:46,021: [/ss42/fsm_node] Node apriltag_node is OFF in LANE_FOLLOWING
[rosout][INFO] 2021-12-06 07:57:46,030: [/ss42/fsm_node] FSMState: LANE_FOLLOWING
[rosout][INFO] 2021-12-06 07:57:47,804: [/ss42/fsm_node] Event: joystick_override_on
[rosout][INFO] 2021-12-06 07:57:47,807: [/ss42/fsm_node] Node vehicle_detector_node is OFF in JOYSTICK_CONTROL
[rosout][INFO] 2021-12-06 07:57:47,811: [/ss42/fsm_node] Node framerate_high is ON in JOYSTICK_CONTROL
[rosout][INFO] 2021-12-06 07:57:47,815: [/ss42/fsm_node] Node decoder_node is ON in JOYSTICK_CONTROL
[rosout][INFO] 2021-12-06 07:57:47,821: [/ss42/fsm_node] Node stop_line_filter_node is ON in JOYSTICK_CONTROL
[rosout][INFO] 2021-12-06 07:57:47,824: [/ss42/fsm_node] Node lane_filter_node is ON in JOYSTICK_CONTROL
[rosout][INFO] 2021-12-06 07:57:47,829: [/ss42/fsm_node] Node led_detector_node is OFF in JOYSTICK_CONTROL
[rosout][INFO] 2021-12-06 07:57:47,844: [/ss42/fsm_node] Node static_object_detector_node is OFF in JOYSTICK_CONTROL
[rosout][INFO] 2021-12-06 07:57:47,848: [/ss42/fsm_node] Node led_emitter_node is OFF in JOYSTICK_CONTROL
[rosout][INFO] 2021-12-06 07:57:47,853: [/ss42/fsm_node] Node line_detector_node is ON in JOYSTICK_CONTROL
[rosout][INFO] 2021-12-06 07:57:47,858: [/ss42/fsm_node] Node apriltag_node is ON in JOYSTICK_CONTROL
[rosout][INFO] 2021-12-06 07:57:47,867: [/ss42/fsm_node] FSMState: JOYSTICK_CONTROL
[rosout][INFO] 2021-12-06 07:58:02,894: [/ss42/fsm_node] Event: joystick_override_off
[rosout][INFO] 2021-12-06 07:58:02,901: [/ss42/fsm_node] Node vehicle_detector_node is OFF in LANE_FOLLOWING
[rosout][INFO] 2021-12-06 07:58:02,907: [/ss42/fsm_node] Node framerate_high is OFF in LANE_FOLLOWING
[rosout][INFO] 2021-12-06 07:58:02,914: [/ss42/fsm_node] Node decoder_node is OFF in LANE_FOLLOWING
[rosout][INFO] 2021-12-06 07:58:02,917: [/ss42/fsm_node] Node stop_line_filter_node is ON in LANE_FOLLOWING
[rosout][INFO] 2021-12-06 07:58:02,924: [/ss42/fsm_node] Node lane_filter_node is ON in LANE_FOLLOWING
[rosout][INFO] 2021-12-06 07:58:02,929: [/ss42/fsm_node] Node led_detector_node is OFF in LANE_FOLLOWING
[rosout][INFO] 2021-12-06 07:58:02,945: [/ss42/fsm_node] Node static_object_detector_node is OFF in LANE_FOLLOWING
[rosout][INFO] 2021-12-06 07:58:02,955: [/ss42/fsm_node] Node led_emitter_node is OFF in LANE_FOLLOWING
[rosout][INFO] 2021-12-06 07:58:02,959: [/ss42/fsm_node] Node line_detector_node is ON in LANE_FOLLOWING
[rosout][INFO] 2021-12-06 07:58:02,962: [/ss42/fsm_node] Node apriltag_node is OFF in LANE_FOLLOWING
[rosout][INFO] 2021-12-06 07:58:02,966: [/ss42/fsm_node] FSMState: LANE_FOLLOWING
[rosout][INFO] 2021-12-06 07:58:06,663: [/ss42/fsm_node] Event: joystick_override_on
[rosout][INFO] 2021-12-06 07:58:06,667: [/ss42/fsm_node] Node vehicle_detector_node is OFF in JOYSTICK_CONTROL
[rosout][INFO] 2021-12-06 07:58:06,670: [/ss42/fsm_node] Node framerate_high is ON in JOYSTICK_CONTROL
[rosout][INFO] 2021-12-06 07:58:06,678: [/ss42/fsm_node] Node decoder_node is ON in JOYSTICK_CONTROL
[rosout][INFO] 2021-12-06 07:58:06,686: [/ss42/fsm_node] Node stop_line_filter_node is ON in JOYSTICK_CONTROL
[rosout][INFO] 2021-12-06 07:58:06,693: [/ss42/fsm_node] Node lane_filter_node is ON in JOYSTICK_CONTROL
[rosout][INFO] 2021-12-06 07:58:06,697: [/ss42/fsm_node] Node led_detector_node is OFF in JOYSTICK_CONTROL
[rosout][INFO] 2021-12-06 07:58:06,701: [/ss42/fsm_node] Node static_object_detector_node is OFF in JOYSTICK_CONTROL
[rosout][INFO] 2021-12-06 07:58:06,705: [/ss42/fsm_node] Node led_emitter_node is OFF in JOYSTICK_CONTROL
[rosout][INFO] 2021-12-06 07:58:06,709: [/ss42/fsm_node] Node line_detector_node is ON in JOYSTICK_CONTROL
[rosout][INFO] 2021-12-06 07:58:06,722: [/ss42/fsm_node] Node apriltag_node is ON in JOYSTICK_CONTROL
[rosout][INFO] 2021-12-06 07:58:06,728: [/ss42/fsm_node] FSMState: JOYSTICK_CONTROL
[rosout][INFO] 2021-12-06 07:58:07,355: [/ss42/fsm_node] Event: joystick_override_off
[rosout][INFO] 2021-12-06 07:58:07,359: [/ss42/fsm_node] Node vehicle_detector_node is OFF in LANE_FOLLOWING
[rosout][INFO] 2021-12-06 07:58:07,368: [/ss42/fsm_node] Node framerate_high is OFF in LANE_FOLLOWING
[rosout][INFO] 2021-12-06 07:58:07,373: [/ss42/fsm_node] Node decoder_node is OFF in LANE_FOLLOWING
[rosout][INFO] 2021-12-06 07:58:07,377: [/ss42/fsm_node] Node stop_line_filter_node is ON in LANE_FOLLOWING
[rosout][INFO] 2021-12-06 07:58:07,382: [/ss42/fsm_node] Node lane_filter_node is ON in LANE_FOLLOWING
[rosout][INFO] 2021-12-06 07:58:07,394: [/ss42/fsm_node] Node led_detector_node is OFF in LANE_FOLLOWING
[rosout][INFO] 2021-12-06 07:58:07,398: [/ss42/fsm_node] Node static_object_detector_node is OFF in LANE_FOLLOWING
[rosout][INFO] 2021-12-06 07:58:07,401: [/ss42/fsm_node] Node led_emitter_node is OFF in LANE_FOLLOWING
[rosout][INFO] 2021-12-06 07:58:07,405: [/ss42/fsm_node] Node line_detector_node is ON in LANE_FOLLOWING
[rosout][INFO] 2021-12-06 07:58:07,407: [/ss42/fsm_node] Node apriltag_node is OFF in LANE_FOLLOWING
[rosout][INFO] 2021-12-06 07:58:07,414: [/ss42/fsm_node] FSMState: LANE_FOLLOWING
[rosout][INFO] 2021-12-06 07:58:17,831: [/ss42/fsm_node] Event: joystick_override_on
[rosout][INFO] 2021-12-06 07:58:17,834: [/ss42/fsm_node] Node vehicle_detector_node is OFF in JOYSTICK_CONTROL
[rosout][INFO] 2021-12-06 07:58:17,837: [/ss42/fsm_node] Node framerate_high is ON in JOYSTICK_CONTROL
[rosout][INFO] 2021-12-06 07:58:17,845: [/ss42/fsm_node] Node decoder_node is ON in JOYSTICK_CONTROL
[rosout][INFO] 2021-12-06 07:58:17,849: [/ss42/fsm_node] Node stop_line_filter_node is ON in JOYSTICK_CONTROL
[rosout][INFO] 2021-12-06 07:58:17,859: [/ss42/fsm_node] Node lane_filter_node is ON in JOYSTICK_CONTROL
[rosout][INFO] 2021-12-06 07:58:17,867: [/ss42/fsm_node] Node led_detector_node is OFF in JOYSTICK_CONTROL
[rosout][INFO] 2021-12-06 07:58:17,870: [/ss42/fsm_node] Node static_object_detector_node is OFF in JOYSTICK_CONTROL
[rosout][INFO] 2021-12-06 07:58:17,875: [/ss42/fsm_node] Node led_emitter_node is OFF in JOYSTICK_CONTROL
[rosout][INFO] 2021-12-06 07:58:17,880: [/ss42/fsm_node] Node line_detector_node is ON in JOYSTICK_CONTROL
[rosout][INFO] 2021-12-06 07:58:17,888: [/ss42/fsm_node] Node apriltag_node is ON in JOYSTICK_CONTROL
[rosout][INFO] 2021-12-06 07:58:17,901: [/ss42/fsm_node] FSMState: JOYSTICK_CONTROL
[rosout][INFO] 2021-12-06 07:58:58,882: [/ss42/fsm_node] Event: joystick_override_off
[rosout][INFO] 2021-12-06 07:58:58,885: [/ss42/fsm_node] Node vehicle_detector_node is OFF in LANE_FOLLOWING
[rosout][INFO] 2021-12-06 07:58:58,888: [/ss42/fsm_node] Node framerate_high is OFF in LANE_FOLLOWING
[rosout][INFO] 2021-12-06 07:58:58,895: [/ss42/fsm_node] Node decoder_node is OFF in LANE_FOLLOWING
[rosout][INFO] 2021-12-06 07:58:58,906: [/ss42/fsm_node] Node stop_line_filter_node is ON in LANE_FOLLOWING
[rosout][INFO] 2021-12-06 07:58:58,921: [/ss42/fsm_node] Node lane_filter_node is ON in LANE_FOLLOWING
[rosout][INFO] 2021-12-06 07:58:58,926: [/ss42/fsm_node] Node led_detector_node is OFF in LANE_FOLLOWING
[rosout][INFO] 2021-12-06 07:58:58,940: [/ss42/fsm_node] Node static_object_detector_node is OFF in LANE_FOLLOWING
[rosout][INFO] 2021-12-06 07:58:58,945: [/ss42/fsm_node] Node led_emitter_node is OFF in LANE_FOLLOWING
[rosout][INFO] 2021-12-06 07:58:58,948: [/ss42/fsm_node] Node line_detector_node is ON in LANE_FOLLOWING
[rosout][INFO] 2021-12-06 07:58:58,951: [/ss42/fsm_node] Node apriltag_node is OFF in LANE_FOLLOWING
[rosout][INFO] 2021-12-06 07:58:58,961: [/ss42/fsm_node] FSMState: LANE_FOLLOWING
[rosout][INFO] 2021-12-06 07:58:58,986: [/ss42/fsm_node] Event: joystick_override_off
[rosout][INFO] 2021-12-06 07:58:59,009: [/ss42/fsm_node] Event: joystick_override_off
[rosout][INFO] 2021-12-06 07:59:09,355: [/ss42/fsm_node] Event: joystick_override_on
[rosout][INFO] 2021-12-06 07:59:09,359: [/ss42/fsm_node] Node vehicle_detector_node is OFF in JOYSTICK_CONTROL
[rosout][INFO] 2021-12-06 07:59:09,363: [/ss42/fsm_node] Node framerate_high is ON in JOYSTICK_CONTROL
[rosout][INFO] 2021-12-06 07:59:09,379: [/ss42/fsm_node] Node decoder_node is ON in JOYSTICK_CONTROL
[rosout][INFO] 2021-12-06 07:59:09,386: [/ss42/fsm_node] Node stop_line_filter_node is ON in JOYSTICK_CONTROL
[rosout][INFO] 2021-12-06 07:59:09,391: [/ss42/fsm_node] Node lane_filter_node is ON in JOYSTICK_CONTROL
[rosout][INFO] 2021-12-06 07:59:09,394: [/ss42/fsm_node] Node led_detector_node is OFF in JOYSTICK_CONTROL
[rosout][INFO] 2021-12-06 07:59:09,398: [/ss42/fsm_node] Node static_object_detector_node is OFF in JOYSTICK_CONTROL
[rosout][INFO] 2021-12-06 07:59:09,403: [/ss42/fsm_node] Node led_emitter_node is OFF in JOYSTICK_CONTROL
[rosout][INFO] 2021-12-06 07:59:09,406: [/ss42/fsm_node] Node line_detector_node is ON in JOYSTICK_CONTROL
[rosout][INFO] 2021-12-06 07:59:09,409: [/ss42/fsm_node] Node apriltag_node is ON in JOYSTICK_CONTROL
[rosout][INFO] 2021-12-06 07:59:09,416: [/ss42/fsm_node] FSMState: JOYSTICK_CONTROL
[rosout][INFO] 2021-12-06 07:59:21,003: [/ss42/fsm_node] Event: joystick_override_off
[rosout][INFO] 2021-12-06 07:59:21,007: [/ss42/fsm_node] Node vehicle_detector_node is OFF in LANE_FOLLOWING
[rosout][INFO] 2021-12-06 07:59:21,018: [/ss42/fsm_node] Node framerate_high is OFF in LANE_FOLLOWING
[rosout][INFO] 2021-12-06 07:59:21,027: [/ss42/fsm_node] Node decoder_node is OFF in LANE_FOLLOWING
[rosout][INFO] 2021-12-06 07:59:21,036: [/ss42/fsm_node] Node stop_line_filter_node is ON in LANE_FOLLOWING
[rosout][INFO] 2021-12-06 07:59:21,053: [/ss42/fsm_node] Node lane_filter_node is ON in LANE_FOLLOWING
[rosout][INFO] 2021-12-06 07:59:21,060: [/ss42/fsm_node] Node led_detector_node is OFF in LANE_FOLLOWING
[rosout][INFO] 2021-12-06 07:59:21,064: [/ss42/fsm_node] Node static_object_detector_node is OFF in LANE_FOLLOWING
[rosout][INFO] 2021-12-06 07:59:21,068: [/ss42/fsm_node] Node led_emitter_node is OFF in LANE_FOLLOWING
[rosout][INFO] 2021-12-06 07:59:21,072: [/ss42/fsm_node] Node line_detector_node is ON in LANE_FOLLOWING
[rosout][INFO] 2021-12-06 07:59:21,076: [/ss42/fsm_node] Node apriltag_node is OFF in LANE_FOLLOWING
[rosout][INFO] 2021-12-06 07:59:21,080: [/ss42/fsm_node] FSMState: LANE_FOLLOWING
[rosout][INFO] 2021-12-06 07:59:31,658: [/ss42/fsm_node] Event: joystick_override_on
[rosout][INFO] 2021-12-06 07:59:31,661: [/ss42/fsm_node] Node vehicle_detector_node is OFF in JOYSTICK_CONTROL
[rosout][INFO] 2021-12-06 07:59:31,664: [/ss42/fsm_node] Node framerate_high is ON in JOYSTICK_CONTROL
[rosout][INFO] 2021-12-06 07:59:31,668: [/ss42/fsm_node] Node decoder_node is ON in JOYSTICK_CONTROL
[rosout][INFO] 2021-12-06 07:59:31,674: [/ss42/fsm_node] Node stop_line_filter_node is ON in JOYSTICK_CONTROL
[rosout][INFO] 2021-12-06 07:59:31,678: [/ss42/fsm_node] Node lane_filter_node is ON in JOYSTICK_CONTROL
[rosout][INFO] 2021-12-06 07:59:31,684: [/ss42/fsm_node] Node led_detector_node is OFF in JOYSTICK_CONTROL
[rosout][INFO] 2021-12-06 07:59:31,700: [/ss42/fsm_node] Node static_object_detector_node is OFF in JOYSTICK_CONTROL
[rosout][INFO] 2021-12-06 07:59:31,704: [/ss42/fsm_node] Node led_emitter_node is OFF in JOYSTICK_CONTROL
[rosout][INFO] 2021-12-06 07:59:31,708: [/ss42/fsm_node] Node line_detector_node is ON in JOYSTICK_CONTROL
[rosout][INFO] 2021-12-06 07:59:31,715: [/ss42/fsm_node] Node apriltag_node is ON in JOYSTICK_CONTROL
[rosout][INFO] 2021-12-06 07:59:31,721: [/ss42/fsm_node] FSMState: JOYSTICK_CONTROL
[rosout][INFO] 2021-12-06 07:59:36,431: [/ss42/fsm_node] Event: joystick_override_off
[rosout][INFO] 2021-12-06 07:59:36,434: [/ss42/fsm_node] Node vehicle_detector_node is OFF in LANE_FOLLOWING
[rosout][INFO] 2021-12-06 07:59:36,440: [/ss42/fsm_node] Node framerate_high is OFF in LANE_FOLLOWING
[rosout][INFO] 2021-12-06 07:59:36,449: [/ss42/fsm_node] Node decoder_node is OFF in LANE_FOLLOWING
[rosout][INFO] 2021-12-06 07:59:36,454: [/ss42/fsm_node] Node stop_line_filter_node is ON in LANE_FOLLOWING
[rosout][INFO] 2021-12-06 07:59:36,458: [/ss42/fsm_node] Node lane_filter_node is ON in LANE_FOLLOWING
[rosout][INFO] 2021-12-06 07:59:36,475: [/ss42/fsm_node] Node led_detector_node is OFF in LANE_FOLLOWING
[rosout][INFO] 2021-12-06 07:59:36,485: [/ss42/fsm_node] Node static_object_detector_node is OFF in LANE_FOLLOWING
[rosout][INFO] 2021-12-06 07:59:36,492: [/ss42/fsm_node] Node led_emitter_node is OFF in LANE_FOLLOWING
[rosout][INFO] 2021-12-06 07:59:36,498: [/ss42/fsm_node] Node line_detector_node is ON in LANE_FOLLOWING
[rosout][INFO] 2021-12-06 07:59:36,503: [/ss42/fsm_node] Node apriltag_node is OFF in LANE_FOLLOWING
[rosout][INFO] 2021-12-06 07:59:36,507: [/ss42/fsm_node] FSMState: LANE_FOLLOWING
[rosout][INFO] 2021-12-06 07:59:43,459: [/ss42/fsm_node] Event: joystick_override_on
[rosout][INFO] 2021-12-06 07:59:43,463: [/ss42/fsm_node] Node vehicle_detector_node is OFF in JOYSTICK_CONTROL
[rosout][INFO] 2021-12-06 07:59:43,467: [/ss42/fsm_node] Node framerate_high is ON in JOYSTICK_CONTROL
[rosout][INFO] 2021-12-06 07:59:43,475: [/ss42/fsm_node] Node decoder_node is ON in JOYSTICK_CONTROL
[rosout][INFO] 2021-12-06 07:59:43,480: [/ss42/fsm_node] Node stop_line_filter_node is ON in JOYSTICK_CONTROL
[rosout][INFO] 2021-12-06 07:59:43,487: [/ss42/fsm_node] Node lane_filter_node is ON in JOYSTICK_CONTROL
[rosout][INFO] 2021-12-06 07:59:43,491: [/ss42/fsm_node] Node led_detector_node is OFF in JOYSTICK_CONTROL
[rosout][INFO] 2021-12-06 07:59:43,495: [/ss42/fsm_node] Node static_object_detector_node is OFF in JOYSTICK_CONTROL
[rosout][INFO] 2021-12-06 07:59:43,499: [/ss42/fsm_node] Node led_emitter_node is OFF in JOYSTICK_CONTROL
[rosout][INFO] 2021-12-06 07:59:43,503: [/ss42/fsm_node] Node line_detector_node is ON in JOYSTICK_CONTROL
[rosout][INFO] 2021-12-06 07:59:43,507: [/ss42/fsm_node] Node apriltag_node is ON in JOYSTICK_CONTROL
[rosout][INFO] 2021-12-06 07:59:43,513: [/ss42/fsm_node] FSMState: JOYSTICK_CONTROL
[rosout][INFO] 2021-12-06 07:59:48,548: [/ss42/fsm_node] Event: joystick_override_off
[rosout][INFO] 2021-12-06 07:59:48,552: [/ss42/fsm_node] Node vehicle_detector_node is OFF in LANE_FOLLOWING
[rosout][INFO] 2021-12-06 07:59:48,556: [/ss42/fsm_node] Node framerate_high is OFF in LANE_FOLLOWING
[rosout][INFO] 2021-12-06 07:59:48,561: [/ss42/fsm_node] Node decoder_node is OFF in LANE_FOLLOWING
[rosout][INFO] 2021-12-06 07:59:48,565: [/ss42/fsm_node] Node stop_line_filter_node is ON in LANE_FOLLOWING
[rosout][INFO] 2021-12-06 07:59:48,570: [/ss42/fsm_node] Node lane_filter_node is ON in LANE_FOLLOWING
[rosout][INFO] 2021-12-06 07:59:48,577: [/ss42/fsm_node] Node led_detector_node is OFF in LANE_FOLLOWING
[rosout][INFO] 2021-12-06 07:59:48,583: [/ss42/fsm_node] Node static_object_detector_node is OFF in LANE_FOLLOWING
[rosout][INFO] 2021-12-06 07:59:48,587: [/ss42/fsm_node] Node led_emitter_node is OFF in LANE_FOLLOWING
[rosout][INFO] 2021-12-06 07:59:48,601: [/ss42/fsm_node] Node line_detector_node is ON in LANE_FOLLOWING
[rosout][INFO] 2021-12-06 07:59:48,611: [/ss42/fsm_node] Node apriltag_node is OFF in LANE_FOLLOWING
[rosout][INFO] 2021-12-06 07:59:48,617: [/ss42/fsm_node] FSMState: LANE_FOLLOWING
[rosout][INFO] 2021-12-06 08:00:00,568: [/ss42/fsm_node] Event: joystick_override_on
[rosout][INFO] 2021-12-06 08:00:00,573: [/ss42/fsm_node] Node vehicle_detector_node is OFF in JOYSTICK_CONTROL
[rosout][INFO] 2021-12-06 08:00:00,577: [/ss42/fsm_node] Node framerate_high is ON in JOYSTICK_CONTROL
[rosout][INFO] 2021-12-06 08:00:00,581: [/ss42/fsm_node] Node decoder_node is ON in JOYSTICK_CONTROL
[rosout][INFO] 2021-12-06 08:00:00,587: [/ss42/fsm_node] Node stop_line_filter_node is ON in JOYSTICK_CONTROL
[rosout][INFO] 2021-12-06 08:00:00,592: [/ss42/fsm_node] Node lane_filter_node is ON in JOYSTICK_CONTROL
[rosout][INFO] 2021-12-06 08:00:00,597: [/ss42/fsm_node] Node led_detector_node is OFF in JOYSTICK_CONTROL
[rosout][INFO] 2021-12-06 08:00:00,602: [/ss42/fsm_node] Node static_object_detector_node is OFF in JOYSTICK_CONTROL
[rosout][INFO] 2021-12-06 08:00:00,614: [/ss42/fsm_node] Node led_emitter_node is OFF in JOYSTICK_CONTROL
[rosout][INFO] 2021-12-06 08:00:00,621: [/ss42/fsm_node] Node line_detector_node is ON in JOYSTICK_CONTROL
[rosout][INFO] 2021-12-06 08:00:00,625: [/ss42/fsm_node] Node apriltag_node is ON in JOYSTICK_CONTROL
[rosout][INFO] 2021-12-06 08:00:00,630: [/ss42/fsm_node] FSMState: JOYSTICK_CONTROL
[rosout][INFO] 2021-12-06 08:00:02,058: [/ss42/fsm_node] Event: parallel_autonomy_off
[rosout][INFO] 2021-12-06 08:00:02,062: [/ss42/fsm_node] Node vehicle_detector_node is OFF in JOYSTICK_CONTROL
[rosout][INFO] 2021-12-06 08:00:02,069: [/ss42/fsm_node] Node framerate_high is ON in JOYSTICK_CONTROL
[rosout][INFO] 2021-12-06 08:00:02,073: [/ss42/fsm_node] Node decoder_node is ON in JOYSTICK_CONTROL
[rosout][INFO] 2021-12-06 08:00:02,077: [/ss42/fsm_node] Node stop_line_filter_node is ON in JOYSTICK_CONTROL
[rosout][INFO] 2021-12-06 08:00:02,081: [/ss42/fsm_node] Node lane_filter_node is ON in JOYSTICK_CONTROL
[rosout][INFO] 2021-12-06 08:00:02,086: [/ss42/fsm_node] Node led_detector_node is OFF in JOYSTICK_CONTROL
[rosout][INFO] 2021-12-06 08:00:02,091: [/ss42/fsm_node] Node static_object_detector_node is OFF in JOYSTICK_CONTROL
[rosout][INFO] 2021-12-06 08:00:02,095: [/ss42/fsm_node] Node led_emitter_node is OFF in JOYSTICK_CONTROL
[rosout][INFO] 2021-12-06 08:00:02,102: [/ss42/fsm_node] Node line_detector_node is ON in JOYSTICK_CONTROL
[rosout][INFO] 2021-12-06 08:00:02,106: [/ss42/fsm_node] Node apriltag_node is ON in JOYSTICK_CONTROL
[rosout][INFO] 2021-12-06 08:00:02,110: [/ss42/fsm_node] FSMState: JOYSTICK_CONTROL
[rosout][INFO] 2021-12-06 08:00:05,220: [/ss42/fsm_node] Event: parallel_autonomy_on
[rosout][INFO] 2021-12-06 08:00:05,236: [/ss42/fsm_node] Node vehicle_detector_node is ON in PARALLEL_AUTONOMY
[rosout][INFO] 2021-12-06 08:00:05,241: [/ss42/fsm_node] Node framerate_high is OFF in PARALLEL_AUTONOMY
[rosout][INFO] 2021-12-06 08:00:05,253: [/ss42/fsm_node] Node decoder_node is ON in PARALLEL_AUTONOMY
[rosout][INFO] 2021-12-06 08:00:05,274: [/ss42/fsm_node] Node stop_line_filter_node is ON in PARALLEL_AUTONOMY
[rosout][INFO] 2021-12-06 08:00:05,277: [/ss42/fsm_node] Node lane_filter_node is ON in PARALLEL_AUTONOMY
[rosout][INFO] 2021-12-06 08:00:05,292: [/ss42/fsm_node] Node led_detector_node is OFF in PARALLEL_AUTONOMY
[rosout][INFO] 2021-12-06 08:00:05,301: [/ss42/fsm_node] Node static_object_detector_node is ON in PARALLEL_AUTONOMY
[rosout][INFO] 2021-12-06 08:00:05,306: [/ss42/fsm_node] Node led_emitter_node is OFF in PARALLEL_AUTONOMY
[rosout][INFO] 2021-12-06 08:00:05,309: [/ss42/fsm_node] Node line_detector_node is ON in PARALLEL_AUTONOMY
[rosout][INFO] 2021-12-06 08:00:05,334: [/ss42/fsm_node] Node apriltag_node is OFF in PARALLEL_AUTONOMY
[rosout][INFO] 2021-12-06 08:00:05,351: [/ss42/fsm_node] FSMState: PARALLEL_AUTONOMY
[rosout][INFO] 2021-12-06 08:00:05,527: [/ss42/fsm_node] Event: parallel_autonomy_off
[rosout][INFO] 2021-12-06 08:00:05,529: [/ss42/fsm_node] Node vehicle_detector_node is OFF in JOYSTICK_CONTROL
[rosout][INFO] 2021-12-06 08:00:05,533: [/ss42/fsm_node] Node framerate_high is ON in JOYSTICK_CONTROL
[rosout][INFO] 2021-12-06 08:00:05,537: [/ss42/fsm_node] Node decoder_node is ON in JOYSTICK_CONTROL
[rosout][INFO] 2021-12-06 08:00:05,540: [/ss42/fsm_node] Node stop_line_filter_node is ON in JOYSTICK_CONTROL
[rosout][INFO] 2021-12-06 08:00:05,544: [/ss42/fsm_node] Node lane_filter_node is ON in JOYSTICK_CONTROL
[rosout][INFO] 2021-12-06 08:00:05,547: [/ss42/fsm_node] Node led_detector_node is OFF in JOYSTICK_CONTROL
[rosout][INFO] 2021-12-06 08:00:05,550: [/ss42/fsm_node] Node static_object_detector_node is OFF in JOYSTICK_CONTROL
[rosout][INFO] 2021-12-06 08:00:05,553: [/ss42/fsm_node] Node led_emitter_node is OFF in JOYSTICK_CONTROL
[rosout][INFO] 2021-12-06 08:00:05,556: [/ss42/fsm_node] Node line_detector_node is ON in JOYSTICK_CONTROL
[rosout][INFO] 2021-12-06 08:00:05,559: [/ss42/fsm_node] Node apriltag_node is ON in JOYSTICK_CONTROL
[rosout][INFO] 2021-12-06 08:00:05,563: [/ss42/fsm_node] FSMState: JOYSTICK_CONTROL
[rosout][INFO] 2021-12-06 08:00:06,031: [/ss42/fsm_node] Event: parallel_autonomy_on
[rosout][INFO] 2021-12-06 08:00:06,034: [/ss42/fsm_node] Node vehicle_detector_node is ON in PARALLEL_AUTONOMY
[rosout][INFO] 2021-12-06 08:00:06,037: [/ss42/fsm_node] Node framerate_high is OFF in PARALLEL_AUTONOMY
[rosout][INFO] 2021-12-06 08:00:06,041: [/ss42/fsm_node] Node decoder_node is ON in PARALLEL_AUTONOMY
[rosout][INFO] 2021-12-06 08:00:06,046: [/ss42/fsm_node] Node stop_line_filter_node is ON in PARALLEL_AUTONOMY
[rosout][INFO] 2021-12-06 08:00:06,062: [/ss42/fsm_node] Node lane_filter_node is ON in PARALLEL_AUTONOMY
[rosout][INFO] 2021-12-06 08:00:06,083: [/ss42/fsm_node] Node led_detector_node is OFF in PARALLEL_AUTONOMY
[rosout][INFO] 2021-12-06 08:00:06,093: [/ss42/fsm_node] Node static_object_detector_node is ON in PARALLEL_AUTONOMY
[rosout][INFO] 2021-12-06 08:00:06,097: [/ss42/fsm_node] Node led_emitter_node is OFF in PARALLEL_AUTONOMY
[rosout][INFO] 2021-12-06 08:00:06,102: [/ss42/fsm_node] Node line_detector_node is ON in PARALLEL_AUTONOMY
[rosout][INFO] 2021-12-06 08:00:06,113: [/ss42/fsm_node] Node apriltag_node is OFF in PARALLEL_AUTONOMY
[rosout][INFO] 2021-12-06 08:00:06,117: [/ss42/fsm_node] FSMState: PARALLEL_AUTONOMY
[rosout][INFO] 2021-12-06 08:00:06,530: [/ss42/fsm_node] Event: parallel_autonomy_off
[rosout][INFO] 2021-12-06 08:00:06,533: [/ss42/fsm_node] Node vehicle_detector_node is OFF in JOYSTICK_CONTROL
[rosout][INFO] 2021-12-06 08:00:06,535: [/ss42/fsm_node] Node framerate_high is ON in JOYSTICK_CONTROL
[rosout][INFO] 2021-12-06 08:00:06,547: [/ss42/fsm_node] Node decoder_node is ON in JOYSTICK_CONTROL
[rosout][INFO] 2021-12-06 08:00:06,557: [/ss42/fsm_node] Node stop_line_filter_node is ON in JOYSTICK_CONTROL
[rosout][INFO] 2021-12-06 08:00:06,569: [/ss42/fsm_node] Node lane_filter_node is ON in JOYSTICK_CONTROL
[rosout][INFO] 2021-12-06 08:00:06,578: [/ss42/fsm_node] Node led_detector_node is OFF in JOYSTICK_CONTROL
[rosout][INFO] 2021-12-06 08:00:06,586: [/ss42/fsm_node] Node static_object_detector_node is OFF in JOYSTICK_CONTROL
[rosout][INFO] 2021-12-06 08:00:06,591: [/ss42/fsm_node] Node led_emitter_node is OFF in JOYSTICK_CONTROL
[rosout][INFO] 2021-12-06 08:00:06,595: [/ss42/fsm_node] Node line_detector_node is ON in JOYSTICK_CONTROL
[rosout][INFO] 2021-12-06 08:00:06,599: [/ss42/fsm_node] Node apriltag_node is ON in JOYSTICK_CONTROL
[rosout][INFO] 2021-12-06 08:00:06,603: [/ss42/fsm_node] FSMState: JOYSTICK_CONTROL
[rosout][INFO] 2021-12-06 08:00:07,028: [/ss42/fsm_node] Event: parallel_autonomy_on
[rosout][INFO] 2021-12-06 08:00:07,031: [/ss42/fsm_node] Node vehicle_detector_node is ON in PARALLEL_AUTONOMY
[rosout][INFO] 2021-12-06 08:00:07,044: [/ss42/fsm_node] Node framerate_high is OFF in PARALLEL_AUTONOMY
[rosout][INFO] 2021-12-06 08:00:07,049: [/ss42/fsm_node] Node decoder_node is ON in PARALLEL_AUTONOMY
[rosout][INFO] 2021-12-06 08:00:07,055: [/ss42/fsm_node] Node stop_line_filter_node is ON in PARALLEL_AUTONOMY
[rosout][INFO] 2021-12-06 08:00:07,059: [/ss42/fsm_node] Node lane_filter_node is ON in PARALLEL_AUTONOMY
[rosout][INFO] 2021-12-06 08:00:07,063: [/ss42/fsm_node] Node led_detector_node is OFF in PARALLEL_AUTONOMY
[rosout][INFO] 2021-12-06 08:00:07,069: [/ss42/fsm_node] Node static_object_detector_node is ON in PARALLEL_AUTONOMY
[rosout][INFO] 2021-12-06 08:00:07,081: [/ss42/fsm_node] Node led_emitter_node is OFF in PARALLEL_AUTONOMY
[rosout][INFO] 2021-12-06 08:00:07,085: [/ss42/fsm_node] Node line_detector_node is ON in PARALLEL_AUTONOMY
[rosout][INFO] 2021-12-06 08:00:07,088: [/ss42/fsm_node] Node apriltag_node is OFF in PARALLEL_AUTONOMY
[rosout][INFO] 2021-12-06 08:00:07,098: [/ss42/fsm_node] FSMState: PARALLEL_AUTONOMY
[rosout][INFO] 2021-12-06 08:00:07,531: [/ss42/fsm_node] Event: parallel_autonomy_off
[rosout][INFO] 2021-12-06 08:00:07,536: [/ss42/fsm_node] Node vehicle_detector_node is OFF in JOYSTICK_CONTROL
[rosout][INFO] 2021-12-06 08:00:07,540: [/ss42/fsm_node] Node framerate_high is ON in JOYSTICK_CONTROL
[rosout][INFO] 2021-12-06 08:00:07,544: [/ss42/fsm_node] Node decoder_node is ON in JOYSTICK_CONTROL
[rosout][INFO] 2021-12-06 08:00:07,551: [/ss42/fsm_node] Node stop_line_filter_node is ON in JOYSTICK_CONTROL
[rosout][INFO] 2021-12-06 08:00:07,554: [/ss42/fsm_node] Node lane_filter_node is ON in JOYSTICK_CONTROL
[rosout][INFO] 2021-12-06 08:00:07,557: [/ss42/fsm_node] Node led_detector_node is OFF in JOYSTICK_CONTROL
[rosout][INFO] 2021-12-06 08:00:07,560: [/ss42/fsm_node] Node static_object_detector_node is OFF in JOYSTICK_CONTROL
[rosout][INFO] 2021-12-06 08:00:07,564: [/ss42/fsm_node] Node led_emitter_node is OFF in JOYSTICK_CONTROL
[rosout][INFO] 2021-12-06 08:00:07,570: [/ss42/fsm_node] Node line_detector_node is ON in JOYSTICK_CONTROL
[rosout][INFO] 2021-12-06 08:00:07,573: [/ss42/fsm_node] Node apriltag_node is ON in JOYSTICK_CONTROL
[rosout][INFO] 2021-12-06 08:00:07,583: [/ss42/fsm_node] FSMState: JOYSTICK_CONTROL
[rosout][INFO] 2021-12-06 08:00:08,032: [/ss42/fsm_node] Event: parallel_autonomy_on
[rosout][INFO] 2021-12-06 08:00:08,036: [/ss42/fsm_node] Node vehicle_detector_node is ON in PARALLEL_AUTONOMY
[rosout][INFO] 2021-12-06 08:00:08,042: [/ss42/fsm_node] Node framerate_high is OFF in PARALLEL_AUTONOMY
[rosout][INFO] 2021-12-06 08:00:08,046: [/ss42/fsm_node] Node decoder_node is ON in PARALLEL_AUTONOMY
[rosout][INFO] 2021-12-06 08:00:08,052: [/ss42/fsm_node] Node stop_line_filter_node is ON in PARALLEL_AUTONOMY
[rosout][INFO] 2021-12-06 08:00:08,056: [/ss42/fsm_node] Node lane_filter_node is ON in PARALLEL_AUTONOMY
[rosout][INFO] 2021-12-06 08:00:08,060: [/ss42/fsm_node] Node led_detector_node is OFF in PARALLEL_AUTONOMY
[rosout][INFO] 2021-12-06 08:00:08,063: [/ss42/fsm_node] Node static_object_detector_node is ON in PARALLEL_AUTONOMY
[rosout][INFO] 2021-12-06 08:00:08,066: [/ss42/fsm_node] Node led_emitter_node is OFF in PARALLEL_AUTONOMY
[rosout][INFO] 2021-12-06 08:00:08,069: [/ss42/fsm_node] Node line_detector_node is ON in PARALLEL_AUTONOMY
[rosout][INFO] 2021-12-06 08:00:08,072: [/ss42/fsm_node] Node apriltag_node is OFF in PARALLEL_AUTONOMY
[rosout][INFO] 2021-12-06 08:00:08,078: [/ss42/fsm_node] FSMState: PARALLEL_AUTONOMY
[rosout][INFO] 2021-12-06 08:00:08,531: [/ss42/fsm_node] Event: parallel_autonomy_off
[rosout][INFO] 2021-12-06 08:00:08,534: [/ss42/fsm_node] Node vehicle_detector_node is OFF in JOYSTICK_CONTROL
[rosout][INFO] 2021-12-06 08:00:08,539: [/ss42/fsm_node] Node framerate_high is ON in JOYSTICK_CONTROL
[rosout][INFO] 2021-12-06 08:00:08,553: [/ss42/fsm_node] Node decoder_node is ON in JOYSTICK_CONTROL
[rosout][INFO] 2021-12-06 08:00:08,562: [/ss42/fsm_node] Node stop_line_filter_node is ON in JOYSTICK_CONTROL
[rosout][INFO] 2021-12-06 08:00:08,570: [/ss42/fsm_node] Node lane_filter_node is ON in JOYSTICK_CONTROL
[rosout][INFO] 2021-12-06 08:00:08,574: [/ss42/fsm_node] Node led_detector_node is OFF in JOYSTICK_CONTROL
[rosout][INFO] 2021-12-06 08:00:08,578: [/ss42/fsm_node] Node static_object_detector_node is OFF in JOYSTICK_CONTROL
[rosout][INFO] 2021-12-06 08:00:08,582: [/ss42/fsm_node] Node led_emitter_node is OFF in JOYSTICK_CONTROL
[rosout][INFO] 2021-12-06 08:00:08,586: [/ss42/fsm_node] Node line_detector_node is ON in JOYSTICK_CONTROL
[rosout][INFO] 2021-12-06 08:00:08,590: [/ss42/fsm_node] Node apriltag_node is ON in JOYSTICK_CONTROL
[rosout][INFO] 2021-12-06 08:00:08,596: [/ss42/fsm_node] FSMState: JOYSTICK_CONTROL
[rosout][INFO] 2021-12-06 08:00:09,038: [/ss42/fsm_node] Event: parallel_autonomy_on
[rosout][INFO] 2021-12-06 08:00:09,043: [/ss42/fsm_node] Node vehicle_detector_node is ON in PARALLEL_AUTONOMY
[rosout][INFO] 2021-12-06 08:00:09,047: [/ss42/fsm_node] Node framerate_high is OFF in PARALLEL_AUTONOMY
[rosout][INFO] 2021-12-06 08:00:09,055: [/ss42/fsm_node] Node decoder_node is ON in PARALLEL_AUTONOMY
[rosout][INFO] 2021-12-06 08:00:09,059: [/ss42/fsm_node] Node stop_line_filter_node is ON in PARALLEL_AUTONOMY
[rosout][INFO] 2021-12-06 08:00:09,066: [/ss42/fsm_node] Node lane_filter_node is ON in PARALLEL_AUTONOMY
[rosout][INFO] 2021-12-06 08:00:09,073: [/ss42/fsm_node] Node led_detector_node is OFF in PARALLEL_AUTONOMY
[rosout][INFO] 2021-12-06 08:00:09,085: [/ss42/fsm_node] Node static_object_detector_node is ON in PARALLEL_AUTONOMY
[rosout][INFO] 2021-12-06 08:00:09,091: [/ss42/fsm_node] Node led_emitter_node is OFF in PARALLEL_AUTONOMY
[rosout][INFO] 2021-12-06 08:00:09,097: [/ss42/fsm_node] Node line_detector_node is ON in PARALLEL_AUTONOMY
[rosout][INFO] 2021-12-06 08:00:09,103: [/ss42/fsm_node] Node apriltag_node is OFF in PARALLEL_AUTONOMY
[rosout][INFO] 2021-12-06 08:00:09,109: [/ss42/fsm_node] FSMState: PARALLEL_AUTONOMY
[rosout][INFO] 2021-12-06 08:00:09,535: [/ss42/fsm_node] Event: parallel_autonomy_off
[rosout][INFO] 2021-12-06 08:00:09,540: [/ss42/fsm_node] Node vehicle_detector_node is OFF in JOYSTICK_CONTROL
[rosout][INFO] 2021-12-06 08:00:09,546: [/ss42/fsm_node] Node framerate_high is ON in JOYSTICK_CONTROL
[rosout][INFO] 2021-12-06 08:00:09,551: [/ss42/fsm_node] Node decoder_node is ON in JOYSTICK_CONTROL
[rosout][INFO] 2021-12-06 08:00:09,556: [/ss42/fsm_node] Node stop_line_filter_node is ON in JOYSTICK_CONTROL
[rosout][INFO] 2021-12-06 08:00:09,560: [/ss42/fsm_node] Node lane_filter_node is ON in JOYSTICK_CONTROL
[rosout][INFO] 2021-12-06 08:00:09,564: [/ss42/fsm_node] Node led_detector_node is OFF in JOYSTICK_CONTROL
[rosout][INFO] 2021-12-06 08:00:09,569: [/ss42/fsm_node] Node static_object_detector_node is OFF in JOYSTICK_CONTROL
[rosout][INFO] 2021-12-06 08:00:09,578: [/ss42/fsm_node] Node led_emitter_node is OFF in JOYSTICK_CONTROL
[rosout][INFO] 2021-12-06 08:00:09,583: [/ss42/fsm_node] Node line_detector_node is ON in JOYSTICK_CONTROL
[rosout][INFO] 2021-12-06 08:00:09,587: [/ss42/fsm_node] Node apriltag_node is ON in JOYSTICK_CONTROL
[rosout][INFO] 2021-12-06 08:00:09,594: [/ss42/fsm_node] FSMState: JOYSTICK_CONTROL
[rosout][INFO] 2021-12-06 08:00:10,037: [/ss42/fsm_node] Event: parallel_autonomy_on
[rosout][INFO] 2021-12-06 08:00:10,043: [/ss42/fsm_node] Node vehicle_detector_node is ON in PARALLEL_AUTONOMY
[rosout][INFO] 2021-12-06 08:00:10,048: [/ss42/fsm_node] Node framerate_high is OFF in PARALLEL_AUTONOMY
[rosout][INFO] 2021-12-06 08:00:10,065: [/ss42/fsm_node] Node decoder_node is ON in PARALLEL_AUTONOMY
[rosout][INFO] 2021-12-06 08:00:10,089: [/ss42/fsm_node] Node stop_line_filter_node is ON in PARALLEL_AUTONOMY
[rosout][INFO] 2021-12-06 08:00:10,098: [/ss42/fsm_node] Node lane_filter_node is ON in PARALLEL_AUTONOMY
[rosout][INFO] 2021-12-06 08:00:10,104: [/ss42/fsm_node] Node led_detector_node is OFF in PARALLEL_AUTONOMY
[rosout][INFO] 2021-12-06 08:00:10,108: [/ss42/fsm_node] Node static_object_detector_node is ON in PARALLEL_AUTONOMY
[rosout][INFO] 2021-12-06 08:00:10,112: [/ss42/fsm_node] Node led_emitter_node is OFF in PARALLEL_AUTONOMY
[rosout][INFO] 2021-12-06 08:00:10,116: [/ss42/fsm_node] Node line_detector_node is ON in PARALLEL_AUTONOMY
[rosout][INFO] 2021-12-06 08:00:10,121: [/ss42/fsm_node] Node apriltag_node is OFF in PARALLEL_AUTONOMY
[rosout][INFO] 2021-12-06 08:00:10,125: [/ss42/fsm_node] FSMState: PARALLEL_AUTONOMY
[rosout][INFO] 2021-12-06 08:00:10,538: [/ss42/fsm_node] Event: parallel_autonomy_off
[rosout][INFO] 2021-12-06 08:00:10,541: [/ss42/fsm_node] Node vehicle_detector_node is OFF in JOYSTICK_CONTROL
[rosout][INFO] 2021-12-06 08:00:10,545: [/ss42/fsm_node] Node framerate_high is ON in JOYSTICK_CONTROL
[rosout][INFO] 2021-12-06 08:00:10,548: [/ss42/fsm_node] Node decoder_node is ON in JOYSTICK_CONTROL
[rosout][INFO] 2021-12-06 08:00:10,552: [/ss42/fsm_node] Node stop_line_filter_node is ON in JOYSTICK_CONTROL
[rosout][INFO] 2021-12-06 08:00:10,555: [/ss42/fsm_node] Node lane_filter_node is ON in JOYSTICK_CONTROL
[rosout][INFO] 2021-12-06 08:00:10,559: [/ss42/fsm_node] Node led_detector_node is OFF in JOYSTICK_CONTROL
[rosout][INFO] 2021-12-06 08:00:10,562: [/ss42/fsm_node] Node static_object_detector_node is OFF in JOYSTICK_CONTROL
[rosout][INFO] 2021-12-06 08:00:10,565: [/ss42/fsm_node] Node led_emitter_node is OFF in JOYSTICK_CONTROL
[rosout][INFO] 2021-12-06 08:00:10,568: [/ss42/fsm_node] Node line_detector_node is ON in JOYSTICK_CONTROL
[rosout][INFO] 2021-12-06 08:00:10,572: [/ss42/fsm_node] Node apriltag_node is ON in JOYSTICK_CONTROL
[rosout][INFO] 2021-12-06 08:00:10,579: [/ss42/fsm_node] FSMState: JOYSTICK_CONTROL
[rosout][INFO] 2021-12-06 08:00:11,045: [/ss42/fsm_node] Event: parallel_autonomy_on
[rosout][INFO] 2021-12-06 08:00:11,051: [/ss42/fsm_node] Node vehicle_detector_node is ON in PARALLEL_AUTONOMY
[rosout][INFO] 2021-12-06 08:00:11,060: [/ss42/fsm_node] Node framerate_high is OFF in PARALLEL_AUTONOMY
[rosout][INFO] 2021-12-06 08:00:11,064: [/ss42/fsm_node] Node decoder_node is ON in PARALLEL_AUTONOMY
[rosout][INFO] 2021-12-06 08:00:11,070: [/ss42/fsm_node] Node stop_line_filter_node is ON in PARALLEL_AUTONOMY
[rosout][INFO] 2021-12-06 08:00:11,079: [/ss42/fsm_node] Node lane_filter_node is ON in PARALLEL_AUTONOMY
[rosout][INFO] 2021-12-06 08:00:11,087: [/ss42/fsm_node] Node led_detector_node is OFF in PARALLEL_AUTONOMY
[rosout][INFO] 2021-12-06 08:00:11,090: [/ss42/fsm_node] Node static_object_detector_node is ON in PARALLEL_AUTONOMY
[rosout][INFO] 2021-12-06 08:00:11,094: [/ss42/fsm_node] Node led_emitter_node is OFF in PARALLEL_AUTONOMY
[rosout][INFO] 2021-12-06 08:00:11,097: [/ss42/fsm_node] Node line_detector_node is ON in PARALLEL_AUTONOMY
[rosout][INFO] 2021-12-06 08:00:11,101: [/ss42/fsm_node] Node apriltag_node is OFF in PARALLEL_AUTONOMY
[rosout][INFO] 2021-12-06 08:00:11,109: [/ss42/fsm_node] FSMState: PARALLEL_AUTONOMY
[rosout][INFO] 2021-12-06 08:00:11,540: [/ss42/fsm_node] Event: parallel_autonomy_off
[rosout][INFO] 2021-12-06 08:00:11,544: [/ss42/fsm_node] Node vehicle_detector_node is OFF in JOYSTICK_CONTROL
[rosout][INFO] 2021-12-06 08:00:11,549: [/ss42/fsm_node] Node framerate_high is ON in JOYSTICK_CONTROL
[rosout][INFO] 2021-12-06 08:00:11,558: [/ss42/fsm_node] Node decoder_node is ON in JOYSTICK_CONTROL
[rosout][INFO] 2021-12-06 08:00:11,564: [/ss42/fsm_node] Node stop_line_filter_node is ON in JOYSTICK_CONTROL
[rosout][INFO] 2021-12-06 08:00:11,567: [/ss42/fsm_node] Node lane_filter_node is ON in JOYSTICK_CONTROL
[rosout][INFO] 2021-12-06 08:00:11,571: [/ss42/fsm_node] Node led_detector_node is OFF in JOYSTICK_CONTROL
[rosout][INFO] 2021-12-06 08:00:11,575: [/ss42/fsm_node] Node static_object_detector_node is OFF in JOYSTICK_CONTROL
[rosout][INFO] 2021-12-06 08:00:11,579: [/ss42/fsm_node] Node led_emitter_node is OFF in JOYSTICK_CONTROL
[rosout][INFO] 2021-12-06 08:00:11,582: [/ss42/fsm_node] Node line_detector_node is ON in JOYSTICK_CONTROL
[rosout][INFO] 2021-12-06 08:00:11,586: [/ss42/fsm_node] Node apriltag_node is ON in JOYSTICK_CONTROL
[rosout][INFO] 2021-12-06 08:00:11,592: [/ss42/fsm_node] FSMState: JOYSTICK_CONTROL
[rosout][INFO] 2021-12-06 08:00:12,046: [/ss42/fsm_node] Event: parallel_autonomy_on
[rosout][INFO] 2021-12-06 08:00:12,050: [/ss42/fsm_node] Node vehicle_detector_node is ON in PARALLEL_AUTONOMY
[rosout][INFO] 2021-12-06 08:00:12,058: [/ss42/fsm_node] Node framerate_high is OFF in PARALLEL_AUTONOMY
[rosout][INFO] 2021-12-06 08:00:12,065: [/ss42/fsm_node] Node decoder_node is ON in PARALLEL_AUTONOMY
[rosout][INFO] 2021-12-06 08:00:12,091: [/ss42/fsm_node] Node stop_line_filter_node is ON in PARALLEL_AUTONOMY
[rosout][INFO] 2021-12-06 08:00:12,095: [/ss42/fsm_node] Node lane_filter_node is ON in PARALLEL_AUTONOMY
[rosout][INFO] 2021-12-06 08:00:12,099: [/ss42/fsm_node] Node led_detector_node is OFF in PARALLEL_AUTONOMY
[rosout][INFO] 2021-12-06 08:00:12,105: [/ss42/fsm_node] Node static_object_detector_node is ON in PARALLEL_AUTONOMY
[rosout][INFO] 2021-12-06 08:00:12,108: [/ss42/fsm_node] Node led_emitter_node is OFF in PARALLEL_AUTONOMY
[rosout][INFO] 2021-12-06 08:00:12,112: [/ss42/fsm_node] Node line_detector_node is ON in PARALLEL_AUTONOMY
[rosout][INFO] 2021-12-06 08:00:12,115: [/ss42/fsm_node] Node apriltag_node is OFF in PARALLEL_AUTONOMY
[rosout][INFO] 2021-12-06 08:00:12,123: [/ss42/fsm_node] FSMState: PARALLEL_AUTONOMY
[rosout][INFO] 2021-12-06 08:00:12,542: [/ss42/fsm_node] Event: parallel_autonomy_off
[rosout][INFO] 2021-12-06 08:00:12,546: [/ss42/fsm_node] Node vehicle_detector_node is OFF in JOYSTICK_CONTROL
[rosout][INFO] 2021-12-06 08:00:12,549: [/ss42/fsm_node] Node framerate_high is ON in JOYSTICK_CONTROL
[rosout][INFO] 2021-12-06 08:00:12,552: [/ss42/fsm_node] Node decoder_node is ON in JOYSTICK_CONTROL
[rosout][INFO] 2021-12-06 08:00:12,557: [/ss42/fsm_node] Node stop_line_filter_node is ON in JOYSTICK_CONTROL
[rosout][INFO] 2021-12-06 08:00:12,560: [/ss42/fsm_node] Node lane_filter_node is ON in JOYSTICK_CONTROL
[rosout][INFO] 2021-12-06 08:00:12,563: [/ss42/fsm_node] Node led_detector_node is OFF in JOYSTICK_CONTROL
[rosout][INFO] 2021-12-06 08:00:12,566: [/ss42/fsm_node] Node static_object_detector_node is OFF in JOYSTICK_CONTROL
[rosout][INFO] 2021-12-06 08:00:12,569: [/ss42/fsm_node] Node led_emitter_node is OFF in JOYSTICK_CONTROL
[rosout][INFO] 2021-12-06 08:00:12,573: [/ss42/fsm_node] Node line_detector_node is ON in JOYSTICK_CONTROL
[rosout][INFO] 2021-12-06 08:00:12,576: [/ss42/fsm_node] Node apriltag_node is ON in JOYSTICK_CONTROL
[rosout][INFO] 2021-12-06 08:00:12,580: [/ss42/fsm_node] FSMState: JOYSTICK_CONTROL
[rosout][INFO] 2021-12-06 08:00:13,043: [/ss42/fsm_node] Event: parallel_autonomy_on
[rosout][INFO] 2021-12-06 08:00:13,046: [/ss42/fsm_node] Node vehicle_detector_node is ON in PARALLEL_AUTONOMY
[rosout][INFO] 2021-12-06 08:00:13,050: [/ss42/fsm_node] Node framerate_high is OFF in PARALLEL_AUTONOMY
[rosout][INFO] 2021-12-06 08:00:13,055: [/ss42/fsm_node] Node decoder_node is ON in PARALLEL_AUTONOMY
[rosout][INFO] 2021-12-06 08:00:13,068: [/ss42/fsm_node] Node stop_line_filter_node is ON in PARALLEL_AUTONOMY
[rosout][INFO] 2021-12-06 08:00:13,077: [/ss42/fsm_node] Node lane_filter_node is ON in PARALLEL_AUTONOMY
[rosout][INFO] 2021-12-06 08:00:13,081: [/ss42/fsm_node] Node led_detector_node is OFF in PARALLEL_AUTONOMY
[rosout][INFO] 2021-12-06 08:00:13,086: [/ss42/fsm_node] Node static_object_detector_node is ON in PARALLEL_AUTONOMY
[rosout][INFO] 2021-12-06 08:00:13,097: [/ss42/fsm_node] Node led_emitter_node is OFF in PARALLEL_AUTONOMY
[rosout][INFO] 2021-12-06 08:00:13,103: [/ss42/fsm_node] Node line_detector_node is ON in PARALLEL_AUTONOMY
[rosout][INFO] 2021-12-06 08:00:13,105: [/ss42/fsm_node] Node apriltag_node is OFF in PARALLEL_AUTONOMY
[rosout][INFO] 2021-12-06 08:00:13,109: [/ss42/fsm_node] FSMState: PARALLEL_AUTONOMY
[rosout][INFO] 2021-12-06 08:00:13,543: [/ss42/fsm_node] Event: parallel_autonomy_off
[rosout][INFO] 2021-12-06 08:00:13,546: [/ss42/fsm_node] Node vehicle_detector_node is OFF in JOYSTICK_CONTROL
[rosout][INFO] 2021-12-06 08:00:13,550: [/ss42/fsm_node] Node framerate_high is ON in JOYSTICK_CONTROL
[rosout][INFO] 2021-12-06 08:00:13,554: [/ss42/fsm_node] Node decoder_node is ON in JOYSTICK_CONTROL
[rosout][INFO] 2021-12-06 08:00:13,558: [/ss42/fsm_node] Node stop_line_filter_node is ON in JOYSTICK_CONTROL
[rosout][INFO] 2021-12-06 08:00:13,562: [/ss42/fsm_node] Node lane_filter_node is ON in JOYSTICK_CONTROL
[rosout][INFO] 2021-12-06 08:00:13,565: [/ss42/fsm_node] Node led_detector_node is OFF in JOYSTICK_CONTROL
[rosout][INFO] 2021-12-06 08:00:13,577: [/ss42/fsm_node] Node static_object_detector_node is OFF in JOYSTICK_CONTROL
[rosout][INFO] 2021-12-06 08:00:13,580: [/ss42/fsm_node] Node led_emitter_node is OFF in JOYSTICK_CONTROL
[rosout][INFO] 2021-12-06 08:00:13,584: [/ss42/fsm_node] Node line_detector_node is ON in JOYSTICK_CONTROL
[rosout][INFO] 2021-12-06 08:00:13,590: [/ss42/fsm_node] Node apriltag_node is ON in JOYSTICK_CONTROL
[rosout][INFO] 2021-12-06 08:00:13,594: [/ss42/fsm_node] FSMState: JOYSTICK_CONTROL
[rosout][INFO] 2021-12-06 08:00:14,045: [/ss42/fsm_node] Event: parallel_autonomy_on
[rosout][INFO] 2021-12-06 08:00:14,051: [/ss42/fsm_node] Node vehicle_detector_node is ON in PARALLEL_AUTONOMY
[rosout][INFO] 2021-12-06 08:00:14,062: [/ss42/fsm_node] Node framerate_high is OFF in PARALLEL_AUTONOMY
[rosout][INFO] 2021-12-06 08:00:14,067: [/ss42/fsm_node] Node decoder_node is ON in PARALLEL_AUTONOMY
[rosout][INFO] 2021-12-06 08:00:14,072: [/ss42/fsm_node] Node stop_line_filter_node is ON in PARALLEL_AUTONOMY
[rosout][INFO] 2021-12-06 08:00:14,075: [/ss42/fsm_node] Node lane_filter_node is ON in PARALLEL_AUTONOMY
[rosout][INFO] 2021-12-06 08:00:14,078: [/ss42/fsm_node] Node led_detector_node is OFF in PARALLEL_AUTONOMY
[rosout][INFO] 2021-12-06 08:00:14,093: [/ss42/fsm_node] Node static_object_detector_node is ON in PARALLEL_AUTONOMY
[rosout][INFO] 2021-12-06 08:00:14,097: [/ss42/fsm_node] Node led_emitter_node is OFF in PARALLEL_AUTONOMY
[rosout][INFO] 2021-12-06 08:00:14,102: [/ss42/fsm_node] Node line_detector_node is ON in PARALLEL_AUTONOMY
[rosout][INFO] 2021-12-06 08:00:14,106: [/ss42/fsm_node] Node apriltag_node is OFF in PARALLEL_AUTONOMY
[rosout][INFO] 2021-12-06 08:00:14,110: [/ss42/fsm_node] FSMState: PARALLEL_AUTONOMY
[rosout][INFO] 2021-12-06 08:00:14,548: [/ss42/fsm_node] Event: parallel_autonomy_off
[rosout][INFO] 2021-12-06 08:00:14,552: [/ss42/fsm_node] Node vehicle_detector_node is OFF in JOYSTICK_CONTROL
[rosout][INFO] 2021-12-06 08:00:14,555: [/ss42/fsm_node] Node framerate_high is ON in JOYSTICK_CONTROL
[rosout][INFO] 2021-12-06 08:00:14,560: [/ss42/fsm_node] Node decoder_node is ON in JOYSTICK_CONTROL
[rosout][INFO] 2021-12-06 08:00:14,564: [/ss42/fsm_node] Node stop_line_filter_node is ON in JOYSTICK_CONTROL
[rosout][INFO] 2021-12-06 08:00:14,567: [/ss42/fsm_node] Node lane_filter_node is ON in JOYSTICK_CONTROL
[rosout][INFO] 2021-12-06 08:00:14,570: [/ss42/fsm_node] Node led_detector_node is OFF in JOYSTICK_CONTROL
[rosout][INFO] 2021-12-06 08:00:14,573: [/ss42/fsm_node] Node static_object_detector_node is OFF in JOYSTICK_CONTROL
[rosout][INFO] 2021-12-06 08:00:14,577: [/ss42/fsm_node] Node led_emitter_node is OFF in JOYSTICK_CONTROL
[rosout][INFO] 2021-12-06 08:00:14,580: [/ss42/fsm_node] Node line_detector_node is ON in JOYSTICK_CONTROL
[rosout][INFO] 2021-12-06 08:00:14,583: [/ss42/fsm_node] Node apriltag_node is ON in JOYSTICK_CONTROL
[rosout][INFO] 2021-12-06 08:00:14,590: [/ss42/fsm_node] FSMState: JOYSTICK_CONTROL
[rosout][INFO] 2021-12-06 08:00:15,053: [/ss42/fsm_node] Event: parallel_autonomy_on
[rosout][INFO] 2021-12-06 08:00:15,059: [/ss42/fsm_node] Node vehicle_detector_node is ON in PARALLEL_AUTONOMY
[rosout][INFO] 2021-12-06 08:00:15,065: [/ss42/fsm_node] Node framerate_high is OFF in PARALLEL_AUTONOMY
[rosout][INFO] 2021-12-06 08:00:15,070: [/ss42/fsm_node] Node decoder_node is ON in PARALLEL_AUTONOMY
[rosout][INFO] 2021-12-06 08:00:15,075: [/ss42/fsm_node] Node stop_line_filter_node is ON in PARALLEL_AUTONOMY
[rosout][INFO] 2021-12-06 08:00:15,085: [/ss42/fsm_node] Node lane_filter_node is ON in PARALLEL_AUTONOMY
[rosout][INFO] 2021-12-06 08:00:15,089: [/ss42/fsm_node] Node led_detector_node is OFF in PARALLEL_AUTONOMY
[rosout][INFO] 2021-12-06 08:00:15,093: [/ss42/fsm_node] Node static_object_detector_node is ON in PARALLEL_AUTONOMY
[rosout][INFO] 2021-12-06 08:00:15,098: [/ss42/fsm_node] Node led_emitter_node is OFF in PARALLEL_AUTONOMY
[rosout][INFO] 2021-12-06 08:00:15,103: [/ss42/fsm_node] Node line_detector_node is ON in PARALLEL_AUTONOMY
[rosout][INFO] 2021-12-06 08:00:15,107: [/ss42/fsm_node] Node apriltag_node is OFF in PARALLEL_AUTONOMY
[rosout][INFO] 2021-12-06 08:00:15,112: [/ss42/fsm_node] FSMState: PARALLEL_AUTONOMY
[rosout][INFO] 2021-12-06 08:00:15,551: [/ss42/fsm_node] Event: parallel_autonomy_off
[rosout][INFO] 2021-12-06 08:00:15,554: [/ss42/fsm_node] Node vehicle_detector_node is OFF in JOYSTICK_CONTROL
[rosout][INFO] 2021-12-06 08:00:15,558: [/ss42/fsm_node] Node framerate_high is ON in JOYSTICK_CONTROL
[rosout][INFO] 2021-12-06 08:00:15,563: [/ss42/fsm_node] Node decoder_node is ON in JOYSTICK_CONTROL
[rosout][INFO] 2021-12-06 08:00:15,566: [/ss42/fsm_node] Node stop_line_filter_node is ON in JOYSTICK_CONTROL
[rosout][INFO] 2021-12-06 08:00:15,570: [/ss42/fsm_node] Node lane_filter_node is ON in JOYSTICK_CONTROL
[rosout][INFO] 2021-12-06 08:00:15,574: [/ss42/fsm_node] Node led_detector_node is OFF in JOYSTICK_CONTROL
[rosout][INFO] 2021-12-06 08:00:15,578: [/ss42/fsm_node] Node static_object_detector_node is OFF in JOYSTICK_CONTROL
[rosout][INFO] 2021-12-06 08:00:15,585: [/ss42/fsm_node] Node led_emitter_node is OFF in JOYSTICK_CONTROL
[rosout][INFO] 2021-12-06 08:00:15,594: [/ss42/fsm_node] Node line_detector_node is ON in JOYSTICK_CONTROL
[rosout][INFO] 2021-12-06 08:00:15,599: [/ss42/fsm_node] Node apriltag_node is ON in JOYSTICK_CONTROL
[rosout][INFO] 2021-12-06 08:00:15,606: [/ss42/fsm_node] FSMState: JOYSTICK_CONTROL
[rosout][INFO] 2021-12-06 08:00:16,056: [/ss42/fsm_node] Event: parallel_autonomy_on
[rosout][INFO] 2021-12-06 08:00:16,060: [/ss42/fsm_node] Node vehicle_detector_node is ON in PARALLEL_AUTONOMY
[rosout][INFO] 2021-12-06 08:00:16,069: [/ss42/fsm_node] Node framerate_high is OFF in PARALLEL_AUTONOMY
[rosout][INFO] 2021-12-06 08:00:16,074: [/ss42/fsm_node] Node decoder_node is ON in PARALLEL_AUTONOMY
[rosout][INFO] 2021-12-06 08:00:16,078: [/ss42/fsm_node] Node stop_line_filter_node is ON in PARALLEL_AUTONOMY
[rosout][INFO] 2021-12-06 08:00:16,082: [/ss42/fsm_node] Node lane_filter_node is ON in PARALLEL_AUTONOMY
[rosout][INFO] 2021-12-06 08:00:16,086: [/ss42/fsm_node] Node led_detector_node is OFF in PARALLEL_AUTONOMY
[rosout][INFO] 2021-12-06 08:00:16,090: [/ss42/fsm_node] Node static_object_detector_node is ON in PARALLEL_AUTONOMY
[rosout][INFO] 2021-12-06 08:00:16,094: [/ss42/fsm_node] Node led_emitter_node is OFF in PARALLEL_AUTONOMY
[rosout][INFO] 2021-12-06 08:00:16,100: [/ss42/fsm_node] Node line_detector_node is ON in PARALLEL_AUTONOMY
[rosout][INFO] 2021-12-06 08:00:16,105: [/ss42/fsm_node] Node apriltag_node is OFF in PARALLEL_AUTONOMY
[rosout][INFO] 2021-12-06 08:00:16,113: [/ss42/fsm_node] FSMState: PARALLEL_AUTONOMY
[rosout][INFO] 2021-12-06 08:00:16,563: [/ss42/fsm_node] Event: parallel_autonomy_off
[rosout][INFO] 2021-12-06 08:00:16,566: [/ss42/fsm_node] Node vehicle_detector_node is OFF in JOYSTICK_CONTROL
[rosout][INFO] 2021-12-06 08:00:16,570: [/ss42/fsm_node] Node framerate_high is ON in JOYSTICK_CONTROL
[rosout][INFO] 2021-12-06 08:00:16,575: [/ss42/fsm_node] Node decoder_node is ON in JOYSTICK_CONTROL
[rosout][INFO] 2021-12-06 08:00:16,579: [/ss42/fsm_node] Node stop_line_filter_node is ON in JOYSTICK_CONTROL
[rosout][INFO] 2021-12-06 08:00:16,583: [/ss42/fsm_node] Node lane_filter_node is ON in JOYSTICK_CONTROL
[rosout][INFO] 2021-12-06 08:00:16,587: [/ss42/fsm_node] Node led_detector_node is OFF in JOYSTICK_CONTROL
[rosout][INFO] 2021-12-06 08:00:16,590: [/ss42/fsm_node] Node static_object_detector_node is OFF in JOYSTICK_CONTROL
[rosout][INFO] 2021-12-06 08:00:16,595: [/ss42/fsm_node] Node led_emitter_node is OFF in JOYSTICK_CONTROL
[rosout][INFO] 2021-12-06 08:00:16,601: [/ss42/fsm_node] Node line_detector_node is ON in JOYSTICK_CONTROL
[rosout][INFO] 2021-12-06 08:00:16,605: [/ss42/fsm_node] Node apriltag_node is ON in JOYSTICK_CONTROL
[rosout][INFO] 2021-12-06 08:00:16,616: [/ss42/fsm_node] FSMState: JOYSTICK_CONTROL
[rosout][INFO] 2021-12-06 08:00:17,052: [/ss42/fsm_node] Event: parallel_autonomy_on
[rosout][INFO] 2021-12-06 08:00:17,062: [/ss42/fsm_node] Node vehicle_detector_node is ON in PARALLEL_AUTONOMY
[rosout][INFO] 2021-12-06 08:00:17,069: [/ss42/fsm_node] Node framerate_high is OFF in PARALLEL_AUTONOMY
[rosout][INFO] 2021-12-06 08:00:17,076: [/ss42/fsm_node] Node decoder_node is ON in PARALLEL_AUTONOMY
[rosout][INFO] 2021-12-06 08:00:17,082: [/ss42/fsm_node] Node stop_line_filter_node is ON in PARALLEL_AUTONOMY
[rosout][INFO] 2021-12-06 08:00:17,098: [/ss42/fsm_node] Node lane_filter_node is ON in PARALLEL_AUTONOMY
[rosout][INFO] 2021-12-06 08:00:17,104: [/ss42/fsm_node] Node led_detector_node is OFF in PARALLEL_AUTONOMY
[rosout][INFO] 2021-12-06 08:00:17,108: [/ss42/fsm_node] Node static_object_detector_node is ON in PARALLEL_AUTONOMY
[rosout][INFO] 2021-12-06 08:00:17,111: [/ss42/fsm_node] Node led_emitter_node is OFF in PARALLEL_AUTONOMY
[rosout][INFO] 2021-12-06 08:00:17,115: [/ss42/fsm_node] Node line_detector_node is ON in PARALLEL_AUTONOMY
[rosout][INFO] 2021-12-06 08:00:17,119: [/ss42/fsm_node] Node apriltag_node is OFF in PARALLEL_AUTONOMY
[rosout][INFO] 2021-12-06 08:00:17,125: [/ss42/fsm_node] FSMState: PARALLEL_AUTONOMY
[rosout][INFO] 2021-12-06 08:00:17,546: [/ss42/fsm_node] Event: parallel_autonomy_off
[rosout][INFO] 2021-12-06 08:00:17,548: [/ss42/fsm_node] Node vehicle_detector_node is OFF in JOYSTICK_CONTROL
[rosout][INFO] 2021-12-06 08:00:17,551: [/ss42/fsm_node] Node framerate_high is ON in JOYSTICK_CONTROL
[rosout][INFO] 2021-12-06 08:00:17,554: [/ss42/fsm_node] Node decoder_node is ON in JOYSTICK_CONTROL
[rosout][INFO] 2021-12-06 08:00:17,557: [/ss42/fsm_node] Node stop_line_filter_node is ON in JOYSTICK_CONTROL
[rosout][INFO] 2021-12-06 08:00:17,559: [/ss42/fsm_node] Node lane_filter_node is ON in JOYSTICK_CONTROL
[rosout][INFO] 2021-12-06 08:00:17,562: [/ss42/fsm_node] Node led_detector_node is OFF in JOYSTICK_CONTROL
[rosout][INFO] 2021-12-06 08:00:17,564: [/ss42/fsm_node] Node static_object_detector_node is OFF in JOYSTICK_CONTROL
[rosout][INFO] 2021-12-06 08:00:17,567: [/ss42/fsm_node] Node led_emitter_node is OFF in JOYSTICK_CONTROL
[rosout][INFO] 2021-12-06 08:00:17,569: [/ss42/fsm_node] Node line_detector_node is ON in JOYSTICK_CONTROL
[rosout][INFO] 2021-12-06 08:00:17,572: [/ss42/fsm_node] Node apriltag_node is ON in JOYSTICK_CONTROL
[rosout][INFO] 2021-12-06 08:00:17,576: [/ss42/fsm_node] FSMState: JOYSTICK_CONTROL
[rospy.internal][ERROR] 2021-12-06 08:03:49,597: Unable to initiate TCP/IP socket to ss42.local:37991 (http://ss42.local:44908/): Traceback (most recent call last):
  File "/opt/ros/kinetic/lib/python2.7/dist-packages/rospy/impl/tcpros_base.py", line 557, in connect
    self.read_header()
  File "/opt/ros/kinetic/lib/python2.7/dist-packages/rospy/impl/tcpros_base.py", line 650, in read_header
    self._validate_header(read_ros_handshake_header(sock, self.read_buff, self.protocol.buff_size))
  File "/opt/ros/kinetic/lib/python2.7/dist-packages/rospy/impl/tcpros_base.py", line 593, in _validate_header
    raise TransportInitError("remote error reported: %s"%header['error'])
TransportInitError: remote error reported: node shutting down

[rospy.internal][INFO] 2021-12-06 08:03:50,071: topic[/ss42/fsm_node/mode] removing connection to /ss42/fake_coordinator_node
[rospy.internal][INFO] 2021-12-06 08:03:50,074: topic[/ss42/led_emitter_node/switch] removing connection to /ss42/led_emitter_node
[rospy.internal][INFO] 2021-12-06 08:03:50,077: topic[/ss42/line_detector_node/switch] removing connection to /ss42/line_detector_node
[rospy.internal][ERROR] 2021-12-06 08:03:50,084: Unable to initiate TCP/IP socket to ss42.local:33918 (http://ss42.local:44499/): Traceback (most recent call last):
  File "/opt/ros/kinetic/lib/python2.7/dist-packages/rospy/impl/tcpros_base.py", line 557, in connect
    self.read_header()
  File "/opt/ros/kinetic/lib/python2.7/dist-packages/rospy/impl/tcpros_base.py", line 650, in read_header
    self._validate_header(read_ros_handshake_header(sock, self.read_buff, self.protocol.buff_size))
  File "/opt/ros/kinetic/lib/python2.7/dist-packages/rospy/impl/tcpros_base.py", line 593, in _validate_header
    raise TransportInitError("remote error reported: %s"%header['error'])
TransportInitError: remote error reported: node shutting down

[rospy.internal][INFO] 2021-12-06 08:03:50,087: topic[/ss42/lane_filter_node/switch] removing connection to /ss42/lane_filter_node
[rospy.internal][WARNING] 2021-12-06 08:03:50,133: Unknown error initiating TCP/IP socket to ss42.local:33918 (http://ss42.local:44499/): Traceback (most recent call last):
  File "/opt/ros/kinetic/lib/python2.7/dist-packages/rospy/impl/tcpros_base.py", line 557, in connect
    self.read_header()
  File "/opt/ros/kinetic/lib/python2.7/dist-packages/rospy/impl/tcpros_base.py", line 650, in read_header
    self._validate_header(read_ros_handshake_header(sock, self.read_buff, self.protocol.buff_size))
  File "/opt/ros/kinetic/lib/python2.7/dist-packages/rosgraph/network.py", line 362, in read_ros_handshake_header
    d = sock.recv(buff_size)
error: [Errno 104] Connection reset by peer

[rospy.internal][INFO] 2021-12-06 08:03:50,135: topic[/ss42/logic_gate_node/intersection_done_and_parallel_autonomy] removing connection to http://ss42.local:44499/
[rospy.core][INFO] 2021-12-06 08:03:50,280: signal_shutdown [signal-2]
[rosout][INFO] 2021-12-06 08:03:50,281: [/ss42/fsm_node] Shutting down.
[rospy.internal][WARNING] 2021-12-06 08:03:50,608: Unknown error initiating TCP/IP socket to ss42.local:37991 (http://ss42.local:44908/): Traceback (most recent call last):
  File "/opt/ros/kinetic/lib/python2.7/dist-packages/rospy/impl/tcpros_base.py", line 555, in connect
    self.socket.connect((dest_addr, dest_port))
  File "/usr/lib/python2.7/socket.py", line 228, in meth
    return getattr(self._sock,name)(*args)
error: [Errno 111] Connection refused

[rospy.internal][INFO] 2021-12-06 08:03:50,610: topic[/ss42/simple_coordinator_node/intersection_go] removing connection to http://ss42.local:44908/
[rospy.internal][ERROR] 2021-12-06 08:03:50,713: Unable to initiate TCP/IP socket to ss42.local:44334 (http://ss42.local:40160/): Traceback (most recent call last):
  File "/opt/ros/kinetic/lib/python2.7/dist-packages/rospy/impl/tcpros_base.py", line 557, in connect
    self.read_header()
  File "/opt/ros/kinetic/lib/python2.7/dist-packages/rospy/impl/tcpros_base.py", line 650, in read_header
    self._validate_header(read_ros_handshake_header(sock, self.read_buff, self.protocol.buff_size))
  File "/opt/ros/kinetic/lib/python2.7/dist-packages/rospy/impl/tcpros_base.py", line 593, in _validate_header
    raise TransportInitError("remote error reported: %s"%header['error'])
TransportInitError: remote error reported: node shutting down

[rospy.internal][ERROR] 2021-12-06 08:03:50,741: Unable to initiate TCP/IP socket to ss42.local:44334 (http://ss42.local:40160/): Traceback (most recent call last):
  File "/opt/ros/kinetic/lib/python2.7/dist-packages/rospy/impl/tcpros_base.py", line 557, in connect
    self.read_header()
  File "/opt/ros/kinetic/lib/python2.7/dist-packages/rospy/impl/tcpros_base.py", line 650, in read_header
    self._validate_header(read_ros_handshake_header(sock, self.read_buff, self.protocol.buff_size))
  File "/opt/ros/kinetic/lib/python2.7/dist-packages/rospy/impl/tcpros_base.py", line 593, in _validate_header
    raise TransportInitError("remote error reported: %s"%header['error'])
TransportInitError: remote error reported: node shutting down

[rospy.internal][ERROR] 2021-12-06 08:03:50,752: Unable to initiate TCP/IP socket to ss42.local:44334 (http://ss42.local:40160/): Traceback (most recent call last):
  File "/opt/ros/kinetic/lib/python2.7/dist-packages/rospy/impl/tcpros_base.py", line 557, in connect
    self.read_header()
  File "/opt/ros/kinetic/lib/python2.7/dist-packages/rospy/impl/tcpros_base.py", line 650, in read_header
    self._validate_header(read_ros_handshake_header(sock, self.read_buff, self.protocol.buff_size))
  File "/opt/ros/kinetic/lib/python2.7/dist-packages/rospy/impl/tcpros_base.py", line 593, in _validate_header
    raise TransportInitError("remote error reported: %s"%header['error'])
TransportInitError: remote error reported: node shutting down

[rospy.internal][INFO] 2021-12-06 08:03:50,809: topic[/ss42/fsm_node/mode] removing connection to /ss42/car_cmd_switch_node
[rospy.internal][INFO] 2021-12-06 08:03:50,851: topic[/rosout] removing connection to /rosout
[rospy.internal][INFO] 2021-12-06 08:03:50,853: topic[/ss42/camera_node/framerate_high_switch] removing connection to /ss42/camera_node
[rospy.internal][INFO] 2021-12-06 08:03:50,855: topic[/ss42/joy_mapper_node/joystick_override] removing connection to http://ss42.local:40160/
[rospy.internal][INFO] 2021-12-06 08:03:50,858: topic[/ss42/logic_gate_node/intersection_done_and_not_parallel_autonomy] removing connection to http://ss42.local:44499/
[rospy.internal][INFO] 2021-12-06 08:03:50,859: topic[/ss42/joy_mapper_node/parallel_autonomy] removing connection to http://ss42.local:40160/
[rospy.internal][INFO] 2021-12-06 08:03:50,861: topic[/ss42/joy_mapper_node/start_avoidance] removing connection to http://ss42.local:40160/
[rospy.impl.masterslave][INFO] 2021-12-06 08:03:50,870: signal-2
[rospy.core][INFO] 2021-12-06 08:03:50,987: signal_shutdown [atexit]
