[rospy.client][INFO] 2021-12-06 07:56:36,006: [32minit_node, name[/ss42/ground_projection], pid[5367][0m
[xmlrpc][INFO] 2021-12-06 07:56:36,031: [32mXML-RPC server binding to 0.0.0.0:0[0m
[xmlrpc][INFO] 2021-12-06 07:56:36,054: [32mStarted XML-RPC server [http://ss42.local:34705/][0m
[rospy.init][INFO] 2021-12-06 07:56:36,055: [32mROS Slave URI: [http://ss42.local:34705/][0m
[rospy.impl.masterslave][INFO] 2021-12-06 07:56:36,071: [32m_ready: http://ss42.local:34705/[0m
[xmlrpc][INFO] 2021-12-06 07:56:36,113: [32mxml rpc node: starting XML-RPC server[0m
[rospy.registration][INFO] 2021-12-06 07:56:36,115: [32mRegistering with master node http://ss42.local:11311/[0m
[rospy.init][INFO] 2021-12-06 07:56:36,162: [32mregistered with master[0m
[rospy.rosout][INFO] 2021-12-06 07:56:36,164: [32minitializing /rosout core topic[0m
[rospy.rosout][INFO] 2021-12-06 07:56:36,213: [32mconnected to core topic /rosout[0m
[rospy.simtime][INFO] 2021-12-06 07:56:36,264: [32m/use_sim_time is not set, will not subscribe to simulated time [/clock] topic[0m
[rosout][INFO] 2021-12-06 07:56:36,393: [32mUsing extrinsic calibration of ss42[0m
[DT][INFO] 2021-12-06 07:56:36,486: [32mLoaded homography for ss42.yaml[0m
[rospy.internal][INFO] 2021-12-06 07:56:36,487: [32mtopic[/rosout] adding connection to [/rosout], count 0[0m
[DT][INFO] 2021-12-06 07:56:37,438: [32mLoaded checkerboard parameters[0m
[rosout][INFO] 2021-12-06 07:56:37,439: [32mcamera info topic is /ss42/camera_node/camera_info[0m
[rosout][INFO] 2021-12-06 07:56:37,452: [32mwaiting for camera info[0m
[rospy.internal][INFO] 2021-12-06 07:56:37,562: [32mtopic[/ss42/camera_node/camera_info] adding connection to [http://ss42.local:46157/], count 0[0m
[rospy.internal][INFO] 2021-12-06 07:56:37,637: [32mtopic impl's ref count is zero, deleting topic /ss42/camera_node/camera_info...[0m
[rospy.internal][INFO] 2021-12-06 07:56:37,639: [32mtopic[/ss42/camera_node/camera_info] removing connection to http://ss42.local:46157/[0m
[rosout][INFO] 2021-12-06 07:56:37,666: [32mcamera info received[0m
[rospy.internal][INFO] 2021-12-06 07:56:37,900: [32mtopic[/ss42/ground_projection/lineseglist_out] adding connection to [/ss42/duckiebot_visualizer], count 0[0m
[rospy.internal][INFO] 2021-12-06 07:56:39,260: [32mtopic[/ss42/ground_projection/lineseglist_out] adding connection to [/ss42/lane_filter_node], count 1[0m
[rospy.internal][INFO] 2021-12-06 07:56:40,385: [32mtopic[/ss42/line_detector_node/segment_list] adding connection to [http://ss42.local:33208/], count 0[0m
[rospy.core][INFO] 2021-12-06 08:03:49,274: [32msignal_shutdown [signal-2][0m
[rosout][INFO] 2021-12-06 08:03:49,275: [32m[GroundProjectionNode] Shutdown.[0m
[rospy.internal][INFO] 2021-12-06 08:03:49,721: [32mtopic[/ss42/ground_projection/lineseglist_out] removing connection to /ss42/duckiebot_visualizer[0m
[rospy.internal][INFO] 2021-12-06 08:03:49,730: [32mtopic[/ss42/ground_projection/lineseglist_out] removing connection to /ss42/lane_filter_node[0m
[rospy.internal][ERROR] 2021-12-06 08:03:49,748: [31mUnable to initiate TCP/IP socket to ss42.local:41282 (http://ss42.local:33208/): Traceback (most recent call last):
  File "/opt/ros/kinetic/lib/python2.7/dist-packages/rospy/impl/tcpros_base.py", line 557, in connect
    self.read_header()
  File "/opt/ros/kinetic/lib/python2.7/dist-packages/rospy/impl/tcpros_base.py", line 650, in read_header
    self._validate_header(read_ros_handshake_header(sock, self.read_buff, self.protocol.buff_size))
  File "/opt/ros/kinetic/lib/python2.7/dist-packages/rospy/impl/tcpros_base.py", line 593, in _validate_header
    raise TransportInitError("remote error reported: %s"%header['error'])
TransportInitError: remote error reported: node shutting down
[0m
[rospy.internal][INFO] 2021-12-06 08:03:49,744: [32mtopic[/rosout] removing connection to /rosout[0m
[rospy.internal][INFO] 2021-12-06 08:03:49,757: [32mtopic[/ss42/line_detector_node/segment_list] removing connection to http://ss42.local:33208/[0m
[rospy.impl.masterslave][INFO] 2021-12-06 08:03:49,767: [32msignal-2[0m
[rospy.core][INFO] 2021-12-06 08:03:49,937: [32msignal_shutdown [atexit][0m
