[rospy.client][INFO] 2021-12-06 07:56:35,613: [32minit_node, name[/ss42/lane_filter_node], pid[5370][0m
[xmlrpc][INFO] 2021-12-06 07:56:35,617: [32mXML-RPC server binding to 0.0.0.0:0[0m
[rospy.init][INFO] 2021-12-06 07:56:35,624: [32mROS Slave URI: [http://ss42.local:33768/][0m
[xmlrpc][INFO] 2021-12-06 07:56:35,625: [32mStarted XML-RPC server [http://ss42.local:33768/][0m
[rospy.impl.masterslave][INFO] 2021-12-06 07:56:35,627: [32m_ready: http://ss42.local:33768/[0m
[xmlrpc][INFO] 2021-12-06 07:56:35,630: [32mxml rpc node: starting XML-RPC server[0m
[rospy.registration][INFO] 2021-12-06 07:56:35,635: [32mRegistering with master node http://ss42.local:11311/[0m
[rospy.init][INFO] 2021-12-06 07:56:35,727: [32mregistered with master[0m
[rospy.rosout][INFO] 2021-12-06 07:56:35,731: [32minitializing /rosout core topic[0m
[rospy.rosout][INFO] 2021-12-06 07:56:35,831: [32mconnected to core topic /rosout[0m
[rospy.simtime][INFO] 2021-12-06 07:56:35,905: [32m/use_sim_time is not set, will not subscribe to simulated time [/clock] topic[0m
[rosout][INFO] 2021-12-06 07:56:36,102: [32m[Lane Filter] new filter config: ['lane_filter.LaneFilterHistogram', {'configuration': {'phi_max': 1.5, 'lanewidth': 0.23, 'mean_d_0': 0, 'min_max': 0.1, 'phi_min': -1.5, 'd_max': 0.3, 'sigma_phi_mask': 2.0, 'sigma_d_mask': 1.0, 'mean_phi_0': 0, 'sigma_phi_0': 0.1, 'linewidth_white': 0.05, 'linewidth_yellow': 0.025, 'delta_d': 0.02, 'd_min': -0.15, 'delta_phi': 0.1, 'sigma_d_0': 0.1, 'cov_v': 0.5}}][0m
[rospy.internal][INFO] 2021-12-06 07:56:36,121: [32mtopic[/rosout] adding connection to [/rosout], count 0[0m
[rospy.internal][INFO] 2021-12-06 07:56:39,196: [32mtopic[/ss42/ground_projection/lineseglist_out] adding connection to [http://ss42.local:34705/], count 0[0m
[rospy.internal][INFO] 2021-12-06 07:56:39,248: [32mtopic[/ss42/lane_filter_node/switch] adding connection to [http://ss42.local:36746/], count 0[0m
[rospy.internal][INFO] 2021-12-06 07:56:39,325: [32mtopic[/ss42/car_cmd_switch_node/cmd] adding connection to [http://ss42.local:39242/], count 0[0m
[rospy.internal][INFO] 2021-12-06 07:56:39,388: [32mtopic[/ss42/lane_filter_node/lane_pose] adding connection to [/ss42/lane_controller_node], count 0[0m
[rospy.internal][INFO] 2021-12-06 07:56:39,416: [32mtopic[/ss42/lane_filter_node/lane_pose] adding connection to [/ss42/lane_pose_visualizer_node], count 1[0m
[rospy.core][INFO] 2021-12-06 08:03:49,209: [32msignal_shutdown [signal-2][0m
[rosout][INFO] 2021-12-06 08:03:49,211: [32m[LaneFilterNode] Shutdown.[0m
[rospy.internal][INFO] 2021-12-06 08:03:49,217: [32mtopic[/ss42/lane_filter_node/lane_pose] removing connection to /ss42/lane_controller_node[0m
[rospy.internal][INFO] 2021-12-06 08:03:49,674: [32mtopic[/ss42/lane_filter_node/lane_pose] removing connection to /ss42/lane_pose_visualizer_node[0m
[rospy.internal][INFO] 2021-12-06 08:03:49,708: [32mtopic[/rosout] removing connection to /rosout[0m
[rospy.internal][INFO] 2021-12-06 08:03:49,716: [32mtopic[/ss42/ground_projection/lineseglist_out] removing connection to http://ss42.local:34705/[0m
[rospy.internal][INFO] 2021-12-06 08:03:49,718: [32mtopic[/ss42/lane_filter_node/switch] removing connection to http://ss42.local:36746/[0m
[rospy.internal][INFO] 2021-12-06 08:03:49,721: [32mtopic[/ss42/car_cmd_switch_node/cmd] removing connection to http://ss42.local:39242/[0m
[rospy.impl.masterslave][INFO] 2021-12-06 08:03:49,726: [32msignal-2[0m
[rospy.internal][ERROR] 2021-12-06 08:03:49,754: [31mUnable to initiate TCP/IP socket to ss42.local:38450 (http://ss42.local:34705/): Traceback (most recent call last):
  File "/opt/ros/kinetic/lib/python2.7/dist-packages/rospy/impl/tcpros_base.py", line 557, in connect
    self.read_header()
  File "/opt/ros/kinetic/lib/python2.7/dist-packages/rospy/impl/tcpros_base.py", line 650, in read_header
    self._validate_header(read_ros_handshake_header(sock, self.read_buff, self.protocol.buff_size))
  File "/opt/ros/kinetic/lib/python2.7/dist-packages/rospy/impl/tcpros_base.py", line 593, in _validate_header
    raise TransportInitError("remote error reported: %s"%header['error'])
TransportInitError: remote error reported: node shutting down
[0m
[rospy.core][INFO] 2021-12-06 08:03:49,832: [32msignal_shutdown [atexit][0m
