[rospy.client][INFO] 2021-12-06 07:56:36,640: init_node, name[/ss42/lane_pose_visualizer_node], pid[5378]
[xmlrpc][INFO] 2021-12-06 07:56:36,645: XML-RPC server binding to 0.0.0.0:0
[rospy.init][INFO] 2021-12-06 07:56:36,649: ROS Slave URI: [http://ss42.local:35804/]
[xmlrpc][INFO] 2021-12-06 07:56:36,649: Started XML-RPC server [http://ss42.local:35804/]
[rospy.impl.masterslave][INFO] 2021-12-06 07:56:36,653: _ready: http://ss42.local:35804/
[xmlrpc][INFO] 2021-12-06 07:56:36,655: xml rpc node: starting XML-RPC server
[rospy.registration][INFO] 2021-12-06 07:56:36,661: Registering with master node http://ss42.local:11311/
[rospy.init][INFO] 2021-12-06 07:56:36,752: registered with master
[rospy.rosout][INFO] 2021-12-06 07:56:36,754: initializing /rosout core topic
[rospy.rosout][INFO] 2021-12-06 07:56:36,801: connected to core topic /rosout
[rospy.simtime][INFO] 2021-12-06 07:56:36,833: /use_sim_time is not set, will not subscribe to simulated time [/clock] topic
[rosout][INFO] 2021-12-06 07:56:36,921: [/ss42/lane_pose_visualizer_node] Initialzing.
[rosout][INFO] 2021-12-06 07:56:36,926: [/ss42/lane_pose_visualizer_node] Vehicle name: ss42
[rospy.internal][INFO] 2021-12-06 07:56:36,980: topic[/rosout] adding connection to [/rosout], count 0
[rosout][INFO] 2021-12-06 07:56:37,042: [/ss42/lane_pose_visualizer_node] Initialzed.
[rospy.internal][INFO] 2021-12-06 07:56:39,376: topic[/ss42/lane_filter_node/lane_pose] adding connection to [http://ss42.local:33768/], count 0
[rospy.core][INFO] 2021-12-06 08:03:49,190: signal_shutdown [signal-2]
[rosout][INFO] 2021-12-06 08:03:49,192: [/ss42/lane_pose_visualizer_node] Shutting down.
[rospy.internal][INFO] 2021-12-06 08:03:49,547: topic[/rosout] removing connection to /rosout
[rospy.internal][WARNING] 2021-12-06 08:03:49,557: Unknown error initiating TCP/IP socket to ss42.local:44782 (http://ss42.local:33768/): Traceback (most recent call last):
  File "/opt/ros/kinetic/lib/python2.7/dist-packages/rospy/impl/tcpros_base.py", line 558, in connect
    self.local_endpoint = self.socket.getsockname()
AttributeError: 'NoneType' object has no attribute 'getsockname'

[rospy.internal][INFO] 2021-12-06 08:03:49,552: topic[/ss42/lane_filter_node/lane_pose] removing connection to http://ss42.local:33768/
[rospy.impl.masterslave][INFO] 2021-12-06 08:03:49,563: signal-2
[rospy.core][INFO] 2021-12-06 08:03:49,890: signal_shutdown [atexit]
