

1634895316.826529420  Node Startup
1634895317.046808587 INFO [/tmp/binarydeb/ros-kinetic-joy-1.12.0/src/joy_node.cpp:255(main) [topics: /rosout, /diagnostics, /ss42/joy] Opened joystick: /dev/input/js0. deadzone_: 0.010000.
1634895318.312144994 INFO [joy_mapper_node.py:57(setupParam) [topics: /ss42/joy_mapper_node/joystick_override, /ss42/wheels_driver_node/emergency_stop, /rosout, /ss42/joy_mapper_node/parallel_autonomy, /ss42/joy_mapper_node/start_avoidance, /ss42/anti_instagram_node/click, /ss42/joy_mapper_node/car_cmd] [/ss42/joy_mapper_node] ~simulated_vehicle_length = 0.18 
1634895318.406613111 INFO [wheels_driver_node.py:9(__init__) [topics: /ss42/wheels_driver_node/wheels_cmd_executed, /ss42/wheels_driver_node/emergency_stop, /ss42/wheels_driver_node/wheels_cmd, /rosout] [/ss42/wheels_driver_node] Initializing 
1634895318.443420886 INFO [velocity_to_pose_node.py:26(__init__) [topics: /ss42/forward_kinematics_node/velocity, /rosout, /ss42/velocity_to_pose_node/pose] [/ss42/velocity_to_pose_node] Initialized.
1634895320.638020992 INFO [inverse_kinematics_node.py:147(printValues) [topics: /ss42/joy_mapper_node/car_cmd, /ss42/wheels_driver_node/wheels_cmd, /rosout] [/ss42/inverse_kinematics_node] gain: 1.0 trim: 0.0 baseline: 0.1 radius: 0.0318 k: 27.0 limit: 1.0
1634895320.695709943 INFO [forward_kinematics_node.py:72(printValues) [topics: /ss42/wheels_driver_node/wheels_cmd_executed, /ss42/forward_kinematics_node/velocity, /rosout] [/ss42/forward_kinematics_node] gain: 1.0 trim: 0.0 baseline: 0.1 radius: 0.0318 k: 27.0
1634895359.038464069 INFO [joy_mapper_node.py:120(processButtons) [topics: /ss42/joy_mapper_node/joystick_override, /ss42/wheels_driver_node/emergency_stop, /ss42/joy, /rosout, /ss42/joy_mapper_node/parallel_autonomy, /ss42/joy_mapper_node/start_avoidance, /ss42/anti_instagram_node/click, /ss42/joy_mapper_node/car_cmd] E-stop message
1634895359.055656909 INFO [wheels_driver_node.py:45(cbEStop) [topics: /ss42/wheels_driver_node/wheels_cmd_executed, /ss42/wheels_driver_node/emergency_stop, /ss42/wheels_driver_node/wheels_cmd, /rosout] [%s] Emergency Stop Activated
1634895367.739635944 INFO [joy_mapper_node.py:120(processButtons) [topics: /ss42/joy_mapper_node/joystick_override, /ss42/wheels_driver_node/emergency_stop, /ss42/joy, /rosout, /ss42/joy_mapper_node/parallel_autonomy, /ss42/joy_mapper_node/start_avoidance, /ss42/anti_instagram_node/click, /ss42/joy_mapper_node/car_cmd] E-stop message
1634895367.754105091 INFO [wheels_driver_node.py:47(cbEStop) [topics: /ss42/wheels_driver_node/wheels_cmd_executed, /ss42/wheels_driver_node/emergency_stop, /ss42/wheels_driver_node/wheels_cmd, /rosout] [%s] Emergency Stop Released
1634895368.503606081 INFO [joy_mapper_node.py:120(processButtons) [topics: /ss42/joy_mapper_node/joystick_override, /ss42/wheels_driver_node/emergency_stop, /ss42/joy, /rosout, /ss42/joy_mapper_node/parallel_autonomy, /ss42/joy_mapper_node/start_avoidance, /ss42/anti_instagram_node/click, /ss42/joy_mapper_node/car_cmd] E-stop message
1634895368.519777059 INFO [wheels_driver_node.py:45(cbEStop) [topics: /ss42/wheels_driver_node/wheels_cmd_executed, /ss42/wheels_driver_node/emergency_stop, /ss42/wheels_driver_node/wheels_cmd, /rosout] [%s] Emergency Stop Activated
1634895375.712268114 INFO [joy_mapper_node.py:132(processButtons) [topics: /ss42/joy_mapper_node/joystick_override, /ss42/wheels_driver_node/emergency_stop, /ss42/joy, /rosout, /ss42/joy_mapper_node/parallel_autonomy, /ss42/joy_mapper_node/start_avoidance, /ss42/anti_instagram_node/click, /ss42/joy_mapper_node/car_cmd] No binding for joy_msg.buttons = (0, 1, 0, 0, 0, 0, 0, 0, 0, 0, 0)
1634895375.756303071 INFO [joy_mapper_node.py:132(processButtons) [topics: /ss42/joy_mapper_node/joystick_override, /ss42/wheels_driver_node/emergency_stop, /ss42/joy, /rosout, /ss42/joy_mapper_node/parallel_autonomy, /ss42/joy_mapper_node/start_avoidance, /ss42/anti_instagram_node/click, /ss42/joy_mapper_node/car_cmd] No binding for joy_msg.buttons = (1, 1, 0, 0, 0, 0, 0, 0, 0, 0, 0)
1634895375.852335929 INFO [joy_mapper_node.py:132(processButtons) [topics: /ss42/joy_mapper_node/joystick_override, /ss42/wheels_driver_node/emergency_stop, /ss42/joy, /rosout, /ss42/joy_mapper_node/parallel_autonomy, /ss42/joy_mapper_node/start_avoidance, /ss42/anti_instagram_node/click, /ss42/joy_mapper_node/car_cmd] No binding for joy_msg.buttons = (1, 0, 0, 0, 0, 0, 0, 0, 0, 0, 0)
1634895376.596553087 INFO [joy_mapper_node.py:132(processButtons) [topics: /ss42/joy_mapper_node/joystick_override, /ss42/wheels_driver_node/emergency_stop, /ss42/joy, /rosout, /ss42/joy_mapper_node/parallel_autonomy, /ss42/joy_mapper_node/start_avoidance, /ss42/anti_instagram_node/click, /ss42/joy_mapper_node/car_cmd] No binding for joy_msg.buttons = (1, 0, 0, 0, 0, 0, 0, 0, 0, 0, 0)
1634895382.085258960 INFO [joy_mapper_node.py:120(processButtons) [topics: /ss42/joy_mapper_node/joystick_override, /ss42/wheels_driver_node/emergency_stop, /ss42/joy, /rosout, /ss42/joy_mapper_node/parallel_autonomy, /ss42/joy_mapper_node/start_avoidance, /ss42/anti_instagram_node/click, /ss42/joy_mapper_node/car_cmd] E-stop message
1634895382.089039087 INFO [wheels_driver_node.py:47(cbEStop) [topics: /ss42/wheels_driver_node/wheels_cmd_executed, /ss42/wheels_driver_node/emergency_stop, /ss42/wheels_driver_node/wheels_cmd, /rosout] [%s] Emergency Stop Released
1634895416.178519964 INFO [wheels_driver_node.py:51(on_shutdown) [topics: /ss42/wheels_driver_node/wheels_cmd_executed, /ss42/wheels_driver_node/emergency_stop, /ss42/wheels_driver_node/wheels_cmd, /rosout] [/ss42/wheels_driver_node] Shutting down.
