[rospy.client][INFO] 2021-10-22 11:35:17,980: init_node, name[/ss42/joy_mapper_node], pid[4439]
[xmlrpc][INFO] 2021-10-22 11:35:17,986: XML-RPC server binding to 0.0.0.0:0
[xmlrpc][INFO] 2021-10-22 11:35:17,997: Started XML-RPC server [http://ss42.local:34328/]
[rospy.init][INFO] 2021-10-22 11:35:17,997: ROS Slave URI: [http://ss42.local:34328/]
[rospy.impl.masterslave][INFO] 2021-10-22 11:35:17,998: _ready: http://ss42.local:34328/
[rospy.registration][INFO] 2021-10-22 11:35:18,002: Registering with master node http://ss42.local:11311/
[xmlrpc][INFO] 2021-10-22 11:35:18,002: xml rpc node: starting XML-RPC server
[rospy.init][INFO] 2021-10-22 11:35:18,099: registered with master
[rospy.rosout][INFO] 2021-10-22 11:35:18,100: initializing /rosout core topic
[rospy.rosout][INFO] 2021-10-22 11:35:18,110: connected to core topic /rosout
[rospy.simtime][INFO] 2021-10-22 11:35:18,129: /use_sim_time is not set, will not subscribe to simulated time [/clock] topic
[rosout][INFO] 2021-10-22 11:35:18,181: [/ss42/joy_mapper_node] Initializing 
[rosout][INFO] 2021-10-22 11:35:18,220: [/ss42/joy_mapper_node] ~speed_gain = 0.41 
[rosout][INFO] 2021-10-22 11:35:18,254: [/ss42/joy_mapper_node] ~steer_gain = 8.3 
[rosout][INFO] 2021-10-22 11:35:18,278: [/ss42/joy_mapper_node] ~bicycle_kinematics = 0.0 
[rosout][INFO] 2021-10-22 11:35:18,293: [/ss42/joy_mapper_node] ~steer_angle_gain = 1.04 
[rosout][INFO] 2021-10-22 11:35:18,311: [/ss42/joy_mapper_node] ~simulated_vehicle_length = 0.18 
[rospy.internal][INFO] 2021-10-22 11:35:18,368: topic[/rosout] adding connection to [/rosout], count 0
[rospy.internal][INFO] 2021-10-22 11:35:18,430: topic[/ss42/joy] adding connection to [http://ss42.local:36712/], count 0
[rospy.internal][INFO] 2021-10-22 11:35:18,531: topic[/ss42/wheels_driver_node/emergency_stop] adding connection to [/ss42/wheels_driver_node], count 0
[rospy.internal][INFO] 2021-10-22 11:35:20,655: topic[/ss42/joy_mapper_node/car_cmd] adding connection to [/ss42/inverse_kinematics_node], count 0
[rosout][INFO] 2021-10-22 11:35:59,037: E-stop message
[rosout][INFO] 2021-10-22 11:36:07,738: E-stop message
[rosout][INFO] 2021-10-22 11:36:08,502: E-stop message
[rosout][INFO] 2021-10-22 11:36:15,711: No binding for joy_msg.buttons = (0, 1, 0, 0, 0, 0, 0, 0, 0, 0, 0)
[rosout][INFO] 2021-10-22 11:36:15,755: No binding for joy_msg.buttons = (1, 1, 0, 0, 0, 0, 0, 0, 0, 0, 0)
[rosout][INFO] 2021-10-22 11:36:15,851: No binding for joy_msg.buttons = (1, 0, 0, 0, 0, 0, 0, 0, 0, 0, 0)
[rosout][INFO] 2021-10-22 11:36:16,595: No binding for joy_msg.buttons = (1, 0, 0, 0, 0, 0, 0, 0, 0, 0, 0)
[rosout][INFO] 2021-10-22 11:36:22,084: E-stop message
[rospy.core][INFO] 2021-10-22 11:36:56,188: signal_shutdown [signal-2]
[rospy.internal][INFO] 2021-10-22 11:36:56,301: topic[/ss42/wheels_driver_node/emergency_stop] removing connection to /ss42/wheels_driver_node
[rospy.internal][INFO] 2021-10-22 11:36:56,303: topic[/rosout] removing connection to /rosout
[rospy.internal][INFO] 2021-10-22 11:36:56,307: topic[/ss42/joy_mapper_node/car_cmd] removing connection to /ss42/inverse_kinematics_node
[rospy.internal][INFO] 2021-10-22 11:36:56,327: topic[/ss42/joy] removing connection to http://ss42.local:36712/
[rospy.impl.masterslave][INFO] 2021-10-22 11:36:56,330: signal-2
[rospy.core][INFO] 2021-10-22 11:36:56,856: signal_shutdown [atexit]
