[rospy.client][INFO] 2021-10-22 11:35:20,408: [32minit_node, name[/ss42/forward_kinematics_node], pid[4461][0m
[xmlrpc][INFO] 2021-10-22 11:35:20,409: [32mXML-RPC server binding to 0.0.0.0:0[0m
[xmlrpc][INFO] 2021-10-22 11:35:20,411: [32mStarted XML-RPC server [http://ss42.local:43276/][0m
[rospy.init][INFO] 2021-10-22 11:35:20,411: [32mROS Slave URI: [http://ss42.local:43276/][0m
[rospy.impl.masterslave][INFO] 2021-10-22 11:35:20,412: [32m_ready: http://ss42.local:43276/[0m
[rospy.registration][INFO] 2021-10-22 11:35:20,414: [32mRegistering with master node http://ss42.local:11311/[0m
[xmlrpc][INFO] 2021-10-22 11:35:20,414: [32mxml rpc node: starting XML-RPC server[0m
[rospy.init][INFO] 2021-10-22 11:35:20,512: [32mregistered with master[0m
[rospy.rosout][INFO] 2021-10-22 11:35:20,513: [32minitializing /rosout core topic[0m
[rospy.rosout][INFO] 2021-10-22 11:35:20,525: [32mconnected to core topic /rosout[0m
[rospy.simtime][INFO] 2021-10-22 11:35:20,533: [32m/use_sim_time is not set, will not subscribe to simulated time [/clock] topic[0m
[rosout][WARNING] 2021-10-22 11:35:20,547: [33m[/ss42/forward_kinematics_node] /home/robotikabot/duckiefleet/calibrations/kinematics/ss42.yaml does not exist. Using default.yaml.[0m
[rosout][INFO] 2021-10-22 11:35:20,604: [32m[/ss42/forward_kinematics_node] ~gain = 1.0 [0m
[rosout][INFO] 2021-10-22 11:35:20,625: [32m[/ss42/forward_kinematics_node] ~trim = 0.0 [0m
[rosout][INFO] 2021-10-22 11:35:20,639: [32m[/ss42/forward_kinematics_node] ~baseline = 0.1 [0m
[rosout][INFO] 2021-10-22 11:35:20,653: [32m[/ss42/forward_kinematics_node] ~radius = 0.0318 [0m
[rosout][INFO] 2021-10-22 11:35:20,665: [32m[/ss42/forward_kinematics_node] ~k = 27.0 [0m
[rosout][INFO] 2021-10-22 11:35:20,690: [32m[/ss42/forward_kinematics_node] Initialized.[0m
[rosout][INFO] 2021-10-22 11:35:20,692: [32m[/ss42/forward_kinematics_node] gain: 1.0 trim: 0.0 baseline: 0.1 radius: 0.0318 k: 27.0[0m
[rospy.internal][INFO] 2021-10-22 11:35:20,734: [32mtopic[/ss42/forward_kinematics_node/velocity] adding connection to [/ss42/velocity_to_pose_node], count 0[0m
[rospy.internal][INFO] 2021-10-22 11:35:20,737: [32mtopic[/ss42/wheels_driver_node/wheels_cmd_executed] adding connection to [http://ss42.local:38674/], count 0[0m
[rospy.internal][INFO] 2021-10-22 11:35:20,778: [32mtopic[/rosout] adding connection to [/rosout], count 0[0m
[rospy.core][INFO] 2021-10-22 11:36:56,197: [32msignal_shutdown [signal-2][0m
[rospy.internal][INFO] 2021-10-22 11:36:56,320: [32mtopic[/ss42/forward_kinematics_node/velocity] removing connection to /ss42/velocity_to_pose_node[0m
[rospy.internal][INFO] 2021-10-22 11:36:56,322: [32mtopic[/rosout] removing connection to /rosout[0m
[rospy.internal][INFO] 2021-10-22 11:36:56,324: [32mtopic[/ss42/wheels_driver_node/wheels_cmd_executed] removing connection to http://ss42.local:38674/[0m
[rospy.impl.masterslave][INFO] 2021-10-22 11:36:56,328: [32msignal-2[0m
[rospy.core][INFO] 2021-10-22 11:36:56,846: [32msignal_shutdown [atexit][0m
