[rosmaster.main][INFO] 2021-10-22 12:36:09,333: initialization complete, waiting for shutdown
[rosmaster.main][INFO] 2021-10-22 12:36:09,333: Starting ROS Master Node
[xmlrpc][INFO] 2021-10-22 12:36:09,336: XML-RPC server binding to 0.0.0.0:11311
[xmlrpc][INFO] 2021-10-22 12:36:09,337: Started XML-RPC server [http://ss42.local:11311/]
[rosmaster.master][INFO] 2021-10-22 12:36:09,337: Master initialized: port[11311], uri[http://ss42.local:11311/]
[xmlrpc][INFO] 2021-10-22 12:36:09,338: xml rpc node: starting XML-RPC server
[rosmaster.master][INFO] 2021-10-22 12:36:09,418: +PARAM [/run_id] by /roslaunch
[rosmaster.master][INFO] 2021-10-22 12:36:09,424: +PARAM [/roslaunch/uris/host_ss42_local__40460] by /roslaunch
[rosmaster.master][INFO] 2021-10-22 12:36:09,946: +PARAM [/ss42/joy/coalesce_interval] by /roslaunch
[rosmaster.master][INFO] 2021-10-22 12:36:09,947: +PARAM [/rosdistro] by /roslaunch
[rosmaster.master][INFO] 2021-10-22 12:36:09,947: +PARAM [/ss42/joy_mapper_node/steer_angle_gain] by /roslaunch
[rosmaster.master][INFO] 2021-10-22 12:36:09,948: +PARAM [/ss42/joy/dev] by /roslaunch
[rosmaster.master][INFO] 2021-10-22 12:36:09,948: +PARAM [/ss42/joy_mapper_node/simulated_vehicle_length] by /roslaunch
[rosmaster.master][INFO] 2021-10-22 12:36:09,948: +PARAM [/ss42/joy_mapper_node/bicycle_kinematics] by /roslaunch
[rosmaster.master][INFO] 2021-10-22 12:36:09,949: +PARAM [/rosversion] by /roslaunch
[rosmaster.master][INFO] 2021-10-22 12:36:09,949: +PARAM [/ss42/joy/deadzone] by /roslaunch
[rosmaster.master][INFO] 2021-10-22 12:36:09,950: +PARAM [/ss42/joy/autorepeat_rate] by /roslaunch
[rosmaster.master][INFO] 2021-10-22 12:36:09,950: +PARAM [/ss42/joy_mapper_node/steer_gain] by /roslaunch
[rosmaster.master][INFO] 2021-10-22 12:36:09,951: +PARAM [/ss42/joy_mapper_node/speed_gain] by /roslaunch
[rosmaster.master][INFO] 2021-10-22 12:36:09,954: +SERVICE [/rosout/get_loggers] /rosout http://ss42.local:35654/
[rosmaster.master][INFO] 2021-10-22 12:36:09,958: +SERVICE [/rosout/set_logger_level] /rosout http://ss42.local:35654/
[rosmaster.master][INFO] 2021-10-22 12:36:09,966: +PUB [/rosout_agg] /rosout http://ss42.local:35654/
[rosmaster.master][INFO] 2021-10-22 12:36:09,984: +SUB [/rosout] /rosout http://ss42.local:35654/
[rosmaster.master][INFO] 2021-10-22 12:36:10,046: +PUB [/rosout] /ss42/joy http://ss42.local:44600/
[rosmaster.master][INFO] 2021-10-22 12:36:10,051: +SERVICE [/ss42/joy/get_loggers] /ss42/joy http://ss42.local:44600/
[rosmaster.master][INFO] 2021-10-22 12:36:10,059: +SERVICE [/ss42/joy/set_logger_level] /ss42/joy http://ss42.local:44600/
[rosmaster.master][INFO] 2021-10-22 12:36:10,083: +PUB [/diagnostics] /ss42/joy http://ss42.local:44600/
[rosmaster.master][INFO] 2021-10-22 12:36:10,097: +PUB [/ss42/joy] /ss42/joy http://ss42.local:44600/
[rosmaster.master][INFO] 2021-10-22 12:36:10,136: publisherUpdate[/rosout] -> http://ss42.local:35654/ ['http://ss42.local:44600/']
[rosmaster.master][INFO] 2021-10-22 12:36:10,152: publisherUpdate[/rosout] -> http://ss42.local:35654/ ['http://ss42.local:44600/']: sec=0.02, result=[1, '', 0]
[rosmaster.master][INFO] 2021-10-22 12:36:11,356: +PUB [/rosout] /ss42/joy_mapper_node http://ss42.local:39475/
[rosmaster.master][INFO] 2021-10-22 12:36:11,357: publisherUpdate[/rosout] -> http://ss42.local:35654/ ['http://ss42.local:44600/', 'http://ss42.local:39475/']
[rosmaster.master][INFO] 2021-10-22 12:36:11,364: publisherUpdate[/rosout] -> http://ss42.local:35654/ ['http://ss42.local:44600/', 'http://ss42.local:39475/']: sec=0.00, result=[1, '', 0]
[rosmaster.master][INFO] 2021-10-22 12:36:11,437: +SERVICE [/ss42/joy_mapper_node/get_loggers] /ss42/joy_mapper_node http://ss42.local:39475/
[rosmaster.master][INFO] 2021-10-22 12:36:11,447: +SERVICE [/ss42/joy_mapper_node/set_logger_level] /ss42/joy_mapper_node http://ss42.local:39475/
[rosmaster.master][INFO] 2021-10-22 12:36:11,459: +PARAM [/ss42/joy_mapper_node/speed_gain] by /ss42/joy_mapper_node
[rosmaster.master][INFO] 2021-10-22 12:36:11,474: +PARAM [/ss42/joy_mapper_node/steer_gain] by /ss42/joy_mapper_node
[rosmaster.master][INFO] 2021-10-22 12:36:11,500: +PARAM [/ss42/joy_mapper_node/bicycle_kinematics] by /ss42/joy_mapper_node
[rosmaster.master][INFO] 2021-10-22 12:36:11,527: +PARAM [/ss42/joy_mapper_node/steer_angle_gain] by /ss42/joy_mapper_node
[rosmaster.master][INFO] 2021-10-22 12:36:11,547: +PARAM [/ss42/joy_mapper_node/simulated_vehicle_length] by /ss42/joy_mapper_node
[rosmaster.master][INFO] 2021-10-22 12:36:11,560: +PUB [/rosout] /ss42/velocity_to_pose_node http://ss42.local:38783/
[rosmaster.master][INFO] 2021-10-22 12:36:11,564: +PUB [/ss42/joy_mapper_node/car_cmd] /ss42/joy_mapper_node http://ss42.local:39475/
[rosmaster.master][INFO] 2021-10-22 12:36:11,567: publisherUpdate[/rosout] -> http://ss42.local:35654/ ['http://ss42.local:44600/', 'http://ss42.local:39475/', 'http://ss42.local:38783/']
[rosmaster.master][INFO] 2021-10-22 12:36:11,581: publisherUpdate[/rosout] -> http://ss42.local:35654/ ['http://ss42.local:44600/', 'http://ss42.local:39475/', 'http://ss42.local:38783/']: sec=0.00, result=[1, '', 0]
[rosmaster.master][INFO] 2021-10-22 12:36:11,587: +PUB [/ss42/joy_mapper_node/joystick_override] /ss42/joy_mapper_node http://ss42.local:39475/
[rosmaster.master][INFO] 2021-10-22 12:36:11,591: +SERVICE [/ss42/velocity_to_pose_node/get_loggers] /ss42/velocity_to_pose_node http://ss42.local:38783/
[rosmaster.master][INFO] 2021-10-22 12:36:11,607: +PUB [/ss42/joy_mapper_node/parallel_autonomy] /ss42/joy_mapper_node http://ss42.local:39475/
[rosmaster.master][INFO] 2021-10-22 12:36:11,610: +SERVICE [/ss42/velocity_to_pose_node/set_logger_level] /ss42/velocity_to_pose_node http://ss42.local:38783/
[rosmaster.master][INFO] 2021-10-22 12:36:11,618: +PUB [/ss42/anti_instagram_node/click] /ss42/joy_mapper_node http://ss42.local:39475/
[rosmaster.master][INFO] 2021-10-22 12:36:11,628: +PUB [/ss42/wheels_driver_node/emergency_stop] /ss42/joy_mapper_node http://ss42.local:39475/
[rosmaster.master][INFO] 2021-10-22 12:36:11,631: +SUB [/ss42/forward_kinematics_node/velocity] /ss42/velocity_to_pose_node http://ss42.local:38783/
[rosmaster.master][INFO] 2021-10-22 12:36:11,638: +PUB [/ss42/joy_mapper_node/start_avoidance] /ss42/joy_mapper_node http://ss42.local:39475/
[rosmaster.master][INFO] 2021-10-22 12:36:11,641: +PUB [/ss42/velocity_to_pose_node/pose] /ss42/velocity_to_pose_node http://ss42.local:38783/
[rosmaster.master][INFO] 2021-10-22 12:36:11,652: +SUB [/ss42/joy] /ss42/joy_mapper_node http://ss42.local:39475/
[rosmaster.master][INFO] 2021-10-22 12:36:11,812: +PUB [/rosout] /ss42/wheels_driver_node http://ss42.local:45040/
[rosmaster.master][INFO] 2021-10-22 12:36:11,827: +SERVICE [/ss42/wheels_driver_node/get_loggers] /ss42/wheels_driver_node http://ss42.local:45040/
[rosmaster.master][INFO] 2021-10-22 12:36:11,833: +SERVICE [/ss42/wheels_driver_node/set_logger_level] /ss42/wheels_driver_node http://ss42.local:45040/
[rosmaster.master][INFO] 2021-10-22 12:36:11,850: publisherUpdate[/rosout] -> http://ss42.local:35654/ ['http://ss42.local:44600/', 'http://ss42.local:39475/', 'http://ss42.local:38783/', 'http://ss42.local:45040/']
[rosmaster.master][INFO] 2021-10-22 12:36:11,854: publisherUpdate[/rosout] -> http://ss42.local:35654/ ['http://ss42.local:44600/', 'http://ss42.local:39475/', 'http://ss42.local:38783/', 'http://ss42.local:45040/']: sec=0.00, result=[1, '', 0]
[rosmaster.master][INFO] 2021-10-22 12:36:11,873: +PUB [/ss42/wheels_driver_node/wheels_cmd_executed] /ss42/wheels_driver_node http://ss42.local:45040/
[rosmaster.master][INFO] 2021-10-22 12:36:11,884: +SUB [/ss42/wheels_driver_node/wheels_cmd] /ss42/wheels_driver_node http://ss42.local:45040/
[rosmaster.master][INFO] 2021-10-22 12:36:11,894: +SUB [/ss42/wheels_driver_node/emergency_stop] /ss42/wheels_driver_node http://ss42.local:45040/
[rosmaster.master][INFO] 2021-10-22 12:36:13,640: +PUB [/rosout] /ss42/forward_kinematics_node http://ss42.local:38732/
[rosmaster.master][INFO] 2021-10-22 12:36:13,653: +PUB [/rosout] /ss42/inverse_kinematics_node http://ss42.local:35994/
[rosmaster.master][INFO] 2021-10-22 12:36:13,656: +SERVICE [/ss42/forward_kinematics_node/get_loggers] /ss42/forward_kinematics_node http://ss42.local:38732/
[rosmaster.master][INFO] 2021-10-22 12:36:13,656: publisherUpdate[/rosout] -> http://ss42.local:35654/ ['http://ss42.local:44600/', 'http://ss42.local:39475/', 'http://ss42.local:38783/', 'http://ss42.local:45040/', 'http://ss42.local:38732/']
[rosmaster.master][INFO] 2021-10-22 12:36:13,662: publisherUpdate[/rosout] -> http://ss42.local:35654/ ['http://ss42.local:44600/', 'http://ss42.local:39475/', 'http://ss42.local:38783/', 'http://ss42.local:45040/', 'http://ss42.local:38732/']: sec=0.00, result=[1, '', 0]
[rosmaster.master][INFO] 2021-10-22 12:36:13,662: publisherUpdate[/rosout] -> http://ss42.local:35654/ ['http://ss42.local:44600/', 'http://ss42.local:39475/', 'http://ss42.local:38783/', 'http://ss42.local:45040/', 'http://ss42.local:38732/', 'http://ss42.local:35994/']
[rosmaster.master][INFO] 2021-10-22 12:36:13,666: publisherUpdate[/rosout] -> http://ss42.local:35654/ ['http://ss42.local:44600/', 'http://ss42.local:39475/', 'http://ss42.local:38783/', 'http://ss42.local:45040/', 'http://ss42.local:38732/', 'http://ss42.local:35994/']: sec=0.00, result=[1, '', 0]
[rosmaster.master][INFO] 2021-10-22 12:36:13,669: +SERVICE [/ss42/inverse_kinematics_node/get_loggers] /ss42/inverse_kinematics_node http://ss42.local:35994/
[rosmaster.master][INFO] 2021-10-22 12:36:13,673: +SERVICE [/ss42/forward_kinematics_node/set_logger_level] /ss42/forward_kinematics_node http://ss42.local:38732/
[rosmaster.master][INFO] 2021-10-22 12:36:13,678: +SERVICE [/ss42/inverse_kinematics_node/set_logger_level] /ss42/inverse_kinematics_node http://ss42.local:35994/
[rosmaster.master][INFO] 2021-10-22 12:36:13,693: +PARAM [/ss42/inverse_kinematics_node/gain] by /ss42/inverse_kinematics_node
[rosmaster.master][INFO] 2021-10-22 12:36:13,696: +PARAM [/ss42/forward_kinematics_node/gain] by /ss42/forward_kinematics_node
[rosmaster.master][INFO] 2021-10-22 12:36:13,699: +PARAM [/ss42/inverse_kinematics_node/trim] by /ss42/inverse_kinematics_node
[rosmaster.master][INFO] 2021-10-22 12:36:13,702: +PARAM [/ss42/forward_kinematics_node/trim] by /ss42/forward_kinematics_node
[rosmaster.master][INFO] 2021-10-22 12:36:13,705: +PARAM [/ss42/inverse_kinematics_node/baseline] by /ss42/inverse_kinematics_node
[rosmaster.master][INFO] 2021-10-22 12:36:13,708: +PARAM [/ss42/forward_kinematics_node/baseline] by /ss42/forward_kinematics_node
[rosmaster.master][INFO] 2021-10-22 12:36:13,711: +PARAM [/ss42/inverse_kinematics_node/k] by /ss42/inverse_kinematics_node
[rosmaster.master][INFO] 2021-10-22 12:36:13,714: +PARAM [/ss42/forward_kinematics_node/k] by /ss42/forward_kinematics_node
[rosmaster.master][INFO] 2021-10-22 12:36:13,717: +PARAM [/ss42/inverse_kinematics_node/radius] by /ss42/inverse_kinematics_node
[rosmaster.master][INFO] 2021-10-22 12:36:13,720: +PARAM [/ss42/forward_kinematics_node/radius] by /ss42/forward_kinematics_node
[rosmaster.master][INFO] 2021-10-22 12:36:13,723: +PARAM [/ss42/inverse_kinematics_node/limit] by /ss42/inverse_kinematics_node
[rosmaster.master][INFO] 2021-10-22 12:36:13,731: +PARAM [/ss42/forward_kinematics_node/gain] by /ss42/forward_kinematics_node
[rosmaster.master][INFO] 2021-10-22 12:36:13,733: +PARAM [/ss42/inverse_kinematics_node/gain] by /ss42/inverse_kinematics_node
[rosmaster.master][INFO] 2021-10-22 12:36:13,743: +PARAM [/ss42/forward_kinematics_node/trim] by /ss42/forward_kinematics_node
[rosmaster.master][INFO] 2021-10-22 12:36:13,745: +PARAM [/ss42/inverse_kinematics_node/trim] by /ss42/inverse_kinematics_node
[rosmaster.master][INFO] 2021-10-22 12:36:13,761: +PARAM [/ss42/forward_kinematics_node/baseline] by /ss42/forward_kinematics_node
[rosmaster.master][INFO] 2021-10-22 12:36:13,767: +PARAM [/ss42/inverse_kinematics_node/baseline] by /ss42/inverse_kinematics_node
[rosmaster.master][INFO] 2021-10-22 12:36:13,777: +PARAM [/ss42/forward_kinematics_node/radius] by /ss42/forward_kinematics_node
[rosmaster.master][INFO] 2021-10-22 12:36:13,788: +PARAM [/ss42/inverse_kinematics_node/radius] by /ss42/inverse_kinematics_node
[rosmaster.master][INFO] 2021-10-22 12:36:13,791: +PARAM [/ss42/forward_kinematics_node/k] by /ss42/forward_kinematics_node
[rosmaster.master][INFO] 2021-10-22 12:36:13,799: +PARAM [/ss42/inverse_kinematics_node/k] by /ss42/inverse_kinematics_node
[rosmaster.master][INFO] 2021-10-22 12:36:13,803: +PUB [/ss42/forward_kinematics_node/velocity] /ss42/forward_kinematics_node http://ss42.local:38732/
[rosmaster.master][INFO] 2021-10-22 12:36:13,811: +PARAM [/ss42/inverse_kinematics_node/limit] by /ss42/inverse_kinematics_node
[rosmaster.master][INFO] 2021-10-22 12:36:13,814: +SUB [/ss42/wheels_driver_node/wheels_cmd_executed] /ss42/forward_kinematics_node http://ss42.local:38732/
[rosmaster.master][INFO] 2021-10-22 12:36:13,819: +SERVICE [/ss42/inverse_kinematics_node/set_gain] /ss42/inverse_kinematics_node http://ss42.local:35994/
[rosmaster.master][INFO] 2021-10-22 12:36:13,825: +SERVICE [/ss42/inverse_kinematics_node/set_trim] /ss42/inverse_kinematics_node http://ss42.local:35994/
[rosmaster.master][INFO] 2021-10-22 12:36:13,831: +SERVICE [/ss42/inverse_kinematics_node/set_baseline] /ss42/inverse_kinematics_node http://ss42.local:35994/
[rosmaster.master][INFO] 2021-10-22 12:36:13,836: +SERVICE [/ss42/inverse_kinematics_node/set_radius] /ss42/inverse_kinematics_node http://ss42.local:35994/
[rosmaster.master][INFO] 2021-10-22 12:36:13,842: +SERVICE [/ss42/inverse_kinematics_node/set_k] /ss42/inverse_kinematics_node http://ss42.local:35994/
[rosmaster.master][INFO] 2021-10-22 12:36:13,847: +SERVICE [/ss42/inverse_kinematics_node/set_limit] /ss42/inverse_kinematics_node http://ss42.local:35994/
[rosmaster.master][INFO] 2021-10-22 12:36:13,853: +SERVICE [/ss42/inverse_kinematics_node/save_calibration] /ss42/inverse_kinematics_node http://ss42.local:35994/
[rosmaster.master][INFO] 2021-10-22 12:36:13,860: publisherUpdate[/ss42/forward_kinematics_node/velocity] -> http://ss42.local:38783/ ['http://ss42.local:38732/']
[rosmaster.master][INFO] 2021-10-22 12:36:13,864: +SUB [/ss42/joy_mapper_node/car_cmd] /ss42/inverse_kinematics_node http://ss42.local:35994/
[rosmaster.master][INFO] 2021-10-22 12:36:13,871: +PUB [/ss42/wheels_driver_node/wheels_cmd] /ss42/inverse_kinematics_node http://ss42.local:35994/
[rosmaster.master][INFO] 2021-10-22 12:36:13,873: publisherUpdate[/ss42/forward_kinematics_node/velocity] -> http://ss42.local:38783/ ['http://ss42.local:38732/']: sec=0.01, result=[1, '', 0]
[rosmaster.master][INFO] 2021-10-22 12:36:13,874: publisherUpdate[/ss42/wheels_driver_node/wheels_cmd] -> http://ss42.local:45040/ ['http://ss42.local:35994/']
[rosmaster.master][INFO] 2021-10-22 12:36:13,882: publisherUpdate[/ss42/wheels_driver_node/wheels_cmd] -> http://ss42.local:45040/ ['http://ss42.local:35994/']: sec=0.01, result=[1, '', 0]
[rosmaster.master][INFO] 2021-10-22 12:38:28,672: -SUB [/ss42/wheels_driver_node/emergency_stop] /ss42/wheels_driver_node http://ss42.local:45040/
[rosmaster.master][INFO] 2021-10-22 12:38:28,680: -SUB [/ss42/wheels_driver_node/wheels_cmd] /ss42/wheels_driver_node http://ss42.local:45040/
[rosmaster.master][INFO] 2021-10-22 12:38:28,681: -PUB [/ss42/wheels_driver_node/wheels_cmd_executed] /ss42/wheels_driver_node http://ss42.local:45040/
[rosmaster.master][INFO] 2021-10-22 12:38:28,686: -PUB [/rosout] /ss42/wheels_driver_node http://ss42.local:45040/
[rosmaster.master][INFO] 2021-10-22 12:38:28,689: -SERVICE [/ss42/wheels_driver_node/get_loggers] /ss42/wheels_driver_node rosrpc://ss42.local:43492
[rosmaster.master][INFO] 2021-10-22 12:38:28,697: -SUB [/ss42/forward_kinematics_node/velocity] /ss42/velocity_to_pose_node http://ss42.local:38783/
[rosmaster.master][INFO] 2021-10-22 12:38:28,709: -SERVICE [/ss42/wheels_driver_node/set_logger_level] /ss42/wheels_driver_node rosrpc://ss42.local:43492
[rosmaster.master][INFO] 2021-10-22 12:38:28,713: publisherUpdate[/ss42/wheels_driver_node/wheels_cmd_executed] -> http://ss42.local:38732/ []
[rosmaster.master][INFO] 2021-10-22 12:38:28,715: publisherUpdate[/rosout] -> http://ss42.local:35654/ ['http://ss42.local:44600/', 'http://ss42.local:39475/', 'http://ss42.local:38783/', 'http://ss42.local:38732/', 'http://ss42.local:35994/']
[rosmaster.master][INFO] 2021-10-22 12:38:28,718: -SUB [/ss42/wheels_driver_node/wheels_cmd_executed] /ss42/forward_kinematics_node http://ss42.local:38732/
[rosmaster.master][INFO] 2021-10-22 12:38:28,720: -PUB [/rosout] /ss42/velocity_to_pose_node http://ss42.local:38783/
[rosmaster.master][INFO] 2021-10-22 12:38:28,743: publisherUpdate[/ss42/wheels_driver_node/wheels_cmd_executed] -> http://ss42.local:38732/ []: sec=0.03, result=[1, '', 0]
[rosmaster.master][INFO] 2021-10-22 12:38:28,744: -PUB [/ss42/forward_kinematics_node/velocity] /ss42/forward_kinematics_node http://ss42.local:38732/
[rosmaster.master][INFO] 2021-10-22 12:38:28,746: publisherUpdate[/rosout] -> http://ss42.local:35654/ ['http://ss42.local:44600/', 'http://ss42.local:39475/', 'http://ss42.local:38783/', 'http://ss42.local:38732/', 'http://ss42.local:35994/']: sec=0.03, result=[1, '', 0]
[rosmaster.master][INFO] 2021-10-22 12:38:28,748: -PUB [/rosout] /ss42/forward_kinematics_node http://ss42.local:38732/
[rosmaster.master][INFO] 2021-10-22 12:38:28,750: publisherUpdate[/rosout] -> http://ss42.local:35654/ ['http://ss42.local:44600/', 'http://ss42.local:39475/', 'http://ss42.local:38732/', 'http://ss42.local:35994/']
[rosmaster.master][INFO] 2021-10-22 12:38:28,759: -PUB [/ss42/velocity_to_pose_node/pose] /ss42/velocity_to_pose_node http://ss42.local:38783/
[rosmaster.master][INFO] 2021-10-22 12:38:28,763: -SERVICE [/ss42/velocity_to_pose_node/set_logger_level] /ss42/velocity_to_pose_node rosrpc://ss42.local:44017
[rosmaster.master][INFO] 2021-10-22 12:38:28,764: publisherUpdate[/rosout] -> http://ss42.local:35654/ ['http://ss42.local:44600/', 'http://ss42.local:39475/', 'http://ss42.local:38732/', 'http://ss42.local:35994/']: sec=0.00, result=[1, '', 0]
[rosmaster.master][INFO] 2021-10-22 12:38:28,765: -SERVICE [/ss42/velocity_to_pose_node/get_loggers] /ss42/velocity_to_pose_node rosrpc://ss42.local:44017
[rosmaster.master][INFO] 2021-10-22 12:38:28,765: publisherUpdate[/rosout] -> http://ss42.local:35654/ ['http://ss42.local:44600/', 'http://ss42.local:39475/', 'http://ss42.local:35994/']
[rosmaster.master][INFO] 2021-10-22 12:38:28,767: -SERVICE [/ss42/forward_kinematics_node/set_logger_level] /ss42/forward_kinematics_node rosrpc://ss42.local:40153
[rosmaster.master][INFO] 2021-10-22 12:38:28,768: -SERVICE [/ss42/forward_kinematics_node/get_loggers] /ss42/forward_kinematics_node rosrpc://ss42.local:40153
[rosmaster.master][INFO] 2021-10-22 12:38:28,770: publisherUpdate[/rosout] -> http://ss42.local:35654/ ['http://ss42.local:44600/', 'http://ss42.local:39475/', 'http://ss42.local:35994/']: sec=0.00, result=[1, '', 0]
[rosmaster.master][INFO] 2021-10-22 12:38:28,773: -SUB [/ss42/joy] /ss42/joy_mapper_node http://ss42.local:39475/
[rosmaster.master][INFO] 2021-10-22 12:38:28,774: -SUB [/ss42/joy_mapper_node/car_cmd] /ss42/inverse_kinematics_node http://ss42.local:35994/
[rosmaster.master][INFO] 2021-10-22 12:38:28,775: -PUB [/ss42/wheels_driver_node/wheels_cmd] /ss42/inverse_kinematics_node http://ss42.local:35994/
[rosmaster.master][INFO] 2021-10-22 12:38:28,776: -PUB [/rosout] /ss42/inverse_kinematics_node http://ss42.local:35994/
[rosmaster.master][INFO] 2021-10-22 12:38:28,778: -PUB [/ss42/joy_mapper_node/joystick_override] /ss42/joy_mapper_node http://ss42.local:39475/
[rosmaster.master][INFO] 2021-10-22 12:38:28,779: -SERVICE [/ss42/inverse_kinematics_node/set_radius] /ss42/inverse_kinematics_node rosrpc://ss42.local:34644
[rosmaster.master][INFO] 2021-10-22 12:38:28,780: -PUB [/ss42/wheels_driver_node/emergency_stop] /ss42/joy_mapper_node http://ss42.local:39475/
[rosmaster.master][INFO] 2021-10-22 12:38:28,780: -SERVICE [/ss42/inverse_kinematics_node/set_limit] /ss42/inverse_kinematics_node rosrpc://ss42.local:34644
[rosmaster.master][INFO] 2021-10-22 12:38:28,781: -PUB [/rosout] /ss42/joy_mapper_node http://ss42.local:39475/
[rosmaster.master][INFO] 2021-10-22 12:38:28,781: -SERVICE [/ss42/inverse_kinematics_node/set_baseline] /ss42/inverse_kinematics_node rosrpc://ss42.local:34644
[rosmaster.master][INFO] 2021-10-22 12:38:28,782: -PUB [/ss42/joy_mapper_node/parallel_autonomy] /ss42/joy_mapper_node http://ss42.local:39475/
[rosmaster.master][INFO] 2021-10-22 12:38:28,782: -SERVICE [/ss42/inverse_kinematics_node/set_trim] /ss42/inverse_kinematics_node rosrpc://ss42.local:34644
[rosmaster.master][INFO] 2021-10-22 12:38:28,783: -PUB [/ss42/joy_mapper_node/start_avoidance] /ss42/joy_mapper_node http://ss42.local:39475/
[rosmaster.master][INFO] 2021-10-22 12:38:28,783: -SERVICE [/ss42/inverse_kinematics_node/set_gain] /ss42/inverse_kinematics_node rosrpc://ss42.local:34644
[rosmaster.master][INFO] 2021-10-22 12:38:28,784: -PUB [/ss42/anti_instagram_node/click] /ss42/joy_mapper_node http://ss42.local:39475/
[rosmaster.master][INFO] 2021-10-22 12:38:28,784: -SERVICE [/ss42/inverse_kinematics_node/set_logger_level] /ss42/inverse_kinematics_node rosrpc://ss42.local:34644
[rosmaster.master][INFO] 2021-10-22 12:38:28,785: -PUB [/ss42/joy_mapper_node/car_cmd] /ss42/joy_mapper_node http://ss42.local:39475/
[rosmaster.master][INFO] 2021-10-22 12:38:28,785: -SERVICE [/ss42/inverse_kinematics_node/get_loggers] /ss42/inverse_kinematics_node rosrpc://ss42.local:34644
[rosmaster.master][INFO] 2021-10-22 12:38:28,786: -SERVICE [/ss42/joy_mapper_node/set_logger_level] /ss42/joy_mapper_node rosrpc://ss42.local:42283
[rosmaster.master][INFO] 2021-10-22 12:38:28,786: -SERVICE [/ss42/inverse_kinematics_node/set_k] /ss42/inverse_kinematics_node rosrpc://ss42.local:34644
[rosmaster.master][INFO] 2021-10-22 12:38:28,787: -SERVICE [/ss42/joy_mapper_node/get_loggers] /ss42/joy_mapper_node rosrpc://ss42.local:42283
[rosmaster.master][INFO] 2021-10-22 12:38:28,796: -SERVICE [/ss42/inverse_kinematics_node/save_calibration] /ss42/inverse_kinematics_node rosrpc://ss42.local:34644
[rosmaster.master][INFO] 2021-10-22 12:38:28,800: -PUB [/rosout] /ss42/joy http://ss42.local:44600/
[rosmaster.master][INFO] 2021-10-22 12:38:28,808: -PUB [/diagnostics] /ss42/joy http://ss42.local:44600/
[rosmaster.master][INFO] 2021-10-22 12:38:28,812: -PUB [/ss42/joy] /ss42/joy http://ss42.local:44600/
[rosmaster.master][INFO] 2021-10-22 12:38:28,815: -SERVICE [/ss42/joy/get_loggers] /ss42/joy rosrpc://ss42.local:58135
[rosmaster.master][INFO] 2021-10-22 12:38:28,819: -SERVICE [/ss42/joy/set_logger_level] /ss42/joy rosrpc://ss42.local:58135
[rosmaster.master][INFO] 2021-10-22 12:38:28,832: publisherUpdate[/rosout] -> http://ss42.local:35654/ ['http://ss42.local:44600/', 'http://ss42.local:39475/']
[rosmaster.master][INFO] 2021-10-22 12:38:28,834: publisherUpdate[/rosout] -> http://ss42.local:35654/ ['http://ss42.local:44600/', 'http://ss42.local:39475/']: sec=0.00, result=[1, '', 0]
[rosmaster.master][INFO] 2021-10-22 12:38:28,835: publisherUpdate[/rosout] -> http://ss42.local:35654/ ['http://ss42.local:44600/']
[rosmaster.master][INFO] 2021-10-22 12:38:28,837: publisherUpdate[/rosout] -> http://ss42.local:35654/ ['http://ss42.local:44600/']: sec=0.00, result=[1, '', 0]
[rosmaster.master][INFO] 2021-10-22 12:38:28,838: publisherUpdate[/rosout] -> http://ss42.local:35654/ []
[rosmaster.master][INFO] 2021-10-22 12:38:28,840: publisherUpdate[/rosout] -> http://ss42.local:35654/ []: sec=0.00, result=[1, '', 0]
[rosmaster.master][INFO] 2021-10-22 12:38:29,743: -PUB [/rosout_agg] /rosout http://ss42.local:35654/
[rosmaster.master][INFO] 2021-10-22 12:38:29,747: -SUB [/rosout] /rosout http://ss42.local:35654/
[rosmaster.master][INFO] 2021-10-22 12:38:29,750: -SERVICE [/rosout/get_loggers] /rosout rosrpc://ss42.local:40841
[rosmaster.master][INFO] 2021-10-22 12:38:29,754: -SERVICE [/rosout/set_logger_level] /rosout rosrpc://ss42.local:40841
[rosmaster.main][INFO] 2021-10-22 12:38:29,895: keyboard interrupt, will exit
[rosmaster.main][INFO] 2021-10-22 12:38:29,895: stopping master...
[rospy.core][INFO] 2021-10-22 12:38:29,896: signal_shutdown [atexit]
