[rospy.client][INFO] 2021-12-08 11:39:47,282: init_node, name[/ss42/fake_coordinator_node], pid[3142]
[xmlrpc][INFO] 2021-12-08 11:39:47,300: XML-RPC server binding to 0.0.0.0:0
[rospy.init][INFO] 2021-12-08 11:39:47,313: ROS Slave URI: [http://ss42.local:42788/]
[xmlrpc][INFO] 2021-12-08 11:39:47,314: Started XML-RPC server [http://ss42.local:42788/]
[rospy.impl.masterslave][INFO] 2021-12-08 11:39:47,315: _ready: http://ss42.local:42788/
[rospy.registration][INFO] 2021-12-08 11:39:47,333: Registering with master node http://ss42.local:11311/
[xmlrpc][INFO] 2021-12-08 11:39:47,334: xml rpc node: starting XML-RPC server
[rospy.init][INFO] 2021-12-08 11:39:47,415: registered with master
[rospy.rosout][INFO] 2021-12-08 11:39:47,415: initializing /rosout core topic
[rospy.rosout][INFO] 2021-12-08 11:39:47,474: connected to core topic /rosout
[rospy.simtime][INFO] 2021-12-08 11:39:47,514: /use_sim_time is not set, will not subscribe to simulated time [/clock] topic
[rospy.internal][INFO] 2021-12-08 11:39:47,736: topic[/rosout] adding connection to [/rosout], count 0
[rospy.internal][INFO] 2021-12-08 11:39:48,266: topic[/ss42/simple_coordinator_node/car_cmd] adding connection to [/ss42/car_cmd_switch_node], count 0
[rospy.internal][INFO] 2021-12-08 11:39:48,357: topic[/ss42/fsm_node/mode] adding connection to [http://ss42.local:39816/], count 0
[rospy.internal][INFO] 2021-12-08 11:39:49,643: topic[/ss42/simple_coordinator_node/intersection_go] adding connection to [/ss42/fsm_node], count 0
[rospy.core][INFO] 2021-12-08 14:14:06,675: signal_shutdown [signal-2]
[rosout][INFO] 2021-12-08 14:14:07,214: [LaneFilterNode] Shutdown.
[rospy.internal][INFO] 2021-12-08 14:14:09,960: topic[/rosout] removing connection to /rosout
[rospy.internal][INFO] 2021-12-08 14:14:09,962: topic[/ss42/simple_coordinator_node/intersection_go] removing connection to /ss42/fsm_node
[rospy.internal][INFO] 2021-12-08 14:14:09,989: topic[/ss42/simple_coordinator_node/car_cmd] removing connection to /ss42/car_cmd_switch_node
[rospy.internal][INFO] 2021-12-08 14:14:09,990: topic[/ss42/simple_coordinator_node/car_cmd] removing connection to /ss42/car_cmd_switch_node
[rospy.topics][ERROR] 2021-12-08 14:14:10,353: Traceback (most recent call last):
  File "/opt/ros/kinetic/lib/python2.7/dist-packages/rospy/topics.py", line 326, in close
    c.close()
  File "/opt/ros/kinetic/lib/python2.7/dist-packages/rospy/impl/tcpros_base.py", line 838, in close
    self.socket.close()
AttributeError: 'NoneType' object has no attribute 'close'

[rospy.internal][INFO] 2021-12-08 14:14:10,483: topic[/ss42/fsm_node/mode] removing connection to http://ss42.local:39816/
[rospy.impl.masterslave][INFO] 2021-12-08 14:14:10,599: signal-2
[rospy.internal][WARNING] 2021-12-08 14:14:10,631: Unknown error initiating TCP/IP socket to ss42.local:36245 (http://ss42.local:39816/): Traceback (most recent call last):
  File "/opt/ros/kinetic/lib/python2.7/dist-packages/rospy/impl/tcpros_base.py", line 558, in connect
    self.local_endpoint = self.socket.getsockname()
AttributeError: 'NoneType' object has no attribute 'getsockname'

[rospy.core][INFO] 2021-12-08 14:14:10,913: signal_shutdown [atexit]
