[rospy.client][INFO] 2021-12-08 11:39:54,838: [32minit_node, name[/ss42/lane_filter_node], pid[3128][0m
[xmlrpc][INFO] 2021-12-08 11:39:54,865: [32mXML-RPC server binding to 0.0.0.0:0[0m
[rospy.init][INFO] 2021-12-08 11:39:54,868: [32mROS Slave URI: [http://ss42.local:34428/][0m
[xmlrpc][INFO] 2021-12-08 11:39:54,874: [32mStarted XML-RPC server [http://ss42.local:34428/][0m
[rospy.impl.masterslave][INFO] 2021-12-08 11:39:54,875: [32m_ready: http://ss42.local:34428/[0m
[xmlrpc][INFO] 2021-12-08 11:39:54,917: [32mxml rpc node: starting XML-RPC server[0m
[rospy.registration][INFO] 2021-12-08 11:39:54,917: [32mRegistering with master node http://ss42.local:11311/[0m
[rospy.init][INFO] 2021-12-08 11:39:54,969: [32mregistered with master[0m
[rospy.rosout][INFO] 2021-12-08 11:39:54,972: [32minitializing /rosout core topic[0m
[rospy.rosout][INFO] 2021-12-08 11:39:55,013: [32mconnected to core topic /rosout[0m
[rospy.simtime][INFO] 2021-12-08 11:39:55,041: [32m/use_sim_time is not set, will not subscribe to simulated time [/clock] topic[0m
[rospy.internal][INFO] 2021-12-08 11:39:55,160: [32mtopic[/rosout] adding connection to [/rosout], count 0[0m
[rosout][INFO] 2021-12-08 11:39:55,192: [32m[Lane Filter] new filter config: ['lane_filter.LaneFilterHistogram', {'configuration': {'phi_max': 1.5, 'lanewidth': 0.23, 'mean_d_0': 0, 'min_max': 0.1, 'phi_min': -1.5, 'd_max': 0.3, 'sigma_phi_mask': 2.0, 'sigma_d_mask': 1.0, 'mean_phi_0': 0, 'sigma_phi_0': 0.1, 'linewidth_white': 0.05, 'linewidth_yellow': 0.025, 'delta_d': 0.02, 'd_min': -0.15, 'delta_phi': 0.1, 'sigma_d_0': 0.1, 'cov_v': 0.5}}][0m
[rospy.internal][INFO] 2021-12-08 11:39:58,274: [32mtopic[/ss42/ground_projection/lineseglist_out] adding connection to [http://ss42.local:44314/], count 0[0m
[rospy.internal][INFO] 2021-12-08 11:39:58,309: [32mtopic[/ss42/lane_filter_node/switch] adding connection to [http://ss42.local:39816/], count 0[0m
[rospy.internal][INFO] 2021-12-08 11:39:58,345: [32mtopic[/ss42/car_cmd_switch_node/cmd] adding connection to [http://ss42.local:41928/], count 0[0m
[rospy.internal][INFO] 2021-12-08 11:39:58,408: [32mtopic[/ss42/lane_filter_node/lane_pose] adding connection to [/ss42/lane_controller_node], count 0[0m
[rospy.internal][INFO] 2021-12-08 11:39:59,214: [32mtopic[/ss42/lane_filter_node/lane_pose] adding connection to [/ss42/lane_pose_visualizer_node], count 1[0m
[rospy.core][INFO] 2021-12-08 14:14:06,617: [32msignal_shutdown [signal-2][0m
[rosout][INFO] 2021-12-08 14:14:06,645: [32m[LaneFilterNode] Shutdown.[0m
[rospy.internal][WARNING] 2021-12-08 14:14:06,876: [33mUnknown error initiating TCP/IP socket to ss42.local:46571 (http://ss42.local:44314/): Traceback (most recent call last):
  File "/opt/ros/kinetic/lib/python2.7/dist-packages/rospy/impl/tcpros_base.py", line 557, in connect
    self.read_header()
  File "/opt/ros/kinetic/lib/python2.7/dist-packages/rospy/impl/tcpros_base.py", line 650, in read_header
    self._validate_header(read_ros_handshake_header(sock, self.read_buff, self.protocol.buff_size))
  File "/opt/ros/kinetic/lib/python2.7/dist-packages/rosgraph/network.py", line 364, in read_ros_handshake_header
    raise ROSHandshakeException("connection from sender terminated before handshake header received. %s bytes were received. Please check sender for additional details."%b.tell())
ROSHandshakeException: connection from sender terminated before handshake header received. 0 bytes were received. Please check sender for additional details.
[0m
[rospy.internal][INFO] 2021-12-08 14:14:06,924: [32mtopic[/ss42/ground_projection/lineseglist_out] removing connection to http://ss42.local:44314/[0m
[rospy.internal][INFO] 2021-12-08 14:14:06,926: [32mtopic[/ss42/lane_filter_node/lane_pose] removing connection to /ss42/lane_controller_node[0m
[rospy.internal][INFO] 2021-12-08 14:14:06,929: [32mtopic[/ss42/lane_filter_node/lane_pose] removing connection to /ss42/lane_pose_visualizer_node[0m
[rospy.internal][INFO] 2021-12-08 14:14:06,934: [32mtopic[/rosout] removing connection to /rosout[0m
[rospy.internal][INFO] 2021-12-08 14:14:06,942: [32mtopic[/ss42/lane_filter_node/switch] removing connection to http://ss42.local:39816/[0m
[rospy.internal][WARNING] 2021-12-08 14:14:06,948: [33mUnknown error initiating TCP/IP socket to ss42.local:40388 (http://ss42.local:41928/): Traceback (most recent call last):
  File "/opt/ros/kinetic/lib/python2.7/dist-packages/rospy/impl/tcpros_base.py", line 558, in connect
    self.local_endpoint = self.socket.getsockname()
AttributeError: 'NoneType' object has no attribute 'getsockname'
[0m
[rospy.internal][INFO] 2021-12-08 14:14:06,947: [32mtopic[/ss42/car_cmd_switch_node/cmd] removing connection to http://ss42.local:41928/[0m
[rospy.impl.masterslave][INFO] 2021-12-08 14:14:06,958: [32msignal-2[0m
[rospy.core][INFO] 2021-12-08 14:14:07,295: [32msignal_shutdown [atexit][0m
