[rospy.client][INFO] 2021-12-08 11:39:54,712: [32minit_node, name[/ss42/ground_projection], pid[3122][0m
[xmlrpc][INFO] 2021-12-08 11:39:54,722: [32mXML-RPC server binding to 0.0.0.0:0[0m
[xmlrpc][INFO] 2021-12-08 11:39:54,724: [32mStarted XML-RPC server [http://ss42.local:44314/][0m
[rospy.impl.masterslave][INFO] 2021-12-08 11:39:54,725: [32m_ready: http://ss42.local:44314/[0m
[rospy.init][INFO] 2021-12-08 11:39:54,744: [32mROS Slave URI: [http://ss42.local:44314/][0m
[xmlrpc][INFO] 2021-12-08 11:39:54,753: [32mxml rpc node: starting XML-RPC server[0m
[rospy.registration][INFO] 2021-12-08 11:39:54,758: [32mRegistering with master node http://ss42.local:11311/[0m
[rospy.init][INFO] 2021-12-08 11:39:54,845: [32mregistered with master[0m
[rospy.rosout][INFO] 2021-12-08 11:39:54,846: [32minitializing /rosout core topic[0m
[rospy.rosout][INFO] 2021-12-08 11:39:54,871: [32mconnected to core topic /rosout[0m
[rospy.simtime][INFO] 2021-12-08 11:39:54,906: [32m/use_sim_time is not set, will not subscribe to simulated time [/clock] topic[0m
[rosout][INFO] 2021-12-08 11:39:55,001: [32mUsing extrinsic calibration of ss42[0m
[DT][INFO] 2021-12-08 11:39:55,060: [32mLoaded homography for ss42.yaml[0m
[rospy.internal][INFO] 2021-12-08 11:39:55,090: [32mtopic[/rosout] adding connection to [/rosout], count 0[0m
[DT][INFO] 2021-12-08 11:39:55,886: [32mLoaded checkerboard parameters[0m
[rosout][INFO] 2021-12-08 11:39:55,886: [32mcamera info topic is /ss42/camera_node/camera_info[0m
[rosout][INFO] 2021-12-08 11:39:55,899: [32mwaiting for camera info[0m
[rospy.internal][INFO] 2021-12-08 11:39:55,986: [32mtopic[/ss42/camera_node/camera_info] adding connection to [http://ss42.local:33968/], count 0[0m
[rospy.internal][INFO] 2021-12-08 11:39:56,035: [32mtopic impl's ref count is zero, deleting topic /ss42/camera_node/camera_info...[0m
[rospy.internal][INFO] 2021-12-08 11:39:56,036: [32mtopic[/ss42/camera_node/camera_info] removing connection to http://ss42.local:33968/[0m
[rosout][INFO] 2021-12-08 11:39:56,044: [32mcamera info received[0m
[rospy.internal][INFO] 2021-12-08 11:39:56,140: [32mtopic[/ss42/ground_projection/lineseglist_out] adding connection to [/ss42/duckiebot_visualizer], count 0[0m
[rospy.internal][INFO] 2021-12-08 11:39:58,316: [32mtopic[/ss42/ground_projection/lineseglist_out] adding connection to [/ss42/lane_filter_node], count 1[0m
[rospy.internal][INFO] 2021-12-08 11:39:59,361: [32mtopic[/ss42/line_detector_node/segment_list] adding connection to [http://ss42.local:36600/], count 0[0m
[rospy.core][INFO] 2021-12-08 14:14:06,559: [32msignal_shutdown [signal-2][0m
[rosout][INFO] 2021-12-08 14:14:06,576: [32m[GroundProjectionNode] Shutdown.[0m
[rospy.internal][INFO] 2021-12-08 14:14:06,789: [32mtopic[/ss42/ground_projection/lineseglist_out] removing connection to /ss42/duckiebot_visualizer[0m
[rospy.internal][INFO] 2021-12-08 14:14:06,796: [32mtopic[/ss42/ground_projection/lineseglist_out] removing connection to /ss42/lane_filter_node[0m
[rospy.internal][INFO] 2021-12-08 14:14:06,801: [32mtopic[/rosout] removing connection to /rosout[0m
[rospy.internal][INFO] 2021-12-08 14:14:06,809: [32mtopic[/ss42/line_detector_node/segment_list] removing connection to http://ss42.local:36600/[0m
[rospy.internal][WARNING] 2021-12-08 14:14:06,820: [33mUnknown error initiating TCP/IP socket to ss42.local:35787 (http://ss42.local:36600/): Traceback (most recent call last):
  File "/opt/ros/kinetic/lib/python2.7/dist-packages/rospy/impl/tcpros_base.py", line 558, in connect
    self.local_endpoint = self.socket.getsockname()
AttributeError: 'NoneType' object has no attribute 'getsockname'
[0m
[rospy.impl.masterslave][INFO] 2021-12-08 14:14:06,834: [32msignal-2[0m
[rospy.core][INFO] 2021-12-08 14:14:07,225: [32msignal_shutdown [atexit][0m
