[rospy.client][INFO] 2021-12-08 11:39:45,781: init_node, name[/ss42/wheels_driver_node], pid[3094]
[xmlrpc][INFO] 2021-12-08 11:39:45,800: XML-RPC server binding to 0.0.0.0:0
[xmlrpc][INFO] 2021-12-08 11:39:45,802: Started XML-RPC server [http://ss42.local:35109/]
[rospy.impl.masterslave][INFO] 2021-12-08 11:39:45,802: _ready: http://ss42.local:35109/
[rospy.init][INFO] 2021-12-08 11:39:45,807: ROS Slave URI: [http://ss42.local:35109/]
[rospy.registration][INFO] 2021-12-08 11:39:45,819: Registering with master node http://ss42.local:11311/
[xmlrpc][INFO] 2021-12-08 11:39:45,820: xml rpc node: starting XML-RPC server
[rospy.init][INFO] 2021-12-08 11:39:45,908: registered with master
[rospy.rosout][INFO] 2021-12-08 11:39:45,909: initializing /rosout core topic
[rospy.rosout][INFO] 2021-12-08 11:39:45,943: connected to core topic /rosout
[rospy.simtime][INFO] 2021-12-08 11:39:45,970: /use_sim_time is not set, will not subscribe to simulated time [/clock] topic
[rosout][INFO] 2021-12-08 11:39:46,030: [/ss42/wheels_driver_node] Initializing 
[rospy.internal][INFO] 2021-12-08 11:39:46,217: topic[/rosout] adding connection to [/rosout], count 0
[rospy.internal][INFO] 2021-12-08 11:39:48,800: topic[/ss42/wheels_driver_node/emergency_stop] adding connection to [http://ss42.local:45801/], count 0
[rospy.internal][INFO] 2021-12-08 11:39:55,993: topic[/ss42/wheels_driver_node/wheels_cmd] adding connection to [http://ss42.local:34963/], count 0
[rosout][INFO] 2021-12-08 11:44:42,358: [%s] Emergency Stop Activated
[rosout][INFO] 2021-12-08 11:44:43,037: [%s] Emergency Stop Released
[rosout][INFO] 2021-12-08 13:12:39,915: [%s] Emergency Stop Activated
[rosout][INFO] 2021-12-08 13:12:41,859: [%s] Emergency Stop Released
[rosout][INFO] 2021-12-08 13:12:43,097: [%s] Emergency Stop Activated
[rosout][INFO] 2021-12-08 13:17:35,737: [%s] Emergency Stop Released
[rospy.core][INFO] 2021-12-08 14:14:13,245: signal_shutdown [signal-2]
[rosout][INFO] 2021-12-08 14:14:13,403: [/ss42/wheels_driver_node] Shutting down.
[rospy.internal][WARNING] 2021-12-08 14:14:13,666: Unknown error initiating TCP/IP socket to ss42.local:38040 (http://ss42.local:45801/): Traceback (most recent call last):
  File "/opt/ros/kinetic/lib/python2.7/dist-packages/rospy/impl/tcpros_base.py", line 557, in connect
    self.read_header()
  File "/opt/ros/kinetic/lib/python2.7/dist-packages/rospy/impl/tcpros_base.py", line 650, in read_header
    self._validate_header(read_ros_handshake_header(sock, self.read_buff, self.protocol.buff_size))
  File "/opt/ros/kinetic/lib/python2.7/dist-packages/rosgraph/network.py", line 364, in read_ros_handshake_header
    raise ROSHandshakeException("connection from sender terminated before handshake header received. %s bytes were received. Please check sender for additional details."%b.tell())
ROSHandshakeException: connection from sender terminated before handshake header received. 0 bytes were received. Please check sender for additional details.

[rospy.internal][INFO] 2021-12-08 14:14:13,674: topic[/ss42/wheels_driver_node/emergency_stop] removing connection to http://ss42.local:45801/
[rospy.internal][INFO] 2021-12-08 14:14:13,945: topic[/rosout] removing connection to /rosout
[rospy.internal][INFO] 2021-12-08 14:14:13,946: topic[/ss42/wheels_driver_node/wheels_cmd] removing connection to http://ss42.local:34963/
[rospy.impl.masterslave][INFO] 2021-12-08 14:14:13,987: signal-2
[rospy.core][INFO] 2021-12-08 14:14:14,240: signal_shutdown [atexit]
