[rosmaster.main][INFO] 2021-10-22 11:50:41,087: initialization complete, waiting for shutdown
[rosmaster.main][INFO] 2021-10-22 11:50:41,088: Starting ROS Master Node
[xmlrpc][INFO] 2021-10-22 11:50:41,090: XML-RPC server binding to 0.0.0.0:11311
[xmlrpc][INFO] 2021-10-22 11:50:41,091: Started XML-RPC server [http://ss42.local:11311/]
[rosmaster.master][INFO] 2021-10-22 11:50:41,091: Master initialized: port[11311], uri[http://ss42.local:11311/]
[xmlrpc][INFO] 2021-10-22 11:50:41,092: xml rpc node: starting XML-RPC server
[rosmaster.master][INFO] 2021-10-22 11:50:41,169: +PARAM [/run_id] by /roslaunch
[rosmaster.master][INFO] 2021-10-22 11:50:41,175: +PARAM [/roslaunch/uris/host_ss42_local__45670] by /roslaunch
[rosmaster.master][INFO] 2021-10-22 11:50:41,696: +PARAM [/ss42/camera_node/res_w] by /roslaunch
[rosmaster.master][INFO] 2021-10-22 11:50:41,698: +PARAM [/rosdistro] by /roslaunch
[rosmaster.master][INFO] 2021-10-22 11:50:41,699: +PARAM [/ss42/cam_info_reader_node/cali_file_name] by /roslaunch
[rosmaster.master][INFO] 2021-10-22 11:50:41,699: +PARAM [/ss42/camera_node/framerate_low] by /roslaunch
[rosmaster.master][INFO] 2021-10-22 11:50:41,700: +PARAM [/ss42/raw_cam_info_reader_node/cali_file_name] by /roslaunch
[rosmaster.master][INFO] 2021-10-22 11:50:41,701: +PARAM [/ss42/cam_info_reader_node/config] by /roslaunch
[rosmaster.master][INFO] 2021-10-22 11:50:41,701: +PARAM [/ss42/raw_cam_info_reader_node/config] by /roslaunch
[rosmaster.master][INFO] 2021-10-22 11:50:41,703: +PARAM [/ss42/cam_info_reader_node/pub_freq] by /roslaunch
[rosmaster.master][INFO] 2021-10-22 11:50:41,703: +PARAM [/rosversion] by /roslaunch
[rosmaster.master][INFO] 2021-10-22 11:50:41,703: +PARAM [/ss42/decoder_node/publish_freq] by /roslaunch
[rosmaster.master][INFO] 2021-10-22 11:50:41,704: +PARAM [/ss42/raw_cam_info_reader_node/image_type] by /roslaunch
[rosmaster.master][INFO] 2021-10-22 11:50:41,704: +PARAM [/ss42/raw_cam_info_reader_node/pub_freq] by /roslaunch
[rosmaster.master][INFO] 2021-10-22 11:50:41,705: +PARAM [/ss42/cam_info_reader_node/image_type] by /roslaunch
[rosmaster.master][INFO] 2021-10-22 11:50:41,705: +PARAM [/ss42/camera_node/framerate_high] by /roslaunch
[rosmaster.master][INFO] 2021-10-22 11:50:41,706: +PARAM [/ss42/camera_node/res_h] by /roslaunch
[rosmaster.master][INFO] 2021-10-22 11:50:41,709: +SERVICE [/rosout/get_loggers] /rosout http://ss42.local:45747/
[rosmaster.master][INFO] 2021-10-22 11:50:41,713: +SERVICE [/rosout/set_logger_level] /rosout http://ss42.local:45747/
[rosmaster.master][INFO] 2021-10-22 11:50:41,722: +PUB [/rosout_agg] /rosout http://ss42.local:45747/
[rosmaster.master][INFO] 2021-10-22 11:50:41,759: +SUB [/rosout] /rosout http://ss42.local:45747/
[rosmaster.master][INFO] 2021-10-22 11:50:43,437: +PUB [/rosout] /ss42/decoder_node http://ss42.local:35146/
[rosmaster.master][INFO] 2021-10-22 11:50:43,467: +SERVICE [/ss42/decoder_node/get_loggers] /ss42/decoder_node http://ss42.local:35146/
[rosmaster.master][INFO] 2021-10-22 11:50:43,476: +SERVICE [/ss42/decoder_node/set_logger_level] /ss42/decoder_node http://ss42.local:35146/
[rosmaster.master][INFO] 2021-10-22 11:50:43,492: +PARAM [/ss42/decoder_node/publish_freq] by /ss42/decoder_node
[rosmaster.master][INFO] 2021-10-22 11:50:43,494: publisherUpdate[/rosout] -> http://ss42.local:45747/ ['http://ss42.local:35146/']
[rosmaster.master][INFO] 2021-10-22 11:50:43,510: +PUB [/ss42/camera_node/image/raw] /ss42/decoder_node http://ss42.local:35146/
[rosmaster.master][INFO] 2021-10-22 11:50:43,511: publisherUpdate[/rosout] -> http://ss42.local:45747/ ['http://ss42.local:35146/']: sec=0.01, result=[1, '', 0]
[rosmaster.master][INFO] 2021-10-22 11:50:43,529: +SUB [/ss42/camera_node/image/compressed] /ss42/decoder_node http://ss42.local:35146/
[rosmaster.master][INFO] 2021-10-22 11:50:43,543: +SUB [/ss42/decoder_node/switch] /ss42/decoder_node http://ss42.local:35146/
[rosmaster.master][INFO] 2021-10-22 11:50:45,204: +PUB [/rosout] /ss42/cam_info_reader_node http://ss42.local:35366/
[rosmaster.master][INFO] 2021-10-22 11:50:45,217: +PUB [/rosout] /ss42/raw_cam_info_reader_node http://ss42.local:36008/
[rosmaster.master][INFO] 2021-10-22 11:50:45,218: publisherUpdate[/rosout] -> http://ss42.local:45747/ ['http://ss42.local:35146/', 'http://ss42.local:35366/']
[rosmaster.master][INFO] 2021-10-22 11:50:45,221: +SERVICE [/ss42/cam_info_reader_node/get_loggers] /ss42/cam_info_reader_node http://ss42.local:35366/
[rosmaster.master][INFO] 2021-10-22 11:50:45,224: publisherUpdate[/rosout] -> http://ss42.local:45747/ ['http://ss42.local:35146/', 'http://ss42.local:35366/']: sec=0.01, result=[1, '', 0]
[rosmaster.master][INFO] 2021-10-22 11:50:45,228: publisherUpdate[/rosout] -> http://ss42.local:45747/ ['http://ss42.local:35146/', 'http://ss42.local:35366/', 'http://ss42.local:36008/']
[rosmaster.master][INFO] 2021-10-22 11:50:45,229: +SERVICE [/ss42/cam_info_reader_node/set_logger_level] /ss42/cam_info_reader_node http://ss42.local:35366/
[rosmaster.master][INFO] 2021-10-22 11:50:45,233: publisherUpdate[/rosout] -> http://ss42.local:45747/ ['http://ss42.local:35146/', 'http://ss42.local:35366/', 'http://ss42.local:36008/']: sec=0.00, result=[1, '', 0]
[rosmaster.master][INFO] 2021-10-22 11:50:45,236: +SERVICE [/ss42/raw_cam_info_reader_node/get_loggers] /ss42/raw_cam_info_reader_node http://ss42.local:36008/
[rosmaster.master][INFO] 2021-10-22 11:50:45,243: +SERVICE [/ss42/raw_cam_info_reader_node/set_logger_level] /ss42/raw_cam_info_reader_node http://ss42.local:36008/
[rosmaster.master][INFO] 2021-10-22 11:50:45,249: +PARAM [/ss42/cam_info_reader_node/config] by /ss42/cam_info_reader_node
[rosmaster.master][INFO] 2021-10-22 11:50:45,258: +PARAM [/ss42/raw_cam_info_reader_node/config] by /ss42/raw_cam_info_reader_node
[rosmaster.master][INFO] 2021-10-22 11:50:45,262: +PARAM [/ss42/cam_info_reader_node/cali_file_name] by /ss42/cam_info_reader_node
[rosmaster.master][INFO] 2021-10-22 11:50:45,279: +PARAM [/ss42/raw_cam_info_reader_node/cali_file_name] by /ss42/raw_cam_info_reader_node
[rosmaster.master][INFO] 2021-10-22 11:50:45,282: +PARAM [/ss42/cam_info_reader_node/image_type] by /ss42/cam_info_reader_node
[rosmaster.master][INFO] 2021-10-22 11:50:45,286: +PUB [/rosout] /ss42/camera_node http://ss42.local:44065/
[rosmaster.master][INFO] 2021-10-22 11:50:45,291: +PUB [/ss42/camera_node/camera_info] /ss42/cam_info_reader_node http://ss42.local:35366/
[rosmaster.master][INFO] 2021-10-22 11:50:45,295: +PARAM [/ss42/raw_cam_info_reader_node/image_type] by /ss42/raw_cam_info_reader_node
[rosmaster.master][INFO] 2021-10-22 11:50:45,302: publisherUpdate[/rosout] -> http://ss42.local:45747/ ['http://ss42.local:35146/', 'http://ss42.local:35366/', 'http://ss42.local:36008/', 'http://ss42.local:44065/']
[rosmaster.master][INFO] 2021-10-22 11:50:45,306: +PUB [/ss42/camera_node/raw_camera_info] /ss42/raw_cam_info_reader_node http://ss42.local:36008/
[rosmaster.master][INFO] 2021-10-22 11:50:45,308: publisherUpdate[/rosout] -> http://ss42.local:45747/ ['http://ss42.local:35146/', 'http://ss42.local:35366/', 'http://ss42.local:36008/', 'http://ss42.local:44065/']: sec=0.01, result=[1, '', 0]
[rosmaster.master][INFO] 2021-10-22 11:50:45,313: +SERVICE [/ss42/camera_node/get_loggers] /ss42/camera_node http://ss42.local:44065/
[rosmaster.master][INFO] 2021-10-22 11:50:45,320: +SERVICE [/ss42/camera_node/set_logger_level] /ss42/camera_node http://ss42.local:44065/
[rosmaster.master][INFO] 2021-10-22 11:50:45,332: +PARAM [/ss42/camera_node/framerate_high] by /ss42/camera_node
[rosmaster.master][INFO] 2021-10-22 11:50:45,348: +PARAM [/ss42/camera_node/framerate_low] by /ss42/camera_node
[rosmaster.master][INFO] 2021-10-22 11:50:45,356: +SUB [/ss42/camera_node/image/compressed] /ss42/cam_info_reader_node http://ss42.local:35366/
[rosmaster.master][INFO] 2021-10-22 11:50:45,365: +PARAM [/ss42/camera_node/res_w] by /ss42/camera_node
[rosmaster.master][INFO] 2021-10-22 11:50:45,375: +SUB [/ss42/camera_node/image/raw] /ss42/raw_cam_info_reader_node http://ss42.local:36008/
[rosmaster.master][INFO] 2021-10-22 11:50:45,378: +PARAM [/ss42/camera_node/res_h] by /ss42/camera_node
[rosmaster.master][INFO] 2021-10-22 11:50:45,780: +PUB [/ss42/camera_node/image/compressed] /ss42/camera_node http://ss42.local:44065/
[rosmaster.master][INFO] 2021-10-22 11:50:45,790: +SUB [/ss42/camera_node/framerate_high_switch] /ss42/camera_node http://ss42.local:44065/
[rosmaster.master][INFO] 2021-10-22 11:50:45,795: +SERVICE [/ss42/camera_node/set_camera_info] /ss42/camera_node http://ss42.local:44065/
[rosmaster.master][INFO] 2021-10-22 11:50:45,803: publisherUpdate[/ss42/camera_node/image/compressed] -> http://ss42.local:35146/ ['http://ss42.local:44065/']
[rosmaster.master][INFO] 2021-10-22 11:50:45,809: publisherUpdate[/ss42/camera_node/image/compressed] -> http://ss42.local:35146/ ['http://ss42.local:44065/']: sec=0.01, result=[1, '', 0]
[rosmaster.master][INFO] 2021-10-22 11:50:45,809: publisherUpdate[/ss42/camera_node/image/compressed] -> http://ss42.local:35366/ ['http://ss42.local:44065/']
[rosmaster.master][INFO] 2021-10-22 11:50:45,815: publisherUpdate[/ss42/camera_node/image/compressed] -> http://ss42.local:35366/ ['http://ss42.local:44065/']: sec=0.01, result=[1, '', 0]
[rosmaster.master][INFO] 2021-10-22 11:51:45,343: +PARAM [/roslaunch/uris/host_ss42_local__41176] by /roslaunch
[rosmaster.master][INFO] 2021-10-22 11:51:45,354: +PARAM [/rosversion] by /roslaunch
[rosmaster.master][INFO] 2021-10-22 11:51:45,355: +PARAM [/ss42/decoder_node/publish_freq] by /roslaunch
[rosmaster.master][INFO] 2021-10-22 11:51:45,355: +PARAM [/rosdistro] by /roslaunch
[rosmaster.master][INFO] 2021-10-22 11:51:47,441: +PUB [/rosout] /ss42/intrinsic_calibrator http://ss42.local:36034/
[rosmaster.master][INFO] 2021-10-22 11:51:47,449: publisherUpdate[/rosout] -> http://ss42.local:45747/ ['http://ss42.local:35146/', 'http://ss42.local:35366/', 'http://ss42.local:36008/', 'http://ss42.local:44065/', 'http://ss42.local:36034/']
[rosmaster.master][INFO] 2021-10-22 11:51:47,452: publisherUpdate[/rosout] -> http://ss42.local:45747/ ['http://ss42.local:35146/', 'http://ss42.local:35366/', 'http://ss42.local:36008/', 'http://ss42.local:44065/', 'http://ss42.local:36034/']: sec=0.00, result=[1, '', 0]
[rosmaster.master][INFO] 2021-10-22 11:51:47,455: +SERVICE [/ss42/intrinsic_calibrator/get_loggers] /ss42/intrinsic_calibrator http://ss42.local:36034/
[rosmaster.master][INFO] 2021-10-22 11:51:47,461: +SERVICE [/ss42/intrinsic_calibrator/set_logger_level] /ss42/intrinsic_calibrator http://ss42.local:36034/
[rosmaster.master][INFO] 2021-10-22 11:51:47,481: +SUB [/ss42/left] /ss42/intrinsic_calibrator http://ss42.local:36034/
[rosmaster.master][INFO] 2021-10-22 11:51:47,491: +SUB [/ss42/right] /ss42/intrinsic_calibrator http://ss42.local:36034/
[rosmaster.master][INFO] 2021-10-22 11:51:47,504: +SUB [/ss42/camera_node/image/raw] /ss42/intrinsic_calibrator http://ss42.local:36034/
[rosmaster.master][INFO] 2021-10-22 11:52:30,954: -SUB [/ss42/camera_node/image/raw] /ss42/raw_cam_info_reader_node http://ss42.local:36008/
[rosmaster.master][INFO] 2021-10-22 11:52:30,957: -PUB [/rosout] /ss42/raw_cam_info_reader_node http://ss42.local:36008/
[rosmaster.master][INFO] 2021-10-22 11:52:30,959: -PUB [/ss42/camera_node/raw_camera_info] /ss42/raw_cam_info_reader_node http://ss42.local:36008/
[rosmaster.master][INFO] 2021-10-22 11:52:30,966: -SERVICE [/ss42/raw_cam_info_reader_node/set_logger_level] /ss42/raw_cam_info_reader_node rosrpc://ss42.local:40304
[rosmaster.master][INFO] 2021-10-22 11:52:30,967: -SERVICE [/ss42/raw_cam_info_reader_node/get_loggers] /ss42/raw_cam_info_reader_node rosrpc://ss42.local:40304
[rosmaster.master][INFO] 2021-10-22 11:52:30,983: -SUB [/ss42/decoder_node/switch] /ss42/decoder_node http://ss42.local:35146/
[rosmaster.master][INFO] 2021-10-22 11:52:30,987: -SUB [/ss42/camera_node/image/compressed] /ss42/decoder_node http://ss42.local:35146/
[rosmaster.master][INFO] 2021-10-22 11:52:30,988: -SUB [/ss42/camera_node/framerate_high_switch] /ss42/camera_node http://ss42.local:44065/
[rosmaster.master][INFO] 2021-10-22 11:52:30,988: -PUB [/ss42/camera_node/image/raw] /ss42/decoder_node http://ss42.local:35146/
[rosmaster.master][INFO] 2021-10-22 11:52:30,989: -PUB [/rosout] /ss42/decoder_node http://ss42.local:35146/
[rosmaster.master][INFO] 2021-10-22 11:52:30,989: -PUB [/ss42/camera_node/image/compressed] /ss42/camera_node http://ss42.local:44065/
[rosmaster.master][INFO] 2021-10-22 11:52:30,990: -SERVICE [/ss42/decoder_node/get_loggers] /ss42/decoder_node rosrpc://ss42.local:35809
[rosmaster.master][INFO] 2021-10-22 11:52:30,991: -SERVICE [/ss42/decoder_node/set_logger_level] /ss42/decoder_node rosrpc://ss42.local:35809
[rosmaster.master][INFO] 2021-10-22 11:52:30,993: -PUB [/rosout] /ss42/camera_node http://ss42.local:44065/
[rosmaster.master][INFO] 2021-10-22 11:52:30,994: -SUB [/ss42/camera_node/image/compressed] /ss42/cam_info_reader_node http://ss42.local:35366/
[rosmaster.master][INFO] 2021-10-22 11:52:30,996: -SERVICE [/ss42/camera_node/get_loggers] /ss42/camera_node rosrpc://ss42.local:33490
[rosmaster.master][INFO] 2021-10-22 11:52:30,996: -PUB [/ss42/camera_node/camera_info] /ss42/cam_info_reader_node http://ss42.local:35366/
[rosmaster.master][INFO] 2021-10-22 11:52:30,997: publisherUpdate[/rosout] -> http://ss42.local:45747/ ['http://ss42.local:35146/', 'http://ss42.local:35366/', 'http://ss42.local:44065/', 'http://ss42.local:36034/']
[rosmaster.master][INFO] 2021-10-22 11:52:31,000: publisherUpdate[/rosout] -> http://ss42.local:45747/ ['http://ss42.local:35146/', 'http://ss42.local:35366/', 'http://ss42.local:44065/', 'http://ss42.local:36034/']: sec=0.00, result=[1, '', 0]
[rosmaster.master][INFO] 2021-10-22 11:52:31,001: -SERVICE [/ss42/camera_node/set_camera_info] /ss42/camera_node rosrpc://ss42.local:33490
[rosmaster.master][INFO] 2021-10-22 11:52:31,001: publisherUpdate[/ss42/camera_node/image/raw] -> http://ss42.local:36034/ []
[rosmaster.master][INFO] 2021-10-22 11:52:31,001: publisherUpdate[/rosout] -> http://ss42.local:45747/ ['http://ss42.local:35366/', 'http://ss42.local:44065/', 'http://ss42.local:36034/']
[rosmaster.master][INFO] 2021-10-22 11:52:31,002: -PUB [/rosout] /ss42/cam_info_reader_node http://ss42.local:35366/
[rosmaster.master][INFO] 2021-10-22 11:52:31,005: -SERVICE [/ss42/camera_node/set_logger_level] /ss42/camera_node rosrpc://ss42.local:33490
[rosmaster.master][INFO] 2021-10-22 11:52:31,006: publisherUpdate[/rosout] -> http://ss42.local:45747/ ['http://ss42.local:35366/', 'http://ss42.local:44065/', 'http://ss42.local:36034/']: sec=0.00, result=[1, '', 0]
[rosmaster.master][INFO] 2021-10-22 11:52:31,009: publisherUpdate[/ss42/camera_node/image/compressed] -> http://ss42.local:35366/ []
[rosmaster.master][INFO] 2021-10-22 11:52:31,008: -SERVICE [/ss42/cam_info_reader_node/set_logger_level] /ss42/cam_info_reader_node rosrpc://ss42.local:39364
[rosmaster.master][INFO] 2021-10-22 11:52:31,011: -SERVICE [/ss42/cam_info_reader_node/get_loggers] /ss42/cam_info_reader_node rosrpc://ss42.local:39364
[rosmaster.master][INFO] 2021-10-22 11:52:31,007: publisherUpdate[/ss42/camera_node/image/raw] -> http://ss42.local:36034/ []: sec=0.00, exception=[Errno 111] Connection refused
[rosmaster.master][INFO] 2021-10-22 11:52:31,018: publisherUpdate[/ss42/camera_node/image/compressed] -> http://ss42.local:35366/ []: sec=0.01, result=[1, '', 0]
[rosmaster.master][INFO] 2021-10-22 11:52:31,019: publisherUpdate[/rosout] -> http://ss42.local:45747/ ['http://ss42.local:35366/', 'http://ss42.local:36034/']
[rosmaster.master][INFO] 2021-10-22 11:52:31,022: publisherUpdate[/rosout] -> http://ss42.local:45747/ ['http://ss42.local:35366/', 'http://ss42.local:36034/']: sec=0.00, result=[1, '', 0]
[rosmaster.master][INFO] 2021-10-22 11:52:31,023: publisherUpdate[/rosout] -> http://ss42.local:45747/ ['http://ss42.local:36034/']
[rosmaster.master][INFO] 2021-10-22 11:52:31,026: publisherUpdate[/rosout] -> http://ss42.local:45747/ ['http://ss42.local:36034/']: sec=0.00, result=[1, '', 0]
[rosmaster.threadpool][ERROR] 2021-10-22 11:52:31,039: Traceback (most recent call last):
  File "/opt/ros/kinetic/lib/python2.7/dist-packages/rosmaster/threadpool.py", line 218, in run
    result = cmd(*args)
  File "/opt/ros/kinetic/lib/python2.7/dist-packages/rosmaster/master_api.py", line 210, in publisher_update_task
    ret = xmlrpcapi(api).publisherUpdate('/master', topic, pub_uris)
  File "/usr/lib/python2.7/xmlrpclib.py", line 1243, in __call__
    return self.__send(self.__name, args)
  File "/usr/lib/python2.7/xmlrpclib.py", line 1602, in __request
    verbose=self.__verbose
  File "/usr/lib/python2.7/xmlrpclib.py", line 1283, in request
    return self.single_request(host, handler, request_body, verbose)
  File "/usr/lib/python2.7/xmlrpclib.py", line 1311, in single_request
    self.send_content(h, request_body)
  File "/usr/lib/python2.7/xmlrpclib.py", line 1459, in send_content
    connection.endheaders(request_body)
  File "/usr/lib/python2.7/httplib.py", line 1053, in endheaders
    self._send_output(message_body)
  File "/usr/lib/python2.7/httplib.py", line 897, in _send_output
    self.send(msg)
  File "/usr/lib/python2.7/httplib.py", line 859, in send
    self.connect()
  File "/usr/lib/python2.7/httplib.py", line 836, in connect
    self.timeout, self.source_address)
  File "/usr/lib/python2.7/socket.py", line 575, in create_connection
    raise err
error: [Errno 111] Connection refused

[rosmaster.master][INFO] 2021-10-22 11:52:32,135: -PUB [/rosout_agg] /rosout http://ss42.local:45747/
[rosmaster.master][INFO] 2021-10-22 11:52:32,139: -SUB [/rosout] /rosout http://ss42.local:45747/
[rosmaster.master][INFO] 2021-10-22 11:52:32,145: -SERVICE [/rosout/get_loggers] /rosout rosrpc://ss42.local:45332
[rosmaster.master][INFO] 2021-10-22 11:52:32,149: -SERVICE [/rosout/set_logger_level] /rosout rosrpc://ss42.local:45332
[rosmaster.main][INFO] 2021-10-22 11:52:32,269: keyboard interrupt, will exit
[rosmaster.main][INFO] 2021-10-22 11:52:32,269: stopping master...
[rospy.core][INFO] 2021-10-22 11:52:32,270: signal_shutdown [atexit]
