[rospy.client][INFO] 2021-10-22 11:50:43,302: init_node, name[/ss42/decoder_node], pid[6165]
[xmlrpc][INFO] 2021-10-22 11:50:43,306: XML-RPC server binding to 0.0.0.0:0
[rospy.init][INFO] 2021-10-22 11:50:43,309: ROS Slave URI: [http://ss42.local:35146/]
[xmlrpc][INFO] 2021-10-22 11:50:43,310: Started XML-RPC server [http://ss42.local:35146/]
[rospy.impl.masterslave][INFO] 2021-10-22 11:50:43,310: _ready: http://ss42.local:35146/
[xmlrpc][INFO] 2021-10-22 11:50:43,312: xml rpc node: starting XML-RPC server
[rospy.registration][INFO] 2021-10-22 11:50:43,315: Registering with master node http://ss42.local:11311/
[rospy.init][INFO] 2021-10-22 11:50:43,410: registered with master
[rospy.rosout][INFO] 2021-10-22 11:50:43,411: initializing /rosout core topic
[rospy.rosout][INFO] 2021-10-22 11:50:43,440: connected to core topic /rosout
[rospy.simtime][INFO] 2021-10-22 11:50:43,449: /use_sim_time is not set, will not subscribe to simulated time [/clock] topic
[rosout][INFO] 2021-10-22 11:50:43,501: [/ss42/decoder_node] ~publish_freq = 2.0 
[rospy.internal][INFO] 2021-10-22 11:50:43,714: topic[/rosout] adding connection to [/rosout], count 0
[rospy.internal][INFO] 2021-10-22 11:50:45,446: topic[/ss42/camera_node/image/raw] adding connection to [/ss42/raw_cam_info_reader_node], count 0
[rospy.internal][INFO] 2021-10-22 11:50:45,819: topic[/ss42/camera_node/image/compressed] adding connection to [http://ss42.local:44065/], count 0
[rospy.internal][INFO] 2021-10-22 11:51:47,521: topic[/ss42/camera_node/image/raw] adding connection to [/ss42/intrinsic_calibrator], count 1
[rospy.internal][INFO] 2021-10-22 11:51:47,867: topic[/ss42/camera_node/image/raw] removing connection to /ss42/intrinsic_calibrator
[rospy.core][INFO] 2021-10-22 11:52:30,960: signal_shutdown [signal-2]
[rospy.internal][INFO] 2021-10-22 11:52:30,999: topic[/ss42/camera_node/image/raw] removing connection to /ss42/raw_cam_info_reader_node
[rospy.internal][INFO] 2021-10-22 11:52:31,001: topic[/rosout] removing connection to /rosout
[rospy.internal][INFO] 2021-10-22 11:52:31,002: topic[/ss42/camera_node/image/compressed] removing connection to http://ss42.local:44065/
[rospy.impl.masterslave][INFO] 2021-10-22 11:52:31,003: signal-2
[rospy.core][INFO] 2021-10-22 11:52:31,571: signal_shutdown [atexit]
