[rospy.client][INFO] 2021-10-22 11:50:45,164: [32minit_node, name[/ss42/camera_node], pid[6161][0m
[xmlrpc][INFO] 2021-10-22 11:50:45,166: [32mXML-RPC server binding to 0.0.0.0:0[0m
[xmlrpc][INFO] 2021-10-22 11:50:45,167: [32mStarted XML-RPC server [http://ss42.local:44065/][0m
[rospy.init][INFO] 2021-10-22 11:50:45,168: [32mROS Slave URI: [http://ss42.local:44065/][0m
[rospy.impl.masterslave][INFO] 2021-10-22 11:50:45,168: [32m_ready: http://ss42.local:44065/[0m
[rospy.registration][INFO] 2021-10-22 11:50:45,171: [32mRegistering with master node http://ss42.local:11311/[0m
[xmlrpc][INFO] 2021-10-22 11:50:45,171: [32mxml rpc node: starting XML-RPC server[0m
[rospy.init][INFO] 2021-10-22 11:50:45,269: [32mregistered with master[0m
[rospy.rosout][INFO] 2021-10-22 11:50:45,270: [32minitializing /rosout core topic[0m
[rospy.rosout][INFO] 2021-10-22 11:50:45,289: [32mconnected to core topic /rosout[0m
[rospy.simtime][INFO] 2021-10-22 11:50:45,301: [32m/use_sim_time is not set, will not subscribe to simulated time [/clock] topic[0m
[rosout][INFO] 2021-10-22 11:50:45,322: [32m[/ss42/camera_node] Initializing......[0m
[rosout][INFO] 2021-10-22 11:50:45,334: [32m[/ss42/camera_node] ~framerate_high = 30 [0m
[rosout][INFO] 2021-10-22 11:50:45,352: [32m[/ss42/camera_node] ~framerate_low = 15 [0m
[rosout][INFO] 2021-10-22 11:50:45,368: [32m[/ss42/camera_node] ~res_w = 640 [0m
[rosout][INFO] 2021-10-22 11:50:45,380: [32m[/ss42/camera_node] ~res_h = 480 [0m
[rospy.internal][INFO] 2021-10-22 11:50:45,521: [32mtopic[/rosout] adding connection to [/rosout], count 0[0m
[rosout][INFO] 2021-10-22 11:50:45,798: [32m[/ss42/camera_node] Initialized.[0m
[rosout][INFO] 2021-10-22 11:50:45,800: [32m[/ss42/camera_node] Start capturing.[0m
[rospy.internal][INFO] 2021-10-22 11:50:45,828: [32mtopic[/ss42/camera_node/image/compressed] adding connection to [/ss42/decoder_node], count 0[0m
[rospy.internal][INFO] 2021-10-22 11:50:45,873: [32mtopic[/ss42/camera_node/image/compressed] adding connection to [/ss42/cam_info_reader_node], count 1[0m
[rosout][INFO] 2021-10-22 11:50:45,896: [32m[/ss42/camera_node] Published the first image.[0m
[rospy.core][INFO] 2021-10-22 11:52:30,961: [32msignal_shutdown [signal-2][0m
[rosout][INFO] 2021-10-22 11:52:30,962: [32m[/ss42/camera_node] Closing camera.[0m
[rosout][INFO] 2021-10-22 11:52:30,964: [32m[/ss42/camera_node] Shutdown.[0m
[rospy.internal][INFO] 2021-10-22 11:52:31,013: [32mtopic[/ss42/camera_node/image/compressed] removing connection to /ss42/decoder_node[0m
[rospy.internal][INFO] 2021-10-22 11:52:31,014: [32mtopic[/ss42/camera_node/image/compressed] removing connection to /ss42/cam_info_reader_node[0m
[rospy.internal][INFO] 2021-10-22 11:52:31,017: [32mtopic[/rosout] removing connection to /rosout[0m
[rospy.impl.masterslave][INFO] 2021-10-22 11:52:31,018: [32msignal-2[0m
[rosout][INFO] 2021-10-22 11:52:31,171: [32m[/ss42/camera_node] Capture Ended.[0m
[rospy.core][INFO] 2021-10-22 11:52:31,591: [32msignal_shutdown [atexit][0m
