[rosmaster.main][INFO] 2021-10-22 11:52:38,710: initialization complete, waiting for shutdown
[rosmaster.main][INFO] 2021-10-22 11:52:38,710: Starting ROS Master Node
[xmlrpc][INFO] 2021-10-22 11:52:38,712: XML-RPC server binding to 0.0.0.0:11311
[xmlrpc][INFO] 2021-10-22 11:52:38,714: Started XML-RPC server [http://ss42.local:11311/]
[rosmaster.master][INFO] 2021-10-22 11:52:38,714: Master initialized: port[11311], uri[http://ss42.local:11311/]
[xmlrpc][INFO] 2021-10-22 11:52:38,714: xml rpc node: starting XML-RPC server
[rosmaster.master][INFO] 2021-10-22 11:52:38,783: +PARAM [/run_id] by /roslaunch
[rosmaster.master][INFO] 2021-10-22 11:52:38,789: +PARAM [/roslaunch/uris/host_ss42_local__46447] by /roslaunch
[rosmaster.master][INFO] 2021-10-22 11:52:39,310: +PARAM [/ss42/camera_node/res_w] by /roslaunch
[rosmaster.master][INFO] 2021-10-22 11:52:39,311: +PARAM [/rosdistro] by /roslaunch
[rosmaster.master][INFO] 2021-10-22 11:52:39,313: +PARAM [/ss42/cam_info_reader_node/cali_file_name] by /roslaunch
[rosmaster.master][INFO] 2021-10-22 11:52:39,314: +PARAM [/ss42/camera_node/framerate_low] by /roslaunch
[rosmaster.master][INFO] 2021-10-22 11:52:39,315: +PARAM [/ss42/raw_cam_info_reader_node/cali_file_name] by /roslaunch
[rosmaster.master][INFO] 2021-10-22 11:52:39,315: +PARAM [/ss42/cam_info_reader_node/config] by /roslaunch
[rosmaster.master][INFO] 2021-10-22 11:52:39,316: +PARAM [/ss42/raw_cam_info_reader_node/config] by /roslaunch
[rosmaster.master][INFO] 2021-10-22 11:52:39,317: +PARAM [/ss42/cam_info_reader_node/pub_freq] by /roslaunch
[rosmaster.master][INFO] 2021-10-22 11:52:39,318: +PARAM [/rosversion] by /roslaunch
[rosmaster.master][INFO] 2021-10-22 11:52:39,318: +PARAM [/ss42/decoder_node/publish_freq] by /roslaunch
[rosmaster.master][INFO] 2021-10-22 11:52:39,319: +PARAM [/ss42/raw_cam_info_reader_node/image_type] by /roslaunch
[rosmaster.master][INFO] 2021-10-22 11:52:39,319: +PARAM [/ss42/raw_cam_info_reader_node/pub_freq] by /roslaunch
[rosmaster.master][INFO] 2021-10-22 11:52:39,320: +PARAM [/ss42/cam_info_reader_node/image_type] by /roslaunch
[rosmaster.master][INFO] 2021-10-22 11:52:39,320: +PARAM [/ss42/camera_node/framerate_high] by /roslaunch
[rosmaster.master][INFO] 2021-10-22 11:52:39,320: +PARAM [/ss42/camera_node/res_h] by /roslaunch
[rosmaster.master][INFO] 2021-10-22 11:52:39,324: +SERVICE [/rosout/get_loggers] /rosout http://ss42.local:44164/
[rosmaster.master][INFO] 2021-10-22 11:52:39,328: +SERVICE [/rosout/set_logger_level] /rosout http://ss42.local:44164/
[rosmaster.master][INFO] 2021-10-22 11:52:39,336: +PUB [/rosout_agg] /rosout http://ss42.local:44164/
[rosmaster.master][INFO] 2021-10-22 11:52:39,374: +SUB [/rosout] /rosout http://ss42.local:44164/
[rosmaster.master][INFO] 2021-10-22 11:52:41,046: +PUB [/rosout] /ss42/decoder_node http://ss42.local:40727/
[rosmaster.master][INFO] 2021-10-22 11:52:41,063: +SERVICE [/ss42/decoder_node/get_loggers] /ss42/decoder_node http://ss42.local:40727/
[rosmaster.master][INFO] 2021-10-22 11:52:41,072: +SERVICE [/ss42/decoder_node/set_logger_level] /ss42/decoder_node http://ss42.local:40727/
[rosmaster.master][INFO] 2021-10-22 11:52:41,086: +PARAM [/ss42/decoder_node/publish_freq] by /ss42/decoder_node
[rosmaster.master][INFO] 2021-10-22 11:52:41,101: +PUB [/ss42/camera_node/image/raw] /ss42/decoder_node http://ss42.local:40727/
[rosmaster.master][INFO] 2021-10-22 11:52:41,117: +SUB [/ss42/camera_node/image/compressed] /ss42/decoder_node http://ss42.local:40727/
[rosmaster.master][INFO] 2021-10-22 11:52:41,129: publisherUpdate[/rosout] -> http://ss42.local:44164/ ['http://ss42.local:40727/']
[rosmaster.master][INFO] 2021-10-22 11:52:41,141: publisherUpdate[/rosout] -> http://ss42.local:44164/ ['http://ss42.local:40727/']: sec=0.01, result=[1, '', 0]
[rosmaster.master][INFO] 2021-10-22 11:52:41,167: +SUB [/ss42/decoder_node/switch] /ss42/decoder_node http://ss42.local:40727/
[rosmaster.master][INFO] 2021-10-22 11:52:42,796: +PUB [/rosout] /ss42/cam_info_reader_node http://ss42.local:41989/
[rosmaster.master][INFO] 2021-10-22 11:52:42,799: +PUB [/rosout] /ss42/raw_cam_info_reader_node http://ss42.local:41692/
[rosmaster.master][INFO] 2021-10-22 11:52:42,813: +SERVICE [/ss42/raw_cam_info_reader_node/get_loggers] /ss42/raw_cam_info_reader_node http://ss42.local:41692/
[rosmaster.master][INFO] 2021-10-22 11:52:42,816: +SERVICE [/ss42/cam_info_reader_node/get_loggers] /ss42/cam_info_reader_node http://ss42.local:41989/
[rosmaster.master][INFO] 2021-10-22 11:52:42,819: +SERVICE [/ss42/raw_cam_info_reader_node/set_logger_level] /ss42/raw_cam_info_reader_node http://ss42.local:41692/
[rosmaster.master][INFO] 2021-10-22 11:52:42,822: +SERVICE [/ss42/cam_info_reader_node/set_logger_level] /ss42/cam_info_reader_node http://ss42.local:41989/
[rosmaster.master][INFO] 2021-10-22 11:52:42,831: +PARAM [/ss42/raw_cam_info_reader_node/config] by /ss42/raw_cam_info_reader_node
[rosmaster.master][INFO] 2021-10-22 11:52:42,833: +PARAM [/ss42/cam_info_reader_node/config] by /ss42/cam_info_reader_node
[rosmaster.master][INFO] 2021-10-22 11:52:42,839: publisherUpdate[/rosout] -> http://ss42.local:44164/ ['http://ss42.local:40727/', 'http://ss42.local:41989/']
[rosmaster.master][INFO] 2021-10-22 11:52:42,845: publisherUpdate[/rosout] -> http://ss42.local:44164/ ['http://ss42.local:40727/', 'http://ss42.local:41989/']: sec=0.00, result=[1, '', 0]
[rosmaster.master][INFO] 2021-10-22 11:52:42,845: publisherUpdate[/rosout] -> http://ss42.local:44164/ ['http://ss42.local:40727/', 'http://ss42.local:41989/', 'http://ss42.local:41692/']
[rosmaster.master][INFO] 2021-10-22 11:52:42,849: +PARAM [/ss42/cam_info_reader_node/cali_file_name] by /ss42/cam_info_reader_node
[rosmaster.master][INFO] 2021-10-22 11:52:42,850: publisherUpdate[/rosout] -> http://ss42.local:44164/ ['http://ss42.local:40727/', 'http://ss42.local:41989/', 'http://ss42.local:41692/']: sec=0.00, result=[1, '', 0]
[rosmaster.master][INFO] 2021-10-22 11:52:42,853: +PARAM [/ss42/raw_cam_info_reader_node/cali_file_name] by /ss42/raw_cam_info_reader_node
[rosmaster.master][INFO] 2021-10-22 11:52:42,864: +PARAM [/ss42/cam_info_reader_node/image_type] by /ss42/cam_info_reader_node
[rosmaster.master][INFO] 2021-10-22 11:52:42,866: +PARAM [/ss42/raw_cam_info_reader_node/image_type] by /ss42/raw_cam_info_reader_node
[rosmaster.master][INFO] 2021-10-22 11:52:42,871: +PUB [/ss42/camera_node/camera_info] /ss42/cam_info_reader_node http://ss42.local:41989/
[rosmaster.master][INFO] 2021-10-22 11:52:42,876: +PUB [/ss42/camera_node/raw_camera_info] /ss42/raw_cam_info_reader_node http://ss42.local:41692/
[rosmaster.master][INFO] 2021-10-22 11:52:42,885: +PUB [/rosout] /ss42/camera_node http://ss42.local:46195/
[rosmaster.master][INFO] 2021-10-22 11:52:42,900: +SERVICE [/ss42/camera_node/get_loggers] /ss42/camera_node http://ss42.local:46195/
[rosmaster.master][INFO] 2021-10-22 11:52:42,906: +SERVICE [/ss42/camera_node/set_logger_level] /ss42/camera_node http://ss42.local:46195/
[rosmaster.master][INFO] 2021-10-22 11:52:42,918: +PARAM [/ss42/camera_node/framerate_high] by /ss42/camera_node
[rosmaster.master][INFO] 2021-10-22 11:52:42,933: +PARAM [/ss42/camera_node/framerate_low] by /ss42/camera_node
[rosmaster.master][INFO] 2021-10-22 11:52:42,935: +SUB [/ss42/camera_node/image/compressed] /ss42/cam_info_reader_node http://ss42.local:41989/
[rosmaster.master][INFO] 2021-10-22 11:52:42,945: publisherUpdate[/rosout] -> http://ss42.local:44164/ ['http://ss42.local:40727/', 'http://ss42.local:41989/', 'http://ss42.local:41692/', 'http://ss42.local:46195/']
[rosmaster.master][INFO] 2021-10-22 11:52:42,947: +SUB [/ss42/camera_node/image/raw] /ss42/raw_cam_info_reader_node http://ss42.local:41692/
[rosmaster.master][INFO] 2021-10-22 11:52:42,953: publisherUpdate[/rosout] -> http://ss42.local:44164/ ['http://ss42.local:40727/', 'http://ss42.local:41989/', 'http://ss42.local:41692/', 'http://ss42.local:46195/']: sec=0.01, result=[1, '', 0]
[rosmaster.master][INFO] 2021-10-22 11:52:42,959: +PARAM [/ss42/camera_node/res_w] by /ss42/camera_node
[rosmaster.master][INFO] 2021-10-22 11:52:42,971: +PARAM [/ss42/camera_node/res_h] by /ss42/camera_node
[rosmaster.master][INFO] 2021-10-22 11:52:43,342: +PUB [/ss42/camera_node/image/compressed] /ss42/camera_node http://ss42.local:46195/
[rosmaster.master][INFO] 2021-10-22 11:52:43,352: +SUB [/ss42/camera_node/framerate_high_switch] /ss42/camera_node http://ss42.local:46195/
[rosmaster.master][INFO] 2021-10-22 11:52:43,352: publisherUpdate[/ss42/camera_node/image/compressed] -> http://ss42.local:40727/ ['http://ss42.local:46195/']
[rosmaster.master][INFO] 2021-10-22 11:52:43,356: publisherUpdate[/ss42/camera_node/image/compressed] -> http://ss42.local:41989/ ['http://ss42.local:46195/']
[rosmaster.master][INFO] 2021-10-22 11:52:43,358: +SERVICE [/ss42/camera_node/set_camera_info] /ss42/camera_node http://ss42.local:46195/
[rosmaster.master][INFO] 2021-10-22 11:52:43,362: publisherUpdate[/ss42/camera_node/image/compressed] -> http://ss42.local:40727/ ['http://ss42.local:46195/']: sec=0.01, result=[1, '', 0]
[rosmaster.master][INFO] 2021-10-22 11:52:43,365: publisherUpdate[/ss42/camera_node/image/compressed] -> http://ss42.local:41989/ ['http://ss42.local:46195/']: sec=0.01, result=[1, '', 0]
[rosmaster.master][INFO] 2021-10-22 11:53:01,818: +PARAM [/roslaunch/uris/host_ss42_local__38775] by /roslaunch
[rosmaster.master][INFO] 2021-10-22 11:53:01,830: +PARAM [/rosversion] by /roslaunch
[rosmaster.master][INFO] 2021-10-22 11:53:01,830: +PARAM [/ss42/decoder_node/publish_freq] by /roslaunch
[rosmaster.master][INFO] 2021-10-22 11:53:01,831: +PARAM [/rosdistro] by /roslaunch
[rosmaster.master][INFO] 2021-10-22 11:53:03,828: +PUB [/rosout] /ss42/intrinsic_calibrator http://ss42.local:44767/
[rosmaster.master][INFO] 2021-10-22 11:53:03,841: +SERVICE [/ss42/intrinsic_calibrator/get_loggers] /ss42/intrinsic_calibrator http://ss42.local:44767/
[rosmaster.master][INFO] 2021-10-22 11:53:03,850: +SERVICE [/ss42/intrinsic_calibrator/set_logger_level] /ss42/intrinsic_calibrator http://ss42.local:44767/
[rosmaster.master][INFO] 2021-10-22 11:53:03,871: +SUB [/ss42/left] /ss42/intrinsic_calibrator http://ss42.local:44767/
[rosmaster.master][INFO] 2021-10-22 11:53:03,891: +SUB [/ss42/right] /ss42/intrinsic_calibrator http://ss42.local:44767/
[rosmaster.master][INFO] 2021-10-22 11:53:03,901: publisherUpdate[/rosout] -> http://ss42.local:44164/ ['http://ss42.local:40727/', 'http://ss42.local:41989/', 'http://ss42.local:41692/', 'http://ss42.local:46195/', 'http://ss42.local:44767/']
[rosmaster.master][INFO] 2021-10-22 11:53:03,905: publisherUpdate[/rosout] -> http://ss42.local:44164/ ['http://ss42.local:40727/', 'http://ss42.local:41989/', 'http://ss42.local:41692/', 'http://ss42.local:46195/', 'http://ss42.local:44767/']: sec=0.00, result=[1, '', 0]
[rosmaster.master][INFO] 2021-10-22 11:53:03,904: +SUB [/ss42/camera_node/image/raw] /ss42/intrinsic_calibrator http://ss42.local:44767/
[rosmaster.master][INFO] 2021-10-22 11:54:07,512: -SUB [/ss42/camera_node/image/raw] /ss42/raw_cam_info_reader_node http://ss42.local:41692/
[rosmaster.master][INFO] 2021-10-22 11:54:07,513: -PUB [/rosout] /ss42/raw_cam_info_reader_node http://ss42.local:41692/
[rosmaster.master][INFO] 2021-10-22 11:54:07,514: -PUB [/ss42/camera_node/raw_camera_info] /ss42/raw_cam_info_reader_node http://ss42.local:41692/
[rosmaster.master][INFO] 2021-10-22 11:54:07,518: -SUB [/ss42/camera_node/image/compressed] /ss42/cam_info_reader_node http://ss42.local:41989/
[rosmaster.master][INFO] 2021-10-22 11:54:07,519: -SERVICE [/ss42/raw_cam_info_reader_node/set_logger_level] /ss42/raw_cam_info_reader_node rosrpc://ss42.local:43985
[rosmaster.master][INFO] 2021-10-22 11:54:07,520: -PUB [/ss42/camera_node/camera_info] /ss42/cam_info_reader_node http://ss42.local:41989/
[rosmaster.master][INFO] 2021-10-22 11:54:07,528: -SERVICE [/ss42/raw_cam_info_reader_node/get_loggers] /ss42/raw_cam_info_reader_node rosrpc://ss42.local:43985
[rosmaster.master][INFO] 2021-10-22 11:54:07,530: -SUB [/ss42/decoder_node/switch] /ss42/decoder_node http://ss42.local:40727/
[rosmaster.master][INFO] 2021-10-22 11:54:07,531: -SUB [/ss42/camera_node/image/compressed] /ss42/decoder_node http://ss42.local:40727/
[rosmaster.master][INFO] 2021-10-22 11:54:07,531: -PUB [/rosout] /ss42/cam_info_reader_node http://ss42.local:41989/
[rosmaster.master][INFO] 2021-10-22 11:54:07,532: publisherUpdate[/rosout] -> http://ss42.local:44164/ ['http://ss42.local:40727/', 'http://ss42.local:41989/', 'http://ss42.local:46195/', 'http://ss42.local:44767/']
[rosmaster.master][INFO] 2021-10-22 11:54:07,532: -PUB [/ss42/camera_node/image/raw] /ss42/decoder_node http://ss42.local:40727/
[rosmaster.master][INFO] 2021-10-22 11:54:07,535: publisherUpdate[/rosout] -> http://ss42.local:44164/ ['http://ss42.local:40727/', 'http://ss42.local:41989/', 'http://ss42.local:46195/', 'http://ss42.local:44767/']: sec=0.00, result=[1, '', 0]
[rosmaster.master][INFO] 2021-10-22 11:54:07,535: publisherUpdate[/ss42/camera_node/image/raw] -> http://ss42.local:44767/ []
[rosmaster.master][INFO] 2021-10-22 11:54:07,537: publisherUpdate[/rosout] -> http://ss42.local:44164/ ['http://ss42.local:40727/', 'http://ss42.local:46195/', 'http://ss42.local:44767/']
[rosmaster.master][INFO] 2021-10-22 11:54:07,537: -SUB [/ss42/camera_node/framerate_high_switch] /ss42/camera_node http://ss42.local:46195/
[rosmaster.master][INFO] 2021-10-22 11:54:07,540: publisherUpdate[/ss42/camera_node/image/raw] -> http://ss42.local:44767/ []: sec=0.00, exception=[Errno 111] Connection refused
[rosmaster.master][INFO] 2021-10-22 11:54:07,540: -SERVICE [/ss42/cam_info_reader_node/set_logger_level] /ss42/cam_info_reader_node rosrpc://ss42.local:38702
[rosmaster.master][INFO] 2021-10-22 11:54:07,542: publisherUpdate[/rosout] -> http://ss42.local:44164/ ['http://ss42.local:40727/', 'http://ss42.local:46195/', 'http://ss42.local:44767/']: sec=0.00, result=[1, '', 0]
[rosmaster.master][INFO] 2021-10-22 11:54:07,543: -PUB [/rosout] /ss42/decoder_node http://ss42.local:40727/
[rosmaster.master][INFO] 2021-10-22 11:54:07,543: publisherUpdate[/rosout] -> http://ss42.local:44164/ ['http://ss42.local:46195/', 'http://ss42.local:44767/']
[rosmaster.master][INFO] 2021-10-22 11:54:07,546: -SERVICE [/ss42/decoder_node/get_loggers] /ss42/decoder_node rosrpc://ss42.local:34438
[rosmaster.master][INFO] 2021-10-22 11:54:07,548: -SERVICE [/ss42/cam_info_reader_node/get_loggers] /ss42/cam_info_reader_node rosrpc://ss42.local:38702
[rosmaster.master][INFO] 2021-10-22 11:54:07,550: publisherUpdate[/rosout] -> http://ss42.local:44164/ ['http://ss42.local:46195/', 'http://ss42.local:44767/']: sec=0.00, result=[1, '', 0]
[rosmaster.master][INFO] 2021-10-22 11:54:07,551: -PUB [/ss42/camera_node/image/compressed] /ss42/camera_node http://ss42.local:46195/
[rosmaster.threadpool][ERROR] 2021-10-22 11:54:07,553: Traceback (most recent call last):
  File "/opt/ros/kinetic/lib/python2.7/dist-packages/rosmaster/threadpool.py", line 218, in run
    result = cmd(*args)
  File "/opt/ros/kinetic/lib/python2.7/dist-packages/rosmaster/master_api.py", line 210, in publisher_update_task
    ret = xmlrpcapi(api).publisherUpdate('/master', topic, pub_uris)
  File "/usr/lib/python2.7/xmlrpclib.py", line 1243, in __call__
    return self.__send(self.__name, args)
  File "/usr/lib/python2.7/xmlrpclib.py", line 1602, in __request
    verbose=self.__verbose
  File "/usr/lib/python2.7/xmlrpclib.py", line 1283, in request
    return self.single_request(host, handler, request_body, verbose)
  File "/usr/lib/python2.7/xmlrpclib.py", line 1311, in single_request
    self.send_content(h, request_body)
  File "/usr/lib/python2.7/xmlrpclib.py", line 1459, in send_content
    connection.endheaders(request_body)
  File "/usr/lib/python2.7/httplib.py", line 1053, in endheaders
    self._send_output(message_body)
  File "/usr/lib/python2.7/httplib.py", line 897, in _send_output
    self.send(msg)
  File "/usr/lib/python2.7/httplib.py", line 859, in send
    self.connect()
  File "/usr/lib/python2.7/httplib.py", line 836, in connect
    self.timeout, self.source_address)
  File "/usr/lib/python2.7/socket.py", line 575, in create_connection
    raise err
error: [Errno 111] Connection refused

[rosmaster.master][INFO] 2021-10-22 11:54:07,553: -SERVICE [/ss42/decoder_node/set_logger_level] /ss42/decoder_node rosrpc://ss42.local:34438
[rosmaster.master][INFO] 2021-10-22 11:54:07,564: -PUB [/rosout] /ss42/camera_node http://ss42.local:46195/
[rosmaster.master][INFO] 2021-10-22 11:54:07,565: -SERVICE [/ss42/camera_node/get_loggers] /ss42/camera_node rosrpc://ss42.local:41661
[rosmaster.master][INFO] 2021-10-22 11:54:07,567: -SERVICE [/ss42/camera_node/set_camera_info] /ss42/camera_node rosrpc://ss42.local:41661
[rosmaster.master][INFO] 2021-10-22 11:54:07,568: -SERVICE [/ss42/camera_node/set_logger_level] /ss42/camera_node rosrpc://ss42.local:41661
[rosmaster.master][INFO] 2021-10-22 11:54:07,636: publisherUpdate[/rosout] -> http://ss42.local:44164/ ['http://ss42.local:44767/']
[rosmaster.master][INFO] 2021-10-22 11:54:07,638: publisherUpdate[/rosout] -> http://ss42.local:44164/ ['http://ss42.local:44767/']: sec=0.00, result=[1, '', 0]
[rosmaster.master][INFO] 2021-10-22 11:54:08,642: -PUB [/rosout_agg] /rosout http://ss42.local:44164/
[rosmaster.master][INFO] 2021-10-22 11:54:08,646: -SUB [/rosout] /rosout http://ss42.local:44164/
[rosmaster.master][INFO] 2021-10-22 11:54:08,650: -SERVICE [/rosout/get_loggers] /rosout rosrpc://ss42.local:52959
[rosmaster.master][INFO] 2021-10-22 11:54:08,653: -SERVICE [/rosout/set_logger_level] /rosout rosrpc://ss42.local:52959
[rosmaster.main][INFO] 2021-10-22 11:54:08,820: keyboard interrupt, will exit
[rosmaster.main][INFO] 2021-10-22 11:54:08,821: stopping master...
[rospy.core][INFO] 2021-10-22 11:54:08,821: signal_shutdown [atexit]
