[rospy.client][INFO] 2021-10-22 11:52:40,916: init_node, name[/ss42/decoder_node], pid[7815]
[xmlrpc][INFO] 2021-10-22 11:52:40,919: XML-RPC server binding to 0.0.0.0:0
[rospy.init][INFO] 2021-10-22 11:52:40,922: ROS Slave URI: [http://ss42.local:40727/]
[xmlrpc][INFO] 2021-10-22 11:52:40,923: Started XML-RPC server [http://ss42.local:40727/]
[rospy.impl.masterslave][INFO] 2021-10-22 11:52:40,924: _ready: http://ss42.local:40727/
[xmlrpc][INFO] 2021-10-22 11:52:40,926: xml rpc node: starting XML-RPC server
[rospy.registration][INFO] 2021-10-22 11:52:40,929: Registering with master node http://ss42.local:11311/
[rospy.init][INFO] 2021-10-22 11:52:41,024: registered with master
[rospy.rosout][INFO] 2021-10-22 11:52:41,025: initializing /rosout core topic
[rospy.rosout][INFO] 2021-10-22 11:52:41,049: connected to core topic /rosout
[rospy.simtime][INFO] 2021-10-22 11:52:41,057: /use_sim_time is not set, will not subscribe to simulated time [/clock] topic
[rosout][INFO] 2021-10-22 11:52:41,095: [/ss42/decoder_node] ~publish_freq = 2.0 
[rospy.internal][INFO] 2021-10-22 11:52:41,346: topic[/rosout] adding connection to [/rosout], count 0
[rospy.internal][INFO] 2021-10-22 11:52:42,979: topic[/ss42/camera_node/image/raw] adding connection to [/ss42/raw_cam_info_reader_node], count 0
[rospy.internal][INFO] 2021-10-22 11:52:43,395: topic[/ss42/camera_node/image/compressed] adding connection to [http://ss42.local:46195/], count 0
[rosout][WARNING] 2021-10-22 11:53:03,939: Inbound TCP/IP connection failed: connection from sender terminated before handshake header received. 0 bytes were received. Please check sender for additional details.
[rospy.internal][ERROR] 2021-10-22 11:53:03,942: Inbound TCP/IP connection failed:
Traceback (most recent call last):
  File "/opt/ros/kinetic/lib/python2.7/dist-packages/rospy/impl/tcpros_base.py", line 321, in _tcp_server_callback
    header = read_ros_handshake_header(sock, StringIO(), buff_size)
  File "/opt/ros/kinetic/lib/python2.7/dist-packages/rosgraph/network.py", line 364, in read_ros_handshake_header
    raise ROSHandshakeException("connection from sender terminated before handshake header received. %s bytes were received. Please check sender for additional details."%b.tell())
ROSHandshakeException: connection from sender terminated before handshake header received. 0 bytes were received. Please check sender for additional details.

[rospy.core][INFO] 2021-10-22 11:54:07,406: signal_shutdown [signal-2]
[rospy.internal][INFO] 2021-10-22 11:54:07,560: topic[/ss42/camera_node/image/raw] removing connection to /ss42/raw_cam_info_reader_node
[rospy.internal][INFO] 2021-10-22 11:54:07,563: topic[/rosout] removing connection to /rosout
[rospy.internal][INFO] 2021-10-22 11:54:07,564: topic[/ss42/camera_node/image/compressed] removing connection to http://ss42.local:46195/
[rospy.impl.masterslave][INFO] 2021-10-22 11:54:07,566: signal-2
[rospy.core][INFO] 2021-10-22 11:54:08,033: signal_shutdown [atexit]
