[rospy.client][INFO] 2021-10-22 11:52:42,766: [32minit_node, name[/ss42/camera_node], pid[7811][0m
[xmlrpc][INFO] 2021-10-22 11:52:42,767: [32mXML-RPC server binding to 0.0.0.0:0[0m
[xmlrpc][INFO] 2021-10-22 11:52:42,768: [32mStarted XML-RPC server [http://ss42.local:46195/][0m
[rospy.init][INFO] 2021-10-22 11:52:42,769: [32mROS Slave URI: [http://ss42.local:46195/][0m
[rospy.impl.masterslave][INFO] 2021-10-22 11:52:42,769: [32m_ready: http://ss42.local:46195/[0m
[rospy.registration][INFO] 2021-10-22 11:52:42,772: [32mRegistering with master node http://ss42.local:11311/[0m
[xmlrpc][INFO] 2021-10-22 11:52:42,772: [32mxml rpc node: starting XML-RPC server[0m
[rospy.init][INFO] 2021-10-22 11:52:42,870: [32mregistered with master[0m
[rospy.rosout][INFO] 2021-10-22 11:52:42,871: [32minitializing /rosout core topic[0m
[rospy.rosout][INFO] 2021-10-22 11:52:42,888: [32mconnected to core topic /rosout[0m
[rospy.simtime][INFO] 2021-10-22 11:52:42,894: [32m/use_sim_time is not set, will not subscribe to simulated time [/clock] topic[0m
[rosout][INFO] 2021-10-22 11:52:42,908: [32m[/ss42/camera_node] Initializing......[0m
[rosout][INFO] 2021-10-22 11:52:42,920: [32m[/ss42/camera_node] ~framerate_high = 30 [0m
[rosout][INFO] 2021-10-22 11:52:42,942: [32m[/ss42/camera_node] ~framerate_low = 15 [0m
[rosout][INFO] 2021-10-22 11:52:42,961: [32m[/ss42/camera_node] ~res_w = 640 [0m
[rosout][INFO] 2021-10-22 11:52:42,974: [32m[/ss42/camera_node] ~res_h = 480 [0m
[rospy.internal][INFO] 2021-10-22 11:52:43,060: [32mtopic[/rosout] adding connection to [/rosout], count 0[0m
[rosout][INFO] 2021-10-22 11:52:43,362: [32m[/ss42/camera_node] Initialized.[0m
[rosout][INFO] 2021-10-22 11:52:43,366: [32m[/ss42/camera_node] Start capturing.[0m
[rospy.internal][INFO] 2021-10-22 11:52:43,402: [32mtopic[/ss42/camera_node/image/compressed] adding connection to [/ss42/cam_info_reader_node], count 0[0m
[rospy.internal][INFO] 2021-10-22 11:52:43,406: [32mtopic[/ss42/camera_node/image/compressed] adding connection to [/ss42/decoder_node], count 1[0m
[rosout][INFO] 2021-10-22 11:52:43,458: [32m[/ss42/camera_node] Published the first image.[0m
[rospy.core][INFO] 2021-10-22 11:54:07,412: [32msignal_shutdown [signal-2][0m
[rosout][INFO] 2021-10-22 11:54:07,415: [32m[/ss42/camera_node] Closing camera.[0m
[rosout][INFO] 2021-10-22 11:54:07,417: [32m[/ss42/camera_node] Shutdown.[0m
[rospy.internal][INFO] 2021-10-22 11:54:07,573: [32mtopic[/ss42/camera_node/image/compressed] removing connection to /ss42/cam_info_reader_node[0m
[rospy.internal][INFO] 2021-10-22 11:54:07,574: [32mtopic[/ss42/camera_node/image/compressed] removing connection to /ss42/decoder_node[0m
[rospy.internal][INFO] 2021-10-22 11:54:07,575: [32mtopic[/rosout] removing connection to /rosout[0m
[rospy.impl.masterslave][INFO] 2021-10-22 11:54:07,576: [32msignal-2[0m
[rosout][INFO] 2021-10-22 11:54:07,603: [32m[/ss42/camera_node] Capture Ended.[0m
[rospy.core][INFO] 2021-10-22 11:54:08,091: [32msignal_shutdown [atexit][0m
