[rosmaster.main][INFO] 2021-10-22 13:02:53,744: initialization complete, waiting for shutdown
[rosmaster.main][INFO] 2021-10-22 13:02:53,744: Starting ROS Master Node
[xmlrpc][INFO] 2021-10-22 13:02:53,747: XML-RPC server binding to 0.0.0.0:11311
[xmlrpc][INFO] 2021-10-22 13:02:53,748: Started XML-RPC server [http://ss42.local:11311/]
[rosmaster.master][INFO] 2021-10-22 13:02:53,748: Master initialized: port[11311], uri[http://ss42.local:11311/]
[xmlrpc][INFO] 2021-10-22 13:02:53,749: xml rpc node: starting XML-RPC server
[rosmaster.master][INFO] 2021-10-22 13:02:53,841: +PARAM [/run_id] by /roslaunch
[rosmaster.master][INFO] 2021-10-22 13:02:53,847: +PARAM [/roslaunch/uris/host_ss42_local__33920] by /roslaunch
[rosmaster.master][INFO] 2021-10-22 13:02:54,379: +PARAM [/ss42/camera_node/res_w] by /roslaunch
[rosmaster.master][INFO] 2021-10-22 13:02:54,380: +PARAM [/rosdistro] by /roslaunch
[rosmaster.master][INFO] 2021-10-22 13:02:54,380: +PARAM [/ss42/cam_info_reader_node/cali_file_name] by /roslaunch
[rosmaster.master][INFO] 2021-10-22 13:02:54,381: +PARAM [/ss42/camera_node/framerate_low] by /roslaunch
[rosmaster.master][INFO] 2021-10-22 13:02:54,381: +PARAM [/ss42/raw_cam_info_reader_node/cali_file_name] by /roslaunch
[rosmaster.master][INFO] 2021-10-22 13:02:54,382: +PARAM [/ss42/cam_info_reader_node/config] by /roslaunch
[rosmaster.master][INFO] 2021-10-22 13:02:54,382: +PARAM [/ss42/raw_cam_info_reader_node/config] by /roslaunch
[rosmaster.master][INFO] 2021-10-22 13:02:54,383: +PARAM [/ss42/cam_info_reader_node/pub_freq] by /roslaunch
[rosmaster.master][INFO] 2021-10-22 13:02:54,383: +PARAM [/rosversion] by /roslaunch
[rosmaster.master][INFO] 2021-10-22 13:02:54,384: +PARAM [/ss42/decoder_node/publish_freq] by /roslaunch
[rosmaster.master][INFO] 2021-10-22 13:02:54,384: +PARAM [/ss42/raw_cam_info_reader_node/image_type] by /roslaunch
[rosmaster.master][INFO] 2021-10-22 13:02:54,385: +PARAM [/ss42/raw_cam_info_reader_node/pub_freq] by /roslaunch
[rosmaster.master][INFO] 2021-10-22 13:02:54,385: +PARAM [/ss42/cam_info_reader_node/image_type] by /roslaunch
[rosmaster.master][INFO] 2021-10-22 13:02:54,386: +PARAM [/ss42/camera_node/framerate_high] by /roslaunch
[rosmaster.master][INFO] 2021-10-22 13:02:54,386: +PARAM [/ss42/camera_node/res_h] by /roslaunch
[rosmaster.master][INFO] 2021-10-22 13:02:54,465: +SERVICE [/rosout/get_loggers] /rosout http://ss42.local:36095/
[rosmaster.master][INFO] 2021-10-22 13:02:54,469: +SERVICE [/rosout/set_logger_level] /rosout http://ss42.local:36095/
[rosmaster.master][INFO] 2021-10-22 13:02:54,494: +PUB [/rosout_agg] /rosout http://ss42.local:36095/
[rosmaster.master][INFO] 2021-10-22 13:02:54,532: +SUB [/rosout] /rosout http://ss42.local:36095/
[rosmaster.master][INFO] 2021-10-22 13:02:56,638: +PUB [/rosout] /ss42/decoder_node http://ss42.local:44600/
[rosmaster.master][INFO] 2021-10-22 13:02:56,653: +SERVICE [/ss42/decoder_node/get_loggers] /ss42/decoder_node http://ss42.local:44600/
[rosmaster.master][INFO] 2021-10-22 13:02:56,654: publisherUpdate[/rosout] -> http://ss42.local:36095/ ['http://ss42.local:44600/']
[rosmaster.master][INFO] 2021-10-22 13:02:56,661: +SERVICE [/ss42/decoder_node/set_logger_level] /ss42/decoder_node http://ss42.local:44600/
[rosmaster.master][INFO] 2021-10-22 13:02:56,669: publisherUpdate[/rosout] -> http://ss42.local:36095/ ['http://ss42.local:44600/']: sec=0.01, result=[1, '', 0]
[rosmaster.master][INFO] 2021-10-22 13:02:56,684: +PARAM [/ss42/decoder_node/publish_freq] by /ss42/decoder_node
[rosmaster.master][INFO] 2021-10-22 13:02:56,696: +PUB [/ss42/camera_node/image/raw] /ss42/decoder_node http://ss42.local:44600/
[rosmaster.master][INFO] 2021-10-22 13:02:56,717: +SUB [/ss42/camera_node/image/compressed] /ss42/decoder_node http://ss42.local:44600/
[rosmaster.master][INFO] 2021-10-22 13:02:56,741: +SUB [/ss42/decoder_node/switch] /ss42/decoder_node http://ss42.local:44600/
[rosmaster.master][INFO] 2021-10-22 13:02:58,194: +PUB [/rosout] /ss42/raw_cam_info_reader_node http://ss42.local:39088/
[rosmaster.master][INFO] 2021-10-22 13:02:58,197: +PUB [/rosout] /ss42/cam_info_reader_node http://ss42.local:40314/
[rosmaster.master][INFO] 2021-10-22 13:02:58,209: +SERVICE [/ss42/raw_cam_info_reader_node/get_loggers] /ss42/raw_cam_info_reader_node http://ss42.local:39088/
[rosmaster.master][INFO] 2021-10-22 13:02:58,213: +SERVICE [/ss42/cam_info_reader_node/get_loggers] /ss42/cam_info_reader_node http://ss42.local:40314/
[rosmaster.master][INFO] 2021-10-22 13:02:58,216: +SERVICE [/ss42/raw_cam_info_reader_node/set_logger_level] /ss42/raw_cam_info_reader_node http://ss42.local:39088/
[rosmaster.master][INFO] 2021-10-22 13:02:58,220: +SERVICE [/ss42/cam_info_reader_node/set_logger_level] /ss42/cam_info_reader_node http://ss42.local:40314/
[rosmaster.master][INFO] 2021-10-22 13:02:58,228: +PARAM [/ss42/raw_cam_info_reader_node/config] by /ss42/raw_cam_info_reader_node
[rosmaster.master][INFO] 2021-10-22 13:02:58,232: +PARAM [/ss42/cam_info_reader_node/config] by /ss42/cam_info_reader_node
[rosmaster.master][INFO] 2021-10-22 13:02:58,241: +PARAM [/ss42/raw_cam_info_reader_node/cali_file_name] by /ss42/raw_cam_info_reader_node
[rosmaster.master][INFO] 2021-10-22 13:02:58,250: +PARAM [/ss42/cam_info_reader_node/cali_file_name] by /ss42/cam_info_reader_node
[rosmaster.master][INFO] 2021-10-22 13:02:58,258: publisherUpdate[/rosout] -> http://ss42.local:36095/ ['http://ss42.local:44600/', 'http://ss42.local:39088/']
[rosmaster.master][INFO] 2021-10-22 13:02:58,264: publisherUpdate[/rosout] -> http://ss42.local:36095/ ['http://ss42.local:44600/', 'http://ss42.local:39088/']: sec=0.00, result=[1, '', 0]
[rosmaster.master][INFO] 2021-10-22 13:02:58,264: publisherUpdate[/rosout] -> http://ss42.local:36095/ ['http://ss42.local:44600/', 'http://ss42.local:39088/', 'http://ss42.local:40314/']
[rosmaster.master][INFO] 2021-10-22 13:02:58,268: publisherUpdate[/rosout] -> http://ss42.local:36095/ ['http://ss42.local:44600/', 'http://ss42.local:39088/', 'http://ss42.local:40314/']: sec=0.00, result=[1, '', 0]
[rosmaster.master][INFO] 2021-10-22 13:02:58,270: +PARAM [/ss42/raw_cam_info_reader_node/image_type] by /ss42/raw_cam_info_reader_node
[rosmaster.master][INFO] 2021-10-22 13:02:58,273: +PARAM [/ss42/cam_info_reader_node/image_type] by /ss42/cam_info_reader_node
[rosmaster.master][INFO] 2021-10-22 13:02:58,278: +PUB [/ss42/camera_node/raw_camera_info] /ss42/raw_cam_info_reader_node http://ss42.local:39088/
[rosmaster.master][INFO] 2021-10-22 13:02:58,283: +PUB [/ss42/camera_node/camera_info] /ss42/cam_info_reader_node http://ss42.local:40314/
[rosmaster.master][INFO] 2021-10-22 13:02:58,341: +SUB [/ss42/camera_node/image/raw] /ss42/raw_cam_info_reader_node http://ss42.local:39088/
[rosmaster.master][INFO] 2021-10-22 13:02:58,353: +SUB [/ss42/camera_node/image/compressed] /ss42/cam_info_reader_node http://ss42.local:40314/
[rosmaster.master][INFO] 2021-10-22 13:02:58,528: +PUB [/rosout] /ss42/camera_node http://ss42.local:37572/
[rosmaster.master][INFO] 2021-10-22 13:02:58,541: +SERVICE [/ss42/camera_node/get_loggers] /ss42/camera_node http://ss42.local:37572/
[rosmaster.master][INFO] 2021-10-22 13:02:58,547: +SERVICE [/ss42/camera_node/set_logger_level] /ss42/camera_node http://ss42.local:37572/
[rosmaster.master][INFO] 2021-10-22 13:02:58,558: +PARAM [/ss42/camera_node/framerate_high] by /ss42/camera_node
[rosmaster.master][INFO] 2021-10-22 13:02:58,560: publisherUpdate[/rosout] -> http://ss42.local:36095/ ['http://ss42.local:44600/', 'http://ss42.local:39088/', 'http://ss42.local:40314/', 'http://ss42.local:37572/']
[rosmaster.master][INFO] 2021-10-22 13:02:58,563: publisherUpdate[/rosout] -> http://ss42.local:36095/ ['http://ss42.local:44600/', 'http://ss42.local:39088/', 'http://ss42.local:40314/', 'http://ss42.local:37572/']: sec=0.00, result=[1, '', 0]
[rosmaster.master][INFO] 2021-10-22 13:02:58,570: +PARAM [/ss42/camera_node/framerate_low] by /ss42/camera_node
[rosmaster.master][INFO] 2021-10-22 13:02:58,581: +PARAM [/ss42/camera_node/res_w] by /ss42/camera_node
[rosmaster.master][INFO] 2021-10-22 13:02:58,592: +PARAM [/ss42/camera_node/res_h] by /ss42/camera_node
[rosmaster.master][INFO] 2021-10-22 13:02:58,965: +PUB [/ss42/camera_node/image/compressed] /ss42/camera_node http://ss42.local:37572/
[rosmaster.master][INFO] 2021-10-22 13:02:58,965: publisherUpdate[/ss42/camera_node/image/compressed] -> http://ss42.local:44600/ ['http://ss42.local:37572/']
[rosmaster.master][INFO] 2021-10-22 13:02:58,970: publisherUpdate[/ss42/camera_node/image/compressed] -> http://ss42.local:40314/ ['http://ss42.local:37572/']
[rosmaster.master][INFO] 2021-10-22 13:02:58,972: publisherUpdate[/ss42/camera_node/image/compressed] -> http://ss42.local:44600/ ['http://ss42.local:37572/']: sec=0.01, result=[1, '', 0]
[rosmaster.master][INFO] 2021-10-22 13:02:58,978: publisherUpdate[/ss42/camera_node/image/compressed] -> http://ss42.local:40314/ ['http://ss42.local:37572/']: sec=0.01, result=[1, '', 0]
[rosmaster.master][INFO] 2021-10-22 13:02:58,981: +SUB [/ss42/camera_node/framerate_high_switch] /ss42/camera_node http://ss42.local:37572/
[rosmaster.master][INFO] 2021-10-22 13:02:58,987: +SERVICE [/ss42/camera_node/set_camera_info] /ss42/camera_node http://ss42.local:37572/
[rosmaster.master][INFO] 2021-10-22 13:03:52,841: +PUB [/rosout] /rviz_1634962030272397711 http://robotikahost.local:42131/
[rosmaster.master][INFO] 2021-10-22 13:03:52,853: +SERVICE [/rviz_1634962030272397711/get_loggers] /rviz_1634962030272397711 http://robotikahost.local:42131/
[rosmaster.master][INFO] 2021-10-22 13:03:52,862: +SERVICE [/rviz_1634962030272397711/set_logger_level] /rviz_1634962030272397711 http://robotikahost.local:42131/
[rosmaster.master][INFO] 2021-10-22 13:03:52,869: publisherUpdate[/rosout] -> http://ss42.local:36095/ ['http://ss42.local:44600/', 'http://ss42.local:39088/', 'http://ss42.local:40314/', 'http://ss42.local:37572/', 'http://robotikahost.local:42131/']
[rosmaster.master][INFO] 2021-10-22 13:03:54,998: +SUB [/tf] /rviz_1634962030272397711 http://robotikahost.local:42131/
[rosmaster.master][INFO] 2021-10-22 13:03:55,056: +SUB [/tf_static] /rviz_1634962030272397711 http://robotikahost.local:42131/
[rosmaster.master][INFO] 2021-10-22 13:03:55,468: +PUB [/initialpose] /rviz_1634962030272397711 http://robotikahost.local:42131/
[rosmaster.master][INFO] 2021-10-22 13:03:55,479: +PUB [/goal] /rviz_1634962030272397711 http://robotikahost.local:42131/
[rosmaster.master][INFO] 2021-10-22 13:03:55,527: -PUB [/goal] /rviz_1634962030272397711 http://robotikahost.local:42131/
[rosmaster.master][INFO] 2021-10-22 13:03:55,536: -PUB [/initialpose] /rviz_1634962030272397711 http://robotikahost.local:42131/
[rosmaster.master][INFO] 2021-10-22 13:03:55,554: +PUB [/initialpose] /rviz_1634962030272397711 http://robotikahost.local:42131/
[rosmaster.master][INFO] 2021-10-22 13:03:55,563: +PUB [/goal] /rviz_1634962030272397711 http://robotikahost.local:42131/
[rosmaster.master][INFO] 2021-10-22 13:03:55,574: +PUB [/move_base_simple/goal] /rviz_1634962030272397711 http://robotikahost.local:42131/
[rosmaster.master][INFO] 2021-10-22 13:03:55,591: -PUB [/goal] /rviz_1634962030272397711 http://robotikahost.local:42131/
[rosmaster.master][INFO] 2021-10-22 13:03:55,606: +PUB [/clicked_point] /rviz_1634962030272397711 http://robotikahost.local:42131/
[rosmaster.master][INFO] 2021-10-22 13:03:55,824: +SERVICE [/rviz_1634962030272397711/reload_shaders] /rviz_1634962030272397711 http://robotikahost.local:42131/
[rosmaster.master][INFO] 2021-10-22 13:03:57,886: publisherUpdate[/rosout] -> http://ss42.local:36095/ ['http://ss42.local:44600/', 'http://ss42.local:39088/', 'http://ss42.local:40314/', 'http://ss42.local:37572/', 'http://robotikahost.local:42131/']: sec=5.02, result=[0, 'Unknown Error', 0]
[rosmaster.master][INFO] 2021-10-22 13:04:05,398: +SUB [/ss42/camera_node/image/raw] /rviz_1634962030272397711 http://robotikahost.local:42131/
[rosmaster.master][INFO] 2021-10-22 13:05:24,110: -SUB [/ss42/camera_node/image/raw] /rviz_1634962030272397711 http://robotikahost.local:42131/
[rosmaster.master][INFO] 2021-10-22 13:05:24,143: -PUB [/clicked_point] /rviz_1634962030272397711 http://robotikahost.local:42131/
[rosmaster.master][INFO] 2021-10-22 13:05:24,152: -PUB [/move_base_simple/goal] /rviz_1634962030272397711 http://robotikahost.local:42131/
[rosmaster.master][INFO] 2021-10-22 13:05:24,161: -PUB [/initialpose] /rviz_1634962030272397711 http://robotikahost.local:42131/
[rosmaster.master][INFO] 2021-10-22 13:05:24,180: -SUB [/tf_static] /rviz_1634962030272397711 http://robotikahost.local:42131/
[rosmaster.master][INFO] 2021-10-22 13:05:24,189: -SUB [/tf] /rviz_1634962030272397711 http://robotikahost.local:42131/
[rosmaster.master][INFO] 2021-10-22 13:05:24,201: -SERVICE [/rviz_1634962030272397711/reload_shaders] /rviz_1634962030272397711 rosrpc://robotikahost.local:49497
[rosmaster.master][INFO] 2021-10-22 13:05:24,342: -PUB [/rosout] /rviz_1634962030272397711 http://robotikahost.local:42131/
[rosmaster.master][INFO] 2021-10-22 13:05:24,352: -SERVICE [/rviz_1634962030272397711/get_loggers] /rviz_1634962030272397711 rosrpc://robotikahost.local:49497
[rosmaster.master][INFO] 2021-10-22 13:05:24,353: publisherUpdate[/rosout] -> http://ss42.local:36095/ ['http://ss42.local:44600/', 'http://ss42.local:39088/', 'http://ss42.local:40314/', 'http://ss42.local:37572/']
[rosmaster.master][INFO] 2021-10-22 13:05:24,356: publisherUpdate[/rosout] -> http://ss42.local:36095/ ['http://ss42.local:44600/', 'http://ss42.local:39088/', 'http://ss42.local:40314/', 'http://ss42.local:37572/']: sec=0.00, result=[1, '', 0]
[rosmaster.master][INFO] 2021-10-22 13:05:24,363: -SERVICE [/rviz_1634962030272397711/set_logger_level] /rviz_1634962030272397711 rosrpc://robotikahost.local:49497
[rosmaster.master][INFO] 2021-10-22 13:05:27,800: -SUB [/ss42/decoder_node/switch] /ss42/decoder_node http://ss42.local:44600/
[rosmaster.master][INFO] 2021-10-22 13:05:27,801: -SUB [/ss42/camera_node/image/compressed] /ss42/decoder_node http://ss42.local:44600/
[rosmaster.master][INFO] 2021-10-22 13:05:27,806: -SUB [/ss42/camera_node/image/raw] /ss42/raw_cam_info_reader_node http://ss42.local:39088/
[rosmaster.master][INFO] 2021-10-22 13:05:27,806: -PUB [/ss42/camera_node/image/raw] /ss42/decoder_node http://ss42.local:44600/
[rosmaster.master][INFO] 2021-10-22 13:05:27,814: -PUB [/rosout] /ss42/raw_cam_info_reader_node http://ss42.local:39088/
[rosmaster.master][INFO] 2021-10-22 13:05:27,815: -PUB [/ss42/camera_node/raw_camera_info] /ss42/raw_cam_info_reader_node http://ss42.local:39088/
[rosmaster.master][INFO] 2021-10-22 13:05:27,815: -SERVICE [/ss42/raw_cam_info_reader_node/set_logger_level] /ss42/raw_cam_info_reader_node rosrpc://ss42.local:41122
[rosmaster.master][INFO] 2021-10-22 13:05:27,816: -PUB [/rosout] /ss42/decoder_node http://ss42.local:44600/
[rosmaster.master][INFO] 2021-10-22 13:05:27,816: -SERVICE [/ss42/raw_cam_info_reader_node/get_loggers] /ss42/raw_cam_info_reader_node rosrpc://ss42.local:41122
[rosmaster.master][INFO] 2021-10-22 13:05:27,818: -SUB [/ss42/camera_node/image/compressed] /ss42/cam_info_reader_node http://ss42.local:40314/
[rosmaster.master][INFO] 2021-10-22 13:05:27,819: -PUB [/ss42/camera_node/camera_info] /ss42/cam_info_reader_node http://ss42.local:40314/
[rosmaster.master][INFO] 2021-10-22 13:05:27,820: -SERVICE [/ss42/decoder_node/get_loggers] /ss42/decoder_node rosrpc://ss42.local:46557
[rosmaster.master][INFO] 2021-10-22 13:05:27,821: -SERVICE [/ss42/decoder_node/set_logger_level] /ss42/decoder_node rosrpc://ss42.local:46557
[rosmaster.master][INFO] 2021-10-22 13:05:27,822: -PUB [/rosout] /ss42/cam_info_reader_node http://ss42.local:40314/
[rosmaster.master][INFO] 2021-10-22 13:05:27,828: -SUB [/ss42/camera_node/framerate_high_switch] /ss42/camera_node http://ss42.local:37572/
[rosmaster.master][INFO] 2021-10-22 13:05:27,829: -PUB [/ss42/camera_node/image/compressed] /ss42/camera_node http://ss42.local:37572/
[rosmaster.master][INFO] 2021-10-22 13:05:27,830: -PUB [/rosout] /ss42/camera_node http://ss42.local:37572/
[rosmaster.master][INFO] 2021-10-22 13:05:27,831: -SERVICE [/ss42/cam_info_reader_node/set_logger_level] /ss42/cam_info_reader_node rosrpc://ss42.local:46229
[rosmaster.master][INFO] 2021-10-22 13:05:27,831: -SERVICE [/ss42/camera_node/get_loggers] /ss42/camera_node rosrpc://ss42.local:41970
[rosmaster.master][INFO] 2021-10-22 13:05:27,832: -SERVICE [/ss42/camera_node/set_camera_info] /ss42/camera_node rosrpc://ss42.local:41970
[rosmaster.master][INFO] 2021-10-22 13:05:27,832: -SERVICE [/ss42/camera_node/set_logger_level] /ss42/camera_node rosrpc://ss42.local:41970
[rosmaster.master][INFO] 2021-10-22 13:05:27,834: -SERVICE [/ss42/cam_info_reader_node/get_loggers] /ss42/cam_info_reader_node rosrpc://ss42.local:46229
[rosmaster.master][INFO] 2021-10-22 13:05:27,859: publisherUpdate[/rosout] -> http://ss42.local:36095/ ['http://ss42.local:44600/', 'http://ss42.local:40314/', 'http://ss42.local:37572/']
[rosmaster.master][INFO] 2021-10-22 13:05:27,862: publisherUpdate[/rosout] -> http://ss42.local:36095/ ['http://ss42.local:44600/', 'http://ss42.local:40314/', 'http://ss42.local:37572/']: sec=0.00, result=[1, '', 0]
[rosmaster.master][INFO] 2021-10-22 13:05:27,863: publisherUpdate[/rosout] -> http://ss42.local:36095/ ['http://ss42.local:40314/', 'http://ss42.local:37572/']
[rosmaster.master][INFO] 2021-10-22 13:05:27,865: publisherUpdate[/rosout] -> http://ss42.local:36095/ ['http://ss42.local:40314/', 'http://ss42.local:37572/']: sec=0.00, result=[1, '', 0]
[rosmaster.master][INFO] 2021-10-22 13:05:27,865: publisherUpdate[/rosout] -> http://ss42.local:36095/ ['http://ss42.local:37572/']
[rosmaster.master][INFO] 2021-10-22 13:05:27,867: publisherUpdate[/rosout] -> http://ss42.local:36095/ ['http://ss42.local:37572/']: sec=0.00, result=[1, '', 0]
[rosmaster.master][INFO] 2021-10-22 13:05:27,868: publisherUpdate[/rosout] -> http://ss42.local:36095/ []
[rosmaster.master][INFO] 2021-10-22 13:05:27,870: publisherUpdate[/rosout] -> http://ss42.local:36095/ []: sec=0.00, result=[1, '', 0]
[rosmaster.master][INFO] 2021-10-22 13:05:28,774: -PUB [/rosout_agg] /rosout http://ss42.local:36095/
[rosmaster.master][INFO] 2021-10-22 13:05:28,777: -SUB [/rosout] /rosout http://ss42.local:36095/
[rosmaster.master][INFO] 2021-10-22 13:05:28,781: -SERVICE [/rosout/get_loggers] /rosout rosrpc://ss42.local:59181
[rosmaster.master][INFO] 2021-10-22 13:05:28,784: -SERVICE [/rosout/set_logger_level] /rosout rosrpc://ss42.local:59181
[rosmaster.main][INFO] 2021-10-22 13:05:28,919: keyboard interrupt, will exit
[rosmaster.main][INFO] 2021-10-22 13:05:28,919: stopping master...
[rospy.core][INFO] 2021-10-22 13:05:28,920: signal_shutdown [atexit]
