[rospy.client][INFO] 2021-10-22 13:02:58,412: [32minit_node, name[/ss42/camera_node], pid[17239][0m
[xmlrpc][INFO] 2021-10-22 13:02:58,413: [32mXML-RPC server binding to 0.0.0.0:0[0m
[xmlrpc][INFO] 2021-10-22 13:02:58,414: [32mStarted XML-RPC server [http://ss42.local:37572/][0m
[rospy.init][INFO] 2021-10-22 13:02:58,415: [32mROS Slave URI: [http://ss42.local:37572/][0m
[rospy.impl.masterslave][INFO] 2021-10-22 13:02:58,415: [32m_ready: http://ss42.local:37572/[0m
[rospy.registration][INFO] 2021-10-22 13:02:58,418: [32mRegistering with master node http://ss42.local:11311/[0m
[xmlrpc][INFO] 2021-10-22 13:02:58,418: [32mxml rpc node: starting XML-RPC server[0m
[rospy.init][INFO] 2021-10-22 13:02:58,516: [32mregistered with master[0m
[rospy.rosout][INFO] 2021-10-22 13:02:58,517: [32minitializing /rosout core topic[0m
[rospy.rosout][INFO] 2021-10-22 13:02:58,530: [32mconnected to core topic /rosout[0m
[rospy.simtime][INFO] 2021-10-22 13:02:58,536: [32m/use_sim_time is not set, will not subscribe to simulated time [/clock] topic[0m
[rosout][INFO] 2021-10-22 13:02:58,549: [32m[/ss42/camera_node] Initializing......[0m
[rosout][INFO] 2021-10-22 13:02:58,560: [32m[/ss42/camera_node] ~framerate_high = 30 [0m
[rosout][INFO] 2021-10-22 13:02:58,573: [32m[/ss42/camera_node] ~framerate_low = 15 [0m
[rosout][INFO] 2021-10-22 13:02:58,583: [32m[/ss42/camera_node] ~res_w = 640 [0m
[rosout][INFO] 2021-10-22 13:02:58,594: [32m[/ss42/camera_node] ~res_h = 480 [0m
[rospy.internal][INFO] 2021-10-22 13:02:58,768: [32mtopic[/rosout] adding connection to [/rosout], count 0[0m
[rosout][INFO] 2021-10-22 13:02:58,989: [32m[/ss42/camera_node] Initialized.[0m
[rosout][INFO] 2021-10-22 13:02:58,991: [32m[/ss42/camera_node] Start capturing.[0m
[rospy.internal][INFO] 2021-10-22 13:02:59,029: [32mtopic[/ss42/camera_node/image/compressed] adding connection to [/ss42/decoder_node], count 0[0m
[rospy.internal][INFO] 2021-10-22 13:02:59,037: [32mtopic[/ss42/camera_node/image/compressed] adding connection to [/ss42/cam_info_reader_node], count 1[0m
[rosout][INFO] 2021-10-22 13:02:59,080: [32m[/ss42/camera_node] Published the first image.[0m
[rospy.core][INFO] 2021-10-22 13:05:27,711: [32msignal_shutdown [signal-2][0m
[rosout][INFO] 2021-10-22 13:05:27,712: [32m[/ss42/camera_node] Closing camera.[0m
[rosout][INFO] 2021-10-22 13:05:27,713: [32m[/ss42/camera_node] Shutdown.[0m
[rospy.internal][INFO] 2021-10-22 13:05:27,839: [32mtopic[/ss42/camera_node/image/compressed] removing connection to /ss42/decoder_node[0m
[rospy.internal][INFO] 2021-10-22 13:05:27,840: [32mtopic[/ss42/camera_node/image/compressed] removing connection to /ss42/cam_info_reader_node[0m
[rospy.internal][INFO] 2021-10-22 13:05:27,841: [32mtopic[/rosout] removing connection to /rosout[0m
[rospy.impl.masterslave][INFO] 2021-10-22 13:05:27,842: [32msignal-2[0m
[rosout][INFO] 2021-10-22 13:05:27,891: [32m[/ss42/camera_node] Capture Ended.[0m
[rospy.core][INFO] 2021-10-22 13:05:28,409: [32msignal_shutdown [atexit][0m
