[rospy.client][INFO] 2021-12-08 10:22:24,829: init_node, name[/ss42/lane_pose_visualizer_node], pid[2421]
[xmlrpc][INFO] 2021-12-08 10:22:24,848: XML-RPC server binding to 0.0.0.0:0
[xmlrpc][INFO] 2021-12-08 10:22:24,860: Started XML-RPC server [http://ss42.local:39685/]
[rospy.init][INFO] 2021-12-08 10:22:24,862: ROS Slave URI: [http://ss42.local:39685/]
[rospy.impl.masterslave][INFO] 2021-12-08 10:22:24,865: _ready: http://ss42.local:39685/
[xmlrpc][INFO] 2021-12-08 10:22:24,892: xml rpc node: starting XML-RPC server
[rospy.registration][INFO] 2021-12-08 10:22:24,903: Registering with master node http://ss42.local:11311/
[rospy.init][INFO] 2021-12-08 10:22:24,969: registered with master
[rospy.rosout][INFO] 2021-12-08 10:22:24,971: initializing /rosout core topic
[rospy.rosout][INFO] 2021-12-08 10:22:24,992: connected to core topic /rosout
[rospy.simtime][INFO] 2021-12-08 10:22:25,014: /use_sim_time is not set, will not subscribe to simulated time [/clock] topic
[rosout][INFO] 2021-12-08 10:22:25,084: [/ss42/lane_pose_visualizer_node] Initialzing.
[rosout][INFO] 2021-12-08 10:22:25,676: [/ss42/lane_pose_visualizer_node] Vehicle name: ss42
[rospy.internal][INFO] 2021-12-08 10:22:25,782: topic[/rosout] adding connection to [/rosout], count 0
[rosout][INFO] 2021-12-08 10:22:25,788: [/ss42/lane_pose_visualizer_node] Initialzed.
[rospy.internal][INFO] 2021-12-08 10:22:27,101: topic[/ss42/lane_filter_node/lane_pose] adding connection to [http://ss42.local:43722/], count 0
[rospy.internal][INFO] 2021-12-08 10:27:49,487: topic[/ss42/lane_pose_visualizer_node/lane_pose_markers] adding connection to [/rviz_1638955636250917164], count 0
[rospy.internal][INFO] 2021-12-08 10:29:49,795: topic[/ss42/lane_pose_visualizer_node/lane_pose_markers] removing connection to /rviz_1638955636250917164
[rospy.internal][INFO] 2021-12-08 10:30:21,565: topic[/ss42/lane_pose_visualizer_node/lane_pose_markers] adding connection to [/rviz_1638955792730788131], count 0
[rospy.internal][INFO] 2021-12-08 10:31:28,452: topic[/ss42/lane_pose_visualizer_node/lane_pose_markers] removing connection to /rviz_1638955792730788131
[rospy.internal][INFO] 2021-12-08 10:32:54,016: topic[/ss42/lane_pose_visualizer_node/lane_pose_markers] adding connection to [/rviz_1638955938398124993], count 0
[rospy.internal][INFO] 2021-12-08 10:34:56,391: topic[/ss42/lane_pose_visualizer_node/lane_pose_markers] removing connection to /rviz_1638955938398124993
[rospy.core][INFO] 2021-12-08 10:37:19,399: signal_shutdown [signal-2]
[rospy.core][INFO] 2021-12-08 10:37:19,428: signal_shutdown [atexit]
