[rospy.client][INFO] 2021-12-08 10:22:26,990: [32minit_node, name[/ss42/line_detector_node], pid[2409][0m
[xmlrpc][INFO] 2021-12-08 10:22:27,000: [32mXML-RPC server binding to 0.0.0.0:0[0m
[xmlrpc][INFO] 2021-12-08 10:22:27,020: [32mStarted XML-RPC server [http://ss42.local:44410/][0m
[rospy.init][INFO] 2021-12-08 10:22:27,028: [32mROS Slave URI: [http://ss42.local:44410/][0m
[rospy.impl.masterslave][INFO] 2021-12-08 10:22:27,028: [32m_ready: http://ss42.local:44410/[0m
[rospy.registration][INFO] 2021-12-08 10:22:27,049: [32mRegistering with master node http://ss42.local:11311/[0m
[xmlrpc][INFO] 2021-12-08 10:22:27,058: [32mxml rpc node: starting XML-RPC server[0m
[rospy.init][INFO] 2021-12-08 10:22:27,131: [32mregistered with master[0m
[rospy.rosout][INFO] 2021-12-08 10:22:27,132: [32minitializing /rosout core topic[0m
[rospy.rosout][INFO] 2021-12-08 10:22:27,154: [32mconnected to core topic /rosout[0m
[rospy.simtime][INFO] 2021-12-08 10:22:27,166: [32m/use_sim_time is not set, will not subscribe to simulated time [/clock] topic[0m
[rosout][INFO] 2021-12-08 10:22:27,217: [32m[LineDetectorNode] Verbose is now False[0m
[rospy.internal][INFO] 2021-12-08 10:22:27,424: [32mtopic[/rosout] adding connection to [/rosout], count 0[0m
[rosout][INFO] 2021-12-08 10:22:27,435: [32m[LineDetectorNode] new detector config: ['line_detector.LineDetectorHSV', {'configuration': {'hough_max_line_gap': 1, 'dilation_kernel_size': 3, 'hsv_yellow1': [25, 140, 100], 'hsv_yellow2': [45, 255, 255], 'hsv_white1': [0, 0, 150], 'hsv_white2': [180, 60, 255], 'hough_min_line_length': 3, 'hough_threshold': 2, 'canny_thresholds': [80, 200], 'hsv_red4': [180, 255, 255], 'hsv_red1': [0, 140, 100], 'hsv_red3': [165, 140, 100], 'hsv_red2': [15, 255, 255]}}][0m
[rospy.internal][INFO] 2021-12-08 10:22:27,515: [32mtopic[/ss42/line_detector_node/segment_list] adding connection to [/ss42/ground_projection], count 0[0m
[rosout][INFO] 2021-12-08 10:22:27,545: [32m[LineDetectorNode] Initialized (verbose = False).[0m
[rospy.internal][INFO] 2021-12-08 10:22:27,576: [32mtopic[/ss42/anti_instagram_node/transform] adding connection to [http://ss42.local:40790/], count 0[0m
[rospy.internal][INFO] 2021-12-08 10:22:27,582: [32mtopic[/ss42/line_detector_node/switch] adding connection to [http://ss42.local:33112/], count 0[0m
[rospy.internal][INFO] 2021-12-08 10:22:27,586: [32mtopic[/ss42/camera_node/image/compressed] adding connection to [http://ss42.local:33661/], count 0[0m
[rosout][INFO] 2021-12-08 10:22:27,624: [32mline_detector_node received first image.[0m
[rosout][INFO] 2021-12-08 10:22:27,628: [32mline_detector_node processing first image.[0m
[rosout][INFO] 2021-12-08 10:22:28,030: [32m[LineDetectorNode]   1:# segments: white  25 yellow   3 red   0[0m
[rosout][INFO] 2021-12-08 10:22:28,035: [32m[LineDetectorNode]   1:
Latencies:
               acquired | total latency    15.2 ms | delta wall     None clock     None
                decoded | total latency   163.4 ms | delta wall 148.2 ms clock  51.2 ms
                resized | total latency   228.8 ms | delta wall  65.5 ms clock   7.4 ms
              corrected | total latency   253.5 ms | delta wall  24.6 ms clock   6.9 ms
               detected | total latency   409.5 ms | delta wall 156.0 ms clock  43.1 ms
               prepared | total latency   415.7 ms | delta wall   6.2 ms clock   6.5 ms
          --pub_lines-- | total latency   418.2 ms | delta wall   2.5 ms clock   2.7 ms
[0m
[rosout][INFO] 2021-12-08 10:22:28,089: [32m[LineDetectorNode]   1:In the last 0.9 s: received 8 (9.1 fps) processed 2 (2.3 fps) skipped 6 (6.8 fps) (75%)[0m
[rosout][INFO] 2021-12-08 10:22:39,560: [32m[LineDetectorNode] 101:# segments: white   0 yellow   0 red   0[0m
[rosout][INFO] 2021-12-08 10:22:39,565: [32m[LineDetectorNode] 101:
Latencies:
               acquired | total latency     7.9 ms | delta wall     None clock     None
                decoded | total latency    58.2 ms | delta wall  50.3 ms clock  41.6 ms
                resized | total latency    59.7 ms | delta wall   1.5 ms clock   1.4 ms
              corrected | total latency    64.3 ms | delta wall   4.7 ms clock   4.7 ms
               detected | total latency    97.3 ms | delta wall  33.0 ms clock  20.6 ms
               prepared | total latency   102.1 ms | delta wall   4.8 ms clock   3.9 ms
          --pub_lines-- | total latency   103.0 ms | delta wall   0.9 ms clock   0.9 ms
[0m
[rosout][INFO] 2021-12-08 10:22:39,581: [32m[LineDetectorNode] 101:In the last 11.5 s: received 194 (16.9 fps) processed 100 (8.7 fps) skipped 94 (8.2 fps) (48%)[0m
[rosout][INFO] 2021-12-08 10:22:47,211: [32m[LineDetectorNode] AntiInstagram transform received[0m
[rosout][INFO] 2021-12-08 10:22:51,244: [32m[LineDetectorNode] 201:# segments: white  26 yellow   0 red   0[0m
[rosout][INFO] 2021-12-08 10:22:51,267: [32m[LineDetectorNode] 201:
Latencies:
               acquired | total latency     6.7 ms | delta wall     None clock     None
                decoded | total latency    47.9 ms | delta wall  41.2 ms clock  39.2 ms
                resized | total latency    49.7 ms | delta wall   1.8 ms clock   1.7 ms
              corrected | total latency    54.5 ms | delta wall   4.7 ms clock   4.6 ms
               detected | total latency    84.1 ms | delta wall  29.6 ms clock  25.9 ms
               prepared | total latency    90.4 ms | delta wall   6.3 ms clock   5.8 ms
          --pub_lines-- | total latency   109.6 ms | delta wall  19.1 ms clock   2.8 ms
[0m
[rosout][INFO] 2021-12-08 10:22:51,300: [32m[LineDetectorNode] 201:In the last 11.7 s: received 301 (25.7 fps) processed 100 (8.5 fps) skipped 201 (17.2 fps) (67%)[0m
[rosout][INFO] 2021-12-08 10:23:03,260: [32m[LineDetectorNode] 301:# segments: white  16 yellow   0 red   0[0m
[rosout][INFO] 2021-12-08 10:23:03,272: [32m[LineDetectorNode] 301:
Latencies:
               acquired | total latency     7.5 ms | delta wall     None clock     None
                decoded | total latency    63.3 ms | delta wall  55.8 ms clock  38.2 ms
                resized | total latency    64.4 ms | delta wall   1.1 ms clock   1.0 ms
              corrected | total latency    74.7 ms | delta wall  10.3 ms clock   7.6 ms
               detected | total latency    99.1 ms | delta wall  24.5 ms clock  22.7 ms
               prepared | total latency   111.6 ms | delta wall  12.5 ms clock   8.6 ms
          --pub_lines-- | total latency   113.2 ms | delta wall   1.6 ms clock   1.6 ms
[0m
[rosout][INFO] 2021-12-08 10:23:03,333: [32m[LineDetectorNode] 301:In the last 12.0 s: received 294 (24.4 fps) processed 100 (8.3 fps) skipped 194 (16.1 fps) (66%)[0m
[rosout][INFO] 2021-12-08 10:23:16,337: [32m[LineDetectorNode] 401:# segments: white   7 yellow   1 red   0[0m
[rosout][INFO] 2021-12-08 10:23:16,342: [32m[LineDetectorNode] 401:
Latencies:
               acquired | total latency     7.4 ms | delta wall     None clock     None
                decoded | total latency    62.6 ms | delta wall  55.2 ms clock  40.8 ms
                resized | total latency    64.3 ms | delta wall   1.7 ms clock   1.5 ms
              corrected | total latency    69.0 ms | delta wall   4.7 ms clock   4.8 ms
               detected | total latency    91.8 ms | delta wall  22.9 ms clock  25.2 ms
               prepared | total latency    97.2 ms | delta wall   5.4 ms clock   5.0 ms
          --pub_lines-- | total latency    98.4 ms | delta wall   1.1 ms clock   1.2 ms
[0m
[rosout][INFO] 2021-12-08 10:23:16,385: [32m[LineDetectorNode] 401:In the last 13.0 s: received 241 (18.5 fps) processed 100 (7.7 fps) skipped 141 (10.8 fps) (59%)[0m
[rosout][INFO] 2021-12-08 10:23:29,531: [32m[LineDetectorNode] 501:# segments: white  28 yellow   0 red   0[0m
[rosout][INFO] 2021-12-08 10:23:29,538: [32m[LineDetectorNode] 501:
Latencies:
               acquired | total latency     6.8 ms | delta wall     None clock     None
                decoded | total latency    50.7 ms | delta wall  43.9 ms clock  40.6 ms
                resized | total latency    52.2 ms | delta wall   1.5 ms clock   1.5 ms
              corrected | total latency    56.9 ms | delta wall   4.7 ms clock   4.7 ms
               detected | total latency    85.2 ms | delta wall  28.3 ms clock  27.7 ms
               prepared | total latency    91.9 ms | delta wall   6.7 ms clock   6.4 ms
          --pub_lines-- | total latency    94.7 ms | delta wall   2.9 ms clock   2.9 ms
[0m
[rosout][INFO] 2021-12-08 10:23:29,591: [32m[LineDetectorNode] 501:In the last 13.2 s: received 198 (15.0 fps) processed 100 (7.6 fps) skipped 98 (7.4 fps) (49%)[0m
[rosout][INFO] 2021-12-08 10:23:42,676: [32m[LineDetectorNode] 601:# segments: white  18 yellow   0 red   0[0m
[rosout][INFO] 2021-12-08 10:23:42,681: [32m[LineDetectorNode] 601:
Latencies:
               acquired | total latency     8.3 ms | delta wall     None clock     None
                decoded | total latency    55.0 ms | delta wall  46.7 ms clock  38.3 ms
                resized | total latency    56.7 ms | delta wall   1.6 ms clock   1.6 ms
              corrected | total latency    61.4 ms | delta wall   4.7 ms clock   4.7 ms
               detected | total latency    82.7 ms | delta wall  21.3 ms clock  24.0 ms
               prepared | total latency    88.2 ms | delta wall   5.5 ms clock   5.5 ms
          --pub_lines-- | total latency    90.4 ms | delta wall   2.2 ms clock   2.2 ms
[0m
[rosout][INFO] 2021-12-08 10:23:42,697: [32m[LineDetectorNode] 601:In the last 13.1 s: received 203 (15.5 fps) processed 100 (7.6 fps) skipped 103 (7.9 fps) (51%)[0m
[rosout][INFO] 2021-12-08 10:23:56,471: [32m[LineDetectorNode] 701:# segments: white  22 yellow   0 red   0[0m
[rosout][INFO] 2021-12-08 10:23:56,482: [32m[LineDetectorNode] 701:
Latencies:
               acquired | total latency     9.3 ms | delta wall     None clock     None
                decoded | total latency    75.6 ms | delta wall  66.3 ms clock  46.9 ms
                resized | total latency    77.1 ms | delta wall   1.6 ms clock   1.5 ms
              corrected | total latency    82.4 ms | delta wall   5.3 ms clock   5.3 ms
               detected | total latency   107.1 ms | delta wall  24.7 ms clock  23.7 ms
               prepared | total latency   120.2 ms | delta wall  13.1 ms clock  10.6 ms
          --pub_lines-- | total latency   123.7 ms | delta wall   3.5 ms clock   2.6 ms
[0m
[rosout][INFO] 2021-12-08 10:23:56,501: [32m[LineDetectorNode] 701:In the last 13.8 s: received 246 (17.8 fps) processed 100 (7.2 fps) skipped 146 (10.6 fps) (59%)[0m
[rosout][INFO] 2021-12-08 10:24:08,631: [32m[LineDetectorNode] 801:# segments: white  22 yellow   0 red   0[0m
[rosout][INFO] 2021-12-08 10:24:08,636: [32m[LineDetectorNode] 801:
Latencies:
               acquired | total latency     9.3 ms | delta wall     None clock     None
                decoded | total latency    49.8 ms | delta wall  40.5 ms clock  39.2 ms
                resized | total latency    51.5 ms | delta wall   1.7 ms clock   1.5 ms
              corrected | total latency    56.1 ms | delta wall   4.6 ms clock   4.5 ms
               detected | total latency    81.6 ms | delta wall  25.4 ms clock  26.0 ms
               prepared | total latency    88.6 ms | delta wall   7.1 ms clock   6.3 ms
          --pub_lines-- | total latency    90.9 ms | delta wall   2.3 ms clock   2.3 ms
[0m
[rosout][INFO] 2021-12-08 10:24:08,655: [32m[LineDetectorNode] 801:In the last 12.1 s: received 218 (17.9 fps) processed 100 (8.2 fps) skipped 118 (9.7 fps) (54%)[0m
[rosout][INFO] 2021-12-08 10:24:21,634: [32m[LineDetectorNode] 901:# segments: white   7 yellow   5 red   0[0m
[rosout][INFO] 2021-12-08 10:24:21,640: [32m[LineDetectorNode] 901:
Latencies:
               acquired | total latency     5.2 ms | delta wall     None clock     None
                decoded | total latency    79.7 ms | delta wall  74.5 ms clock  61.1 ms
                resized | total latency    81.2 ms | delta wall   1.5 ms clock   1.6 ms
              corrected | total latency    85.7 ms | delta wall   4.5 ms clock   4.4 ms
               detected | total latency   105.6 ms | delta wall  19.9 ms clock  21.9 ms
               prepared | total latency   110.4 ms | delta wall   4.8 ms clock   5.1 ms
          --pub_lines-- | total latency   112.4 ms | delta wall   2.0 ms clock   2.1 ms
[0m
[rosout][INFO] 2021-12-08 10:24:21,673: [32m[LineDetectorNode] 901:In the last 13.0 s: received 268 (20.6 fps) processed 100 (7.7 fps) skipped 168 (12.9 fps) (63%)[0m
[rosout][INFO] 2021-12-08 10:24:34,726: [32m[LineDetectorNode] 1001:# segments: white  14 yellow   0 red   0[0m
[rosout][INFO] 2021-12-08 10:24:34,732: [32m[LineDetectorNode] 1001:
Latencies:
               acquired | total latency     4.7 ms | delta wall     None clock     None
                decoded | total latency    38.6 ms | delta wall  33.9 ms clock  32.5 ms
                resized | total latency    39.6 ms | delta wall   1.0 ms clock   0.9 ms
              corrected | total latency    44.3 ms | delta wall   4.8 ms clock   4.5 ms
               detected | total latency    63.4 ms | delta wall  19.0 ms clock  20.7 ms
               prepared | total latency    73.5 ms | delta wall  10.1 ms clock   6.5 ms
          --pub_lines-- | total latency    75.3 ms | delta wall   1.8 ms clock   1.9 ms
[0m
[rosout][INFO] 2021-12-08 10:24:34,738: [32m[LineDetectorNode] 1001:In the last 13.1 s: received 196 (15.0 fps) processed 100 (7.7 fps) skipped 96 (7.3 fps) (49%)[0m
[rosout][INFO] 2021-12-08 10:24:44,366: [32m[LineDetectorNode] AntiInstagram transform received[0m
[rosout][INFO] 2021-12-08 10:24:46,802: [32m[LineDetectorNode] 1101:# segments: white   0 yellow  16 red   0[0m
[rosout][INFO] 2021-12-08 10:24:46,808: [32m[LineDetectorNode] 1101:
Latencies:
               acquired | total latency     9.6 ms | delta wall     None clock     None
                decoded | total latency    64.0 ms | delta wall  54.5 ms clock  41.5 ms
                resized | total latency    66.8 ms | delta wall   2.7 ms clock   1.5 ms
              corrected | total latency    78.5 ms | delta wall  11.7 ms clock   7.8 ms
               detected | total latency    98.5 ms | delta wall  20.0 ms clock  21.5 ms
               prepared | total latency   104.4 ms | delta wall   5.9 ms clock   5.2 ms
          --pub_lines-- | total latency   106.7 ms | delta wall   2.3 ms clock   2.2 ms
[0m
[rosout][INFO] 2021-12-08 10:24:46,819: [32m[LineDetectorNode] 1101:In the last 12.1 s: received 303 (25.1 fps) processed 100 (8.3 fps) skipped 203 (16.8 fps) (67%)[0m
[rosout][INFO] 2021-12-08 10:24:58,491: [32m[LineDetectorNode] 1201:# segments: white   0 yellow   0 red   0[0m
[rosout][INFO] 2021-12-08 10:24:58,501: [32m[LineDetectorNode] 1201:
Latencies:
               acquired | total latency    32.1 ms | delta wall     None clock     None
                decoded | total latency    89.8 ms | delta wall  57.7 ms clock  49.6 ms
                resized | total latency    91.4 ms | delta wall   1.6 ms clock   1.7 ms
              corrected | total latency    98.2 ms | delta wall   6.8 ms clock   6.8 ms
               detected | total latency   126.7 ms | delta wall  28.5 ms clock  24.4 ms
               prepared | total latency   132.2 ms | delta wall   5.6 ms clock   5.7 ms
          --pub_lines-- | total latency   133.3 ms | delta wall   1.1 ms clock   1.3 ms
[0m
[rosout][INFO] 2021-12-08 10:24:58,531: [32m[LineDetectorNode] 1201:In the last 11.7 s: received 247 (21.1 fps) processed 100 (8.5 fps) skipped 147 (12.6 fps) (60%)[0m
[rosout][INFO] 2021-12-08 10:24:59,358: [32m[LineDetectorNode] AntiInstagram transform received[0m
[rosout][INFO] 2021-12-08 10:25:11,340: [32m[LineDetectorNode] 1301:# segments: white   2 yellow   0 red   0[0m
[rosout][INFO] 2021-12-08 10:25:11,344: [32m[LineDetectorNode] 1301:
Latencies:
               acquired | total latency     9.8 ms | delta wall     None clock     None
                decoded | total latency    61.8 ms | delta wall  52.0 ms clock  37.9 ms
                resized | total latency    64.8 ms | delta wall   2.9 ms clock   1.2 ms
              corrected | total latency    78.8 ms | delta wall  14.0 ms clock   7.6 ms
               detected | total latency    96.4 ms | delta wall  17.6 ms clock  18.4 ms
               prepared | total latency   101.5 ms | delta wall   5.1 ms clock   4.4 ms
          --pub_lines-- | total latency   102.3 ms | delta wall   0.8 ms clock   0.8 ms
[0m
[rosout][INFO] 2021-12-08 10:25:11,381: [32m[LineDetectorNode] 1301:In the last 12.8 s: received 237 (18.5 fps) processed 100 (7.8 fps) skipped 137 (10.7 fps) (58%)[0m
[rosout][INFO] 2021-12-08 10:25:22,524: [32m[LineDetectorNode] 1401:# segments: white  15 yellow  17 red   0[0m
[rosout][INFO] 2021-12-08 10:25:22,532: [32m[LineDetectorNode] 1401:
Latencies:
               acquired | total latency    26.1 ms | delta wall     None clock     None
                decoded | total latency    79.9 ms | delta wall  53.7 ms clock  50.1 ms
                resized | total latency    81.4 ms | delta wall   1.5 ms clock   1.6 ms
              corrected | total latency    95.6 ms | delta wall  14.2 ms clock   4.8 ms
               detected | total latency   130.7 ms | delta wall  35.1 ms clock  29.1 ms
               prepared | total latency   143.6 ms | delta wall  12.9 ms clock   8.8 ms
          --pub_lines-- | total latency   147.0 ms | delta wall   3.5 ms clock   3.5 ms
[0m
[rosout][INFO] 2021-12-08 10:25:22,538: [32m[LineDetectorNode] 1401:In the last 11.2 s: received 282 (25.3 fps) processed 100 (9.0 fps) skipped 182 (16.3 fps) (65%)[0m
[rosout][INFO] 2021-12-08 10:25:35,483: [32m[LineDetectorNode] 1501:# segments: white   9 yellow  17 red   0[0m
[rosout][INFO] 2021-12-08 10:25:35,496: [32m[LineDetectorNode] 1501:
Latencies:
               acquired | total latency     6.3 ms | delta wall     None clock     None
                decoded | total latency    56.8 ms | delta wall  50.6 ms clock  44.9 ms
                resized | total latency    58.4 ms | delta wall   1.6 ms clock   1.5 ms
              corrected | total latency    65.2 ms | delta wall   6.8 ms clock   4.7 ms
               detected | total latency    99.6 ms | delta wall  34.4 ms clock  29.2 ms
               prepared | total latency   113.9 ms | delta wall  14.3 ms clock  11.1 ms
          --pub_lines-- | total latency   116.4 ms | delta wall   2.4 ms clock   2.3 ms
[0m
[rosout][INFO] 2021-12-08 10:25:35,519: [32m[LineDetectorNode] 1501:In the last 13.0 s: received 390 (30.1 fps) processed 100 (7.7 fps) skipped 290 (22.3 fps) (74%)[0m
[rosout][INFO] 2021-12-08 10:25:48,441: [32m[LineDetectorNode] 1601:# segments: white  16 yellow  12 red   0[0m
[rosout][INFO] 2021-12-08 10:25:48,453: [32m[LineDetectorNode] 1601:
Latencies:
               acquired | total latency     9.0 ms | delta wall     None clock     None
                decoded | total latency    59.0 ms | delta wall  50.0 ms clock  44.1 ms
                resized | total latency    60.5 ms | delta wall   1.5 ms clock   1.5 ms
              corrected | total latency    65.4 ms | delta wall   4.9 ms clock   4.7 ms
               detected | total latency    98.2 ms | delta wall  32.8 ms clock  30.4 ms
               prepared | total latency   105.3 ms | delta wall   7.1 ms clock   7.9 ms
          --pub_lines-- | total latency   113.0 ms | delta wall   7.8 ms clock   5.3 ms
[0m
[rosout][INFO] 2021-12-08 10:25:48,487: [32m[LineDetectorNode] 1601:In the last 13.0 s: received 389 (30.0 fps) processed 100 (7.7 fps) skipped 289 (22.3 fps) (74%)[0m
[rosout][INFO] 2021-12-08 10:26:00,948: [32m[LineDetectorNode] 1701:# segments: white  26 yellow  13 red   0[0m
[rosout][INFO] 2021-12-08 10:26:00,956: [32m[LineDetectorNode] 1701:
Latencies:
               acquired | total latency     9.9 ms | delta wall     None clock     None
                decoded | total latency    58.0 ms | delta wall  48.0 ms clock  45.3 ms
                resized | total latency    59.8 ms | delta wall   1.8 ms clock   1.6 ms
              corrected | total latency    66.3 ms | delta wall   6.6 ms clock   5.2 ms
               detected | total latency   106.9 ms | delta wall  40.6 ms clock  33.7 ms
               prepared | total latency   117.7 ms | delta wall  10.7 ms clock  11.9 ms
          --pub_lines-- | total latency   121.6 ms | delta wall   3.9 ms clock   3.8 ms
[0m
[rosout][INFO] 2021-12-08 10:26:00,991: [32m[LineDetectorNode] 1701:In the last 12.5 s: received 375 (30.0 fps) processed 100 (8.0 fps) skipped 275 (22.0 fps) (73%)[0m
[rosout][INFO] 2021-12-08 10:26:13,793: [32m[LineDetectorNode] 1801:# segments: white  25 yellow  11 red   0[0m
[rosout][INFO] 2021-12-08 10:26:13,812: [32m[LineDetectorNode] 1801:
Latencies:
               acquired | total latency     8.4 ms | delta wall     None clock     None
                decoded | total latency    61.0 ms | delta wall  52.6 ms clock  42.7 ms
                resized | total latency    62.6 ms | delta wall   1.6 ms clock   1.5 ms
              corrected | total latency    77.7 ms | delta wall  15.1 ms clock   7.9 ms
               detected | total latency   125.4 ms | delta wall  47.7 ms clock  32.1 ms
               prepared | total latency   136.4 ms | delta wall  11.1 ms clock   7.5 ms
          --pub_lines-- | total latency   150.0 ms | delta wall  13.6 ms clock   5.8 ms
[0m
[rosout][INFO] 2021-12-08 10:26:13,834: [32m[LineDetectorNode] 1801:In the last 12.8 s: received 386 (30.1 fps) processed 100 (7.8 fps) skipped 286 (22.3 fps) (74%)[0m
[rosout][INFO] 2021-12-08 10:26:26,263: [32m[LineDetectorNode] 1901:# segments: white  27 yellow  12 red   0[0m
[rosout][INFO] 2021-12-08 10:26:26,277: [32m[LineDetectorNode] 1901:
Latencies:
               acquired | total latency     9.4 ms | delta wall     None clock     None
                decoded | total latency    58.6 ms | delta wall  49.2 ms clock  43.1 ms
                resized | total latency    60.4 ms | delta wall   1.8 ms clock   1.4 ms
              corrected | total latency    65.6 ms | delta wall   5.2 ms clock   4.6 ms
               detected | total latency    96.8 ms | delta wall  31.2 ms clock  31.8 ms
               prepared | total latency   110.5 ms | delta wall  13.7 ms clock  11.5 ms
          --pub_lines-- | total latency   118.8 ms | delta wall   8.3 ms clock   4.1 ms
[0m
[rosout][INFO] 2021-12-08 10:26:26,308: [32m[LineDetectorNode] 1901:In the last 12.5 s: received 374 (30.0 fps) processed 100 (8.0 fps) skipped 274 (22.0 fps) (73%)[0m
[rosout][INFO] 2021-12-08 10:26:38,814: [32m[LineDetectorNode] 2001:# segments: white  16 yellow  16 red   0[0m
[rosout][INFO] 2021-12-08 10:26:38,825: [32m[LineDetectorNode] 2001:
Latencies:
               acquired | total latency     9.8 ms | delta wall     None clock     None
                decoded | total latency    53.3 ms | delta wall  43.5 ms clock  43.3 ms
                resized | total latency    54.8 ms | delta wall   1.5 ms clock   1.5 ms
              corrected | total latency    59.8 ms | delta wall   5.0 ms clock   4.6 ms
               detected | total latency    91.1 ms | delta wall  31.4 ms clock  29.7 ms
               prepared | total latency   101.9 ms | delta wall  10.8 ms clock   7.4 ms
          --pub_lines-- | total latency   107.4 ms | delta wall   5.5 ms clock   3.7 ms
[0m
[rosout][INFO] 2021-12-08 10:26:38,868: [32m[LineDetectorNode] 2001:In the last 12.6 s: received 377 (30.0 fps) processed 100 (8.0 fps) skipped 277 (22.1 fps) (73%)[0m
[rosout][INFO] 2021-12-08 10:26:51,052: [32m[LineDetectorNode] 2101:# segments: white  37 yellow  12 red   0[0m
[rosout][INFO] 2021-12-08 10:26:51,060: [32m[LineDetectorNode] 2101:
Latencies:
               acquired | total latency     9.6 ms | delta wall     None clock     None
                decoded | total latency    56.5 ms | delta wall  46.8 ms clock  45.3 ms
                resized | total latency    58.2 ms | delta wall   1.7 ms clock   1.7 ms
              corrected | total latency    65.3 ms | delta wall   7.1 ms clock   5.7 ms
               detected | total latency    92.7 ms | delta wall  27.4 ms clock  32.2 ms
               prepared | total latency   101.9 ms | delta wall   9.2 ms clock   9.1 ms
          --pub_lines-- | total latency   106.8 ms | delta wall   4.9 ms clock   5.2 ms
[0m
[rosout][INFO] 2021-12-08 10:26:51,067: [32m[LineDetectorNode] 2101:In the last 12.2 s: received 366 (30.0 fps) processed 100 (8.2 fps) skipped 266 (21.8 fps) (73%)[0m
[rosout][INFO] 2021-12-08 10:27:03,505: [32m[LineDetectorNode] 2201:# segments: white  22 yellow  13 red   0[0m
[rosout][INFO] 2021-12-08 10:27:03,514: [32m[LineDetectorNode] 2201:
Latencies:
               acquired | total latency     6.4 ms | delta wall     None clock     None
                decoded | total latency    56.4 ms | delta wall  50.0 ms clock  45.4 ms
                resized | total latency    57.9 ms | delta wall   1.5 ms clock   1.5 ms
              corrected | total latency    63.4 ms | delta wall   5.5 ms clock   5.0 ms
               detected | total latency    94.5 ms | delta wall  31.2 ms clock  31.5 ms
               prepared | total latency   102.1 ms | delta wall   7.5 ms clock   7.2 ms
          --pub_lines-- | total latency   107.2 ms | delta wall   5.1 ms clock   4.8 ms
[0m
[rosout][INFO] 2021-12-08 10:27:03,555: [32m[LineDetectorNode] 2201:In the last 12.5 s: received 375 (30.0 fps) processed 100 (8.0 fps) skipped 275 (22.0 fps) (73%)[0m
[rosout][INFO] 2021-12-08 10:27:16,602: [32m[LineDetectorNode] 2301:# segments: white  29 yellow  14 red   0[0m
[rosout][INFO] 2021-12-08 10:27:16,619: [32m[LineDetectorNode] 2301:
Latencies:
               acquired | total latency     7.8 ms | delta wall     None clock     None
                decoded | total latency    53.8 ms | delta wall  46.0 ms clock  44.8 ms
                resized | total latency    55.4 ms | delta wall   1.6 ms clock   1.6 ms
              corrected | total latency    60.7 ms | delta wall   5.4 ms clock   4.8 ms
               detected | total latency    96.1 ms | delta wall  35.4 ms clock  32.6 ms
               prepared | total latency   105.4 ms | delta wall   9.3 ms clock   8.0 ms
          --pub_lines-- | total latency   118.1 ms | delta wall  12.7 ms clock   6.2 ms
[0m
[rosout][INFO] 2021-12-08 10:27:16,644: [32m[LineDetectorNode] 2301:In the last 13.1 s: received 393 (30.0 fps) processed 100 (7.6 fps) skipped 293 (22.4 fps) (75%)[0m
[rosout][INFO] 2021-12-08 10:27:29,918: [32m[LineDetectorNode] 2401:# segments: white  31 yellow  11 red   0[0m
[rosout][INFO] 2021-12-08 10:27:29,931: [32m[LineDetectorNode] 2401:
Latencies:
               acquired | total latency     7.0 ms | delta wall     None clock     None
                decoded | total latency    69.1 ms | delta wall  62.0 ms clock  45.5 ms
                resized | total latency    72.7 ms | delta wall   3.6 ms clock   2.9 ms
              corrected | total latency    81.2 ms | delta wall   8.5 ms clock   9.3 ms
               detected | total latency   117.5 ms | delta wall  36.2 ms clock  33.0 ms
               prepared | total latency   128.5 ms | delta wall  11.0 ms clock   8.6 ms
          --pub_lines-- | total latency   133.3 ms | delta wall   4.9 ms clock   3.6 ms
[0m
[rosout][INFO] 2021-12-08 10:27:29,944: [32m[LineDetectorNode] 2401:In the last 13.3 s: received 399 (30.0 fps) processed 100 (7.5 fps) skipped 299 (22.5 fps) (75%)[0m
[rosout][INFO] 2021-12-08 10:27:43,285: [32m[LineDetectorNode] 2501:# segments: white  31 yellow  15 red   0[0m
[rosout][INFO] 2021-12-08 10:27:43,296: [32m[LineDetectorNode] 2501:
Latencies:
               acquired | total latency    22.0 ms | delta wall     None clock     None
                decoded | total latency    63.3 ms | delta wall  41.3 ms clock  41.3 ms
                resized | total latency    64.4 ms | delta wall   1.1 ms clock   1.1 ms
              corrected | total latency    69.1 ms | delta wall   4.7 ms clock   4.8 ms
               detected | total latency   118.9 ms | delta wall  49.8 ms clock  42.1 ms
               prepared | total latency   133.9 ms | delta wall  15.0 ms clock  10.6 ms
          --pub_lines-- | total latency   139.3 ms | delta wall   5.5 ms clock   4.4 ms
[0m
[rosout][INFO] 2021-12-08 10:27:43,339: [32m[LineDetectorNode] 2501:In the last 13.4 s: received 402 (30.0 fps) processed 100 (7.5 fps) skipped 302 (22.6 fps) (75%)[0m
[rosout][INFO] 2021-12-08 10:27:56,625: [32m[LineDetectorNode] 2601:# segments: white  33 yellow   9 red   0[0m
[rosout][INFO] 2021-12-08 10:27:56,638: [32m[LineDetectorNode] 2601:
Latencies:
               acquired | total latency    11.9 ms | delta wall     None clock     None
                decoded | total latency    86.0 ms | delta wall  74.0 ms clock  51.1 ms
                resized | total latency    87.5 ms | delta wall   1.5 ms clock   1.5 ms
              corrected | total latency    95.5 ms | delta wall   8.0 ms clock   5.3 ms
               detected | total latency   133.1 ms | delta wall  37.6 ms clock  33.7 ms
               prepared | total latency   149.7 ms | delta wall  16.6 ms clock  12.8 ms
          --pub_lines-- | total latency   153.4 ms | delta wall   3.7 ms clock   3.7 ms
[0m
[rosout][INFO] 2021-12-08 10:27:56,660: [32m[LineDetectorNode] 2601:In the last 13.3 s: received 400 (30.0 fps) processed 100 (7.5 fps) skipped 300 (22.5 fps) (75%)[0m
[rospy.internal][INFO] 2021-12-08 10:27:58,165: [32mtopic[/ss42/line_detector_node/image_with_lines] adding connection to [/rviz_1638955636250917164], count 0[0m
[rosout][INFO] 2021-12-08 10:28:09,837: [32m[LineDetectorNode] 2701:# segments: white  26 yellow   8 red   0[0m
[rosout][INFO] 2021-12-08 10:28:09,844: [32m[LineDetectorNode] 2701:
Latencies:
               acquired | total latency     5.2 ms | delta wall     None clock     None
                decoded | total latency    30.9 ms | delta wall  25.8 ms clock  22.1 ms
                resized | total latency    32.1 ms | delta wall   1.2 ms clock   1.0 ms
              corrected | total latency    35.0 ms | delta wall   2.9 ms clock   2.9 ms
               detected | total latency    57.3 ms | delta wall  22.3 ms clock  16.9 ms
               prepared | total latency    66.1 ms | delta wall   8.8 ms clock   8.1 ms
          --pub_lines-- | total latency    68.9 ms | delta wall   2.7 ms clock   2.8 ms
[0m
[rosout][INFO] 2021-12-08 10:28:09,890: [32m[LineDetectorNode] 2701:In the last 13.2 s: received 397 (30.0 fps) processed 100 (7.6 fps) skipped 297 (22.5 fps) (75%)[0m
[rosout][INFO] 2021-12-08 10:28:23,335: [32m[LineDetectorNode] 2801:# segments: white  21 yellow  16 red   0[0m
[rosout][INFO] 2021-12-08 10:28:23,350: [32m[LineDetectorNode] 2801:
Latencies:
               acquired | total latency     8.0 ms | delta wall     None clock     None
                decoded | total latency    60.6 ms | delta wall  52.5 ms clock  44.4 ms
                resized | total latency    62.2 ms | delta wall   1.7 ms clock   1.5 ms
              corrected | total latency    77.5 ms | delta wall  15.3 ms clock   8.4 ms
               detected | total latency   124.1 ms | delta wall  46.6 ms clock  35.2 ms
               prepared | total latency   138.6 ms | delta wall  14.5 ms clock   9.2 ms
          --pub_lines-- | total latency   142.4 ms | delta wall   3.9 ms clock   4.6 ms
[0m
[rosout][INFO] 2021-12-08 10:28:23,379: [32m[LineDetectorNode] 2801:In the last 13.5 s: received 405 (30.0 fps) processed 100 (7.4 fps) skipped 305 (22.6 fps) (75%)[0m
[rospy.internal][INFO] 2021-12-08 10:28:25,049: [32mtopic[/ss42/line_detector_node/image_with_lines] removing connection to /rviz_1638955636250917164[0m
[rospy.internal][INFO] 2021-12-08 10:28:35,369: [32mtopic[/ss42/line_detector_node/image_with_lines] adding connection to [/rviz_1638955636250917164], count 0[0m
[rosout][INFO] 2021-12-08 10:28:36,373: [32m[LineDetectorNode] 2901:# segments: white  29 yellow  12 red   0[0m
[rosout][INFO] 2021-12-08 10:28:36,383: [32m[LineDetectorNode] 2901:
Latencies:
               acquired | total latency    15.4 ms | delta wall     None clock     None
                decoded | total latency    79.7 ms | delta wall  64.3 ms clock  47.3 ms
                resized | total latency    81.3 ms | delta wall   1.7 ms clock   2.1 ms
              corrected | total latency    86.3 ms | delta wall   5.0 ms clock   4.7 ms
               detected | total latency   125.7 ms | delta wall  39.4 ms clock  36.6 ms
               prepared | total latency   138.8 ms | delta wall  13.2 ms clock  13.8 ms
          --pub_lines-- | total latency   142.4 ms | delta wall   3.6 ms clock   3.3 ms
[0m
[rosout][INFO] 2021-12-08 10:28:36,415: [32m[LineDetectorNode] 2901:In the last 13.0 s: received 391 (30.0 fps) processed 100 (7.7 fps) skipped 291 (22.3 fps) (74%)[0m
[rospy.internal][INFO] 2021-12-08 10:28:41,085: [32mtopic[/ss42/line_detector_node/image_with_lines] removing connection to /rviz_1638955636250917164[0m
[rosout][INFO] 2021-12-08 10:28:49,295: [32m[LineDetectorNode] 3001:# segments: white  32 yellow   8 red   0[0m
[rosout][INFO] 2021-12-08 10:28:49,308: [32m[LineDetectorNode] 3001:
Latencies:
               acquired | total latency    14.1 ms | delta wall     None clock     None
                decoded | total latency    76.1 ms | delta wall  62.0 ms clock  46.5 ms
                resized | total latency    80.9 ms | delta wall   4.8 ms clock   1.9 ms
              corrected | total latency    89.5 ms | delta wall   8.5 ms clock   9.4 ms
               detected | total latency   127.0 ms | delta wall  37.6 ms clock  34.7 ms
               prepared | total latency   139.3 ms | delta wall  12.2 ms clock   8.6 ms
          --pub_lines-- | total latency   147.6 ms | delta wall   8.3 ms clock   7.3 ms
[0m
[rosout][INFO] 2021-12-08 10:28:49,336: [32m[LineDetectorNode] 3001:In the last 12.9 s: received 388 (30.0 fps) processed 100 (7.7 fps) skipped 288 (22.3 fps) (74%)[0m
[rosout][INFO] 2021-12-08 10:29:03,112: [32m[LineDetectorNode] 3101:# segments: white  30 yellow   9 red   0[0m
[rosout][INFO] 2021-12-08 10:29:03,121: [32m[LineDetectorNode] 3101:
Latencies:
               acquired | total latency    11.9 ms | delta wall     None clock     None
                decoded | total latency    66.1 ms | delta wall  54.2 ms clock  49.7 ms
                resized | total latency    68.0 ms | delta wall   1.9 ms clock   1.8 ms
              corrected | total latency    78.2 ms | delta wall  10.2 ms clock   8.6 ms
               detected | total latency   119.7 ms | delta wall  41.5 ms clock  38.0 ms
               prepared | total latency   126.5 ms | delta wall   6.8 ms clock   7.3 ms
          --pub_lines-- | total latency   130.9 ms | delta wall   4.3 ms clock   4.4 ms
[0m
[rosout][INFO] 2021-12-08 10:29:03,164: [32m[LineDetectorNode] 3101:In the last 13.8 s: received 415 (30.0 fps) processed 100 (7.2 fps) skipped 315 (22.8 fps) (76%)[0m
[rosout][INFO] 2021-12-08 10:29:17,014: [32m[LineDetectorNode] 3201:# segments: white  28 yellow  12 red   0[0m
[rosout][INFO] 2021-12-08 10:29:17,031: [32m[LineDetectorNode] 3201:
Latencies:
               acquired | total latency    15.7 ms | delta wall     None clock     None
                decoded | total latency    74.3 ms | delta wall  58.6 ms clock  45.9 ms
                resized | total latency    75.3 ms | delta wall   1.0 ms clock   1.0 ms
              corrected | total latency    79.9 ms | delta wall   4.7 ms clock   4.7 ms
               detected | total latency   118.6 ms | delta wall  38.7 ms clock  31.9 ms
               prepared | total latency   136.6 ms | delta wall  18.0 ms clock  10.5 ms
          --pub_lines-- | total latency   140.5 ms | delta wall   3.8 ms clock   4.5 ms
[0m
[rosout][INFO] 2021-12-08 10:29:17,065: [32m[LineDetectorNode] 3201:In the last 13.9 s: received 417 (30.0 fps) processed 100 (7.2 fps) skipped 317 (22.8 fps) (76%)[0m
[rosout][INFO] 2021-12-08 10:29:30,383: [32m[LineDetectorNode] 3301:# segments: white  30 yellow  17 red   0[0m
[rosout][INFO] 2021-12-08 10:29:30,398: [32m[LineDetectorNode] 3301:
Latencies:
               acquired | total latency    18.2 ms | delta wall     None clock     None
                decoded | total latency   104.1 ms | delta wall  85.9 ms clock  53.2 ms
                resized | total latency   108.2 ms | delta wall   4.1 ms clock   4.6 ms
              corrected | total latency   113.5 ms | delta wall   5.4 ms clock   5.1 ms
               detected | total latency   158.3 ms | delta wall  44.8 ms clock  31.9 ms
               prepared | total latency   176.4 ms | delta wall  18.0 ms clock  13.7 ms
          --pub_lines-- | total latency   180.4 ms | delta wall   4.0 ms clock   4.0 ms
[0m
[rosout][INFO] 2021-12-08 10:29:30,418: [32m[LineDetectorNode] 3301:In the last 13.3 s: received 401 (30.0 fps) processed 100 (7.5 fps) skipped 301 (22.5 fps) (75%)[0m
[rospy.internal][INFO] 2021-12-08 10:29:43,261: [32mtopic[/ss42/line_detector_node/image_with_lines] adding connection to [/rviz_1638955636250917164], count 0[0m
[rosout][INFO] 2021-12-08 10:29:43,748: [32m[LineDetectorNode] 3401:# segments: white  28 yellow   4 red   0[0m
[rosout][INFO] 2021-12-08 10:29:43,755: [32m[LineDetectorNode] 3401:
Latencies:
               acquired | total latency    15.6 ms | delta wall     None clock     None
                decoded | total latency    75.4 ms | delta wall  59.8 ms clock  48.8 ms
                resized | total latency    92.7 ms | delta wall  17.3 ms clock   4.2 ms
              corrected | total latency    97.4 ms | delta wall   4.7 ms clock   4.7 ms
               detected | total latency   137.6 ms | delta wall  40.2 ms clock  30.3 ms
               prepared | total latency   148.4 ms | delta wall  10.8 ms clock  10.8 ms
          --pub_lines-- | total latency   150.9 ms | delta wall   2.5 ms clock   2.6 ms
[0m
[rosout][INFO] 2021-12-08 10:29:43,780: [32m[LineDetectorNode] 3401:In the last 13.4 s: received 401 (30.0 fps) processed 100 (7.5 fps) skipped 301 (22.5 fps) (75%)[0m
[rospy.internal][INFO] 2021-12-08 10:29:49,830: [32mtopic[/ss42/line_detector_node/image_with_lines] removing connection to /rviz_1638955636250917164[0m
[rosout][INFO] 2021-12-08 10:29:57,220: [32m[LineDetectorNode] 3501:# segments: white  26 yellow  15 red   0[0m
[rosout][INFO] 2021-12-08 10:29:57,225: [32m[LineDetectorNode] 3501:
Latencies:
               acquired | total latency     9.4 ms | delta wall     None clock     None
                decoded | total latency    30.2 ms | delta wall  20.8 ms clock  20.8 ms
                resized | total latency    31.1 ms | delta wall   0.9 ms clock   0.9 ms
              corrected | total latency    34.0 ms | delta wall   2.9 ms clock   2.7 ms
               detected | total latency    56.7 ms | delta wall  22.7 ms clock  17.2 ms
               prepared | total latency    61.5 ms | delta wall   4.7 ms clock   4.4 ms
          --pub_lines-- | total latency    63.6 ms | delta wall   2.2 ms clock   2.2 ms
[0m
[rosout][INFO] 2021-12-08 10:29:57,239: [32m[LineDetectorNode] 3501:In the last 13.5 s: received 404 (30.0 fps) processed 100 (7.4 fps) skipped 304 (22.6 fps) (75%)[0m
[rosout][INFO] 2021-12-08 10:30:10,592: [32m[LineDetectorNode] 3601:# segments: white  26 yellow  16 red   0[0m
[rosout][INFO] 2021-12-08 10:30:10,606: [32m[LineDetectorNode] 3601:
Latencies:
               acquired | total latency    11.6 ms | delta wall     None clock     None
                decoded | total latency    57.8 ms | delta wall  46.3 ms clock  44.3 ms
                resized | total latency    59.6 ms | delta wall   1.7 ms clock   1.5 ms
              corrected | total latency    64.5 ms | delta wall   4.9 ms clock   4.6 ms
               detected | total latency   125.2 ms | delta wall  60.7 ms clock  36.4 ms
               prepared | total latency   136.8 ms | delta wall  11.6 ms clock   9.4 ms
          --pub_lines-- | total latency   145.1 ms | delta wall   8.3 ms clock   8.4 ms
[0m
[rosout][INFO] 2021-12-08 10:30:10,633: [32m[LineDetectorNode] 3601:In the last 13.4 s: received 402 (30.0 fps) processed 100 (7.5 fps) skipped 302 (22.6 fps) (75%)[0m
[rosout][INFO] 2021-12-08 10:30:23,882: [32m[LineDetectorNode] 3701:# segments: white  28 yellow  13 red   0[0m
[rosout][INFO] 2021-12-08 10:30:23,890: [32m[LineDetectorNode] 3701:
Latencies:
               acquired | total latency    10.1 ms | delta wall     None clock     None
                decoded | total latency    76.0 ms | delta wall  65.9 ms clock  44.8 ms
                resized | total latency    78.1 ms | delta wall   2.1 ms clock   1.4 ms
              corrected | total latency    84.2 ms | delta wall   6.1 ms clock   5.1 ms
               detected | total latency   123.6 ms | delta wall  39.4 ms clock  36.8 ms
               prepared | total latency   132.4 ms | delta wall   8.8 ms clock   8.6 ms
          --pub_lines-- | total latency   136.6 ms | delta wall   4.2 ms clock   3.8 ms
[0m
[rosout][INFO] 2021-12-08 10:30:23,902: [32m[LineDetectorNode] 3701:In the last 13.3 s: received 398 (30.0 fps) processed 100 (7.5 fps) skipped 298 (22.5 fps) (75%)[0m
[rosout][INFO] 2021-12-08 10:30:37,579: [32m[LineDetectorNode] 3801:# segments: white  29 yellow   9 red   0[0m
[rosout][INFO] 2021-12-08 10:30:37,588: [32m[LineDetectorNode] 3801:
Latencies:
               acquired | total latency    23.8 ms | delta wall     None clock     None
                decoded | total latency   103.0 ms | delta wall  79.2 ms clock  55.5 ms
                resized | total latency   104.6 ms | delta wall   1.5 ms clock   1.5 ms
              corrected | total latency   116.7 ms | delta wall  12.1 ms clock   7.5 ms
               detected | total latency   157.0 ms | delta wall  40.3 ms clock  38.8 ms
               prepared | total latency   168.9 ms | delta wall  11.9 ms clock  10.8 ms
          --pub_lines-- | total latency   174.1 ms | delta wall   5.2 ms clock   4.7 ms
[0m
[rosout][INFO] 2021-12-08 10:30:37,639: [32m[LineDetectorNode] 3801:In the last 13.7 s: received 412 (30.0 fps) processed 100 (7.3 fps) skipped 312 (22.7 fps) (76%)[0m
[rosout][INFO] 2021-12-08 10:30:51,138: [32m[LineDetectorNode] 3901:# segments: white  35 yellow  10 red   0[0m
[rosout][INFO] 2021-12-08 10:30:51,151: [32m[LineDetectorNode] 3901:
Latencies:
               acquired | total latency     9.2 ms | delta wall     None clock     None
                decoded | total latency    64.9 ms | delta wall  55.7 ms clock  47.5 ms
                resized | total latency    66.6 ms | delta wall   1.7 ms clock   1.7 ms
              corrected | total latency    75.5 ms | delta wall   9.0 ms clock   8.6 ms
               detected | total latency   115.2 ms | delta wall  39.6 ms clock  34.6 ms
               prepared | total latency   124.9 ms | delta wall   9.7 ms clock   8.7 ms
          --pub_lines-- | total latency   133.9 ms | delta wall   9.0 ms clock   7.9 ms
[0m
[rosout][INFO] 2021-12-08 10:30:51,189: [32m[LineDetectorNode] 3901:In the last 13.5 s: received 407 (30.0 fps) processed 100 (7.4 fps) skipped 307 (22.7 fps) (75%)[0m
[rospy.internal][INFO] 2021-12-08 10:31:02,784: [32mtopic[/ss42/line_detector_node/image_with_lines] adding connection to [/rviz_1638955792730788131], count 0[0m
[rosout][INFO] 2021-12-08 10:31:04,382: [32m[LineDetectorNode] 4001:# segments: white  29 yellow  13 red   0[0m
[rosout][INFO] 2021-12-08 10:31:04,407: [32m[LineDetectorNode] 4001:
Latencies:
               acquired | total latency    20.4 ms | delta wall     None clock     None
                decoded | total latency    73.3 ms | delta wall  53.0 ms clock  47.1 ms
                resized | total latency    74.8 ms | delta wall   1.4 ms clock   1.4 ms
              corrected | total latency    79.3 ms | delta wall   4.5 ms clock   4.5 ms
               detected | total latency   124.9 ms | delta wall  45.7 ms clock  33.0 ms
               prepared | total latency   142.9 ms | delta wall  17.9 ms clock  11.2 ms
          --pub_lines-- | total latency   158.5 ms | delta wall  15.7 ms clock   5.3 ms
[0m
[rosout][INFO] 2021-12-08 10:31:04,446: [32m[LineDetectorNode] 4001:In the last 13.3 s: received 398 (30.0 fps) processed 100 (7.5 fps) skipped 298 (22.5 fps) (75%)[0m
[rosout][INFO] 2021-12-08 10:31:17,657: [32m[LineDetectorNode] 4101:# segments: white  23 yellow  12 red   0[0m
[rosout][INFO] 2021-12-08 10:31:17,668: [32m[LineDetectorNode] 4101:
Latencies:
               acquired | total latency    30.9 ms | delta wall     None clock     None
                decoded | total latency   102.4 ms | delta wall  71.5 ms clock  45.2 ms
                resized | total latency   103.4 ms | delta wall   0.9 ms clock   0.9 ms
              corrected | total latency   114.3 ms | delta wall  10.9 ms clock   8.5 ms
               detected | total latency   189.5 ms | delta wall  75.2 ms clock  54.7 ms
               prepared | total latency   198.9 ms | delta wall   9.5 ms clock   9.9 ms
          --pub_lines-- | total latency   203.6 ms | delta wall   4.6 ms clock   3.2 ms
[0m
[rosout][INFO] 2021-12-08 10:31:17,684: [32m[LineDetectorNode] 4101:In the last 13.2 s: received 397 (30.0 fps) processed 100 (7.6 fps) skipped 297 (22.4 fps) (75%)[0m
[rospy.internal][INFO] 2021-12-08 10:31:28,166: [32mtopic[/ss42/line_detector_node/image_with_lines] removing connection to /rviz_1638955792730788131[0m
[rosout][INFO] 2021-12-08 10:31:30,676: [32m[LineDetectorNode] 4201:# segments: white  28 yellow  12 red   0[0m
[rosout][INFO] 2021-12-08 10:31:30,681: [32m[LineDetectorNode] 4201:
Latencies:
               acquired | total latency     7.5 ms | delta wall     None clock     None
                decoded | total latency    29.7 ms | delta wall  22.3 ms clock  21.1 ms
                resized | total latency    30.7 ms | delta wall   1.0 ms clock   0.9 ms
              corrected | total latency    39.0 ms | delta wall   8.3 ms clock   3.3 ms
               detected | total latency    53.4 ms | delta wall  14.5 ms clock  16.3 ms
               prepared | total latency    58.6 ms | delta wall   5.2 ms clock   5.0 ms
          --pub_lines-- | total latency    60.3 ms | delta wall   1.7 ms clock   1.6 ms
[0m
[rosout][INFO] 2021-12-08 10:31:30,696: [32m[LineDetectorNode] 4201:In the last 13.0 s: received 391 (30.1 fps) processed 100 (7.7 fps) skipped 291 (22.4 fps) (74%)[0m
[rosout][INFO] 2021-12-08 10:31:43,168: [32m[LineDetectorNode] 4301:# segments: white  27 yellow  10 red   0[0m
[rosout][INFO] 2021-12-08 10:31:43,191: [32m[LineDetectorNode] 4301:
Latencies:
               acquired | total latency    13.2 ms | delta wall     None clock     None
                decoded | total latency    62.1 ms | delta wall  48.9 ms clock  43.1 ms
                resized | total latency    64.5 ms | delta wall   2.4 ms clock   1.5 ms
              corrected | total latency    78.5 ms | delta wall  14.0 ms clock   8.5 ms
               detected | total latency   137.9 ms | delta wall  59.4 ms clock  31.2 ms
               prepared | total latency   153.2 ms | delta wall  15.3 ms clock  11.8 ms
          --pub_lines-- | total latency   156.4 ms | delta wall   3.2 ms clock   3.6 ms
[0m
[rosout][INFO] 2021-12-08 10:31:43,232: [32m[LineDetectorNode] 4301:In the last 12.5 s: received 376 (30.0 fps) processed 100 (8.0 fps) skipped 276 (22.0 fps) (73%)[0m
[rosout][INFO] 2021-12-08 10:31:56,075: [32m[LineDetectorNode] 4401:# segments: white  20 yellow  16 red   0[0m
[rosout][INFO] 2021-12-08 10:31:56,085: [32m[LineDetectorNode] 4401:
Latencies:
               acquired | total latency    10.5 ms | delta wall     None clock     None
                decoded | total latency    81.7 ms | delta wall  71.2 ms clock  49.1 ms
                resized | total latency    83.2 ms | delta wall   1.5 ms clock   1.5 ms
              corrected | total latency    90.0 ms | delta wall   6.8 ms clock   4.9 ms
               detected | total latency   124.4 ms | delta wall  34.4 ms clock  31.3 ms
               prepared | total latency   132.0 ms | delta wall   7.6 ms clock   7.0 ms
          --pub_lines-- | total latency   135.1 ms | delta wall   3.1 ms clock   3.7 ms
[0m
[rosout][INFO] 2021-12-08 10:31:56,092: [32m[LineDetectorNode] 4401:In the last 12.9 s: received 386 (30.0 fps) processed 100 (7.8 fps) skipped 286 (22.2 fps) (74%)[0m
[rosout][INFO] 2021-12-08 10:32:08,981: [32m[LineDetectorNode] 4501:# segments: white  29 yellow  14 red   0[0m
[rosout][INFO] 2021-12-08 10:32:09,003: [32m[LineDetectorNode] 4501:
Latencies:
               acquired | total latency     9.5 ms | delta wall     None clock     None
                decoded | total latency   108.3 ms | delta wall  98.8 ms clock  53.5 ms
                resized | total latency   109.8 ms | delta wall   1.5 ms clock   1.5 ms
              corrected | total latency   115.9 ms | delta wall   6.1 ms clock   4.7 ms
               detected | total latency   159.0 ms | delta wall  43.1 ms clock  31.7 ms
               prepared | total latency   169.9 ms | delta wall  10.9 ms clock  10.0 ms
          --pub_lines-- | total latency   173.7 ms | delta wall   3.7 ms clock   4.1 ms
[0m
[rosout][INFO] 2021-12-08 10:32:09,024: [32m[LineDetectorNode] 4501:In the last 12.9 s: received 388 (30.0 fps) processed 100 (7.7 fps) skipped 288 (22.3 fps) (74%)[0m
[rosout][INFO] 2021-12-08 10:32:09,582: [32m[LineDetectorNode] Verbose is now True[0m
[rosout][INFO] 2021-12-08 10:32:24,702: [32m[LineDetectorNode] 4601:# segments: white  13 yellow  19 red   0[0m
[rosout][INFO] 2021-12-08 10:32:24,725: [32m[LineDetectorNode] 4601:
Latencies:
               acquired | total latency    11.5 ms | delta wall     None clock     None
                decoded | total latency    73.6 ms | delta wall  62.0 ms clock  33.8 ms
                resized | total latency    74.4 ms | delta wall   0.9 ms clock   0.9 ms
              corrected | total latency    77.0 ms | delta wall   2.6 ms clock   2.5 ms
               detected | total latency    89.6 ms | delta wall  12.6 ms clock  13.4 ms
               prepared | total latency    98.4 ms | delta wall   8.8 ms clock   7.2 ms
          --pub_lines-- | total latency   100.1 ms | delta wall   1.7 ms clock   1.8 ms
                  drawn | total latency   102.0 ms | delta wall   1.9 ms clock   1.8 ms
              pub_image | total latency   102.4 ms | delta wall   0.4 ms clock   0.4 ms
   pub_edge/pub_segment | total latency   117.7 ms | delta wall  15.3 ms clock  13.6 ms
[0m
[rosout][INFO] 2021-12-08 10:32:24,736: [32m[LineDetectorNode] 4601:In the last 15.7 s: received 472 (30.0 fps) processed 100 (6.4 fps) skipped 372 (23.7 fps) (79%)[0m
[rosout][INFO] 2021-12-08 10:32:41,069: [32m[LineDetectorNode] 4701:# segments: white  30 yellow  12 red   0[0m
[rosout][INFO] 2021-12-08 10:32:41,132: [32m[LineDetectorNode] 4701:
Latencies:
               acquired | total latency    13.7 ms | delta wall     None clock     None
                decoded | total latency    79.0 ms | delta wall  65.3 ms clock  47.1 ms
                resized | total latency    80.5 ms | delta wall   1.5 ms clock   1.5 ms
              corrected | total latency    85.1 ms | delta wall   4.6 ms clock   4.6 ms
               detected | total latency   121.5 ms | delta wall  36.4 ms clock  35.0 ms
               prepared | total latency   141.2 ms | delta wall  19.7 ms clock  11.9 ms
          --pub_lines-- | total latency   144.6 ms | delta wall   3.4 ms clock   3.9 ms
                  drawn | total latency   160.4 ms | delta wall  15.7 ms clock   6.5 ms
              pub_image | total latency   162.5 ms | delta wall   2.2 ms clock   1.3 ms
   pub_edge/pub_segment | total latency   197.7 ms | delta wall  35.1 ms clock  29.7 ms
[0m
[rosout][INFO] 2021-12-08 10:32:41,148: [32m[LineDetectorNode] 4701:In the last 16.4 s: received 492 (30.0 fps) processed 100 (6.1 fps) skipped 392 (23.9 fps) (80%)[0m
[rosout][INFO] 2021-12-08 10:33:00,964: [32m[LineDetectorNode] 4801:# segments: white  27 yellow  14 red   0[0m
[rosout][INFO] 2021-12-08 10:33:01,016: [32m[LineDetectorNode] 4801:
Latencies:
               acquired | total latency    11.6 ms | delta wall     None clock     None
                decoded | total latency    75.2 ms | delta wall  63.7 ms clock  48.5 ms
                resized | total latency    76.8 ms | delta wall   1.5 ms clock   1.6 ms
              corrected | total latency    82.5 ms | delta wall   5.8 ms clock   5.1 ms
               detected | total latency   131.4 ms | delta wall  48.9 ms clock  33.0 ms
               prepared | total latency   146.2 ms | delta wall  14.8 ms clock  12.4 ms
          --pub_lines-- | total latency   153.7 ms | delta wall   7.5 ms clock   6.6 ms
                  drawn | total latency   158.4 ms | delta wall   4.6 ms clock   4.3 ms
              pub_image | total latency   159.1 ms | delta wall   0.7 ms clock   0.7 ms
   pub_edge/pub_segment | total latency   191.8 ms | delta wall  32.7 ms clock  30.6 ms
[0m
[rosout][INFO] 2021-12-08 10:33:01,040: [32m[LineDetectorNode] 4801:In the last 19.9 s: received 597 (30.0 fps) processed 100 (5.0 fps) skipped 497 (25.0 fps) (83%)[0m
[rospy.internal][INFO] 2021-12-08 10:33:02,369: [32mtopic[/ss42/line_detector_node/colorSegment] adding connection to [/rviz_1638955938398124993], count 0[0m
[rosout][INFO] 2021-12-08 10:33:19,155: [32m[LineDetectorNode] 4901:# segments: white  20 yellow  15 red   0[0m
[rosout][INFO] 2021-12-08 10:33:19,199: [32m[LineDetectorNode] 4901:
Latencies:
               acquired | total latency    14.0 ms | delta wall     None clock     None
                decoded | total latency    62.2 ms | delta wall  48.2 ms clock  45.1 ms
                resized | total latency    64.8 ms | delta wall   2.6 ms clock   1.6 ms
              corrected | total latency    69.6 ms | delta wall   4.8 ms clock   4.8 ms
               detected | total latency   103.2 ms | delta wall  33.6 ms clock  33.6 ms
               prepared | total latency   116.3 ms | delta wall  13.1 ms clock  12.1 ms
          --pub_lines-- | total latency   119.5 ms | delta wall   3.2 ms clock   3.2 ms
                  drawn | total latency   123.2 ms | delta wall   3.7 ms clock   3.7 ms
              pub_image | total latency   124.0 ms | delta wall   0.8 ms clock   0.7 ms
   pub_edge/pub_segment | total latency   154.3 ms | delta wall  30.4 ms clock  28.3 ms
[0m
[rosout][INFO] 2021-12-08 10:33:19,235: [32m[LineDetectorNode] 4901:In the last 18.2 s: received 546 (30.0 fps) processed 100 (5.5 fps) skipped 446 (24.5 fps) (82%)[0m
[rosout][INFO] 2021-12-08 10:33:35,816: [32m[LineDetectorNode] 5001:# segments: white  38 yellow   9 red   0[0m
[rosout][INFO] 2021-12-08 10:33:35,866: [32m[LineDetectorNode] 5001:
Latencies:
               acquired | total latency     8.2 ms | delta wall     None clock     None
                decoded | total latency    57.2 ms | delta wall  48.9 ms clock  41.4 ms
                resized | total latency    58.9 ms | delta wall   1.7 ms clock   1.7 ms
              corrected | total latency    65.6 ms | delta wall   6.7 ms clock   9.1 ms
               detected | total latency   108.9 ms | delta wall  43.3 ms clock  35.4 ms
               prepared | total latency   116.9 ms | delta wall   7.9 ms clock   7.9 ms
          --pub_lines-- | total latency   122.7 ms | delta wall   5.8 ms clock   4.9 ms
                  drawn | total latency   127.9 ms | delta wall   5.2 ms clock   4.7 ms
              pub_image | total latency   128.6 ms | delta wall   0.7 ms clock   0.6 ms
   pub_edge/pub_segment | total latency   163.3 ms | delta wall  34.7 ms clock  29.8 ms
[0m
[rosout][INFO] 2021-12-08 10:33:35,900: [32m[LineDetectorNode] 5001:In the last 16.7 s: received 500 (30.0 fps) processed 100 (6.0 fps) skipped 400 (24.0 fps) (80%)[0m
[rosout][INFO] 2021-12-08 10:33:52,469: [32m[LineDetectorNode] 5101:# segments: white  38 yellow   6 red   0[0m
[rosout][INFO] 2021-12-08 10:33:52,522: [32m[LineDetectorNode] 5101:
Latencies:
               acquired | total latency    13.5 ms | delta wall     None clock     None
                decoded | total latency    92.3 ms | delta wall  78.8 ms clock  46.3 ms
                resized | total latency    93.7 ms | delta wall   1.4 ms clock   1.4 ms
              corrected | total latency    98.0 ms | delta wall   4.3 ms clock   4.4 ms
               detected | total latency   130.2 ms | delta wall  32.2 ms clock  31.2 ms
               prepared | total latency   143.7 ms | delta wall  13.5 ms clock  11.9 ms
          --pub_lines-- | total latency   147.5 ms | delta wall   3.8 ms clock   4.1 ms
                  drawn | total latency   157.7 ms | delta wall  10.2 ms clock   4.8 ms
              pub_image | total latency   158.5 ms | delta wall   0.8 ms clock   0.7 ms
   pub_edge/pub_segment | total latency   192.0 ms | delta wall  33.5 ms clock  29.0 ms
[0m
[rosout][INFO] 2021-12-08 10:33:52,537: [32m[LineDetectorNode] 5101:In the last 16.6 s: received 499 (30.0 fps) processed 100 (6.0 fps) skipped 399 (24.0 fps) (80%)[0m
[rosout][INFO] 2021-12-08 10:34:09,697: [32m[LineDetectorNode] 5201:# segments: white  29 yellow  13 red   0[0m
[rosout][INFO] 2021-12-08 10:34:09,741: [32m[LineDetectorNode] 5201:
Latencies:
               acquired | total latency     7.2 ms | delta wall     None clock     None
                decoded | total latency    83.7 ms | delta wall  76.5 ms clock  67.0 ms
                resized | total latency    85.2 ms | delta wall   1.5 ms clock   1.4 ms
              corrected | total latency    89.7 ms | delta wall   4.5 ms clock   4.5 ms
               detected | total latency   126.0 ms | delta wall  36.3 ms clock  30.4 ms
               prepared | total latency   144.9 ms | delta wall  18.8 ms clock  14.3 ms
          --pub_lines-- | total latency   149.3 ms | delta wall   4.4 ms clock   4.7 ms
                  drawn | total latency   153.6 ms | delta wall   4.3 ms clock   4.2 ms
              pub_image | total latency   154.3 ms | delta wall   0.7 ms clock   0.6 ms
   pub_edge/pub_segment | total latency   185.1 ms | delta wall  30.8 ms clock  29.4 ms
[0m
[rosout][INFO] 2021-12-08 10:34:09,770: [32m[LineDetectorNode] 5201:In the last 17.2 s: received 517 (30.0 fps) processed 100 (5.8 fps) skipped 417 (24.2 fps) (81%)[0m
[rosout][INFO] 2021-12-08 10:34:27,075: [32m[LineDetectorNode] 5301:# segments: white  30 yellow  14 red   0[0m
[rosout][INFO] 2021-12-08 10:34:27,118: [32m[LineDetectorNode] 5301:
Latencies:
               acquired | total latency     9.0 ms | delta wall     None clock     None
                decoded | total latency    76.6 ms | delta wall  67.7 ms clock  47.2 ms
                resized | total latency    78.3 ms | delta wall   1.6 ms clock   1.5 ms
              corrected | total latency    83.8 ms | delta wall   5.5 ms clock   4.7 ms
               detected | total latency   122.7 ms | delta wall  38.9 ms clock  33.7 ms
               prepared | total latency   131.1 ms | delta wall   8.4 ms clock   7.9 ms
          --pub_lines-- | total latency   134.4 ms | delta wall   3.3 ms clock   3.4 ms
                  drawn | total latency   139.0 ms | delta wall   4.6 ms clock   5.1 ms
              pub_image | total latency   140.2 ms | delta wall   1.2 ms clock   0.8 ms
   pub_edge/pub_segment | total latency   169.3 ms | delta wall  29.1 ms clock  29.0 ms
[0m
[rosout][INFO] 2021-12-08 10:34:27,131: [32m[LineDetectorNode] 5301:In the last 17.4 s: received 521 (30.0 fps) processed 100 (5.8 fps) skipped 421 (24.3 fps) (81%)[0m
[rosout][INFO] 2021-12-08 10:34:43,837: [32m[LineDetectorNode] 5401:# segments: white  30 yellow   8 red   0[0m
[rosout][INFO] 2021-12-08 10:34:43,888: [32m[LineDetectorNode] 5401:
Latencies:
               acquired | total latency     7.7 ms | delta wall     None clock     None
                decoded | total latency    82.7 ms | delta wall  75.1 ms clock  46.8 ms
                resized | total latency    84.2 ms | delta wall   1.5 ms clock   1.5 ms
              corrected | total latency    88.8 ms | delta wall   4.6 ms clock   4.5 ms
               detected | total latency   125.4 ms | delta wall  36.5 ms clock  34.9 ms
               prepared | total latency   134.4 ms | delta wall   9.0 ms clock   8.5 ms
          --pub_lines-- | total latency   140.9 ms | delta wall   6.5 ms clock   4.5 ms
                  drawn | total latency   145.9 ms | delta wall   5.0 ms clock   4.5 ms
              pub_image | total latency   146.6 ms | delta wall   0.7 ms clock   0.6 ms
   pub_edge/pub_segment | total latency   180.9 ms | delta wall  34.3 ms clock  31.7 ms
[0m
[rosout][INFO] 2021-12-08 10:34:43,894: [32m[LineDetectorNode] 5401:In the last 16.8 s: received 503 (30.0 fps) processed 100 (6.0 fps) skipped 403 (24.0 fps) (80%)[0m
[rospy.internal][INFO] 2021-12-08 10:34:53,320: [32mtopic[/ss42/line_detector_node/colorSegment] removing connection to /rviz_1638955938398124993[0m
[rosout][INFO] 2021-12-08 10:35:00,923: [32m[LineDetectorNode] 5501:# segments: white  27 yellow  13 red   0[0m
[rosout][INFO] 2021-12-08 10:35:00,981: [32m[LineDetectorNode] 5501:
Latencies:
               acquired | total latency    12.8 ms | delta wall     None clock     None
                decoded | total latency    97.4 ms | delta wall  84.6 ms clock  46.8 ms
                resized | total latency    98.9 ms | delta wall   1.5 ms clock   1.5 ms
              corrected | total latency   110.5 ms | delta wall  11.5 ms clock   8.3 ms
               detected | total latency   150.7 ms | delta wall  40.2 ms clock  33.2 ms
               prepared | total latency   159.7 ms | delta wall   9.0 ms clock   8.5 ms
          --pub_lines-- | total latency   165.8 ms | delta wall   6.1 ms clock   3.8 ms
                  drawn | total latency   173.9 ms | delta wall   8.1 ms clock   5.0 ms
              pub_image | total latency   176.4 ms | delta wall   2.4 ms clock   1.4 ms
   pub_edge/pub_segment | total latency   214.8 ms | delta wall  38.4 ms clock  33.1 ms
[0m
[rosout][INFO] 2021-12-08 10:35:01,007: [32m[LineDetectorNode] 5501:In the last 17.1 s: received 514 (30.0 fps) processed 100 (5.8 fps) skipped 414 (24.2 fps) (81%)[0m
[rosout][INFO] 2021-12-08 10:35:17,287: [32m[LineDetectorNode] 5601:# segments: white  21 yellow  16 red   0[0m
[rosout][INFO] 2021-12-08 10:35:17,331: [32m[LineDetectorNode] 5601:
Latencies:
               acquired | total latency    13.2 ms | delta wall     None clock     None
                decoded | total latency    78.5 ms | delta wall  65.3 ms clock  48.3 ms
                resized | total latency    79.9 ms | delta wall   1.4 ms clock   1.4 ms
              corrected | total latency    84.1 ms | delta wall   4.2 ms clock   4.3 ms
               detected | total latency   120.9 ms | delta wall  36.7 ms clock  31.3 ms
               prepared | total latency   130.8 ms | delta wall   9.9 ms clock   8.5 ms
          --pub_lines-- | total latency   134.0 ms | delta wall   3.2 ms clock   3.2 ms
                  drawn | total latency   144.9 ms | delta wall  11.0 ms clock   7.4 ms
              pub_image | total latency   145.7 ms | delta wall   0.8 ms clock   0.7 ms
   pub_edge/pub_segment | total latency   171.3 ms | delta wall  25.5 ms clock  23.9 ms
[0m
[rosout][INFO] 2021-12-08 10:35:17,343: [32m[LineDetectorNode] 5601:In the last 16.3 s: received 490 (30.0 fps) processed 100 (6.1 fps) skipped 389 (23.8 fps) (79%)[0m
[rosout][INFO] 2021-12-08 10:35:34,408: [32m[LineDetectorNode] 5701:# segments: white  32 yellow   9 red   0[0m
[rosout][INFO] 2021-12-08 10:35:34,492: [32m[LineDetectorNode] 5701:
Latencies:
               acquired | total latency    17.3 ms | delta wall     None clock     None
                decoded | total latency    72.4 ms | delta wall  55.1 ms clock  41.8 ms
                resized | total latency    74.1 ms | delta wall   1.7 ms clock   2.6 ms
              corrected | total latency    80.3 ms | delta wall   6.2 ms clock   6.3 ms
               detected | total latency   117.6 ms | delta wall  37.3 ms clock  32.3 ms
               prepared | total latency   126.9 ms | delta wall   9.3 ms clock   8.1 ms
          --pub_lines-- | total latency   137.6 ms | delta wall  10.7 ms clock   4.7 ms
                  drawn | total latency   154.1 ms | delta wall  16.5 ms clock   8.3 ms
              pub_image | total latency   154.8 ms | delta wall   0.7 ms clock   0.7 ms
   pub_edge/pub_segment | total latency   206.0 ms | delta wall  51.2 ms clock  28.2 ms
[0m
[rosout][INFO] 2021-12-08 10:35:34,528: [32m[LineDetectorNode] 5701:In the last 17.2 s: received 516 (30.0 fps) processed 100 (5.8 fps) skipped 416 (24.2 fps) (81%)[0m
[rosout][INFO] 2021-12-08 10:35:50,755: [32m[LineDetectorNode] 5801:# segments: white  26 yellow  12 red   0[0m
[rosout][INFO] 2021-12-08 10:35:50,802: [32m[LineDetectorNode] 5801:
Latencies:
               acquired | total latency     6.9 ms | delta wall     None clock     None
                decoded | total latency    90.5 ms | delta wall  83.5 ms clock  49.4 ms
                resized | total latency    92.0 ms | delta wall   1.6 ms clock   1.5 ms
              corrected | total latency    97.1 ms | delta wall   5.0 ms clock   4.7 ms
               detected | total latency   134.0 ms | delta wall  36.9 ms clock  32.5 ms
               prepared | total latency   150.5 ms | delta wall  16.5 ms clock  11.9 ms
          --pub_lines-- | total latency   153.5 ms | delta wall   3.0 ms clock   3.1 ms
                  drawn | total latency   158.3 ms | delta wall   4.8 ms clock   5.0 ms
              pub_image | total latency   159.0 ms | delta wall   0.7 ms clock   0.7 ms
   pub_edge/pub_segment | total latency   191.2 ms | delta wall  32.2 ms clock  29.3 ms
[0m
[rosout][INFO] 2021-12-08 10:35:50,819: [32m[LineDetectorNode] 5801:In the last 16.3 s: received 489 (30.0 fps) processed 100 (6.1 fps) skipped 389 (23.9 fps) (80%)[0m
[rosout][INFO] 2021-12-08 10:36:08,244: [32m[LineDetectorNode] 5901:# segments: white  34 yellow  19 red   0[0m
[rosout][INFO] 2021-12-08 10:36:08,316: [32m[LineDetectorNode] 5901:
Latencies:
               acquired | total latency    10.1 ms | delta wall     None clock     None
                decoded | total latency    63.0 ms | delta wall  52.9 ms clock  43.4 ms
                resized | total latency    64.6 ms | delta wall   1.5 ms clock   1.5 ms
              corrected | total latency    69.4 ms | delta wall   4.8 ms clock   4.9 ms
               detected | total latency   100.2 ms | delta wall  30.8 ms clock  32.4 ms
               prepared | total latency   111.6 ms | delta wall  11.3 ms clock  10.9 ms
          --pub_lines-- | total latency   121.4 ms | delta wall   9.8 ms clock   7.7 ms
                  drawn | total latency   126.2 ms | delta wall   4.8 ms clock   4.8 ms
              pub_image | total latency   126.9 ms | delta wall   0.7 ms clock   0.7 ms
   pub_edge/pub_segment | total latency   179.7 ms | delta wall  52.7 ms clock  31.2 ms
[0m
[rosout][INFO] 2021-12-08 10:36:08,324: [32m[LineDetectorNode] 5901:In the last 17.5 s: received 525 (30.0 fps) processed 100 (5.7 fps) skipped 425 (24.3 fps) (81%)[0m
[rosout][INFO] 2021-12-08 10:36:24,376: [32m[LineDetectorNode] 6001:# segments: white  22 yellow  13 red   0[0m
[rosout][INFO] 2021-12-08 10:36:24,422: [32m[LineDetectorNode] 6001:
Latencies:
               acquired | total latency     8.5 ms | delta wall     None clock     None
                decoded | total latency    90.6 ms | delta wall  82.1 ms clock  47.6 ms
                resized | total latency    92.2 ms | delta wall   1.7 ms clock   1.5 ms
              corrected | total latency   107.5 ms | delta wall  15.2 ms clock   7.1 ms
               detected | total latency   135.4 ms | delta wall  28.0 ms clock  26.1 ms
               prepared | total latency   150.8 ms | delta wall  15.4 ms clock  11.4 ms
          --pub_lines-- | total latency   154.3 ms | delta wall   3.5 ms clock   3.3 ms
                  drawn | total latency   157.9 ms | delta wall   3.6 ms clock   3.7 ms
              pub_image | total latency   158.6 ms | delta wall   0.7 ms clock   0.7 ms
   pub_edge/pub_segment | total latency   191.3 ms | delta wall  32.7 ms clock  29.1 ms
[0m
[rosout][INFO] 2021-12-08 10:36:24,438: [32m[LineDetectorNode] 6001:In the last 16.1 s: received 484 (30.0 fps) processed 100 (6.2 fps) skipped 384 (23.8 fps) (79%)[0m
[rosout][INFO] 2021-12-08 10:36:40,984: [32m[LineDetectorNode] 6101:# segments: white  11 yellow  14 red   0[0m
[rosout][INFO] 2021-12-08 10:36:41,029: [32m[LineDetectorNode] 6101:
Latencies:
               acquired | total latency    27.2 ms | delta wall     None clock     None
                decoded | total latency    97.3 ms | delta wall  70.1 ms clock  48.7 ms
                resized | total latency    99.2 ms | delta wall   1.9 ms clock   1.7 ms
              corrected | total latency   118.2 ms | delta wall  19.0 ms clock   9.2 ms
               detected | total latency   158.2 ms | delta wall  40.0 ms clock  28.7 ms
               prepared | total latency   164.7 ms | delta wall   6.5 ms clock   6.5 ms
          --pub_lines-- | total latency   174.1 ms | delta wall   9.4 ms clock   3.9 ms
                  drawn | total latency   178.9 ms | delta wall   4.9 ms clock   5.2 ms
              pub_image | total latency   179.6 ms | delta wall   0.7 ms clock   0.7 ms
   pub_edge/pub_segment | total latency   205.1 ms | delta wall  25.5 ms clock  23.6 ms
[0m
[rosout][INFO] 2021-12-08 10:36:41,040: [32m[LineDetectorNode] 6101:In the last 16.6 s: received 498 (30.0 fps) processed 100 (6.0 fps) skipped 398 (24.0 fps) (80%)[0m
[rosout][INFO] 2021-12-08 10:36:57,414: [32m[LineDetectorNode] 6201:# segments: white  31 yellow  10 red   0[0m
[rosout][INFO] 2021-12-08 10:36:57,486: [32m[LineDetectorNode] 6201:
Latencies:
               acquired | total latency    13.4 ms | delta wall     None clock     None
                decoded | total latency    73.6 ms | delta wall  60.1 ms clock  49.4 ms
                resized | total latency    77.5 ms | delta wall   3.9 ms clock   2.1 ms
              corrected | total latency    81.9 ms | delta wall   4.4 ms clock   4.5 ms
               detected | total latency   119.3 ms | delta wall  37.4 ms clock  32.2 ms
               prepared | total latency   135.5 ms | delta wall  16.2 ms clock  11.8 ms
          --pub_lines-- | total latency   139.1 ms | delta wall   3.6 ms clock   4.0 ms
                  drawn | total latency   160.1 ms | delta wall  20.9 ms clock   5.2 ms
              pub_image | total latency   161.8 ms | delta wall   1.8 ms clock   1.1 ms
   pub_edge/pub_segment | total latency   196.6 ms | delta wall  34.7 ms clock  26.7 ms
[0m
[rosout][INFO] 2021-12-08 10:36:57,499: [32m[LineDetectorNode] 6201:In the last 16.5 s: received 494 (30.0 fps) processed 100 (6.1 fps) skipped 394 (23.9 fps) (80%)[0m
[rosout][INFO] 2021-12-08 10:37:14,158: [32m[LineDetectorNode] 6301:# segments: white  21 yellow  13 red   0[0m
[rosout][INFO] 2021-12-08 10:37:14,181: [32m[LineDetectorNode] 6301:
Latencies:
               acquired | total latency     4.8 ms | delta wall     None clock     None
                decoded | total latency    32.0 ms | delta wall  27.2 ms clock  20.7 ms
                resized | total latency    33.2 ms | delta wall   1.2 ms clock   1.1 ms
              corrected | total latency    37.1 ms | delta wall   3.9 ms clock   3.7 ms
               detected | total latency    52.0 ms | delta wall  14.8 ms clock  16.1 ms
               prepared | total latency    56.0 ms | delta wall   4.0 ms clock   3.8 ms
          --pub_lines-- | total latency    57.5 ms | delta wall   1.5 ms clock   1.8 ms
                  drawn | total latency    59.5 ms | delta wall   1.9 ms clock   1.9 ms
              pub_image | total latency    59.9 ms | delta wall   0.4 ms clock   0.4 ms
   pub_edge/pub_segment | total latency    77.3 ms | delta wall  17.5 ms clock  16.7 ms
[0m
[rosout][INFO] 2021-12-08 10:37:14,208: [32m[LineDetectorNode] 6301:In the last 16.7 s: received 502 (30.1 fps) processed 100 (6.0 fps) skipped 402 (24.1 fps) (80%)[0m
[rospy.internal][ERROR] 2021-12-08 10:37:19,594: [31mUnable to initiate TCP/IP socket to ss42.local:34584 (http://ss42.local:40790/): Traceback (most recent call last):
  File "/opt/ros/kinetic/lib/python2.7/dist-packages/rospy/impl/tcpros_base.py", line 557, in connect
    self.read_header()
  File "/opt/ros/kinetic/lib/python2.7/dist-packages/rospy/impl/tcpros_base.py", line 650, in read_header
    self._validate_header(read_ros_handshake_header(sock, self.read_buff, self.protocol.buff_size))
  File "/opt/ros/kinetic/lib/python2.7/dist-packages/rospy/impl/tcpros_base.py", line 593, in _validate_header
    raise TransportInitError("remote error reported: %s"%header['error'])
TransportInitError: remote error reported: node shutting down
[0m
[rospy.core][INFO] 2021-12-08 10:37:19,597: [32msignal_shutdown [signal-2][0m
[rospy.core][INFO] 2021-12-08 10:37:19,680: [32msignal_shutdown [atexit][0m
