[rospy.client][INFO] 2021-12-08 10:22:20,636: [32minit_node, name[/ss42/ground_projection], pid[2415][0m
[xmlrpc][INFO] 2021-12-08 10:22:20,653: [32mXML-RPC server binding to 0.0.0.0:0[0m
[xmlrpc][INFO] 2021-12-08 10:22:20,662: [32mStarted XML-RPC server [http://ss42.local:35739/][0m
[rospy.init][INFO] 2021-12-08 10:22:20,664: [32mROS Slave URI: [http://ss42.local:35739/][0m
[rospy.impl.masterslave][INFO] 2021-12-08 10:22:20,668: [32m_ready: http://ss42.local:35739/[0m
[xmlrpc][INFO] 2021-12-08 10:22:20,679: [32mxml rpc node: starting XML-RPC server[0m
[rospy.registration][INFO] 2021-12-08 10:22:20,699: [32mRegistering with master node http://ss42.local:11311/[0m
[rospy.init][INFO] 2021-12-08 10:22:20,773: [32mregistered with master[0m
[rospy.rosout][INFO] 2021-12-08 10:22:20,775: [32minitializing /rosout core topic[0m
[rospy.rosout][INFO] 2021-12-08 10:22:20,816: [32mconnected to core topic /rosout[0m
[rospy.simtime][INFO] 2021-12-08 10:22:20,886: [32m/use_sim_time is not set, will not subscribe to simulated time [/clock] topic[0m
[rospy.internal][INFO] 2021-12-08 10:22:21,021: [32mtopic[/rosout] adding connection to [/rosout], count 0[0m
[rosout][INFO] 2021-12-08 10:22:21,285: [32mUsing extrinsic calibration of ss42[0m
[DT][INFO] 2021-12-08 10:22:21,451: [32mLoaded homography for ss42.yaml[0m
[DT][INFO] 2021-12-08 10:22:22,538: [32mLoaded checkerboard parameters[0m
[rosout][INFO] 2021-12-08 10:22:22,539: [32mcamera info topic is /ss42/camera_node/camera_info[0m
[rosout][INFO] 2021-12-08 10:22:22,541: [32mwaiting for camera info[0m
[rospy.internal][INFO] 2021-12-08 10:22:22,601: [32mtopic[/ss42/camera_node/camera_info] adding connection to [http://ss42.local:36917/], count 0[0m
[rospy.internal][INFO] 2021-12-08 10:22:22,749: [32mtopic impl's ref count is zero, deleting topic /ss42/camera_node/camera_info...[0m
[rospy.internal][INFO] 2021-12-08 10:22:22,750: [32mtopic[/ss42/camera_node/camera_info] removing connection to http://ss42.local:36917/[0m
[rosout][INFO] 2021-12-08 10:22:22,777: [32mcamera info received[0m
[rospy.internal][INFO] 2021-12-08 10:22:23,241: [32mtopic[/ss42/ground_projection/lineseglist_out] adding connection to [/ss42/duckiebot_visualizer], count 0[0m
[rospy.internal][INFO] 2021-12-08 10:22:27,026: [32mtopic[/ss42/ground_projection/lineseglist_out] adding connection to [/ss42/lane_filter_node], count 1[0m
[rospy.internal][INFO] 2021-12-08 10:22:27,508: [32mtopic[/ss42/line_detector_node/segment_list] adding connection to [http://ss42.local:44410/], count 0[0m
[rospy.core][INFO] 2021-12-08 10:37:19,566: [32msignal_shutdown [signal-2][0m
[rospy.core][INFO] 2021-12-08 10:37:19,608: [32msignal_shutdown [atexit][0m
