[rospy.client][INFO] 2021-12-08 10:22:20,644: [32minit_node, name[/ss42/inverse_kinematics_node], pid[2383][0m
[xmlrpc][INFO] 2021-12-08 10:22:20,673: [32mXML-RPC server binding to 0.0.0.0:0[0m
[xmlrpc][INFO] 2021-12-08 10:22:20,677: [32mStarted XML-RPC server [http://ss42.local:41167/][0m
[rospy.impl.masterslave][INFO] 2021-12-08 10:22:20,680: [32m_ready: http://ss42.local:41167/[0m
[rospy.init][INFO] 2021-12-08 10:22:20,696: [32mROS Slave URI: [http://ss42.local:41167/][0m
[rospy.registration][INFO] 2021-12-08 10:22:20,720: [32mRegistering with master node http://ss42.local:11311/[0m
[xmlrpc][INFO] 2021-12-08 10:22:20,721: [32mxml rpc node: starting XML-RPC server[0m
[rospy.init][INFO] 2021-12-08 10:22:20,800: [32mregistered with master[0m
[rospy.rosout][INFO] 2021-12-08 10:22:20,802: [32minitializing /rosout core topic[0m
[rospy.rosout][INFO] 2021-12-08 10:22:20,893: [32mconnected to core topic /rosout[0m
[rospy.simtime][INFO] 2021-12-08 10:22:20,947: [32m/use_sim_time is not set, will not subscribe to simulated time [/clock] topic[0m
[rospy.internal][INFO] 2021-12-08 10:22:21,158: [32mtopic[/rosout] adding connection to [/rosout], count 0[0m
[rosout][WARNING] 2021-12-08 10:22:21,274: [33m[/ss42/inverse_kinematics_node] /home/robotikabot/duckiefleet/calibrations/kinematics/ss42.yaml does not exist. Using default.yaml.[0m
[rosout][INFO] 2021-12-08 10:22:21,670: [32m[/ss42/inverse_kinematics_node] ~gain = 1.0 [0m
[rosout][INFO] 2021-12-08 10:22:21,708: [32m[/ss42/inverse_kinematics_node] ~trim = 0.0 [0m
[rosout][INFO] 2021-12-08 10:22:21,777: [32m[/ss42/inverse_kinematics_node] ~baseline = 0.1 [0m
[rosout][INFO] 2021-12-08 10:22:21,821: [32m[/ss42/inverse_kinematics_node] ~radius = 0.0318 [0m
[rosout][INFO] 2021-12-08 10:22:21,904: [32m[/ss42/inverse_kinematics_node] ~k = 27.0 [0m
[rosout][INFO] 2021-12-08 10:22:21,948: [32m[/ss42/inverse_kinematics_node] ~limit = 1.0 [0m
[rosout][INFO] 2021-12-08 10:22:22,180: [32m[/ss42/inverse_kinematics_node] Initialized.[0m
[rosout][INFO] 2021-12-08 10:22:22,184: [32m[/ss42/inverse_kinematics_node] gain: 1.0 trim: 0.0 baseline: 0.1 radius: 0.0318 k: 27.0 limit: 1.0[0m
[rospy.internal][INFO] 2021-12-08 10:22:22,208: [32mtopic[/ss42/car_cmd_switch_node/cmd] adding connection to [http://ss42.local:35635/], count 0[0m
[rospy.internal][INFO] 2021-12-08 10:22:22,273: [32mtopic[/ss42/wheels_driver_node/wheels_cmd] adding connection to [/ss42/wheels_driver_node], count 0[0m
[rospy.core][INFO] 2021-12-08 10:37:25,462: [32msignal_shutdown [signal-2][0m
[rospy.internal][INFO] 2021-12-08 10:37:25,719: [32mtopic[/ss42/wheels_driver_node/wheels_cmd] removing connection to /ss42/wheels_driver_node[0m
[rospy.internal][INFO] 2021-12-08 10:37:25,725: [32mtopic[/rosout] removing connection to /rosout[0m
[rospy.internal][WARNING] 2021-12-08 10:37:25,769: [33mUnknown error initiating TCP/IP socket to ss42.local:34971 (http://ss42.local:35635/): Traceback (most recent call last):
  File "/opt/ros/kinetic/lib/python2.7/dist-packages/rospy/impl/tcpros_base.py", line 558, in connect
    self.local_endpoint = self.socket.getsockname()
AttributeError: 'NoneType' object has no attribute 'getsockname'
[0m
[rospy.internal][INFO] 2021-12-08 10:37:25,751: [32mtopic[/ss42/car_cmd_switch_node/cmd] removing connection to http://ss42.local:35635/[0m
[rospy.impl.masterslave][INFO] 2021-12-08 10:37:25,772: [32msignal-2[0m
[rospy.core][INFO] 2021-12-08 10:37:26,166: [32msignal_shutdown [atexit][0m
