[rospy.client][INFO] 2021-12-08 10:22:05,912: init_node, name[/ss42/lane_controller_node], pid[2419]
[xmlrpc][INFO] 2021-12-08 10:22:05,958: XML-RPC server binding to 0.0.0.0:0
[xmlrpc][INFO] 2021-12-08 10:22:05,969: Started XML-RPC server [http://ss42.local:33340/]
[rospy.init][INFO] 2021-12-08 10:22:05,970: ROS Slave URI: [http://ss42.local:33340/]
[rospy.impl.masterslave][INFO] 2021-12-08 10:22:05,977: _ready: http://ss42.local:33340/
[xmlrpc][INFO] 2021-12-08 10:22:05,999: xml rpc node: starting XML-RPC server
[rospy.registration][INFO] 2021-12-08 10:22:06,002: Registering with master node http://ss42.local:11311/
[rospy.init][INFO] 2021-12-08 10:22:06,078: registered with master
[rospy.rosout][INFO] 2021-12-08 10:22:06,080: initializing /rosout core topic
[rospy.rosout][INFO] 2021-12-08 10:22:06,143: connected to core topic /rosout
[rospy.simtime][INFO] 2021-12-08 10:22:06,180: /use_sim_time is not set, will not subscribe to simulated time [/clock] topic
[rosout][INFO] 2021-12-08 10:22:06,421: [/ss42/lane_controller_node] ~v_bar = 0.3864 
[rospy.internal][INFO] 2021-12-08 10:22:06,424: topic[/rosout] adding connection to [/rosout], count 0
[rosout][INFO] 2021-12-08 10:22:06,475: [/ss42/lane_controller_node] ~k_d = -10.3 
[rosout][INFO] 2021-12-08 10:22:06,567: [/ss42/lane_controller_node] ~k_theta = -5.15 
[rosout][INFO] 2021-12-08 10:22:06,610: [/ss42/lane_controller_node] ~d_thres = 0.2615 
[rosout][INFO] 2021-12-08 10:22:06,652: [/ss42/lane_controller_node] ~theta_thres = 0.523 
[rosout][INFO] 2021-12-08 10:22:06,688: [/ss42/lane_controller_node] ~d_offset = 0.0 
[rosout][INFO] 2021-12-08 10:22:06,829: [/ss42/lane_controller_node] Initialized 
[rospy.internal][INFO] 2021-12-08 10:22:06,885: topic[/ss42/lane_controller_node/car_cmd] adding connection to [/ss42/car_cmd_switch_node], count 0
[rospy.internal][INFO] 2021-12-08 10:22:27,080: topic[/ss42/lane_filter_node/lane_pose] adding connection to [http://ss42.local:43722/], count 0
[rospy.core][INFO] 2021-12-08 10:37:19,390: signal_shutdown [signal-2]
[rospy.core][INFO] 2021-12-08 10:37:19,420: signal_shutdown [atexit]
