[rospy.client][INFO] 2021-12-08 10:22:25,148: [32minit_node, name[/ss42/anti_instagram_node], pid[2433][0m
[xmlrpc][INFO] 2021-12-08 10:22:25,154: [32mXML-RPC server binding to 0.0.0.0:0[0m
[rospy.init][INFO] 2021-12-08 10:22:25,160: [32mROS Slave URI: [http://ss42.local:40790/][0m
[xmlrpc][INFO] 2021-12-08 10:22:25,162: [32mStarted XML-RPC server [http://ss42.local:40790/][0m
[rospy.impl.masterslave][INFO] 2021-12-08 10:22:25,164: [32m_ready: http://ss42.local:40790/[0m
[rospy.registration][INFO] 2021-12-08 10:22:25,174: [32mRegistering with master node http://ss42.local:11311/[0m
[xmlrpc][INFO] 2021-12-08 10:22:25,175: [32mxml rpc node: starting XML-RPC server[0m
[rospy.init][INFO] 2021-12-08 10:22:25,263: [32mregistered with master[0m
[rospy.rosout][INFO] 2021-12-08 10:22:25,264: [32minitializing /rosout core topic[0m
[rospy.rosout][INFO] 2021-12-08 10:22:25,294: [32mconnected to core topic /rosout[0m
[rospy.simtime][INFO] 2021-12-08 10:22:25,317: [32m/use_sim_time is not set, will not subscribe to simulated time [/clock] topic[0m
[rospy.internal][INFO] 2021-12-08 10:22:25,677: [32mtopic[/ss42/anti_instagram_node/click] adding connection to [http://ss42.local:39913/], count 0[0m
[rospy.internal][INFO] 2021-12-08 10:22:25,688: [32mtopic[/rosout] adding connection to [/rosout], count 0[0m
[rospy.internal][INFO] 2021-12-08 10:22:25,693: [32mtopic[/ss42/camera_node/image/compressed] adding connection to [http://ss42.local:33661/], count 0[0m
[rospy.internal][INFO] 2021-12-08 10:22:27,615: [32mtopic[/ss42/anti_instagram_node/transform] adding connection to [/ss42/line_detector_node], count 0[0m
[rosout][INFO] 2021-12-08 10:22:44,125: [32mai: Computing color transform...[0m
[DT][INFO] 2021-12-08 10:22:47,157: [32mpicked 3 colors[0m
[rosout][INFO] 2021-12-08 10:22:47,208: [32mai: Color transform published.[0m
[rosout][INFO] 2021-12-08 10:24:44,362: [32mai: Color transform is turned OFF![0m
[rosout][INFO] 2021-12-08 10:24:57,678: [32mai: Computing color transform...[0m
[DT][INFO] 2021-12-08 10:24:59,349: [32mpicked 3 colors[0m
[rosout][INFO] 2021-12-08 10:24:59,358: [32mai: Color transform published.[0m
[rospy.core][INFO] 2021-12-08 10:37:19,278: [32msignal_shutdown [signal-2][0m
[rospy.internal][INFO] 2021-12-08 10:37:19,529: [32mtopic[/ss42/anti_instagram_node/transform] removing connection to /ss42/line_detector_node[0m
[rospy.internal][INFO] 2021-12-08 10:37:19,559: [32mtopic[/rosout] removing connection to /rosout[0m
[rospy.internal][INFO] 2021-12-08 10:37:19,589: [32mtopic[/ss42/anti_instagram_node/click] removing connection to http://ss42.local:39913/[0m
[rospy.internal][INFO] 2021-12-08 10:37:19,641: [32mtopic[/ss42/camera_node/image/compressed] removing connection to http://ss42.local:33661/[0m
[rospy.internal][WARNING] 2021-12-08 10:37:19,659: [33mUnknown error initiating TCP/IP socket to ss42.local:44597 (http://ss42.local:33661/): Traceback (most recent call last):
  File "/opt/ros/kinetic/lib/python2.7/dist-packages/rospy/impl/tcpros_base.py", line 557, in connect
    self.read_header()
  File "/opt/ros/kinetic/lib/python2.7/dist-packages/rospy/impl/tcpros_base.py", line 650, in read_header
    self._validate_header(read_ros_handshake_header(sock, self.read_buff, self.protocol.buff_size))
AttributeError: 'NoneType' object has no attribute 'buff_size'
[0m
[rospy.topics][ERROR] 2021-12-08 10:37:19,700: [31mTraceback (most recent call last):
  File "/opt/ros/kinetic/lib/python2.7/dist-packages/rospy/topics.py", line 326, in close
    c.close()
  File "/opt/ros/kinetic/lib/python2.7/dist-packages/rospy/impl/tcpros_base.py", line 838, in close
    self.socket.close()
AttributeError: 'NoneType' object has no attribute 'close'
[0m
[rospy.impl.masterslave][INFO] 2021-12-08 10:37:19,710: [32msignal-2[0m
[rospy.core][INFO] 2021-12-08 10:37:19,948: [32msignal_shutdown [atexit][0m
