[rosmaster.main][INFO] 2021-11-01 02:25:41,786: initialization complete, waiting for shutdown
[rosmaster.main][INFO] 2021-11-01 02:25:41,787: Starting ROS Master Node
[xmlrpc][INFO] 2021-11-01 02:25:41,792: XML-RPC server binding to 0.0.0.0:11311
[xmlrpc][INFO] 2021-11-01 02:25:41,794: Started XML-RPC server [http://ss42.local:11311/]
[rosmaster.master][INFO] 2021-11-01 02:25:41,795: Master initialized: port[11311], uri[http://ss42.local:11311/]
[xmlrpc][INFO] 2021-11-01 02:25:41,796: xml rpc node: starting XML-RPC server
[rosmaster.master][INFO] 2021-11-01 02:25:41,915: +PARAM [/run_id] by /roslaunch
[rosmaster.master][INFO] 2021-11-01 02:25:41,926: +PARAM [/roslaunch/uris/host_ss42_local__39858] by /roslaunch
[rosmaster.master][INFO] 2021-11-01 02:25:43,016: +PARAM [/ss42/joy/coalesce_interval] by /roslaunch
[rosmaster.master][INFO] 2021-11-01 02:25:43,017: +PARAM [/rosdistro] by /roslaunch
[rosmaster.master][INFO] 2021-11-01 02:25:43,019: +PARAM [/ss42/joy_mapper_node/steer_angle_gain] by /roslaunch
[rosmaster.master][INFO] 2021-11-01 02:25:43,020: +PARAM [/ss42/joy/dev] by /roslaunch
[rosmaster.master][INFO] 2021-11-01 02:25:43,022: +PARAM [/ss42/joy_mapper_node/simulated_vehicle_length] by /roslaunch
[rosmaster.master][INFO] 2021-11-01 02:25:43,023: +PARAM [/ss42/joy_mapper_node/bicycle_kinematics] by /roslaunch
[rosmaster.master][INFO] 2021-11-01 02:25:43,024: +PARAM [/rosversion] by /roslaunch
[rosmaster.master][INFO] 2021-11-01 02:25:43,025: +PARAM [/ss42/joy/deadzone] by /roslaunch
[rosmaster.master][INFO] 2021-11-01 02:25:43,026: +PARAM [/ss42/joy/autorepeat_rate] by /roslaunch
[rosmaster.master][INFO] 2021-11-01 02:25:43,028: +PARAM [/ss42/joy_mapper_node/steer_gain] by /roslaunch
[rosmaster.master][INFO] 2021-11-01 02:25:43,029: +PARAM [/ss42/joy_mapper_node/speed_gain] by /roslaunch
[rosmaster.master][INFO] 2021-11-01 02:25:43,421: +PUB [/rosout] /ss42/joy http://ss42.local:43679/
[rosmaster.master][INFO] 2021-11-01 02:25:43,427: +SERVICE [/rosout/get_loggers] /rosout http://ss42.local:45708/
[rosmaster.master][INFO] 2021-11-01 02:25:43,469: +SERVICE [/rosout/set_logger_level] /rosout http://ss42.local:45708/
[rosmaster.master][INFO] 2021-11-01 02:25:43,484: +SERVICE [/ss42/joy/get_loggers] /ss42/joy http://ss42.local:43679/
[rosmaster.master][INFO] 2021-11-01 02:25:43,509: +SERVICE [/ss42/joy/set_logger_level] /ss42/joy http://ss42.local:43679/
[rosmaster.master][INFO] 2021-11-01 02:25:43,555: +PUB [/rosout_agg] /rosout http://ss42.local:45708/
[rosmaster.master][INFO] 2021-11-01 02:25:43,572: +PUB [/diagnostics] /ss42/joy http://ss42.local:43679/
[rosmaster.master][INFO] 2021-11-01 02:25:43,702: +PUB [/ss42/joy] /ss42/joy http://ss42.local:43679/
[rosmaster.master][INFO] 2021-11-01 02:25:43,766: +SUB [/rosout] /rosout http://ss42.local:45708/
[rosmaster.master][INFO] 2021-11-01 02:25:46,351: +PUB [/rosout] /ss42/joy_mapper_node http://ss42.local:41745/
[rosmaster.master][INFO] 2021-11-01 02:25:46,394: +SERVICE [/ss42/joy_mapper_node/get_loggers] /ss42/joy_mapper_node http://ss42.local:41745/
[rosmaster.master][INFO] 2021-11-01 02:25:46,408: +SERVICE [/ss42/joy_mapper_node/set_logger_level] /ss42/joy_mapper_node http://ss42.local:41745/
[rosmaster.master][INFO] 2021-11-01 02:25:46,425: publisherUpdate[/rosout] -> http://ss42.local:45708/ ['http://ss42.local:43679/', 'http://ss42.local:41745/']
[rosmaster.master][INFO] 2021-11-01 02:25:46,455: +PARAM [/ss42/joy_mapper_node/speed_gain] by /ss42/joy_mapper_node
[rosmaster.master][INFO] 2021-11-01 02:25:46,458: publisherUpdate[/rosout] -> http://ss42.local:45708/ ['http://ss42.local:43679/', 'http://ss42.local:41745/']: sec=0.03, result=[1, '', 0]
[rosmaster.master][INFO] 2021-11-01 02:25:46,513: +PARAM [/ss42/joy_mapper_node/steer_gain] by /ss42/joy_mapper_node
[rosmaster.master][INFO] 2021-11-01 02:25:46,557: +PARAM [/ss42/joy_mapper_node/bicycle_kinematics] by /ss42/joy_mapper_node
[rosmaster.master][INFO] 2021-11-01 02:25:46,618: +PARAM [/ss42/joy_mapper_node/steer_angle_gain] by /ss42/joy_mapper_node
[rosmaster.master][INFO] 2021-11-01 02:25:46,657: +PARAM [/ss42/joy_mapper_node/simulated_vehicle_length] by /ss42/joy_mapper_node
[rosmaster.master][INFO] 2021-11-01 02:25:46,682: +PUB [/ss42/joy_mapper_node/car_cmd] /ss42/joy_mapper_node http://ss42.local:41745/
[rosmaster.master][INFO] 2021-11-01 02:25:46,703: +PUB [/ss42/joy_mapper_node/joystick_override] /ss42/joy_mapper_node http://ss42.local:41745/
[rosmaster.master][INFO] 2021-11-01 02:25:46,720: +PUB [/ss42/joy_mapper_node/parallel_autonomy] /ss42/joy_mapper_node http://ss42.local:41745/
[rosmaster.master][INFO] 2021-11-01 02:25:46,735: +PUB [/ss42/anti_instagram_node/click] /ss42/joy_mapper_node http://ss42.local:41745/
[rosmaster.master][INFO] 2021-11-01 02:25:46,748: +PUB [/ss42/wheels_driver_node/emergency_stop] /ss42/joy_mapper_node http://ss42.local:41745/
[rosmaster.master][INFO] 2021-11-01 02:25:46,767: +PUB [/ss42/joy_mapper_node/start_avoidance] /ss42/joy_mapper_node http://ss42.local:41745/
[rosmaster.master][INFO] 2021-11-01 02:25:46,798: +SUB [/ss42/joy] /ss42/joy_mapper_node http://ss42.local:41745/
[rosmaster.master][INFO] 2021-11-01 02:25:46,925: +PUB [/rosout] /ss42/wheels_driver_node http://ss42.local:43657/
[rosmaster.master][INFO] 2021-11-01 02:25:46,946: publisherUpdate[/rosout] -> http://ss42.local:45708/ ['http://ss42.local:43679/', 'http://ss42.local:41745/', 'http://ss42.local:43657/']
[rosmaster.master][INFO] 2021-11-01 02:25:46,955: publisherUpdate[/rosout] -> http://ss42.local:45708/ ['http://ss42.local:43679/', 'http://ss42.local:41745/', 'http://ss42.local:43657/']: sec=0.01, result=[1, '', 0]
[rosmaster.master][INFO] 2021-11-01 02:25:46,989: +SERVICE [/ss42/wheels_driver_node/get_loggers] /ss42/wheels_driver_node http://ss42.local:43657/
[rosmaster.master][INFO] 2021-11-01 02:25:47,006: +SERVICE [/ss42/wheels_driver_node/set_logger_level] /ss42/wheels_driver_node http://ss42.local:43657/
[rosmaster.master][INFO] 2021-11-01 02:25:47,083: +PUB [/ss42/wheels_driver_node/wheels_cmd_executed] /ss42/wheels_driver_node http://ss42.local:43657/
[rosmaster.master][INFO] 2021-11-01 02:25:47,123: +SUB [/ss42/wheels_driver_node/wheels_cmd] /ss42/wheels_driver_node http://ss42.local:43657/
[rosmaster.master][INFO] 2021-11-01 02:25:47,168: +SUB [/ss42/wheels_driver_node/emergency_stop] /ss42/wheels_driver_node http://ss42.local:43657/
[rosmaster.master][INFO] 2021-11-01 02:25:47,630: +PUB [/rosout] /ss42/velocity_to_pose_node http://ss42.local:41485/
[rosmaster.master][INFO] 2021-11-01 02:25:47,661: +SERVICE [/ss42/velocity_to_pose_node/get_loggers] /ss42/velocity_to_pose_node http://ss42.local:41485/
[rosmaster.master][INFO] 2021-11-01 02:25:47,663: publisherUpdate[/rosout] -> http://ss42.local:45708/ ['http://ss42.local:43679/', 'http://ss42.local:41745/', 'http://ss42.local:43657/', 'http://ss42.local:41485/']
[rosmaster.master][INFO] 2021-11-01 02:25:47,671: publisherUpdate[/rosout] -> http://ss42.local:45708/ ['http://ss42.local:43679/', 'http://ss42.local:41745/', 'http://ss42.local:43657/', 'http://ss42.local:41485/']: sec=0.01, result=[1, '', 0]
[rosmaster.master][INFO] 2021-11-01 02:25:47,675: +SERVICE [/ss42/velocity_to_pose_node/set_logger_level] /ss42/velocity_to_pose_node http://ss42.local:41485/
[rosmaster.master][INFO] 2021-11-01 02:25:47,697: +SUB [/ss42/forward_kinematics_node/velocity] /ss42/velocity_to_pose_node http://ss42.local:41485/
[rosmaster.master][INFO] 2021-11-01 02:25:47,711: +PUB [/ss42/velocity_to_pose_node/pose] /ss42/velocity_to_pose_node http://ss42.local:41485/
[rosmaster.master][INFO] 2021-11-01 02:25:54,275: +PUB [/rosout] /ss42/inverse_kinematics_node http://ss42.local:42961/
[rosmaster.master][INFO] 2021-11-01 02:25:54,282: publisherUpdate[/rosout] -> http://ss42.local:45708/ ['http://ss42.local:43679/', 'http://ss42.local:41745/', 'http://ss42.local:43657/', 'http://ss42.local:41485/', 'http://ss42.local:42961/']
[rosmaster.master][INFO] 2021-11-01 02:25:54,289: publisherUpdate[/rosout] -> http://ss42.local:45708/ ['http://ss42.local:43679/', 'http://ss42.local:41745/', 'http://ss42.local:43657/', 'http://ss42.local:41485/', 'http://ss42.local:42961/']: sec=0.01, result=[1, '', 0]
[rosmaster.master][INFO] 2021-11-01 02:25:54,304: +SERVICE [/ss42/inverse_kinematics_node/get_loggers] /ss42/inverse_kinematics_node http://ss42.local:42961/
[rosmaster.master][INFO] 2021-11-01 02:25:54,315: +SERVICE [/ss42/inverse_kinematics_node/set_logger_level] /ss42/inverse_kinematics_node http://ss42.local:42961/
[rosmaster.master][INFO] 2021-11-01 02:25:54,333: +PUB [/rosout] /ss42/forward_kinematics_node http://ss42.local:42674/
[rosmaster.master][INFO] 2021-11-01 02:25:54,359: +SERVICE [/ss42/forward_kinematics_node/get_loggers] /ss42/forward_kinematics_node http://ss42.local:42674/
[rosmaster.master][INFO] 2021-11-01 02:25:54,363: +PARAM [/ss42/inverse_kinematics_node/gain] by /ss42/inverse_kinematics_node
[rosmaster.master][INFO] 2021-11-01 02:25:54,374: +SERVICE [/ss42/forward_kinematics_node/set_logger_level] /ss42/forward_kinematics_node http://ss42.local:42674/
[rosmaster.master][INFO] 2021-11-01 02:25:54,384: publisherUpdate[/rosout] -> http://ss42.local:45708/ ['http://ss42.local:43679/', 'http://ss42.local:41745/', 'http://ss42.local:43657/', 'http://ss42.local:41485/', 'http://ss42.local:42961/', 'http://ss42.local:42674/']
[rosmaster.master][INFO] 2021-11-01 02:25:54,393: +PARAM [/ss42/inverse_kinematics_node/trim] by /ss42/inverse_kinematics_node
[rosmaster.master][INFO] 2021-11-01 02:25:54,402: publisherUpdate[/rosout] -> http://ss42.local:45708/ ['http://ss42.local:43679/', 'http://ss42.local:41745/', 'http://ss42.local:43657/', 'http://ss42.local:41485/', 'http://ss42.local:42961/', 'http://ss42.local:42674/']: sec=0.02, result=[1, '', 0]
[rosmaster.master][INFO] 2021-11-01 02:25:54,412: +PARAM [/ss42/forward_kinematics_node/gain] by /ss42/forward_kinematics_node
[rosmaster.master][INFO] 2021-11-01 02:25:54,424: +PARAM [/ss42/inverse_kinematics_node/baseline] by /ss42/inverse_kinematics_node
[rosmaster.master][INFO] 2021-11-01 02:25:54,430: +PARAM [/ss42/forward_kinematics_node/trim] by /ss42/forward_kinematics_node
[rosmaster.master][INFO] 2021-11-01 02:25:54,436: +PARAM [/ss42/inverse_kinematics_node/k] by /ss42/inverse_kinematics_node
[rosmaster.master][INFO] 2021-11-01 02:25:54,443: +PARAM [/ss42/forward_kinematics_node/baseline] by /ss42/forward_kinematics_node
[rosmaster.master][INFO] 2021-11-01 02:25:54,454: +PARAM [/ss42/inverse_kinematics_node/radius] by /ss42/inverse_kinematics_node
[rosmaster.master][INFO] 2021-11-01 02:25:54,458: +PARAM [/ss42/forward_kinematics_node/k] by /ss42/forward_kinematics_node
[rosmaster.master][INFO] 2021-11-01 02:25:54,465: +PARAM [/ss42/inverse_kinematics_node/limit] by /ss42/inverse_kinematics_node
[rosmaster.master][INFO] 2021-11-01 02:25:54,471: +PARAM [/ss42/forward_kinematics_node/radius] by /ss42/forward_kinematics_node
[rosmaster.master][INFO] 2021-11-01 02:25:54,489: +PARAM [/ss42/inverse_kinematics_node/gain] by /ss42/inverse_kinematics_node
[rosmaster.master][INFO] 2021-11-01 02:25:54,494: +PARAM [/ss42/forward_kinematics_node/gain] by /ss42/forward_kinematics_node
[rosmaster.master][INFO] 2021-11-01 02:25:54,523: +PARAM [/ss42/inverse_kinematics_node/trim] by /ss42/inverse_kinematics_node
[rosmaster.master][INFO] 2021-11-01 02:25:54,533: +PARAM [/ss42/forward_kinematics_node/trim] by /ss42/forward_kinematics_node
[rosmaster.master][INFO] 2021-11-01 02:25:54,554: +PARAM [/ss42/inverse_kinematics_node/baseline] by /ss42/inverse_kinematics_node
[rosmaster.master][INFO] 2021-11-01 02:25:54,559: +PARAM [/ss42/forward_kinematics_node/baseline] by /ss42/forward_kinematics_node
[rosmaster.master][INFO] 2021-11-01 02:25:54,581: +PARAM [/ss42/inverse_kinematics_node/radius] by /ss42/inverse_kinematics_node
[rosmaster.master][INFO] 2021-11-01 02:25:54,597: +PARAM [/ss42/forward_kinematics_node/radius] by /ss42/forward_kinematics_node
[rosmaster.master][INFO] 2021-11-01 02:25:54,625: +PARAM [/ss42/inverse_kinematics_node/k] by /ss42/inverse_kinematics_node
[rosmaster.master][INFO] 2021-11-01 02:25:54,629: +PARAM [/ss42/forward_kinematics_node/k] by /ss42/forward_kinematics_node
[rosmaster.master][INFO] 2021-11-01 02:25:54,654: +PUB [/ss42/forward_kinematics_node/velocity] /ss42/forward_kinematics_node http://ss42.local:42674/
[rosmaster.master][INFO] 2021-11-01 02:25:54,659: +PARAM [/ss42/inverse_kinematics_node/limit] by /ss42/inverse_kinematics_node
[rosmaster.master][INFO] 2021-11-01 02:25:54,675: +SERVICE [/ss42/inverse_kinematics_node/set_gain] /ss42/inverse_kinematics_node http://ss42.local:42961/
[rosmaster.master][INFO] 2021-11-01 02:25:54,681: +SUB [/ss42/wheels_driver_node/wheels_cmd_executed] /ss42/forward_kinematics_node http://ss42.local:42674/
[rosmaster.master][INFO] 2021-11-01 02:25:54,687: +SERVICE [/ss42/inverse_kinematics_node/set_trim] /ss42/inverse_kinematics_node http://ss42.local:42961/
[rosmaster.master][INFO] 2021-11-01 02:25:54,695: publisherUpdate[/ss42/forward_kinematics_node/velocity] -> http://ss42.local:41485/ ['http://ss42.local:42674/']
[rosmaster.master][INFO] 2021-11-01 02:25:54,705: +SERVICE [/ss42/inverse_kinematics_node/set_baseline] /ss42/inverse_kinematics_node http://ss42.local:42961/
[rosmaster.master][INFO] 2021-11-01 02:25:54,709: publisherUpdate[/ss42/forward_kinematics_node/velocity] -> http://ss42.local:41485/ ['http://ss42.local:42674/']: sec=0.01, result=[1, '', 0]
[rosmaster.master][INFO] 2021-11-01 02:25:54,720: +SERVICE [/ss42/inverse_kinematics_node/set_radius] /ss42/inverse_kinematics_node http://ss42.local:42961/
[rosmaster.master][INFO] 2021-11-01 02:25:54,735: +SERVICE [/ss42/inverse_kinematics_node/set_k] /ss42/inverse_kinematics_node http://ss42.local:42961/
[rosmaster.master][INFO] 2021-11-01 02:25:54,754: +SERVICE [/ss42/inverse_kinematics_node/set_limit] /ss42/inverse_kinematics_node http://ss42.local:42961/
[rosmaster.master][INFO] 2021-11-01 02:25:54,768: +SERVICE [/ss42/inverse_kinematics_node/save_calibration] /ss42/inverse_kinematics_node http://ss42.local:42961/
[rosmaster.master][INFO] 2021-11-01 02:25:54,789: +SUB [/ss42/joy_mapper_node/car_cmd] /ss42/inverse_kinematics_node http://ss42.local:42961/
[rosmaster.master][INFO] 2021-11-01 02:25:54,801: +PUB [/ss42/wheels_driver_node/wheels_cmd] /ss42/inverse_kinematics_node http://ss42.local:42961/
[rosmaster.master][INFO] 2021-11-01 02:25:54,801: publisherUpdate[/ss42/wheels_driver_node/wheels_cmd] -> http://ss42.local:43657/ ['http://ss42.local:42961/']
[rosmaster.master][INFO] 2021-11-01 02:25:54,818: publisherUpdate[/ss42/wheels_driver_node/wheels_cmd] -> http://ss42.local:43657/ ['http://ss42.local:42961/']: sec=0.01, result=[1, '', 0]
[rosmaster.master][INFO] 2021-11-01 02:30:30,913: -SUB [/ss42/forward_kinematics_node/velocity] /ss42/velocity_to_pose_node http://ss42.local:41485/
[rosmaster.master][INFO] 2021-11-01 02:30:30,914: -PUB [/rosout] /ss42/velocity_to_pose_node http://ss42.local:41485/
[rosmaster.master][INFO] 2021-11-01 02:30:30,917: -PUB [/ss42/velocity_to_pose_node/pose] /ss42/velocity_to_pose_node http://ss42.local:41485/
[rosmaster.master][INFO] 2021-11-01 02:30:30,918: -SERVICE [/ss42/velocity_to_pose_node/set_logger_level] /ss42/velocity_to_pose_node rosrpc://ss42.local:34488
[rosmaster.master][INFO] 2021-11-01 02:30:30,919: -SERVICE [/ss42/velocity_to_pose_node/get_loggers] /ss42/velocity_to_pose_node rosrpc://ss42.local:34488
[rosmaster.master][INFO] 2021-11-01 02:30:30,931: publisherUpdate[/rosout] -> http://ss42.local:45708/ ['http://ss42.local:43679/', 'http://ss42.local:41745/', 'http://ss42.local:43657/', 'http://ss42.local:42961/', 'http://ss42.local:42674/']
[rosmaster.master][INFO] 2021-11-01 02:30:30,930: -SUB [/ss42/wheels_driver_node/wheels_cmd_executed] /ss42/forward_kinematics_node http://ss42.local:42674/
[rosmaster.master][INFO] 2021-11-01 02:30:30,935: -PUB [/ss42/forward_kinematics_node/velocity] /ss42/forward_kinematics_node http://ss42.local:42674/
[rosmaster.master][INFO] 2021-11-01 02:30:30,937: -PUB [/rosout] /ss42/forward_kinematics_node http://ss42.local:42674/
[rosmaster.master][INFO] 2021-11-01 02:30:30,938: -SERVICE [/ss42/forward_kinematics_node/set_logger_level] /ss42/forward_kinematics_node rosrpc://ss42.local:34766
[rosmaster.master][INFO] 2021-11-01 02:30:30,939: -SERVICE [/ss42/forward_kinematics_node/get_loggers] /ss42/forward_kinematics_node rosrpc://ss42.local:34766
[rosmaster.master][INFO] 2021-11-01 02:30:30,943: publisherUpdate[/rosout] -> http://ss42.local:45708/ ['http://ss42.local:43679/', 'http://ss42.local:41745/', 'http://ss42.local:43657/', 'http://ss42.local:42961/', 'http://ss42.local:42674/']: sec=0.01, result=[1, '', 0]
[rosmaster.master][INFO] 2021-11-01 02:30:30,956: publisherUpdate[/rosout] -> http://ss42.local:45708/ ['http://ss42.local:43679/', 'http://ss42.local:41745/', 'http://ss42.local:43657/', 'http://ss42.local:42961/']
[rosmaster.master][INFO] 2021-11-01 02:30:30,956: -SUB [/ss42/wheels_driver_node/emergency_stop] /ss42/wheels_driver_node http://ss42.local:43657/
[rosmaster.master][INFO] 2021-11-01 02:30:30,961: publisherUpdate[/rosout] -> http://ss42.local:45708/ ['http://ss42.local:43679/', 'http://ss42.local:41745/', 'http://ss42.local:43657/', 'http://ss42.local:42961/']: sec=0.00, result=[1, '', 0]
[rosmaster.master][INFO] 2021-11-01 02:30:30,964: -SUB [/ss42/wheels_driver_node/wheels_cmd] /ss42/wheels_driver_node http://ss42.local:43657/
[rosmaster.master][INFO] 2021-11-01 02:30:30,965: -PUB [/ss42/wheels_driver_node/wheels_cmd_executed] /ss42/wheels_driver_node http://ss42.local:43657/
[rosmaster.master][INFO] 2021-11-01 02:30:30,967: -PUB [/rosout] /ss42/wheels_driver_node http://ss42.local:43657/
[rosmaster.master][INFO] 2021-11-01 02:30:30,968: -SERVICE [/ss42/wheels_driver_node/get_loggers] /ss42/wheels_driver_node rosrpc://ss42.local:40610
[rosmaster.master][INFO] 2021-11-01 02:30:30,969: -SERVICE [/ss42/wheels_driver_node/set_logger_level] /ss42/wheels_driver_node rosrpc://ss42.local:40610
[rosmaster.master][INFO] 2021-11-01 02:30:30,987: -SUB [/ss42/joy_mapper_node/car_cmd] /ss42/inverse_kinematics_node http://ss42.local:42961/
[rosmaster.master][INFO] 2021-11-01 02:30:30,988: -PUB [/ss42/wheels_driver_node/wheels_cmd] /ss42/inverse_kinematics_node http://ss42.local:42961/
[rosmaster.master][INFO] 2021-11-01 02:30:30,989: -PUB [/rosout] /ss42/inverse_kinematics_node http://ss42.local:42961/
[rosmaster.master][INFO] 2021-11-01 02:30:30,991: -SERVICE [/ss42/inverse_kinematics_node/set_radius] /ss42/inverse_kinematics_node rosrpc://ss42.local:35002
[rosmaster.master][INFO] 2021-11-01 02:30:30,992: -SERVICE [/ss42/inverse_kinematics_node/set_limit] /ss42/inverse_kinematics_node rosrpc://ss42.local:35002
[rosmaster.master][INFO] 2021-11-01 02:30:30,993: -SERVICE [/ss42/inverse_kinematics_node/set_baseline] /ss42/inverse_kinematics_node rosrpc://ss42.local:35002
[rosmaster.master][INFO] 2021-11-01 02:30:30,995: -SERVICE [/ss42/inverse_kinematics_node/set_trim] /ss42/inverse_kinematics_node rosrpc://ss42.local:35002
[rosmaster.master][INFO] 2021-11-01 02:30:30,996: -SERVICE [/ss42/inverse_kinematics_node/set_gain] /ss42/inverse_kinematics_node rosrpc://ss42.local:35002
[rosmaster.master][INFO] 2021-11-01 02:30:30,998: -SERVICE [/ss42/inverse_kinematics_node/set_logger_level] /ss42/inverse_kinematics_node rosrpc://ss42.local:35002
[rosmaster.master][INFO] 2021-11-01 02:30:30,999: -SERVICE [/ss42/inverse_kinematics_node/get_loggers] /ss42/inverse_kinematics_node rosrpc://ss42.local:35002
[rosmaster.master][INFO] 2021-11-01 02:30:31,000: -SERVICE [/ss42/inverse_kinematics_node/set_k] /ss42/inverse_kinematics_node rosrpc://ss42.local:35002
[rosmaster.master][INFO] 2021-11-01 02:30:31,023: -SUB [/ss42/joy] /ss42/joy_mapper_node http://ss42.local:41745/
[rosmaster.master][INFO] 2021-11-01 02:30:31,024: -SERVICE [/ss42/inverse_kinematics_node/save_calibration] /ss42/inverse_kinematics_node rosrpc://ss42.local:35002
[rosmaster.master][INFO] 2021-11-01 02:30:31,028: -PUB [/ss42/joy_mapper_node/joystick_override] /ss42/joy_mapper_node http://ss42.local:41745/
[rosmaster.master][INFO] 2021-11-01 02:30:31,030: -PUB [/ss42/wheels_driver_node/emergency_stop] /ss42/joy_mapper_node http://ss42.local:41745/
[rosmaster.master][INFO] 2021-11-01 02:30:31,032: -PUB [/rosout] /ss42/joy_mapper_node http://ss42.local:41745/
[rosmaster.master][INFO] 2021-11-01 02:30:31,033: publisherUpdate[/rosout] -> http://ss42.local:45708/ ['http://ss42.local:43679/', 'http://ss42.local:41745/', 'http://ss42.local:42961/']
[rosmaster.master][INFO] 2021-11-01 02:30:31,034: -PUB [/ss42/joy_mapper_node/parallel_autonomy] /ss42/joy_mapper_node http://ss42.local:41745/
[rosmaster.master][INFO] 2021-11-01 02:30:31,039: publisherUpdate[/rosout] -> http://ss42.local:45708/ ['http://ss42.local:43679/', 'http://ss42.local:41745/', 'http://ss42.local:42961/']: sec=0.00, result=[1, '', 0]
[rosmaster.master][INFO] 2021-11-01 02:30:31,040: -PUB [/ss42/joy_mapper_node/start_avoidance] /ss42/joy_mapper_node http://ss42.local:41745/
[rosmaster.master][INFO] 2021-11-01 02:30:31,041: publisherUpdate[/rosout] -> http://ss42.local:45708/ ['http://ss42.local:43679/', 'http://ss42.local:41745/']
[rosmaster.master][INFO] 2021-11-01 02:30:31,042: -PUB [/ss42/anti_instagram_node/click] /ss42/joy_mapper_node http://ss42.local:41745/
[rosmaster.master][INFO] 2021-11-01 02:30:31,048: publisherUpdate[/rosout] -> http://ss42.local:45708/ ['http://ss42.local:43679/', 'http://ss42.local:41745/']: sec=0.00, result=[1, '', 0]
[rosmaster.master][INFO] 2021-11-01 02:30:31,061: publisherUpdate[/rosout] -> http://ss42.local:45708/ ['http://ss42.local:43679/']
[rosmaster.master][INFO] 2021-11-01 02:30:31,058: -PUB [/ss42/joy_mapper_node/car_cmd] /ss42/joy_mapper_node http://ss42.local:41745/
[rosmaster.master][INFO] 2021-11-01 02:30:31,066: publisherUpdate[/rosout] -> http://ss42.local:45708/ ['http://ss42.local:43679/']: sec=0.00, result=[1, '', 0]
[rosmaster.master][INFO] 2021-11-01 02:30:31,069: -SERVICE [/ss42/joy_mapper_node/set_logger_level] /ss42/joy_mapper_node rosrpc://ss42.local:43310
[rosmaster.master][INFO] 2021-11-01 02:30:31,080: -PUB [/rosout] /ss42/joy http://ss42.local:43679/
[rosmaster.master][INFO] 2021-11-01 02:30:31,082: -SERVICE [/ss42/joy_mapper_node/get_loggers] /ss42/joy_mapper_node rosrpc://ss42.local:43310
[rosmaster.master][INFO] 2021-11-01 02:30:31,090: -PUB [/diagnostics] /ss42/joy http://ss42.local:43679/
[rosmaster.master][INFO] 2021-11-01 02:30:31,116: -PUB [/ss42/joy] /ss42/joy http://ss42.local:43679/
[rosmaster.master][INFO] 2021-11-01 02:30:31,126: -SERVICE [/ss42/joy/get_loggers] /ss42/joy rosrpc://ss42.local:38554
[rosmaster.master][INFO] 2021-11-01 02:30:31,133: -SERVICE [/ss42/joy/set_logger_level] /ss42/joy rosrpc://ss42.local:38554
[rosmaster.master][INFO] 2021-11-01 02:30:31,136: publisherUpdate[/rosout] -> http://ss42.local:45708/ []
[rosmaster.master][INFO] 2021-11-01 02:30:31,146: publisherUpdate[/rosout] -> http://ss42.local:45708/ []: sec=0.01, result=[1, '', 0]
[rosmaster.master][INFO] 2021-11-01 02:30:32,349: -PUB [/rosout_agg] /rosout http://ss42.local:45708/
[rosmaster.master][INFO] 2021-11-01 02:30:32,357: -SUB [/rosout] /rosout http://ss42.local:45708/
[rosmaster.master][INFO] 2021-11-01 02:30:32,365: -SERVICE [/rosout/get_loggers] /rosout rosrpc://ss42.local:49438
[rosmaster.master][INFO] 2021-11-01 02:30:32,372: -SERVICE [/rosout/set_logger_level] /rosout rosrpc://ss42.local:49438
[rosmaster.main][INFO] 2021-11-01 02:30:32,532: keyboard interrupt, will exit
[rosmaster.main][INFO] 2021-11-01 02:30:32,532: stopping master...
[rospy.core][INFO] 2021-11-01 02:30:32,534: signal_shutdown [atexit]
