

1635729943.495957521  Node Startup
1635729944.071481649 INFO [/tmp/binarydeb/ros-kinetic-joy-1.12.0/src/joy_node.cpp:255(main) [topics: /rosout, /diagnostics, /ss42/joy] Opened joystick: /dev/input/js0. deadzone_: 0.010000.
1635729946.662900924 INFO [joy_mapper_node.py:57(setupParam) [topics: /ss42/joy_mapper_node/joystick_override, /ss42/joy_mapper_node/car_cmd, /rosout] [/ss42/joy_mapper_node] ~simulated_vehicle_length = 0.18 
1635729947.013185024 INFO [wheels_driver_node.py:9(__init__) [topics: /ss42/wheels_driver_node/wheels_cmd_executed, /ss42/wheels_driver_node/emergency_stop, /ss42/wheels_driver_node/wheels_cmd, /rosout] [/ss42/wheels_driver_node] Initializing 
1635729947.716555118 INFO [velocity_to_pose_node.py:26(__init__) [topics: /ss42/forward_kinematics_node/velocity, /rosout, /ss42/velocity_to_pose_node/pose] [/ss42/velocity_to_pose_node] Initialized.
1635729954.500089883 INFO [forward_kinematics_node.py:101(setup_parameter) [topics: /rosout] [/ss42/forward_kinematics_node] ~gain = 1.0 
1635729954.529830932 INFO [inverse_kinematics_node.py:182(setup_parameter) [topics: /rosout] [/ss42/inverse_kinematics_node] ~trim = 0.0 
1635729954.538899898 INFO [forward_kinematics_node.py:101(setup_parameter) [topics: /rosout] [/ss42/forward_kinematics_node] ~trim = 0.0 
1635729954.559469938 INFO [inverse_kinematics_node.py:182(setup_parameter) [topics: /rosout] [/ss42/inverse_kinematics_node] ~baseline = 0.1 
1635729954.570476055 INFO [forward_kinematics_node.py:101(setup_parameter) [topics: /rosout] [/ss42/forward_kinematics_node] ~baseline = 0.1 
1635729954.589905977 INFO [inverse_kinematics_node.py:182(setup_parameter) [topics: /rosout] [/ss42/inverse_kinematics_node] ~radius = 0.0318 
1635729954.604376077 INFO [forward_kinematics_node.py:101(setup_parameter) [topics: /rosout] [/ss42/forward_kinematics_node] ~radius = 0.0318 
1635729954.634450912 INFO [inverse_kinematics_node.py:182(setup_parameter) [topics: /rosout] [/ss42/inverse_kinematics_node] ~k = 27.0 
1635729954.643897056 INFO [forward_kinematics_node.py:101(setup_parameter) [topics: /rosout] [/ss42/forward_kinematics_node] ~k = 27.0 
1635729954.664697885 INFO [inverse_kinematics_node.py:182(setup_parameter) [topics: /rosout] [/ss42/inverse_kinematics_node] ~limit = 1.0 
1635729954.687165975 INFO [forward_kinematics_node.py:37(__init__) [topics: /ss42/wheels_driver_node/wheels_cmd_executed, /ss42/forward_kinematics_node/velocity, /rosout] [/ss42/forward_kinematics_node] Initialized.
1635729954.690341949 INFO [forward_kinematics_node.py:72(printValues) [topics: /ss42/wheels_driver_node/wheels_cmd_executed, /ss42/forward_kinematics_node/velocity, /rosout] [/ss42/forward_kinematics_node] gain: 1.0 trim: 0.0 baseline: 0.1 radius: 0.0318 k: 27.0
1635729954.807482957 INFO [inverse_kinematics_node.py:46(__init__) [topics: /ss42/joy_mapper_node/car_cmd, /ss42/wheels_driver_node/wheels_cmd, /rosout] [/ss42/inverse_kinematics_node] Initialized.
1635729954.814498901 INFO [inverse_kinematics_node.py:147(printValues) [topics: /ss42/joy_mapper_node/car_cmd, /ss42/wheels_driver_node/wheels_cmd, /rosout] [/ss42/inverse_kinematics_node] gain: 1.0 trim: 0.0 baseline: 0.1 radius: 0.0318 k: 27.0 limit: 1.0
1635730083.011526107 INFO [joy_mapper_node.py:120(processButtons) [topics: /ss42/joy_mapper_node/joystick_override, /ss42/wheels_driver_node/emergency_stop, /ss42/joy, /rosout, /ss42/joy_mapper_node/parallel_autonomy, /ss42/joy_mapper_node/start_avoidance, /ss42/anti_instagram_node/click, /ss42/joy_mapper_node/car_cmd] E-stop message
1635730083.025871992 INFO [wheels_driver_node.py:45(cbEStop) [topics: /ss42/wheels_driver_node/wheels_cmd_executed, /ss42/wheels_driver_node/emergency_stop, /ss42/wheels_driver_node/wheels_cmd, /rosout] [%s] Emergency Stop Activated
1635730083.034589052 INFO [joy_mapper_node.py:120(processButtons) [topics: /ss42/joy_mapper_node/joystick_override, /ss42/wheels_driver_node/emergency_stop, /ss42/joy, /rosout, /ss42/joy_mapper_node/parallel_autonomy, /ss42/joy_mapper_node/start_avoidance, /ss42/anti_instagram_node/click, /ss42/joy_mapper_node/car_cmd] E-stop message
1635730083.047065973 INFO [wheels_driver_node.py:47(cbEStop) [topics: /ss42/wheels_driver_node/wheels_cmd_executed, /ss42/wheels_driver_node/emergency_stop, /ss42/wheels_driver_node/wheels_cmd, /rosout] [%s] Emergency Stop Released
1635730166.758619070 INFO [joy_mapper_node.py:120(processButtons) [topics: /ss42/joy_mapper_node/joystick_override, /ss42/wheels_driver_node/emergency_stop, /ss42/joy, /rosout, /ss42/joy_mapper_node/parallel_autonomy, /ss42/joy_mapper_node/start_avoidance, /ss42/anti_instagram_node/click, /ss42/joy_mapper_node/car_cmd] E-stop message
1635730166.764549016 INFO [wheels_driver_node.py:45(cbEStop) [topics: /ss42/wheels_driver_node/wheels_cmd_executed, /ss42/wheels_driver_node/emergency_stop, /ss42/wheels_driver_node/wheels_cmd, /rosout] [%s] Emergency Stop Activated
1635730168.631063938 INFO [joy_mapper_node.py:120(processButtons) [topics: /ss42/joy_mapper_node/joystick_override, /ss42/wheels_driver_node/emergency_stop, /ss42/joy, /rosout, /ss42/joy_mapper_node/parallel_autonomy, /ss42/joy_mapper_node/start_avoidance, /ss42/anti_instagram_node/click, /ss42/joy_mapper_node/car_cmd] E-stop message
1635730168.637561082 INFO [wheels_driver_node.py:47(cbEStop) [topics: /ss42/wheels_driver_node/wheels_cmd_executed, /ss42/wheels_driver_node/emergency_stop, /ss42/wheels_driver_node/wheels_cmd, /rosout] [%s] Emergency Stop Released
1635730230.915765047 INFO [wheels_driver_node.py:51(on_shutdown) [topics: /ss42/wheels_driver_node/wheels_cmd_executed, /ss42/wheels_driver_node/emergency_stop, /ss42/wheels_driver_node/wheels_cmd, /rosout] [/ss42/wheels_driver_node] Shutting down.
