[rospy.client][INFO] 2021-11-01 02:25:46,206: init_node, name[/ss42/joy_mapper_node], pid[2598]
[xmlrpc][INFO] 2021-11-01 02:25:46,217: XML-RPC server binding to 0.0.0.0:0
[xmlrpc][INFO] 2021-11-01 02:25:46,220: Started XML-RPC server [http://ss42.local:41745/]
[rospy.init][INFO] 2021-11-01 02:25:46,221: ROS Slave URI: [http://ss42.local:41745/]
[rospy.impl.masterslave][INFO] 2021-11-01 02:25:46,223: _ready: http://ss42.local:41745/
[rospy.registration][INFO] 2021-11-01 02:25:46,241: Registering with master node http://ss42.local:11311/
[xmlrpc][INFO] 2021-11-01 02:25:46,242: xml rpc node: starting XML-RPC server
[rospy.init][INFO] 2021-11-01 02:25:46,324: registered with master
[rospy.rosout][INFO] 2021-11-01 02:25:46,326: initializing /rosout core topic
[rospy.rosout][INFO] 2021-11-01 02:25:46,358: connected to core topic /rosout
[rospy.simtime][INFO] 2021-11-01 02:25:46,376: /use_sim_time is not set, will not subscribe to simulated time [/clock] topic
[rosout][INFO] 2021-11-01 02:25:46,417: [/ss42/joy_mapper_node] Initializing 
[rosout][INFO] 2021-11-01 02:25:46,464: [/ss42/joy_mapper_node] ~speed_gain = 0.41 
[rosout][INFO] 2021-11-01 02:25:46,518: [/ss42/joy_mapper_node] ~steer_gain = 8.3 
[rosout][INFO] 2021-11-01 02:25:46,568: [/ss42/joy_mapper_node] ~bicycle_kinematics = 0.0 
[rosout][INFO] 2021-11-01 02:25:46,623: [/ss42/joy_mapper_node] ~steer_angle_gain = 1.04 
[rosout][INFO] 2021-11-01 02:25:46,661: [/ss42/joy_mapper_node] ~simulated_vehicle_length = 0.18 
[rospy.internal][INFO] 2021-11-01 02:25:46,689: topic[/rosout] adding connection to [/rosout], count 0
[rospy.internal][INFO] 2021-11-01 02:25:46,816: topic[/ss42/joy] adding connection to [http://ss42.local:43679/], count 0
[rospy.internal][INFO] 2021-11-01 02:25:47,290: topic[/ss42/wheels_driver_node/emergency_stop] adding connection to [/ss42/wheels_driver_node], count 0
[rospy.internal][INFO] 2021-11-01 02:25:54,869: topic[/ss42/joy_mapper_node/car_cmd] adding connection to [/ss42/inverse_kinematics_node], count 0
[rosout][INFO] 2021-11-01 02:28:03,009: E-stop message
[rosout][INFO] 2021-11-01 02:28:03,032: E-stop message
[rosout][INFO] 2021-11-01 02:29:26,755: E-stop message
[rosout][INFO] 2021-11-01 02:29:28,629: E-stop message
[rospy.core][INFO] 2021-11-01 02:30:30,974: signal_shutdown [signal-2]
[rospy.internal][INFO] 2021-11-01 02:30:31,012: topic[/ss42/wheels_driver_node/emergency_stop] removing connection to /ss42/wheels_driver_node
[rospy.internal][INFO] 2021-11-01 02:30:31,109: topic[/rosout] removing connection to /rosout
[rospy.internal][INFO] 2021-11-01 02:30:31,112: topic[/ss42/joy_mapper_node/car_cmd] removing connection to /ss42/inverse_kinematics_node
[rospy.internal][INFO] 2021-11-01 02:30:31,119: topic[/ss42/joy] removing connection to http://ss42.local:43679/
[rospy.impl.masterslave][INFO] 2021-11-01 02:30:31,120: signal-2
[rospy.internal][WARNING] 2021-11-01 02:30:31,151: Unknown error initiating TCP/IP socket to ss42.local:38554 (http://ss42.local:43679/): Traceback (most recent call last):
  File "/opt/ros/kinetic/lib/python2.7/dist-packages/rospy/impl/tcpros_base.py", line 557, in connect
    self.read_header()
  File "/opt/ros/kinetic/lib/python2.7/dist-packages/rospy/impl/tcpros_base.py", line 650, in read_header
    self._validate_header(read_ros_handshake_header(sock, self.read_buff, self.protocol.buff_size))
  File "/opt/ros/kinetic/lib/python2.7/dist-packages/rosgraph/network.py", line 362, in read_ros_handshake_header
    d = sock.recv(buff_size)
error: [Errno 104] Connection reset by peer

[rospy.core][INFO] 2021-11-01 02:30:31,640: signal_shutdown [atexit]
