[rospy.client][INFO] 2021-11-01 02:25:54,207: [32minit_node, name[/ss42/forward_kinematics_node], pid[2600][0m
[xmlrpc][INFO] 2021-11-01 02:25:54,210: [32mXML-RPC server binding to 0.0.0.0:0[0m
[xmlrpc][INFO] 2021-11-01 02:25:54,212: [32mStarted XML-RPC server [http://ss42.local:42674/][0m
[rospy.init][INFO] 2021-11-01 02:25:54,214: [32mROS Slave URI: [http://ss42.local:42674/][0m
[rospy.impl.masterslave][INFO] 2021-11-01 02:25:54,214: [32m_ready: http://ss42.local:42674/[0m
[rospy.registration][INFO] 2021-11-01 02:25:54,219: [32mRegistering with master node http://ss42.local:11311/[0m
[xmlrpc][INFO] 2021-11-01 02:25:54,220: [32mxml rpc node: starting XML-RPC server[0m
[rospy.init][INFO] 2021-11-01 02:25:54,315: [32mregistered with master[0m
[rospy.rosout][INFO] 2021-11-01 02:25:54,317: [32minitializing /rosout core topic[0m
[rospy.rosout][INFO] 2021-11-01 02:25:54,337: [32mconnected to core topic /rosout[0m
[rospy.simtime][INFO] 2021-11-01 02:25:54,349: [32m/use_sim_time is not set, will not subscribe to simulated time [/clock] topic[0m
[rosout][WARNING] 2021-11-01 02:25:54,380: [33m[/ss42/forward_kinematics_node] /home/robotikabot/duckiefleet/calibrations/kinematics/ss42.yaml does not exist. Using default.yaml.[0m
[rosout][INFO] 2021-11-01 02:25:54,498: [32m[/ss42/forward_kinematics_node] ~gain = 1.0 [0m
[rospy.internal][INFO] 2021-11-01 02:25:54,526: [32mtopic[/rosout] adding connection to [/rosout], count 0[0m
[rosout][INFO] 2021-11-01 02:25:54,537: [32m[/ss42/forward_kinematics_node] ~trim = 0.0 [0m
[rosout][INFO] 2021-11-01 02:25:54,569: [32m[/ss42/forward_kinematics_node] ~baseline = 0.1 [0m
[rosout][INFO] 2021-11-01 02:25:54,603: [32m[/ss42/forward_kinematics_node] ~radius = 0.0318 [0m
[rosout][INFO] 2021-11-01 02:25:54,642: [32m[/ss42/forward_kinematics_node] ~k = 27.0 [0m
[rosout][INFO] 2021-11-01 02:25:54,686: [32m[/ss42/forward_kinematics_node] Initialized.[0m
[rosout][INFO] 2021-11-01 02:25:54,688: [32m[/ss42/forward_kinematics_node] gain: 1.0 trim: 0.0 baseline: 0.1 radius: 0.0318 k: 27.0[0m
[rospy.internal][INFO] 2021-11-01 02:25:54,717: [32mtopic[/ss42/wheels_driver_node/wheels_cmd_executed] adding connection to [http://ss42.local:43657/], count 0[0m
[rospy.internal][INFO] 2021-11-01 02:25:54,770: [32mtopic[/ss42/forward_kinematics_node/velocity] adding connection to [/ss42/velocity_to_pose_node], count 0[0m
[rospy.core][INFO] 2021-11-01 02:30:30,904: [32msignal_shutdown [signal-2][0m
[rospy.internal][INFO] 2021-11-01 02:30:30,943: [32mtopic[/ss42/forward_kinematics_node/velocity] removing connection to /ss42/velocity_to_pose_node[0m
[rospy.internal][INFO] 2021-11-01 02:30:30,954: [32mtopic[/rosout] removing connection to /rosout[0m
[rospy.internal][INFO] 2021-11-01 02:30:30,957: [32mtopic[/ss42/wheels_driver_node/wheels_cmd_executed] removing connection to http://ss42.local:43657/[0m
[rospy.impl.masterslave][INFO] 2021-11-01 02:30:30,958: [32msignal-2[0m
[rospy.core][INFO] 2021-11-01 02:30:31,579: [32msignal_shutdown [atexit][0m
