[rospy.client][INFO] 2021-11-01 02:25:54,153: [32minit_node, name[/ss42/inverse_kinematics_node], pid[2599][0m
[xmlrpc][INFO] 2021-11-01 02:25:54,156: [32mXML-RPC server binding to 0.0.0.0:0[0m
[xmlrpc][INFO] 2021-11-01 02:25:54,158: [32mStarted XML-RPC server [http://ss42.local:42961/][0m
[rospy.init][INFO] 2021-11-01 02:25:54,159: [32mROS Slave URI: [http://ss42.local:42961/][0m
[rospy.impl.masterslave][INFO] 2021-11-01 02:25:54,160: [32m_ready: http://ss42.local:42961/[0m
[xmlrpc][INFO] 2021-11-01 02:25:54,168: [32mxml rpc node: starting XML-RPC server[0m
[rospy.registration][INFO] 2021-11-01 02:25:54,168: [32mRegistering with master node http://ss42.local:11311/[0m
[rospy.init][INFO] 2021-11-01 02:25:54,262: [32mregistered with master[0m
[rospy.rosout][INFO] 2021-11-01 02:25:54,263: [32minitializing /rosout core topic[0m
[rospy.rosout][INFO] 2021-11-01 02:25:54,279: [32mconnected to core topic /rosout[0m
[rospy.simtime][INFO] 2021-11-01 02:25:54,295: [32m/use_sim_time is not set, will not subscribe to simulated time [/clock] topic[0m
[rosout][WARNING] 2021-11-01 02:25:54,335: [33m[/ss42/inverse_kinematics_node] /home/robotikabot/duckiefleet/calibrations/kinematics/ss42.yaml does not exist. Using default.yaml.[0m
[rosout][INFO] 2021-11-01 02:25:54,496: [32m[/ss42/inverse_kinematics_node] ~gain = 1.0 [0m
[rosout][INFO] 2021-11-01 02:25:54,528: [32m[/ss42/inverse_kinematics_node] ~trim = 0.0 [0m
[rospy.internal][INFO] 2021-11-01 02:25:54,535: [32mtopic[/rosout] adding connection to [/rosout], count 0[0m
[rosout][INFO] 2021-11-01 02:25:54,558: [32m[/ss42/inverse_kinematics_node] ~baseline = 0.1 [0m
[rosout][INFO] 2021-11-01 02:25:54,589: [32m[/ss42/inverse_kinematics_node] ~radius = 0.0318 [0m
[rosout][INFO] 2021-11-01 02:25:54,633: [32m[/ss42/inverse_kinematics_node] ~k = 27.0 [0m
[rosout][INFO] 2021-11-01 02:25:54,663: [32m[/ss42/inverse_kinematics_node] ~limit = 1.0 [0m
[rosout][INFO] 2021-11-01 02:25:54,806: [32m[/ss42/inverse_kinematics_node] Initialized.[0m
[rosout][INFO] 2021-11-01 02:25:54,809: [32m[/ss42/inverse_kinematics_node] gain: 1.0 trim: 0.0 baseline: 0.1 radius: 0.0318 k: 27.0 limit: 1.0[0m
[rospy.internal][INFO] 2021-11-01 02:25:54,844: [32mtopic[/ss42/wheels_driver_node/wheels_cmd] adding connection to [/ss42/wheels_driver_node], count 0[0m
[rospy.internal][INFO] 2021-11-01 02:25:54,852: [32mtopic[/ss42/joy_mapper_node/car_cmd] adding connection to [http://ss42.local:41745/], count 0[0m
[rospy.core][INFO] 2021-11-01 02:30:30,933: [32msignal_shutdown [signal-2][0m
[rospy.internal][INFO] 2021-11-01 02:30:31,041: [32mtopic[/ss42/wheels_driver_node/wheels_cmd] removing connection to /ss42/wheels_driver_node[0m
[rospy.internal][INFO] 2021-11-01 02:30:31,043: [32mtopic[/rosout] removing connection to /rosout[0m
[rospy.internal][INFO] 2021-11-01 02:30:31,046: [32mtopic[/ss42/joy_mapper_node/car_cmd] removing connection to http://ss42.local:41745/[0m
[rospy.impl.masterslave][INFO] 2021-11-01 02:30:31,048: [32msignal-2[0m
[rospy.core][INFO] 2021-11-01 02:30:31,565: [32msignal_shutdown [atexit][0m
