[rospy.client][INFO] 2021-12-08 14:14:46,720: init_node, name[/ss42/lane_controller_node], pid[8094]
[xmlrpc][INFO] 2021-12-08 14:14:46,758: XML-RPC server binding to 0.0.0.0:0
[xmlrpc][INFO] 2021-12-08 14:14:46,761: Started XML-RPC server [http://ss42.local:46010/]
[rospy.impl.masterslave][INFO] 2021-12-08 14:14:46,768: _ready: http://ss42.local:46010/
[rospy.init][INFO] 2021-12-08 14:14:46,768: ROS Slave URI: [http://ss42.local:46010/]
[xmlrpc][INFO] 2021-12-08 14:14:46,794: xml rpc node: starting XML-RPC server
[rospy.registration][INFO] 2021-12-08 14:14:46,797: Registering with master node http://ss42.local:11311/
[rospy.init][INFO] 2021-12-08 14:14:46,874: registered with master
[rospy.rosout][INFO] 2021-12-08 14:14:46,875: initializing /rosout core topic
[rospy.rosout][INFO] 2021-12-08 14:14:46,978: connected to core topic /rosout
[rospy.simtime][INFO] 2021-12-08 14:14:47,071: /use_sim_time is not set, will not subscribe to simulated time [/clock] topic
[rospy.internal][INFO] 2021-12-08 14:14:47,217: topic[/rosout] adding connection to [/rosout], count 0
[rosout][INFO] 2021-12-08 14:14:47,573: [/ss42/lane_controller_node] ~v_bar = 0.3864 
[rosout][INFO] 2021-12-08 14:14:47,782: [/ss42/lane_controller_node] ~k_d = -10.3 
[rosout][INFO] 2021-12-08 14:14:47,983: [/ss42/lane_controller_node] ~k_theta = -5.15 
[rosout][INFO] 2021-12-08 14:14:48,095: [/ss42/lane_controller_node] ~d_thres = 0.2615 
[rosout][INFO] 2021-12-08 14:14:48,203: [/ss42/lane_controller_node] ~theta_thres = 0.523 
[rosout][INFO] 2021-12-08 14:14:48,290: [/ss42/lane_controller_node] ~d_offset = 0.0 
[rosout][INFO] 2021-12-08 14:14:48,454: [/ss42/lane_controller_node] Initialized 
[rospy.internal][INFO] 2021-12-08 14:14:48,495: topic[/ss42/lane_controller_node/car_cmd] adding connection to [/ss42/car_cmd_switch_node], count 0
[rospy.internal][INFO] 2021-12-08 14:14:58,271: topic[/ss42/lane_filter_node/lane_pose] adding connection to [http://ss42.local:34260/], count 0
[rosout][INFO] 2021-12-08 14:19:43,538: [/ss42/lane_controller_node] Gains changed.
[rosout][INFO] 2021-12-08 14:19:43,544: old gains, v_var 0.386400, k_d -10.300000, k_theta -5.150000, theta_thres 0.261500, d_thres 0.523000, d_offset 0.000000
[rosout][INFO] 2021-12-08 14:19:43,546: new gains, v_var 0.386400, k_d -10.300000, k_theta -5.150000, theta_thres 0.261500, d_thres 0.523000, d_offset 0.020000
[rosout][INFO] 2021-12-08 14:21:54,526: [/ss42/lane_controller_node] Gains changed.
[rosout][INFO] 2021-12-08 14:21:54,530: old gains, v_var 0.386400, k_d -10.300000, k_theta -5.150000, theta_thres 0.261500, d_thres 0.523000, d_offset 0.020000
[rosout][INFO] 2021-12-08 14:21:54,534: new gains, v_var 0.386400, k_d -10.300000, k_theta -6.150000, theta_thres 0.261500, d_thres 0.523000, d_offset 0.020000
[rosout][INFO] 2021-12-08 14:22:41,505: [/ss42/lane_controller_node] Gains changed.
[rosout][INFO] 2021-12-08 14:22:41,519: old gains, v_var 0.386400, k_d -10.300000, k_theta -6.150000, theta_thres 0.261500, d_thres 0.523000, d_offset 0.020000
[rosout][INFO] 2021-12-08 14:22:41,523: new gains, v_var 0.386400, k_d -10.300000, k_theta -7.150000, theta_thres 0.261500, d_thres 0.523000, d_offset 0.020000
[rosout][INFO] 2021-12-08 14:24:11,525: [/ss42/lane_controller_node] Gains changed.
[rosout][INFO] 2021-12-08 14:24:11,529: old gains, v_var 0.386400, k_d -10.300000, k_theta -7.150000, theta_thres 0.261500, d_thres 0.523000, d_offset 0.020000
[rosout][INFO] 2021-12-08 14:24:11,540: new gains, v_var 0.386400, k_d -10.300000, k_theta -9.000000, theta_thres 0.261500, d_thres 0.523000, d_offset 0.020000
[rosout][INFO] 2021-12-08 14:26:21,520: [/ss42/lane_controller_node] Gains changed.
[rosout][INFO] 2021-12-08 14:26:21,522: old gains, v_var 0.386400, k_d -10.300000, k_theta -9.000000, theta_thres 0.261500, d_thres 0.523000, d_offset 0.020000
[rosout][INFO] 2021-12-08 14:26:21,529: new gains, v_var 0.386400, k_d -10.300000, k_theta -9.000000, theta_thres 0.240000, d_thres 0.523000, d_offset 0.020000
[rosout][INFO] 2021-12-08 14:28:33,504: [/ss42/lane_controller_node] Gains changed.
[rosout][INFO] 2021-12-08 14:28:33,515: old gains, v_var 0.386400, k_d -10.300000, k_theta -9.000000, theta_thres 0.240000, d_thres 0.523000, d_offset 0.020000
[rosout][INFO] 2021-12-08 14:28:33,517: new gains, v_var 0.386400, k_d -1.000000, k_theta -9.000000, theta_thres 0.240000, d_thres 0.523000, d_offset 0.020000
[rosout][INFO] 2021-12-08 14:29:48,504: [/ss42/lane_controller_node] Gains changed.
[rosout][INFO] 2021-12-08 14:29:48,506: old gains, v_var 0.386400, k_d -1.000000, k_theta -9.000000, theta_thres 0.240000, d_thres 0.523000, d_offset 0.020000
[rosout][INFO] 2021-12-08 14:29:48,509: new gains, v_var 0.386400, k_d -1.000000, k_theta -7.000000, theta_thres 0.240000, d_thres 0.523000, d_offset 0.020000
[rosout][INFO] 2021-12-08 14:30:32,496: [/ss42/lane_controller_node] Gains changed.
[rosout][INFO] 2021-12-08 14:30:32,498: old gains, v_var 0.386400, k_d -1.000000, k_theta -7.000000, theta_thres 0.240000, d_thres 0.523000, d_offset 0.020000
[rosout][INFO] 2021-12-08 14:30:32,500: new gains, v_var 0.386400, k_d -12.000000, k_theta -7.000000, theta_thres 0.240000, d_thres 0.523000, d_offset 0.020000
[rosout][INFO] 2021-12-08 14:32:05,559: [/ss42/lane_controller_node] Gains changed.
[rosout][INFO] 2021-12-08 14:32:05,564: old gains, v_var 0.386400, k_d -12.000000, k_theta -7.000000, theta_thres 0.240000, d_thres 0.523000, d_offset 0.020000
[rosout][INFO] 2021-12-08 14:32:05,569: new gains, v_var 0.386400, k_d -15.000000, k_theta -7.000000, theta_thres 0.240000, d_thres 0.523000, d_offset 0.020000
[rosout][INFO] 2021-12-08 14:34:00,500: [/ss42/lane_controller_node] Gains changed.
[rosout][INFO] 2021-12-08 14:34:00,503: old gains, v_var 0.386400, k_d -15.000000, k_theta -7.000000, theta_thres 0.240000, d_thres 0.523000, d_offset 0.020000
[rosout][INFO] 2021-12-08 14:34:00,509: new gains, v_var 0.386400, k_d -15.000000, k_theta -7.000000, theta_thres 0.240000, d_thres 0.400000, d_offset 0.020000
[rosout][INFO] 2021-12-08 14:40:43,563: [/ss42/lane_controller_node] Gains changed.
[rosout][INFO] 2021-12-08 14:40:43,574: old gains, v_var 0.386400, k_d -15.000000, k_theta -7.000000, theta_thres 0.240000, d_thres 0.400000, d_offset 0.020000
[rosout][INFO] 2021-12-08 14:40:43,580: new gains, v_var 0.386400, k_d -15.000000, k_theta -7.000000, theta_thres 0.100000, d_thres 0.400000, d_offset 0.020000
[rosout][INFO] 2021-12-08 14:43:01,550: [/ss42/lane_controller_node] Gains changed.
[rosout][INFO] 2021-12-08 14:43:01,555: old gains, v_var 0.386400, k_d -15.000000, k_theta -7.000000, theta_thres 0.100000, d_thres 0.400000, d_offset 0.020000
[rosout][INFO] 2021-12-08 14:43:01,559: new gains, v_var 0.386400, k_d -15.000000, k_theta -7.000000, theta_thres 0.400000, d_thres 0.400000, d_offset 0.020000
[rosout][INFO] 2021-12-08 14:45:47,506: [/ss42/lane_controller_node] Gains changed.
[rosout][INFO] 2021-12-08 14:45:47,508: old gains, v_var 0.386400, k_d -15.000000, k_theta -7.000000, theta_thres 0.400000, d_thres 0.400000, d_offset 0.020000
[rosout][INFO] 2021-12-08 14:45:47,530: new gains, v_var 0.386400, k_d -15.000000, k_theta -7.000000, theta_thres 0.400000, d_thres 0.400000, d_offset 0.050000
[rosout][INFO] 2021-12-08 14:46:16,497: [/ss42/lane_controller_node] Gains changed.
[rosout][INFO] 2021-12-08 14:46:16,499: old gains, v_var 0.386400, k_d -15.000000, k_theta -7.000000, theta_thres 0.400000, d_thres 0.400000, d_offset 0.050000
[rosout][INFO] 2021-12-08 14:46:16,501: new gains, v_var 0.386400, k_d -15.000000, k_theta -7.000000, theta_thres 0.200000, d_thres 0.400000, d_offset 0.050000
[rosout][INFO] 2021-12-08 14:48:20,526: [/ss42/lane_controller_node] Gains changed.
[rosout][INFO] 2021-12-08 14:48:20,528: old gains, v_var 0.386400, k_d -15.000000, k_theta -7.000000, theta_thres 0.200000, d_thres 0.400000, d_offset 0.050000
[rosout][INFO] 2021-12-08 14:48:20,529: new gains, v_var 0.386400, k_d -15.000000, k_theta -6.000000, theta_thres 0.200000, d_thres 0.400000, d_offset 0.050000
[rosout][INFO] 2021-12-08 14:49:42,558: [/ss42/lane_controller_node] Gains changed.
[rosout][INFO] 2021-12-08 14:49:42,563: old gains, v_var 0.386400, k_d -15.000000, k_theta -6.000000, theta_thres 0.200000, d_thres 0.400000, d_offset 0.050000
[rosout][INFO] 2021-12-08 14:49:42,567: new gains, v_var 0.386400, k_d -15.000000, k_theta -5.800000, theta_thres 0.200000, d_thres 0.400000, d_offset 0.050000
[rosout][INFO] 2021-12-08 14:50:49,535: [/ss42/lane_controller_node] Gains changed.
[rosout][INFO] 2021-12-08 14:50:49,543: old gains, v_var 0.386400, k_d -15.000000, k_theta -5.800000, theta_thres 0.200000, d_thres 0.400000, d_offset 0.050000
[rosout][INFO] 2021-12-08 14:50:49,547: new gains, v_var 0.386400, k_d -15.000000, k_theta -5.500000, theta_thres 0.200000, d_thres 0.400000, d_offset 0.050000
[rosout][INFO] 2021-12-08 14:52:14,525: [/ss42/lane_controller_node] Gains changed.
[rosout][INFO] 2021-12-08 14:52:14,527: old gains, v_var 0.386400, k_d -15.000000, k_theta -5.500000, theta_thres 0.200000, d_thres 0.400000, d_offset 0.050000
[rosout][INFO] 2021-12-08 14:52:14,530: new gains, v_var 0.386400, k_d -15.000000, k_theta -5.500000, theta_thres 0.200000, d_thres 0.400000, d_offset 0.080000
[rosout][INFO] 2021-12-08 14:52:58,552: [/ss42/lane_controller_node] Gains changed.
[rosout][INFO] 2021-12-08 14:52:58,558: old gains, v_var 0.386400, k_d -15.000000, k_theta -5.500000, theta_thres 0.200000, d_thres 0.400000, d_offset 0.080000
[rosout][INFO] 2021-12-08 14:52:58,564: new gains, v_var 0.386400, k_d -15.000000, k_theta -5.500000, theta_thres 0.200000, d_thres 0.400000, d_offset 0.060000
[rosout][INFO] 2021-12-08 14:53:50,493: [/ss42/lane_controller_node] Gains changed.
[rosout][INFO] 2021-12-08 14:53:50,496: old gains, v_var 0.386400, k_d -15.000000, k_theta -5.500000, theta_thres 0.200000, d_thres 0.400000, d_offset 0.060000
[rosout][INFO] 2021-12-08 14:53:50,498: new gains, v_var 0.386400, k_d -15.000000, k_theta -5.500000, theta_thres 0.150000, d_thres 0.400000, d_offset 0.060000
[rosout][INFO] 2021-12-08 14:55:23,538: [/ss42/lane_controller_node] Gains changed.
[rosout][INFO] 2021-12-08 14:55:23,540: old gains, v_var 0.386400, k_d -15.000000, k_theta -5.500000, theta_thres 0.150000, d_thres 0.400000, d_offset 0.060000
[rosout][INFO] 2021-12-08 14:55:23,543: new gains, v_var 0.386400, k_d -15.000000, k_theta -5.500000, theta_thres 0.100000, d_thres 0.400000, d_offset 0.060000
[rospy.core][INFO] 2021-12-08 15:04:46,812: signal_shutdown [signal-2]
[rosout][INFO] 2021-12-08 15:04:46,860: [/ss42/lane_controller_node] Shutting down...
[rospy.internal][INFO] 2021-12-08 15:04:46,897: topic impl's ref count is zero, deleting topic /ss42/lane_filter_node/lane_pose...
[rospy.internal][INFO] 2021-12-08 15:04:46,957: topic[/ss42/lane_filter_node/lane_pose] removing connection to http://ss42.local:34260/
[rosout][INFO] 2021-12-08 15:04:47,724: [/ss42/lane_controller_node] Shutdown
[rospy.internal][INFO] 2021-12-08 15:04:47,845: topic[/ss42/lane_controller_node/car_cmd] removing connection to /ss42/car_cmd_switch_node
[rospy.internal][INFO] 2021-12-08 15:04:47,878: topic[/rosout] removing connection to /rosout
[rospy.impl.masterslave][INFO] 2021-12-08 15:04:47,953: signal-2
[rospy.core][INFO] 2021-12-08 15:04:48,654: signal_shutdown [atexit]
