[rospy.client][INFO] 2021-12-08 14:14:54,162: [32minit_node, name[/ss42/inverse_kinematics_node], pid[8056][0m
[xmlrpc][INFO] 2021-12-08 14:14:54,171: [32mXML-RPC server binding to 0.0.0.0:0[0m
[xmlrpc][INFO] 2021-12-08 14:14:54,174: [32mStarted XML-RPC server [http://ss42.local:35967/][0m
[rospy.impl.masterslave][INFO] 2021-12-08 14:14:54,175: [32m_ready: http://ss42.local:35967/[0m
[xmlrpc][INFO] 2021-12-08 14:14:54,210: [32mxml rpc node: starting XML-RPC server[0m
[rospy.registration][INFO] 2021-12-08 14:14:54,211: [32mRegistering with master node http://ss42.local:11311/[0m
[rospy.init][INFO] 2021-12-08 14:14:54,227: [32mROS Slave URI: [http://ss42.local:35967/][0m
[rospy.init][INFO] 2021-12-08 14:14:54,228: [32mregistered with master[0m
[rospy.rosout][INFO] 2021-12-08 14:14:54,229: [32minitializing /rosout core topic[0m
[rospy.rosout][INFO] 2021-12-08 14:14:54,269: [32mconnected to core topic /rosout[0m
[rospy.simtime][INFO] 2021-12-08 14:14:54,311: [32m/use_sim_time is not set, will not subscribe to simulated time [/clock] topic[0m
[rosout][WARNING] 2021-12-08 14:14:54,443: [33m[/ss42/inverse_kinematics_node] /home/robotikabot/duckiefleet/calibrations/kinematics/ss42.yaml does not exist. Using default.yaml.[0m
[rospy.internal][INFO] 2021-12-08 14:14:54,506: [32mtopic[/rosout] adding connection to [/rosout], count 0[0m
[rosout][INFO] 2021-12-08 14:14:54,780: [32m[/ss42/inverse_kinematics_node] ~gain = 1.0 [0m
[rosout][INFO] 2021-12-08 14:14:54,840: [32m[/ss42/inverse_kinematics_node] ~trim = 0.0 [0m
[rosout][INFO] 2021-12-08 14:14:54,882: [32m[/ss42/inverse_kinematics_node] ~baseline = 0.1 [0m
[rosout][INFO] 2021-12-08 14:14:54,932: [32m[/ss42/inverse_kinematics_node] ~radius = 0.0318 [0m
[rosout][INFO] 2021-12-08 14:14:54,971: [32m[/ss42/inverse_kinematics_node] ~k = 27.0 [0m
[rosout][INFO] 2021-12-08 14:14:55,012: [32m[/ss42/inverse_kinematics_node] ~limit = 1.0 [0m
[rosout][INFO] 2021-12-08 14:14:55,215: [32m[/ss42/inverse_kinematics_node] Initialized.[0m
[rosout][INFO] 2021-12-08 14:14:55,222: [32m[/ss42/inverse_kinematics_node] gain: 1.0 trim: 0.0 baseline: 0.1 radius: 0.0318 k: 27.0 limit: 1.0[0m
[rospy.internal][INFO] 2021-12-08 14:14:55,253: [32mtopic[/ss42/car_cmd_switch_node/cmd] adding connection to [http://ss42.local:41719/], count 0[0m
[rospy.internal][INFO] 2021-12-08 14:14:55,314: [32mtopic[/ss42/wheels_driver_node/wheels_cmd] adding connection to [/ss42/wheels_driver_node], count 0[0m
[rospy.core][INFO] 2021-12-08 15:05:02,009: [32msignal_shutdown [signal-2][0m
[rospy.internal][INFO] 2021-12-08 15:05:03,169: [32mtopic[/ss42/wheels_driver_node/wheels_cmd] removing connection to /ss42/wheels_driver_node[0m
[rospy.internal][INFO] 2021-12-08 15:05:03,194: [32mtopic[/rosout] removing connection to /rosout[0m
[rospy.internal][INFO] 2021-12-08 15:05:03,219: [32mtopic[/ss42/car_cmd_switch_node/cmd] removing connection to http://ss42.local:41719/[0m
[rospy.impl.masterslave][INFO] 2021-12-08 15:05:03,294: [32msignal-2[0m
[rospy.internal][WARNING] 2021-12-08 15:05:03,366: [33mUnknown error initiating TCP/IP socket to ss42.local:36274 (http://ss42.local:41719/): Traceback (most recent call last):
  File "/opt/ros/kinetic/lib/python2.7/dist-packages/rospy/impl/tcpros_base.py", line 557, in connect
    self.read_header()
  File "/opt/ros/kinetic/lib/python2.7/dist-packages/rospy/impl/tcpros_base.py", line 650, in read_header
    self._validate_header(read_ros_handshake_header(sock, self.read_buff, self.protocol.buff_size))
  File "/opt/ros/kinetic/lib/python2.7/dist-packages/rosgraph/network.py", line 364, in read_ros_handshake_header
    raise ROSHandshakeException("connection from sender terminated before handshake header received. %s bytes were received. Please check sender for additional details."%b.tell())
ROSHandshakeException: connection from sender terminated before handshake header received. 0 bytes were received. Please check sender for additional details.
[0m
[rospy.core][INFO] 2021-12-08 15:05:03,539: [32msignal_shutdown [atexit][0m
