[rospy.client][INFO] 2021-12-08 14:14:45,506: init_node, name[/ss42/joy_mapper_node], pid[8059]
[xmlrpc][INFO] 2021-12-08 14:14:45,545: XML-RPC server binding to 0.0.0.0:0
[rospy.init][INFO] 2021-12-08 14:14:45,554: ROS Slave URI: [http://ss42.local:45579/]
[xmlrpc][INFO] 2021-12-08 14:14:45,554: Started XML-RPC server [http://ss42.local:45579/]
[rospy.impl.masterslave][INFO] 2021-12-08 14:14:45,565: _ready: http://ss42.local:45579/
[xmlrpc][INFO] 2021-12-08 14:14:45,595: xml rpc node: starting XML-RPC server
[rospy.registration][INFO] 2021-12-08 14:14:45,594: Registering with master node http://ss42.local:11311/
[rospy.init][INFO] 2021-12-08 14:14:45,655: registered with master
[rospy.rosout][INFO] 2021-12-08 14:14:45,656: initializing /rosout core topic
[rospy.rosout][INFO] 2021-12-08 14:14:45,754: connected to core topic /rosout
[rospy.simtime][INFO] 2021-12-08 14:14:45,828: /use_sim_time is not set, will not subscribe to simulated time [/clock] topic
[rospy.internal][INFO] 2021-12-08 14:14:45,997: topic[/rosout] adding connection to [/rosout], count 0
[rosout][INFO] 2021-12-08 14:14:46,013: [/ss42/joy_mapper_node] Initializing 
[rosout][INFO] 2021-12-08 14:14:46,190: [/ss42/joy_mapper_node] ~speed_gain = 0.41 
[rosout][INFO] 2021-12-08 14:14:46,348: [/ss42/joy_mapper_node] ~steer_gain = 8.3 
[rosout][INFO] 2021-12-08 14:14:46,524: [/ss42/joy_mapper_node] ~bicycle_kinematics = 0.0 
[rosout][INFO] 2021-12-08 14:14:46,710: [/ss42/joy_mapper_node] ~steer_angle_gain = 1.04 
[rosout][INFO] 2021-12-08 14:14:46,928: [/ss42/joy_mapper_node] ~simulated_vehicle_length = 0.18 
[rospy.internal][INFO] 2021-12-08 14:14:47,377: topic[/ss42/joy_mapper_node/car_cmd] adding connection to [/ss42/car_cmd_switch_node], count 0
[rospy.internal][INFO] 2021-12-08 14:14:47,798: topic[/ss42/wheels_driver_node/emergency_stop] adding connection to [/ss42/wheels_driver_node], count 0
[rospy.internal][INFO] 2021-12-08 14:14:47,857: topic[/ss42/joy] adding connection to [http://ss42.local:35769/], count 0
[rospy.internal][INFO] 2021-12-08 14:14:48,101: topic[/ss42/joy_mapper_node/parallel_autonomy] adding connection to [/ss42/logic_gate_node], count 0
[rospy.internal][INFO] 2021-12-08 14:14:48,746: topic[/ss42/joy_mapper_node/start_avoidance] adding connection to [/ss42/fsm_node], count 0
[rospy.internal][INFO] 2021-12-08 14:14:48,789: topic[/ss42/joy_mapper_node/parallel_autonomy] adding connection to [/ss42/fsm_node], count 1
[rospy.internal][INFO] 2021-12-08 14:14:48,817: topic[/ss42/joy_mapper_node/joystick_override] adding connection to [/ss42/fsm_node], count 0
[rospy.internal][INFO] 2021-12-08 14:14:56,546: topic[/ss42/anti_instagram_node/click] adding connection to [/ss42/anti_instagram_node], count 0
[rosout][INFO] 2021-12-08 14:15:44,287: anti_instagram message
[rosout][INFO] 2021-12-08 14:15:48,278: anti_instagram message
[rosout][INFO] 2021-12-08 14:16:07,536: anti_instagram message
[rosout][INFO] 2021-12-08 14:16:18,495: override_msg = False
[rosout][INFO] 2021-12-08 14:16:28,277: override_msg = True
[rosout][INFO] 2021-12-08 14:16:50,188: override_msg = False
[rosout][INFO] 2021-12-08 14:16:59,514: override_msg = True
[rosout][INFO] 2021-12-08 14:17:46,939: override_msg = False
[rosout][INFO] 2021-12-08 14:17:54,872: override_msg = True
[rosout][INFO] 2021-12-08 14:18:03,988: override_msg = False
[rosout][INFO] 2021-12-08 14:18:12,833: override_msg = True
[rosout][INFO] 2021-12-08 14:18:19,716: override_msg = False
[rosout][INFO] 2021-12-08 14:18:26,257: override_msg = True
[rosout][INFO] 2021-12-08 14:21:56,612: override_msg = False
[rosout][INFO] 2021-12-08 14:22:35,826: override_msg = True
[rosout][INFO] 2021-12-08 14:22:35,891: override_msg = True
[rosout][INFO] 2021-12-08 14:22:35,938: override_msg = True
[rosout][INFO] 2021-12-08 14:22:35,974: override_msg = True
[rosout][INFO] 2021-12-08 14:22:35,999: override_msg = True
[rosout][INFO] 2021-12-08 14:22:42,182: override_msg = False
[rosout][INFO] 2021-12-08 14:24:06,356: override_msg = True
[rosout][INFO] 2021-12-08 14:24:15,390: override_msg = False
[rosout][INFO] 2021-12-08 14:26:02,938: override_msg = True
[rosout][INFO] 2021-12-08 14:26:22,415: override_msg = False
[rosout][INFO] 2021-12-08 14:27:00,106: override_msg = True
[rosout][INFO] 2021-12-08 14:27:04,749: override_msg = False
[rosout][INFO] 2021-12-08 14:28:16,328: override_msg = True
[rosout][INFO] 2021-12-08 14:28:42,195: override_msg = False
[rosout][INFO] 2021-12-08 14:28:54,692: override_msg = True
[rosout][INFO] 2021-12-08 14:29:02,866: override_msg = False
[rosout][INFO] 2021-12-08 14:29:20,320: override_msg = True
[rosout][INFO] 2021-12-08 14:29:22,480: override_msg = False
[rosout][INFO] 2021-12-08 14:29:40,419: override_msg = True
[rosout][INFO] 2021-12-08 14:29:57,534: override_msg = False
[rosout][INFO] 2021-12-08 14:30:26,729: override_msg = True
[rosout][INFO] 2021-12-08 14:30:48,887: override_msg = False
[rosout][INFO] 2021-12-08 14:30:57,321: override_msg = True
[rosout][INFO] 2021-12-08 14:31:05,195: override_msg = False
[rosout][INFO] 2021-12-08 14:31:54,544: override_msg = True
[rosout][INFO] 2021-12-08 14:32:07,018: override_msg = False
[rosout][INFO] 2021-12-08 14:33:39,795: override_msg = True
[rosout][INFO] 2021-12-08 14:34:05,545: override_msg = False
[rosout][INFO] 2021-12-08 14:34:59,175: override_msg = True
[rosout][INFO] 2021-12-08 14:35:26,608: override_msg = False
[rosout][INFO] 2021-12-08 14:36:06,095: override_msg = True
[rosout][INFO] 2021-12-08 14:41:04,002: override_msg = False
[rosout][INFO] 2021-12-08 14:43:05,071: override_msg = True
[rosout][INFO] 2021-12-08 14:43:14,682: override_msg = False
[rosout][INFO] 2021-12-08 14:44:35,182: override_msg = True
[rosout][INFO] 2021-12-08 14:46:25,120: override_msg = False
[rosout][INFO] 2021-12-08 14:47:04,459: override_msg = True
[rosout][INFO] 2021-12-08 14:48:44,011: override_msg = False
[rosout][INFO] 2021-12-08 14:49:35,295: override_msg = True
[rosout][INFO] 2021-12-08 14:49:51,813: override_msg = False
[rosout][INFO] 2021-12-08 14:50:42,927: override_msg = True
[rosout][INFO] 2021-12-08 14:50:57,342: override_msg = False
[rosout][INFO] 2021-12-08 14:51:37,330: override_msg = True
[rosout][INFO] 2021-12-08 14:52:18,628: override_msg = False
[rosout][INFO] 2021-12-08 14:52:52,879: override_msg = True
[rosout][INFO] 2021-12-08 14:52:58,562: override_msg = False
[rosout][INFO] 2021-12-08 14:53:41,343: override_msg = True
[rosout][INFO] 2021-12-08 14:53:57,787: override_msg = False
[rosout][INFO] 2021-12-08 14:55:15,016: override_msg = True
[rosout][INFO] 2021-12-08 14:55:31,429: override_msg = False
[rosout][INFO] 2021-12-08 14:56:50,403: override_msg = True
[rosout][INFO] 2021-12-08 14:56:54,019: override_msg = False
[rosout][INFO] 2021-12-08 14:56:54,051: override_msg = False
[rosout][INFO] 2021-12-08 14:57:57,988: override_msg = True
[rospy.internal][INFO] 2021-12-08 15:04:48,608: topic[/ss42/anti_instagram_node/click] removing connection to /ss42/anti_instagram_node
[rospy.internal][INFO] 2021-12-08 15:04:53,173: topic[/ss42/joy_mapper_node/parallel_autonomy] removing connection to /ss42/logic_gate_node
[rospy.internal][INFO] 2021-12-08 15:04:59,685: topic[/ss42/joy_mapper_node/joystick_override] removing connection to /ss42/fsm_node
[rospy.internal][INFO] 2021-12-08 15:04:59,699: topic[/ss42/joy_mapper_node/parallel_autonomy] removing connection to /ss42/fsm_node
[rospy.internal][INFO] 2021-12-08 15:04:59,736: topic[/ss42/joy_mapper_node/start_avoidance] removing connection to /ss42/fsm_node
[rospy.internal][INFO] 2021-12-08 15:04:59,746: topic[/ss42/joy_mapper_node/car_cmd] removing connection to /ss42/car_cmd_switch_node
[rospy.core][INFO] 2021-12-08 15:05:00,559: signal_shutdown [signal-2]
[rospy.internal][INFO] 2021-12-08 15:05:01,089: topic[/ss42/wheels_driver_node/emergency_stop] removing connection to /ss42/wheels_driver_node
[rospy.internal][INFO] 2021-12-08 15:05:01,090: topic[/rosout] removing connection to /rosout
[rospy.internal][INFO] 2021-12-08 15:05:01,094: topic[/ss42/joy] removing connection to http://ss42.local:35769/
[rospy.impl.masterslave][INFO] 2021-12-08 15:05:01,172: signal-2
[rospy.core][INFO] 2021-12-08 15:05:01,434: signal_shutdown [atexit]
