[rospy.client][INFO] 2021-12-08 14:14:46,090: init_node, name[/ss42/duckiebot_visualizer], pid[8089]
[xmlrpc][INFO] 2021-12-08 14:14:46,118: XML-RPC server binding to 0.0.0.0:0
[xmlrpc][INFO] 2021-12-08 14:14:46,134: Started XML-RPC server [http://ss42.local:43228/]
[rospy.init][INFO] 2021-12-08 14:14:46,146: ROS Slave URI: [http://ss42.local:43228/]
[rospy.impl.masterslave][INFO] 2021-12-08 14:14:46,148: _ready: http://ss42.local:43228/
[xmlrpc][INFO] 2021-12-08 14:14:46,170: xml rpc node: starting XML-RPC server
[rospy.registration][INFO] 2021-12-08 14:14:46,194: Registering with master node http://ss42.local:11311/
[rospy.init][INFO] 2021-12-08 14:14:46,250: registered with master
[rospy.rosout][INFO] 2021-12-08 14:14:46,251: initializing /rosout core topic
[rospy.rosout][INFO] 2021-12-08 14:14:46,331: connected to core topic /rosout
[rospy.simtime][INFO] 2021-12-08 14:14:46,404: /use_sim_time is not set, will not subscribe to simulated time [/clock] topic
[rosout][INFO] 2021-12-08 14:14:46,576: [/ss42/duckiebot_visualizer] Initialzing.
[rospy.internal][INFO] 2021-12-08 14:14:46,599: topic[/rosout] adding connection to [/rosout], count 0
[rosout][INFO] 2021-12-08 14:14:46,810: [/ss42/duckiebot_visualizer] ~veh_name = ss42 
[rosout][INFO] 2021-12-08 14:14:47,117: [/ss42/duckiebot_visualizer] Initialzed.
[rospy.internal][INFO] 2021-12-08 14:14:55,677: topic[/ss42/ground_projection/lineseglist_out] adding connection to [http://ss42.local:39848/], count 0
[rospy.core][INFO] 2021-12-08 15:04:46,884: signal_shutdown [signal-2]
[rosout][INFO] 2021-12-08 15:04:47,093: [/ss42/duckiebot_visualizer] Shutting down.
[rospy.internal][INFO] 2021-12-08 15:04:48,045: topic[/rosout] removing connection to /rosout
[rospy.internal][INFO] 2021-12-08 15:04:48,182: topic[/ss42/ground_projection/lineseglist_out] removing connection to http://ss42.local:39848/
[rospy.impl.masterslave][INFO] 2021-12-08 15:04:48,231: signal-2
[rospy.core][INFO] 2021-12-08 15:04:48,836: signal_shutdown [atexit]
