[rospy.client][INFO] 2021-12-08 14:14:54,162: [32minit_node, name[/ss42/lane_filter_node], pid[8091][0m
[xmlrpc][INFO] 2021-12-08 14:14:54,179: [32mXML-RPC server binding to 0.0.0.0:0[0m
[rospy.init][INFO] 2021-12-08 14:14:54,183: [32mROS Slave URI: [http://ss42.local:34260/][0m
[xmlrpc][INFO] 2021-12-08 14:14:54,183: [32mStarted XML-RPC server [http://ss42.local:34260/][0m
[rospy.impl.masterslave][INFO] 2021-12-08 14:14:54,184: [32m_ready: http://ss42.local:34260/[0m
[rospy.registration][INFO] 2021-12-08 14:14:54,213: [32mRegistering with master node http://ss42.local:11311/[0m
[xmlrpc][INFO] 2021-12-08 14:14:54,214: [32mxml rpc node: starting XML-RPC server[0m
[rospy.init][INFO] 2021-12-08 14:14:54,284: [32mregistered with master[0m
[rospy.rosout][INFO] 2021-12-08 14:14:54,285: [32minitializing /rosout core topic[0m
[rospy.rosout][INFO] 2021-12-08 14:14:54,309: [32mconnected to core topic /rosout[0m
[rospy.simtime][INFO] 2021-12-08 14:14:54,350: [32m/use_sim_time is not set, will not subscribe to simulated time [/clock] topic[0m
[rosout][INFO] 2021-12-08 14:14:54,549: [32m[Lane Filter] new filter config: ['lane_filter.LaneFilterHistogram', {'configuration': {'phi_max': 1.5, 'lanewidth': 0.23, 'mean_d_0': 0, 'min_max': 0.1, 'phi_min': -1.5, 'd_max': 0.3, 'sigma_phi_mask': 2.0, 'sigma_d_mask': 1.0, 'mean_phi_0': 0, 'sigma_phi_0': 0.1, 'linewidth_white': 0.05, 'linewidth_yellow': 0.025, 'delta_d': 0.02, 'd_min': -0.15, 'delta_phi': 0.1, 'sigma_d_0': 0.1, 'cov_v': 0.5}}][0m
[rospy.internal][INFO] 2021-12-08 14:14:55,040: [32mtopic[/rosout] adding connection to [/rosout], count 0[0m
[rospy.internal][INFO] 2021-12-08 14:14:58,128: [32mtopic[/ss42/ground_projection/lineseglist_out] adding connection to [http://ss42.local:39848/], count 0[0m
[rospy.internal][INFO] 2021-12-08 14:14:58,182: [32mtopic[/ss42/lane_filter_node/switch] adding connection to [http://ss42.local:45789/], count 0[0m
[rospy.internal][INFO] 2021-12-08 14:14:58,198: [32mtopic[/ss42/car_cmd_switch_node/cmd] adding connection to [http://ss42.local:41719/], count 0[0m
[rospy.internal][INFO] 2021-12-08 14:14:58,276: [32mtopic[/ss42/lane_filter_node/lane_pose] adding connection to [/ss42/lane_pose_visualizer_node], count 0[0m
[rospy.internal][INFO] 2021-12-08 14:14:58,284: [32mtopic[/ss42/lane_filter_node/lane_pose] adding connection to [/ss42/lane_controller_node], count 1[0m
[rospy.core][INFO] 2021-12-08 15:04:46,810: [32msignal_shutdown [signal-2][0m
[rospy.internal][INFO] 2021-12-08 15:04:47,429: [32mtopic[/ss42/lane_filter_node/lane_pose] removing connection to /ss42/lane_controller_node[0m
[rosout][INFO] 2021-12-08 15:04:47,457: [32m[LaneFilterNode] Shutdown.[0m
[rospy.internal][INFO] 2021-12-08 15:04:48,251: [32mtopic[/ss42/lane_filter_node/lane_pose] removing connection to /ss42/lane_pose_visualizer_node[0m
[rospy.internal][INFO] 2021-12-08 15:04:48,893: [32mtopic[/rosout] removing connection to /rosout[0m
[rospy.internal][INFO] 2021-12-08 15:04:48,976: [32mtopic[/ss42/ground_projection/lineseglist_out] removing connection to http://ss42.local:39848/[0m
[rospy.internal][WARNING] 2021-12-08 15:04:48,996: [33mUnknown error initiating TCP/IP socket to ss42.local:45957 (http://ss42.local:39848/): Traceback (most recent call last):
  File "/opt/ros/kinetic/lib/python2.7/dist-packages/rospy/impl/tcpros_base.py", line 557, in connect
    self.read_header()
  File "/opt/ros/kinetic/lib/python2.7/dist-packages/rospy/impl/tcpros_base.py", line 650, in read_header
    self._validate_header(read_ros_handshake_header(sock, self.read_buff, self.protocol.buff_size))
  File "/opt/ros/kinetic/lib/python2.7/dist-packages/rosgraph/network.py", line 362, in read_ros_handshake_header
    d = sock.recv(buff_size)
error: [Errno 104] Connection reset by peer
[0m
[rospy.internal][INFO] 2021-12-08 15:04:49,006: [32mtopic[/ss42/lane_filter_node/switch] removing connection to http://ss42.local:45789/[0m
[rospy.internal][INFO] 2021-12-08 15:04:49,019: [32mtopic[/ss42/car_cmd_switch_node/cmd] removing connection to http://ss42.local:41719/[0m
[rospy.impl.masterslave][INFO] 2021-12-08 15:04:49,059: [32msignal-2[0m
[rospy.core][INFO] 2021-12-08 15:04:49,304: [32msignal_shutdown [atexit][0m
