[rospy.client][INFO] 2021-12-08 14:14:56,210: [32minit_node, name[/ss42/anti_instagram_node], pid[8110][0m
[xmlrpc][INFO] 2021-12-08 14:14:56,230: [32mXML-RPC server binding to 0.0.0.0:0[0m
[rospy.init][INFO] 2021-12-08 14:14:56,239: [32mROS Slave URI: [http://ss42.local:46044/][0m
[xmlrpc][INFO] 2021-12-08 14:14:56,240: [32mStarted XML-RPC server [http://ss42.local:46044/][0m
[rospy.impl.masterslave][INFO] 2021-12-08 14:14:56,240: [32m_ready: http://ss42.local:46044/[0m
[xmlrpc][INFO] 2021-12-08 14:14:56,243: [32mxml rpc node: starting XML-RPC server[0m
[rospy.registration][INFO] 2021-12-08 14:14:56,243: [32mRegistering with master node http://ss42.local:11311/[0m
[rospy.init][INFO] 2021-12-08 14:14:56,340: [32mregistered with master[0m
[rospy.rosout][INFO] 2021-12-08 14:14:56,341: [32minitializing /rosout core topic[0m
[rospy.rosout][INFO] 2021-12-08 14:14:56,355: [32mconnected to core topic /rosout[0m
[rospy.simtime][INFO] 2021-12-08 14:14:56,366: [32m/use_sim_time is not set, will not subscribe to simulated time [/clock] topic[0m
[rospy.internal][INFO] 2021-12-08 14:14:56,531: [32mtopic[/ss42/camera_node/image/compressed] adding connection to [http://ss42.local:36252/], count 0[0m
[rospy.internal][INFO] 2021-12-08 14:14:56,533: [32mtopic[/ss42/anti_instagram_node/click] adding connection to [http://ss42.local:45579/], count 0[0m
[rospy.internal][INFO] 2021-12-08 14:14:56,652: [32mtopic[/rosout] adding connection to [/rosout], count 0[0m
[rospy.internal][INFO] 2021-12-08 14:14:58,339: [32mtopic[/ss42/anti_instagram_node/transform] adding connection to [/ss42/line_detector_node], count 0[0m
[rosout][INFO] 2021-12-08 14:15:44,296: [32mai: Computing color transform...[0m
[DT][INFO] 2021-12-08 14:15:47,426: [32mpicked 3 colors[0m
[rosout][INFO] 2021-12-08 14:15:47,475: [32mai: Color transform published.[0m
[rosout][INFO] 2021-12-08 14:15:48,283: [32mai: Color transform is turned OFF![0m
[rosout][INFO] 2021-12-08 14:16:07,544: [32mai: Computing color transform...[0m
[DT][INFO] 2021-12-08 14:16:09,574: [32mpicked 3 colors[0m
[rosout][INFO] 2021-12-08 14:16:09,582: [32mai: Color transform published.[0m
[rospy.core][INFO] 2021-12-08 15:04:46,578: [32msignal_shutdown [signal-2][0m
[rospy.internal][INFO] 2021-12-08 15:04:48,141: [32mtopic[/ss42/anti_instagram_node/transform] removing connection to /ss42/line_detector_node[0m
[rospy.internal][INFO] 2021-12-08 15:04:48,197: [32mtopic[/rosout] removing connection to /rosout[0m
[rospy.internal][INFO] 2021-12-08 15:04:48,266: [32mtopic[/ss42/anti_instagram_node/click] removing connection to http://ss42.local:45579/[0m
[rospy.internal][INFO] 2021-12-08 15:04:48,333: [32mtopic[/ss42/camera_node/image/compressed] removing connection to http://ss42.local:36252/[0m
[rospy.impl.masterslave][INFO] 2021-12-08 15:04:48,633: [32msignal-2[0m
[rospy.core][INFO] 2021-12-08 15:04:48,842: [32msignal_shutdown [atexit][0m
