[rospy.client][INFO] 2021-12-08 14:14:54,142: [32minit_node, name[/ss42/ground_projection], pid[8087][0m
[xmlrpc][INFO] 2021-12-08 14:14:54,146: [32mXML-RPC server binding to 0.0.0.0:0[0m
[rospy.init][INFO] 2021-12-08 14:14:54,159: [32mROS Slave URI: [http://ss42.local:39848/][0m
[xmlrpc][INFO] 2021-12-08 14:14:54,161: [32mStarted XML-RPC server [http://ss42.local:39848/][0m
[rospy.impl.masterslave][INFO] 2021-12-08 14:14:54,166: [32m_ready: http://ss42.local:39848/[0m
[rospy.registration][INFO] 2021-12-08 14:14:54,195: [32mRegistering with master node http://ss42.local:11311/[0m
[xmlrpc][INFO] 2021-12-08 14:14:54,195: [32mxml rpc node: starting XML-RPC server[0m
[rospy.init][INFO] 2021-12-08 14:14:54,260: [32mregistered with master[0m
[rospy.rosout][INFO] 2021-12-08 14:14:54,261: [32minitializing /rosout core topic[0m
[rospy.rosout][INFO] 2021-12-08 14:14:54,296: [32mconnected to core topic /rosout[0m
[rospy.simtime][INFO] 2021-12-08 14:14:54,325: [32m/use_sim_time is not set, will not subscribe to simulated time [/clock] topic[0m
[rosout][INFO] 2021-12-08 14:14:54,481: [32mUsing extrinsic calibration of ss42[0m
[DT][INFO] 2021-12-08 14:14:54,544: [32mLoaded homography for ss42.yaml[0m
[rospy.internal][INFO] 2021-12-08 14:14:54,655: [32mtopic[/rosout] adding connection to [/rosout], count 0[0m
[DT][INFO] 2021-12-08 14:14:55,144: [32mLoaded checkerboard parameters[0m
[rosout][INFO] 2021-12-08 14:14:55,145: [32mcamera info topic is /ss42/camera_node/camera_info[0m
[rosout][INFO] 2021-12-08 14:14:55,150: [32mwaiting for camera info[0m
[rospy.internal][INFO] 2021-12-08 14:14:55,259: [32mtopic[/ss42/camera_node/camera_info] adding connection to [http://ss42.local:44181/], count 0[0m
[rospy.internal][INFO] 2021-12-08 14:14:55,541: [32mtopic impl's ref count is zero, deleting topic /ss42/camera_node/camera_info...[0m
[rospy.internal][INFO] 2021-12-08 14:14:55,542: [32mtopic[/ss42/camera_node/camera_info] removing connection to http://ss42.local:44181/[0m
[rosout][INFO] 2021-12-08 14:14:55,550: [32mcamera info received[0m
[rospy.internal][INFO] 2021-12-08 14:14:55,687: [32mtopic[/ss42/ground_projection/lineseglist_out] adding connection to [/ss42/duckiebot_visualizer], count 0[0m
[rospy.internal][INFO] 2021-12-08 14:14:58,149: [32mtopic[/ss42/ground_projection/lineseglist_out] adding connection to [/ss42/lane_filter_node], count 1[0m
[rospy.internal][INFO] 2021-12-08 14:14:58,326: [32mtopic[/ss42/line_detector_node/segment_list] adding connection to [http://ss42.local:32981/], count 0[0m
[rospy.core][INFO] 2021-12-08 15:04:46,917: [32msignal_shutdown [signal-2][0m
[rosout][INFO] 2021-12-08 15:04:47,247: [32m[GroundProjectionNode] Shutdown.[0m
[rospy.internal][INFO] 2021-12-08 15:04:48,289: [32mtopic[/ss42/ground_projection/lineseglist_out] removing connection to /ss42/duckiebot_visualizer[0m
[rospy.internal][INFO] 2021-12-08 15:04:48,369: [32mtopic[/ss42/ground_projection/lineseglist_out] removing connection to /ss42/lane_filter_node[0m
[rospy.internal][INFO] 2021-12-08 15:04:48,525: [32mtopic[/rosout] removing connection to /rosout[0m
[rospy.internal][INFO] 2021-12-08 15:04:48,526: [32mtopic[/ss42/line_detector_node/segment_list] removing connection to http://ss42.local:32981/[0m
[rospy.impl.masterslave][INFO] 2021-12-08 15:04:48,527: [32msignal-2[0m
[rospy.core][INFO] 2021-12-08 15:04:48,811: [32msignal_shutdown [atexit][0m
