[rospy.client][INFO] 2021-11-01 02:39:13,711: [32minit_node, name[/ss42/camera_node], pid[3594][0m
[xmlrpc][INFO] 2021-11-01 02:39:13,714: [32mXML-RPC server binding to 0.0.0.0:0[0m
[xmlrpc][INFO] 2021-11-01 02:39:13,717: [32mStarted XML-RPC server [http://ss42.local:42890/][0m
[rospy.init][INFO] 2021-11-01 02:39:13,718: [32mROS Slave URI: [http://ss42.local:42890/][0m
[rospy.impl.masterslave][INFO] 2021-11-01 02:39:13,718: [32m_ready: http://ss42.local:42890/[0m
[rospy.registration][INFO] 2021-11-01 02:39:13,724: [32mRegistering with master node http://ss42.local:11311/[0m
[xmlrpc][INFO] 2021-11-01 02:39:13,725: [32mxml rpc node: starting XML-RPC server[0m
[rospy.init][INFO] 2021-11-01 02:39:13,820: [32mregistered with master[0m
[rospy.rosout][INFO] 2021-11-01 02:39:13,821: [32minitializing /rosout core topic[0m
[rospy.rosout][INFO] 2021-11-01 02:39:13,848: [32mconnected to core topic /rosout[0m
[rospy.simtime][INFO] 2021-11-01 02:39:13,857: [32m/use_sim_time is not set, will not subscribe to simulated time [/clock] topic[0m
[rosout][INFO] 2021-11-01 02:39:13,882: [32m[/ss42/camera_node] Initializing......[0m
[rosout][INFO] 2021-11-01 02:39:13,904: [32m[/ss42/camera_node] ~framerate_high = 30 [0m
[rosout][INFO] 2021-11-01 02:39:13,925: [32m[/ss42/camera_node] ~framerate_low = 15 [0m
[rosout][INFO] 2021-11-01 02:39:13,945: [32m[/ss42/camera_node] ~res_w = 640 [0m
[rosout][INFO] 2021-11-01 02:39:13,964: [32m[/ss42/camera_node] ~res_h = 480 [0m
[rospy.internal][INFO] 2021-11-01 02:39:14,116: [32mtopic[/rosout] adding connection to [/rosout], count 0[0m
[rosout][INFO] 2021-11-01 02:39:14,441: [32m[/ss42/camera_node] Initialized.[0m
[rosout][INFO] 2021-11-01 02:39:14,444: [32m[/ss42/camera_node] Start capturing.[0m
[rospy.internal][INFO] 2021-11-01 02:39:14,481: [32mtopic[/ss42/camera_node/image/compressed] adding connection to [/ss42/cam_info_reader_node], count 0[0m
[rospy.internal][INFO] 2021-11-01 02:39:14,494: [32mtopic[/ss42/camera_node/image/compressed] adding connection to [/ss42/decoder_node], count 1[0m
[rosout][INFO] 2021-11-01 02:39:14,551: [32m[/ss42/camera_node] Published the first image.[0m
[rospy.core][INFO] 2021-11-01 02:44:47,831: [32msignal_shutdown [signal-2][0m
[rosout][INFO] 2021-11-01 02:44:47,832: [32m[/ss42/camera_node] Closing camera.[0m
[rosout][INFO] 2021-11-01 02:44:47,843: [32m[/ss42/camera_node] Shutdown.[0m
[rospy.internal][INFO] 2021-11-01 02:44:48,050: [32mtopic[/ss42/camera_node/image/compressed] removing connection to /ss42/cam_info_reader_node[0m
[rospy.internal][INFO] 2021-11-01 02:44:48,054: [32mtopic[/ss42/camera_node/image/compressed] removing connection to /ss42/decoder_node[0m
[rospy.internal][INFO] 2021-11-01 02:44:48,061: [32mtopic[/rosout] removing connection to /rosout[0m
[rospy.impl.masterslave][INFO] 2021-11-01 02:44:48,065: [32msignal-2[0m
[rosout][INFO] 2021-11-01 02:44:48,081: [32m[/ss42/camera_node] Capture Ended.[0m
[rospy.core][INFO] 2021-11-01 02:44:48,533: [32msignal_shutdown [atexit][0m
