[rospy.client][INFO] 2021-11-01 02:39:09,921: init_node, name[/ss42/decoder_node], pid[3595]
[xmlrpc][INFO] 2021-11-01 02:39:09,924: XML-RPC server binding to 0.0.0.0:0
[rospy.init][INFO] 2021-11-01 02:39:09,929: ROS Slave URI: [http://ss42.local:41140/]
[xmlrpc][INFO] 2021-11-01 02:39:09,930: Started XML-RPC server [http://ss42.local:41140/]
[rospy.impl.masterslave][INFO] 2021-11-01 02:39:09,931: _ready: http://ss42.local:41140/
[rospy.registration][INFO] 2021-11-01 02:39:09,944: Registering with master node http://ss42.local:11311/
[xmlrpc][INFO] 2021-11-01 02:39:09,945: xml rpc node: starting XML-RPC server
[rospy.init][INFO] 2021-11-01 02:39:10,030: registered with master
[rospy.rosout][INFO] 2021-11-01 02:39:10,032: initializing /rosout core topic
[rospy.rosout][INFO] 2021-11-01 02:39:10,074: connected to core topic /rosout
[rospy.simtime][INFO] 2021-11-01 02:39:10,117: /use_sim_time is not set, will not subscribe to simulated time [/clock] topic
[rosout][INFO] 2021-11-01 02:39:10,214: [/ss42/decoder_node] ~publish_freq = 2.0 
[rospy.internal][INFO] 2021-11-01 02:39:10,311: topic[/rosout] adding connection to [/rosout], count 0
[rospy.internal][INFO] 2021-11-01 02:39:12,400: topic[/ss42/camera_node/image/raw] adding connection to [/ss42/raw_cam_info_reader_node], count 0
[rospy.internal][INFO] 2021-11-01 02:39:14,471: topic[/ss42/camera_node/image/compressed] adding connection to [http://ss42.local:42890/], count 0
[rospy.internal][INFO] 2021-11-01 02:40:22,349: topic[/ss42/camera_node/image/raw] adding connection to [/rviz_1635730799223832862], count 1
[rospy.internal][INFO] 2021-11-01 02:41:43,609: topic[/ss42/camera_node/image/raw] removing connection to /rviz_1635730799223832862
[rospy.internal][INFO] 2021-11-01 02:42:18,480: topic[/ss42/camera_node/image/raw] adding connection to [/rviz_1635730908499405697], count 1
[rospy.internal][INFO] 2021-11-01 02:44:46,581: topic[/ss42/camera_node/image/raw] removing connection to /rviz_1635730908499405697
[rospy.core][INFO] 2021-11-01 02:44:47,826: signal_shutdown [signal-2]
[rospy.internal][INFO] 2021-11-01 02:44:47,942: topic[/ss42/camera_node/image/raw] removing connection to /ss42/raw_cam_info_reader_node
[rospy.internal][INFO] 2021-11-01 02:44:47,946: topic[/rosout] removing connection to /rosout
[rospy.internal][INFO] 2021-11-01 02:44:47,948: topic[/ss42/camera_node/image/compressed] removing connection to http://ss42.local:42890/
[rospy.impl.masterslave][INFO] 2021-11-01 02:44:47,951: signal-2
[rospy.internal][WARNING] 2021-11-01 02:44:47,955: Unknown error initiating TCP/IP socket to ss42.local:37831 (http://ss42.local:42890/): Traceback (most recent call last):
  File "/opt/ros/kinetic/lib/python2.7/dist-packages/rospy/impl/tcpros_base.py", line 557, in connect
    self.read_header()
  File "/opt/ros/kinetic/lib/python2.7/dist-packages/rospy/impl/tcpros_base.py", line 650, in read_header
    self._validate_header(read_ros_handshake_header(sock, self.read_buff, self.protocol.buff_size))
AttributeError: 'NoneType' object has no attribute 'buff_size'

[rospy.core][INFO] 2021-11-01 02:44:48,471: signal_shutdown [atexit]
