[rosmaster.main][INFO] 2021-10-22 12:25:14,050: initialization complete, waiting for shutdown
[rosmaster.main][INFO] 2021-10-22 12:25:14,051: Starting ROS Master Node
[xmlrpc][INFO] 2021-10-22 12:25:14,053: XML-RPC server binding to 0.0.0.0:11311
[xmlrpc][INFO] 2021-10-22 12:25:14,054: Started XML-RPC server [http://ss42.local:11311/]
[rosmaster.master][INFO] 2021-10-22 12:25:14,055: Master initialized: port[11311], uri[http://ss42.local:11311/]
[xmlrpc][INFO] 2021-10-22 12:25:14,055: xml rpc node: starting XML-RPC server
[rosmaster.master][INFO] 2021-10-22 12:25:14,136: +PARAM [/run_id] by /roslaunch
[rosmaster.master][INFO] 2021-10-22 12:25:14,145: +PARAM [/roslaunch/uris/host_ss42_local__35771] by /roslaunch
[rosmaster.master][INFO] 2021-10-22 12:25:14,677: +PARAM [/ss42/camera_node/res_w] by /roslaunch
[rosmaster.master][INFO] 2021-10-22 12:25:14,680: +PARAM [/rosdistro] by /roslaunch
[rosmaster.master][INFO] 2021-10-22 12:25:14,682: +PARAM [/ss42/cam_info_reader_node/cali_file_name] by /roslaunch
[rosmaster.master][INFO] 2021-10-22 12:25:14,683: +PARAM [/ss42/camera_node/framerate_low] by /roslaunch
[rosmaster.master][INFO] 2021-10-22 12:25:14,684: +SERVICE [/rosout/get_loggers] /rosout http://ss42.local:37272/
[rosmaster.master][INFO] 2021-10-22 12:25:14,684: +PARAM [/ss42/raw_cam_info_reader_node/cali_file_name] by /roslaunch
[rosmaster.master][INFO] 2021-10-22 12:25:14,685: +PARAM [/ss42/cam_info_reader_node/config] by /roslaunch
[rosmaster.master][INFO] 2021-10-22 12:25:14,686: +PARAM [/ss42/raw_cam_info_reader_node/config] by /roslaunch
[rosmaster.master][INFO] 2021-10-22 12:25:14,688: +PARAM [/ss42/cam_info_reader_node/pub_freq] by /roslaunch
[rosmaster.master][INFO] 2021-10-22 12:25:14,689: +PARAM [/rosversion] by /roslaunch
[rosmaster.master][INFO] 2021-10-22 12:25:14,690: +SERVICE [/rosout/set_logger_level] /rosout http://ss42.local:37272/
[rosmaster.master][INFO] 2021-10-22 12:25:14,691: +PARAM [/ss42/decoder_node/publish_freq] by /roslaunch
[rosmaster.master][INFO] 2021-10-22 12:25:14,692: +PARAM [/ss42/raw_cam_info_reader_node/image_type] by /roslaunch
[rosmaster.master][INFO] 2021-10-22 12:25:14,693: +PARAM [/ss42/raw_cam_info_reader_node/pub_freq] by /roslaunch
[rosmaster.master][INFO] 2021-10-22 12:25:14,694: +PARAM [/ss42/cam_info_reader_node/image_type] by /roslaunch
[rosmaster.master][INFO] 2021-10-22 12:25:14,695: +PARAM [/ss42/camera_node/framerate_high] by /roslaunch
[rosmaster.master][INFO] 2021-10-22 12:25:14,695: +PARAM [/ss42/camera_node/res_h] by /roslaunch
[rosmaster.master][INFO] 2021-10-22 12:25:14,702: +PUB [/rosout_agg] /rosout http://ss42.local:37272/
[rosmaster.master][INFO] 2021-10-22 12:25:14,723: +SUB [/rosout] /rosout http://ss42.local:37272/
[rosmaster.master][INFO] 2021-10-22 12:25:16,447: +PUB [/rosout] /ss42/decoder_node http://ss42.local:42758/
[rosmaster.master][INFO] 2021-10-22 12:25:16,460: publisherUpdate[/rosout] -> http://ss42.local:37272/ ['http://ss42.local:42758/']
[rosmaster.master][INFO] 2021-10-22 12:25:16,470: publisherUpdate[/rosout] -> http://ss42.local:37272/ ['http://ss42.local:42758/']: sec=0.01, result=[1, '', 0]
[rosmaster.master][INFO] 2021-10-22 12:25:16,488: +SERVICE [/ss42/decoder_node/get_loggers] /ss42/decoder_node http://ss42.local:42758/
[rosmaster.master][INFO] 2021-10-22 12:25:16,495: +SERVICE [/ss42/decoder_node/set_logger_level] /ss42/decoder_node http://ss42.local:42758/
[rosmaster.master][INFO] 2021-10-22 12:25:16,509: +PARAM [/ss42/decoder_node/publish_freq] by /ss42/decoder_node
[rosmaster.master][INFO] 2021-10-22 12:25:16,520: +PUB [/ss42/camera_node/image/raw] /ss42/decoder_node http://ss42.local:42758/
[rosmaster.master][INFO] 2021-10-22 12:25:16,534: +SUB [/ss42/camera_node/image/compressed] /ss42/decoder_node http://ss42.local:42758/
[rosmaster.master][INFO] 2021-10-22 12:25:16,563: +SUB [/ss42/decoder_node/switch] /ss42/decoder_node http://ss42.local:42758/
[rosmaster.master][INFO] 2021-10-22 12:25:18,106: +PUB [/rosout] /ss42/cam_info_reader_node http://ss42.local:35675/
[rosmaster.master][INFO] 2021-10-22 12:25:18,121: +SERVICE [/ss42/cam_info_reader_node/get_loggers] /ss42/cam_info_reader_node http://ss42.local:35675/
[rosmaster.master][INFO] 2021-10-22 12:25:18,127: +SERVICE [/ss42/cam_info_reader_node/set_logger_level] /ss42/cam_info_reader_node http://ss42.local:35675/
[rosmaster.master][INFO] 2021-10-22 12:25:18,137: +PARAM [/ss42/cam_info_reader_node/config] by /ss42/cam_info_reader_node
[rosmaster.master][INFO] 2021-10-22 12:25:18,147: +PARAM [/ss42/cam_info_reader_node/cali_file_name] by /ss42/cam_info_reader_node
[rosmaster.master][INFO] 2021-10-22 12:25:18,157: +PARAM [/ss42/cam_info_reader_node/image_type] by /ss42/cam_info_reader_node
[rosmaster.master][INFO] 2021-10-22 12:25:18,164: +PUB [/ss42/camera_node/camera_info] /ss42/cam_info_reader_node http://ss42.local:35675/
[rosmaster.master][INFO] 2021-10-22 12:25:18,164: publisherUpdate[/rosout] -> http://ss42.local:37272/ ['http://ss42.local:42758/', 'http://ss42.local:35675/']
[rosmaster.master][INFO] 2021-10-22 12:25:18,169: publisherUpdate[/rosout] -> http://ss42.local:37272/ ['http://ss42.local:42758/', 'http://ss42.local:35675/']: sec=0.00, result=[1, '', 0]
[rosmaster.master][INFO] 2021-10-22 12:25:18,222: +SUB [/ss42/camera_node/image/compressed] /ss42/cam_info_reader_node http://ss42.local:35675/
[rosmaster.master][INFO] 2021-10-22 12:25:18,225: +PUB [/rosout] /ss42/raw_cam_info_reader_node http://ss42.local:38907/
[rosmaster.master][INFO] 2021-10-22 12:25:18,231: +PUB [/rosout] /ss42/camera_node http://ss42.local:37063/
[rosmaster.master][INFO] 2021-10-22 12:25:18,241: +SERVICE [/ss42/raw_cam_info_reader_node/get_loggers] /ss42/raw_cam_info_reader_node http://ss42.local:38907/
[rosmaster.master][INFO] 2021-10-22 12:25:18,246: +SERVICE [/ss42/camera_node/get_loggers] /ss42/camera_node http://ss42.local:37063/
[rosmaster.master][INFO] 2021-10-22 12:25:18,249: +SERVICE [/ss42/raw_cam_info_reader_node/set_logger_level] /ss42/raw_cam_info_reader_node http://ss42.local:38907/
[rosmaster.master][INFO] 2021-10-22 12:25:18,253: +SERVICE [/ss42/camera_node/set_logger_level] /ss42/camera_node http://ss42.local:37063/
[rosmaster.master][INFO] 2021-10-22 12:25:18,261: +PARAM [/ss42/raw_cam_info_reader_node/config] by /ss42/raw_cam_info_reader_node
[rosmaster.master][INFO] 2021-10-22 12:25:18,266: publisherUpdate[/rosout] -> http://ss42.local:37272/ ['http://ss42.local:42758/', 'http://ss42.local:35675/', 'http://ss42.local:38907/']
[rosmaster.master][INFO] 2021-10-22 12:25:18,272: publisherUpdate[/rosout] -> http://ss42.local:37272/ ['http://ss42.local:42758/', 'http://ss42.local:35675/', 'http://ss42.local:38907/']: sec=0.01, result=[1, '', 0]
[rosmaster.master][INFO] 2021-10-22 12:25:18,274: +PARAM [/ss42/camera_node/framerate_high] by /ss42/camera_node
[rosmaster.master][INFO] 2021-10-22 12:25:18,274: publisherUpdate[/rosout] -> http://ss42.local:37272/ ['http://ss42.local:42758/', 'http://ss42.local:35675/', 'http://ss42.local:38907/', 'http://ss42.local:37063/']
[rosmaster.master][INFO] 2021-10-22 12:25:18,279: +PARAM [/ss42/raw_cam_info_reader_node/cali_file_name] by /ss42/raw_cam_info_reader_node
[rosmaster.master][INFO] 2021-10-22 12:25:18,281: publisherUpdate[/rosout] -> http://ss42.local:37272/ ['http://ss42.local:42758/', 'http://ss42.local:35675/', 'http://ss42.local:38907/', 'http://ss42.local:37063/']: sec=0.00, result=[1, '', 0]
[rosmaster.master][INFO] 2021-10-22 12:25:18,290: +PARAM [/ss42/camera_node/framerate_low] by /ss42/camera_node
[rosmaster.master][INFO] 2021-10-22 12:25:18,293: +PARAM [/ss42/raw_cam_info_reader_node/image_type] by /ss42/raw_cam_info_reader_node
[rosmaster.master][INFO] 2021-10-22 12:25:18,301: +PUB [/ss42/camera_node/raw_camera_info] /ss42/raw_cam_info_reader_node http://ss42.local:38907/
[rosmaster.master][INFO] 2021-10-22 12:25:18,307: +PARAM [/ss42/camera_node/res_w] by /ss42/camera_node
[rosmaster.master][INFO] 2021-10-22 12:25:18,318: +PARAM [/ss42/camera_node/res_h] by /ss42/camera_node
[rosmaster.master][INFO] 2021-10-22 12:25:18,361: +SUB [/ss42/camera_node/image/raw] /ss42/raw_cam_info_reader_node http://ss42.local:38907/
[rosmaster.master][INFO] 2021-10-22 12:25:18,689: +PUB [/ss42/camera_node/image/compressed] /ss42/camera_node http://ss42.local:37063/
[rosmaster.master][INFO] 2021-10-22 12:25:18,699: +SUB [/ss42/camera_node/framerate_high_switch] /ss42/camera_node http://ss42.local:37063/
[rosmaster.master][INFO] 2021-10-22 12:25:18,704: +SERVICE [/ss42/camera_node/set_camera_info] /ss42/camera_node http://ss42.local:37063/
[rosmaster.master][INFO] 2021-10-22 12:25:18,771: publisherUpdate[/ss42/camera_node/image/compressed] -> http://ss42.local:42758/ ['http://ss42.local:37063/']
[rosmaster.master][INFO] 2021-10-22 12:25:18,777: publisherUpdate[/ss42/camera_node/image/compressed] -> http://ss42.local:42758/ ['http://ss42.local:37063/']: sec=0.01, result=[1, '', 0]
[rosmaster.master][INFO] 2021-10-22 12:25:18,778: publisherUpdate[/ss42/camera_node/image/compressed] -> http://ss42.local:35675/ ['http://ss42.local:37063/']
[rosmaster.master][INFO] 2021-10-22 12:25:18,783: publisherUpdate[/ss42/camera_node/image/compressed] -> http://ss42.local:35675/ ['http://ss42.local:37063/']: sec=0.01, result=[1, '', 0]
[rosmaster.master][INFO] 2021-10-22 12:26:08,539: +PARAM [/roslaunch/uris/host_ss42_local__35251] by /roslaunch
[rosmaster.master][INFO] 2021-10-22 12:26:08,564: +PARAM [/rosversion] by /roslaunch
[rosmaster.master][INFO] 2021-10-22 12:26:08,570: +PARAM [/rosdistro] by /roslaunch
[rosmaster.master][INFO] 2021-10-22 12:26:08,572: +PARAM [/ss42/ground_projection/config] by /roslaunch
[rosmaster.master][INFO] 2021-10-22 12:26:08,573: +PARAM [/ss42/ground_projection/config_file_name] by /roslaunch
[rosmaster.master][INFO] 2021-10-22 12:26:12,426: +PUB [/rosout] /ss42/ground_projection http://ss42.local:40524/
[rosmaster.master][INFO] 2021-10-22 12:26:12,439: +SERVICE [/ss42/ground_projection/get_loggers] /ss42/ground_projection http://ss42.local:40524/
[rosmaster.master][INFO] 2021-10-22 12:26:12,449: +SERVICE [/ss42/ground_projection/set_logger_level] /ss42/ground_projection http://ss42.local:40524/
[rosmaster.master][INFO] 2021-10-22 12:26:12,481: publisherUpdate[/rosout] -> http://ss42.local:37272/ ['http://ss42.local:42758/', 'http://ss42.local:35675/', 'http://ss42.local:38907/', 'http://ss42.local:37063/', 'http://ss42.local:40524/']
[rosmaster.master][INFO] 2021-10-22 12:26:12,484: publisherUpdate[/rosout] -> http://ss42.local:37272/ ['http://ss42.local:42758/', 'http://ss42.local:35675/', 'http://ss42.local:38907/', 'http://ss42.local:37063/', 'http://ss42.local:40524/']: sec=0.00, result=[1, '', 0]
[rosmaster.master][INFO] 2021-10-22 12:26:12,749: +SUB [/ss42/camera_node/camera_info] /ss42/ground_projection http://ss42.local:40524/
[rosmaster.master][INFO] 2021-10-22 12:26:12,787: -SUB [/ss42/camera_node/camera_info] /ss42/ground_projection http://ss42.local:40524/
[rosmaster.master][INFO] 2021-10-22 12:26:12,800: +PUB [/ss42/ground_projection/lineseglist_out] /ss42/ground_projection http://ss42.local:40524/
[rosmaster.master][INFO] 2021-10-22 12:26:12,812: +SUB [/ss42/line_detector_node/segment_list] /ss42/ground_projection http://ss42.local:40524/
[rosmaster.master][INFO] 2021-10-22 12:26:12,819: +SERVICE [/ss42/ground_projection/estimate_homography] /ss42/ground_projection http://ss42.local:40524/
[rosmaster.master][INFO] 2021-10-22 12:26:12,825: +SERVICE [/ss42/ground_projection/get_ground_coordinate] /ss42/ground_projection http://ss42.local:40524/
[rosmaster.master][INFO] 2021-10-22 12:26:12,831: +SERVICE [/ss42/ground_projection/get_image_coordinate] /ss42/ground_projection http://ss42.local:40524/
[rosmaster.master][INFO] 2021-10-22 12:27:30,442: +PUB [/rosout] /rosservice_3072_1634898451163 http://robotikahost.local:45523/
[rosmaster.master][INFO] 2021-10-22 12:27:30,451: publisherUpdate[/rosout] -> http://ss42.local:37272/ ['http://ss42.local:42758/', 'http://ss42.local:35675/', 'http://ss42.local:38907/', 'http://ss42.local:37063/', 'http://ss42.local:40524/', 'http://robotikahost.local:45523/']
[rosmaster.master][INFO] 2021-10-22 12:27:30,466: +SERVICE [/rosservice_3072_1634898451163/get_loggers] /rosservice_3072_1634898451163 http://robotikahost.local:45523/
[rosmaster.master][INFO] 2021-10-22 12:27:30,478: +SERVICE [/rosservice_3072_1634898451163/set_logger_level] /rosservice_3072_1634898451163 http://robotikahost.local:45523/
[rosmaster.master][INFO] 2021-10-22 12:27:30,559: publisherUpdate[/rosout] -> http://ss42.local:37272/ ['http://ss42.local:42758/', 'http://ss42.local:35675/', 'http://ss42.local:38907/', 'http://ss42.local:37063/', 'http://ss42.local:40524/', 'http://robotikahost.local:45523/']: sec=0.11, result=[1, '', 0]
[rosmaster.master][INFO] 2021-10-22 12:27:30,562: +SUB [/ss42/camera_node/image/raw] /ss42/ground_projection http://ss42.local:40524/
[rosmaster.master][INFO] 2021-10-22 12:27:31,056: -SUB [/ss42/camera_node/image/raw] /ss42/ground_projection http://ss42.local:40524/
[rosmaster.master][INFO] 2021-10-22 12:28:06,074: -PUB [/rosout] /rosservice_3072_1634898451163 http://robotikahost.local:45523/
[rosmaster.master][INFO] 2021-10-22 12:28:06,074: -SERVICE [/rosservice_3072_1634898451163/set_logger_level] /rosservice_3072_1634898451163 rosrpc://robotikahost.local:46411
[rosmaster.master][INFO] 2021-10-22 12:28:06,075: -SERVICE [/rosservice_3072_1634898451163/get_loggers] /rosservice_3072_1634898451163 rosrpc://robotikahost.local:46411
[rosmaster.master][INFO] 2021-10-22 12:28:06,104: publisherUpdate[/rosout] -> http://ss42.local:37272/ ['http://ss42.local:42758/', 'http://ss42.local:35675/', 'http://ss42.local:38907/', 'http://ss42.local:37063/', 'http://ss42.local:40524/']
[rosmaster.master][INFO] 2021-10-22 12:28:06,107: publisherUpdate[/rosout] -> http://ss42.local:37272/ ['http://ss42.local:42758/', 'http://ss42.local:35675/', 'http://ss42.local:38907/', 'http://ss42.local:37063/', 'http://ss42.local:40524/']: sec=0.00, result=[1, '', 0]
[rosmaster.master][INFO] 2021-10-22 12:28:23,683: -SUB [/ss42/line_detector_node/segment_list] /ss42/ground_projection http://ss42.local:40524/
[rosmaster.master][INFO] 2021-10-22 12:28:23,684: -PUB [/ss42/ground_projection/lineseglist_out] /ss42/ground_projection http://ss42.local:40524/
[rosmaster.master][INFO] 2021-10-22 12:28:23,685: -PUB [/rosout] /ss42/ground_projection http://ss42.local:40524/
[rosmaster.master][INFO] 2021-10-22 12:28:23,685: -SERVICE [/ss42/ground_projection/get_loggers] /ss42/ground_projection rosrpc://ss42.local:34659
[rosmaster.master][INFO] 2021-10-22 12:28:23,686: -SERVICE [/ss42/ground_projection/get_image_coordinate] /ss42/ground_projection rosrpc://ss42.local:34659
[rosmaster.master][INFO] 2021-10-22 12:28:23,686: -SERVICE [/ss42/ground_projection/set_logger_level] /ss42/ground_projection rosrpc://ss42.local:34659
[rosmaster.master][INFO] 2021-10-22 12:28:23,686: -SERVICE [/ss42/ground_projection/estimate_homography] /ss42/ground_projection rosrpc://ss42.local:34659
[rosmaster.master][INFO] 2021-10-22 12:28:23,687: -SERVICE [/ss42/ground_projection/get_ground_coordinate] /ss42/ground_projection rosrpc://ss42.local:34659
[rosmaster.master][INFO] 2021-10-22 12:28:23,739: publisherUpdate[/rosout] -> http://ss42.local:37272/ ['http://ss42.local:42758/', 'http://ss42.local:35675/', 'http://ss42.local:38907/', 'http://ss42.local:37063/']
[rosmaster.master][INFO] 2021-10-22 12:28:23,742: publisherUpdate[/rosout] -> http://ss42.local:37272/ ['http://ss42.local:42758/', 'http://ss42.local:35675/', 'http://ss42.local:38907/', 'http://ss42.local:37063/']: sec=0.00, result=[1, '', 0]
[rosmaster.master][INFO] 2021-10-22 12:28:26,081: -SUB [/ss42/camera_node/image/raw] /ss42/raw_cam_info_reader_node http://ss42.local:38907/
[rosmaster.master][INFO] 2021-10-22 12:28:26,082: -PUB [/rosout] /ss42/raw_cam_info_reader_node http://ss42.local:38907/
[rosmaster.master][INFO] 2021-10-22 12:28:26,082: -PUB [/ss42/camera_node/raw_camera_info] /ss42/raw_cam_info_reader_node http://ss42.local:38907/
[rosmaster.master][INFO] 2021-10-22 12:28:26,083: -SERVICE [/ss42/raw_cam_info_reader_node/set_logger_level] /ss42/raw_cam_info_reader_node rosrpc://ss42.local:36045
[rosmaster.master][INFO] 2021-10-22 12:28:26,083: -SERVICE [/ss42/raw_cam_info_reader_node/get_loggers] /ss42/raw_cam_info_reader_node rosrpc://ss42.local:36045
[rosmaster.master][INFO] 2021-10-22 12:28:26,101: -SUB [/ss42/decoder_node/switch] /ss42/decoder_node http://ss42.local:42758/
[rosmaster.master][INFO] 2021-10-22 12:28:26,102: -SUB [/ss42/camera_node/image/compressed] /ss42/decoder_node http://ss42.local:42758/
[rosmaster.master][INFO] 2021-10-22 12:28:26,103: -PUB [/ss42/camera_node/image/raw] /ss42/decoder_node http://ss42.local:42758/
[rosmaster.master][INFO] 2021-10-22 12:28:26,105: -PUB [/rosout] /ss42/decoder_node http://ss42.local:42758/
[rosmaster.master][INFO] 2021-10-22 12:28:26,106: -SERVICE [/ss42/decoder_node/get_loggers] /ss42/decoder_node rosrpc://ss42.local:37379
[rosmaster.master][INFO] 2021-10-22 12:28:26,109: -SERVICE [/ss42/decoder_node/set_logger_level] /ss42/decoder_node rosrpc://ss42.local:37379
[rosmaster.master][INFO] 2021-10-22 12:28:26,121: -SUB [/ss42/camera_node/framerate_high_switch] /ss42/camera_node http://ss42.local:37063/
[rosmaster.master][INFO] 2021-10-22 12:28:26,128: -SUB [/ss42/camera_node/image/compressed] /ss42/cam_info_reader_node http://ss42.local:35675/
[rosmaster.master][INFO] 2021-10-22 12:28:26,129: -PUB [/ss42/camera_node/image/compressed] /ss42/camera_node http://ss42.local:37063/
[rosmaster.master][INFO] 2021-10-22 12:28:26,130: -PUB [/ss42/camera_node/camera_info] /ss42/cam_info_reader_node http://ss42.local:35675/
[rosmaster.master][INFO] 2021-10-22 12:28:26,130: -PUB [/rosout] /ss42/camera_node http://ss42.local:37063/
[rosmaster.master][INFO] 2021-10-22 12:28:26,131: -PUB [/rosout] /ss42/cam_info_reader_node http://ss42.local:35675/
[rosmaster.master][INFO] 2021-10-22 12:28:26,131: -SERVICE [/ss42/camera_node/get_loggers] /ss42/camera_node rosrpc://ss42.local:43655
[rosmaster.master][INFO] 2021-10-22 12:28:26,132: -SERVICE [/ss42/cam_info_reader_node/set_logger_level] /ss42/cam_info_reader_node rosrpc://ss42.local:41625
[rosmaster.master][INFO] 2021-10-22 12:28:26,133: -SERVICE [/ss42/cam_info_reader_node/get_loggers] /ss42/cam_info_reader_node rosrpc://ss42.local:41625
[rosmaster.master][INFO] 2021-10-22 12:28:26,136: -SERVICE [/ss42/camera_node/set_camera_info] /ss42/camera_node rosrpc://ss42.local:43655
[rosmaster.master][INFO] 2021-10-22 12:28:26,138: -SERVICE [/ss42/camera_node/set_logger_level] /ss42/camera_node rosrpc://ss42.local:43655
[rosmaster.master][INFO] 2021-10-22 12:28:26,145: publisherUpdate[/rosout] -> http://ss42.local:37272/ ['http://ss42.local:42758/', 'http://ss42.local:35675/', 'http://ss42.local:37063/']
[rosmaster.master][INFO] 2021-10-22 12:28:26,148: publisherUpdate[/rosout] -> http://ss42.local:37272/ ['http://ss42.local:42758/', 'http://ss42.local:35675/', 'http://ss42.local:37063/']: sec=0.00, result=[1, '', 0]
[rosmaster.master][INFO] 2021-10-22 12:28:26,149: publisherUpdate[/rosout] -> http://ss42.local:37272/ ['http://ss42.local:35675/', 'http://ss42.local:37063/']
[rosmaster.master][INFO] 2021-10-22 12:28:26,152: publisherUpdate[/rosout] -> http://ss42.local:37272/ ['http://ss42.local:35675/', 'http://ss42.local:37063/']: sec=0.00, result=[1, '', 0]
[rosmaster.master][INFO] 2021-10-22 12:28:26,153: publisherUpdate[/rosout] -> http://ss42.local:37272/ ['http://ss42.local:35675/']
[rosmaster.master][INFO] 2021-10-22 12:28:26,155: publisherUpdate[/rosout] -> http://ss42.local:37272/ ['http://ss42.local:35675/']: sec=0.00, result=[1, '', 0]
[rosmaster.master][INFO] 2021-10-22 12:28:26,155: publisherUpdate[/rosout] -> http://ss42.local:37272/ []
[rosmaster.master][INFO] 2021-10-22 12:28:26,157: publisherUpdate[/rosout] -> http://ss42.local:37272/ []: sec=0.00, result=[1, '', 0]
[rosmaster.master][INFO] 2021-10-22 12:28:27,261: -PUB [/rosout_agg] /rosout http://ss42.local:37272/
[rosmaster.master][INFO] 2021-10-22 12:28:27,265: -SUB [/rosout] /rosout http://ss42.local:37272/
[rosmaster.master][INFO] 2021-10-22 12:28:27,268: -SERVICE [/rosout/get_loggers] /rosout rosrpc://ss42.local:40059
[rosmaster.master][INFO] 2021-10-22 12:28:27,272: -SERVICE [/rosout/set_logger_level] /rosout rosrpc://ss42.local:40059
[rosmaster.main][INFO] 2021-10-22 12:28:27,413: keyboard interrupt, will exit
[rosmaster.main][INFO] 2021-10-22 12:28:27,413: stopping master...
[rospy.core][INFO] 2021-10-22 12:28:27,414: signal_shutdown [atexit]
