[rospy.client][INFO] 2021-10-22 12:25:16,324: init_node, name[/ss42/decoder_node], pid[16050]
[xmlrpc][INFO] 2021-10-22 12:25:16,326: XML-RPC server binding to 0.0.0.0:0
[rospy.init][INFO] 2021-10-22 12:25:16,329: ROS Slave URI: [http://ss42.local:42758/]
[xmlrpc][INFO] 2021-10-22 12:25:16,330: Started XML-RPC server [http://ss42.local:42758/]
[rospy.impl.masterslave][INFO] 2021-10-22 12:25:16,330: _ready: http://ss42.local:42758/
[xmlrpc][INFO] 2021-10-22 12:25:16,332: xml rpc node: starting XML-RPC server
[rospy.registration][INFO] 2021-10-22 12:25:16,335: Registering with master node http://ss42.local:11311/
[rospy.init][INFO] 2021-10-22 12:25:16,430: registered with master
[rospy.rosout][INFO] 2021-10-22 12:25:16,431: initializing /rosout core topic
[rospy.rosout][INFO] 2021-10-22 12:25:16,450: connected to core topic /rosout
[rospy.simtime][INFO] 2021-10-22 12:25:16,475: /use_sim_time is not set, will not subscribe to simulated time [/clock] topic
[rosout][INFO] 2021-10-22 12:25:16,512: [/ss42/decoder_node] ~publish_freq = 2.0 
[rospy.internal][INFO] 2021-10-22 12:25:16,676: topic[/rosout] adding connection to [/rosout], count 0
[rospy.internal][INFO] 2021-10-22 12:25:18,402: topic[/ss42/camera_node/image/raw] adding connection to [/ss42/raw_cam_info_reader_node], count 0
[rospy.internal][INFO] 2021-10-22 12:25:18,789: topic[/ss42/camera_node/image/compressed] adding connection to [http://ss42.local:37063/], count 0
[rospy.internal][INFO] 2021-10-22 12:27:30,607: topic[/ss42/camera_node/image/raw] adding connection to [/ss42/ground_projection], count 1
[rospy.internal][INFO] 2021-10-22 12:27:31,407: topic[/ss42/camera_node/image/raw] removing connection to /ss42/ground_projection
[rospy.core][INFO] 2021-10-22 12:28:26,092: signal_shutdown [signal-2]
[rospy.internal][INFO] 2021-10-22 12:28:26,119: topic[/ss42/camera_node/image/raw] removing connection to /ss42/raw_cam_info_reader_node
[rospy.internal][INFO] 2021-10-22 12:28:26,120: topic[/rosout] removing connection to /rosout
[rospy.internal][INFO] 2021-10-22 12:28:26,122: topic[/ss42/camera_node/image/compressed] removing connection to http://ss42.local:37063/
[rospy.internal][WARNING] 2021-10-22 12:28:26,125: Unknown error initiating TCP/IP socket to ss42.local:43655 (http://ss42.local:37063/): Traceback (most recent call last):
  File "/opt/ros/kinetic/lib/python2.7/dist-packages/rospy/impl/tcpros_base.py", line 557, in connect
    self.read_header()
  File "/opt/ros/kinetic/lib/python2.7/dist-packages/rospy/impl/tcpros_base.py", line 650, in read_header
    self._validate_header(read_ros_handshake_header(sock, self.read_buff, self.protocol.buff_size))
AttributeError: 'NoneType' object has no attribute 'buff_size'

[rospy.topics][ERROR] 2021-10-22 12:28:26,129: Traceback (most recent call last):
  File "/opt/ros/kinetic/lib/python2.7/dist-packages/rospy/topics.py", line 326, in close
    c.close()
  File "/opt/ros/kinetic/lib/python2.7/dist-packages/rospy/impl/tcpros_base.py", line 838, in close
    self.socket.close()
AttributeError: 'NoneType' object has no attribute 'close'

[rospy.impl.masterslave][INFO] 2021-10-22 12:28:26,130: signal-2
[rospy.core][INFO] 2021-10-22 12:28:26,755: signal_shutdown [atexit]
