[rospy.client][INFO] 2021-10-22 12:25:18,104: [32minit_node, name[/ss42/camera_node], pid[16048][0m
[xmlrpc][INFO] 2021-10-22 12:25:18,107: [32mXML-RPC server binding to 0.0.0.0:0[0m
[xmlrpc][INFO] 2021-10-22 12:25:18,109: [32mStarted XML-RPC server [http://ss42.local:37063/][0m
[rospy.init][INFO] 2021-10-22 12:25:18,109: [32mROS Slave URI: [http://ss42.local:37063/][0m
[rospy.impl.masterslave][INFO] 2021-10-22 12:25:18,110: [32m_ready: http://ss42.local:37063/[0m
[xmlrpc][INFO] 2021-10-22 12:25:18,112: [32mxml rpc node: starting XML-RPC server[0m
[rospy.registration][INFO] 2021-10-22 12:25:18,114: [32mRegistering with master node http://ss42.local:11311/[0m
[rospy.init][INFO] 2021-10-22 12:25:18,211: [32mregistered with master[0m
[rospy.rosout][INFO] 2021-10-22 12:25:18,212: [32minitializing /rosout core topic[0m
[rospy.rosout][INFO] 2021-10-22 12:25:18,235: [32mconnected to core topic /rosout[0m
[rospy.simtime][INFO] 2021-10-22 12:25:18,241: [32m/use_sim_time is not set, will not subscribe to simulated time [/clock] topic[0m
[rosout][INFO] 2021-10-22 12:25:18,257: [32m[/ss42/camera_node] Initializing......[0m
[rosout][INFO] 2021-10-22 12:25:18,277: [32m[/ss42/camera_node] ~framerate_high = 30 [0m
[rosout][INFO] 2021-10-22 12:25:18,293: [32m[/ss42/camera_node] ~framerate_low = 15 [0m
[rosout][INFO] 2021-10-22 12:25:18,310: [32m[/ss42/camera_node] ~res_w = 640 [0m
[rosout][INFO] 2021-10-22 12:25:18,320: [32m[/ss42/camera_node] ~res_h = 480 [0m
[rospy.internal][INFO] 2021-10-22 12:25:18,488: [32mtopic[/rosout] adding connection to [/rosout], count 0[0m
[rosout][INFO] 2021-10-22 12:25:18,707: [32m[/ss42/camera_node] Initialized.[0m
[rosout][INFO] 2021-10-22 12:25:18,709: [32m[/ss42/camera_node] Start capturing.[0m
[rospy.internal][INFO] 2021-10-22 12:25:18,798: [32mtopic[/ss42/camera_node/image/compressed] adding connection to [/ss42/decoder_node], count 0[0m
[rospy.internal][INFO] 2021-10-22 12:25:18,801: [32mtopic[/ss42/camera_node/image/compressed] adding connection to [/ss42/cam_info_reader_node], count 1[0m
[rosout][INFO] 2021-10-22 12:25:18,806: [32m[/ss42/camera_node] Published the first image.[0m
[rospy.core][INFO] 2021-10-22 12:28:26,097: [32msignal_shutdown [signal-2][0m
[rosout][INFO] 2021-10-22 12:28:26,097: [32m[/ss42/camera_node] Closing camera.[0m
[rosout][INFO] 2021-10-22 12:28:26,099: [32m[/ss42/camera_node] Shutdown.[0m
[rospy.internal][INFO] 2021-10-22 12:28:26,139: [32mtopic[/ss42/camera_node/image/compressed] removing connection to /ss42/decoder_node[0m
[rospy.internal][INFO] 2021-10-22 12:28:26,145: [32mtopic[/ss42/camera_node/image/compressed] removing connection to /ss42/cam_info_reader_node[0m
[rospy.internal][INFO] 2021-10-22 12:28:26,148: [32mtopic[/rosout] removing connection to /rosout[0m
[rospy.impl.masterslave][INFO] 2021-10-22 12:28:26,149: [32msignal-2[0m
[rosout][INFO] 2021-10-22 12:28:26,268: [32m[/ss42/camera_node] Capture Ended.[0m
[rospy.core][INFO] 2021-10-22 12:28:26,765: [32msignal_shutdown [atexit][0m
