[rosmaster.main][INFO] 2021-10-22 13:01:05,182: initialization complete, waiting for shutdown
[rosmaster.main][INFO] 2021-10-22 13:01:05,183: Starting ROS Master Node
[xmlrpc][INFO] 2021-10-22 13:01:05,185: XML-RPC server binding to 0.0.0.0:11311
[xmlrpc][INFO] 2021-10-22 13:01:05,186: Started XML-RPC server [http://ss42.local:11311/]
[rosmaster.master][INFO] 2021-10-22 13:01:05,187: Master initialized: port[11311], uri[http://ss42.local:11311/]
[xmlrpc][INFO] 2021-10-22 13:01:05,187: xml rpc node: starting XML-RPC server
[rosmaster.master][INFO] 2021-10-22 13:01:05,271: +PARAM [/run_id] by /roslaunch
[rosmaster.master][INFO] 2021-10-22 13:01:05,277: +PARAM [/roslaunch/uris/host_ss42_local__45144] by /roslaunch
[rosmaster.master][INFO] 2021-10-22 13:01:05,798: +PARAM [/ss42/joy/coalesce_interval] by /roslaunch
[rosmaster.master][INFO] 2021-10-22 13:01:05,799: +PARAM [/rosdistro] by /roslaunch
[rosmaster.master][INFO] 2021-10-22 13:01:05,799: +PARAM [/ss42/joy_mapper_node/steer_angle_gain] by /roslaunch
[rosmaster.master][INFO] 2021-10-22 13:01:05,800: +PARAM [/ss42/joy/dev] by /roslaunch
[rosmaster.master][INFO] 2021-10-22 13:01:05,800: +PARAM [/ss42/joy_mapper_node/simulated_vehicle_length] by /roslaunch
[rosmaster.master][INFO] 2021-10-22 13:01:05,800: +PARAM [/ss42/joy_mapper_node/bicycle_kinematics] by /roslaunch
[rosmaster.master][INFO] 2021-10-22 13:01:05,801: +PARAM [/rosversion] by /roslaunch
[rosmaster.master][INFO] 2021-10-22 13:01:05,801: +PARAM [/ss42/joy/deadzone] by /roslaunch
[rosmaster.master][INFO] 2021-10-22 13:01:05,802: +PARAM [/ss42/joy/autorepeat_rate] by /roslaunch
[rosmaster.master][INFO] 2021-10-22 13:01:05,802: +PARAM [/ss42/joy_mapper_node/steer_gain] by /roslaunch
[rosmaster.master][INFO] 2021-10-22 13:01:05,803: +PARAM [/ss42/joy_mapper_node/speed_gain] by /roslaunch
[rosmaster.master][INFO] 2021-10-22 13:01:05,806: +SERVICE [/rosout/get_loggers] /rosout http://ss42.local:45925/
[rosmaster.master][INFO] 2021-10-22 13:01:05,810: +SERVICE [/rosout/set_logger_level] /rosout http://ss42.local:45925/
[rosmaster.master][INFO] 2021-10-22 13:01:05,818: +PUB [/rosout_agg] /rosout http://ss42.local:45925/
[rosmaster.master][INFO] 2021-10-22 13:01:05,838: +SUB [/rosout] /rosout http://ss42.local:45925/
[rosmaster.master][INFO] 2021-10-22 13:01:05,879: +PUB [/rosout] /ss42/joy http://ss42.local:39995/
[rosmaster.master][INFO] 2021-10-22 13:01:05,884: +SERVICE [/ss42/joy/get_loggers] /ss42/joy http://ss42.local:39995/
[rosmaster.master][INFO] 2021-10-22 13:01:05,886: publisherUpdate[/rosout] -> http://ss42.local:45925/ ['http://ss42.local:39995/']
[rosmaster.master][INFO] 2021-10-22 13:01:05,894: +SERVICE [/ss42/joy/set_logger_level] /ss42/joy http://ss42.local:39995/
[rosmaster.master][INFO] 2021-10-22 13:01:05,901: publisherUpdate[/rosout] -> http://ss42.local:45925/ ['http://ss42.local:39995/']: sec=0.01, result=[1, '', 0]
[rosmaster.master][INFO] 2021-10-22 13:01:05,905: +PUB [/diagnostics] /ss42/joy http://ss42.local:39995/
[rosmaster.master][INFO] 2021-10-22 13:01:05,919: +PUB [/ss42/joy] /ss42/joy http://ss42.local:39995/
[rosmaster.master][INFO] 2021-10-22 13:01:07,213: +PUB [/rosout] /ss42/joy_mapper_node http://ss42.local:43149/
[rosmaster.master][INFO] 2021-10-22 13:01:07,253: +SERVICE [/ss42/joy_mapper_node/get_loggers] /ss42/joy_mapper_node http://ss42.local:43149/
[rosmaster.master][INFO] 2021-10-22 13:01:07,263: +SERVICE [/ss42/joy_mapper_node/set_logger_level] /ss42/joy_mapper_node http://ss42.local:43149/
[rosmaster.master][INFO] 2021-10-22 13:01:07,290: publisherUpdate[/rosout] -> http://ss42.local:45925/ ['http://ss42.local:39995/', 'http://ss42.local:43149/']
[rosmaster.master][INFO] 2021-10-22 13:01:07,293: +PARAM [/ss42/joy_mapper_node/speed_gain] by /ss42/joy_mapper_node
[rosmaster.master][INFO] 2021-10-22 13:01:07,295: publisherUpdate[/rosout] -> http://ss42.local:45925/ ['http://ss42.local:39995/', 'http://ss42.local:43149/']: sec=0.00, result=[1, '', 0]
[rosmaster.master][INFO] 2021-10-22 13:01:07,342: +PARAM [/ss42/joy_mapper_node/steer_gain] by /ss42/joy_mapper_node
[rosmaster.master][INFO] 2021-10-22 13:01:07,360: +PARAM [/ss42/joy_mapper_node/bicycle_kinematics] by /ss42/joy_mapper_node
[rosmaster.master][INFO] 2021-10-22 13:01:07,372: +PARAM [/ss42/joy_mapper_node/steer_angle_gain] by /ss42/joy_mapper_node
[rosmaster.master][INFO] 2021-10-22 13:01:07,384: +PARAM [/ss42/joy_mapper_node/simulated_vehicle_length] by /ss42/joy_mapper_node
[rosmaster.master][INFO] 2021-10-22 13:01:07,391: +PUB [/ss42/joy_mapper_node/car_cmd] /ss42/joy_mapper_node http://ss42.local:43149/
[rosmaster.master][INFO] 2021-10-22 13:01:07,400: +PUB [/ss42/joy_mapper_node/joystick_override] /ss42/joy_mapper_node http://ss42.local:43149/
[rosmaster.master][INFO] 2021-10-22 13:01:07,407: +PUB [/ss42/joy_mapper_node/parallel_autonomy] /ss42/joy_mapper_node http://ss42.local:43149/
[rosmaster.master][INFO] 2021-10-22 13:01:07,415: +PUB [/ss42/anti_instagram_node/click] /ss42/joy_mapper_node http://ss42.local:43149/
[rosmaster.master][INFO] 2021-10-22 13:01:07,425: +PUB [/ss42/wheels_driver_node/emergency_stop] /ss42/joy_mapper_node http://ss42.local:43149/
[rosmaster.master][INFO] 2021-10-22 13:01:07,435: +PUB [/ss42/joy_mapper_node/start_avoidance] /ss42/joy_mapper_node http://ss42.local:43149/
[rosmaster.master][INFO] 2021-10-22 13:01:07,449: +SUB [/ss42/joy] /ss42/joy_mapper_node http://ss42.local:43149/
[rosmaster.master][INFO] 2021-10-22 13:01:07,457: +PUB [/rosout] /ss42/velocity_to_pose_node http://ss42.local:37552/
[rosmaster.master][INFO] 2021-10-22 13:01:07,475: +SERVICE [/ss42/velocity_to_pose_node/get_loggers] /ss42/velocity_to_pose_node http://ss42.local:37552/
[rosmaster.master][INFO] 2021-10-22 13:01:07,481: +SERVICE [/ss42/velocity_to_pose_node/set_logger_level] /ss42/velocity_to_pose_node http://ss42.local:37552/
[rosmaster.master][INFO] 2021-10-22 13:01:07,499: publisherUpdate[/rosout] -> http://ss42.local:45925/ ['http://ss42.local:39995/', 'http://ss42.local:43149/', 'http://ss42.local:37552/']
[rosmaster.master][INFO] 2021-10-22 13:01:07,504: publisherUpdate[/rosout] -> http://ss42.local:45925/ ['http://ss42.local:39995/', 'http://ss42.local:43149/', 'http://ss42.local:37552/']: sec=0.00, result=[1, '', 0]
[rosmaster.master][INFO] 2021-10-22 13:01:07,504: +SUB [/ss42/forward_kinematics_node/velocity] /ss42/velocity_to_pose_node http://ss42.local:37552/
[rosmaster.master][INFO] 2021-10-22 13:01:07,511: +PUB [/ss42/velocity_to_pose_node/pose] /ss42/velocity_to_pose_node http://ss42.local:37552/
[rosmaster.master][INFO] 2021-10-22 13:01:07,577: +PUB [/rosout] /ss42/wheels_driver_node http://ss42.local:36696/
[rosmaster.master][INFO] 2021-10-22 13:01:07,592: +SERVICE [/ss42/wheels_driver_node/get_loggers] /ss42/wheels_driver_node http://ss42.local:36696/
[rosmaster.master][INFO] 2021-10-22 13:01:07,598: +SERVICE [/ss42/wheels_driver_node/set_logger_level] /ss42/wheels_driver_node http://ss42.local:36696/
[rosmaster.master][INFO] 2021-10-22 13:01:07,605: publisherUpdate[/rosout] -> http://ss42.local:45925/ ['http://ss42.local:39995/', 'http://ss42.local:43149/', 'http://ss42.local:37552/', 'http://ss42.local:36696/']
[rosmaster.master][INFO] 2021-10-22 13:01:07,609: publisherUpdate[/rosout] -> http://ss42.local:45925/ ['http://ss42.local:39995/', 'http://ss42.local:43149/', 'http://ss42.local:37552/', 'http://ss42.local:36696/']: sec=0.00, result=[1, '', 0]
[rosmaster.master][INFO] 2021-10-22 13:01:07,641: +PUB [/ss42/wheels_driver_node/wheels_cmd_executed] /ss42/wheels_driver_node http://ss42.local:36696/
[rosmaster.master][INFO] 2021-10-22 13:01:07,654: +SUB [/ss42/wheels_driver_node/wheels_cmd] /ss42/wheels_driver_node http://ss42.local:36696/
[rosmaster.master][INFO] 2021-10-22 13:01:07,666: +SUB [/ss42/wheels_driver_node/emergency_stop] /ss42/wheels_driver_node http://ss42.local:36696/
[rosmaster.master][INFO] 2021-10-22 13:01:09,252: +PUB [/rosout] /ss42/inverse_kinematics_node http://ss42.local:42406/
[rosmaster.master][INFO] 2021-10-22 13:01:09,265: +SERVICE [/ss42/inverse_kinematics_node/get_loggers] /ss42/inverse_kinematics_node http://ss42.local:42406/
[rosmaster.master][INFO] 2021-10-22 13:01:09,270: +SERVICE [/ss42/inverse_kinematics_node/set_logger_level] /ss42/inverse_kinematics_node http://ss42.local:42406/
[rosmaster.master][INFO] 2021-10-22 13:01:09,284: +PARAM [/ss42/inverse_kinematics_node/gain] by /ss42/inverse_kinematics_node
[rosmaster.master][INFO] 2021-10-22 13:01:09,290: +PARAM [/ss42/inverse_kinematics_node/trim] by /ss42/inverse_kinematics_node
[rosmaster.master][INFO] 2021-10-22 13:01:09,295: +PARAM [/ss42/inverse_kinematics_node/baseline] by /ss42/inverse_kinematics_node
[rosmaster.master][INFO] 2021-10-22 13:01:09,300: +PARAM [/ss42/inverse_kinematics_node/k] by /ss42/inverse_kinematics_node
[rosmaster.master][INFO] 2021-10-22 13:01:09,305: +PARAM [/ss42/inverse_kinematics_node/radius] by /ss42/inverse_kinematics_node
[rosmaster.master][INFO] 2021-10-22 13:01:09,311: +PARAM [/ss42/inverse_kinematics_node/limit] by /ss42/inverse_kinematics_node
[rosmaster.master][INFO] 2021-10-22 13:01:09,313: publisherUpdate[/rosout] -> http://ss42.local:45925/ ['http://ss42.local:39995/', 'http://ss42.local:43149/', 'http://ss42.local:37552/', 'http://ss42.local:36696/', 'http://ss42.local:42406/']
[rosmaster.master][INFO] 2021-10-22 13:01:09,318: publisherUpdate[/rosout] -> http://ss42.local:45925/ ['http://ss42.local:39995/', 'http://ss42.local:43149/', 'http://ss42.local:37552/', 'http://ss42.local:36696/', 'http://ss42.local:42406/']: sec=0.00, result=[1, '', 0]
[rosmaster.master][INFO] 2021-10-22 13:01:09,325: +PARAM [/ss42/inverse_kinematics_node/gain] by /ss42/inverse_kinematics_node
[rosmaster.master][INFO] 2021-10-22 13:01:09,336: +PARAM [/ss42/inverse_kinematics_node/trim] by /ss42/inverse_kinematics_node
[rosmaster.master][INFO] 2021-10-22 13:01:09,347: +PARAM [/ss42/inverse_kinematics_node/baseline] by /ss42/inverse_kinematics_node
[rosmaster.master][INFO] 2021-10-22 13:01:09,359: +PARAM [/ss42/inverse_kinematics_node/radius] by /ss42/inverse_kinematics_node
[rosmaster.master][INFO] 2021-10-22 13:01:09,370: +PARAM [/ss42/inverse_kinematics_node/k] by /ss42/inverse_kinematics_node
[rosmaster.master][INFO] 2021-10-22 13:01:09,381: +PARAM [/ss42/inverse_kinematics_node/limit] by /ss42/inverse_kinematics_node
[rosmaster.master][INFO] 2021-10-22 13:01:09,388: +SERVICE [/ss42/inverse_kinematics_node/set_gain] /ss42/inverse_kinematics_node http://ss42.local:42406/
[rosmaster.master][INFO] 2021-10-22 13:01:09,394: +SERVICE [/ss42/inverse_kinematics_node/set_trim] /ss42/inverse_kinematics_node http://ss42.local:42406/
[rosmaster.master][INFO] 2021-10-22 13:01:09,400: +SERVICE [/ss42/inverse_kinematics_node/set_baseline] /ss42/inverse_kinematics_node http://ss42.local:42406/
[rosmaster.master][INFO] 2021-10-22 13:01:09,406: +SERVICE [/ss42/inverse_kinematics_node/set_radius] /ss42/inverse_kinematics_node http://ss42.local:42406/
[rosmaster.master][INFO] 2021-10-22 13:01:09,412: +SERVICE [/ss42/inverse_kinematics_node/set_k] /ss42/inverse_kinematics_node http://ss42.local:42406/
[rosmaster.master][INFO] 2021-10-22 13:01:09,417: +SERVICE [/ss42/inverse_kinematics_node/set_limit] /ss42/inverse_kinematics_node http://ss42.local:42406/
[rosmaster.master][INFO] 2021-10-22 13:01:09,424: +SERVICE [/ss42/inverse_kinematics_node/save_calibration] /ss42/inverse_kinematics_node http://ss42.local:42406/
[rosmaster.master][INFO] 2021-10-22 13:01:09,434: +SUB [/ss42/joy_mapper_node/car_cmd] /ss42/inverse_kinematics_node http://ss42.local:42406/
[rosmaster.master][INFO] 2021-10-22 13:01:09,440: +PUB [/ss42/wheels_driver_node/wheels_cmd] /ss42/inverse_kinematics_node http://ss42.local:42406/
[rosmaster.master][INFO] 2021-10-22 13:01:09,514: publisherUpdate[/ss42/wheels_driver_node/wheels_cmd] -> http://ss42.local:36696/ ['http://ss42.local:42406/']
[rosmaster.master][INFO] 2021-10-22 13:01:09,520: publisherUpdate[/ss42/wheels_driver_node/wheels_cmd] -> http://ss42.local:36696/ ['http://ss42.local:42406/']: sec=0.01, result=[1, '', 0]
[rosmaster.master][INFO] 2021-10-22 13:01:09,602: +PUB [/rosout] /ss42/forward_kinematics_node http://ss42.local:33719/
[rosmaster.master][INFO] 2021-10-22 13:01:09,614: +SERVICE [/ss42/forward_kinematics_node/get_loggers] /ss42/forward_kinematics_node http://ss42.local:33719/
[rosmaster.master][INFO] 2021-10-22 13:01:09,616: publisherUpdate[/rosout] -> http://ss42.local:45925/ ['http://ss42.local:39995/', 'http://ss42.local:43149/', 'http://ss42.local:37552/', 'http://ss42.local:36696/', 'http://ss42.local:42406/', 'http://ss42.local:33719/']
[rosmaster.master][INFO] 2021-10-22 13:01:09,620: +SERVICE [/ss42/forward_kinematics_node/set_logger_level] /ss42/forward_kinematics_node http://ss42.local:33719/
[rosmaster.master][INFO] 2021-10-22 13:01:09,621: publisherUpdate[/rosout] -> http://ss42.local:45925/ ['http://ss42.local:39995/', 'http://ss42.local:43149/', 'http://ss42.local:37552/', 'http://ss42.local:36696/', 'http://ss42.local:42406/', 'http://ss42.local:33719/']: sec=0.00, result=[1, '', 0]
[rosmaster.master][INFO] 2021-10-22 13:01:09,634: +PARAM [/ss42/forward_kinematics_node/gain] by /ss42/forward_kinematics_node
[rosmaster.master][INFO] 2021-10-22 13:01:09,639: +PARAM [/ss42/forward_kinematics_node/trim] by /ss42/forward_kinematics_node
[rosmaster.master][INFO] 2021-10-22 13:01:09,644: +PARAM [/ss42/forward_kinematics_node/baseline] by /ss42/forward_kinematics_node
[rosmaster.master][INFO] 2021-10-22 13:01:09,651: +PARAM [/ss42/forward_kinematics_node/k] by /ss42/forward_kinematics_node
[rosmaster.master][INFO] 2021-10-22 13:01:09,656: +PARAM [/ss42/forward_kinematics_node/radius] by /ss42/forward_kinematics_node
[rosmaster.master][INFO] 2021-10-22 13:01:09,666: +PARAM [/ss42/forward_kinematics_node/gain] by /ss42/forward_kinematics_node
[rosmaster.master][INFO] 2021-10-22 13:01:09,677: +PARAM [/ss42/forward_kinematics_node/trim] by /ss42/forward_kinematics_node
[rosmaster.master][INFO] 2021-10-22 13:01:09,687: +PARAM [/ss42/forward_kinematics_node/baseline] by /ss42/forward_kinematics_node
[rosmaster.master][INFO] 2021-10-22 13:01:09,697: +PARAM [/ss42/forward_kinematics_node/radius] by /ss42/forward_kinematics_node
[rosmaster.master][INFO] 2021-10-22 13:01:09,708: +PARAM [/ss42/forward_kinematics_node/k] by /ss42/forward_kinematics_node
[rosmaster.master][INFO] 2021-10-22 13:01:09,714: +PUB [/ss42/forward_kinematics_node/velocity] /ss42/forward_kinematics_node http://ss42.local:33719/
[rosmaster.master][INFO] 2021-10-22 13:01:09,722: publisherUpdate[/ss42/forward_kinematics_node/velocity] -> http://ss42.local:37552/ ['http://ss42.local:33719/']
[rosmaster.master][INFO] 2021-10-22 13:01:09,726: +SUB [/ss42/wheels_driver_node/wheels_cmd_executed] /ss42/forward_kinematics_node http://ss42.local:33719/
[rosmaster.master][INFO] 2021-10-22 13:01:09,731: publisherUpdate[/ss42/forward_kinematics_node/velocity] -> http://ss42.local:37552/ ['http://ss42.local:33719/']: sec=0.01, result=[1, '', 0]
[rosmaster.master][INFO] 2021-10-22 13:05:49,440: -SUB [/ss42/forward_kinematics_node/velocity] /ss42/velocity_to_pose_node http://ss42.local:37552/
[rosmaster.master][INFO] 2021-10-22 13:05:49,444: -PUB [/rosout] /ss42/velocity_to_pose_node http://ss42.local:37552/
[rosmaster.master][INFO] 2021-10-22 13:05:49,445: -PUB [/ss42/velocity_to_pose_node/pose] /ss42/velocity_to_pose_node http://ss42.local:37552/
[rosmaster.master][INFO] 2021-10-22 13:05:49,447: -SERVICE [/ss42/velocity_to_pose_node/set_logger_level] /ss42/velocity_to_pose_node rosrpc://ss42.local:43610
[rosmaster.master][INFO] 2021-10-22 13:05:49,448: -SERVICE [/ss42/velocity_to_pose_node/get_loggers] /ss42/velocity_to_pose_node rosrpc://ss42.local:43610
[rosmaster.master][INFO] 2021-10-22 13:05:49,449: publisherUpdate[/rosout] -> http://ss42.local:45925/ ['http://ss42.local:39995/', 'http://ss42.local:43149/', 'http://ss42.local:36696/', 'http://ss42.local:42406/', 'http://ss42.local:33719/']
[rosmaster.master][INFO] 2021-10-22 13:05:49,467: -SUB [/ss42/wheels_driver_node/emergency_stop] /ss42/wheels_driver_node http://ss42.local:36696/
[rosmaster.master][INFO] 2021-10-22 13:05:49,469: publisherUpdate[/rosout] -> http://ss42.local:45925/ ['http://ss42.local:39995/', 'http://ss42.local:43149/', 'http://ss42.local:36696/', 'http://ss42.local:42406/', 'http://ss42.local:33719/']: sec=0.01, result=[1, '', 0]
[rosmaster.master][INFO] 2021-10-22 13:05:49,469: -SUB [/ss42/wheels_driver_node/wheels_cmd] /ss42/wheels_driver_node http://ss42.local:36696/
[rosmaster.master][INFO] 2021-10-22 13:05:49,499: -PUB [/ss42/wheels_driver_node/wheels_cmd_executed] /ss42/wheels_driver_node http://ss42.local:36696/
[rosmaster.master][INFO] 2021-10-22 13:05:49,500: -SUB [/ss42/wheels_driver_node/wheels_cmd_executed] /ss42/forward_kinematics_node http://ss42.local:33719/
[rosmaster.master][INFO] 2021-10-22 13:05:49,517: -SUB [/ss42/joy] /ss42/joy_mapper_node http://ss42.local:43149/
[rosmaster.master][INFO] 2021-10-22 13:05:49,519: -PUB [/rosout] /ss42/wheels_driver_node http://ss42.local:36696/
[rosmaster.master][INFO] 2021-10-22 13:05:49,523: -SUB [/ss42/joy_mapper_node/car_cmd] /ss42/inverse_kinematics_node http://ss42.local:42406/
[rosmaster.master][INFO] 2021-10-22 13:05:49,525: -PUB [/ss42/wheels_driver_node/wheels_cmd] /ss42/inverse_kinematics_node http://ss42.local:42406/
[rosmaster.master][INFO] 2021-10-22 13:05:49,526: -PUB [/rosout] /ss42/inverse_kinematics_node http://ss42.local:42406/
[rosmaster.master][INFO] 2021-10-22 13:05:49,527: -SERVICE [/ss42/wheels_driver_node/get_loggers] /ss42/wheels_driver_node rosrpc://ss42.local:33138
[rosmaster.master][INFO] 2021-10-22 13:05:49,528: -PUB [/ss42/forward_kinematics_node/velocity] /ss42/forward_kinematics_node http://ss42.local:33719/
[rosmaster.master][INFO] 2021-10-22 13:05:49,529: -PUB [/ss42/joy_mapper_node/joystick_override] /ss42/joy_mapper_node http://ss42.local:43149/
[rosmaster.master][INFO] 2021-10-22 13:05:49,530: -SERVICE [/ss42/inverse_kinematics_node/set_radius] /ss42/inverse_kinematics_node rosrpc://ss42.local:35143
[rosmaster.master][INFO] 2021-10-22 13:05:49,531: -SERVICE [/ss42/wheels_driver_node/set_logger_level] /ss42/wheels_driver_node rosrpc://ss42.local:33138
[rosmaster.master][INFO] 2021-10-22 13:05:49,534: -PUB [/rosout] /ss42/forward_kinematics_node http://ss42.local:33719/
[rosmaster.master][INFO] 2021-10-22 13:05:49,543: -PUB [/ss42/wheels_driver_node/emergency_stop] /ss42/joy_mapper_node http://ss42.local:43149/
[rosmaster.master][INFO] 2021-10-22 13:05:49,544: -SERVICE [/ss42/inverse_kinematics_node/set_limit] /ss42/inverse_kinematics_node rosrpc://ss42.local:35143
[rosmaster.master][INFO] 2021-10-22 13:05:49,545: -SERVICE [/ss42/forward_kinematics_node/set_logger_level] /ss42/forward_kinematics_node rosrpc://ss42.local:39338
[rosmaster.master][INFO] 2021-10-22 13:05:49,548: -SERVICE [/ss42/forward_kinematics_node/get_loggers] /ss42/forward_kinematics_node rosrpc://ss42.local:39338
[rosmaster.master][INFO] 2021-10-22 13:05:49,551: publisherUpdate[/ss42/wheels_driver_node/wheels_cmd_executed] -> http://ss42.local:33719/ []
[rosmaster.master][INFO] 2021-10-22 13:05:49,551: -SERVICE [/ss42/inverse_kinematics_node/set_baseline] /ss42/inverse_kinematics_node rosrpc://ss42.local:35143
[rosmaster.master][INFO] 2021-10-22 13:05:49,552: publisherUpdate[/rosout] -> http://ss42.local:45925/ ['http://ss42.local:39995/', 'http://ss42.local:43149/', 'http://ss42.local:42406/', 'http://ss42.local:33719/']
[rosmaster.master][INFO] 2021-10-22 13:05:49,554: -PUB [/rosout] /ss42/joy_mapper_node http://ss42.local:43149/
[rosmaster.master][INFO] 2021-10-22 13:05:49,555: -SERVICE [/ss42/inverse_kinematics_node/set_trim] /ss42/inverse_kinematics_node rosrpc://ss42.local:35143
[rosmaster.master][INFO] 2021-10-22 13:05:49,557: publisherUpdate[/rosout] -> http://ss42.local:45925/ ['http://ss42.local:39995/', 'http://ss42.local:43149/', 'http://ss42.local:42406/', 'http://ss42.local:33719/']: sec=0.00, result=[1, '', 0]
[rosmaster.master][INFO] 2021-10-22 13:05:49,558: -PUB [/ss42/joy_mapper_node/parallel_autonomy] /ss42/joy_mapper_node http://ss42.local:43149/
[rosmaster.master][INFO] 2021-10-22 13:05:49,558: publisherUpdate[/rosout] -> http://ss42.local:45925/ ['http://ss42.local:39995/', 'http://ss42.local:43149/', 'http://ss42.local:33719/']
[rosmaster.master][INFO] 2021-10-22 13:05:49,560: -SERVICE [/ss42/inverse_kinematics_node/set_gain] /ss42/inverse_kinematics_node rosrpc://ss42.local:35143
[rosmaster.master][INFO] 2021-10-22 13:05:49,562: -PUB [/ss42/joy_mapper_node/start_avoidance] /ss42/joy_mapper_node http://ss42.local:43149/
[rosmaster.master][INFO] 2021-10-22 13:05:49,563: publisherUpdate[/rosout] -> http://ss42.local:45925/ ['http://ss42.local:39995/', 'http://ss42.local:43149/', 'http://ss42.local:33719/']: sec=0.00, result=[1, '', 0]
[rosmaster.master][INFO] 2021-10-22 13:05:49,564: -SERVICE [/ss42/inverse_kinematics_node/set_logger_level] /ss42/inverse_kinematics_node rosrpc://ss42.local:35143
[rosmaster.master][INFO] 2021-10-22 13:05:49,564: publisherUpdate[/rosout] -> http://ss42.local:45925/ ['http://ss42.local:39995/', 'http://ss42.local:43149/']
[rosmaster.master][INFO] 2021-10-22 13:05:49,565: -PUB [/ss42/anti_instagram_node/click] /ss42/joy_mapper_node http://ss42.local:43149/
[rosmaster.master][INFO] 2021-10-22 13:05:49,567: -SERVICE [/ss42/inverse_kinematics_node/get_loggers] /ss42/inverse_kinematics_node rosrpc://ss42.local:35143
[rosmaster.master][INFO] 2021-10-22 13:05:49,568: publisherUpdate[/rosout] -> http://ss42.local:45925/ ['http://ss42.local:39995/', 'http://ss42.local:43149/']: sec=0.00, result=[1, '', 0]
[rosmaster.master][INFO] 2021-10-22 13:05:49,569: -PUB [/ss42/joy_mapper_node/car_cmd] /ss42/joy_mapper_node http://ss42.local:43149/
[rosmaster.master][INFO] 2021-10-22 13:05:49,569: publisherUpdate[/rosout] -> http://ss42.local:45925/ ['http://ss42.local:39995/']
[rosmaster.master][INFO] 2021-10-22 13:05:49,570: -SERVICE [/ss42/joy_mapper_node/set_logger_level] /ss42/joy_mapper_node rosrpc://ss42.local:38155
[rosmaster.master][INFO] 2021-10-22 13:05:49,571: -SERVICE [/ss42/joy_mapper_node/get_loggers] /ss42/joy_mapper_node rosrpc://ss42.local:38155
[rosmaster.master][INFO] 2021-10-22 13:05:49,573: publisherUpdate[/rosout] -> http://ss42.local:45925/ ['http://ss42.local:39995/']: sec=0.00, result=[1, '', 0]
[rosmaster.master][INFO] 2021-10-22 13:05:49,576: publisherUpdate[/ss42/wheels_driver_node/wheels_cmd_executed] -> http://ss42.local:33719/ []: sec=0.02, result=[1, '', 0]
[rosmaster.master][INFO] 2021-10-22 13:05:49,576: -SERVICE [/ss42/inverse_kinematics_node/set_k] /ss42/inverse_kinematics_node rosrpc://ss42.local:35143
[rosmaster.master][INFO] 2021-10-22 13:05:49,578: -SERVICE [/ss42/inverse_kinematics_node/save_calibration] /ss42/inverse_kinematics_node rosrpc://ss42.local:35143
[rosmaster.master][INFO] 2021-10-22 13:05:49,608: -PUB [/rosout] /ss42/joy http://ss42.local:39995/
[rosmaster.master][INFO] 2021-10-22 13:05:49,612: -PUB [/diagnostics] /ss42/joy http://ss42.local:39995/
[rosmaster.master][INFO] 2021-10-22 13:05:49,616: -PUB [/ss42/joy] /ss42/joy http://ss42.local:39995/
[rosmaster.master][INFO] 2021-10-22 13:05:49,620: -SERVICE [/ss42/joy/get_loggers] /ss42/joy rosrpc://ss42.local:36771
[rosmaster.master][INFO] 2021-10-22 13:05:49,624: -SERVICE [/ss42/joy/set_logger_level] /ss42/joy rosrpc://ss42.local:36771
[rosmaster.master][INFO] 2021-10-22 13:05:49,671: publisherUpdate[/rosout] -> http://ss42.local:45925/ []
[rosmaster.master][INFO] 2021-10-22 13:05:49,673: publisherUpdate[/rosout] -> http://ss42.local:45925/ []: sec=0.00, result=[1, '', 0]
[rosmaster.master][INFO] 2021-10-22 13:05:50,577: -PUB [/rosout_agg] /rosout http://ss42.local:45925/
[rosmaster.master][INFO] 2021-10-22 13:05:50,581: -SUB [/rosout] /rosout http://ss42.local:45925/
[rosmaster.master][INFO] 2021-10-22 13:05:50,584: -SERVICE [/rosout/get_loggers] /rosout rosrpc://ss42.local:42796
[rosmaster.master][INFO] 2021-10-22 13:05:50,588: -SERVICE [/rosout/set_logger_level] /rosout rosrpc://ss42.local:42796
[rosmaster.main][INFO] 2021-10-22 13:05:50,765: keyboard interrupt, will exit
[rosmaster.main][INFO] 2021-10-22 13:05:50,765: stopping master...
[rospy.core][INFO] 2021-10-22 13:05:50,766: signal_shutdown [atexit]
