[rospy.client][INFO] 2021-10-22 13:01:07,464: init_node, name[/ss42/wheels_driver_node], pid[2204]
[xmlrpc][INFO] 2021-10-22 13:01:07,466: XML-RPC server binding to 0.0.0.0:0
[xmlrpc][INFO] 2021-10-22 13:01:07,467: Started XML-RPC server [http://ss42.local:36696/]
[rospy.init][INFO] 2021-10-22 13:01:07,468: ROS Slave URI: [http://ss42.local:36696/]
[rospy.impl.masterslave][INFO] 2021-10-22 13:01:07,469: _ready: http://ss42.local:36696/
[xmlrpc][INFO] 2021-10-22 13:01:07,471: xml rpc node: starting XML-RPC server
[rospy.registration][INFO] 2021-10-22 13:01:07,473: Registering with master node http://ss42.local:11311/
[rospy.init][INFO] 2021-10-22 13:01:07,570: registered with master
[rospy.rosout][INFO] 2021-10-22 13:01:07,570: initializing /rosout core topic
[rospy.rosout][INFO] 2021-10-22 13:01:07,580: connected to core topic /rosout
[rospy.simtime][INFO] 2021-10-22 13:01:07,586: /use_sim_time is not set, will not subscribe to simulated time [/clock] topic
[rosout][INFO] 2021-10-22 13:01:07,601: [/ss42/wheels_driver_node] Initializing 
[rospy.internal][INFO] 2021-10-22 13:01:07,698: topic[/ss42/wheels_driver_node/emergency_stop] adding connection to [http://ss42.local:43149/], count 0
[rospy.internal][INFO] 2021-10-22 13:01:07,815: topic[/rosout] adding connection to [/rosout], count 0
[rospy.internal][INFO] 2021-10-22 13:01:09,566: topic[/ss42/wheels_driver_node/wheels_cmd] adding connection to [http://ss42.local:42406/], count 0
[rospy.internal][INFO] 2021-10-22 13:01:09,776: topic[/ss42/wheels_driver_node/wheels_cmd_executed] adding connection to [/ss42/forward_kinematics_node], count 0
[rosout][INFO] 2021-10-22 13:01:11,069: [%s] Emergency Stop Activated
[rosout][INFO] 2021-10-22 13:01:13,906: [%s] Emergency Stop Released
[rospy.core][INFO] 2021-10-22 13:05:49,415: signal_shutdown [signal-2]
[rosout][INFO] 2021-10-22 13:05:49,430: [/ss42/wheels_driver_node] Shutting down.
[rospy.internal][INFO] 2021-10-22 13:05:49,541: topic[/ss42/wheels_driver_node/wheels_cmd_executed] removing connection to /ss42/forward_kinematics_node
[rospy.internal][INFO] 2021-10-22 13:05:49,543: topic[/rosout] removing connection to /rosout
[rospy.internal][WARNING] 2021-10-22 13:05:49,550: Unknown error initiating TCP/IP socket to ss42.local:38155 (http://ss42.local:43149/): Traceback (most recent call last):
  File "/opt/ros/kinetic/lib/python2.7/dist-packages/rospy/impl/tcpros_base.py", line 557, in connect
    self.read_header()
  File "/opt/ros/kinetic/lib/python2.7/dist-packages/rospy/impl/tcpros_base.py", line 650, in read_header
    self._validate_header(read_ros_handshake_header(sock, self.read_buff, self.protocol.buff_size))
AttributeError: 'NoneType' object has no attribute 'buff_size'

[rospy.internal][INFO] 2021-10-22 13:05:49,546: topic[/ss42/wheels_driver_node/emergency_stop] removing connection to http://ss42.local:43149/
[rospy.topics][ERROR] 2021-10-22 13:05:49,559: Traceback (most recent call last):
  File "/opt/ros/kinetic/lib/python2.7/dist-packages/rospy/topics.py", line 326, in close
    c.close()
  File "/opt/ros/kinetic/lib/python2.7/dist-packages/rospy/impl/tcpros_base.py", line 838, in close
    self.socket.close()
AttributeError: 'NoneType' object has no attribute 'close'

[rospy.internal][INFO] 2021-10-22 13:05:49,560: topic[/ss42/wheels_driver_node/wheels_cmd] removing connection to http://ss42.local:42406/
[rospy.impl.masterslave][INFO] 2021-10-22 13:05:49,561: signal-2
[rospy.core][INFO] 2021-10-22 13:05:50,076: signal_shutdown [atexit]
