[rospy.client][INFO] 2021-10-22 13:01:07,090: init_node, name[/ss42/joy_mapper_node], pid[2176]
[xmlrpc][INFO] 2021-10-22 13:01:07,093: XML-RPC server binding to 0.0.0.0:0
[rospy.init][INFO] 2021-10-22 13:01:07,096: ROS Slave URI: [http://ss42.local:43149/]
[xmlrpc][INFO] 2021-10-22 13:01:07,097: Started XML-RPC server [http://ss42.local:43149/]
[rospy.impl.masterslave][INFO] 2021-10-22 13:01:07,098: _ready: http://ss42.local:43149/
[rospy.registration][INFO] 2021-10-22 13:01:07,107: Registering with master node http://ss42.local:11311/
[xmlrpc][INFO] 2021-10-22 13:01:07,108: xml rpc node: starting XML-RPC server
[rospy.init][INFO] 2021-10-22 13:01:07,197: registered with master
[rospy.rosout][INFO] 2021-10-22 13:01:07,198: initializing /rosout core topic
[rospy.rosout][INFO] 2021-10-22 13:01:07,216: connected to core topic /rosout
[rospy.simtime][INFO] 2021-10-22 13:01:07,228: /use_sim_time is not set, will not subscribe to simulated time [/clock] topic
[rosout][INFO] 2021-10-22 13:01:07,266: [/ss42/joy_mapper_node] Initializing 
[rosout][INFO] 2021-10-22 13:01:07,308: [/ss42/joy_mapper_node] ~speed_gain = 0.41 
[rosout][INFO] 2021-10-22 13:01:07,345: [/ss42/joy_mapper_node] ~steer_gain = 8.3 
[rosout][INFO] 2021-10-22 13:01:07,363: [/ss42/joy_mapper_node] ~bicycle_kinematics = 0.0 
[rosout][INFO] 2021-10-22 13:01:07,374: [/ss42/joy_mapper_node] ~steer_angle_gain = 1.04 
[rosout][INFO] 2021-10-22 13:01:07,386: [/ss42/joy_mapper_node] ~simulated_vehicle_length = 0.18 
[rospy.internal][INFO] 2021-10-22 13:01:07,486: topic[/ss42/joy] adding connection to [http://ss42.local:39995/], count 0
[rospy.internal][INFO] 2021-10-22 13:01:07,500: topic[/rosout] adding connection to [/rosout], count 0
[rospy.internal][INFO] 2021-10-22 13:01:07,707: topic[/ss42/wheels_driver_node/emergency_stop] adding connection to [/ss42/wheels_driver_node], count 0
[rospy.internal][INFO] 2021-10-22 13:01:09,475: topic[/ss42/joy_mapper_node/car_cmd] adding connection to [/ss42/inverse_kinematics_node], count 0
[rosout][INFO] 2021-10-22 13:01:11,059: E-stop message
[rosout][INFO] 2021-10-22 13:01:13,900: E-stop message
[rospy.core][INFO] 2021-10-22 13:05:49,453: signal_shutdown [signal-2]
[rospy.internal][INFO] 2021-10-22 13:05:49,583: topic[/ss42/wheels_driver_node/emergency_stop] removing connection to /ss42/wheels_driver_node
[rospy.internal][INFO] 2021-10-22 13:05:49,584: topic[/rosout] removing connection to /rosout
[rospy.internal][INFO] 2021-10-22 13:05:49,585: topic[/ss42/joy_mapper_node/car_cmd] removing connection to /ss42/inverse_kinematics_node
[rospy.internal][INFO] 2021-10-22 13:05:49,586: topic[/ss42/joy] removing connection to http://ss42.local:39995/
[rospy.impl.masterslave][INFO] 2021-10-22 13:05:49,587: signal-2
[rospy.core][INFO] 2021-10-22 13:05:50,103: signal_shutdown [atexit]
