[rospy.client][INFO] 2021-10-22 13:01:07,343: init_node, name[/ss42/velocity_to_pose_node], pid[2202]
[xmlrpc][INFO] 2021-10-22 13:01:07,345: XML-RPC server binding to 0.0.0.0:0
[rospy.init][INFO] 2021-10-22 13:01:07,347: ROS Slave URI: [http://ss42.local:37552/]
[xmlrpc][INFO] 2021-10-22 13:01:07,348: Started XML-RPC server [http://ss42.local:37552/]
[rospy.impl.masterslave][INFO] 2021-10-22 13:01:07,349: _ready: http://ss42.local:37552/
[xmlrpc][INFO] 2021-10-22 13:01:07,350: xml rpc node: starting XML-RPC server
[rospy.registration][INFO] 2021-10-22 13:01:07,352: Registering with master node http://ss42.local:11311/
[rospy.init][INFO] 2021-10-22 13:01:07,448: registered with master
[rospy.rosout][INFO] 2021-10-22 13:01:07,449: initializing /rosout core topic
[rospy.rosout][INFO] 2021-10-22 13:01:07,460: connected to core topic /rosout
[rospy.simtime][INFO] 2021-10-22 13:01:07,466: /use_sim_time is not set, will not subscribe to simulated time [/clock] topic
[rosout][INFO] 2021-10-22 13:01:07,514: [/ss42/velocity_to_pose_node] Initialized.
[rospy.internal][INFO] 2021-10-22 13:01:07,713: topic[/rosout] adding connection to [/rosout], count 0
[rospy.internal][INFO] 2021-10-22 13:01:09,740: topic[/ss42/forward_kinematics_node/velocity] adding connection to [http://ss42.local:33719/], count 0
[rospy.core][INFO] 2021-10-22 13:05:49,425: signal_shutdown [signal-2]
[rospy.internal][INFO] 2021-10-22 13:05:49,478: topic[/rosout] removing connection to /rosout
[rospy.internal][WARNING] 2021-10-22 13:05:49,483: Unknown error initiating TCP/IP socket to ss42.local:39338 (http://ss42.local:33719/): Traceback (most recent call last):
  File "/opt/ros/kinetic/lib/python2.7/dist-packages/rospy/impl/tcpros_base.py", line 558, in connect
    self.local_endpoint = self.socket.getsockname()
AttributeError: 'NoneType' object has no attribute 'getsockname'

[rospy.internal][INFO] 2021-10-22 13:05:49,480: topic[/ss42/forward_kinematics_node/velocity] removing connection to http://ss42.local:33719/
[rospy.impl.masterslave][INFO] 2021-10-22 13:05:49,485: signal-2
[rospy.core][INFO] 2021-10-22 13:05:49,587: signal_shutdown [atexit]
