[rosmaster.main][INFO] 2021-10-22 12:30:49,777: initialization complete, waiting for shutdown
[rosmaster.main][INFO] 2021-10-22 12:30:49,777: Starting ROS Master Node
[xmlrpc][INFO] 2021-10-22 12:30:49,780: XML-RPC server binding to 0.0.0.0:11311
[xmlrpc][INFO] 2021-10-22 12:30:49,781: Started XML-RPC server [http://ss42.local:11311/]
[rosmaster.master][INFO] 2021-10-22 12:30:49,781: Master initialized: port[11311], uri[http://ss42.local:11311/]
[xmlrpc][INFO] 2021-10-22 12:30:49,782: xml rpc node: starting XML-RPC server
[rosmaster.master][INFO] 2021-10-22 12:30:49,857: +PARAM [/run_id] by /roslaunch
[rosmaster.master][INFO] 2021-10-22 12:30:49,863: +PARAM [/roslaunch/uris/host_ss42_local__37923] by /roslaunch
[rosmaster.master][INFO] 2021-10-22 12:30:50,397: +PARAM [/ss42/camera_node/res_w] by /roslaunch
[rosmaster.master][INFO] 2021-10-22 12:30:50,398: +PARAM [/rosdistro] by /roslaunch
[rosmaster.master][INFO] 2021-10-22 12:30:50,399: +PARAM [/ss42/cam_info_reader_node/cali_file_name] by /roslaunch
[rosmaster.master][INFO] 2021-10-22 12:30:50,399: +PARAM [/ss42/camera_node/framerate_low] by /roslaunch
[rosmaster.master][INFO] 2021-10-22 12:30:50,400: +PARAM [/ss42/raw_cam_info_reader_node/cali_file_name] by /roslaunch
[rosmaster.master][INFO] 2021-10-22 12:30:50,400: +PARAM [/ss42/cam_info_reader_node/config] by /roslaunch
[rosmaster.master][INFO] 2021-10-22 12:30:50,401: +PARAM [/ss42/raw_cam_info_reader_node/config] by /roslaunch
[rosmaster.master][INFO] 2021-10-22 12:30:50,401: +PARAM [/ss42/cam_info_reader_node/pub_freq] by /roslaunch
[rosmaster.master][INFO] 2021-10-22 12:30:50,401: +PARAM [/rosversion] by /roslaunch
[rosmaster.master][INFO] 2021-10-22 12:30:50,402: +PARAM [/ss42/decoder_node/publish_freq] by /roslaunch
[rosmaster.master][INFO] 2021-10-22 12:30:50,402: +PARAM [/ss42/raw_cam_info_reader_node/image_type] by /roslaunch
[rosmaster.master][INFO] 2021-10-22 12:30:50,403: +PARAM [/ss42/raw_cam_info_reader_node/pub_freq] by /roslaunch
[rosmaster.master][INFO] 2021-10-22 12:30:50,403: +PARAM [/ss42/cam_info_reader_node/image_type] by /roslaunch
[rosmaster.master][INFO] 2021-10-22 12:30:50,403: +PARAM [/ss42/camera_node/framerate_high] by /roslaunch
[rosmaster.master][INFO] 2021-10-22 12:30:50,404: +PARAM [/ss42/camera_node/res_h] by /roslaunch
[rosmaster.master][INFO] 2021-10-22 12:30:50,412: +SERVICE [/rosout/get_loggers] /rosout http://ss42.local:34414/
[rosmaster.master][INFO] 2021-10-22 12:30:50,417: +SERVICE [/rosout/set_logger_level] /rosout http://ss42.local:34414/
[rosmaster.master][INFO] 2021-10-22 12:30:50,425: +PUB [/rosout_agg] /rosout http://ss42.local:34414/
[rosmaster.master][INFO] 2021-10-22 12:30:50,448: +SUB [/rosout] /rosout http://ss42.local:34414/
[rosmaster.master][INFO] 2021-10-22 12:30:52,092: +PUB [/rosout] /ss42/decoder_node http://ss42.local:41589/
[rosmaster.master][INFO] 2021-10-22 12:30:52,136: +SERVICE [/ss42/decoder_node/get_loggers] /ss42/decoder_node http://ss42.local:41589/
[rosmaster.master][INFO] 2021-10-22 12:30:52,160: +SERVICE [/ss42/decoder_node/set_logger_level] /ss42/decoder_node http://ss42.local:41589/
[rosmaster.master][INFO] 2021-10-22 12:30:52,181: +PARAM [/ss42/decoder_node/publish_freq] by /ss42/decoder_node
[rosmaster.master][INFO] 2021-10-22 12:30:52,184: publisherUpdate[/rosout] -> http://ss42.local:34414/ ['http://ss42.local:41589/']
[rosmaster.master][INFO] 2021-10-22 12:30:52,192: +PUB [/ss42/camera_node/image/raw] /ss42/decoder_node http://ss42.local:41589/
[rosmaster.master][INFO] 2021-10-22 12:30:52,197: publisherUpdate[/rosout] -> http://ss42.local:34414/ ['http://ss42.local:41589/']: sec=0.01, result=[1, '', 0]
[rosmaster.master][INFO] 2021-10-22 12:30:52,212: +SUB [/ss42/camera_node/image/compressed] /ss42/decoder_node http://ss42.local:41589/
[rosmaster.master][INFO] 2021-10-22 12:30:52,237: +SUB [/ss42/decoder_node/switch] /ss42/decoder_node http://ss42.local:41589/
[rosmaster.master][INFO] 2021-10-22 12:30:53,861: +PUB [/rosout] /ss42/raw_cam_info_reader_node http://ss42.local:46867/
[rosmaster.master][INFO] 2021-10-22 12:30:53,875: +SERVICE [/ss42/raw_cam_info_reader_node/get_loggers] /ss42/raw_cam_info_reader_node http://ss42.local:46867/
[rosmaster.master][INFO] 2021-10-22 12:30:53,881: +SERVICE [/ss42/raw_cam_info_reader_node/set_logger_level] /ss42/raw_cam_info_reader_node http://ss42.local:46867/
[rosmaster.master][INFO] 2021-10-22 12:30:53,887: +PUB [/rosout] /ss42/cam_info_reader_node http://ss42.local:39495/
[rosmaster.master][INFO] 2021-10-22 12:30:53,892: publisherUpdate[/rosout] -> http://ss42.local:34414/ ['http://ss42.local:41589/', 'http://ss42.local:46867/']
[rosmaster.master][INFO] 2021-10-22 12:30:53,895: +PARAM [/ss42/raw_cam_info_reader_node/config] by /ss42/raw_cam_info_reader_node
[rosmaster.master][INFO] 2021-10-22 12:30:53,898: publisherUpdate[/rosout] -> http://ss42.local:34414/ ['http://ss42.local:41589/', 'http://ss42.local:46867/']: sec=0.00, result=[1, '', 0]
[rosmaster.master][INFO] 2021-10-22 12:30:53,901: publisherUpdate[/rosout] -> http://ss42.local:34414/ ['http://ss42.local:41589/', 'http://ss42.local:46867/', 'http://ss42.local:39495/']
[rosmaster.master][INFO] 2021-10-22 12:30:53,907: publisherUpdate[/rosout] -> http://ss42.local:34414/ ['http://ss42.local:41589/', 'http://ss42.local:46867/', 'http://ss42.local:39495/']: sec=0.00, result=[1, '', 0]
[rosmaster.master][INFO] 2021-10-22 12:30:53,911: +SERVICE [/ss42/cam_info_reader_node/get_loggers] /ss42/cam_info_reader_node http://ss42.local:39495/
[rosmaster.master][INFO] 2021-10-22 12:30:53,913: +PARAM [/ss42/raw_cam_info_reader_node/cali_file_name] by /ss42/raw_cam_info_reader_node
[rosmaster.master][INFO] 2021-10-22 12:30:53,919: +SERVICE [/ss42/cam_info_reader_node/set_logger_level] /ss42/cam_info_reader_node http://ss42.local:39495/
[rosmaster.master][INFO] 2021-10-22 12:30:53,926: +PARAM [/ss42/raw_cam_info_reader_node/image_type] by /ss42/raw_cam_info_reader_node
[rosmaster.master][INFO] 2021-10-22 12:30:53,934: +PUB [/ss42/camera_node/raw_camera_info] /ss42/raw_cam_info_reader_node http://ss42.local:46867/
[rosmaster.master][INFO] 2021-10-22 12:30:53,937: +PARAM [/ss42/cam_info_reader_node/config] by /ss42/cam_info_reader_node
[rosmaster.master][INFO] 2021-10-22 12:30:53,949: +PARAM [/ss42/cam_info_reader_node/cali_file_name] by /ss42/cam_info_reader_node
[rosmaster.master][INFO] 2021-10-22 12:30:53,960: +PARAM [/ss42/cam_info_reader_node/image_type] by /ss42/cam_info_reader_node
[rosmaster.master][INFO] 2021-10-22 12:30:53,967: +PUB [/ss42/camera_node/camera_info] /ss42/cam_info_reader_node http://ss42.local:39495/
[rosmaster.master][INFO] 2021-10-22 12:30:53,981: +PUB [/rosout] /ss42/camera_node http://ss42.local:42529/
[rosmaster.master][INFO] 2021-10-22 12:30:53,993: publisherUpdate[/rosout] -> http://ss42.local:34414/ ['http://ss42.local:41589/', 'http://ss42.local:46867/', 'http://ss42.local:39495/', 'http://ss42.local:42529/']
[rosmaster.master][INFO] 2021-10-22 12:30:53,997: publisherUpdate[/rosout] -> http://ss42.local:34414/ ['http://ss42.local:41589/', 'http://ss42.local:46867/', 'http://ss42.local:39495/', 'http://ss42.local:42529/']: sec=0.00, result=[1, '', 0]
[rosmaster.master][INFO] 2021-10-22 12:30:53,999: +SUB [/ss42/camera_node/image/raw] /ss42/raw_cam_info_reader_node http://ss42.local:46867/
[rosmaster.master][INFO] 2021-10-22 12:30:54,005: +SERVICE [/ss42/camera_node/get_loggers] /ss42/camera_node http://ss42.local:42529/
[rosmaster.master][INFO] 2021-10-22 12:30:54,012: +SERVICE [/ss42/camera_node/set_logger_level] /ss42/camera_node http://ss42.local:42529/
[rosmaster.master][INFO] 2021-10-22 12:30:54,027: +PARAM [/ss42/camera_node/framerate_high] by /ss42/camera_node
[rosmaster.master][INFO] 2021-10-22 12:30:54,030: +SUB [/ss42/camera_node/image/compressed] /ss42/cam_info_reader_node http://ss42.local:39495/
[rosmaster.master][INFO] 2021-10-22 12:30:54,039: +PARAM [/ss42/camera_node/framerate_low] by /ss42/camera_node
[rosmaster.master][INFO] 2021-10-22 12:30:54,055: +PARAM [/ss42/camera_node/res_w] by /ss42/camera_node
[rosmaster.master][INFO] 2021-10-22 12:30:54,066: +PARAM [/ss42/camera_node/res_h] by /ss42/camera_node
[rosmaster.master][INFO] 2021-10-22 12:30:54,449: +PUB [/ss42/camera_node/image/compressed] /ss42/camera_node http://ss42.local:42529/
[rosmaster.master][INFO] 2021-10-22 12:30:54,460: +SUB [/ss42/camera_node/framerate_high_switch] /ss42/camera_node http://ss42.local:42529/
[rosmaster.master][INFO] 2021-10-22 12:30:54,466: +SERVICE [/ss42/camera_node/set_camera_info] /ss42/camera_node http://ss42.local:42529/
[rosmaster.master][INFO] 2021-10-22 12:30:54,501: publisherUpdate[/ss42/camera_node/image/compressed] -> http://ss42.local:41589/ ['http://ss42.local:42529/']
[rosmaster.master][INFO] 2021-10-22 12:30:54,502: publisherUpdate[/ss42/camera_node/image/compressed] -> http://ss42.local:39495/ ['http://ss42.local:42529/']
[rosmaster.master][INFO] 2021-10-22 12:30:54,508: publisherUpdate[/ss42/camera_node/image/compressed] -> http://ss42.local:41589/ ['http://ss42.local:42529/']: sec=0.01, result=[1, '', 0]
[rosmaster.master][INFO] 2021-10-22 12:30:54,510: publisherUpdate[/ss42/camera_node/image/compressed] -> http://ss42.local:39495/ ['http://ss42.local:42529/']: sec=0.01, result=[1, '', 0]
[rosmaster.master][INFO] 2021-10-22 12:31:14,485: +PARAM [/roslaunch/uris/host_ss42_local__41904] by /roslaunch
[rosmaster.master][INFO] 2021-10-22 12:31:14,504: +PARAM [/rosversion] by /roslaunch
[rosmaster.master][INFO] 2021-10-22 12:31:14,505: +PARAM [/rosdistro] by /roslaunch
[rosmaster.master][INFO] 2021-10-22 12:31:14,505: +PARAM [/ss42/ground_projection/config] by /roslaunch
[rosmaster.master][INFO] 2021-10-22 12:31:14,506: +PARAM [/ss42/ground_projection/config_file_name] by /roslaunch
[rosmaster.master][INFO] 2021-10-22 12:31:18,323: +PUB [/rosout] /ss42/ground_projection http://ss42.local:35622/
[rosmaster.master][INFO] 2021-10-22 12:31:18,336: +SERVICE [/ss42/ground_projection/get_loggers] /ss42/ground_projection http://ss42.local:35622/
[rosmaster.master][INFO] 2021-10-22 12:31:18,342: +SERVICE [/ss42/ground_projection/set_logger_level] /ss42/ground_projection http://ss42.local:35622/
[rosmaster.master][INFO] 2021-10-22 12:31:18,357: publisherUpdate[/rosout] -> http://ss42.local:34414/ ['http://ss42.local:41589/', 'http://ss42.local:46867/', 'http://ss42.local:39495/', 'http://ss42.local:42529/', 'http://ss42.local:35622/']
[rosmaster.master][INFO] 2021-10-22 12:31:18,361: publisherUpdate[/rosout] -> http://ss42.local:34414/ ['http://ss42.local:41589/', 'http://ss42.local:46867/', 'http://ss42.local:39495/', 'http://ss42.local:42529/', 'http://ss42.local:35622/']: sec=0.00, result=[1, '', 0]
[rosmaster.master][INFO] 2021-10-22 12:31:18,578: +SUB [/ss42/camera_node/camera_info] /ss42/ground_projection http://ss42.local:35622/
[rosmaster.master][INFO] 2021-10-22 12:31:18,625: -SUB [/ss42/camera_node/camera_info] /ss42/ground_projection http://ss42.local:35622/
[rosmaster.master][INFO] 2021-10-22 12:31:18,638: +PUB [/ss42/ground_projection/lineseglist_out] /ss42/ground_projection http://ss42.local:35622/
[rosmaster.master][INFO] 2021-10-22 12:31:18,653: +SUB [/ss42/line_detector_node/segment_list] /ss42/ground_projection http://ss42.local:35622/
[rosmaster.master][INFO] 2021-10-22 12:31:18,660: +SERVICE [/ss42/ground_projection/estimate_homography] /ss42/ground_projection http://ss42.local:35622/
[rosmaster.master][INFO] 2021-10-22 12:31:18,666: +SERVICE [/ss42/ground_projection/get_ground_coordinate] /ss42/ground_projection http://ss42.local:35622/
[rosmaster.master][INFO] 2021-10-22 12:31:18,671: +SERVICE [/ss42/ground_projection/get_image_coordinate] /ss42/ground_projection http://ss42.local:35622/
[rosmaster.master][INFO] 2021-10-22 12:32:06,748: +PUB [/rosout] /rosservice_3150_1634898727675 http://robotikahost.local:45251/
[rosmaster.master][INFO] 2021-10-22 12:32:06,768: publisherUpdate[/rosout] -> http://ss42.local:34414/ ['http://ss42.local:41589/', 'http://ss42.local:46867/', 'http://ss42.local:39495/', 'http://ss42.local:42529/', 'http://ss42.local:35622/', 'http://robotikahost.local:45251/']
[rosmaster.master][INFO] 2021-10-22 12:32:06,778: +SERVICE [/rosservice_3150_1634898727675/get_loggers] /rosservice_3150_1634898727675 http://robotikahost.local:45251/
[rosmaster.master][INFO] 2021-10-22 12:32:06,790: +SERVICE [/rosservice_3150_1634898727675/set_logger_level] /rosservice_3150_1634898727675 http://robotikahost.local:45251/
[rosmaster.master][INFO] 2021-10-22 12:32:06,847: +SUB [/ss42/camera_node/image/raw] /ss42/ground_projection http://ss42.local:35622/
[rosmaster.master][INFO] 2021-10-22 12:32:06,877: publisherUpdate[/rosout] -> http://ss42.local:34414/ ['http://ss42.local:41589/', 'http://ss42.local:46867/', 'http://ss42.local:39495/', 'http://ss42.local:42529/', 'http://ss42.local:35622/', 'http://robotikahost.local:45251/']: sec=0.11, result=[1, '', 0]
[rosmaster.master][INFO] 2021-10-22 12:32:07,385: -SUB [/ss42/camera_node/image/raw] /ss42/ground_projection http://ss42.local:35622/
[rosmaster.master][INFO] 2021-10-22 12:33:51,941: -SUB [/ss42/line_detector_node/segment_list] /ss42/ground_projection http://ss42.local:35622/
[rosmaster.master][INFO] 2021-10-22 12:33:51,942: -PUB [/ss42/ground_projection/lineseglist_out] /ss42/ground_projection http://ss42.local:35622/
[rosmaster.master][INFO] 2021-10-22 12:33:51,943: -PUB [/rosout] /ss42/ground_projection http://ss42.local:35622/
[rosmaster.master][INFO] 2021-10-22 12:33:51,945: -SERVICE [/ss42/ground_projection/get_loggers] /ss42/ground_projection rosrpc://ss42.local:37921
[rosmaster.master][INFO] 2021-10-22 12:33:51,946: -SERVICE [/ss42/ground_projection/get_image_coordinate] /ss42/ground_projection rosrpc://ss42.local:37921
[rosmaster.master][INFO] 2021-10-22 12:33:51,947: -SERVICE [/ss42/ground_projection/set_logger_level] /ss42/ground_projection rosrpc://ss42.local:37921
[rosmaster.master][INFO] 2021-10-22 12:33:51,947: -SERVICE [/ss42/ground_projection/estimate_homography] /ss42/ground_projection rosrpc://ss42.local:37921
[rosmaster.master][INFO] 2021-10-22 12:33:51,948: -SERVICE [/ss42/ground_projection/get_ground_coordinate] /ss42/ground_projection rosrpc://ss42.local:37921
[rosmaster.master][INFO] 2021-10-22 12:33:51,948: publisherUpdate[/rosout] -> http://ss42.local:34414/ ['http://ss42.local:41589/', 'http://ss42.local:46867/', 'http://ss42.local:39495/', 'http://ss42.local:42529/', 'http://robotikahost.local:45251/']
[rosmaster.master][INFO] 2021-10-22 12:33:51,951: publisherUpdate[/rosout] -> http://ss42.local:34414/ ['http://ss42.local:41589/', 'http://ss42.local:46867/', 'http://ss42.local:39495/', 'http://ss42.local:42529/', 'http://robotikahost.local:45251/']: sec=0.00, result=[1, '', 0]
[rosmaster.master][INFO] 2021-10-22 12:33:52,642: -PUB [/rosout] /rosservice_3150_1634898727675 http://robotikahost.local:45251/
[rosmaster.master][INFO] 2021-10-22 12:33:52,642: -SERVICE [/rosservice_3150_1634898727675/set_logger_level] /rosservice_3150_1634898727675 rosrpc://robotikahost.local:46121
[rosmaster.master][INFO] 2021-10-22 12:33:52,643: -SERVICE [/rosservice_3150_1634898727675/get_loggers] /rosservice_3150_1634898727675 rosrpc://robotikahost.local:46121
[rosmaster.master][INFO] 2021-10-22 12:33:52,653: publisherUpdate[/rosout] -> http://ss42.local:34414/ ['http://ss42.local:41589/', 'http://ss42.local:46867/', 'http://ss42.local:39495/', 'http://ss42.local:42529/']
[rosmaster.master][INFO] 2021-10-22 12:33:52,655: publisherUpdate[/rosout] -> http://ss42.local:34414/ ['http://ss42.local:41589/', 'http://ss42.local:46867/', 'http://ss42.local:39495/', 'http://ss42.local:42529/']: sec=0.00, result=[1, '', 0]
[rosmaster.master][INFO] 2021-10-22 12:33:55,338: -SUB [/ss42/camera_node/image/compressed] /ss42/cam_info_reader_node http://ss42.local:39495/
[rosmaster.master][INFO] 2021-10-22 12:33:55,340: -PUB [/ss42/camera_node/camera_info] /ss42/cam_info_reader_node http://ss42.local:39495/
[rosmaster.master][INFO] 2021-10-22 12:33:55,341: -PUB [/rosout] /ss42/cam_info_reader_node http://ss42.local:39495/
[rosmaster.master][INFO] 2021-10-22 12:33:55,343: -SERVICE [/ss42/cam_info_reader_node/set_logger_level] /ss42/cam_info_reader_node rosrpc://ss42.local:34228
[rosmaster.master][INFO] 2021-10-22 12:33:55,344: -SERVICE [/ss42/cam_info_reader_node/get_loggers] /ss42/cam_info_reader_node rosrpc://ss42.local:34228
[rosmaster.master][INFO] 2021-10-22 12:33:55,355: -SUB [/ss42/camera_node/image/raw] /ss42/raw_cam_info_reader_node http://ss42.local:46867/
[rosmaster.master][INFO] 2021-10-22 12:33:55,362: publisherUpdate[/rosout] -> http://ss42.local:34414/ ['http://ss42.local:41589/', 'http://ss42.local:46867/', 'http://ss42.local:42529/']
[rosmaster.master][INFO] 2021-10-22 12:33:55,363: -SUB [/ss42/camera_node/framerate_high_switch] /ss42/camera_node http://ss42.local:42529/
[rosmaster.master][INFO] 2021-10-22 12:33:55,366: -PUB [/ss42/camera_node/image/compressed] /ss42/camera_node http://ss42.local:42529/
[rosmaster.master][INFO] 2021-10-22 12:33:55,367: -SUB [/ss42/decoder_node/switch] /ss42/decoder_node http://ss42.local:41589/
[rosmaster.master][INFO] 2021-10-22 12:33:55,368: -SUB [/ss42/camera_node/image/compressed] /ss42/decoder_node http://ss42.local:41589/
[rosmaster.master][INFO] 2021-10-22 12:33:55,369: publisherUpdate[/rosout] -> http://ss42.local:34414/ ['http://ss42.local:41589/', 'http://ss42.local:46867/', 'http://ss42.local:42529/']: sec=0.00, result=[1, '', 0]
[rosmaster.master][INFO] 2021-10-22 12:33:55,370: -PUB [/rosout] /ss42/camera_node http://ss42.local:42529/
[rosmaster.master][INFO] 2021-10-22 12:33:55,370: publisherUpdate[/ss42/camera_node/image/compressed] -> http://ss42.local:41589/ []
[rosmaster.master][INFO] 2021-10-22 12:33:55,371: -PUB [/ss42/camera_node/image/raw] /ss42/decoder_node http://ss42.local:41589/
[rosmaster.master][INFO] 2021-10-22 12:33:55,380: -SERVICE [/ss42/camera_node/get_loggers] /ss42/camera_node rosrpc://ss42.local:33593
[rosmaster.master][INFO] 2021-10-22 12:33:55,381: -PUB [/rosout] /ss42/raw_cam_info_reader_node http://ss42.local:46867/
[rosmaster.master][INFO] 2021-10-22 12:33:55,382: publisherUpdate[/rosout] -> http://ss42.local:34414/ ['http://ss42.local:41589/', 'http://ss42.local:46867/']
[rosmaster.master][INFO] 2021-10-22 12:33:55,384: publisherUpdate[/ss42/camera_node/image/compressed] -> http://ss42.local:41589/ []: sec=0.01, result=[1, '', 0]
[rosmaster.master][INFO] 2021-10-22 12:33:55,382: -PUB [/rosout] /ss42/decoder_node http://ss42.local:41589/
[rosmaster.master][INFO] 2021-10-22 12:33:55,387: publisherUpdate[/rosout] -> http://ss42.local:34414/ ['http://ss42.local:41589/', 'http://ss42.local:46867/']: sec=0.00, result=[1, '', 0]
[rosmaster.master][INFO] 2021-10-22 12:33:55,388: publisherUpdate[/rosout] -> http://ss42.local:34414/ ['http://ss42.local:41589/']
[rosmaster.master][INFO] 2021-10-22 12:33:55,389: -SERVICE [/ss42/camera_node/set_camera_info] /ss42/camera_node rosrpc://ss42.local:33593
[rosmaster.master][INFO] 2021-10-22 12:33:55,390: -SERVICE [/ss42/camera_node/set_logger_level] /ss42/camera_node rosrpc://ss42.local:33593
[rosmaster.master][INFO] 2021-10-22 12:33:55,392: -SERVICE [/ss42/decoder_node/get_loggers] /ss42/decoder_node rosrpc://ss42.local:43702
[rosmaster.master][INFO] 2021-10-22 12:33:55,393: publisherUpdate[/rosout] -> http://ss42.local:34414/ ['http://ss42.local:41589/']: sec=0.00, result=[1, '', 0]
[rosmaster.master][INFO] 2021-10-22 12:33:55,398: -SERVICE [/ss42/decoder_node/set_logger_level] /ss42/decoder_node rosrpc://ss42.local:43702
[rosmaster.master][INFO] 2021-10-22 12:33:55,398: publisherUpdate[/rosout] -> http://ss42.local:34414/ []
[rosmaster.master][INFO] 2021-10-22 12:33:55,402: -PUB [/ss42/camera_node/raw_camera_info] /ss42/raw_cam_info_reader_node http://ss42.local:46867/
[rosmaster.master][INFO] 2021-10-22 12:33:55,403: -SERVICE [/ss42/raw_cam_info_reader_node/set_logger_level] /ss42/raw_cam_info_reader_node rosrpc://ss42.local:46576
[rosmaster.master][INFO] 2021-10-22 12:33:55,404: -SERVICE [/ss42/raw_cam_info_reader_node/get_loggers] /ss42/raw_cam_info_reader_node rosrpc://ss42.local:46576
[rosmaster.master][INFO] 2021-10-22 12:33:55,408: publisherUpdate[/rosout] -> http://ss42.local:34414/ []: sec=0.01, result=[1, '', 0]
[rosmaster.master][INFO] 2021-10-22 12:33:56,512: -PUB [/rosout_agg] /rosout http://ss42.local:34414/
[rosmaster.master][INFO] 2021-10-22 12:33:56,516: -SUB [/rosout] /rosout http://ss42.local:34414/
[rosmaster.master][INFO] 2021-10-22 12:33:56,520: -SERVICE [/rosout/get_loggers] /rosout rosrpc://ss42.local:41346
[rosmaster.master][INFO] 2021-10-22 12:33:56,523: -SERVICE [/rosout/set_logger_level] /rosout rosrpc://ss42.local:41346
[rosmaster.main][INFO] 2021-10-22 12:33:56,638: keyboard interrupt, will exit
[rosmaster.main][INFO] 2021-10-22 12:33:56,638: stopping master...
[rospy.core][INFO] 2021-10-22 12:33:56,639: signal_shutdown [atexit]
