[rospy.client][INFO] 2021-10-22 12:31:18,209: [32minit_node, name[/ss42/ground_projection], pid[19559][0m
[xmlrpc][INFO] 2021-10-22 12:31:18,211: [32mXML-RPC server binding to 0.0.0.0:0[0m
[xmlrpc][INFO] 2021-10-22 12:31:18,212: [32mStarted XML-RPC server [http://ss42.local:35622/][0m
[rospy.init][INFO] 2021-10-22 12:31:18,212: [32mROS Slave URI: [http://ss42.local:35622/][0m
[rospy.impl.masterslave][INFO] 2021-10-22 12:31:18,213: [32m_ready: http://ss42.local:35622/[0m
[rospy.registration][INFO] 2021-10-22 12:31:18,216: [32mRegistering with master node http://ss42.local:11311/[0m
[xmlrpc][INFO] 2021-10-22 12:31:18,217: [32mxml rpc node: starting XML-RPC server[0m
[rospy.init][INFO] 2021-10-22 12:31:18,313: [32mregistered with master[0m
[rospy.rosout][INFO] 2021-10-22 12:31:18,314: [32minitializing /rosout core topic[0m
[rospy.rosout][INFO] 2021-10-22 12:31:18,326: [32mconnected to core topic /rosout[0m
[rospy.simtime][INFO] 2021-10-22 12:31:18,331: [32m/use_sim_time is not set, will not subscribe to simulated time [/clock] topic[0m
[DT][WARNING] 2021-10-22 12:31:18,351: [33mno extrinsic calibration parameters for ss42, trying default[0m
[DT][INFO] 2021-10-22 12:31:18,373: [32mLoaded homography for default.yaml[0m
[DT][INFO] 2021-10-22 12:31:18,567: [32mLoaded checkerboard parameters[0m
[rosout][INFO] 2021-10-22 12:31:18,567: [32mcamera info topic is /ss42/camera_node/camera_info[0m
[rosout][INFO] 2021-10-22 12:31:18,568: [32mwaiting for camera info[0m
[rospy.internal][INFO] 2021-10-22 12:31:18,570: [32mtopic[/rosout] adding connection to [/rosout], count 0[0m
[rospy.internal][INFO] 2021-10-22 12:31:18,593: [32mtopic[/ss42/camera_node/camera_info] adding connection to [http://ss42.local:39495/], count 0[0m
[rospy.internal][INFO] 2021-10-22 12:31:18,621: [32mtopic impl's ref count is zero, deleting topic /ss42/camera_node/camera_info...[0m
[rospy.internal][INFO] 2021-10-22 12:31:18,622: [32mtopic[/ss42/camera_node/camera_info] removing connection to http://ss42.local:39495/[0m
[rosout][INFO] 2021-10-22 12:31:18,628: [32mcamera info received[0m
[rosout][INFO] 2021-10-22 12:32:06,835: [32mEstimating homography[0m
[rosout][INFO] 2021-10-22 12:32:06,837: [32mWaiting for raw image[0m
[rospy.internal][INFO] 2021-10-22 12:32:06,861: [32mtopic[/ss42/camera_node/image/raw] adding connection to [http://ss42.local:41589/], count 0[0m
[rospy.internal][INFO] 2021-10-22 12:32:07,375: [32mtopic impl's ref count is zero, deleting topic /ss42/camera_node/image/raw...[0m
[rospy.internal][INFO] 2021-10-22 12:32:07,376: [32mtopic[/ss42/camera_node/image/raw] removing connection to http://ss42.local:41589/[0m
[rosout][INFO] 2021-10-22 12:32:07,387: [32mGot raw image[0m
[DT][INFO] 2021-10-22 12:32:07,480: [32mimage rectified[0m
[DT][ERROR] 2021-10-22 12:32:10,020: [31mNo corners found in image[0m
[rospy.core][INFO] 2021-10-22 12:33:51,825: [32msignal_shutdown [signal-2][0m
[rosout][INFO] 2021-10-22 12:33:51,825: [32m[GroundProjectionNode] Shutdown.[0m
[rospy.internal][INFO] 2021-10-22 12:33:51,957: [32mtopic[/rosout] removing connection to /rosout[0m
[rospy.impl.masterslave][INFO] 2021-10-22 12:33:51,958: [32msignal-2[0m
[rospy.core][INFO] 2021-10-22 12:33:52,473: [32msignal_shutdown [atexit][0m
