[rospy.client][INFO] 2021-12-09 13:40:14,838: init_node, name[/ss42/fsm_node], pid[6270]
[xmlrpc][INFO] 2021-12-09 13:40:14,858: XML-RPC server binding to 0.0.0.0:0
[xmlrpc][INFO] 2021-12-09 13:40:14,860: Started XML-RPC server [http://ss42.local:37334/]
[rospy.impl.masterslave][INFO] 2021-12-09 13:40:14,861: _ready: http://ss42.local:37334/
[rospy.init][INFO] 2021-12-09 13:40:14,862: ROS Slave URI: [http://ss42.local:37334/]
[rospy.registration][INFO] 2021-12-09 13:40:14,869: Registering with master node http://ss42.local:11311/
[xmlrpc][INFO] 2021-12-09 13:40:14,887: xml rpc node: starting XML-RPC server
[rospy.init][INFO] 2021-12-09 13:40:14,963: registered with master
[rospy.rosout][INFO] 2021-12-09 13:40:14,964: initializing /rosout core topic
[rospy.rosout][INFO] 2021-12-09 13:40:15,039: connected to core topic /rosout
[rospy.simtime][INFO] 2021-12-09 13:40:15,107: /use_sim_time is not set, will not subscribe to simulated time [/clock] topic
[rospy.internal][INFO] 2021-12-09 13:40:15,318: topic[/rosout] adding connection to [/rosout], count 0
[rospy.internal][INFO] 2021-12-09 13:40:15,699: topic[/ss42/fsm_node/mode] adding connection to [/ss42/car_cmd_switch_node], count 0
[rospy.internal][INFO] 2021-12-09 13:40:16,402: topic[/ss42/led_emitter_node/switch] adding connection to [/ss42/led_emitter_node], count 0
[rospy.internal][INFO] 2021-12-09 13:40:16,667: topic[/ss42/fsm_node/mode] adding connection to [/ss42/fake_coordinator_node], count 1
[rosout][INFO] 2021-12-09 13:40:17,144: [/ss42/fsm_node] Initialized.
[rosout][INFO] 2021-12-09 13:40:17,149: [/ss42/fsm_node] Node vehicle_detector_node is OFF in JOYSTICK_CONTROL
[rosout][INFO] 2021-12-09 13:40:17,152: [/ss42/fsm_node] Node framerate_high is ON in JOYSTICK_CONTROL
[rosout][INFO] 2021-12-09 13:40:17,155: [/ss42/fsm_node] Node decoder_node is ON in JOYSTICK_CONTROL
[rosout][INFO] 2021-12-09 13:40:17,179: [/ss42/fsm_node] Node stop_line_filter_node is ON in JOYSTICK_CONTROL
[rosout][INFO] 2021-12-09 13:40:17,185: [/ss42/fsm_node] Node lane_filter_node is ON in JOYSTICK_CONTROL
[rosout][INFO] 2021-12-09 13:40:17,190: [/ss42/fsm_node] Node led_detector_node is OFF in JOYSTICK_CONTROL
[rosout][INFO] 2021-12-09 13:40:17,192: [/ss42/fsm_node] Node static_object_detector_node is OFF in JOYSTICK_CONTROL
[rosout][INFO] 2021-12-09 13:40:17,198: [/ss42/fsm_node] Node led_emitter_node is OFF in JOYSTICK_CONTROL
[rosout][INFO] 2021-12-09 13:40:17,205: [/ss42/fsm_node] Node line_detector_node is ON in JOYSTICK_CONTROL
[rospy.internal][INFO] 2021-12-09 13:40:17,218: topic[/ss42/simple_coordinator_node/intersection_go] adding connection to [http://ss42.local:42708/], count 0
[rosout][INFO] 2021-12-09 13:40:17,213: [/ss42/fsm_node] Node apriltag_node is ON in JOYSTICK_CONTROL
[rospy.internal][INFO] 2021-12-09 13:40:17,223: topic[/ss42/joy_mapper_node/start_avoidance] adding connection to [http://ss42.local:42175/], count 0
[rospy.internal][INFO] 2021-12-09 13:40:17,252: topic[/ss42/joy_mapper_node/parallel_autonomy] adding connection to [http://ss42.local:42175/], count 0
[rosout][INFO] 2021-12-09 13:40:17,228: [/ss42/fsm_node] FSMState: JOYSTICK_CONTROL
[rospy.internal][INFO] 2021-12-09 13:40:17,278: topic[/ss42/joy_mapper_node/joystick_override] adding connection to [http://ss42.local:42175/], count 0
[rospy.internal][INFO] 2021-12-09 13:40:17,512: topic[/ss42/logic_gate_node/intersection_done_and_parallel_autonomy] adding connection to [http://ss42.local:41497/], count 0
[rospy.internal][INFO] 2021-12-09 13:40:17,525: topic[/ss42/logic_gate_node/intersection_done_and_not_parallel_autonomy] adding connection to [http://ss42.local:41497/], count 0
[rospy.internal][INFO] 2021-12-09 13:40:22,046: topic[/ss42/camera_node/framerate_high_switch] adding connection to [/ss42/camera_node], count 0
[rospy.internal][INFO] 2021-12-09 13:40:23,181: topic[/ss42/lane_filter_node/switch] adding connection to [/ss42/lane_filter_node], count 0
[rospy.internal][INFO] 2021-12-09 13:40:23,543: topic[/ss42/line_detector_node/switch] adding connection to [/ss42/line_detector_node], count 0
[rosout][INFO] 2021-12-09 13:40:27,340: [/ss42/fsm_node] Event: joystick_override_on
[rosout][INFO] 2021-12-09 13:40:27,343: [/ss42/fsm_node] Node vehicle_detector_node is OFF in JOYSTICK_CONTROL
[rosout][INFO] 2021-12-09 13:40:27,350: [/ss42/fsm_node] Node framerate_high is ON in JOYSTICK_CONTROL
[rosout][INFO] 2021-12-09 13:40:27,353: [/ss42/fsm_node] Node decoder_node is ON in JOYSTICK_CONTROL
[rosout][INFO] 2021-12-09 13:40:27,356: [/ss42/fsm_node] Node stop_line_filter_node is ON in JOYSTICK_CONTROL
[rosout][INFO] 2021-12-09 13:40:27,358: [/ss42/fsm_node] Node lane_filter_node is ON in JOYSTICK_CONTROL
[rosout][INFO] 2021-12-09 13:40:27,360: [/ss42/fsm_node] Node led_detector_node is OFF in JOYSTICK_CONTROL
[rosout][INFO] 2021-12-09 13:40:27,362: [/ss42/fsm_node] Node static_object_detector_node is OFF in JOYSTICK_CONTROL
[rosout][INFO] 2021-12-09 13:40:27,364: [/ss42/fsm_node] Node led_emitter_node is OFF in JOYSTICK_CONTROL
[rosout][INFO] 2021-12-09 13:40:27,366: [/ss42/fsm_node] Node line_detector_node is ON in JOYSTICK_CONTROL
[rosout][INFO] 2021-12-09 13:40:27,368: [/ss42/fsm_node] Node apriltag_node is ON in JOYSTICK_CONTROL
[rosout][INFO] 2021-12-09 13:40:27,373: [/ss42/fsm_node] FSMState: JOYSTICK_CONTROL
[rosout][INFO] 2021-12-09 13:42:30,306: [/ss42/fsm_node] Event: joystick_override_off
[rosout][INFO] 2021-12-09 13:42:30,313: [/ss42/fsm_node] Node vehicle_detector_node is OFF in LANE_FOLLOWING
[rosout][INFO] 2021-12-09 13:42:30,319: [/ss42/fsm_node] Node framerate_high is OFF in LANE_FOLLOWING
[rosout][INFO] 2021-12-09 13:42:30,329: [/ss42/fsm_node] Node decoder_node is OFF in LANE_FOLLOWING
[rosout][INFO] 2021-12-09 13:42:30,334: [/ss42/fsm_node] Node stop_line_filter_node is ON in LANE_FOLLOWING
[rosout][INFO] 2021-12-09 13:42:30,339: [/ss42/fsm_node] Node lane_filter_node is ON in LANE_FOLLOWING
[rosout][INFO] 2021-12-09 13:42:30,342: [/ss42/fsm_node] Node led_detector_node is OFF in LANE_FOLLOWING
[rosout][INFO] 2021-12-09 13:42:30,352: [/ss42/fsm_node] Node static_object_detector_node is OFF in LANE_FOLLOWING
[rosout][INFO] 2021-12-09 13:42:30,356: [/ss42/fsm_node] Node led_emitter_node is OFF in LANE_FOLLOWING
[rosout][INFO] 2021-12-09 13:42:30,361: [/ss42/fsm_node] Node line_detector_node is ON in LANE_FOLLOWING
[rosout][INFO] 2021-12-09 13:42:30,366: [/ss42/fsm_node] Node apriltag_node is OFF in LANE_FOLLOWING
[rosout][INFO] 2021-12-09 13:42:30,372: [/ss42/fsm_node] FSMState: LANE_FOLLOWING
[rosout][INFO] 2021-12-09 13:42:41,085: [/ss42/fsm_node] Event: joystick_override_on
[rosout][INFO] 2021-12-09 13:42:41,090: [/ss42/fsm_node] Node vehicle_detector_node is OFF in JOYSTICK_CONTROL
[rosout][INFO] 2021-12-09 13:42:41,093: [/ss42/fsm_node] Node framerate_high is ON in JOYSTICK_CONTROL
[rosout][INFO] 2021-12-09 13:42:41,098: [/ss42/fsm_node] Node decoder_node is ON in JOYSTICK_CONTROL
[rosout][INFO] 2021-12-09 13:42:41,103: [/ss42/fsm_node] Node stop_line_filter_node is ON in JOYSTICK_CONTROL
[rosout][INFO] 2021-12-09 13:42:41,107: [/ss42/fsm_node] Node lane_filter_node is ON in JOYSTICK_CONTROL
[rosout][INFO] 2021-12-09 13:42:41,112: [/ss42/fsm_node] Node led_detector_node is OFF in JOYSTICK_CONTROL
[rosout][INFO] 2021-12-09 13:42:41,117: [/ss42/fsm_node] Node static_object_detector_node is OFF in JOYSTICK_CONTROL
[rosout][INFO] 2021-12-09 13:42:41,122: [/ss42/fsm_node] Node led_emitter_node is OFF in JOYSTICK_CONTROL
[rosout][INFO] 2021-12-09 13:42:41,133: [/ss42/fsm_node] Node line_detector_node is ON in JOYSTICK_CONTROL
[rosout][INFO] 2021-12-09 13:42:41,142: [/ss42/fsm_node] Node apriltag_node is ON in JOYSTICK_CONTROL
[rosout][INFO] 2021-12-09 13:42:41,147: [/ss42/fsm_node] FSMState: JOYSTICK_CONTROL
[rosout][INFO] 2021-12-09 13:42:51,329: [/ss42/fsm_node] Event: joystick_override_off
[rosout][INFO] 2021-12-09 13:42:51,333: [/ss42/fsm_node] Node vehicle_detector_node is OFF in LANE_FOLLOWING
[rosout][INFO] 2021-12-09 13:42:51,336: [/ss42/fsm_node] Node framerate_high is OFF in LANE_FOLLOWING
[rosout][INFO] 2021-12-09 13:42:51,352: [/ss42/fsm_node] Node decoder_node is OFF in LANE_FOLLOWING
[rosout][INFO] 2021-12-09 13:42:51,358: [/ss42/fsm_node] Node stop_line_filter_node is ON in LANE_FOLLOWING
[rosout][INFO] 2021-12-09 13:42:51,361: [/ss42/fsm_node] Node lane_filter_node is ON in LANE_FOLLOWING
[rosout][INFO] 2021-12-09 13:42:51,370: [/ss42/fsm_node] Node led_detector_node is OFF in LANE_FOLLOWING
[rosout][INFO] 2021-12-09 13:42:51,379: [/ss42/fsm_node] Node static_object_detector_node is OFF in LANE_FOLLOWING
[rosout][INFO] 2021-12-09 13:42:51,383: [/ss42/fsm_node] Node led_emitter_node is OFF in LANE_FOLLOWING
[rosout][INFO] 2021-12-09 13:42:51,386: [/ss42/fsm_node] Node line_detector_node is ON in LANE_FOLLOWING
[rosout][INFO] 2021-12-09 13:42:51,391: [/ss42/fsm_node] Node apriltag_node is OFF in LANE_FOLLOWING
[rosout][INFO] 2021-12-09 13:42:51,396: [/ss42/fsm_node] FSMState: LANE_FOLLOWING
[rosout][INFO] 2021-12-09 13:43:01,033: [/ss42/fsm_node] Event: joystick_override_on
[rosout][INFO] 2021-12-09 13:43:01,038: [/ss42/fsm_node] Node vehicle_detector_node is OFF in JOYSTICK_CONTROL
[rosout][INFO] 2021-12-09 13:43:01,042: [/ss42/fsm_node] Node framerate_high is ON in JOYSTICK_CONTROL
[rosout][INFO] 2021-12-09 13:43:01,048: [/ss42/fsm_node] Node decoder_node is ON in JOYSTICK_CONTROL
[rosout][INFO] 2021-12-09 13:43:01,055: [/ss42/fsm_node] Node stop_line_filter_node is ON in JOYSTICK_CONTROL
[rosout][INFO] 2021-12-09 13:43:01,059: [/ss42/fsm_node] Node lane_filter_node is ON in JOYSTICK_CONTROL
[rosout][INFO] 2021-12-09 13:43:01,062: [/ss42/fsm_node] Node led_detector_node is OFF in JOYSTICK_CONTROL
[rosout][INFO] 2021-12-09 13:43:01,065: [/ss42/fsm_node] Node static_object_detector_node is OFF in JOYSTICK_CONTROL
[rosout][INFO] 2021-12-09 13:43:01,068: [/ss42/fsm_node] Node led_emitter_node is OFF in JOYSTICK_CONTROL
[rosout][INFO] 2021-12-09 13:43:01,071: [/ss42/fsm_node] Node line_detector_node is ON in JOYSTICK_CONTROL
[rosout][INFO] 2021-12-09 13:43:01,074: [/ss42/fsm_node] Node apriltag_node is ON in JOYSTICK_CONTROL
[rosout][INFO] 2021-12-09 13:43:01,084: [/ss42/fsm_node] FSMState: JOYSTICK_CONTROL
[rosout][INFO] 2021-12-09 13:44:21,700: [/ss42/fsm_node] Event: joystick_override_off
[rosout][INFO] 2021-12-09 13:44:21,702: [/ss42/fsm_node] Node vehicle_detector_node is OFF in LANE_FOLLOWING
[rosout][INFO] 2021-12-09 13:44:21,703: [/ss42/fsm_node] Node framerate_high is OFF in LANE_FOLLOWING
[rosout][INFO] 2021-12-09 13:44:21,707: [/ss42/fsm_node] Node decoder_node is OFF in LANE_FOLLOWING
[rosout][INFO] 2021-12-09 13:44:21,710: [/ss42/fsm_node] Node stop_line_filter_node is ON in LANE_FOLLOWING
[rosout][INFO] 2021-12-09 13:44:21,716: [/ss42/fsm_node] Node lane_filter_node is ON in LANE_FOLLOWING
[rosout][INFO] 2021-12-09 13:44:21,720: [/ss42/fsm_node] Node led_detector_node is OFF in LANE_FOLLOWING
[rosout][INFO] 2021-12-09 13:44:21,721: [/ss42/fsm_node] Node static_object_detector_node is OFF in LANE_FOLLOWING
[rosout][INFO] 2021-12-09 13:44:21,723: [/ss42/fsm_node] Node led_emitter_node is OFF in LANE_FOLLOWING
[rosout][INFO] 2021-12-09 13:44:21,725: [/ss42/fsm_node] Node line_detector_node is ON in LANE_FOLLOWING
[rosout][INFO] 2021-12-09 13:44:21,728: [/ss42/fsm_node] Node apriltag_node is OFF in LANE_FOLLOWING
[rosout][INFO] 2021-12-09 13:44:21,730: [/ss42/fsm_node] FSMState: LANE_FOLLOWING
[rosout][INFO] 2021-12-09 13:44:32,691: [/ss42/fsm_node] Event: joystick_override_on
[rosout][INFO] 2021-12-09 13:44:32,694: [/ss42/fsm_node] Node vehicle_detector_node is OFF in JOYSTICK_CONTROL
[rosout][INFO] 2021-12-09 13:44:32,702: [/ss42/fsm_node] Node framerate_high is ON in JOYSTICK_CONTROL
[rosout][INFO] 2021-12-09 13:44:32,706: [/ss42/fsm_node] Node decoder_node is ON in JOYSTICK_CONTROL
[rosout][INFO] 2021-12-09 13:44:32,711: [/ss42/fsm_node] Node stop_line_filter_node is ON in JOYSTICK_CONTROL
[rosout][INFO] 2021-12-09 13:44:32,714: [/ss42/fsm_node] Node lane_filter_node is ON in JOYSTICK_CONTROL
[rosout][INFO] 2021-12-09 13:44:32,718: [/ss42/fsm_node] Node led_detector_node is OFF in JOYSTICK_CONTROL
[rosout][INFO] 2021-12-09 13:44:32,721: [/ss42/fsm_node] Node static_object_detector_node is OFF in JOYSTICK_CONTROL
[rosout][INFO] 2021-12-09 13:44:32,724: [/ss42/fsm_node] Node led_emitter_node is OFF in JOYSTICK_CONTROL
[rosout][INFO] 2021-12-09 13:44:32,728: [/ss42/fsm_node] Node line_detector_node is ON in JOYSTICK_CONTROL
[rosout][INFO] 2021-12-09 13:44:32,731: [/ss42/fsm_node] Node apriltag_node is ON in JOYSTICK_CONTROL
[rosout][INFO] 2021-12-09 13:44:32,739: [/ss42/fsm_node] FSMState: JOYSTICK_CONTROL
[rosout][INFO] 2021-12-09 13:44:36,646: [/ss42/fsm_node] Event: parallel_autonomy_on
[rosout][INFO] 2021-12-09 13:44:36,650: [/ss42/fsm_node] Node vehicle_detector_node is ON in PARALLEL_AUTONOMY
[rosout][INFO] 2021-12-09 13:44:36,653: [/ss42/fsm_node] Node framerate_high is OFF in PARALLEL_AUTONOMY
[rosout][INFO] 2021-12-09 13:44:36,656: [/ss42/fsm_node] Node decoder_node is ON in PARALLEL_AUTONOMY
[rosout][INFO] 2021-12-09 13:44:36,662: [/ss42/fsm_node] Node stop_line_filter_node is ON in PARALLEL_AUTONOMY
[rosout][INFO] 2021-12-09 13:44:36,665: [/ss42/fsm_node] Node lane_filter_node is ON in PARALLEL_AUTONOMY
[rosout][INFO] 2021-12-09 13:44:36,667: [/ss42/fsm_node] Node led_detector_node is OFF in PARALLEL_AUTONOMY
[rosout][INFO] 2021-12-09 13:44:36,670: [/ss42/fsm_node] Node static_object_detector_node is ON in PARALLEL_AUTONOMY
[rosout][INFO] 2021-12-09 13:44:36,672: [/ss42/fsm_node] Node led_emitter_node is OFF in PARALLEL_AUTONOMY
[rosout][INFO] 2021-12-09 13:44:36,674: [/ss42/fsm_node] Node line_detector_node is ON in PARALLEL_AUTONOMY
[rosout][INFO] 2021-12-09 13:44:36,677: [/ss42/fsm_node] Node apriltag_node is OFF in PARALLEL_AUTONOMY
[rosout][INFO] 2021-12-09 13:44:36,679: [/ss42/fsm_node] FSMState: PARALLEL_AUTONOMY
[rosout][INFO] 2021-12-09 13:44:37,423: [/ss42/fsm_node] Event: parallel_autonomy_off
[rosout][INFO] 2021-12-09 13:44:37,426: [/ss42/fsm_node] Node vehicle_detector_node is OFF in JOYSTICK_CONTROL
[rosout][INFO] 2021-12-09 13:44:37,434: [/ss42/fsm_node] Node framerate_high is ON in JOYSTICK_CONTROL
[rosout][INFO] 2021-12-09 13:44:37,437: [/ss42/fsm_node] Node decoder_node is ON in JOYSTICK_CONTROL
[rosout][INFO] 2021-12-09 13:44:37,442: [/ss42/fsm_node] Node stop_line_filter_node is ON in JOYSTICK_CONTROL
[rosout][INFO] 2021-12-09 13:44:37,448: [/ss42/fsm_node] Node lane_filter_node is ON in JOYSTICK_CONTROL
[rosout][INFO] 2021-12-09 13:44:37,450: [/ss42/fsm_node] Node led_detector_node is OFF in JOYSTICK_CONTROL
[rosout][INFO] 2021-12-09 13:44:37,453: [/ss42/fsm_node] Node static_object_detector_node is OFF in JOYSTICK_CONTROL
[rosout][INFO] 2021-12-09 13:44:37,455: [/ss42/fsm_node] Node led_emitter_node is OFF in JOYSTICK_CONTROL
[rosout][INFO] 2021-12-09 13:44:37,457: [/ss42/fsm_node] Node line_detector_node is ON in JOYSTICK_CONTROL
[rosout][INFO] 2021-12-09 13:44:37,460: [/ss42/fsm_node] Node apriltag_node is ON in JOYSTICK_CONTROL
[rosout][INFO] 2021-12-09 13:44:37,462: [/ss42/fsm_node] FSMState: JOYSTICK_CONTROL
[rosout][INFO] 2021-12-09 13:44:37,466: [/ss42/fsm_node] Event: parallel_autonomy_on
[rosout][INFO] 2021-12-09 13:44:37,468: [/ss42/fsm_node] Node vehicle_detector_node is ON in PARALLEL_AUTONOMY
[rosout][INFO] 2021-12-09 13:44:37,470: [/ss42/fsm_node] Node framerate_high is OFF in PARALLEL_AUTONOMY
[rosout][INFO] 2021-12-09 13:44:37,473: [/ss42/fsm_node] Node decoder_node is ON in PARALLEL_AUTONOMY
[rosout][INFO] 2021-12-09 13:44:37,475: [/ss42/fsm_node] Node stop_line_filter_node is ON in PARALLEL_AUTONOMY
[rosout][INFO] 2021-12-09 13:44:37,478: [/ss42/fsm_node] Node lane_filter_node is ON in PARALLEL_AUTONOMY
[rosout][INFO] 2021-12-09 13:44:37,481: [/ss42/fsm_node] Node led_detector_node is OFF in PARALLEL_AUTONOMY
[rosout][INFO] 2021-12-09 13:44:37,486: [/ss42/fsm_node] Node static_object_detector_node is ON in PARALLEL_AUTONOMY
[rosout][INFO] 2021-12-09 13:44:37,494: [/ss42/fsm_node] Node led_emitter_node is OFF in PARALLEL_AUTONOMY
[rosout][INFO] 2021-12-09 13:44:37,504: [/ss42/fsm_node] Node line_detector_node is ON in PARALLEL_AUTONOMY
[rosout][INFO] 2021-12-09 13:44:37,506: [/ss42/fsm_node] Node apriltag_node is OFF in PARALLEL_AUTONOMY
[rosout][INFO] 2021-12-09 13:44:37,510: [/ss42/fsm_node] FSMState: PARALLEL_AUTONOMY
[rosout][INFO] 2021-12-09 13:44:37,514: [/ss42/fsm_node] Event: parallel_autonomy_off
[rosout][INFO] 2021-12-09 13:44:37,516: [/ss42/fsm_node] Node vehicle_detector_node is OFF in JOYSTICK_CONTROL
[rosout][INFO] 2021-12-09 13:44:37,520: [/ss42/fsm_node] Node framerate_high is ON in JOYSTICK_CONTROL
[rosout][INFO] 2021-12-09 13:44:37,524: [/ss42/fsm_node] Node decoder_node is ON in JOYSTICK_CONTROL
[rosout][INFO] 2021-12-09 13:44:37,528: [/ss42/fsm_node] Node stop_line_filter_node is ON in JOYSTICK_CONTROL
[rosout][INFO] 2021-12-09 13:44:37,532: [/ss42/fsm_node] Node lane_filter_node is ON in JOYSTICK_CONTROL
[rosout][INFO] 2021-12-09 13:44:37,537: [/ss42/fsm_node] Node led_detector_node is OFF in JOYSTICK_CONTROL
[rosout][INFO] 2021-12-09 13:44:37,541: [/ss42/fsm_node] Node static_object_detector_node is OFF in JOYSTICK_CONTROL
[rosout][INFO] 2021-12-09 13:44:37,544: [/ss42/fsm_node] Node led_emitter_node is OFF in JOYSTICK_CONTROL
[rosout][INFO] 2021-12-09 13:44:37,547: [/ss42/fsm_node] Node line_detector_node is ON in JOYSTICK_CONTROL
[rosout][INFO] 2021-12-09 13:44:37,550: [/ss42/fsm_node] Node apriltag_node is ON in JOYSTICK_CONTROL
[rosout][INFO] 2021-12-09 13:44:37,553: [/ss42/fsm_node] FSMState: JOYSTICK_CONTROL
[rosout][INFO] 2021-12-09 13:44:37,557: [/ss42/fsm_node] Event: parallel_autonomy_on
[rosout][INFO] 2021-12-09 13:44:37,559: [/ss42/fsm_node] Node vehicle_detector_node is ON in PARALLEL_AUTONOMY
[rosout][INFO] 2021-12-09 13:44:37,561: [/ss42/fsm_node] Node framerate_high is OFF in PARALLEL_AUTONOMY
[rosout][INFO] 2021-12-09 13:44:37,564: [/ss42/fsm_node] Node decoder_node is ON in PARALLEL_AUTONOMY
[rosout][INFO] 2021-12-09 13:44:37,567: [/ss42/fsm_node] Node stop_line_filter_node is ON in PARALLEL_AUTONOMY
[rosout][INFO] 2021-12-09 13:44:37,570: [/ss42/fsm_node] Node lane_filter_node is ON in PARALLEL_AUTONOMY
[rosout][INFO] 2021-12-09 13:44:37,572: [/ss42/fsm_node] Node led_detector_node is OFF in PARALLEL_AUTONOMY
[rosout][INFO] 2021-12-09 13:44:37,575: [/ss42/fsm_node] Node static_object_detector_node is ON in PARALLEL_AUTONOMY
[rosout][INFO] 2021-12-09 13:44:37,578: [/ss42/fsm_node] Node led_emitter_node is OFF in PARALLEL_AUTONOMY
[rosout][INFO] 2021-12-09 13:44:37,580: [/ss42/fsm_node] Node line_detector_node is ON in PARALLEL_AUTONOMY
[rosout][INFO] 2021-12-09 13:44:37,586: [/ss42/fsm_node] Node apriltag_node is OFF in PARALLEL_AUTONOMY
[rosout][INFO] 2021-12-09 13:44:37,589: [/ss42/fsm_node] FSMState: PARALLEL_AUTONOMY
[rosout][INFO] 2021-12-09 13:44:38,089: [/ss42/fsm_node] Event: parallel_autonomy_off
[rosout][INFO] 2021-12-09 13:44:38,092: [/ss42/fsm_node] Node vehicle_detector_node is OFF in JOYSTICK_CONTROL
[rosout][INFO] 2021-12-09 13:44:38,097: [/ss42/fsm_node] Node framerate_high is ON in JOYSTICK_CONTROL
[rosout][INFO] 2021-12-09 13:44:38,101: [/ss42/fsm_node] Node decoder_node is ON in JOYSTICK_CONTROL
[rosout][INFO] 2021-12-09 13:44:38,105: [/ss42/fsm_node] Node stop_line_filter_node is ON in JOYSTICK_CONTROL
[rosout][INFO] 2021-12-09 13:44:38,110: [/ss42/fsm_node] Node lane_filter_node is ON in JOYSTICK_CONTROL
[rosout][INFO] 2021-12-09 13:44:38,114: [/ss42/fsm_node] Node led_detector_node is OFF in JOYSTICK_CONTROL
[rosout][INFO] 2021-12-09 13:44:38,118: [/ss42/fsm_node] Node static_object_detector_node is OFF in JOYSTICK_CONTROL
[rosout][INFO] 2021-12-09 13:44:38,122: [/ss42/fsm_node] Node led_emitter_node is OFF in JOYSTICK_CONTROL
[rosout][INFO] 2021-12-09 13:44:38,126: [/ss42/fsm_node] Node line_detector_node is ON in JOYSTICK_CONTROL
[rosout][INFO] 2021-12-09 13:44:38,132: [/ss42/fsm_node] Node apriltag_node is ON in JOYSTICK_CONTROL
[rosout][INFO] 2021-12-09 13:44:38,140: [/ss42/fsm_node] FSMState: JOYSTICK_CONTROL
[rosout][INFO] 2021-12-09 13:44:38,536: [/ss42/fsm_node] Event: parallel_autonomy_on
[rosout][INFO] 2021-12-09 13:44:38,544: [/ss42/fsm_node] Node vehicle_detector_node is ON in PARALLEL_AUTONOMY
[rosout][INFO] 2021-12-09 13:44:38,569: [/ss42/fsm_node] Node framerate_high is OFF in PARALLEL_AUTONOMY
[rosout][INFO] 2021-12-09 13:44:38,575: [/ss42/fsm_node] Node decoder_node is ON in PARALLEL_AUTONOMY
[rosout][INFO] 2021-12-09 13:44:38,591: [/ss42/fsm_node] Node stop_line_filter_node is ON in PARALLEL_AUTONOMY
[rosout][INFO] 2021-12-09 13:44:38,601: [/ss42/fsm_node] Node lane_filter_node is ON in PARALLEL_AUTONOMY
[rosout][INFO] 2021-12-09 13:44:38,607: [/ss42/fsm_node] Node led_detector_node is OFF in PARALLEL_AUTONOMY
[rosout][INFO] 2021-12-09 13:44:38,611: [/ss42/fsm_node] Node static_object_detector_node is ON in PARALLEL_AUTONOMY
[rosout][INFO] 2021-12-09 13:44:38,617: [/ss42/fsm_node] Node led_emitter_node is OFF in PARALLEL_AUTONOMY
[rosout][INFO] 2021-12-09 13:44:38,621: [/ss42/fsm_node] Node line_detector_node is ON in PARALLEL_AUTONOMY
[rosout][INFO] 2021-12-09 13:44:38,626: [/ss42/fsm_node] Node apriltag_node is OFF in PARALLEL_AUTONOMY
[rosout][INFO] 2021-12-09 13:44:38,631: [/ss42/fsm_node] FSMState: PARALLEL_AUTONOMY
[rosout][INFO] 2021-12-09 13:44:39,261: [/ss42/fsm_node] Event: parallel_autonomy_off
[rosout][INFO] 2021-12-09 13:44:39,265: [/ss42/fsm_node] Node vehicle_detector_node is OFF in JOYSTICK_CONTROL
[rosout][INFO] 2021-12-09 13:44:39,268: [/ss42/fsm_node] Node framerate_high is ON in JOYSTICK_CONTROL
[rosout][INFO] 2021-12-09 13:44:39,272: [/ss42/fsm_node] Node decoder_node is ON in JOYSTICK_CONTROL
[rosout][INFO] 2021-12-09 13:44:39,275: [/ss42/fsm_node] Node stop_line_filter_node is ON in JOYSTICK_CONTROL
[rosout][INFO] 2021-12-09 13:44:39,281: [/ss42/fsm_node] Node lane_filter_node is ON in JOYSTICK_CONTROL
[rosout][INFO] 2021-12-09 13:44:39,285: [/ss42/fsm_node] Node led_detector_node is OFF in JOYSTICK_CONTROL
[rosout][INFO] 2021-12-09 13:44:39,289: [/ss42/fsm_node] Node static_object_detector_node is OFF in JOYSTICK_CONTROL
[rosout][INFO] 2021-12-09 13:44:39,300: [/ss42/fsm_node] Node led_emitter_node is OFF in JOYSTICK_CONTROL
[rosout][INFO] 2021-12-09 13:44:39,306: [/ss42/fsm_node] Node line_detector_node is ON in JOYSTICK_CONTROL
[rosout][INFO] 2021-12-09 13:44:39,315: [/ss42/fsm_node] Node apriltag_node is ON in JOYSTICK_CONTROL
[rosout][INFO] 2021-12-09 13:44:39,321: [/ss42/fsm_node] FSMState: JOYSTICK_CONTROL
[rosout][INFO] 2021-12-09 13:44:42,950: [/ss42/fsm_node] Event: parallel_autonomy_on
[rosout][INFO] 2021-12-09 13:44:42,955: [/ss42/fsm_node] Node vehicle_detector_node is ON in PARALLEL_AUTONOMY
[rosout][INFO] 2021-12-09 13:44:42,961: [/ss42/fsm_node] Node framerate_high is OFF in PARALLEL_AUTONOMY
[rosout][INFO] 2021-12-09 13:44:42,972: [/ss42/fsm_node] Node decoder_node is ON in PARALLEL_AUTONOMY
[rosout][INFO] 2021-12-09 13:44:42,981: [/ss42/fsm_node] Node stop_line_filter_node is ON in PARALLEL_AUTONOMY
[rosout][INFO] 2021-12-09 13:44:42,988: [/ss42/fsm_node] Node lane_filter_node is ON in PARALLEL_AUTONOMY
[rosout][INFO] 2021-12-09 13:44:42,993: [/ss42/fsm_node] Node led_detector_node is OFF in PARALLEL_AUTONOMY
[rosout][INFO] 2021-12-09 13:44:43,004: [/ss42/fsm_node] Node static_object_detector_node is ON in PARALLEL_AUTONOMY
[rosout][INFO] 2021-12-09 13:44:43,015: [/ss42/fsm_node] Node led_emitter_node is OFF in PARALLEL_AUTONOMY
[rosout][INFO] 2021-12-09 13:44:43,021: [/ss42/fsm_node] Node line_detector_node is ON in PARALLEL_AUTONOMY
[rosout][INFO] 2021-12-09 13:44:43,024: [/ss42/fsm_node] Node apriltag_node is OFF in PARALLEL_AUTONOMY
[rosout][INFO] 2021-12-09 13:44:43,032: [/ss42/fsm_node] FSMState: PARALLEL_AUTONOMY
[rosout][INFO] 2021-12-09 13:44:44,891: [/ss42/fsm_node] Event: joystick_override_on
[rosout][INFO] 2021-12-09 13:44:44,894: [/ss42/fsm_node] Node vehicle_detector_node is OFF in JOYSTICK_CONTROL
[rosout][INFO] 2021-12-09 13:44:44,898: [/ss42/fsm_node] Node framerate_high is ON in JOYSTICK_CONTROL
[rosout][INFO] 2021-12-09 13:44:44,902: [/ss42/fsm_node] Node decoder_node is ON in JOYSTICK_CONTROL
[rosout][INFO] 2021-12-09 13:44:44,905: [/ss42/fsm_node] Node stop_line_filter_node is ON in JOYSTICK_CONTROL
[rosout][INFO] 2021-12-09 13:44:44,912: [/ss42/fsm_node] Node lane_filter_node is ON in JOYSTICK_CONTROL
[rosout][INFO] 2021-12-09 13:44:44,916: [/ss42/fsm_node] Node led_detector_node is OFF in JOYSTICK_CONTROL
[rosout][INFO] 2021-12-09 13:44:44,919: [/ss42/fsm_node] Node static_object_detector_node is OFF in JOYSTICK_CONTROL
[rosout][INFO] 2021-12-09 13:44:44,923: [/ss42/fsm_node] Node led_emitter_node is OFF in JOYSTICK_CONTROL
[rosout][INFO] 2021-12-09 13:44:44,926: [/ss42/fsm_node] Node line_detector_node is ON in JOYSTICK_CONTROL
[rosout][INFO] 2021-12-09 13:44:44,929: [/ss42/fsm_node] Node apriltag_node is ON in JOYSTICK_CONTROL
[rosout][INFO] 2021-12-09 13:44:44,933: [/ss42/fsm_node] FSMState: JOYSTICK_CONTROL
[rosout][INFO] 2021-12-09 13:44:48,848: [/ss42/fsm_node] Event: joystick_override_off
[rosout][INFO] 2021-12-09 13:44:48,851: [/ss42/fsm_node] Node vehicle_detector_node is OFF in LANE_FOLLOWING
[rosout][INFO] 2021-12-09 13:44:48,856: [/ss42/fsm_node] Node framerate_high is OFF in LANE_FOLLOWING
[rosout][INFO] 2021-12-09 13:44:48,860: [/ss42/fsm_node] Node decoder_node is OFF in LANE_FOLLOWING
[rosout][INFO] 2021-12-09 13:44:48,864: [/ss42/fsm_node] Node stop_line_filter_node is ON in LANE_FOLLOWING
[rosout][INFO] 2021-12-09 13:44:48,869: [/ss42/fsm_node] Node lane_filter_node is ON in LANE_FOLLOWING
[rosout][INFO] 2021-12-09 13:44:48,878: [/ss42/fsm_node] Node led_detector_node is OFF in LANE_FOLLOWING
[rosout][INFO] 2021-12-09 13:44:48,881: [/ss42/fsm_node] Node static_object_detector_node is OFF in LANE_FOLLOWING
[rosout][INFO] 2021-12-09 13:44:48,886: [/ss42/fsm_node] Node led_emitter_node is OFF in LANE_FOLLOWING
[rosout][INFO] 2021-12-09 13:44:48,889: [/ss42/fsm_node] Node line_detector_node is ON in LANE_FOLLOWING
[rosout][INFO] 2021-12-09 13:44:48,892: [/ss42/fsm_node] Node apriltag_node is OFF in LANE_FOLLOWING
[rosout][INFO] 2021-12-09 13:44:48,896: [/ss42/fsm_node] FSMState: LANE_FOLLOWING
[rosout][INFO] 2021-12-09 13:45:00,658: [/ss42/fsm_node] Event: joystick_override_on
[rosout][INFO] 2021-12-09 13:45:00,662: [/ss42/fsm_node] Node vehicle_detector_node is OFF in JOYSTICK_CONTROL
[rosout][INFO] 2021-12-09 13:45:00,665: [/ss42/fsm_node] Node framerate_high is ON in JOYSTICK_CONTROL
[rosout][INFO] 2021-12-09 13:45:00,679: [/ss42/fsm_node] Node decoder_node is ON in JOYSTICK_CONTROL
[rosout][INFO] 2021-12-09 13:45:00,685: [/ss42/fsm_node] Node stop_line_filter_node is ON in JOYSTICK_CONTROL
[rosout][INFO] 2021-12-09 13:45:00,691: [/ss42/fsm_node] Node lane_filter_node is ON in JOYSTICK_CONTROL
[rosout][INFO] 2021-12-09 13:45:00,696: [/ss42/fsm_node] Node led_detector_node is OFF in JOYSTICK_CONTROL
[rosout][INFO] 2021-12-09 13:45:00,701: [/ss42/fsm_node] Node static_object_detector_node is OFF in JOYSTICK_CONTROL
[rosout][INFO] 2021-12-09 13:45:00,707: [/ss42/fsm_node] Node led_emitter_node is OFF in JOYSTICK_CONTROL
[rosout][INFO] 2021-12-09 13:45:00,716: [/ss42/fsm_node] Node line_detector_node is ON in JOYSTICK_CONTROL
[rosout][INFO] 2021-12-09 13:45:00,719: [/ss42/fsm_node] Node apriltag_node is ON in JOYSTICK_CONTROL
[rosout][INFO] 2021-12-09 13:45:00,729: [/ss42/fsm_node] FSMState: JOYSTICK_CONTROL
[rosout][INFO] 2021-12-09 13:45:28,247: [/ss42/fsm_node] Event: joystick_override_off
[rosout][INFO] 2021-12-09 13:45:28,249: [/ss42/fsm_node] Node vehicle_detector_node is OFF in LANE_FOLLOWING
[rosout][INFO] 2021-12-09 13:45:28,251: [/ss42/fsm_node] Node framerate_high is OFF in LANE_FOLLOWING
[rosout][INFO] 2021-12-09 13:45:28,254: [/ss42/fsm_node] Node decoder_node is OFF in LANE_FOLLOWING
[rosout][INFO] 2021-12-09 13:45:28,256: [/ss42/fsm_node] Node stop_line_filter_node is ON in LANE_FOLLOWING
[rosout][INFO] 2021-12-09 13:45:28,257: [/ss42/fsm_node] Node lane_filter_node is ON in LANE_FOLLOWING
[rosout][INFO] 2021-12-09 13:45:28,259: [/ss42/fsm_node] Node led_detector_node is OFF in LANE_FOLLOWING
[rosout][INFO] 2021-12-09 13:45:28,262: [/ss42/fsm_node] Node static_object_detector_node is OFF in LANE_FOLLOWING
[rosout][INFO] 2021-12-09 13:45:28,264: [/ss42/fsm_node] Node led_emitter_node is OFF in LANE_FOLLOWING
[rosout][INFO] 2021-12-09 13:45:28,266: [/ss42/fsm_node] Node line_detector_node is ON in LANE_FOLLOWING
[rosout][INFO] 2021-12-09 13:45:28,268: [/ss42/fsm_node] Node apriltag_node is OFF in LANE_FOLLOWING
[rosout][INFO] 2021-12-09 13:45:28,271: [/ss42/fsm_node] FSMState: LANE_FOLLOWING
[rosout][INFO] 2021-12-09 13:45:39,347: [/ss42/fsm_node] Event: joystick_override_on
[rosout][INFO] 2021-12-09 13:45:39,350: [/ss42/fsm_node] Node vehicle_detector_node is OFF in JOYSTICK_CONTROL
[rosout][INFO] 2021-12-09 13:45:39,353: [/ss42/fsm_node] Node framerate_high is ON in JOYSTICK_CONTROL
[rosout][INFO] 2021-12-09 13:45:39,356: [/ss42/fsm_node] Node decoder_node is ON in JOYSTICK_CONTROL
[rosout][INFO] 2021-12-09 13:45:39,360: [/ss42/fsm_node] Node stop_line_filter_node is ON in JOYSTICK_CONTROL
[rosout][INFO] 2021-12-09 13:45:39,363: [/ss42/fsm_node] Node lane_filter_node is ON in JOYSTICK_CONTROL
[rosout][INFO] 2021-12-09 13:45:39,367: [/ss42/fsm_node] Node led_detector_node is OFF in JOYSTICK_CONTROL
[rosout][INFO] 2021-12-09 13:45:39,370: [/ss42/fsm_node] Node static_object_detector_node is OFF in JOYSTICK_CONTROL
[rosout][INFO] 2021-12-09 13:45:39,373: [/ss42/fsm_node] Node led_emitter_node is OFF in JOYSTICK_CONTROL
[rosout][INFO] 2021-12-09 13:45:39,376: [/ss42/fsm_node] Node line_detector_node is ON in JOYSTICK_CONTROL
[rosout][INFO] 2021-12-09 13:45:39,381: [/ss42/fsm_node] Node apriltag_node is ON in JOYSTICK_CONTROL
[rosout][INFO] 2021-12-09 13:45:39,393: [/ss42/fsm_node] FSMState: JOYSTICK_CONTROL
[rosout][INFO] 2021-12-09 13:47:51,741: [/ss42/fsm_node] Event: joystick_override_off
[rosout][INFO] 2021-12-09 13:47:51,745: [/ss42/fsm_node] Node vehicle_detector_node is OFF in LANE_FOLLOWING
[rosout][INFO] 2021-12-09 13:47:51,749: [/ss42/fsm_node] Node framerate_high is OFF in LANE_FOLLOWING
[rosout][INFO] 2021-12-09 13:47:51,754: [/ss42/fsm_node] Node decoder_node is OFF in LANE_FOLLOWING
[rosout][INFO] 2021-12-09 13:47:51,758: [/ss42/fsm_node] Node stop_line_filter_node is ON in LANE_FOLLOWING
[rosout][INFO] 2021-12-09 13:47:51,762: [/ss42/fsm_node] Node lane_filter_node is ON in LANE_FOLLOWING
[rosout][INFO] 2021-12-09 13:47:51,769: [/ss42/fsm_node] Node led_detector_node is OFF in LANE_FOLLOWING
[rosout][INFO] 2021-12-09 13:47:51,773: [/ss42/fsm_node] Node static_object_detector_node is OFF in LANE_FOLLOWING
[rosout][INFO] 2021-12-09 13:47:51,777: [/ss42/fsm_node] Node led_emitter_node is OFF in LANE_FOLLOWING
[rosout][INFO] 2021-12-09 13:47:51,781: [/ss42/fsm_node] Node line_detector_node is ON in LANE_FOLLOWING
[rosout][INFO] 2021-12-09 13:47:51,787: [/ss42/fsm_node] Node apriltag_node is OFF in LANE_FOLLOWING
[rosout][INFO] 2021-12-09 13:47:51,792: [/ss42/fsm_node] FSMState: LANE_FOLLOWING
[rosout][INFO] 2021-12-09 13:48:07,169: [/ss42/fsm_node] Event: joystick_override_on
[rosout][INFO] 2021-12-09 13:48:07,172: [/ss42/fsm_node] Node vehicle_detector_node is OFF in JOYSTICK_CONTROL
[rosout][INFO] 2021-12-09 13:48:07,176: [/ss42/fsm_node] Node framerate_high is ON in JOYSTICK_CONTROL
[rosout][INFO] 2021-12-09 13:48:07,183: [/ss42/fsm_node] Node decoder_node is ON in JOYSTICK_CONTROL
[rosout][INFO] 2021-12-09 13:48:07,188: [/ss42/fsm_node] Node stop_line_filter_node is ON in JOYSTICK_CONTROL
[rosout][INFO] 2021-12-09 13:48:07,205: [/ss42/fsm_node] Node lane_filter_node is ON in JOYSTICK_CONTROL
[rosout][INFO] 2021-12-09 13:48:07,216: [/ss42/fsm_node] Node led_detector_node is OFF in JOYSTICK_CONTROL
[rosout][INFO] 2021-12-09 13:48:07,221: [/ss42/fsm_node] Node static_object_detector_node is OFF in JOYSTICK_CONTROL
[rosout][INFO] 2021-12-09 13:48:07,224: [/ss42/fsm_node] Node led_emitter_node is OFF in JOYSTICK_CONTROL
[rosout][INFO] 2021-12-09 13:48:07,229: [/ss42/fsm_node] Node line_detector_node is ON in JOYSTICK_CONTROL
[rosout][INFO] 2021-12-09 13:48:07,234: [/ss42/fsm_node] Node apriltag_node is ON in JOYSTICK_CONTROL
[rosout][INFO] 2021-12-09 13:48:07,241: [/ss42/fsm_node] FSMState: JOYSTICK_CONTROL
[rosout][INFO] 2021-12-09 13:48:43,080: [/ss42/fsm_node] Event: joystick_override_off
[rosout][INFO] 2021-12-09 13:48:43,086: [/ss42/fsm_node] Node vehicle_detector_node is OFF in LANE_FOLLOWING
[rosout][INFO] 2021-12-09 13:48:43,092: [/ss42/fsm_node] Node framerate_high is OFF in LANE_FOLLOWING
[rosout][INFO] 2021-12-09 13:48:43,102: [/ss42/fsm_node] Node decoder_node is OFF in LANE_FOLLOWING
[rosout][INFO] 2021-12-09 13:48:43,111: [/ss42/fsm_node] Node stop_line_filter_node is ON in LANE_FOLLOWING
[rosout][INFO] 2021-12-09 13:48:43,114: [/ss42/fsm_node] Node lane_filter_node is ON in LANE_FOLLOWING
[rosout][INFO] 2021-12-09 13:48:43,116: [/ss42/fsm_node] Node led_detector_node is OFF in LANE_FOLLOWING
[rosout][INFO] 2021-12-09 13:48:43,120: [/ss42/fsm_node] Node static_object_detector_node is OFF in LANE_FOLLOWING
[rosout][INFO] 2021-12-09 13:48:43,123: [/ss42/fsm_node] Node led_emitter_node is OFF in LANE_FOLLOWING
[rosout][INFO] 2021-12-09 13:48:43,126: [/ss42/fsm_node] Node line_detector_node is ON in LANE_FOLLOWING
[rosout][INFO] 2021-12-09 13:48:43,129: [/ss42/fsm_node] Node apriltag_node is OFF in LANE_FOLLOWING
[rosout][INFO] 2021-12-09 13:48:43,133: [/ss42/fsm_node] FSMState: LANE_FOLLOWING
[rosout][INFO] 2021-12-09 13:49:11,616: [/ss42/fsm_node] Event: joystick_override_on
[rosout][INFO] 2021-12-09 13:49:11,620: [/ss42/fsm_node] Node vehicle_detector_node is OFF in JOYSTICK_CONTROL
[rosout][INFO] 2021-12-09 13:49:11,623: [/ss42/fsm_node] Node framerate_high is ON in JOYSTICK_CONTROL
[rosout][INFO] 2021-12-09 13:49:11,627: [/ss42/fsm_node] Node decoder_node is ON in JOYSTICK_CONTROL
[rosout][INFO] 2021-12-09 13:49:11,630: [/ss42/fsm_node] Node stop_line_filter_node is ON in JOYSTICK_CONTROL
[rosout][INFO] 2021-12-09 13:49:11,632: [/ss42/fsm_node] Node lane_filter_node is ON in JOYSTICK_CONTROL
[rosout][INFO] 2021-12-09 13:49:11,636: [/ss42/fsm_node] Node led_detector_node is OFF in JOYSTICK_CONTROL
[rosout][INFO] 2021-12-09 13:49:11,639: [/ss42/fsm_node] Node static_object_detector_node is OFF in JOYSTICK_CONTROL
[rosout][INFO] 2021-12-09 13:49:11,642: [/ss42/fsm_node] Node led_emitter_node is OFF in JOYSTICK_CONTROL
[rosout][INFO] 2021-12-09 13:49:11,645: [/ss42/fsm_node] Node line_detector_node is ON in JOYSTICK_CONTROL
[rosout][INFO] 2021-12-09 13:49:11,649: [/ss42/fsm_node] Node apriltag_node is ON in JOYSTICK_CONTROL
[rosout][INFO] 2021-12-09 13:49:11,657: [/ss42/fsm_node] FSMState: JOYSTICK_CONTROL
[rosout][INFO] 2021-12-09 13:49:26,938: [/ss42/fsm_node] Event: joystick_override_off
[rosout][INFO] 2021-12-09 13:49:26,945: [/ss42/fsm_node] Node vehicle_detector_node is OFF in LANE_FOLLOWING
[rosout][INFO] 2021-12-09 13:49:26,959: [/ss42/fsm_node] Node framerate_high is OFF in LANE_FOLLOWING
[rosout][INFO] 2021-12-09 13:49:26,965: [/ss42/fsm_node] Node decoder_node is OFF in LANE_FOLLOWING
[rosout][INFO] 2021-12-09 13:49:26,970: [/ss42/fsm_node] Node stop_line_filter_node is ON in LANE_FOLLOWING
[rosout][INFO] 2021-12-09 13:49:26,977: [/ss42/fsm_node] Node lane_filter_node is ON in LANE_FOLLOWING
[rosout][INFO] 2021-12-09 13:49:26,981: [/ss42/fsm_node] Node led_detector_node is OFF in LANE_FOLLOWING
[rosout][INFO] 2021-12-09 13:49:26,985: [/ss42/fsm_node] Node static_object_detector_node is OFF in LANE_FOLLOWING
[rosout][INFO] 2021-12-09 13:49:26,992: [/ss42/fsm_node] Node led_emitter_node is OFF in LANE_FOLLOWING
[rosout][INFO] 2021-12-09 13:49:27,001: [/ss42/fsm_node] Node line_detector_node is ON in LANE_FOLLOWING
[rosout][INFO] 2021-12-09 13:49:27,006: [/ss42/fsm_node] Node apriltag_node is OFF in LANE_FOLLOWING
[rosout][INFO] 2021-12-09 13:49:27,010: [/ss42/fsm_node] FSMState: LANE_FOLLOWING
[rosout][INFO] 2021-12-09 13:50:12,610: [/ss42/fsm_node] Event: joystick_override_on
[rosout][INFO] 2021-12-09 13:50:12,614: [/ss42/fsm_node] Node vehicle_detector_node is OFF in JOYSTICK_CONTROL
[rosout][INFO] 2021-12-09 13:50:12,621: [/ss42/fsm_node] Node framerate_high is ON in JOYSTICK_CONTROL
[rosout][INFO] 2021-12-09 13:50:12,633: [/ss42/fsm_node] Node decoder_node is ON in JOYSTICK_CONTROL
[rosout][INFO] 2021-12-09 13:50:12,638: [/ss42/fsm_node] Node stop_line_filter_node is ON in JOYSTICK_CONTROL
[rosout][INFO] 2021-12-09 13:50:12,642: [/ss42/fsm_node] Node lane_filter_node is ON in JOYSTICK_CONTROL
[rosout][INFO] 2021-12-09 13:50:12,646: [/ss42/fsm_node] Node led_detector_node is OFF in JOYSTICK_CONTROL
[rosout][INFO] 2021-12-09 13:50:12,650: [/ss42/fsm_node] Node static_object_detector_node is OFF in JOYSTICK_CONTROL
[rosout][INFO] 2021-12-09 13:50:12,653: [/ss42/fsm_node] Node led_emitter_node is OFF in JOYSTICK_CONTROL
[rosout][INFO] 2021-12-09 13:50:12,657: [/ss42/fsm_node] Node line_detector_node is ON in JOYSTICK_CONTROL
[rosout][INFO] 2021-12-09 13:50:12,660: [/ss42/fsm_node] Node apriltag_node is ON in JOYSTICK_CONTROL
[rosout][INFO] 2021-12-09 13:50:12,665: [/ss42/fsm_node] FSMState: JOYSTICK_CONTROL
[rosout][INFO] 2021-12-09 13:50:16,790: [/ss42/fsm_node] Event: joystick_override_off
[rosout][INFO] 2021-12-09 13:50:16,793: [/ss42/fsm_node] Node vehicle_detector_node is OFF in LANE_FOLLOWING
[rosout][INFO] 2021-12-09 13:50:16,796: [/ss42/fsm_node] Node framerate_high is OFF in LANE_FOLLOWING
[rosout][INFO] 2021-12-09 13:50:16,803: [/ss42/fsm_node] Node decoder_node is OFF in LANE_FOLLOWING
[rosout][INFO] 2021-12-09 13:50:16,807: [/ss42/fsm_node] Node stop_line_filter_node is ON in LANE_FOLLOWING
[rosout][INFO] 2021-12-09 13:50:16,809: [/ss42/fsm_node] Node lane_filter_node is ON in LANE_FOLLOWING
[rosout][INFO] 2021-12-09 13:50:16,811: [/ss42/fsm_node] Node led_detector_node is OFF in LANE_FOLLOWING
[rosout][INFO] 2021-12-09 13:50:16,813: [/ss42/fsm_node] Node static_object_detector_node is OFF in LANE_FOLLOWING
[rosout][INFO] 2021-12-09 13:50:16,815: [/ss42/fsm_node] Node led_emitter_node is OFF in LANE_FOLLOWING
[rosout][INFO] 2021-12-09 13:50:16,817: [/ss42/fsm_node] Node line_detector_node is ON in LANE_FOLLOWING
[rosout][INFO] 2021-12-09 13:50:16,819: [/ss42/fsm_node] Node apriltag_node is OFF in LANE_FOLLOWING
[rosout][INFO] 2021-12-09 13:50:16,822: [/ss42/fsm_node] FSMState: LANE_FOLLOWING
[rosout][INFO] 2021-12-09 13:50:27,499: [/ss42/fsm_node] Event: joystick_override_on
[rosout][INFO] 2021-12-09 13:50:27,502: [/ss42/fsm_node] Node vehicle_detector_node is OFF in JOYSTICK_CONTROL
[rosout][INFO] 2021-12-09 13:50:27,510: [/ss42/fsm_node] Node framerate_high is ON in JOYSTICK_CONTROL
[rosout][INFO] 2021-12-09 13:50:27,515: [/ss42/fsm_node] Node decoder_node is ON in JOYSTICK_CONTROL
[rosout][INFO] 2021-12-09 13:50:27,519: [/ss42/fsm_node] Node stop_line_filter_node is ON in JOYSTICK_CONTROL
[rosout][INFO] 2021-12-09 13:50:27,522: [/ss42/fsm_node] Node lane_filter_node is ON in JOYSTICK_CONTROL
[rosout][INFO] 2021-12-09 13:50:27,526: [/ss42/fsm_node] Node led_detector_node is OFF in JOYSTICK_CONTROL
[rosout][INFO] 2021-12-09 13:50:27,530: [/ss42/fsm_node] Node static_object_detector_node is OFF in JOYSTICK_CONTROL
[rosout][INFO] 2021-12-09 13:50:27,534: [/ss42/fsm_node] Node led_emitter_node is OFF in JOYSTICK_CONTROL
[rosout][INFO] 2021-12-09 13:50:27,539: [/ss42/fsm_node] Node line_detector_node is ON in JOYSTICK_CONTROL
[rosout][INFO] 2021-12-09 13:50:27,542: [/ss42/fsm_node] Node apriltag_node is ON in JOYSTICK_CONTROL
[rosout][INFO] 2021-12-09 13:50:27,548: [/ss42/fsm_node] FSMState: JOYSTICK_CONTROL
[rosout][INFO] 2021-12-09 13:52:28,697: [/ss42/fsm_node] Event: joystick_override_off
[rosout][INFO] 2021-12-09 13:52:28,700: [/ss42/fsm_node] Node vehicle_detector_node is OFF in LANE_FOLLOWING
[rosout][INFO] 2021-12-09 13:52:28,702: [/ss42/fsm_node] Node framerate_high is OFF in LANE_FOLLOWING
[rosout][INFO] 2021-12-09 13:52:28,705: [/ss42/fsm_node] Node decoder_node is OFF in LANE_FOLLOWING
[rosout][INFO] 2021-12-09 13:52:28,707: [/ss42/fsm_node] Node stop_line_filter_node is ON in LANE_FOLLOWING
[rosout][INFO] 2021-12-09 13:52:28,710: [/ss42/fsm_node] Node lane_filter_node is ON in LANE_FOLLOWING
[rosout][INFO] 2021-12-09 13:52:28,712: [/ss42/fsm_node] Node led_detector_node is OFF in LANE_FOLLOWING
[rosout][INFO] 2021-12-09 13:52:28,714: [/ss42/fsm_node] Node static_object_detector_node is OFF in LANE_FOLLOWING
[rosout][INFO] 2021-12-09 13:52:28,719: [/ss42/fsm_node] Node led_emitter_node is OFF in LANE_FOLLOWING
[rosout][INFO] 2021-12-09 13:52:28,723: [/ss42/fsm_node] Node line_detector_node is ON in LANE_FOLLOWING
[rosout][INFO] 2021-12-09 13:52:28,725: [/ss42/fsm_node] Node apriltag_node is OFF in LANE_FOLLOWING
[rosout][INFO] 2021-12-09 13:52:28,734: [/ss42/fsm_node] FSMState: LANE_FOLLOWING
[rosout][INFO] 2021-12-09 13:55:13,901: [/ss42/fsm_node] Event: joystick_override_on
[rosout][INFO] 2021-12-09 13:55:13,908: [/ss42/fsm_node] Node vehicle_detector_node is OFF in JOYSTICK_CONTROL
[rosout][INFO] 2021-12-09 13:55:13,911: [/ss42/fsm_node] Node framerate_high is ON in JOYSTICK_CONTROL
[rosout][INFO] 2021-12-09 13:55:13,915: [/ss42/fsm_node] Node decoder_node is ON in JOYSTICK_CONTROL
[rosout][INFO] 2021-12-09 13:55:13,920: [/ss42/fsm_node] Node stop_line_filter_node is ON in JOYSTICK_CONTROL
[rosout][INFO] 2021-12-09 13:55:13,924: [/ss42/fsm_node] Node lane_filter_node is ON in JOYSTICK_CONTROL
[rosout][INFO] 2021-12-09 13:55:13,932: [/ss42/fsm_node] Node led_detector_node is OFF in JOYSTICK_CONTROL
[rosout][INFO] 2021-12-09 13:55:13,937: [/ss42/fsm_node] Node static_object_detector_node is OFF in JOYSTICK_CONTROL
[rosout][INFO] 2021-12-09 13:55:13,941: [/ss42/fsm_node] Node led_emitter_node is OFF in JOYSTICK_CONTROL
[rosout][INFO] 2021-12-09 13:55:13,950: [/ss42/fsm_node] Node line_detector_node is ON in JOYSTICK_CONTROL
[rosout][INFO] 2021-12-09 13:55:13,954: [/ss42/fsm_node] Node apriltag_node is ON in JOYSTICK_CONTROL
[rosout][INFO] 2021-12-09 13:55:13,959: [/ss42/fsm_node] FSMState: JOYSTICK_CONTROL
[rosout][INFO] 2021-12-09 13:55:31,593: [/ss42/fsm_node] Event: joystick_override_off
[rosout][INFO] 2021-12-09 13:55:31,596: [/ss42/fsm_node] Node vehicle_detector_node is OFF in LANE_FOLLOWING
[rosout][INFO] 2021-12-09 13:55:31,602: [/ss42/fsm_node] Node framerate_high is OFF in LANE_FOLLOWING
[rosout][INFO] 2021-12-09 13:55:31,605: [/ss42/fsm_node] Node decoder_node is OFF in LANE_FOLLOWING
[rosout][INFO] 2021-12-09 13:55:31,608: [/ss42/fsm_node] Node stop_line_filter_node is ON in LANE_FOLLOWING
[rosout][INFO] 2021-12-09 13:55:31,610: [/ss42/fsm_node] Node lane_filter_node is ON in LANE_FOLLOWING
[rosout][INFO] 2021-12-09 13:55:31,612: [/ss42/fsm_node] Node led_detector_node is OFF in LANE_FOLLOWING
[rosout][INFO] 2021-12-09 13:55:31,614: [/ss42/fsm_node] Node static_object_detector_node is OFF in LANE_FOLLOWING
[rosout][INFO] 2021-12-09 13:55:31,616: [/ss42/fsm_node] Node led_emitter_node is OFF in LANE_FOLLOWING
[rosout][INFO] 2021-12-09 13:55:31,618: [/ss42/fsm_node] Node line_detector_node is ON in LANE_FOLLOWING
[rosout][INFO] 2021-12-09 13:55:31,620: [/ss42/fsm_node] Node apriltag_node is OFF in LANE_FOLLOWING
[rosout][INFO] 2021-12-09 13:55:31,623: [/ss42/fsm_node] FSMState: LANE_FOLLOWING
[rosout][INFO] 2021-12-09 13:55:42,255: [/ss42/fsm_node] Event: joystick_override_on
[rosout][INFO] 2021-12-09 13:55:42,258: [/ss42/fsm_node] Node vehicle_detector_node is OFF in JOYSTICK_CONTROL
[rosout][INFO] 2021-12-09 13:55:42,260: [/ss42/fsm_node] Node framerate_high is ON in JOYSTICK_CONTROL
[rosout][INFO] 2021-12-09 13:55:42,263: [/ss42/fsm_node] Node decoder_node is ON in JOYSTICK_CONTROL
[rosout][INFO] 2021-12-09 13:55:42,268: [/ss42/fsm_node] Node stop_line_filter_node is ON in JOYSTICK_CONTROL
[rosout][INFO] 2021-12-09 13:55:42,271: [/ss42/fsm_node] Node lane_filter_node is ON in JOYSTICK_CONTROL
[rosout][INFO] 2021-12-09 13:55:42,274: [/ss42/fsm_node] Node led_detector_node is OFF in JOYSTICK_CONTROL
[rosout][INFO] 2021-12-09 13:55:42,276: [/ss42/fsm_node] Node static_object_detector_node is OFF in JOYSTICK_CONTROL
[rosout][INFO] 2021-12-09 13:55:42,279: [/ss42/fsm_node] Node led_emitter_node is OFF in JOYSTICK_CONTROL
[rosout][INFO] 2021-12-09 13:55:42,282: [/ss42/fsm_node] Node line_detector_node is ON in JOYSTICK_CONTROL
[rosout][INFO] 2021-12-09 13:55:42,285: [/ss42/fsm_node] Node apriltag_node is ON in JOYSTICK_CONTROL
[rosout][INFO] 2021-12-09 13:55:42,289: [/ss42/fsm_node] FSMState: JOYSTICK_CONTROL
[rosout][INFO] 2021-12-09 13:56:06,323: [/ss42/fsm_node] Event: joystick_override_off
[rosout][INFO] 2021-12-09 13:56:06,326: [/ss42/fsm_node] Node vehicle_detector_node is OFF in LANE_FOLLOWING
[rosout][INFO] 2021-12-09 13:56:06,329: [/ss42/fsm_node] Node framerate_high is OFF in LANE_FOLLOWING
[rosout][INFO] 2021-12-09 13:56:06,331: [/ss42/fsm_node] Node decoder_node is OFF in LANE_FOLLOWING
[rosout][INFO] 2021-12-09 13:56:06,333: [/ss42/fsm_node] Node stop_line_filter_node is ON in LANE_FOLLOWING
[rosout][INFO] 2021-12-09 13:56:06,335: [/ss42/fsm_node] Node lane_filter_node is ON in LANE_FOLLOWING
[rosout][INFO] 2021-12-09 13:56:06,338: [/ss42/fsm_node] Node led_detector_node is OFF in LANE_FOLLOWING
[rosout][INFO] 2021-12-09 13:56:06,340: [/ss42/fsm_node] Node static_object_detector_node is OFF in LANE_FOLLOWING
[rosout][INFO] 2021-12-09 13:56:06,342: [/ss42/fsm_node] Node led_emitter_node is OFF in LANE_FOLLOWING
[rosout][INFO] 2021-12-09 13:56:06,344: [/ss42/fsm_node] Node line_detector_node is ON in LANE_FOLLOWING
[rosout][INFO] 2021-12-09 13:56:06,346: [/ss42/fsm_node] Node apriltag_node is OFF in LANE_FOLLOWING
[rosout][INFO] 2021-12-09 13:56:06,352: [/ss42/fsm_node] FSMState: LANE_FOLLOWING
[rosout][INFO] 2021-12-09 13:57:34,839: [/ss42/fsm_node] Event: joystick_override_on
[rosout][INFO] 2021-12-09 13:57:34,844: [/ss42/fsm_node] Node vehicle_detector_node is OFF in JOYSTICK_CONTROL
[rosout][INFO] 2021-12-09 13:57:34,847: [/ss42/fsm_node] Node framerate_high is ON in JOYSTICK_CONTROL
[rosout][INFO] 2021-12-09 13:57:34,851: [/ss42/fsm_node] Node decoder_node is ON in JOYSTICK_CONTROL
[rosout][INFO] 2021-12-09 13:57:34,855: [/ss42/fsm_node] Node stop_line_filter_node is ON in JOYSTICK_CONTROL
[rosout][INFO] 2021-12-09 13:57:34,859: [/ss42/fsm_node] Node lane_filter_node is ON in JOYSTICK_CONTROL
[rosout][INFO] 2021-12-09 13:57:34,862: [/ss42/fsm_node] Node led_detector_node is OFF in JOYSTICK_CONTROL
[rosout][INFO] 2021-12-09 13:57:34,865: [/ss42/fsm_node] Node static_object_detector_node is OFF in JOYSTICK_CONTROL
[rosout][INFO] 2021-12-09 13:57:34,869: [/ss42/fsm_node] Node led_emitter_node is OFF in JOYSTICK_CONTROL
[rosout][INFO] 2021-12-09 13:57:34,873: [/ss42/fsm_node] Node line_detector_node is ON in JOYSTICK_CONTROL
[rosout][INFO] 2021-12-09 13:57:34,876: [/ss42/fsm_node] Node apriltag_node is ON in JOYSTICK_CONTROL
[rosout][INFO] 2021-12-09 13:57:34,888: [/ss42/fsm_node] FSMState: JOYSTICK_CONTROL
[rosout][INFO] 2021-12-09 13:58:42,730: [/ss42/fsm_node] Event: joystick_override_off
[rosout][INFO] 2021-12-09 13:58:42,733: [/ss42/fsm_node] Node vehicle_detector_node is OFF in LANE_FOLLOWING
[rosout][INFO] 2021-12-09 13:58:42,736: [/ss42/fsm_node] Node framerate_high is OFF in LANE_FOLLOWING
[rosout][INFO] 2021-12-09 13:58:42,740: [/ss42/fsm_node] Node decoder_node is OFF in LANE_FOLLOWING
[rosout][INFO] 2021-12-09 13:58:42,743: [/ss42/fsm_node] Node stop_line_filter_node is ON in LANE_FOLLOWING
[rosout][INFO] 2021-12-09 13:58:42,747: [/ss42/fsm_node] Node lane_filter_node is ON in LANE_FOLLOWING
[rosout][INFO] 2021-12-09 13:58:42,751: [/ss42/fsm_node] Node led_detector_node is OFF in LANE_FOLLOWING
[rosout][INFO] 2021-12-09 13:58:42,755: [/ss42/fsm_node] Node static_object_detector_node is OFF in LANE_FOLLOWING
[rosout][INFO] 2021-12-09 13:58:42,760: [/ss42/fsm_node] Node led_emitter_node is OFF in LANE_FOLLOWING
[rosout][INFO] 2021-12-09 13:58:42,765: [/ss42/fsm_node] Node line_detector_node is ON in LANE_FOLLOWING
[rosout][INFO] 2021-12-09 13:58:42,769: [/ss42/fsm_node] Node apriltag_node is OFF in LANE_FOLLOWING
[rosout][INFO] 2021-12-09 13:58:42,773: [/ss42/fsm_node] FSMState: LANE_FOLLOWING
[rosout][INFO] 2021-12-09 13:59:48,449: [/ss42/fsm_node] Event: joystick_override_on
[rosout][INFO] 2021-12-09 13:59:48,457: [/ss42/fsm_node] Node vehicle_detector_node is OFF in JOYSTICK_CONTROL
[rosout][INFO] 2021-12-09 13:59:48,461: [/ss42/fsm_node] Node framerate_high is ON in JOYSTICK_CONTROL
[rosout][INFO] 2021-12-09 13:59:48,466: [/ss42/fsm_node] Node decoder_node is ON in JOYSTICK_CONTROL
[rosout][INFO] 2021-12-09 13:59:48,470: [/ss42/fsm_node] Node stop_line_filter_node is ON in JOYSTICK_CONTROL
[rosout][INFO] 2021-12-09 13:59:48,474: [/ss42/fsm_node] Node lane_filter_node is ON in JOYSTICK_CONTROL
[rosout][INFO] 2021-12-09 13:59:48,478: [/ss42/fsm_node] Node led_detector_node is OFF in JOYSTICK_CONTROL
[rosout][INFO] 2021-12-09 13:59:48,486: [/ss42/fsm_node] Node static_object_detector_node is OFF in JOYSTICK_CONTROL
[rosout][INFO] 2021-12-09 13:59:48,489: [/ss42/fsm_node] Node led_emitter_node is OFF in JOYSTICK_CONTROL
[rosout][INFO] 2021-12-09 13:59:48,492: [/ss42/fsm_node] Node line_detector_node is ON in JOYSTICK_CONTROL
[rosout][INFO] 2021-12-09 13:59:48,496: [/ss42/fsm_node] Node apriltag_node is ON in JOYSTICK_CONTROL
[rosout][INFO] 2021-12-09 13:59:48,499: [/ss42/fsm_node] FSMState: JOYSTICK_CONTROL
[rosout][INFO] 2021-12-09 14:00:11,659: [/ss42/fsm_node] Event: joystick_override_off
[rosout][INFO] 2021-12-09 14:00:11,662: [/ss42/fsm_node] Node vehicle_detector_node is OFF in LANE_FOLLOWING
[rosout][INFO] 2021-12-09 14:00:11,665: [/ss42/fsm_node] Node framerate_high is OFF in LANE_FOLLOWING
[rosout][INFO] 2021-12-09 14:00:11,668: [/ss42/fsm_node] Node decoder_node is OFF in LANE_FOLLOWING
[rosout][INFO] 2021-12-09 14:00:11,676: [/ss42/fsm_node] Node stop_line_filter_node is ON in LANE_FOLLOWING
[rosout][INFO] 2021-12-09 14:00:11,681: [/ss42/fsm_node] Node lane_filter_node is ON in LANE_FOLLOWING
[rosout][INFO] 2021-12-09 14:00:11,685: [/ss42/fsm_node] Node led_detector_node is OFF in LANE_FOLLOWING
[rosout][INFO] 2021-12-09 14:00:11,688: [/ss42/fsm_node] Node static_object_detector_node is OFF in LANE_FOLLOWING
[rosout][INFO] 2021-12-09 14:00:11,691: [/ss42/fsm_node] Node led_emitter_node is OFF in LANE_FOLLOWING
[rosout][INFO] 2021-12-09 14:00:11,695: [/ss42/fsm_node] Node line_detector_node is ON in LANE_FOLLOWING
[rosout][INFO] 2021-12-09 14:00:11,699: [/ss42/fsm_node] Node apriltag_node is OFF in LANE_FOLLOWING
[rosout][INFO] 2021-12-09 14:00:11,702: [/ss42/fsm_node] FSMState: LANE_FOLLOWING
[rosout][INFO] 2021-12-09 14:01:07,368: [/ss42/fsm_node] Event: joystick_override_on
[rosout][INFO] 2021-12-09 14:01:07,372: [/ss42/fsm_node] Node vehicle_detector_node is OFF in JOYSTICK_CONTROL
[rosout][INFO] 2021-12-09 14:01:07,379: [/ss42/fsm_node] Node framerate_high is ON in JOYSTICK_CONTROL
[rosout][INFO] 2021-12-09 14:01:07,386: [/ss42/fsm_node] Node decoder_node is ON in JOYSTICK_CONTROL
[rosout][INFO] 2021-12-09 14:01:07,391: [/ss42/fsm_node] Node stop_line_filter_node is ON in JOYSTICK_CONTROL
[rosout][INFO] 2021-12-09 14:01:07,397: [/ss42/fsm_node] Node lane_filter_node is ON in JOYSTICK_CONTROL
[rosout][INFO] 2021-12-09 14:01:07,401: [/ss42/fsm_node] Node led_detector_node is OFF in JOYSTICK_CONTROL
[rosout][INFO] 2021-12-09 14:01:07,405: [/ss42/fsm_node] Node static_object_detector_node is OFF in JOYSTICK_CONTROL
[rosout][INFO] 2021-12-09 14:01:07,409: [/ss42/fsm_node] Node led_emitter_node is OFF in JOYSTICK_CONTROL
[rosout][INFO] 2021-12-09 14:01:07,413: [/ss42/fsm_node] Node line_detector_node is ON in JOYSTICK_CONTROL
[rosout][INFO] 2021-12-09 14:01:07,416: [/ss42/fsm_node] Node apriltag_node is ON in JOYSTICK_CONTROL
[rosout][INFO] 2021-12-09 14:01:07,427: [/ss42/fsm_node] FSMState: JOYSTICK_CONTROL
[rosout][INFO] 2021-12-09 14:01:42,790: [/ss42/fsm_node] Event: joystick_override_off
[rosout][INFO] 2021-12-09 14:01:42,792: [/ss42/fsm_node] Node vehicle_detector_node is OFF in LANE_FOLLOWING
[rosout][INFO] 2021-12-09 14:01:42,795: [/ss42/fsm_node] Node framerate_high is OFF in LANE_FOLLOWING
[rosout][INFO] 2021-12-09 14:01:42,801: [/ss42/fsm_node] Node decoder_node is OFF in LANE_FOLLOWING
[rosout][INFO] 2021-12-09 14:01:42,803: [/ss42/fsm_node] Node stop_line_filter_node is ON in LANE_FOLLOWING
[rosout][INFO] 2021-12-09 14:01:42,805: [/ss42/fsm_node] Node lane_filter_node is ON in LANE_FOLLOWING
[rosout][INFO] 2021-12-09 14:01:42,807: [/ss42/fsm_node] Node led_detector_node is OFF in LANE_FOLLOWING
[rosout][INFO] 2021-12-09 14:01:42,809: [/ss42/fsm_node] Node static_object_detector_node is OFF in LANE_FOLLOWING
[rosout][INFO] 2021-12-09 14:01:42,811: [/ss42/fsm_node] Node led_emitter_node is OFF in LANE_FOLLOWING
[rosout][INFO] 2021-12-09 14:01:42,812: [/ss42/fsm_node] Node line_detector_node is ON in LANE_FOLLOWING
[rosout][INFO] 2021-12-09 14:01:42,815: [/ss42/fsm_node] Node apriltag_node is OFF in LANE_FOLLOWING
[rosout][INFO] 2021-12-09 14:01:42,819: [/ss42/fsm_node] FSMState: LANE_FOLLOWING
[rosout][INFO] 2021-12-09 14:01:48,963: [/ss42/fsm_node] Event: joystick_override_on
[rosout][INFO] 2021-12-09 14:01:48,967: [/ss42/fsm_node] Node vehicle_detector_node is OFF in JOYSTICK_CONTROL
[rosout][INFO] 2021-12-09 14:01:48,970: [/ss42/fsm_node] Node framerate_high is ON in JOYSTICK_CONTROL
[rosout][INFO] 2021-12-09 14:01:48,975: [/ss42/fsm_node] Node decoder_node is ON in JOYSTICK_CONTROL
[rosout][INFO] 2021-12-09 14:01:48,978: [/ss42/fsm_node] Node stop_line_filter_node is ON in JOYSTICK_CONTROL
[rosout][INFO] 2021-12-09 14:01:48,982: [/ss42/fsm_node] Node lane_filter_node is ON in JOYSTICK_CONTROL
[rosout][INFO] 2021-12-09 14:01:48,987: [/ss42/fsm_node] Node led_detector_node is OFF in JOYSTICK_CONTROL
[rosout][INFO] 2021-12-09 14:01:48,991: [/ss42/fsm_node] Node static_object_detector_node is OFF in JOYSTICK_CONTROL
[rosout][INFO] 2021-12-09 14:01:48,995: [/ss42/fsm_node] Node led_emitter_node is OFF in JOYSTICK_CONTROL
[rosout][INFO] 2021-12-09 14:01:49,006: [/ss42/fsm_node] Node line_detector_node is ON in JOYSTICK_CONTROL
[rosout][INFO] 2021-12-09 14:01:49,011: [/ss42/fsm_node] Node apriltag_node is ON in JOYSTICK_CONTROL
[rosout][INFO] 2021-12-09 14:01:49,016: [/ss42/fsm_node] FSMState: JOYSTICK_CONTROL
[rosout][INFO] 2021-12-09 14:01:51,601: [/ss42/fsm_node] Event: joystick_override_off
[rosout][INFO] 2021-12-09 14:01:51,605: [/ss42/fsm_node] Node vehicle_detector_node is OFF in LANE_FOLLOWING
[rosout][INFO] 2021-12-09 14:01:51,609: [/ss42/fsm_node] Node framerate_high is OFF in LANE_FOLLOWING
[rosout][INFO] 2021-12-09 14:01:51,614: [/ss42/fsm_node] Node decoder_node is OFF in LANE_FOLLOWING
[rosout][INFO] 2021-12-09 14:01:51,620: [/ss42/fsm_node] Node stop_line_filter_node is ON in LANE_FOLLOWING
[rosout][INFO] 2021-12-09 14:01:51,628: [/ss42/fsm_node] Node lane_filter_node is ON in LANE_FOLLOWING
[rosout][INFO] 2021-12-09 14:01:51,635: [/ss42/fsm_node] Node led_detector_node is OFF in LANE_FOLLOWING
[rosout][INFO] 2021-12-09 14:01:51,638: [/ss42/fsm_node] Node static_object_detector_node is OFF in LANE_FOLLOWING
[rosout][INFO] 2021-12-09 14:01:51,642: [/ss42/fsm_node] Node led_emitter_node is OFF in LANE_FOLLOWING
[rosout][INFO] 2021-12-09 14:01:51,647: [/ss42/fsm_node] Node line_detector_node is ON in LANE_FOLLOWING
[rosout][INFO] 2021-12-09 14:01:51,651: [/ss42/fsm_node] Node apriltag_node is OFF in LANE_FOLLOWING
[rosout][INFO] 2021-12-09 14:01:51,663: [/ss42/fsm_node] FSMState: LANE_FOLLOWING
[rosout][INFO] 2021-12-09 14:03:12,985: [/ss42/fsm_node] Event: joystick_override_on
[rosout][INFO] 2021-12-09 14:03:12,988: [/ss42/fsm_node] Node vehicle_detector_node is OFF in JOYSTICK_CONTROL
[rosout][INFO] 2021-12-09 14:03:12,991: [/ss42/fsm_node] Node framerate_high is ON in JOYSTICK_CONTROL
[rosout][INFO] 2021-12-09 14:03:12,994: [/ss42/fsm_node] Node decoder_node is ON in JOYSTICK_CONTROL
[rosout][INFO] 2021-12-09 14:03:12,997: [/ss42/fsm_node] Node stop_line_filter_node is ON in JOYSTICK_CONTROL
[rosout][INFO] 2021-12-09 14:03:13,001: [/ss42/fsm_node] Node lane_filter_node is ON in JOYSTICK_CONTROL
[rosout][INFO] 2021-12-09 14:03:13,009: [/ss42/fsm_node] Node led_detector_node is OFF in JOYSTICK_CONTROL
[rosout][INFO] 2021-12-09 14:03:13,012: [/ss42/fsm_node] Node static_object_detector_node is OFF in JOYSTICK_CONTROL
[rosout][INFO] 2021-12-09 14:03:13,016: [/ss42/fsm_node] Node led_emitter_node is OFF in JOYSTICK_CONTROL
[rosout][INFO] 2021-12-09 14:03:13,019: [/ss42/fsm_node] Node line_detector_node is ON in JOYSTICK_CONTROL
[rosout][INFO] 2021-12-09 14:03:13,023: [/ss42/fsm_node] Node apriltag_node is ON in JOYSTICK_CONTROL
[rosout][INFO] 2021-12-09 14:03:13,036: [/ss42/fsm_node] FSMState: JOYSTICK_CONTROL
[rosout][INFO] 2021-12-09 14:03:51,578: [/ss42/fsm_node] Event: joystick_override_off
[rosout][INFO] 2021-12-09 14:03:51,580: [/ss42/fsm_node] Node vehicle_detector_node is OFF in LANE_FOLLOWING
[rosout][INFO] 2021-12-09 14:03:51,582: [/ss42/fsm_node] Node framerate_high is OFF in LANE_FOLLOWING
[rosout][INFO] 2021-12-09 14:03:51,586: [/ss42/fsm_node] Node decoder_node is OFF in LANE_FOLLOWING
[rosout][INFO] 2021-12-09 14:03:51,593: [/ss42/fsm_node] Node stop_line_filter_node is ON in LANE_FOLLOWING
[rosout][INFO] 2021-12-09 14:03:51,598: [/ss42/fsm_node] Node lane_filter_node is ON in LANE_FOLLOWING
[rosout][INFO] 2021-12-09 14:03:51,600: [/ss42/fsm_node] Node led_detector_node is OFF in LANE_FOLLOWING
[rosout][INFO] 2021-12-09 14:03:51,609: [/ss42/fsm_node] Node static_object_detector_node is OFF in LANE_FOLLOWING
[rosout][INFO] 2021-12-09 14:03:51,612: [/ss42/fsm_node] Node led_emitter_node is OFF in LANE_FOLLOWING
[rosout][INFO] 2021-12-09 14:03:51,614: [/ss42/fsm_node] Node line_detector_node is ON in LANE_FOLLOWING
[rosout][INFO] 2021-12-09 14:03:51,616: [/ss42/fsm_node] Node apriltag_node is OFF in LANE_FOLLOWING
[rosout][INFO] 2021-12-09 14:03:51,621: [/ss42/fsm_node] FSMState: LANE_FOLLOWING
[rosout][INFO] 2021-12-09 14:04:43,893: [/ss42/fsm_node] Event: joystick_override_on
[rosout][INFO] 2021-12-09 14:04:43,896: [/ss42/fsm_node] Node vehicle_detector_node is OFF in JOYSTICK_CONTROL
[rosout][INFO] 2021-12-09 14:04:43,904: [/ss42/fsm_node] Node framerate_high is ON in JOYSTICK_CONTROL
[rosout][INFO] 2021-12-09 14:04:43,910: [/ss42/fsm_node] Node decoder_node is ON in JOYSTICK_CONTROL
[rosout][INFO] 2021-12-09 14:04:43,915: [/ss42/fsm_node] Node stop_line_filter_node is ON in JOYSTICK_CONTROL
[rosout][INFO] 2021-12-09 14:04:43,920: [/ss42/fsm_node] Node lane_filter_node is ON in JOYSTICK_CONTROL
[rosout][INFO] 2021-12-09 14:04:43,925: [/ss42/fsm_node] Node led_detector_node is OFF in JOYSTICK_CONTROL
[rosout][INFO] 2021-12-09 14:04:43,929: [/ss42/fsm_node] Node static_object_detector_node is OFF in JOYSTICK_CONTROL
[rosout][INFO] 2021-12-09 14:04:43,934: [/ss42/fsm_node] Node led_emitter_node is OFF in JOYSTICK_CONTROL
[rosout][INFO] 2021-12-09 14:04:43,937: [/ss42/fsm_node] Node line_detector_node is ON in JOYSTICK_CONTROL
[rosout][INFO] 2021-12-09 14:04:43,941: [/ss42/fsm_node] Node apriltag_node is ON in JOYSTICK_CONTROL
[rosout][INFO] 2021-12-09 14:04:43,954: [/ss42/fsm_node] FSMState: JOYSTICK_CONTROL
[rosout][INFO] 2021-12-09 14:04:58,543: [/ss42/fsm_node] Event: joystick_override_off
[rosout][INFO] 2021-12-09 14:04:58,544: [/ss42/fsm_node] Node vehicle_detector_node is OFF in LANE_FOLLOWING
[rosout][INFO] 2021-12-09 14:04:58,546: [/ss42/fsm_node] Node framerate_high is OFF in LANE_FOLLOWING
[rosout][INFO] 2021-12-09 14:04:58,549: [/ss42/fsm_node] Node decoder_node is OFF in LANE_FOLLOWING
[rosout][INFO] 2021-12-09 14:04:58,550: [/ss42/fsm_node] Node stop_line_filter_node is ON in LANE_FOLLOWING
[rosout][INFO] 2021-12-09 14:04:58,552: [/ss42/fsm_node] Node lane_filter_node is ON in LANE_FOLLOWING
[rosout][INFO] 2021-12-09 14:04:58,554: [/ss42/fsm_node] Node led_detector_node is OFF in LANE_FOLLOWING
[rosout][INFO] 2021-12-09 14:04:58,556: [/ss42/fsm_node] Node static_object_detector_node is OFF in LANE_FOLLOWING
[rosout][INFO] 2021-12-09 14:04:58,557: [/ss42/fsm_node] Node led_emitter_node is OFF in LANE_FOLLOWING
[rosout][INFO] 2021-12-09 14:04:58,559: [/ss42/fsm_node] Node line_detector_node is ON in LANE_FOLLOWING
[rosout][INFO] 2021-12-09 14:04:58,561: [/ss42/fsm_node] Node apriltag_node is OFF in LANE_FOLLOWING
[rosout][INFO] 2021-12-09 14:04:58,564: [/ss42/fsm_node] FSMState: LANE_FOLLOWING
[rosout][INFO] 2021-12-09 14:05:26,919: [/ss42/fsm_node] Event: joystick_override_on
[rosout][INFO] 2021-12-09 14:05:26,923: [/ss42/fsm_node] Node vehicle_detector_node is OFF in JOYSTICK_CONTROL
[rosout][INFO] 2021-12-09 14:05:26,927: [/ss42/fsm_node] Node framerate_high is ON in JOYSTICK_CONTROL
[rosout][INFO] 2021-12-09 14:05:26,933: [/ss42/fsm_node] Node decoder_node is ON in JOYSTICK_CONTROL
[rosout][INFO] 2021-12-09 14:05:26,949: [/ss42/fsm_node] Node stop_line_filter_node is ON in JOYSTICK_CONTROL
[rosout][INFO] 2021-12-09 14:05:26,955: [/ss42/fsm_node] Node lane_filter_node is ON in JOYSTICK_CONTROL
[rosout][INFO] 2021-12-09 14:05:26,959: [/ss42/fsm_node] Node led_detector_node is OFF in JOYSTICK_CONTROL
[rosout][INFO] 2021-12-09 14:05:26,962: [/ss42/fsm_node] Node static_object_detector_node is OFF in JOYSTICK_CONTROL
[rosout][INFO] 2021-12-09 14:05:26,965: [/ss42/fsm_node] Node led_emitter_node is OFF in JOYSTICK_CONTROL
[rosout][INFO] 2021-12-09 14:05:26,969: [/ss42/fsm_node] Node line_detector_node is ON in JOYSTICK_CONTROL
[rosout][INFO] 2021-12-09 14:05:26,973: [/ss42/fsm_node] Node apriltag_node is ON in JOYSTICK_CONTROL
[rosout][INFO] 2021-12-09 14:05:26,977: [/ss42/fsm_node] FSMState: JOYSTICK_CONTROL
[rosout][INFO] 2021-12-09 14:05:40,846: [/ss42/fsm_node] Event: joystick_override_off
[rosout][INFO] 2021-12-09 14:05:40,848: [/ss42/fsm_node] Node vehicle_detector_node is OFF in LANE_FOLLOWING
[rosout][INFO] 2021-12-09 14:05:40,850: [/ss42/fsm_node] Node framerate_high is OFF in LANE_FOLLOWING
[rosout][INFO] 2021-12-09 14:05:40,853: [/ss42/fsm_node] Node decoder_node is OFF in LANE_FOLLOWING
[rosout][INFO] 2021-12-09 14:05:40,859: [/ss42/fsm_node] Node stop_line_filter_node is ON in LANE_FOLLOWING
[rosout][INFO] 2021-12-09 14:05:40,862: [/ss42/fsm_node] Node lane_filter_node is ON in LANE_FOLLOWING
[rosout][INFO] 2021-12-09 14:05:40,868: [/ss42/fsm_node] Node led_detector_node is OFF in LANE_FOLLOWING
[rosout][INFO] 2021-12-09 14:05:40,870: [/ss42/fsm_node] Node static_object_detector_node is OFF in LANE_FOLLOWING
[rosout][INFO] 2021-12-09 14:05:40,872: [/ss42/fsm_node] Node led_emitter_node is OFF in LANE_FOLLOWING
[rosout][INFO] 2021-12-09 14:05:40,874: [/ss42/fsm_node] Node line_detector_node is ON in LANE_FOLLOWING
[rosout][INFO] 2021-12-09 14:05:40,876: [/ss42/fsm_node] Node apriltag_node is OFF in LANE_FOLLOWING
[rosout][INFO] 2021-12-09 14:05:40,878: [/ss42/fsm_node] FSMState: LANE_FOLLOWING
[rosout][INFO] 2021-12-09 14:05:54,983: [/ss42/fsm_node] Event: joystick_override_on
[rosout][INFO] 2021-12-09 14:05:54,987: [/ss42/fsm_node] Node vehicle_detector_node is OFF in JOYSTICK_CONTROL
[rosout][INFO] 2021-12-09 14:05:54,991: [/ss42/fsm_node] Node framerate_high is ON in JOYSTICK_CONTROL
[rosout][INFO] 2021-12-09 14:05:54,998: [/ss42/fsm_node] Node decoder_node is ON in JOYSTICK_CONTROL
[rosout][INFO] 2021-12-09 14:05:55,002: [/ss42/fsm_node] Node stop_line_filter_node is ON in JOYSTICK_CONTROL
[rosout][INFO] 2021-12-09 14:05:55,006: [/ss42/fsm_node] Node lane_filter_node is ON in JOYSTICK_CONTROL
[rosout][INFO] 2021-12-09 14:05:55,011: [/ss42/fsm_node] Node led_detector_node is OFF in JOYSTICK_CONTROL
[rosout][INFO] 2021-12-09 14:05:55,016: [/ss42/fsm_node] Node static_object_detector_node is OFF in JOYSTICK_CONTROL
[rosout][INFO] 2021-12-09 14:05:55,022: [/ss42/fsm_node] Node led_emitter_node is OFF in JOYSTICK_CONTROL
[rosout][INFO] 2021-12-09 14:05:55,026: [/ss42/fsm_node] Node line_detector_node is ON in JOYSTICK_CONTROL
[rosout][INFO] 2021-12-09 14:05:55,033: [/ss42/fsm_node] Node apriltag_node is ON in JOYSTICK_CONTROL
[rosout][INFO] 2021-12-09 14:05:55,039: [/ss42/fsm_node] FSMState: JOYSTICK_CONTROL
[rosout][INFO] 2021-12-09 14:05:59,238: [/ss42/fsm_node] Event: joystick_override_off
[rosout][INFO] 2021-12-09 14:05:59,241: [/ss42/fsm_node] Node vehicle_detector_node is OFF in LANE_FOLLOWING
[rosout][INFO] 2021-12-09 14:05:59,244: [/ss42/fsm_node] Node framerate_high is OFF in LANE_FOLLOWING
[rosout][INFO] 2021-12-09 14:05:59,248: [/ss42/fsm_node] Node decoder_node is OFF in LANE_FOLLOWING
[rosout][INFO] 2021-12-09 14:05:59,267: [/ss42/fsm_node] Node stop_line_filter_node is ON in LANE_FOLLOWING
[rosout][INFO] 2021-12-09 14:05:59,270: [/ss42/fsm_node] Node lane_filter_node is ON in LANE_FOLLOWING
[rosout][INFO] 2021-12-09 14:05:59,273: [/ss42/fsm_node] Node led_detector_node is OFF in LANE_FOLLOWING
[rosout][INFO] 2021-12-09 14:05:59,277: [/ss42/fsm_node] Node static_object_detector_node is OFF in LANE_FOLLOWING
[rosout][INFO] 2021-12-09 14:05:59,280: [/ss42/fsm_node] Node led_emitter_node is OFF in LANE_FOLLOWING
[rosout][INFO] 2021-12-09 14:05:59,282: [/ss42/fsm_node] Node line_detector_node is ON in LANE_FOLLOWING
[rosout][INFO] 2021-12-09 14:05:59,285: [/ss42/fsm_node] Node apriltag_node is OFF in LANE_FOLLOWING
[rosout][INFO] 2021-12-09 14:05:59,289: [/ss42/fsm_node] FSMState: LANE_FOLLOWING
[rosout][INFO] 2021-12-09 14:06:09,204: [/ss42/fsm_node] Event: joystick_override_on
[rosout][INFO] 2021-12-09 14:06:09,208: [/ss42/fsm_node] Node vehicle_detector_node is OFF in JOYSTICK_CONTROL
[rosout][INFO] 2021-12-09 14:06:09,215: [/ss42/fsm_node] Node framerate_high is ON in JOYSTICK_CONTROL
[rosout][INFO] 2021-12-09 14:06:09,219: [/ss42/fsm_node] Node decoder_node is ON in JOYSTICK_CONTROL
[rosout][INFO] 2021-12-09 14:06:09,224: [/ss42/fsm_node] Node stop_line_filter_node is ON in JOYSTICK_CONTROL
[rosout][INFO] 2021-12-09 14:06:09,228: [/ss42/fsm_node] Node lane_filter_node is ON in JOYSTICK_CONTROL
[rosout][INFO] 2021-12-09 14:06:09,233: [/ss42/fsm_node] Node led_detector_node is OFF in JOYSTICK_CONTROL
[rosout][INFO] 2021-12-09 14:06:09,237: [/ss42/fsm_node] Node static_object_detector_node is OFF in JOYSTICK_CONTROL
[rosout][INFO] 2021-12-09 14:06:09,240: [/ss42/fsm_node] Node led_emitter_node is OFF in JOYSTICK_CONTROL
[rosout][INFO] 2021-12-09 14:06:09,243: [/ss42/fsm_node] Node line_detector_node is ON in JOYSTICK_CONTROL
[rosout][INFO] 2021-12-09 14:06:09,246: [/ss42/fsm_node] Node apriltag_node is ON in JOYSTICK_CONTROL
[rosout][INFO] 2021-12-09 14:06:09,250: [/ss42/fsm_node] FSMState: JOYSTICK_CONTROL
[rospy.internal][INFO] 2021-12-09 14:07:45,378: topic[/ss42/led_emitter_node/switch] adding connection to [/ss42/led_emitter_node], count 1
[rospy.internal][INFO] 2021-12-09 14:07:45,379: topic[/ss42/led_emitter_node/switch] removing connection to /ss42/led_emitter_node
[rospy.internal][WARNING] 2021-12-09 14:07:45,463: Unknown error initiating TCP/IP socket to ss42.local:41387 (http://ss42.local:42708/): Traceback (most recent call last):
  File "/opt/ros/kinetic/lib/python2.7/dist-packages/rospy/impl/tcpros_base.py", line 555, in connect
    self.socket.connect((dest_addr, dest_port))
  File "/usr/lib/python2.7/socket.py", line 228, in meth
    return getattr(self._sock,name)(*args)
error: [Errno 111] Connection refused

[rospy.internal][INFO] 2021-12-09 14:07:45,464: topic[/ss42/simple_coordinator_node/intersection_go] removing connection to http://ss42.local:42708/
[rospy.internal][INFO] 2021-12-09 14:07:45,578: topic[/ss42/fsm_node/mode] removing connection to /ss42/fake_coordinator_node
[rospy.internal][INFO] 2021-12-09 14:07:45,580: topic[/ss42/led_emitter_node/switch] removing connection to /ss42/led_emitter_node
[rospy.core][INFO] 2021-12-09 14:07:45,671: signal_shutdown [signal-2]
[rospy.core][INFO] 2021-12-09 14:07:45,674: signal_shutdown [atexit]
