[rospy.client][INFO] 2021-12-09 13:40:20,871: [32minit_node, name[/ss42/camera_node], pid[6263][0m
[xmlrpc][INFO] 2021-12-09 13:40:20,878: [32mXML-RPC server binding to 0.0.0.0:0[0m
[rospy.init][INFO] 2021-12-09 13:40:20,889: [32mROS Slave URI: [http://ss42.local:32823/][0m
[xmlrpc][INFO] 2021-12-09 13:40:20,889: [32mStarted XML-RPC server [http://ss42.local:32823/][0m
[rospy.impl.masterslave][INFO] 2021-12-09 13:40:20,891: [32m_ready: http://ss42.local:32823/[0m
[rospy.registration][INFO] 2021-12-09 13:40:20,918: [32mRegistering with master node http://ss42.local:11311/[0m
[xmlrpc][INFO] 2021-12-09 13:40:20,919: [32mxml rpc node: starting XML-RPC server[0m
[rospy.init][INFO] 2021-12-09 13:40:20,991: [32mregistered with master[0m
[rospy.rosout][INFO] 2021-12-09 13:40:20,992: [32minitializing /rosout core topic[0m
[rospy.rosout][INFO] 2021-12-09 13:40:21,041: [32mconnected to core topic /rosout[0m
[rospy.simtime][INFO] 2021-12-09 13:40:21,090: [32m/use_sim_time is not set, will not subscribe to simulated time [/clock] topic[0m
[rosout][INFO] 2021-12-09 13:40:21,192: [32m[/ss42/camera_node] Initializing......[0m
[rospy.internal][INFO] 2021-12-09 13:40:21,257: [32mtopic[/rosout] adding connection to [/rosout], count 0[0m
[rosout][INFO] 2021-12-09 13:40:21,283: [32m[/ss42/camera_node] ~framerate_high = 30 [0m
[rosout][INFO] 2021-12-09 13:40:21,356: [32m[/ss42/camera_node] ~framerate_low = 15 [0m
[rosout][INFO] 2021-12-09 13:40:21,430: [32m[/ss42/camera_node] ~res_w = 640 [0m
[rosout][INFO] 2021-12-09 13:40:21,512: [32m[/ss42/camera_node] ~res_h = 480 [0m
[rosout][INFO] 2021-12-09 13:40:21,973: [32m[/ss42/camera_node] Initialized.[0m
[rosout][INFO] 2021-12-09 13:40:21,979: [32m[/ss42/camera_node] Start capturing.[0m
[rospy.internal][INFO] 2021-12-09 13:40:22,005: [32mtopic[/ss42/camera_node/framerate_high_switch] adding connection to [http://ss42.local:37334/], count 0[0m
[rosout][INFO] 2021-12-09 13:40:22,079: [32m[/ss42/camera_node] Published the first image.[0m
[rospy.internal][INFO] 2021-12-09 13:40:22,082: [32mtopic[/ss42/camera_node/image/compressed] adding connection to [/ss42/cam_info_reader_node], count 0[0m
[rospy.internal][INFO] 2021-12-09 13:40:23,549: [32mtopic[/ss42/camera_node/image/compressed] adding connection to [/ss42/line_detector_node], count 1[0m
[rospy.internal][INFO] 2021-12-09 13:40:24,240: [32mtopic[/ss42/camera_node/image/compressed] adding connection to [/ss42/anti_instagram_node], count 2[0m
[rospy.internal][INFO] 2021-12-09 14:07:45,329: [32mtopic[/ss42/camera_node/image/compressed] removing connection to /ss42/anti_instagram_node[0m
[rospy.internal][WARNING] 2021-12-09 14:07:45,901: [33mUnknown error initiating TCP/IP socket to ss42.local:36900 (http://ss42.local:37334/): Traceback (most recent call last):
  File "/opt/ros/kinetic/lib/python2.7/dist-packages/rospy/impl/tcpros_base.py", line 555, in connect
    self.socket.connect((dest_addr, dest_port))
  File "/usr/lib/python2.7/socket.py", line 228, in meth
    return getattr(self._sock,name)(*args)
error: [Errno 111] Connection refused
[0m
[rospy.internal][INFO] 2021-12-09 14:07:45,902: [32mtopic[/ss42/camera_node/framerate_high_switch] removing connection to http://ss42.local:37334/[0m
[rospy.core][INFO] 2021-12-09 14:07:45,989: [32msignal_shutdown [signal-2][0m
[rospy.core][INFO] 2021-12-09 14:07:45,992: [32msignal_shutdown [atexit][0m
