[rospy.client][INFO] 2021-12-09 13:40:21,936: [32minit_node, name[/ss42/ground_projection], pid[6289][0m
[xmlrpc][INFO] 2021-12-09 13:40:21,944: [32mXML-RPC server binding to 0.0.0.0:0[0m
[rospy.init][INFO] 2021-12-09 13:40:21,946: [32mROS Slave URI: [http://ss42.local:41148/][0m
[xmlrpc][INFO] 2021-12-09 13:40:21,948: [32mStarted XML-RPC server [http://ss42.local:41148/][0m
[rospy.impl.masterslave][INFO] 2021-12-09 13:40:21,948: [32m_ready: http://ss42.local:41148/[0m
[xmlrpc][INFO] 2021-12-09 13:40:21,952: [32mxml rpc node: starting XML-RPC server[0m
[rospy.registration][INFO] 2021-12-09 13:40:21,955: [32mRegistering with master node http://ss42.local:11311/[0m
[rospy.init][INFO] 2021-12-09 13:40:22,048: [32mregistered with master[0m
[rospy.rosout][INFO] 2021-12-09 13:40:22,049: [32minitializing /rosout core topic[0m
[rospy.rosout][INFO] 2021-12-09 13:40:22,088: [32mconnected to core topic /rosout[0m
[rospy.simtime][INFO] 2021-12-09 13:40:22,098: [32m/use_sim_time is not set, will not subscribe to simulated time [/clock] topic[0m
[rosout][INFO] 2021-12-09 13:40:22,164: [32mUsing extrinsic calibration of ss42[0m
[DT][INFO] 2021-12-09 13:40:22,196: [32mLoaded homography for ss42.yaml[0m
[rospy.internal][INFO] 2021-12-09 13:40:22,322: [32mtopic[/rosout] adding connection to [/rosout], count 0[0m
[DT][INFO] 2021-12-09 13:40:22,482: [32mLoaded checkerboard parameters[0m
[rosout][INFO] 2021-12-09 13:40:22,484: [32mcamera info topic is /ss42/camera_node/camera_info[0m
[rosout][INFO] 2021-12-09 13:40:22,487: [32mwaiting for camera info[0m
[rospy.internal][INFO] 2021-12-09 13:40:22,530: [32mtopic[/ss42/camera_node/camera_info] adding connection to [http://ss42.local:37482/], count 0[0m
[rospy.internal][INFO] 2021-12-09 13:40:22,593: [32mtopic impl's ref count is zero, deleting topic /ss42/camera_node/camera_info...[0m
[rospy.internal][INFO] 2021-12-09 13:40:22,595: [32mtopic[/ss42/camera_node/camera_info] removing connection to http://ss42.local:37482/[0m
[rosout][INFO] 2021-12-09 13:40:22,603: [32mcamera info received[0m
[rospy.internal][INFO] 2021-12-09 13:40:22,729: [32mtopic[/ss42/ground_projection/lineseglist_out] adding connection to [/ss42/duckiebot_visualizer], count 0[0m
[rospy.internal][INFO] 2021-12-09 13:40:23,188: [32mtopic[/ss42/ground_projection/lineseglist_out] adding connection to [/ss42/lane_filter_node], count 1[0m
[rospy.internal][INFO] 2021-12-09 13:40:23,562: [32mtopic[/ss42/line_detector_node/segment_list] adding connection to [http://ss42.local:37804/], count 0[0m
[rospy.core][INFO] 2021-12-09 14:07:45,404: [32msignal_shutdown [signal-2][0m
[rospy.core][INFO] 2021-12-09 14:07:45,409: [32msignal_shutdown [atexit][0m
