[rospy.client][INFO] 2021-12-09 13:40:20,712: [32minit_node, name[/ss42/inverse_kinematics_node], pid[6265][0m
[xmlrpc][INFO] 2021-12-09 13:40:20,728: [32mXML-RPC server binding to 0.0.0.0:0[0m
[xmlrpc][INFO] 2021-12-09 13:40:20,729: [32mStarted XML-RPC server [http://ss42.local:39403/][0m
[rospy.impl.masterslave][INFO] 2021-12-09 13:40:20,730: [32m_ready: http://ss42.local:39403/[0m
[rospy.init][INFO] 2021-12-09 13:40:20,732: [32mROS Slave URI: [http://ss42.local:39403/][0m
[rospy.registration][INFO] 2021-12-09 13:40:20,749: [32mRegistering with master node http://ss42.local:11311/[0m
[xmlrpc][INFO] 2021-12-09 13:40:20,749: [32mxml rpc node: starting XML-RPC server[0m
[rospy.init][INFO] 2021-12-09 13:40:20,833: [32mregistered with master[0m
[rospy.rosout][INFO] 2021-12-09 13:40:20,833: [32minitializing /rosout core topic[0m
[rospy.rosout][INFO] 2021-12-09 13:40:20,855: [32mconnected to core topic /rosout[0m
[rospy.simtime][INFO] 2021-12-09 13:40:20,870: [32m/use_sim_time is not set, will not subscribe to simulated time [/clock] topic[0m
[rosout][WARNING] 2021-12-09 13:40:20,923: [33m[/ss42/inverse_kinematics_node] /home/robotikabot/duckiefleet/calibrations/kinematics/ss42.yaml does not exist. Using default.yaml.[0m
[rospy.internal][INFO] 2021-12-09 13:40:21,149: [32mtopic[/rosout] adding connection to [/rosout], count 0[0m
[rosout][INFO] 2021-12-09 13:40:21,212: [32m[/ss42/inverse_kinematics_node] ~gain = 1.0 [0m
[rosout][INFO] 2021-12-09 13:40:21,301: [32m[/ss42/inverse_kinematics_node] ~trim = 0.0 [0m
[rosout][INFO] 2021-12-09 13:40:21,359: [32m[/ss42/inverse_kinematics_node] ~baseline = 0.1 [0m
[rosout][INFO] 2021-12-09 13:40:21,458: [32m[/ss42/inverse_kinematics_node] ~radius = 0.0318 [0m
[rosout][INFO] 2021-12-09 13:40:21,524: [32m[/ss42/inverse_kinematics_node] ~k = 27.0 [0m
[rosout][INFO] 2021-12-09 13:40:21,610: [32m[/ss42/inverse_kinematics_node] ~limit = 1.0 [0m
[rosout][INFO] 2021-12-09 13:40:21,823: [32m[/ss42/inverse_kinematics_node] Initialized.[0m
[rosout][INFO] 2021-12-09 13:40:21,826: [32m[/ss42/inverse_kinematics_node] gain: 1.0 trim: 0.0 baseline: 0.1 radius: 0.0318 k: 27.0 limit: 1.0[0m
[rospy.internal][INFO] 2021-12-09 13:40:21,859: [32mtopic[/ss42/car_cmd_switch_node/cmd] adding connection to [http://ss42.local:37470/], count 0[0m
[rospy.internal][INFO] 2021-12-09 13:40:21,927: [32mtopic[/ss42/wheels_driver_node/wheels_cmd] adding connection to [/ss42/wheels_driver_node], count 0[0m
[rospy.internal][WARNING] 2021-12-09 14:07:45,806: [33mUnknown error initiating TCP/IP socket to ss42.local:42309 (http://ss42.local:37470/): Traceback (most recent call last):
  File "/opt/ros/kinetic/lib/python2.7/dist-packages/rospy/impl/tcpros_base.py", line 557, in connect
    self.read_header()
  File "/opt/ros/kinetic/lib/python2.7/dist-packages/rospy/impl/tcpros_base.py", line 650, in read_header
    self._validate_header(read_ros_handshake_header(sock, self.read_buff, self.protocol.buff_size))
  File "/opt/ros/kinetic/lib/python2.7/dist-packages/rosgraph/network.py", line 362, in read_ros_handshake_header
    d = sock.recv(buff_size)
error: [Errno 104] Connection reset by peer
[0m
[rospy.internal][INFO] 2021-12-09 14:07:45,816: [32mtopic[/ss42/car_cmd_switch_node/cmd] removing connection to http://ss42.local:37470/[0m
[rospy.core][INFO] 2021-12-09 14:07:45,930: [32msignal_shutdown [signal-2][0m
[rospy.internal][INFO] 2021-12-09 14:07:46,003: [32mtopic[/ss42/wheels_driver_node/wheels_cmd] removing connection to /ss42/wheels_driver_node[0m
[rospy.internal][INFO] 2021-12-09 14:07:46,005: [32mtopic[/rosout] removing connection to /rosout[0m
[rospy.impl.masterslave][INFO] 2021-12-09 14:07:46,009: [32msignal-2[0m
[rospy.core][INFO] 2021-12-09 14:07:46,578: [32msignal_shutdown [atexit][0m
