[rospy.client][INFO] 2021-12-06 07:37:37,830: init_node, name[/ss42/logic_gate_node], pid[2493]
[xmlrpc][INFO] 2021-12-06 07:37:37,836: XML-RPC server binding to 0.0.0.0:0
[rospy.init][INFO] 2021-12-06 07:37:37,863: ROS Slave URI: [http://ss42.local:45977/]
[xmlrpc][INFO] 2021-12-06 07:37:37,864: Started XML-RPC server [http://ss42.local:45977/]
[rospy.impl.masterslave][INFO] 2021-12-06 07:37:37,865: _ready: http://ss42.local:45977/
[xmlrpc][INFO] 2021-12-06 07:37:37,890: xml rpc node: starting XML-RPC server
[rospy.registration][INFO] 2021-12-06 07:37:37,896: Registering with master node http://ss42.local:11311/
[rospy.init][INFO] 2021-12-06 07:37:37,965: registered with master
[rospy.rosout][INFO] 2021-12-06 07:37:37,967: initializing /rosout core topic
[rospy.rosout][INFO] 2021-12-06 07:37:38,022: connected to core topic /rosout
[rospy.simtime][INFO] 2021-12-06 07:37:38,106: /use_sim_time is not set, will not subscribe to simulated time [/clock] topic
[rospy.internal][INFO] 2021-12-06 07:37:38,290: topic[/rosout] adding connection to [/rosout], count 0
[rospy.internal][INFO] 2021-12-06 07:37:38,588: topic[/ss42/logic_gate_node/intersection_done_and_parallel_autonomy] adding connection to [/ss42/fsm_node], count 0
[rospy.internal][INFO] 2021-12-06 07:37:38,615: topic[/ss42/logic_gate_node/intersection_done_and_not_parallel_autonomy] adding connection to [/ss42/fsm_node], count 0
[rospy.internal][INFO] 2021-12-06 07:37:38,756: topic[/ss42/joy_mapper_node/parallel_autonomy] adding connection to [http://ss42.local:37088/], count 0
[rospy.core][INFO] 2021-12-06 07:54:55,928: signal_shutdown [signal-2]
[rosout][INFO] 2021-12-06 07:54:55,930: [/ss42/logic_gate_node] Shutting down.
[rospy.internal][INFO] 2021-12-06 07:54:56,339: topic[/ss42/logic_gate_node/intersection_done_and_not_parallel_autonomy] removing connection to /ss42/fsm_node
[rospy.internal][INFO] 2021-12-06 07:54:56,342: topic[/rosout] removing connection to /rosout
[rospy.internal][INFO] 2021-12-06 07:54:56,345: topic[/ss42/logic_gate_node/intersection_done_and_parallel_autonomy] removing connection to /ss42/fsm_node
[rospy.internal][INFO] 2021-12-06 07:54:56,359: topic[/ss42/joy_mapper_node/parallel_autonomy] removing connection to http://ss42.local:37088/
[rospy.impl.masterslave][INFO] 2021-12-06 07:54:56,363: signal-2
[rospy.core][INFO] 2021-12-06 07:54:56,593: signal_shutdown [atexit]
