[rospy.client][INFO] 2021-12-06 07:37:50,312: [32minit_node, name[/ss42/cam_info_reader_node], pid[2471][0m
[xmlrpc][INFO] 2021-12-06 07:37:50,341: [32mXML-RPC server binding to 0.0.0.0:0[0m
[xmlrpc][INFO] 2021-12-06 07:37:50,365: [32mStarted XML-RPC server [http://ss42.local:34074/][0m
[rospy.init][INFO] 2021-12-06 07:37:50,366: [32mROS Slave URI: [http://ss42.local:34074/][0m
[rospy.impl.masterslave][INFO] 2021-12-06 07:37:50,375: [32m_ready: http://ss42.local:34074/[0m
[xmlrpc][INFO] 2021-12-06 07:37:50,392: [32mxml rpc node: starting XML-RPC server[0m
[rospy.registration][INFO] 2021-12-06 07:37:50,400: [32mRegistering with master node http://ss42.local:11311/[0m
[rospy.init][INFO] 2021-12-06 07:37:50,476: [32mregistered with master[0m
[rospy.rosout][INFO] 2021-12-06 07:37:50,478: [32minitializing /rosout core topic[0m
[rospy.rosout][INFO] 2021-12-06 07:37:50,517: [32mconnected to core topic /rosout[0m
[rospy.simtime][INFO] 2021-12-06 07:37:50,563: [32m/use_sim_time is not set, will not subscribe to simulated time [/clock] topic[0m
[rosout][INFO] 2021-12-06 07:37:50,689: [32m[/ss42/cam_info_reader_node] ~config = baseline [0m
[rosout][INFO] 2021-12-06 07:37:50,749: [32m[/ss42/cam_info_reader_node] ~cali_file_name = ss42 [0m
[rospy.internal][INFO] 2021-12-06 07:37:50,796: [32mtopic[/rosout] adding connection to [/rosout], count 0[0m
[rosout][INFO] 2021-12-06 07:37:50,822: [32m[/ss42/cam_info_reader_node] ~image_type = compressed [0m
[rosout][INFO] 2021-12-06 07:37:50,882: [32m[/ss42/cam_info_reader_node] Using calibration file: /home/robotikabot/duckiefleet/calibrations/camera_intrinsic/ss42.yaml[0m
[rosout][INFO] 2021-12-06 07:37:51,192: [32m[/ss42/cam_info_reader_node] CameraInfo: header: 
  seq: 0
  stamp: 
    secs: 0
    nsecs:         0
  frame_id: "/ss42/camera_optical_frame"
height: 480
width: 640
distortion_model: "plumb_bob"
D: [-0.28641390045488485, 0.06209789284600532, -0.0001318435562548337, 0.0031223920632866965, 0.0]
K: [341.7458993299522, 0.0, 320.3474156981522, 0.0, 333.0071183936255, 227.2769727771955, 0.0, 0.0, 1.0]
R: [1.0, 0.0, 0.0, 0.0, 1.0, 0.0, 0.0, 0.0, 1.0]
P: [239.97491455078125, 0.0, 324.3419250574734, 0.0, 0.0, 270.124755859375, 220.02747465779248, 0.0, 0.0, 0.0, 1.0, 0.0]
binning_x: 0
binning_y: 0
roi: 
  x_offset: 0
  y_offset: 0
  height: 0
  width: 0
  do_rectify: False[0m
[rosout][WARNING] 2021-12-06 07:37:51,215: [33m[/ss42/cam_info_reader_node] ==============CompressedImage[0m
[rospy.internal][INFO] 2021-12-06 07:37:53,189: [32mtopic[/ss42/camera_node/image/compressed] adding connection to [http://ss42.local:45244/], count 0[0m
[rospy.internal][INFO] 2021-12-06 07:37:54,559: [32mtopic[/ss42/camera_node/camera_info] adding connection to [/ss42/ground_projection], count 0[0m
[rospy.internal][INFO] 2021-12-06 07:37:54,635: [32mtopic[/ss42/camera_node/camera_info] removing connection to /ss42/ground_projection[0m
[rospy.core][INFO] 2021-12-06 07:54:56,862: [32msignal_shutdown [signal-2][0m
[rosout][INFO] 2021-12-06 07:54:56,864: [32m[/ss42/cam_info_reader_node] Shutdown.[0m
[rospy.internal][INFO] 2021-12-06 07:54:57,012: [32mtopic[/rosout] removing connection to /rosout[0m
[rospy.internal][INFO] 2021-12-06 07:54:57,024: [32mtopic[/ss42/camera_node/image/compressed] removing connection to http://ss42.local:45244/[0m
[rospy.impl.masterslave][INFO] 2021-12-06 07:54:57,027: [32msignal-2[0m
[rosout][ERROR] 2021-12-06 07:54:57,035: [31mbad callback: <bound method CamInfoReader.cbCompressedImage of <__main__.CamInfoReader object at 0x6ea3ce30>>
Traceback (most recent call last):
  File "/opt/ros/kinetic/lib/python2.7/dist-packages/rospy/topics.py", line 750, in _invoke_callback
    cb(msg)
  File "/home/robotikabot/duckietown/catkin_ws/src/05-teleop/pi_camera/src/cam_info_reader_node.py", line 51, in cbCompressedImage
    self.pub_camera_info.publish(self.camera_info_msg)
  File "/opt/ros/kinetic/lib/python2.7/dist-packages/rospy/topics.py", line 882, in publish
    self.impl.publish(data)
  File "/opt/ros/kinetic/lib/python2.7/dist-packages/rospy/topics.py", line 1041, in publish
    raise ROSException("publish() to a closed topic")
ROSException: publish() to a closed topic
[0m
[rospy.core][INFO] 2021-12-06 07:54:57,553: [32msignal_shutdown [atexit][0m
