[rospy.client][INFO] 2021-12-06 07:37:52,718: [32minit_node, name[/ss42/ground_projection], pid[2504][0m
[xmlrpc][INFO] 2021-12-06 07:37:52,731: [32mXML-RPC server binding to 0.0.0.0:0[0m
[xmlrpc][INFO] 2021-12-06 07:37:52,742: [32mStarted XML-RPC server [http://ss42.local:44433/][0m
[rospy.init][INFO] 2021-12-06 07:37:52,743: [32mROS Slave URI: [http://ss42.local:44433/][0m
[rospy.impl.masterslave][INFO] 2021-12-06 07:37:52,745: [32m_ready: http://ss42.local:44433/[0m
[xmlrpc][INFO] 2021-12-06 07:37:52,768: [32mxml rpc node: starting XML-RPC server[0m
[rospy.registration][INFO] 2021-12-06 07:37:52,768: [32mRegistering with master node http://ss42.local:11311/[0m
[rospy.init][INFO] 2021-12-06 07:37:52,847: [32mregistered with master[0m
[rospy.rosout][INFO] 2021-12-06 07:37:52,849: [32minitializing /rosout core topic[0m
[rospy.rosout][INFO] 2021-12-06 07:37:52,882: [32mconnected to core topic /rosout[0m
[rospy.simtime][INFO] 2021-12-06 07:37:52,916: [32m/use_sim_time is not set, will not subscribe to simulated time [/clock] topic[0m
[rosout][INFO] 2021-12-06 07:37:53,052: [32mUsing extrinsic calibration of ss42[0m
[DT][INFO] 2021-12-06 07:37:53,153: [32mLoaded homography for ss42.yaml[0m
[rospy.internal][INFO] 2021-12-06 07:37:53,210: [32mtopic[/rosout] adding connection to [/rosout], count 0[0m
[DT][INFO] 2021-12-06 07:37:54,333: [32mLoaded checkerboard parameters[0m
[rosout][INFO] 2021-12-06 07:37:54,338: [32mcamera info topic is /ss42/camera_node/camera_info[0m
[rosout][INFO] 2021-12-06 07:37:54,348: [32mwaiting for camera info[0m
[rospy.internal][INFO] 2021-12-06 07:37:54,488: [32mtopic[/ss42/camera_node/camera_info] adding connection to [http://ss42.local:34074/], count 0[0m
[rospy.internal][INFO] 2021-12-06 07:37:54,584: [32mtopic impl's ref count is zero, deleting topic /ss42/camera_node/camera_info...[0m
[rospy.internal][INFO] 2021-12-06 07:37:54,586: [32mtopic[/ss42/camera_node/camera_info] removing connection to http://ss42.local:34074/[0m
[rosout][INFO] 2021-12-06 07:37:54,614: [32mcamera info received[0m
[rospy.internal][INFO] 2021-12-06 07:37:54,861: [32mtopic[/ss42/ground_projection/lineseglist_out] adding connection to [/ss42/duckiebot_visualizer], count 0[0m
[rospy.internal][INFO] 2021-12-06 07:37:55,477: [32mtopic[/ss42/ground_projection/lineseglist_out] adding connection to [/ss42/lane_filter_node], count 1[0m
[rospy.internal][INFO] 2021-12-06 07:37:56,945: [32mtopic[/ss42/line_detector_node/segment_list] adding connection to [http://ss42.local:38013/], count 0[0m
[rospy.core][INFO] 2021-12-06 07:54:54,794: [32msignal_shutdown [signal-2][0m
[rosout][INFO] 2021-12-06 07:54:54,795: [32m[GroundProjectionNode] Shutdown.[0m
[rospy.internal][INFO] 2021-12-06 07:54:55,154: [32mtopic[/ss42/ground_projection/lineseglist_out] removing connection to /ss42/duckiebot_visualizer[0m
[rospy.internal][INFO] 2021-12-06 07:54:55,161: [32mtopic[/ss42/ground_projection/lineseglist_out] removing connection to /ss42/lane_filter_node[0m
[rospy.internal][INFO] 2021-12-06 07:54:55,164: [32mtopic[/rosout] removing connection to /rosout[0m
[rospy.internal][INFO] 2021-12-06 07:54:55,166: [32mtopic[/ss42/line_detector_node/segment_list] removing connection to http://ss42.local:38013/[0m
[rospy.impl.masterslave][INFO] 2021-12-06 07:54:55,170: [32msignal-2[0m
[rospy.core][INFO] 2021-12-06 07:54:55,504: [32msignal_shutdown [atexit][0m
