[rospy.client][INFO] 2021-12-06 07:37:36,445: init_node, name[/ss42/duckiebot_visualizer], pid[2505]
[xmlrpc][INFO] 2021-12-06 07:37:36,483: XML-RPC server binding to 0.0.0.0:0
[xmlrpc][INFO] 2021-12-06 07:37:36,487: Started XML-RPC server [http://ss42.local:34977/]
[rospy.impl.masterslave][INFO] 2021-12-06 07:37:36,488: _ready: http://ss42.local:34977/
[rospy.init][INFO] 2021-12-06 07:37:36,533: ROS Slave URI: [http://ss42.local:34977/]
[xmlrpc][INFO] 2021-12-06 07:37:36,555: xml rpc node: starting XML-RPC server
[rospy.registration][INFO] 2021-12-06 07:37:36,563: Registering with master node http://ss42.local:11311/
[rospy.init][INFO] 2021-12-06 07:37:36,634: registered with master
[rospy.rosout][INFO] 2021-12-06 07:37:36,636: initializing /rosout core topic
[rospy.rosout][INFO] 2021-12-06 07:37:36,722: connected to core topic /rosout
[rospy.simtime][INFO] 2021-12-06 07:37:36,818: /use_sim_time is not set, will not subscribe to simulated time [/clock] topic
[rosout][INFO] 2021-12-06 07:37:36,948: [/ss42/duckiebot_visualizer] Initialzing.
[rospy.internal][INFO] 2021-12-06 07:37:36,972: topic[/rosout] adding connection to [/rosout], count 0
[rosout][INFO] 2021-12-06 07:37:37,163: [/ss42/duckiebot_visualizer] ~veh_name = ss42 
[rosout][INFO] 2021-12-06 07:37:37,322: [/ss42/duckiebot_visualizer] Initialzed.
[rospy.internal][INFO] 2021-12-06 07:37:54,772: topic[/ss42/ground_projection/lineseglist_out] adding connection to [http://ss42.local:44433/], count 0
[rospy.core][INFO] 2021-12-06 07:54:54,732: signal_shutdown [signal-2]
[rosout][INFO] 2021-12-06 07:54:54,733: [/ss42/duckiebot_visualizer] Shutting down.
[rospy.internal][INFO] 2021-12-06 07:54:55,092: topic[/rosout] removing connection to /rosout
[rospy.internal][INFO] 2021-12-06 07:54:55,102: topic[/ss42/ground_projection/lineseglist_out] removing connection to http://ss42.local:44433/
[rospy.impl.masterslave][INFO] 2021-12-06 07:54:55,104: signal-2
[rospy.core][INFO] 2021-12-06 07:54:55,400: signal_shutdown [atexit]
