[rospy.client][INFO] 2021-12-06 07:37:52,809: init_node, name[/ss42/lane_pose_visualizer_node], pid[2510]
[xmlrpc][INFO] 2021-12-06 07:37:52,814: XML-RPC server binding to 0.0.0.0:0
[rospy.init][INFO] 2021-12-06 07:37:52,818: ROS Slave URI: [http://ss42.local:36724/]
[xmlrpc][INFO] 2021-12-06 07:37:52,818: Started XML-RPC server [http://ss42.local:36724/]
[rospy.impl.masterslave][INFO] 2021-12-06 07:37:52,821: _ready: http://ss42.local:36724/
[xmlrpc][INFO] 2021-12-06 07:37:52,823: xml rpc node: starting XML-RPC server
[rospy.registration][INFO] 2021-12-06 07:37:52,827: Registering with master node http://ss42.local:11311/
[rospy.init][INFO] 2021-12-06 07:37:52,921: registered with master
[rospy.rosout][INFO] 2021-12-06 07:37:52,922: initializing /rosout core topic
[rospy.rosout][INFO] 2021-12-06 07:37:52,971: connected to core topic /rosout
[rospy.simtime][INFO] 2021-12-06 07:37:52,996: /use_sim_time is not set, will not subscribe to simulated time [/clock] topic
[rosout][INFO] 2021-12-06 07:37:53,062: [/ss42/lane_pose_visualizer_node] Initialzing.
[rosout][INFO] 2021-12-06 07:37:53,064: [/ss42/lane_pose_visualizer_node] Vehicle name: ss42
[rospy.internal][INFO] 2021-12-06 07:37:53,152: topic[/rosout] adding connection to [/rosout], count 0
[rosout][INFO] 2021-12-06 07:37:53,170: [/ss42/lane_pose_visualizer_node] Initialzed.
[rospy.internal][INFO] 2021-12-06 07:37:55,649: topic[/ss42/lane_filter_node/lane_pose] adding connection to [http://ss42.local:36336/], count 0
[rospy.core][INFO] 2021-12-06 07:54:54,745: signal_shutdown [signal-2]
[rosout][INFO] 2021-12-06 07:54:54,746: [/ss42/lane_pose_visualizer_node] Shutting down.
[rospy.internal][INFO] 2021-12-06 07:54:55,013: topic[/rosout] removing connection to /rosout
[rospy.internal][INFO] 2021-12-06 07:54:55,036: topic[/ss42/lane_filter_node/lane_pose] removing connection to http://ss42.local:36336/
[rospy.impl.masterslave][INFO] 2021-12-06 07:54:55,042: signal-2
[rospy.core][INFO] 2021-12-06 07:54:55,429: signal_shutdown [atexit]
