[rospy.client][INFO] 2021-12-03 11:47:04,501: [32minit_node, name[/ss42/camera_node], pid[1135][0m
[xmlrpc][INFO] 2021-12-03 11:47:04,504: [32mXML-RPC server binding to 0.0.0.0:0[0m
[xmlrpc][INFO] 2021-12-03 11:47:04,507: [32mStarted XML-RPC server [http://ss42.local:40793/][0m
[rospy.init][INFO] 2021-12-03 11:47:04,508: [32mROS Slave URI: [http://ss42.local:40793/][0m
[rospy.impl.masterslave][INFO] 2021-12-03 11:47:04,509: [32m_ready: http://ss42.local:40793/[0m
[rospy.registration][INFO] 2021-12-03 11:47:04,515: [32mRegistering with master node http://ss42.local:11311/[0m
[xmlrpc][INFO] 2021-12-03 11:47:04,516: [32mxml rpc node: starting XML-RPC server[0m
[rospy.init][INFO] 2021-12-03 11:47:04,610: [32mregistered with master[0m
[rospy.rosout][INFO] 2021-12-03 11:47:04,612: [32minitializing /rosout core topic[0m
[rospy.rosout][INFO] 2021-12-03 11:47:04,637: [32mconnected to core topic /rosout[0m
[rospy.simtime][INFO] 2021-12-03 11:47:04,648: [32m/use_sim_time is not set, will not subscribe to simulated time [/clock] topic[0m
[rosout][INFO] 2021-12-03 11:47:04,673: [32m[/ss42/camera_node] Initializing......[0m
[rosout][INFO] 2021-12-03 11:47:04,699: [32m[/ss42/camera_node] ~framerate_high = 30 [0m
[rosout][INFO] 2021-12-03 11:47:04,723: [32m[/ss42/camera_node] ~framerate_low = 15 [0m
[rosout][INFO] 2021-12-03 11:47:04,743: [32m[/ss42/camera_node] ~res_w = 640 [0m
[rosout][INFO] 2021-12-03 11:47:04,763: [32m[/ss42/camera_node] ~res_h = 480 [0m
[rospy.internal][INFO] 2021-12-03 11:47:04,889: [32mtopic[/rosout] adding connection to [/rosout], count 0[0m
[rosout][INFO] 2021-12-03 11:47:05,368: [32m[/ss42/camera_node] Initialized.[0m
[rospy.internal][INFO] 2021-12-03 11:47:05,375: [32mtopic[/ss42/camera_node/image/compressed] adding connection to [/ss42/cam_info_reader_node], count 0[0m
[rosout][INFO] 2021-12-03 11:47:05,378: [32m[/ss42/camera_node] Start capturing.[0m
[rospy.internal][INFO] 2021-12-03 11:47:05,392: [32mtopic[/ss42/camera_node/image/compressed] adding connection to [/ss42/decoder_node], count 1[0m
[rosout][INFO] 2021-12-03 11:47:05,471: [32m[/ss42/camera_node] Published the first image.[0m
[rosout][INFO] 2021-12-03 12:51:49,763: [32m[cbSrvSetCameraInfo] Callback![0m
[rosout][INFO] 2021-12-03 12:51:49,770: [32m[saveCameraInfo] filename: /home/robotikabot/duckiefleet/calibrations/camera_intrinsic/ss42.yaml[0m
[rosout][INFO] 2021-12-03 12:51:49,787: [32m[saveCameraInfo] calib {'projection_matrix': {'rows': 3, 'data': (239.97491455078125, 0.0, 324.3419250574734, 0.0, 0.0, 270.124755859375, 220.02747465779248, 0.0, 0.0, 0.0, 1.0, 0.0), 'cols': 4}, 'rectification_matrix': {'rows': 3, 'data': (1.0, 0.0, 0.0, 0.0, 1.0, 0.0, 0.0, 0.0, 1.0), 'cols': 3}, 'image_height': 480, 'distortion_coefficients': {'rows': 1, 'data': (-0.28641390045488485, 0.06209789284600532, -0.0001318435562548337, 0.0031223920632866965, 0.0), 'cols': 5}, 'camera_name': 'ss42/camera_node', 'image_width': 640, 'camera_matrix': {'rows': 3, 'data': (341.7458993299522, 0.0, 320.3474156981522, 0.0, 333.0071183936255, 227.2769727771955, 0.0, 0.0, 1.0), 'cols': 3}, 'distortion_model': 'plumb_bob'}[0m
[rospy.core][INFO] 2021-12-03 12:54:52,553: [32msignal_shutdown [signal-2][0m
[rosout][INFO] 2021-12-03 12:54:52,554: [32m[/ss42/camera_node] Closing camera.[0m
[rosout][INFO] 2021-12-03 12:54:52,557: [32m[/ss42/camera_node] Shutdown.[0m
[rospy.internal][INFO] 2021-12-03 12:54:52,710: [32mtopic[/ss42/camera_node/image/compressed] removing connection to /ss42/cam_info_reader_node[0m
[rospy.internal][INFO] 2021-12-03 12:54:52,712: [32mtopic[/ss42/camera_node/image/compressed] removing connection to /ss42/decoder_node[0m
[rospy.internal][INFO] 2021-12-03 12:54:52,724: [32mtopic[/rosout] removing connection to /rosout[0m
[rospy.impl.masterslave][INFO] 2021-12-03 12:54:52,726: [32msignal-2[0m
[rosout][INFO] 2021-12-03 12:54:52,783: [32m[/ss42/camera_node] Capture Ended.[0m
[rospy.core][INFO] 2021-12-03 12:54:53,243: [32msignal_shutdown [atexit][0m
