[rospy.client][INFO] 2021-12-03 11:47:00,335: init_node, name[/ss42/decoder_node], pid[1136]
[xmlrpc][INFO] 2021-12-03 11:47:00,339: XML-RPC server binding to 0.0.0.0:0
[rospy.init][INFO] 2021-12-03 11:47:00,349: ROS Slave URI: [http://ss42.local:38272/]
[xmlrpc][INFO] 2021-12-03 11:47:00,351: Started XML-RPC server [http://ss42.local:38272/]
[rospy.impl.masterslave][INFO] 2021-12-03 11:47:00,352: _ready: http://ss42.local:38272/
[xmlrpc][INFO] 2021-12-03 11:47:00,378: xml rpc node: starting XML-RPC server
[rospy.registration][INFO] 2021-12-03 11:47:00,383: Registering with master node http://ss42.local:11311/
[rospy.init][INFO] 2021-12-03 11:47:00,451: registered with master
[rospy.rosout][INFO] 2021-12-03 11:47:00,453: initializing /rosout core topic
[rospy.rosout][INFO] 2021-12-03 11:47:00,506: connected to core topic /rosout
[rospy.simtime][INFO] 2021-12-03 11:47:00,533: /use_sim_time is not set, will not subscribe to simulated time [/clock] topic
[rosout][INFO] 2021-12-03 11:47:00,653: [/ss42/decoder_node] ~publish_freq = 2.0 
[rospy.internal][INFO] 2021-12-03 11:47:00,795: topic[/rosout] adding connection to [/rosout], count 0
[rospy.internal][INFO] 2021-12-03 11:47:04,386: topic[/ss42/camera_node/image/raw] adding connection to [/ss42/raw_cam_info_reader_node], count 0
[rospy.internal][INFO] 2021-12-03 11:47:05,373: topic[/ss42/camera_node/image/compressed] adding connection to [http://ss42.local:40793/], count 0
[rospy.internal][INFO] 2021-12-03 11:48:34,339: topic[/ss42/camera_node/image/raw] adding connection to [/ss42/intrinsic_calibrator], count 1
[rospy.internal][INFO] 2021-12-03 11:49:02,069: topic[/ss42/camera_node/image/raw] removing connection to /ss42/intrinsic_calibrator
[rospy.internal][INFO] 2021-12-03 11:49:14,277: topic[/ss42/camera_node/image/raw] adding connection to [/ss42/intrinsic_calibrator], count 1
[rospy.internal][INFO] 2021-12-03 12:32:38,021: topic[/ss42/camera_node/image/raw] adding connection to [/ss42/intrinsic_calibrator], count 2
[rospy.internal][INFO] 2021-12-03 12:32:38,026: topic[/ss42/camera_node/image/raw] removing connection to /ss42/intrinsic_calibrator
[rospy.internal][INFO] 2021-12-03 12:32:38,438: topic[/ss42/camera_node/image/raw] removing connection to /ss42/intrinsic_calibrator
[rospy.internal][INFO] 2021-12-03 12:32:53,149: topic[/ss42/camera_node/image/raw] adding connection to [/ss42/intrinsic_calibrator], count 1
[rosout][WARNING] 2021-12-03 12:51:49,984: Inbound TCP/IP connection failed: connection from sender terminated before handshake header received. 0 bytes were received. Please check sender for additional details.
[rospy.internal][ERROR] 2021-12-03 12:51:49,992: Inbound TCP/IP connection failed:
Traceback (most recent call last):
  File "/opt/ros/kinetic/lib/python2.7/dist-packages/rospy/impl/tcpros_base.py", line 321, in _tcp_server_callback
    header = read_ros_handshake_header(sock, StringIO(), buff_size)
  File "/opt/ros/kinetic/lib/python2.7/dist-packages/rosgraph/network.py", line 364, in read_ros_handshake_header
    raise ROSHandshakeException("connection from sender terminated before handshake header received. %s bytes were received. Please check sender for additional details."%b.tell())
ROSHandshakeException: connection from sender terminated before handshake header received. 0 bytes were received. Please check sender for additional details.

[rospy.internal][INFO] 2021-12-03 12:51:50,099: topic[/ss42/camera_node/image/raw] removing connection to /ss42/intrinsic_calibrator
[rospy.core][INFO] 2021-12-03 12:54:52,553: signal_shutdown [signal-2]
[rospy.internal][INFO] 2021-12-03 12:54:52,683: topic[/ss42/camera_node/image/raw] removing connection to /ss42/raw_cam_info_reader_node
[rospy.internal][INFO] 2021-12-03 12:54:52,687: topic[/rosout] removing connection to /rosout
[rospy.internal][INFO] 2021-12-03 12:54:52,689: topic[/ss42/camera_node/image/compressed] removing connection to http://ss42.local:40793/
[rospy.impl.masterslave][INFO] 2021-12-03 12:54:52,692: signal-2
[rospy.core][INFO] 2021-12-03 12:54:53,209: signal_shutdown [atexit]
