[rospy.client][INFO] 2021-10-22 12:20:16,881: [32minit_node, name[/ss42/cam_info_reader_node], pid[14279][0m
[xmlrpc][INFO] 2021-10-22 12:20:16,883: [32mXML-RPC server binding to 0.0.0.0:0[0m
[xmlrpc][INFO] 2021-10-22 12:20:16,885: [32mStarted XML-RPC server [http://ss42.local:45490/][0m
[rospy.init][INFO] 2021-10-22 12:20:16,886: [32mROS Slave URI: [http://ss42.local:45490/][0m
[rospy.impl.masterslave][INFO] 2021-10-22 12:20:16,886: [32m_ready: http://ss42.local:45490/[0m
[rospy.registration][INFO] 2021-10-22 12:20:16,889: [32mRegistering with master node http://ss42.local:11311/[0m
[xmlrpc][INFO] 2021-10-22 12:20:16,890: [32mxml rpc node: starting XML-RPC server[0m
[rospy.init][INFO] 2021-10-22 12:20:16,987: [32mregistered with master[0m
[rospy.rosout][INFO] 2021-10-22 12:20:16,988: [32minitializing /rosout core topic[0m
[rospy.rosout][INFO] 2021-10-22 12:20:16,997: [32mconnected to core topic /rosout[0m
[rospy.simtime][INFO] 2021-10-22 12:20:17,004: [32m/use_sim_time is not set, will not subscribe to simulated time [/clock] topic[0m
[rosout][INFO] 2021-10-22 12:20:17,027: [32m[/ss42/cam_info_reader_node] ~config = baseline [0m
[rosout][INFO] 2021-10-22 12:20:17,040: [32m[/ss42/cam_info_reader_node] ~cali_file_name = ss42 [0m
[rosout][INFO] 2021-10-22 12:20:17,051: [32m[/ss42/cam_info_reader_node] ~image_type = compressed [0m
[rosout][INFO] 2021-10-22 12:20:17,058: [32m[/ss42/cam_info_reader_node] Using calibration file: /home/robotikabot/duckiefleet/calibrations/camera_intrinsic/ss42.yaml[0m
[rosout][INFO] 2021-10-22 12:20:17,099: [32m[/ss42/cam_info_reader_node] CameraInfo: header: 
  seq: 0
  stamp: 
    secs: 0
    nsecs:         0
  frame_id: "/ss42/camera_optical_frame"
height: 480
width: 640
distortion_model: "plumb_bob"
D: [-0.27461809148614347, 0.05310162092969184, -0.0028468333210795024, 0.0008335823753335609, 0.0]
K: [338.81946180832574, 0.0, 326.66950360401523, 0.0, 339.5982146662145, 228.002648610418, 0.0, 0.0, 1.0]
R: [1.0, 0.0, 0.0, 0.0, 1.0, 0.0, 0.0, 0.0, 1.0]
P: [229.75657653808594, 0.0, 326.88036190003913, 0.0, 0.0, 279.500244140625, 218.55408220592653, 0.0, 0.0, 0.0, 1.0, 0.0]
binning_x: 0
binning_y: 0
roi: 
  x_offset: 0
  y_offset: 0
  height: 0
  width: 0
  do_rectify: False[0m
[rosout][WARNING] 2021-10-22 12:20:17,100: [33m[/ss42/cam_info_reader_node] ==============CompressedImage[0m
[rospy.internal][INFO] 2021-10-22 12:20:17,247: [32mtopic[/rosout] adding connection to [/rosout], count 0[0m
[rospy.internal][INFO] 2021-10-22 12:20:17,661: [32mtopic[/ss42/camera_node/image/compressed] adding connection to [http://ss42.local:34065/], count 0[0m
[rospy.core][INFO] 2021-10-22 12:22:30,791: [32msignal_shutdown [signal-2][0m
[rosout][INFO] 2021-10-22 12:22:30,792: [32m[/ss42/cam_info_reader_node] Shutdown.[0m
[rospy.internal][ERROR] 2021-10-22 12:22:30,907: [31mUnable to initiate TCP/IP socket to ss42.local:42419 (http://ss42.local:34065/): Traceback (most recent call last):
  File "/opt/ros/kinetic/lib/python2.7/dist-packages/rospy/impl/tcpros_base.py", line 557, in connect
    self.read_header()
  File "/opt/ros/kinetic/lib/python2.7/dist-packages/rospy/impl/tcpros_base.py", line 650, in read_header
    self._validate_header(read_ros_handshake_header(sock, self.read_buff, self.protocol.buff_size))
  File "/opt/ros/kinetic/lib/python2.7/dist-packages/rospy/impl/tcpros_base.py", line 593, in _validate_header
    raise TransportInitError("remote error reported: %s"%header['error'])
TransportInitError: remote error reported: node shutting down
[0m
[rospy.internal][INFO] 2021-10-22 12:22:30,922: [32mtopic[/rosout] removing connection to /rosout[0m
[rospy.internal][INFO] 2021-10-22 12:22:30,923: [32mtopic[/ss42/camera_node/image/compressed] removing connection to http://ss42.local:34065/[0m
[rospy.impl.masterslave][INFO] 2021-10-22 12:22:30,924: [32msignal-2[0m
[rospy.core][INFO] 2021-10-22 12:22:31,439: [32msignal_shutdown [atexit][0m
