[rospy.client][INFO] 2021-10-22 12:20:17,014: [32minit_node, name[/ss42/camera_node], pid[14268][0m
[xmlrpc][INFO] 2021-10-22 12:20:17,015: [32mXML-RPC server binding to 0.0.0.0:0[0m
[xmlrpc][INFO] 2021-10-22 12:20:17,017: [32mStarted XML-RPC server [http://ss42.local:34065/][0m
[rospy.init][INFO] 2021-10-22 12:20:17,017: [32mROS Slave URI: [http://ss42.local:34065/][0m
[rospy.impl.masterslave][INFO] 2021-10-22 12:20:17,018: [32m_ready: http://ss42.local:34065/[0m
[xmlrpc][INFO] 2021-10-22 12:20:17,023: [32mxml rpc node: starting XML-RPC server[0m
[rospy.registration][INFO] 2021-10-22 12:20:17,025: [32mRegistering with master node http://ss42.local:11311/[0m
[rospy.init][INFO] 2021-10-22 12:20:17,118: [32mregistered with master[0m
[rospy.rosout][INFO] 2021-10-22 12:20:17,119: [32minitializing /rosout core topic[0m
[rospy.rosout][INFO] 2021-10-22 12:20:17,144: [32mconnected to core topic /rosout[0m
[rospy.simtime][INFO] 2021-10-22 12:20:17,156: [32m/use_sim_time is not set, will not subscribe to simulated time [/clock] topic[0m
[rosout][INFO] 2021-10-22 12:20:17,169: [32m[/ss42/camera_node] Initializing......[0m
[rosout][INFO] 2021-10-22 12:20:17,180: [32m[/ss42/camera_node] ~framerate_high = 30 [0m
[rosout][INFO] 2021-10-22 12:20:17,191: [32m[/ss42/camera_node] ~framerate_low = 15 [0m
[rosout][INFO] 2021-10-22 12:20:17,202: [32m[/ss42/camera_node] ~res_w = 640 [0m
[rosout][INFO] 2021-10-22 12:20:17,216: [32m[/ss42/camera_node] ~res_h = 480 [0m
[rospy.internal][INFO] 2021-10-22 12:20:17,350: [32mtopic[/rosout] adding connection to [/rosout], count 0[0m
[rosout][INFO] 2021-10-22 12:20:17,607: [32m[/ss42/camera_node] Initialized.[0m
[rosout][INFO] 2021-10-22 12:20:17,609: [32m[/ss42/camera_node] Start capturing.[0m
[rospy.internal][INFO] 2021-10-22 12:20:17,670: [32mtopic[/ss42/camera_node/image/compressed] adding connection to [/ss42/cam_info_reader_node], count 0[0m
[rospy.internal][INFO] 2021-10-22 12:20:17,693: [32mtopic[/ss42/camera_node/image/compressed] adding connection to [/ss42/decoder_node], count 1[0m
[rosout][INFO] 2021-10-22 12:20:17,706: [32m[/ss42/camera_node] Published the first image.[0m
[rospy.core][INFO] 2021-10-22 12:22:30,793: [32msignal_shutdown [signal-2][0m
[rosout][INFO] 2021-10-22 12:22:30,794: [32m[/ss42/camera_node] Closing camera.[0m
[rosout][INFO] 2021-10-22 12:22:30,795: [32m[/ss42/camera_node] Shutdown.[0m
[rospy.internal][INFO] 2021-10-22 12:22:30,898: [32mtopic[/ss42/camera_node/image/compressed] removing connection to /ss42/cam_info_reader_node[0m
[rospy.internal][INFO] 2021-10-22 12:22:30,899: [32mtopic[/ss42/camera_node/image/compressed] removing connection to /ss42/decoder_node[0m
[rospy.internal][INFO] 2021-10-22 12:22:30,901: [32mtopic[/rosout] removing connection to /rosout[0m
[rospy.impl.masterslave][INFO] 2021-10-22 12:22:30,902: [32msignal-2[0m
[rosout][INFO] 2021-10-22 12:22:30,958: [32m[/ss42/camera_node] Capture Ended.[0m
[rospy.core][INFO] 2021-10-22 12:22:31,418: [32msignal_shutdown [atexit][0m
