[rospy.client][INFO] 2021-10-22 12:20:15,336: init_node, name[/ss42/decoder_node], pid[14276]
[xmlrpc][INFO] 2021-10-22 12:20:15,339: XML-RPC server binding to 0.0.0.0:0
[rospy.init][INFO] 2021-10-22 12:20:15,342: ROS Slave URI: [http://ss42.local:36792/]
[xmlrpc][INFO] 2021-10-22 12:20:15,342: Started XML-RPC server [http://ss42.local:36792/]
[rospy.impl.masterslave][INFO] 2021-10-22 12:20:15,344: _ready: http://ss42.local:36792/
[xmlrpc][INFO] 2021-10-22 12:20:15,345: xml rpc node: starting XML-RPC server
[rospy.registration][INFO] 2021-10-22 12:20:15,348: Registering with master node http://ss42.local:11311/
[rospy.init][INFO] 2021-10-22 12:20:15,443: registered with master
[rospy.rosout][INFO] 2021-10-22 12:20:15,444: initializing /rosout core topic
[rospy.rosout][INFO] 2021-10-22 12:20:15,460: connected to core topic /rosout
[rospy.simtime][INFO] 2021-10-22 12:20:15,478: /use_sim_time is not set, will not subscribe to simulated time [/clock] topic
[rosout][INFO] 2021-10-22 12:20:15,508: [/ss42/decoder_node] ~publish_freq = 2.0 
[rospy.internal][INFO] 2021-10-22 12:20:15,743: topic[/rosout] adding connection to [/rosout], count 0
[rospy.internal][INFO] 2021-10-22 12:20:17,262: topic[/ss42/camera_node/image/raw] adding connection to [/ss42/raw_cam_info_reader_node], count 0
[rospy.internal][INFO] 2021-10-22 12:20:17,686: topic[/ss42/camera_node/image/compressed] adding connection to [http://ss42.local:34065/], count 0
[rospy.core][INFO] 2021-10-22 12:22:30,789: signal_shutdown [signal-2]
[rospy.internal][WARNING] 2021-10-22 12:22:30,904: Unknown error initiating TCP/IP socket to ss42.local:42419 (http://ss42.local:34065/): Traceback (most recent call last):
  File "/opt/ros/kinetic/lib/python2.7/dist-packages/rospy/impl/tcpros_base.py", line 557, in connect
    self.read_header()
  File "/opt/ros/kinetic/lib/python2.7/dist-packages/rospy/impl/tcpros_base.py", line 650, in read_header
    self._validate_header(read_ros_handshake_header(sock, self.read_buff, self.protocol.buff_size))
  File "/opt/ros/kinetic/lib/python2.7/dist-packages/rosgraph/network.py", line 362, in read_ros_handshake_header
    d = sock.recv(buff_size)
error: [Errno 104] Connection reset by peer

[rospy.internal][INFO] 2021-10-22 12:22:30,904: topic[/ss42/camera_node/image/compressed] removing connection to http://ss42.local:34065/
[rospy.internal][INFO] 2021-10-22 12:22:30,931: topic[/ss42/camera_node/image/raw] removing connection to /ss42/raw_cam_info_reader_node
[rospy.internal][INFO] 2021-10-22 12:22:30,933: topic[/rosout] removing connection to /rosout
[rospy.impl.masterslave][INFO] 2021-10-22 12:22:30,934: signal-2
[rospy.core][INFO] 2021-10-22 12:22:31,449: signal_shutdown [atexit]
