[rosmaster.main][INFO] 2021-10-22 12:22:52,271: initialization complete, waiting for shutdown
[rosmaster.main][INFO] 2021-10-22 12:22:52,272: Starting ROS Master Node
[xmlrpc][INFO] 2021-10-22 12:22:52,274: XML-RPC server binding to 0.0.0.0:11311
[xmlrpc][INFO] 2021-10-22 12:22:52,276: Started XML-RPC server [http://ss42.local:11311/]
[rosmaster.master][INFO] 2021-10-22 12:22:52,276: Master initialized: port[11311], uri[http://ss42.local:11311/]
[xmlrpc][INFO] 2021-10-22 12:22:52,277: xml rpc node: starting XML-RPC server
[rosmaster.master][INFO] 2021-10-22 12:22:52,361: +PARAM [/run_id] by /roslaunch
[rosmaster.master][INFO] 2021-10-22 12:22:52,367: +PARAM [/roslaunch/uris/host_ss42_local__46771] by /roslaunch
[rosmaster.master][INFO] 2021-10-22 12:22:52,972: +PARAM [/ss42/camera_node/res_w] by /roslaunch
[rosmaster.master][INFO] 2021-10-22 12:22:52,973: +PARAM [/rosdistro] by /roslaunch
[rosmaster.master][INFO] 2021-10-22 12:22:52,973: +PARAM [/ss42/cam_info_reader_node/cali_file_name] by /roslaunch
[rosmaster.master][INFO] 2021-10-22 12:22:52,974: +PARAM [/ss42/camera_node/framerate_low] by /roslaunch
[rosmaster.master][INFO] 2021-10-22 12:22:52,974: +PARAM [/ss42/raw_cam_info_reader_node/cali_file_name] by /roslaunch
[rosmaster.master][INFO] 2021-10-22 12:22:52,974: +PARAM [/ss42/cam_info_reader_node/config] by /roslaunch
[rosmaster.master][INFO] 2021-10-22 12:22:52,975: +PARAM [/ss42/raw_cam_info_reader_node/config] by /roslaunch
[rosmaster.master][INFO] 2021-10-22 12:22:52,975: +PARAM [/ss42/cam_info_reader_node/pub_freq] by /roslaunch
[rosmaster.master][INFO] 2021-10-22 12:22:52,976: +PARAM [/rosversion] by /roslaunch
[rosmaster.master][INFO] 2021-10-22 12:22:52,976: +PARAM [/ss42/decoder_node/publish_freq] by /roslaunch
[rosmaster.master][INFO] 2021-10-22 12:22:52,977: +PARAM [/ss42/raw_cam_info_reader_node/image_type] by /roslaunch
[rosmaster.master][INFO] 2021-10-22 12:22:52,977: +PARAM [/ss42/raw_cam_info_reader_node/pub_freq] by /roslaunch
[rosmaster.master][INFO] 2021-10-22 12:22:52,977: +PARAM [/ss42/cam_info_reader_node/image_type] by /roslaunch
[rosmaster.master][INFO] 2021-10-22 12:22:52,978: +PARAM [/ss42/camera_node/framerate_high] by /roslaunch
[rosmaster.master][INFO] 2021-10-22 12:22:52,979: +PARAM [/ss42/camera_node/res_h] by /roslaunch
[rosmaster.master][INFO] 2021-10-22 12:22:52,987: +SERVICE [/rosout/get_loggers] /rosout http://ss42.local:45347/
[rosmaster.master][INFO] 2021-10-22 12:22:52,991: +SERVICE [/rosout/set_logger_level] /rosout http://ss42.local:45347/
[rosmaster.master][INFO] 2021-10-22 12:22:52,999: +PUB [/rosout_agg] /rosout http://ss42.local:45347/
[rosmaster.master][INFO] 2021-10-22 12:22:53,022: +SUB [/rosout] /rosout http://ss42.local:45347/
[rosmaster.master][INFO] 2021-10-22 12:22:53,503: +PUB [/rosout] /ss42/image_proc_node http://ss42.local:44455/
[rosmaster.master][INFO] 2021-10-22 12:22:53,517: +SERVICE [/ss42/image_proc_node/get_loggers] /ss42/image_proc_node http://ss42.local:44455/
[rosmaster.master][INFO] 2021-10-22 12:22:53,529: +SERVICE [/ss42/image_proc_node/set_logger_level] /ss42/image_proc_node http://ss42.local:44455/
[rosmaster.master][INFO] 2021-10-22 12:22:53,578: publisherUpdate[/rosout] -> http://ss42.local:45347/ ['http://ss42.local:44455/']
[rosmaster.master][INFO] 2021-10-22 12:22:53,588: publisherUpdate[/rosout] -> http://ss42.local:45347/ ['http://ss42.local:44455/']: sec=0.01, result=[1, '', 0]
[rosmaster.master][INFO] 2021-10-22 12:22:53,737: +SERVICE [/ss42/image_proc_node_debayer/set_parameters] /ss42/image_proc_node http://ss42.local:44455/
[rosmaster.master][INFO] 2021-10-22 12:22:53,747: +PUB [/ss42/image_proc_node_debayer/parameter_descriptions] /ss42/image_proc_node http://ss42.local:44455/
[rosmaster.master][INFO] 2021-10-22 12:22:53,757: +PUB [/ss42/image_proc_node_debayer/parameter_updates] /ss42/image_proc_node http://ss42.local:44455/
[rosmaster.master][INFO] 2021-10-22 12:22:53,777: +PARAM [/ss42/image_proc_node_debayer/debayer] by /ss42/image_proc_node
[rosmaster.master][INFO] 2021-10-22 12:22:53,787: +PARAM [/ss42/image_proc_node_debayer/debayer] by /ss42/image_proc_node
[rosmaster.master][INFO] 2021-10-22 12:22:53,847: +PUB [/ss42/image_mono/compressedDepth] /ss42/image_proc_node http://ss42.local:44455/
[rosmaster.master][INFO] 2021-10-22 12:22:53,857: +SERVICE [/ss42/image_mono/compressedDepth/set_parameters] /ss42/image_proc_node http://ss42.local:44455/
[rosmaster.master][INFO] 2021-10-22 12:22:53,877: +PUB [/ss42/image_mono/compressedDepth/parameter_descriptions] /ss42/image_proc_node http://ss42.local:44455/
[rosmaster.master][INFO] 2021-10-22 12:22:53,891: +PUB [/ss42/image_mono/compressedDepth/parameter_updates] /ss42/image_proc_node http://ss42.local:44455/
[rosmaster.master][INFO] 2021-10-22 12:22:53,957: +PARAM [/ss42/image_mono/compressedDepth/depth_max] by /ss42/image_proc_node
[rosmaster.master][INFO] 2021-10-22 12:22:53,977: +PARAM [/ss42/image_mono/compressedDepth/depth_quantization] by /ss42/image_proc_node
[rosmaster.master][INFO] 2021-10-22 12:22:53,991: +PARAM [/ss42/image_mono/compressedDepth/png_level] by /ss42/image_proc_node
[rosmaster.master][INFO] 2021-10-22 12:22:54,005: +PARAM [/ss42/image_mono/compressedDepth/depth_max] by /ss42/image_proc_node
[rosmaster.master][INFO] 2021-10-22 12:22:54,027: +PARAM [/ss42/image_mono/compressedDepth/depth_quantization] by /ss42/image_proc_node
[rosmaster.master][INFO] 2021-10-22 12:22:54,047: +PARAM [/ss42/image_mono/compressedDepth/png_level] by /ss42/image_proc_node
[rosmaster.master][INFO] 2021-10-22 12:22:54,085: +PUB [/ss42/image_mono/compressed] /ss42/image_proc_node http://ss42.local:44455/
[rosmaster.master][INFO] 2021-10-22 12:22:54,097: +SERVICE [/ss42/image_mono/compressed/set_parameters] /ss42/image_proc_node http://ss42.local:44455/
[rosmaster.master][INFO] 2021-10-22 12:22:54,117: +PUB [/ss42/image_mono/compressed/parameter_descriptions] /ss42/image_proc_node http://ss42.local:44455/
[rosmaster.master][INFO] 2021-10-22 12:22:54,137: +PUB [/ss42/image_mono/compressed/parameter_updates] /ss42/image_proc_node http://ss42.local:44455/
[rosmaster.master][INFO] 2021-10-22 12:22:54,207: +PARAM [/ss42/image_mono/compressed/format] by /ss42/image_proc_node
[rosmaster.master][INFO] 2021-10-22 12:22:54,227: +PARAM [/ss42/image_mono/compressed/jpeg_quality] by /ss42/image_proc_node
[rosmaster.master][INFO] 2021-10-22 12:22:54,242: +PARAM [/ss42/image_mono/compressed/png_level] by /ss42/image_proc_node
[rosmaster.master][INFO] 2021-10-22 12:22:54,257: +PARAM [/ss42/image_mono/compressed/format] by /ss42/image_proc_node
[rosmaster.master][INFO] 2021-10-22 12:22:54,276: +PARAM [/ss42/image_mono/compressed/jpeg_quality] by /ss42/image_proc_node
[rosmaster.master][INFO] 2021-10-22 12:22:54,286: +PARAM [/ss42/image_mono/compressed/png_level] by /ss42/image_proc_node
[rosmaster.master][INFO] 2021-10-22 12:22:54,317: +PUB [/ss42/image_mono] /ss42/image_proc_node http://ss42.local:44455/
[rosmaster.master][INFO] 2021-10-22 12:22:54,357: +PUB [/ss42/image_mono/theora] /ss42/image_proc_node http://ss42.local:44455/
[rosmaster.master][INFO] 2021-10-22 12:22:54,377: +SERVICE [/ss42/image_mono/theora/set_parameters] /ss42/image_proc_node http://ss42.local:44455/
[rosmaster.master][INFO] 2021-10-22 12:22:54,390: +PUB [/ss42/image_mono/theora/parameter_descriptions] /ss42/image_proc_node http://ss42.local:44455/
[rosmaster.master][INFO] 2021-10-22 12:22:54,417: +PUB [/ss42/image_mono/theora/parameter_updates] /ss42/image_proc_node http://ss42.local:44455/
[rosmaster.master][INFO] 2021-10-22 12:22:54,504: +PARAM [/ss42/image_mono/theora/optimize_for] by /ss42/image_proc_node
[rosmaster.master][INFO] 2021-10-22 12:22:54,527: +PARAM [/ss42/image_mono/theora/target_bitrate] by /ss42/image_proc_node
[rosmaster.master][INFO] 2021-10-22 12:22:54,547: +PARAM [/ss42/image_mono/theora/quality] by /ss42/image_proc_node
[rosmaster.master][INFO] 2021-10-22 12:22:54,564: +PARAM [/ss42/image_mono/theora/keyframe_frequency] by /ss42/image_proc_node
[rosmaster.master][INFO] 2021-10-22 12:22:54,577: +PARAM [/ss42/image_mono/theora/optimize_for] by /ss42/image_proc_node
[rosmaster.master][INFO] 2021-10-22 12:22:54,600: +PARAM [/ss42/image_mono/theora/target_bitrate] by /ss42/image_proc_node
[rosmaster.master][INFO] 2021-10-22 12:22:54,617: +PARAM [/ss42/image_mono/theora/quality] by /ss42/image_proc_node
[rosmaster.master][INFO] 2021-10-22 12:22:54,626: +PARAM [/ss42/image_mono/theora/keyframe_frequency] by /ss42/image_proc_node
[rosmaster.master][INFO] 2021-10-22 12:22:54,672: +PUB [/ss42/image_color/compressedDepth] /ss42/image_proc_node http://ss42.local:44455/
[rosmaster.master][INFO] 2021-10-22 12:22:54,687: +SERVICE [/ss42/image_color/compressedDepth/set_parameters] /ss42/image_proc_node http://ss42.local:44455/
[rosmaster.master][INFO] 2021-10-22 12:22:54,700: +PUB [/ss42/image_color/compressedDepth/parameter_descriptions] /ss42/image_proc_node http://ss42.local:44455/
[rosmaster.master][INFO] 2021-10-22 12:22:54,717: +PUB [/ss42/image_color/compressedDepth/parameter_updates] /ss42/image_proc_node http://ss42.local:44455/
[rosmaster.master][INFO] 2021-10-22 12:22:54,761: +PARAM [/ss42/image_color/compressedDepth/depth_max] by /ss42/image_proc_node
[rosmaster.master][INFO] 2021-10-22 12:22:54,766: +PARAM [/ss42/image_color/compressedDepth/depth_quantization] by /ss42/image_proc_node
[rosmaster.master][INFO] 2021-10-22 12:22:54,770: +PARAM [/ss42/image_color/compressedDepth/png_level] by /ss42/image_proc_node
[rosmaster.master][INFO] 2021-10-22 12:22:54,775: +PARAM [/ss42/image_color/compressedDepth/depth_max] by /ss42/image_proc_node
[rosmaster.master][INFO] 2021-10-22 12:22:54,779: +PARAM [/ss42/image_color/compressedDepth/depth_quantization] by /ss42/image_proc_node
[rosmaster.master][INFO] 2021-10-22 12:22:54,783: +PARAM [/ss42/image_color/compressedDepth/png_level] by /ss42/image_proc_node
[rosmaster.master][INFO] 2021-10-22 12:22:54,788: +PUB [/ss42/image_color/compressed] /ss42/image_proc_node http://ss42.local:44455/
[rosmaster.master][INFO] 2021-10-22 12:22:54,792: +SERVICE [/ss42/image_color/compressed/set_parameters] /ss42/image_proc_node http://ss42.local:44455/
[rosmaster.master][INFO] 2021-10-22 12:22:54,797: +PUB [/ss42/image_color/compressed/parameter_descriptions] /ss42/image_proc_node http://ss42.local:44455/
[rosmaster.master][INFO] 2021-10-22 12:22:54,801: +PUB [/ss42/image_color/compressed/parameter_updates] /ss42/image_proc_node http://ss42.local:44455/
[rosmaster.master][INFO] 2021-10-22 12:22:54,817: +PARAM [/ss42/image_color/compressed/format] by /ss42/image_proc_node
[rosmaster.master][INFO] 2021-10-22 12:22:54,821: +PARAM [/ss42/image_color/compressed/jpeg_quality] by /ss42/image_proc_node
[rosmaster.master][INFO] 2021-10-22 12:22:54,826: +PARAM [/ss42/image_color/compressed/png_level] by /ss42/image_proc_node
[rosmaster.master][INFO] 2021-10-22 12:22:54,831: +PARAM [/ss42/image_color/compressed/format] by /ss42/image_proc_node
[rosmaster.master][INFO] 2021-10-22 12:22:54,836: +PARAM [/ss42/image_color/compressed/jpeg_quality] by /ss42/image_proc_node
[rosmaster.master][INFO] 2021-10-22 12:22:54,841: +PARAM [/ss42/image_color/compressed/png_level] by /ss42/image_proc_node
[rosmaster.master][INFO] 2021-10-22 12:22:54,846: +PUB [/ss42/image_color] /ss42/image_proc_node http://ss42.local:44455/
[rosmaster.master][INFO] 2021-10-22 12:22:54,851: +PUB [/ss42/image_color/theora] /ss42/image_proc_node http://ss42.local:44455/
[rosmaster.master][INFO] 2021-10-22 12:22:54,860: +SERVICE [/ss42/image_color/theora/set_parameters] /ss42/image_proc_node http://ss42.local:44455/
[rosmaster.master][INFO] 2021-10-22 12:22:54,865: +PUB [/rosout] /ss42/decoder_node http://ss42.local:41896/
[rosmaster.master][INFO] 2021-10-22 12:22:54,874: +PUB [/ss42/image_color/theora/parameter_descriptions] /ss42/image_proc_node http://ss42.local:44455/
[rosmaster.master][INFO] 2021-10-22 12:22:54,887: +PUB [/ss42/image_color/theora/parameter_updates] /ss42/image_proc_node http://ss42.local:44455/
[rosmaster.master][INFO] 2021-10-22 12:22:54,890: +SERVICE [/ss42/decoder_node/get_loggers] /ss42/decoder_node http://ss42.local:41896/
[rosmaster.master][INFO] 2021-10-22 12:22:54,892: publisherUpdate[/rosout] -> http://ss42.local:45347/ ['http://ss42.local:44455/', 'http://ss42.local:41896/']
[rosmaster.master][INFO] 2021-10-22 12:22:54,898: publisherUpdate[/rosout] -> http://ss42.local:45347/ ['http://ss42.local:44455/', 'http://ss42.local:41896/']: sec=0.00, result=[1, '', 0]
[rosmaster.master][INFO] 2021-10-22 12:22:54,900: +SERVICE [/ss42/decoder_node/set_logger_level] /ss42/decoder_node http://ss42.local:41896/
[rosmaster.master][INFO] 2021-10-22 12:22:54,921: +PARAM [/ss42/decoder_node/publish_freq] by /ss42/decoder_node
[rosmaster.master][INFO] 2021-10-22 12:22:54,933: +PUB [/ss42/camera_node/image/raw] /ss42/decoder_node http://ss42.local:41896/
[rosmaster.master][INFO] 2021-10-22 12:22:54,957: +PARAM [/ss42/image_color/theora/optimize_for] by /ss42/image_proc_node
[rosmaster.master][INFO] 2021-10-22 12:22:54,963: +SUB [/ss42/camera_node/image/compressed] /ss42/decoder_node http://ss42.local:41896/
[rosmaster.master][INFO] 2021-10-22 12:22:54,970: +PARAM [/ss42/image_color/theora/target_bitrate] by /ss42/image_proc_node
[rosmaster.master][INFO] 2021-10-22 12:22:54,981: +PARAM [/ss42/image_color/theora/quality] by /ss42/image_proc_node
[rosmaster.master][INFO] 2021-10-22 12:22:54,986: +SUB [/ss42/decoder_node/switch] /ss42/decoder_node http://ss42.local:41896/
[rosmaster.master][INFO] 2021-10-22 12:22:54,992: +PARAM [/ss42/image_color/theora/keyframe_frequency] by /ss42/image_proc_node
[rosmaster.master][INFO] 2021-10-22 12:22:54,997: +PARAM [/ss42/image_color/theora/optimize_for] by /ss42/image_proc_node
[rosmaster.master][INFO] 2021-10-22 12:22:55,002: +PARAM [/ss42/image_color/theora/target_bitrate] by /ss42/image_proc_node
[rosmaster.master][INFO] 2021-10-22 12:22:55,007: +PARAM [/ss42/image_color/theora/quality] by /ss42/image_proc_node
[rosmaster.master][INFO] 2021-10-22 12:22:55,012: +PARAM [/ss42/image_color/theora/keyframe_frequency] by /ss42/image_proc_node
[rosmaster.master][INFO] 2021-10-22 12:22:55,029: +SERVICE [/ss42/image_proc_node_rectify_mono/set_parameters] /ss42/image_proc_node http://ss42.local:44455/
[rosmaster.master][INFO] 2021-10-22 12:22:55,034: +PUB [/ss42/image_proc_node_rectify_mono/parameter_descriptions] /ss42/image_proc_node http://ss42.local:44455/
[rosmaster.master][INFO] 2021-10-22 12:22:55,039: +PUB [/ss42/image_proc_node_rectify_mono/parameter_updates] /ss42/image_proc_node http://ss42.local:44455/
[rosmaster.master][INFO] 2021-10-22 12:22:55,049: +PARAM [/ss42/image_proc_node_rectify_mono/interpolation] by /ss42/image_proc_node
[rosmaster.master][INFO] 2021-10-22 12:22:55,054: +PARAM [/ss42/image_proc_node_rectify_mono/interpolation] by /ss42/image_proc_node
[rosmaster.master][INFO] 2021-10-22 12:22:55,065: +PUB [/ss42/image_rect/compressedDepth] /ss42/image_proc_node http://ss42.local:44455/
[rosmaster.master][INFO] 2021-10-22 12:22:55,070: +SERVICE [/ss42/image_rect/compressedDepth/set_parameters] /ss42/image_proc_node http://ss42.local:44455/
[rosmaster.master][INFO] 2021-10-22 12:22:55,076: +PUB [/ss42/image_rect/compressedDepth/parameter_descriptions] /ss42/image_proc_node http://ss42.local:44455/
[rosmaster.master][INFO] 2021-10-22 12:22:55,081: +PUB [/ss42/image_rect/compressedDepth/parameter_updates] /ss42/image_proc_node http://ss42.local:44455/
[rosmaster.master][INFO] 2021-10-22 12:22:55,098: +PARAM [/ss42/image_rect/compressedDepth/depth_max] by /ss42/image_proc_node
[rosmaster.master][INFO] 2021-10-22 12:22:55,103: +PARAM [/ss42/image_rect/compressedDepth/depth_quantization] by /ss42/image_proc_node
[rosmaster.master][INFO] 2021-10-22 12:22:55,108: +PARAM [/ss42/image_rect/compressedDepth/png_level] by /ss42/image_proc_node
[rosmaster.master][INFO] 2021-10-22 12:22:55,114: +PARAM [/ss42/image_rect/compressedDepth/depth_max] by /ss42/image_proc_node
[rosmaster.master][INFO] 2021-10-22 12:22:55,119: +PARAM [/ss42/image_rect/compressedDepth/depth_quantization] by /ss42/image_proc_node
[rosmaster.master][INFO] 2021-10-22 12:22:55,124: +PARAM [/ss42/image_rect/compressedDepth/png_level] by /ss42/image_proc_node
[rosmaster.master][INFO] 2021-10-22 12:22:55,129: +PUB [/ss42/image_rect/compressed] /ss42/image_proc_node http://ss42.local:44455/
[rosmaster.master][INFO] 2021-10-22 12:22:55,134: +SERVICE [/ss42/image_rect/compressed/set_parameters] /ss42/image_proc_node http://ss42.local:44455/
[rosmaster.master][INFO] 2021-10-22 12:22:55,139: +PUB [/ss42/image_rect/compressed/parameter_descriptions] /ss42/image_proc_node http://ss42.local:44455/
[rosmaster.master][INFO] 2021-10-22 12:22:55,144: +PUB [/ss42/image_rect/compressed/parameter_updates] /ss42/image_proc_node http://ss42.local:44455/
[rosmaster.master][INFO] 2021-10-22 12:22:55,160: +PARAM [/ss42/image_rect/compressed/format] by /ss42/image_proc_node
[rosmaster.master][INFO] 2021-10-22 12:22:55,165: +PARAM [/ss42/image_rect/compressed/jpeg_quality] by /ss42/image_proc_node
[rosmaster.master][INFO] 2021-10-22 12:22:55,170: +PARAM [/ss42/image_rect/compressed/png_level] by /ss42/image_proc_node
[rosmaster.master][INFO] 2021-10-22 12:22:55,175: +PARAM [/ss42/image_rect/compressed/format] by /ss42/image_proc_node
[rosmaster.master][INFO] 2021-10-22 12:22:55,180: +PARAM [/ss42/image_rect/compressed/jpeg_quality] by /ss42/image_proc_node
[rosmaster.master][INFO] 2021-10-22 12:22:55,184: +PARAM [/ss42/image_rect/compressed/png_level] by /ss42/image_proc_node
[rosmaster.master][INFO] 2021-10-22 12:22:55,190: +PUB [/ss42/image_rect] /ss42/image_proc_node http://ss42.local:44455/
[rosmaster.master][INFO] 2021-10-22 12:22:55,196: +PUB [/ss42/image_rect/theora] /ss42/image_proc_node http://ss42.local:44455/
[rosmaster.master][INFO] 2021-10-22 12:22:55,201: +SERVICE [/ss42/image_rect/theora/set_parameters] /ss42/image_proc_node http://ss42.local:44455/
[rosmaster.master][INFO] 2021-10-22 12:22:55,205: +PUB [/ss42/image_rect/theora/parameter_descriptions] /ss42/image_proc_node http://ss42.local:44455/
[rosmaster.master][INFO] 2021-10-22 12:22:55,209: +PUB [/ss42/image_rect/theora/parameter_updates] /ss42/image_proc_node http://ss42.local:44455/
[rosmaster.master][INFO] 2021-10-22 12:22:55,228: +PARAM [/ss42/image_rect/theora/optimize_for] by /ss42/image_proc_node
[rosmaster.master][INFO] 2021-10-22 12:22:55,232: +PARAM [/ss42/image_rect/theora/target_bitrate] by /ss42/image_proc_node
[rosmaster.master][INFO] 2021-10-22 12:22:55,237: +PARAM [/ss42/image_rect/theora/quality] by /ss42/image_proc_node
[rosmaster.master][INFO] 2021-10-22 12:22:55,241: +PARAM [/ss42/image_rect/theora/keyframe_frequency] by /ss42/image_proc_node
[rosmaster.master][INFO] 2021-10-22 12:22:55,246: +PARAM [/ss42/image_rect/theora/optimize_for] by /ss42/image_proc_node
[rosmaster.master][INFO] 2021-10-22 12:22:55,251: +PARAM [/ss42/image_rect/theora/target_bitrate] by /ss42/image_proc_node
[rosmaster.master][INFO] 2021-10-22 12:22:55,256: +PARAM [/ss42/image_rect/theora/quality] by /ss42/image_proc_node
[rosmaster.master][INFO] 2021-10-22 12:22:55,260: +PARAM [/ss42/image_rect/theora/keyframe_frequency] by /ss42/image_proc_node
[rosmaster.master][INFO] 2021-10-22 12:22:55,274: +SERVICE [/ss42/image_proc_node_rectify_color/set_parameters] /ss42/image_proc_node http://ss42.local:44455/
[rosmaster.master][INFO] 2021-10-22 12:22:55,279: +PUB [/ss42/image_proc_node_rectify_color/parameter_descriptions] /ss42/image_proc_node http://ss42.local:44455/
[rosmaster.master][INFO] 2021-10-22 12:22:55,284: +PUB [/ss42/image_proc_node_rectify_color/parameter_updates] /ss42/image_proc_node http://ss42.local:44455/
[rosmaster.master][INFO] 2021-10-22 12:22:55,292: +PARAM [/ss42/image_proc_node_rectify_color/interpolation] by /ss42/image_proc_node
[rosmaster.master][INFO] 2021-10-22 12:22:55,316: +PARAM [/ss42/image_proc_node_rectify_color/interpolation] by /ss42/image_proc_node
[rosmaster.master][INFO] 2021-10-22 12:22:55,325: +PUB [/ss42/camera_node/image/rect/compressedDepth] /ss42/image_proc_node http://ss42.local:44455/
[rosmaster.master][INFO] 2021-10-22 12:22:55,330: +SERVICE [/ss42/camera_node/image/rect/compressedDepth/set_parameters] /ss42/image_proc_node http://ss42.local:44455/
[rosmaster.master][INFO] 2021-10-22 12:22:55,334: +PUB [/ss42/camera_node/image/rect/compressedDepth/parameter_descriptions] /ss42/image_proc_node http://ss42.local:44455/
[rosmaster.master][INFO] 2021-10-22 12:22:55,339: +PUB [/ss42/camera_node/image/rect/compressedDepth/parameter_updates] /ss42/image_proc_node http://ss42.local:44455/
[rosmaster.master][INFO] 2021-10-22 12:22:55,356: +PARAM [/ss42/camera_node/image/rect/compressedDepth/depth_max] by /ss42/image_proc_node
[rosmaster.master][INFO] 2021-10-22 12:22:55,360: +PARAM [/ss42/camera_node/image/rect/compressedDepth/depth_quantization] by /ss42/image_proc_node
[rosmaster.master][INFO] 2021-10-22 12:22:55,365: +PARAM [/ss42/camera_node/image/rect/compressedDepth/png_level] by /ss42/image_proc_node
[rosmaster.master][INFO] 2021-10-22 12:22:55,370: +PARAM [/ss42/camera_node/image/rect/compressedDepth/depth_max] by /ss42/image_proc_node
[rosmaster.master][INFO] 2021-10-22 12:22:55,374: +PARAM [/ss42/camera_node/image/rect/compressedDepth/depth_quantization] by /ss42/image_proc_node
[rosmaster.master][INFO] 2021-10-22 12:22:55,379: +PARAM [/ss42/camera_node/image/rect/compressedDepth/png_level] by /ss42/image_proc_node
[rosmaster.master][INFO] 2021-10-22 12:22:55,384: +PUB [/ss42/camera_node/image/rect/compressed] /ss42/image_proc_node http://ss42.local:44455/
[rosmaster.master][INFO] 2021-10-22 12:22:55,389: +SERVICE [/ss42/camera_node/image/rect/compressed/set_parameters] /ss42/image_proc_node http://ss42.local:44455/
[rosmaster.master][INFO] 2021-10-22 12:22:55,393: +PUB [/ss42/camera_node/image/rect/compressed/parameter_descriptions] /ss42/image_proc_node http://ss42.local:44455/
[rosmaster.master][INFO] 2021-10-22 12:22:55,398: +PUB [/ss42/camera_node/image/rect/compressed/parameter_updates] /ss42/image_proc_node http://ss42.local:44455/
[rosmaster.master][INFO] 2021-10-22 12:22:55,415: +PARAM [/ss42/camera_node/image/rect/compressed/format] by /ss42/image_proc_node
[rosmaster.master][INFO] 2021-10-22 12:22:55,420: +PARAM [/ss42/camera_node/image/rect/compressed/jpeg_quality] by /ss42/image_proc_node
[rosmaster.master][INFO] 2021-10-22 12:22:55,424: +PARAM [/ss42/camera_node/image/rect/compressed/png_level] by /ss42/image_proc_node
[rosmaster.master][INFO] 2021-10-22 12:22:55,429: +PARAM [/ss42/camera_node/image/rect/compressed/format] by /ss42/image_proc_node
[rosmaster.master][INFO] 2021-10-22 12:22:55,433: +PARAM [/ss42/camera_node/image/rect/compressed/jpeg_quality] by /ss42/image_proc_node
[rosmaster.master][INFO] 2021-10-22 12:22:55,438: +PARAM [/ss42/camera_node/image/rect/compressed/png_level] by /ss42/image_proc_node
[rosmaster.master][INFO] 2021-10-22 12:22:55,443: +PUB [/ss42/camera_node/image/rect] /ss42/image_proc_node http://ss42.local:44455/
[rosmaster.master][INFO] 2021-10-22 12:22:55,449: +PUB [/ss42/camera_node/image/rect/theora] /ss42/image_proc_node http://ss42.local:44455/
[rosmaster.master][INFO] 2021-10-22 12:22:55,453: +SERVICE [/ss42/camera_node/image/rect/theora/set_parameters] /ss42/image_proc_node http://ss42.local:44455/
[rosmaster.master][INFO] 2021-10-22 12:22:55,458: +PUB [/ss42/camera_node/image/rect/theora/parameter_descriptions] /ss42/image_proc_node http://ss42.local:44455/
[rosmaster.master][INFO] 2021-10-22 12:22:55,463: +PUB [/ss42/camera_node/image/rect/theora/parameter_updates] /ss42/image_proc_node http://ss42.local:44455/
[rosmaster.master][INFO] 2021-10-22 12:22:55,483: +PARAM [/ss42/camera_node/image/rect/theora/optimize_for] by /ss42/image_proc_node
[rosmaster.master][INFO] 2021-10-22 12:22:55,487: +PARAM [/ss42/camera_node/image/rect/theora/target_bitrate] by /ss42/image_proc_node
[rosmaster.master][INFO] 2021-10-22 12:22:55,493: +PARAM [/ss42/camera_node/image/rect/theora/quality] by /ss42/image_proc_node
[rosmaster.master][INFO] 2021-10-22 12:22:55,497: +PARAM [/ss42/camera_node/image/rect/theora/keyframe_frequency] by /ss42/image_proc_node
[rosmaster.master][INFO] 2021-10-22 12:22:55,502: +PARAM [/ss42/camera_node/image/rect/theora/optimize_for] by /ss42/image_proc_node
[rosmaster.master][INFO] 2021-10-22 12:22:55,506: +PARAM [/ss42/camera_node/image/rect/theora/target_bitrate] by /ss42/image_proc_node
[rosmaster.master][INFO] 2021-10-22 12:22:55,511: +PARAM [/ss42/camera_node/image/rect/theora/quality] by /ss42/image_proc_node
[rosmaster.master][INFO] 2021-10-22 12:22:55,515: +PARAM [/ss42/camera_node/image/rect/theora/keyframe_frequency] by /ss42/image_proc_node
[rosmaster.master][INFO] 2021-10-22 12:22:56,555: +PUB [/rosout] /ss42/camera_node http://ss42.local:34818/
[rosmaster.master][INFO] 2021-10-22 12:22:56,582: +SERVICE [/ss42/camera_node/get_loggers] /ss42/camera_node http://ss42.local:34818/
[rosmaster.master][INFO] 2021-10-22 12:22:56,587: +SERVICE [/ss42/camera_node/set_logger_level] /ss42/camera_node http://ss42.local:34818/
[rosmaster.master][INFO] 2021-10-22 12:22:56,598: publisherUpdate[/rosout] -> http://ss42.local:45347/ ['http://ss42.local:44455/', 'http://ss42.local:41896/', 'http://ss42.local:34818/']
[rosmaster.master][INFO] 2021-10-22 12:22:56,601: +PARAM [/ss42/camera_node/framerate_high] by /ss42/camera_node
[rosmaster.master][INFO] 2021-10-22 12:22:56,603: publisherUpdate[/rosout] -> http://ss42.local:45347/ ['http://ss42.local:44455/', 'http://ss42.local:41896/', 'http://ss42.local:34818/']: sec=0.00, result=[1, '', 0]
[rosmaster.master][INFO] 2021-10-22 12:22:56,613: +PARAM [/ss42/camera_node/framerate_low] by /ss42/camera_node
[rosmaster.master][INFO] 2021-10-22 12:22:56,625: +PARAM [/ss42/camera_node/res_w] by /ss42/camera_node
[rosmaster.master][INFO] 2021-10-22 12:22:56,637: +PARAM [/ss42/camera_node/res_h] by /ss42/camera_node
[rosmaster.master][INFO] 2021-10-22 12:22:56,799: +PUB [/rosout] /ss42/cam_info_reader_node http://ss42.local:43542/
[rosmaster.master][INFO] 2021-10-22 12:22:56,803: publisherUpdate[/rosout] -> http://ss42.local:45347/ ['http://ss42.local:44455/', 'http://ss42.local:41896/', 'http://ss42.local:34818/', 'http://ss42.local:43542/']
[rosmaster.master][INFO] 2021-10-22 12:22:56,808: publisherUpdate[/rosout] -> http://ss42.local:45347/ ['http://ss42.local:44455/', 'http://ss42.local:41896/', 'http://ss42.local:34818/', 'http://ss42.local:43542/']: sec=0.00, result=[1, '', 0]
[rosmaster.master][INFO] 2021-10-22 12:22:56,818: +SERVICE [/ss42/cam_info_reader_node/get_loggers] /ss42/cam_info_reader_node http://ss42.local:43542/
[rosmaster.master][INFO] 2021-10-22 12:22:56,824: +SERVICE [/ss42/cam_info_reader_node/set_logger_level] /ss42/cam_info_reader_node http://ss42.local:43542/
[rosmaster.master][INFO] 2021-10-22 12:22:56,834: +PARAM [/ss42/cam_info_reader_node/config] by /ss42/cam_info_reader_node
[rosmaster.master][INFO] 2021-10-22 12:22:56,844: +PARAM [/ss42/cam_info_reader_node/cali_file_name] by /ss42/cam_info_reader_node
[rosmaster.master][INFO] 2021-10-22 12:22:56,857: +PARAM [/ss42/cam_info_reader_node/image_type] by /ss42/cam_info_reader_node
[rosmaster.master][INFO] 2021-10-22 12:22:56,860: +PUB [/rosout] /ss42/raw_cam_info_reader_node http://ss42.local:39544/
[rosmaster.master][INFO] 2021-10-22 12:22:56,865: +PUB [/ss42/camera_node/camera_info] /ss42/cam_info_reader_node http://ss42.local:43542/
[rosmaster.master][INFO] 2021-10-22 12:22:56,874: +SERVICE [/ss42/raw_cam_info_reader_node/get_loggers] /ss42/raw_cam_info_reader_node http://ss42.local:39544/
[rosmaster.master][INFO] 2021-10-22 12:22:56,880: +SERVICE [/ss42/raw_cam_info_reader_node/set_logger_level] /ss42/raw_cam_info_reader_node http://ss42.local:39544/
[rosmaster.master][INFO] 2021-10-22 12:22:56,891: +PARAM [/ss42/raw_cam_info_reader_node/config] by /ss42/raw_cam_info_reader_node
[rosmaster.master][INFO] 2021-10-22 12:22:56,902: +PARAM [/ss42/raw_cam_info_reader_node/cali_file_name] by /ss42/raw_cam_info_reader_node
[rosmaster.master][INFO] 2021-10-22 12:22:56,905: publisherUpdate[/rosout] -> http://ss42.local:45347/ ['http://ss42.local:44455/', 'http://ss42.local:41896/', 'http://ss42.local:34818/', 'http://ss42.local:43542/', 'http://ss42.local:39544/']
[rosmaster.master][INFO] 2021-10-22 12:22:56,910: publisherUpdate[/rosout] -> http://ss42.local:45347/ ['http://ss42.local:44455/', 'http://ss42.local:41896/', 'http://ss42.local:34818/', 'http://ss42.local:43542/', 'http://ss42.local:39544/']: sec=0.00, result=[1, '', 0]
[rosmaster.master][INFO] 2021-10-22 12:22:56,917: +PARAM [/ss42/raw_cam_info_reader_node/image_type] by /ss42/raw_cam_info_reader_node
[rosmaster.master][INFO] 2021-10-22 12:22:56,927: +PUB [/ss42/camera_node/raw_camera_info] /ss42/raw_cam_info_reader_node http://ss42.local:39544/
[rosmaster.master][INFO] 2021-10-22 12:22:56,931: +SUB [/ss42/camera_node/image/compressed] /ss42/cam_info_reader_node http://ss42.local:43542/
[rosmaster.master][INFO] 2021-10-22 12:22:56,980: +SUB [/ss42/camera_node/image/raw] /ss42/raw_cam_info_reader_node http://ss42.local:39544/
[rosmaster.master][INFO] 2021-10-22 12:22:57,019: +PUB [/ss42/camera_node/image/compressed] /ss42/camera_node http://ss42.local:34818/
[rosmaster.master][INFO] 2021-10-22 12:22:57,030: +SUB [/ss42/camera_node/framerate_high_switch] /ss42/camera_node http://ss42.local:34818/
[rosmaster.master][INFO] 2021-10-22 12:22:57,037: +SERVICE [/ss42/camera_node/set_camera_info] /ss42/camera_node http://ss42.local:34818/
[rosmaster.master][INFO] 2021-10-22 12:22:57,107: publisherUpdate[/ss42/camera_node/image/compressed] -> http://ss42.local:41896/ ['http://ss42.local:34818/']
[rosmaster.master][INFO] 2021-10-22 12:22:57,112: publisherUpdate[/ss42/camera_node/image/compressed] -> http://ss42.local:43542/ ['http://ss42.local:34818/']
[rosmaster.master][INFO] 2021-10-22 12:22:57,113: publisherUpdate[/ss42/camera_node/image/compressed] -> http://ss42.local:41896/ ['http://ss42.local:34818/']: sec=0.01, result=[1, '', 0]
[rosmaster.master][INFO] 2021-10-22 12:22:57,119: publisherUpdate[/ss42/camera_node/image/compressed] -> http://ss42.local:43542/ ['http://ss42.local:34818/']: sec=0.01, result=[1, '', 0]
[rosmaster.master][INFO] 2021-10-22 12:22:59,089: +PUB [/rosout] /rviz_1634898179855988829 http://robotikahost.local:33073/
[rosmaster.master][INFO] 2021-10-22 12:22:59,100: +SERVICE [/rviz_1634898179855988829/get_loggers] /rviz_1634898179855988829 http://robotikahost.local:33073/
[rosmaster.master][INFO] 2021-10-22 12:22:59,112: +SERVICE [/rviz_1634898179855988829/set_logger_level] /rviz_1634898179855988829 http://robotikahost.local:33073/
[rosmaster.master][INFO] 2021-10-22 12:22:59,115: publisherUpdate[/rosout] -> http://ss42.local:45347/ ['http://ss42.local:44455/', 'http://ss42.local:41896/', 'http://ss42.local:34818/', 'http://ss42.local:43542/', 'http://ss42.local:39544/', 'http://robotikahost.local:33073/']
[rosmaster.master][INFO] 2021-10-22 12:22:59,119: publisherUpdate[/rosout] -> http://ss42.local:45347/ ['http://ss42.local:44455/', 'http://ss42.local:41896/', 'http://ss42.local:34818/', 'http://ss42.local:43542/', 'http://ss42.local:39544/', 'http://robotikahost.local:33073/']: sec=0.00, result=[1, '', 0]
[rosmaster.master][INFO] 2021-10-22 12:22:59,364: +SUB [/tf] /rviz_1634898179855988829 http://robotikahost.local:33073/
[rosmaster.master][INFO] 2021-10-22 12:22:59,423: +SUB [/tf_static] /rviz_1634898179855988829 http://robotikahost.local:33073/
[rosmaster.master][INFO] 2021-10-22 12:22:59,529: +PUB [/initialpose] /rviz_1634898179855988829 http://robotikahost.local:33073/
[rosmaster.master][INFO] 2021-10-22 12:22:59,540: +PUB [/goal] /rviz_1634898179855988829 http://robotikahost.local:33073/
[rosmaster.master][INFO] 2021-10-22 12:22:59,584: -PUB [/goal] /rviz_1634898179855988829 http://robotikahost.local:33073/
[rosmaster.master][INFO] 2021-10-22 12:22:59,594: -PUB [/initialpose] /rviz_1634898179855988829 http://robotikahost.local:33073/
[rosmaster.master][INFO] 2021-10-22 12:22:59,607: +PUB [/initialpose] /rviz_1634898179855988829 http://robotikahost.local:33073/
[rosmaster.master][INFO] 2021-10-22 12:22:59,618: +PUB [/goal] /rviz_1634898179855988829 http://robotikahost.local:33073/
[rosmaster.master][INFO] 2021-10-22 12:22:59,627: +PUB [/move_base_simple/goal] /rviz_1634898179855988829 http://robotikahost.local:33073/
[rosmaster.master][INFO] 2021-10-22 12:22:59,638: -PUB [/goal] /rviz_1634898179855988829 http://robotikahost.local:33073/
[rosmaster.master][INFO] 2021-10-22 12:22:59,647: +PUB [/clicked_point] /rviz_1634898179855988829 http://robotikahost.local:33073/
[rosmaster.master][INFO] 2021-10-22 12:22:59,710: +SERVICE [/rviz_1634898179855988829/reload_shaders] /rviz_1634898179855988829 http://robotikahost.local:33073/
[rosmaster.master][INFO] 2021-10-22 12:23:12,588: +SUB [/ss42/camera_node/image/rect] /rviz_1634898179855988829 http://robotikahost.local:33073/
[rosmaster.master][INFO] 2021-10-22 12:23:12,792: +SUB [/ss42/image_color] /ss42/image_proc_node http://ss42.local:44455/
[rosmaster.master][INFO] 2021-10-22 12:23:12,816: +SUB [/ss42/camera_node/raw_camera_info] /ss42/image_proc_node http://ss42.local:44455/
[rosmaster.master][INFO] 2021-10-22 12:23:12,839: +SUB [/ss42/camera_node/image/raw] /ss42/image_proc_node http://ss42.local:44455/
[rosmaster.master][INFO] 2021-10-22 12:23:39,248: -SUB [/ss42/camera_node/image/rect] /rviz_1634898179855988829 http://robotikahost.local:33073/
[rosmaster.master][INFO] 2021-10-22 12:23:39,315: -PUB [/clicked_point] /rviz_1634898179855988829 http://robotikahost.local:33073/
[rosmaster.master][INFO] 2021-10-22 12:23:39,324: -PUB [/move_base_simple/goal] /rviz_1634898179855988829 http://robotikahost.local:33073/
[rosmaster.master][INFO] 2021-10-22 12:23:39,333: -PUB [/initialpose] /rviz_1634898179855988829 http://robotikahost.local:33073/
[rosmaster.master][INFO] 2021-10-22 12:23:39,343: -SUB [/tf_static] /rviz_1634898179855988829 http://robotikahost.local:33073/
[rosmaster.master][INFO] 2021-10-22 12:23:39,353: -SUB [/tf] /rviz_1634898179855988829 http://robotikahost.local:33073/
[rosmaster.master][INFO] 2021-10-22 12:23:39,370: -SERVICE [/rviz_1634898179855988829/reload_shaders] /rviz_1634898179855988829 rosrpc://robotikahost.local:57081
[rosmaster.master][INFO] 2021-10-22 12:23:39,515: -PUB [/rosout] /rviz_1634898179855988829 http://robotikahost.local:33073/
[rosmaster.master][INFO] 2021-10-22 12:23:39,528: -SERVICE [/rviz_1634898179855988829/get_loggers] /rviz_1634898179855988829 rosrpc://robotikahost.local:57081
[rosmaster.master][INFO] 2021-10-22 12:23:39,538: -SERVICE [/rviz_1634898179855988829/set_logger_level] /rviz_1634898179855988829 rosrpc://robotikahost.local:57081
[rosmaster.master][INFO] 2021-10-22 12:23:39,596: publisherUpdate[/rosout] -> http://ss42.local:45347/ ['http://ss42.local:44455/', 'http://ss42.local:41896/', 'http://ss42.local:34818/', 'http://ss42.local:43542/', 'http://ss42.local:39544/']
[rosmaster.master][INFO] 2021-10-22 12:23:39,599: publisherUpdate[/rosout] -> http://ss42.local:45347/ ['http://ss42.local:44455/', 'http://ss42.local:41896/', 'http://ss42.local:34818/', 'http://ss42.local:43542/', 'http://ss42.local:39544/']: sec=0.00, result=[1, '', 0]
[rosmaster.master][INFO] 2021-10-22 12:23:39,719: -SUB [/ss42/image_color] /ss42/image_proc_node http://ss42.local:44455/
[rosmaster.master][INFO] 2021-10-22 12:23:39,723: -SUB [/ss42/camera_node/raw_camera_info] /ss42/image_proc_node http://ss42.local:44455/
[rosmaster.master][INFO] 2021-10-22 12:23:39,729: -SUB [/ss42/camera_node/image/raw] /ss42/image_proc_node http://ss42.local:44455/
[rosmaster.master][INFO] 2021-10-22 12:23:54,676: -SUB [/ss42/camera_node/image/compressed] /ss42/cam_info_reader_node http://ss42.local:43542/
[rosmaster.master][INFO] 2021-10-22 12:23:54,677: -PUB [/ss42/camera_node/camera_info] /ss42/cam_info_reader_node http://ss42.local:43542/
[rosmaster.master][INFO] 2021-10-22 12:23:54,677: -PUB [/rosout] /ss42/cam_info_reader_node http://ss42.local:43542/
[rosmaster.master][INFO] 2021-10-22 12:23:54,678: -SERVICE [/ss42/cam_info_reader_node/set_logger_level] /ss42/cam_info_reader_node rosrpc://ss42.local:35893
[rosmaster.master][INFO] 2021-10-22 12:23:54,680: -SERVICE [/ss42/cam_info_reader_node/get_loggers] /ss42/cam_info_reader_node rosrpc://ss42.local:35893
[rosmaster.master][INFO] 2021-10-22 12:23:54,686: -SUB [/ss42/camera_node/image/raw] /ss42/raw_cam_info_reader_node http://ss42.local:39544/
[rosmaster.master][INFO] 2021-10-22 12:23:54,687: -PUB [/rosout] /ss42/raw_cam_info_reader_node http://ss42.local:39544/
[rosmaster.master][INFO] 2021-10-22 12:23:54,687: -PUB [/ss42/camera_node/raw_camera_info] /ss42/raw_cam_info_reader_node http://ss42.local:39544/
[rosmaster.master][INFO] 2021-10-22 12:23:54,688: -SERVICE [/ss42/raw_cam_info_reader_node/set_logger_level] /ss42/raw_cam_info_reader_node rosrpc://ss42.local:43688
[rosmaster.master][INFO] 2021-10-22 12:23:54,689: -SERVICE [/ss42/raw_cam_info_reader_node/get_loggers] /ss42/raw_cam_info_reader_node rosrpc://ss42.local:43688
[rosmaster.master][INFO] 2021-10-22 12:23:54,698: -SUB [/ss42/decoder_node/switch] /ss42/decoder_node http://ss42.local:41896/
[rosmaster.master][INFO] 2021-10-22 12:23:54,699: -SUB [/ss42/camera_node/image/compressed] /ss42/decoder_node http://ss42.local:41896/
[rosmaster.master][INFO] 2021-10-22 12:23:54,700: -PUB [/ss42/camera_node/image/raw] /ss42/decoder_node http://ss42.local:41896/
[rosmaster.master][INFO] 2021-10-22 12:23:54,701: -PUB [/rosout] /ss42/decoder_node http://ss42.local:41896/
[rosmaster.master][INFO] 2021-10-22 12:23:54,702: -SERVICE [/ss42/decoder_node/get_loggers] /ss42/decoder_node rosrpc://ss42.local:33203
[rosmaster.master][INFO] 2021-10-22 12:23:54,702: -SERVICE [/ss42/decoder_node/set_logger_level] /ss42/decoder_node rosrpc://ss42.local:33203
[rosmaster.master][INFO] 2021-10-22 12:23:54,726: publisherUpdate[/rosout] -> http://ss42.local:45347/ ['http://ss42.local:44455/', 'http://ss42.local:41896/', 'http://ss42.local:34818/', 'http://ss42.local:39544/']
[rosmaster.master][INFO] 2021-10-22 12:23:54,729: publisherUpdate[/rosout] -> http://ss42.local:45347/ ['http://ss42.local:44455/', 'http://ss42.local:41896/', 'http://ss42.local:34818/', 'http://ss42.local:39544/']: sec=0.00, result=[1, '', 0]
[rosmaster.master][INFO] 2021-10-22 12:23:54,730: publisherUpdate[/rosout] -> http://ss42.local:45347/ ['http://ss42.local:44455/', 'http://ss42.local:41896/', 'http://ss42.local:34818/']
[rosmaster.master][INFO] 2021-10-22 12:23:54,733: publisherUpdate[/rosout] -> http://ss42.local:45347/ ['http://ss42.local:44455/', 'http://ss42.local:41896/', 'http://ss42.local:34818/']: sec=0.00, result=[1, '', 0]
[rosmaster.master][INFO] 2021-10-22 12:23:54,735: publisherUpdate[/rosout] -> http://ss42.local:45347/ ['http://ss42.local:44455/', 'http://ss42.local:34818/']
[rosmaster.master][INFO] 2021-10-22 12:23:54,740: -PUB [/rosout] /ss42/image_proc_node http://ss42.local:44455/
[rosmaster.master][INFO] 2021-10-22 12:23:54,744: publisherUpdate[/rosout] -> http://ss42.local:45347/ ['http://ss42.local:44455/', 'http://ss42.local:34818/']: sec=0.01, result=[1, '', 0]
[rosmaster.master][INFO] 2021-10-22 12:23:54,745: publisherUpdate[/rosout] -> http://ss42.local:45347/ ['http://ss42.local:34818/']
[rosmaster.master][INFO] 2021-10-22 12:23:54,746: -PUB [/ss42/image_proc_node_debayer/parameter_descriptions] /ss42/image_proc_node http://ss42.local:44455/
[rosmaster.master][INFO] 2021-10-22 12:23:54,750: publisherUpdate[/rosout] -> http://ss42.local:45347/ ['http://ss42.local:34818/']: sec=0.00, result=[1, '', 0]
[rosmaster.master][INFO] 2021-10-22 12:23:54,752: -PUB [/ss42/image_proc_node_debayer/parameter_updates] /ss42/image_proc_node http://ss42.local:44455/
[rosmaster.master][INFO] 2021-10-22 12:23:54,755: -PUB [/ss42/image_mono/compressedDepth] /ss42/image_proc_node http://ss42.local:44455/
[rosmaster.master][INFO] 2021-10-22 12:23:54,759: -PUB [/ss42/image_mono/compressedDepth/parameter_descriptions] /ss42/image_proc_node http://ss42.local:44455/
[rosmaster.master][INFO] 2021-10-22 12:23:54,763: -PUB [/ss42/image_mono/compressedDepth/parameter_updates] /ss42/image_proc_node http://ss42.local:44455/
[rosmaster.master][INFO] 2021-10-22 12:23:54,766: -PUB [/ss42/image_mono/compressed] /ss42/image_proc_node http://ss42.local:44455/
[rosmaster.master][INFO] 2021-10-22 12:23:54,770: -PUB [/ss42/image_mono/compressed/parameter_descriptions] /ss42/image_proc_node http://ss42.local:44455/
[rosmaster.master][INFO] 2021-10-22 12:23:54,775: -PUB [/ss42/image_mono/compressed/parameter_updates] /ss42/image_proc_node http://ss42.local:44455/
[rosmaster.master][INFO] 2021-10-22 12:23:54,779: -PUB [/ss42/image_mono] /ss42/image_proc_node http://ss42.local:44455/
[rosmaster.master][INFO] 2021-10-22 12:23:54,782: -PUB [/ss42/image_mono/theora] /ss42/image_proc_node http://ss42.local:44455/
[rosmaster.master][INFO] 2021-10-22 12:23:54,786: -PUB [/ss42/image_mono/theora/parameter_descriptions] /ss42/image_proc_node http://ss42.local:44455/
[rosmaster.master][INFO] 2021-10-22 12:23:54,789: -PUB [/ss42/image_mono/theora/parameter_updates] /ss42/image_proc_node http://ss42.local:44455/
[rosmaster.master][INFO] 2021-10-22 12:23:54,793: -PUB [/ss42/image_color/compressedDepth] /ss42/image_proc_node http://ss42.local:44455/
[rosmaster.master][INFO] 2021-10-22 12:23:54,796: -PUB [/ss42/image_color/compressedDepth/parameter_descriptions] /ss42/image_proc_node http://ss42.local:44455/
[rosmaster.master][INFO] 2021-10-22 12:23:54,801: -PUB [/ss42/image_color/compressedDepth/parameter_updates] /ss42/image_proc_node http://ss42.local:44455/
[rosmaster.master][INFO] 2021-10-22 12:23:54,805: -PUB [/ss42/image_color/compressed] /ss42/image_proc_node http://ss42.local:44455/
[rosmaster.master][INFO] 2021-10-22 12:23:54,809: -PUB [/ss42/image_color/compressed/parameter_descriptions] /ss42/image_proc_node http://ss42.local:44455/
[rosmaster.master][INFO] 2021-10-22 12:23:54,812: -PUB [/ss42/image_color/compressed/parameter_updates] /ss42/image_proc_node http://ss42.local:44455/
[rosmaster.master][INFO] 2021-10-22 12:23:54,827: -PUB [/ss42/image_color] /ss42/image_proc_node http://ss42.local:44455/
[rosmaster.master][INFO] 2021-10-22 12:23:54,831: -PUB [/ss42/image_color/theora] /ss42/image_proc_node http://ss42.local:44455/
[rosmaster.master][INFO] 2021-10-22 12:23:54,836: -PUB [/ss42/image_color/theora/parameter_descriptions] /ss42/image_proc_node http://ss42.local:44455/
[rosmaster.master][INFO] 2021-10-22 12:23:54,841: -PUB [/ss42/image_color/theora/parameter_updates] /ss42/image_proc_node http://ss42.local:44455/
[rosmaster.master][INFO] 2021-10-22 12:23:54,845: -PUB [/ss42/image_proc_node_rectify_mono/parameter_descriptions] /ss42/image_proc_node http://ss42.local:44455/
[rosmaster.master][INFO] 2021-10-22 12:23:54,849: -PUB [/ss42/image_proc_node_rectify_mono/parameter_updates] /ss42/image_proc_node http://ss42.local:44455/
[rosmaster.master][INFO] 2021-10-22 12:23:54,853: -PUB [/ss42/image_rect/compressedDepth] /ss42/image_proc_node http://ss42.local:44455/
[rosmaster.master][INFO] 2021-10-22 12:23:54,857: -PUB [/ss42/image_rect/compressedDepth/parameter_descriptions] /ss42/image_proc_node http://ss42.local:44455/
[rosmaster.master][INFO] 2021-10-22 12:23:54,861: -PUB [/ss42/image_rect/compressedDepth/parameter_updates] /ss42/image_proc_node http://ss42.local:44455/
[rosmaster.master][INFO] 2021-10-22 12:23:54,865: -PUB [/ss42/image_rect/compressed] /ss42/image_proc_node http://ss42.local:44455/
[rosmaster.master][INFO] 2021-10-22 12:23:54,871: -PUB [/ss42/image_rect/compressed/parameter_descriptions] /ss42/image_proc_node http://ss42.local:44455/
[rosmaster.master][INFO] 2021-10-22 12:23:54,875: -PUB [/ss42/image_rect/compressed/parameter_updates] /ss42/image_proc_node http://ss42.local:44455/
[rosmaster.master][INFO] 2021-10-22 12:23:54,879: -PUB [/ss42/image_rect] /ss42/image_proc_node http://ss42.local:44455/
[rosmaster.master][INFO] 2021-10-22 12:23:54,883: -PUB [/ss42/image_rect/theora] /ss42/image_proc_node http://ss42.local:44455/
[rosmaster.master][INFO] 2021-10-22 12:23:54,887: -PUB [/ss42/image_rect/theora/parameter_descriptions] /ss42/image_proc_node http://ss42.local:44455/
[rosmaster.master][INFO] 2021-10-22 12:23:54,891: -PUB [/ss42/image_rect/theora/parameter_updates] /ss42/image_proc_node http://ss42.local:44455/
[rosmaster.master][INFO] 2021-10-22 12:23:54,896: -PUB [/ss42/image_proc_node_rectify_color/parameter_descriptions] /ss42/image_proc_node http://ss42.local:44455/
[rosmaster.master][INFO] 2021-10-22 12:23:54,900: -PUB [/ss42/image_proc_node_rectify_color/parameter_updates] /ss42/image_proc_node http://ss42.local:44455/
[rosmaster.master][INFO] 2021-10-22 12:23:54,906: -PUB [/ss42/camera_node/image/rect/compressedDepth] /ss42/image_proc_node http://ss42.local:44455/
[rosmaster.master][INFO] 2021-10-22 12:23:54,911: -PUB [/ss42/camera_node/image/rect/compressedDepth/parameter_descriptions] /ss42/image_proc_node http://ss42.local:44455/
[rosmaster.master][INFO] 2021-10-22 12:23:54,915: -PUB [/ss42/camera_node/image/rect/compressedDepth/parameter_updates] /ss42/image_proc_node http://ss42.local:44455/
[rosmaster.master][INFO] 2021-10-22 12:23:54,919: -PUB [/ss42/camera_node/image/rect/compressed] /ss42/image_proc_node http://ss42.local:44455/
[rosmaster.master][INFO] 2021-10-22 12:23:54,923: -PUB [/ss42/camera_node/image/rect/compressed/parameter_descriptions] /ss42/image_proc_node http://ss42.local:44455/
[rosmaster.master][INFO] 2021-10-22 12:23:54,926: -PUB [/ss42/camera_node/image/rect/compressed/parameter_updates] /ss42/image_proc_node http://ss42.local:44455/
[rosmaster.master][INFO] 2021-10-22 12:23:54,930: -PUB [/ss42/camera_node/image/rect] /ss42/image_proc_node http://ss42.local:44455/
[rosmaster.master][INFO] 2021-10-22 12:23:54,933: -PUB [/ss42/camera_node/image/rect/theora] /ss42/image_proc_node http://ss42.local:44455/
[rosmaster.master][INFO] 2021-10-22 12:23:54,939: -PUB [/ss42/camera_node/image/rect/theora/parameter_descriptions] /ss42/image_proc_node http://ss42.local:44455/
[rosmaster.master][INFO] 2021-10-22 12:23:54,943: -PUB [/ss42/camera_node/image/rect/theora/parameter_updates] /ss42/image_proc_node http://ss42.local:44455/
[rosmaster.master][INFO] 2021-10-22 12:23:54,947: -SERVICE [/ss42/image_proc_node/get_loggers] /ss42/image_proc_node rosrpc://ss42.local:53037
[rosmaster.master][INFO] 2021-10-22 12:23:54,951: -SERVICE [/ss42/image_proc_node/set_logger_level] /ss42/image_proc_node rosrpc://ss42.local:53037
[rosmaster.master][INFO] 2021-10-22 12:23:54,954: -SERVICE [/ss42/image_proc_node_debayer/set_parameters] /ss42/image_proc_node rosrpc://ss42.local:53037
[rosmaster.master][INFO] 2021-10-22 12:23:54,958: -SERVICE [/ss42/image_mono/compressedDepth/set_parameters] /ss42/image_proc_node rosrpc://ss42.local:53037
[rosmaster.master][INFO] 2021-10-22 12:23:54,961: -SERVICE [/ss42/image_mono/compressed/set_parameters] /ss42/image_proc_node rosrpc://ss42.local:53037
[rosmaster.master][INFO] 2021-10-22 12:23:54,965: -SERVICE [/ss42/image_mono/theora/set_parameters] /ss42/image_proc_node rosrpc://ss42.local:53037
[rosmaster.master][INFO] 2021-10-22 12:23:54,969: -SERVICE [/ss42/image_color/compressedDepth/set_parameters] /ss42/image_proc_node rosrpc://ss42.local:53037
[rosmaster.master][INFO] 2021-10-22 12:23:54,973: -SERVICE [/ss42/image_color/compressed/set_parameters] /ss42/image_proc_node rosrpc://ss42.local:53037
[rosmaster.master][INFO] 2021-10-22 12:23:54,977: -SERVICE [/ss42/image_color/theora/set_parameters] /ss42/image_proc_node rosrpc://ss42.local:53037
[rosmaster.master][INFO] 2021-10-22 12:23:54,980: -SERVICE [/ss42/image_proc_node_rectify_mono/set_parameters] /ss42/image_proc_node rosrpc://ss42.local:53037
[rosmaster.master][INFO] 2021-10-22 12:23:54,984: -SERVICE [/ss42/image_rect/compressedDepth/set_parameters] /ss42/image_proc_node rosrpc://ss42.local:53037
[rosmaster.master][INFO] 2021-10-22 12:23:54,987: -SERVICE [/ss42/image_rect/compressed/set_parameters] /ss42/image_proc_node rosrpc://ss42.local:53037
[rosmaster.master][INFO] 2021-10-22 12:23:54,991: -SERVICE [/ss42/image_rect/theora/set_parameters] /ss42/image_proc_node rosrpc://ss42.local:53037
[rosmaster.master][INFO] 2021-10-22 12:23:54,994: -SERVICE [/ss42/image_proc_node_rectify_color/set_parameters] /ss42/image_proc_node rosrpc://ss42.local:53037
[rosmaster.master][INFO] 2021-10-22 12:23:54,998: -SERVICE [/ss42/camera_node/image/rect/compressedDepth/set_parameters] /ss42/image_proc_node rosrpc://ss42.local:53037
[rosmaster.master][INFO] 2021-10-22 12:23:55,002: -SERVICE [/ss42/camera_node/image/rect/compressed/set_parameters] /ss42/image_proc_node rosrpc://ss42.local:53037
[rosmaster.master][INFO] 2021-10-22 12:23:55,006: -SERVICE [/ss42/camera_node/image/rect/theora/set_parameters] /ss42/image_proc_node rosrpc://ss42.local:53037
[rosmaster.master][INFO] 2021-10-22 12:23:55,124: -SUB [/ss42/camera_node/framerate_high_switch] /ss42/camera_node http://ss42.local:34818/
[rosmaster.master][INFO] 2021-10-22 12:23:55,124: -PUB [/ss42/camera_node/image/compressed] /ss42/camera_node http://ss42.local:34818/
[rosmaster.master][INFO] 2021-10-22 12:23:55,125: -PUB [/rosout] /ss42/camera_node http://ss42.local:34818/
[rosmaster.master][INFO] 2021-10-22 12:23:55,125: -SERVICE [/ss42/camera_node/get_loggers] /ss42/camera_node rosrpc://ss42.local:35250
[rosmaster.master][INFO] 2021-10-22 12:23:55,126: -SERVICE [/ss42/camera_node/set_camera_info] /ss42/camera_node rosrpc://ss42.local:35250
[rosmaster.master][INFO] 2021-10-22 12:23:55,126: -SERVICE [/ss42/camera_node/set_logger_level] /ss42/camera_node rosrpc://ss42.local:35250
[rosmaster.master][INFO] 2021-10-22 12:23:55,128: publisherUpdate[/rosout] -> http://ss42.local:45347/ []
[rosmaster.master][INFO] 2021-10-22 12:23:55,130: publisherUpdate[/rosout] -> http://ss42.local:45347/ []: sec=0.00, result=[1, '', 0]
[rosmaster.master][INFO] 2021-10-22 12:23:56,134: -PUB [/rosout_agg] /rosout http://ss42.local:45347/
[rosmaster.master][INFO] 2021-10-22 12:23:56,137: -SUB [/rosout] /rosout http://ss42.local:45347/
[rosmaster.master][INFO] 2021-10-22 12:23:56,141: -SERVICE [/rosout/get_loggers] /rosout rosrpc://ss42.local:60891
[rosmaster.master][INFO] 2021-10-22 12:23:56,144: -SERVICE [/rosout/set_logger_level] /rosout rosrpc://ss42.local:60891
[rosmaster.main][INFO] 2021-10-22 12:23:56,281: keyboard interrupt, will exit
[rosmaster.main][INFO] 2021-10-22 12:23:56,281: stopping master...
[rospy.core][INFO] 2021-10-22 12:23:56,282: signal_shutdown [atexit]
