[rospy.client][INFO] 2021-10-22 12:22:56,436: [32minit_node, name[/ss42/camera_node], pid[14493][0m
[xmlrpc][INFO] 2021-10-22 12:22:56,438: [32mXML-RPC server binding to 0.0.0.0:0[0m
[xmlrpc][INFO] 2021-10-22 12:22:56,439: [32mStarted XML-RPC server [http://ss42.local:34818/][0m
[rospy.init][INFO] 2021-10-22 12:22:56,439: [32mROS Slave URI: [http://ss42.local:34818/][0m
[rospy.impl.masterslave][INFO] 2021-10-22 12:22:56,440: [32m_ready: http://ss42.local:34818/[0m
[rospy.registration][INFO] 2021-10-22 12:22:56,443: [32mRegistering with master node http://ss42.local:11311/[0m
[xmlrpc][INFO] 2021-10-22 12:22:56,443: [32mxml rpc node: starting XML-RPC server[0m
[rospy.init][INFO] 2021-10-22 12:22:56,541: [32mregistered with master[0m
[rospy.rosout][INFO] 2021-10-22 12:22:56,542: [32minitializing /rosout core topic[0m
[rospy.rosout][INFO] 2021-10-22 12:22:56,558: [32mconnected to core topic /rosout[0m
[rospy.simtime][INFO] 2021-10-22 12:22:56,564: [32m/use_sim_time is not set, will not subscribe to simulated time [/clock] topic[0m
[rosout][INFO] 2021-10-22 12:22:56,590: [32m[/ss42/camera_node] Initializing......[0m
[rosout][INFO] 2021-10-22 12:22:56,603: [32m[/ss42/camera_node] ~framerate_high = 30 [0m
[rosout][INFO] 2021-10-22 12:22:56,615: [32m[/ss42/camera_node] ~framerate_low = 15 [0m
[rosout][INFO] 2021-10-22 12:22:56,627: [32m[/ss42/camera_node] ~res_w = 640 [0m
[rosout][INFO] 2021-10-22 12:22:56,639: [32m[/ss42/camera_node] ~res_h = 480 [0m
[rospy.internal][INFO] 2021-10-22 12:22:56,811: [32mtopic[/rosout] adding connection to [/rosout], count 0[0m
[rosout][INFO] 2021-10-22 12:22:57,041: [32m[/ss42/camera_node] Initialized.[0m
[rosout][INFO] 2021-10-22 12:22:57,042: [32m[/ss42/camera_node] Start capturing.[0m
[rosout][INFO] 2021-10-22 12:22:57,135: [32m[/ss42/camera_node] Published the first image.[0m
[rospy.internal][INFO] 2021-10-22 12:22:57,139: [32mtopic[/ss42/camera_node/image/compressed] adding connection to [/ss42/cam_info_reader_node], count 0[0m
[rospy.internal][INFO] 2021-10-22 12:22:57,173: [32mtopic[/ss42/camera_node/image/compressed] adding connection to [/ss42/decoder_node], count 1[0m
[rosout][WARNING] 2021-10-22 12:23:54,690: [33mInbound TCP/IP connection failed: connection from sender terminated before handshake header received. 0 bytes were received. Please check sender for additional details.[0m
[rospy.internal][ERROR] 2021-10-22 12:23:54,695: [31mInbound TCP/IP connection failed:
Traceback (most recent call last):
  File "/opt/ros/kinetic/lib/python2.7/dist-packages/rospy/impl/tcpros_base.py", line 321, in _tcp_server_callback
    header = read_ros_handshake_header(sock, StringIO(), buff_size)
  File "/opt/ros/kinetic/lib/python2.7/dist-packages/rosgraph/network.py", line 364, in read_ros_handshake_header
    raise ROSHandshakeException("connection from sender terminated before handshake header received. %s bytes were received. Please check sender for additional details."%b.tell())
ROSHandshakeException: connection from sender terminated before handshake header received. 0 bytes were received. Please check sender for additional details.
[0m
[rospy.internal][INFO] 2021-10-22 12:23:54,740: [32mtopic[/ss42/camera_node/image/compressed] removing connection to /ss42/cam_info_reader_node[0m
[rospy.internal][INFO] 2021-10-22 12:23:54,773: [32mtopic[/ss42/camera_node/image/compressed] removing connection to /ss42/decoder_node[0m
[rospy.core][INFO] 2021-10-22 12:23:55,113: [32msignal_shutdown [signal-2][0m
[rosout][INFO] 2021-10-22 12:23:55,114: [32m[/ss42/camera_node] Closing camera.[0m
[rosout][INFO] 2021-10-22 12:23:55,115: [32m[/ss42/camera_node] Shutdown.[0m
[rospy.internal][INFO] 2021-10-22 12:23:55,133: [32mtopic[/rosout] removing connection to /rosout[0m
[rospy.impl.masterslave][INFO] 2021-10-22 12:23:55,134: [32msignal-2[0m
[rosout][INFO] 2021-10-22 12:23:55,294: [32m[/ss42/camera_node] Capture Ended.[0m
[rospy.core][INFO] 2021-10-22 12:23:55,750: [32msignal_shutdown [atexit][0m
