[rospy.client][INFO] 2021-10-22 12:22:54,743: init_node, name[/ss42/decoder_node], pid[14499]
[xmlrpc][INFO] 2021-10-22 12:22:54,748: XML-RPC server binding to 0.0.0.0:0
[rospy.init][INFO] 2021-10-22 12:22:54,750: ROS Slave URI: [http://ss42.local:41896/]
[xmlrpc][INFO] 2021-10-22 12:22:54,750: Started XML-RPC server [http://ss42.local:41896/]
[rospy.impl.masterslave][INFO] 2021-10-22 12:22:54,752: _ready: http://ss42.local:41896/
[xmlrpc][INFO] 2021-10-22 12:22:54,755: xml rpc node: starting XML-RPC server
[rospy.registration][INFO] 2021-10-22 12:22:54,758: Registering with master node http://ss42.local:11311/
[rospy.init][INFO] 2021-10-22 12:22:54,851: registered with master
[rospy.rosout][INFO] 2021-10-22 12:22:54,852: initializing /rosout core topic
[rospy.rosout][INFO] 2021-10-22 12:22:54,869: connected to core topic /rosout
[rospy.simtime][INFO] 2021-10-22 12:22:54,880: /use_sim_time is not set, will not subscribe to simulated time [/clock] topic
[rosout][INFO] 2021-10-22 12:22:54,924: [/ss42/decoder_node] ~publish_freq = 2.0 
[rospy.internal][INFO] 2021-10-22 12:22:55,021: topic[/rosout] adding connection to [/rosout], count 0
[rospy.internal][INFO] 2021-10-22 12:22:57,040: topic[/ss42/camera_node/image/raw] adding connection to [/ss42/raw_cam_info_reader_node], count 0
[rospy.internal][INFO] 2021-10-22 12:22:57,162: topic[/ss42/camera_node/image/compressed] adding connection to [http://ss42.local:34818/], count 0
[rospy.internal][INFO] 2021-10-22 12:23:12,972: topic[/ss42/camera_node/image/raw] adding connection to [/ss42/image_proc_node], count 1
[rospy.internal][INFO] 2021-10-22 12:23:40,199: topic[/ss42/camera_node/image/raw] removing connection to /ss42/image_proc_node
[rospy.core][INFO] 2021-10-22 12:23:54,679: signal_shutdown [signal-2]
[rospy.internal][INFO] 2021-10-22 12:23:54,709: topic[/ss42/camera_node/image/raw] removing connection to /ss42/raw_cam_info_reader_node
[rospy.internal][INFO] 2021-10-22 12:23:54,711: topic[/rosout] removing connection to /rosout
[rospy.internal][INFO] 2021-10-22 12:23:54,713: topic[/ss42/camera_node/image/compressed] removing connection to http://ss42.local:34818/
[rospy.impl.masterslave][INFO] 2021-10-22 12:23:54,714: signal-2
[rospy.core][INFO] 2021-10-22 12:23:54,815: signal_shutdown [atexit]
