[rospy.client][INFO] 2021-12-06 08:04:44,584: init_node, name[/ss42/joy_mapper_node], pid[21639]
[xmlrpc][INFO] 2021-12-06 08:04:44,607: XML-RPC server binding to 0.0.0.0:0
[xmlrpc][INFO] 2021-12-06 08:04:44,610: Started XML-RPC server [http://ss42.local:41009/]
[rospy.impl.masterslave][INFO] 2021-12-06 08:04:44,612: _ready: http://ss42.local:41009/
[rospy.init][INFO] 2021-12-06 08:04:44,614: ROS Slave URI: [http://ss42.local:41009/]
[rospy.registration][INFO] 2021-12-06 08:04:44,643: Registering with master node http://ss42.local:11311/
[xmlrpc][INFO] 2021-12-06 08:04:44,645: xml rpc node: starting XML-RPC server
[rospy.init][INFO] 2021-12-06 08:04:44,715: registered with master
[rospy.rosout][INFO] 2021-12-06 08:04:44,716: initializing /rosout core topic
[rospy.rosout][INFO] 2021-12-06 08:04:44,759: connected to core topic /rosout
[rospy.simtime][INFO] 2021-12-06 08:04:44,781: /use_sim_time is not set, will not subscribe to simulated time [/clock] topic
[rosout][INFO] 2021-12-06 08:04:44,903: [/ss42/joy_mapper_node] Initializing 
[rosout][INFO] 2021-12-06 08:04:44,967: [/ss42/joy_mapper_node] ~speed_gain = 0.41 
[rosout][INFO] 2021-12-06 08:04:45,035: [/ss42/joy_mapper_node] ~steer_gain = 8.3 
[rospy.internal][INFO] 2021-12-06 08:04:45,043: topic[/rosout] adding connection to [/rosout], count 0
[rosout][INFO] 2021-12-06 08:04:45,106: [/ss42/joy_mapper_node] ~bicycle_kinematics = 0.0 
[rosout][INFO] 2021-12-06 08:04:45,207: [/ss42/joy_mapper_node] ~steer_angle_gain = 1.04 
[rosout][INFO] 2021-12-06 08:04:45,306: [/ss42/joy_mapper_node] ~simulated_vehicle_length = 0.18 
[rospy.internal][INFO] 2021-12-06 08:04:45,776: topic[/ss42/joy] adding connection to [http://ss42.local:34392/], count 0
[rospy.internal][INFO] 2021-12-06 08:04:45,807: topic[/ss42/wheels_driver_node/emergency_stop] adding connection to [/ss42/wheels_driver_node], count 0
[rospy.internal][INFO] 2021-12-06 08:04:47,357: topic[/ss42/joy_mapper_node/joystick_override] adding connection to [/ss42/fsm_node], count 0
[rospy.internal][INFO] 2021-12-06 08:04:47,420: topic[/ss42/joy_mapper_node/parallel_autonomy] adding connection to [/ss42/fsm_node], count 0
[rospy.internal][INFO] 2021-12-06 08:04:47,533: topic[/ss42/joy_mapper_node/start_avoidance] adding connection to [/ss42/fsm_node], count 0
[rospy.internal][INFO] 2021-12-06 08:04:48,174: topic[/ss42/joy_mapper_node/car_cmd] adding connection to [/ss42/car_cmd_switch_node], count 0
[rospy.internal][INFO] 2021-12-06 08:04:48,647: topic[/ss42/joy_mapper_node/parallel_autonomy] adding connection to [/ss42/logic_gate_node], count 1
[rosout][INFO] 2021-12-06 08:04:51,752: E-stop message
[rosout][INFO] 2021-12-06 08:04:52,420: E-stop message
[rosout][INFO] 2021-12-06 08:04:56,694: E-stop message
[rosout][INFO] 2021-12-06 08:04:58,414: E-stop message
[rospy.internal][INFO] 2021-12-06 08:05:03,096: topic[/ss42/anti_instagram_node/click] adding connection to [/ss42/anti_instagram_node], count 0
[rosout][INFO] 2021-12-06 08:05:04,227: E-stop message
[rosout][INFO] 2021-12-06 08:22:14,192: anti_instagram message
[rosout][INFO] 2021-12-06 08:22:22,970: anti_instagram message
[rosout][INFO] 2021-12-06 08:22:26,281: anti_instagram message
[rosout][INFO] 2021-12-06 08:26:15,575: anti_instagram message
[rosout][INFO] 2021-12-06 08:26:19,228: anti_instagram message
[rosout][INFO] 2021-12-06 08:26:32,694: E-stop message
[rosout][INFO] 2021-12-06 08:26:37,767: E-stop message
[rosout][INFO] 2021-12-06 08:26:40,943: E-stop message
[rosout][INFO] 2021-12-06 08:26:42,328: override_msg = True
[rosout][INFO] 2021-12-06 08:26:46,264: E-stop message
[rosout][INFO] 2021-12-06 08:26:48,173: E-stop message
[rosout][INFO] 2021-12-06 08:28:05,528: override_msg = False
[rosout][INFO] 2021-12-06 08:28:09,381: override_msg = True
[rosout][INFO] 2021-12-06 08:28:17,527: override_msg = False
[rosout][INFO] 2021-12-06 08:28:20,102: override_msg = True
[rosout][INFO] 2021-12-06 08:28:26,533: override_msg = False
[rosout][INFO] 2021-12-06 08:28:29,239: override_msg = True
[rosout][INFO] 2021-12-06 08:28:37,959: override_msg = False
[rosout][INFO] 2021-12-06 08:28:44,741: override_msg = True
[rosout][INFO] 2021-12-06 08:28:50,258: override_msg = False
[rosout][INFO] 2021-12-06 08:28:51,235: override_msg = True
[rosout][INFO] 2021-12-06 08:28:51,401: override_msg = True
[rosout][INFO] 2021-12-06 08:28:51,844: override_msg = False
[rosout][INFO] 2021-12-06 08:28:52,194: override_msg = True
[rosout][INFO] 2021-12-06 08:28:53,423: override_msg = False
[rosout][INFO] 2021-12-06 08:28:53,899: override_msg = True
[rospy.internal][INFO] 2021-12-06 08:30:21,740: topic[/ss42/anti_instagram_node/click] removing connection to /ss42/anti_instagram_node
[rospy.core][INFO] 2021-12-06 08:30:22,275: signal_shutdown [signal-2]
[rospy.internal][INFO] 2021-12-06 08:30:22,460: topic[/ss42/joy_mapper_node/joystick_override] removing connection to /ss42/fsm_node
[rospy.internal][INFO] 2021-12-06 08:30:22,516: topic[/ss42/wheels_driver_node/emergency_stop] removing connection to /ss42/wheels_driver_node
[rospy.internal][INFO] 2021-12-06 08:30:22,518: topic[/rosout] removing connection to /rosout
[rospy.internal][INFO] 2021-12-06 08:30:22,534: topic[/ss42/joy_mapper_node/parallel_autonomy] removing connection to /ss42/fsm_node
[rospy.internal][INFO] 2021-12-06 08:30:22,541: topic[/ss42/joy_mapper_node/parallel_autonomy] removing connection to /ss42/logic_gate_node
[rospy.internal][INFO] 2021-12-06 08:30:22,569: topic[/ss42/joy_mapper_node/start_avoidance] removing connection to /ss42/fsm_node
[rospy.internal][INFO] 2021-12-06 08:30:22,574: topic[/ss42/joy_mapper_node/car_cmd] removing connection to /ss42/car_cmd_switch_node
[rospy.internal][INFO] 2021-12-06 08:30:22,597: topic[/ss42/joy] removing connection to http://ss42.local:34392/
[rospy.internal][WARNING] 2021-12-06 08:30:22,601: Unknown error initiating TCP/IP socket to ss42.local:36989 (http://ss42.local:34392/): Traceback (most recent call last):
  File "/opt/ros/kinetic/lib/python2.7/dist-packages/rospy/impl/tcpros_base.py", line 558, in connect
    self.local_endpoint = self.socket.getsockname()
AttributeError: 'NoneType' object has no attribute 'getsockname'

[rospy.impl.masterslave][INFO] 2021-12-06 08:30:22,603: signal-2
[rospy.core][INFO] 2021-12-06 08:30:22,941: signal_shutdown [atexit]
