[rospy.client][INFO] 2021-12-06 08:04:47,193: init_node, name[/ss42/lane_controller_node], pid[21672]
[xmlrpc][INFO] 2021-12-06 08:04:47,217: XML-RPC server binding to 0.0.0.0:0
[xmlrpc][INFO] 2021-12-06 08:04:47,218: Started XML-RPC server [http://ss42.local:39431/]
[rospy.init][INFO] 2021-12-06 08:04:47,228: ROS Slave URI: [http://ss42.local:39431/]
[rospy.impl.masterslave][INFO] 2021-12-06 08:04:47,219: _ready: http://ss42.local:39431/
[xmlrpc][INFO] 2021-12-06 08:04:47,249: xml rpc node: starting XML-RPC server
[rospy.registration][INFO] 2021-12-06 08:04:47,255: Registering with master node http://ss42.local:11311/
[rospy.init][INFO] 2021-12-06 08:04:47,336: registered with master
[rospy.rosout][INFO] 2021-12-06 08:04:47,337: initializing /rosout core topic
[rospy.rosout][INFO] 2021-12-06 08:04:47,408: connected to core topic /rosout
[rospy.simtime][INFO] 2021-12-06 08:04:47,470: /use_sim_time is not set, will not subscribe to simulated time [/clock] topic
[rospy.internal][INFO] 2021-12-06 08:04:47,700: topic[/rosout] adding connection to [/rosout], count 0
[rosout][INFO] 2021-12-06 08:04:47,738: [/ss42/lane_controller_node] ~v_bar = 0.3864 
[rosout][INFO] 2021-12-06 08:04:47,892: [/ss42/lane_controller_node] ~k_d = -10.3 
[rosout][INFO] 2021-12-06 08:04:47,986: [/ss42/lane_controller_node] ~k_theta = -5.15 
[rosout][INFO] 2021-12-06 08:04:48,126: [/ss42/lane_controller_node] ~d_thres = 0.2615 
[rosout][INFO] 2021-12-06 08:04:48,319: [/ss42/lane_controller_node] ~theta_thres = 0.523 
[rosout][INFO] 2021-12-06 08:04:48,401: [/ss42/lane_controller_node] ~d_offset = 0.0 
[rosout][INFO] 2021-12-06 08:04:48,592: [/ss42/lane_controller_node] Initialized 
[rospy.internal][INFO] 2021-12-06 08:04:48,670: topic[/ss42/lane_controller_node/car_cmd] adding connection to [/ss42/car_cmd_switch_node], count 0
[rospy.internal][INFO] 2021-12-06 08:05:03,832: topic[/ss42/lane_filter_node/lane_pose] adding connection to [http://ss42.local:45415/], count 0
[rospy.core][INFO] 2021-12-06 08:30:21,550: signal_shutdown [signal-2]
[rospy.core][INFO] 2021-12-06 08:30:21,565: signal_shutdown [atexit]
