[rospy.client][INFO] 2021-12-06 08:04:59,481: [32minit_node, name[/ss42/inverse_kinematics_node], pid[21636][0m
[xmlrpc][INFO] 2021-12-06 08:04:59,496: [32mXML-RPC server binding to 0.0.0.0:0[0m
[xmlrpc][INFO] 2021-12-06 08:04:59,510: [32mStarted XML-RPC server [http://ss42.local:45999/][0m
[rospy.impl.masterslave][INFO] 2021-12-06 08:04:59,514: [32m_ready: http://ss42.local:45999/[0m
[rospy.init][INFO] 2021-12-06 08:04:59,528: [32mROS Slave URI: [http://ss42.local:45999/][0m
[xmlrpc][INFO] 2021-12-06 08:04:59,534: [32mxml rpc node: starting XML-RPC server[0m
[rospy.registration][INFO] 2021-12-06 08:04:59,549: [32mRegistering with master node http://ss42.local:11311/[0m
[rospy.init][INFO] 2021-12-06 08:04:59,630: [32mregistered with master[0m
[rospy.rosout][INFO] 2021-12-06 08:04:59,632: [32minitializing /rosout core topic[0m
[rospy.rosout][INFO] 2021-12-06 08:04:59,718: [32mconnected to core topic /rosout[0m
[rospy.simtime][INFO] 2021-12-06 08:04:59,748: [32m/use_sim_time is not set, will not subscribe to simulated time [/clock] topic[0m
[rosout][WARNING] 2021-12-06 08:04:59,837: [33m[/ss42/inverse_kinematics_node] /home/robotikabot/duckiefleet/calibrations/kinematics/ss42.yaml does not exist. Using default.yaml.[0m
[rospy.internal][INFO] 2021-12-06 08:04:59,898: [32mtopic[/rosout] adding connection to [/rosout], count 0[0m
[rosout][INFO] 2021-12-06 08:05:00,079: [32m[/ss42/inverse_kinematics_node] ~gain = 1.0 [0m
[rosout][INFO] 2021-12-06 08:05:00,132: [32m[/ss42/inverse_kinematics_node] ~trim = 0.0 [0m
[rosout][INFO] 2021-12-06 08:05:00,188: [32m[/ss42/inverse_kinematics_node] ~baseline = 0.1 [0m
[rosout][INFO] 2021-12-06 08:05:00,254: [32m[/ss42/inverse_kinematics_node] ~radius = 0.0318 [0m
[rosout][INFO] 2021-12-06 08:05:00,325: [32m[/ss42/inverse_kinematics_node] ~k = 27.0 [0m
[rosout][INFO] 2021-12-06 08:05:00,381: [32m[/ss42/inverse_kinematics_node] ~limit = 1.0 [0m
[rosout][INFO] 2021-12-06 08:05:00,790: [32m[/ss42/inverse_kinematics_node] Initialized.[0m
[rosout][INFO] 2021-12-06 08:05:00,794: [32m[/ss42/inverse_kinematics_node] gain: 1.0 trim: 0.0 baseline: 0.1 radius: 0.0318 k: 27.0 limit: 1.0[0m
[rospy.internal][INFO] 2021-12-06 08:05:00,847: [32mtopic[/ss42/car_cmd_switch_node/cmd] adding connection to [http://ss42.local:39163/], count 0[0m
[rospy.internal][INFO] 2021-12-06 08:05:00,958: [32mtopic[/ss42/wheels_driver_node/wheels_cmd] adding connection to [/ss42/wheels_driver_node], count 0[0m
[rospy.core][INFO] 2021-12-06 08:30:22,650: [32msignal_shutdown [signal-2][0m
[rospy.internal][WARNING] 2021-12-06 08:30:22,787: [33mUnknown error initiating TCP/IP socket to ss42.local:41713 (http://ss42.local:39163/): Traceback (most recent call last):
  File "/opt/ros/kinetic/lib/python2.7/dist-packages/rospy/impl/tcpros_base.py", line 555, in connect
    self.socket.connect((dest_addr, dest_port))
  File "/usr/lib/python2.7/socket.py", line 228, in meth
    return getattr(self._sock,name)(*args)
error: [Errno 111] Connection refused
[0m
[rospy.internal][INFO] 2021-12-06 08:30:22,790: [32mtopic[/ss42/car_cmd_switch_node/cmd] removing connection to http://ss42.local:39163/[0m
[rospy.internal][INFO] 2021-12-06 08:30:22,839: [32mtopic[/ss42/wheels_driver_node/wheels_cmd] removing connection to /ss42/wheels_driver_node[0m
[rospy.internal][INFO] 2021-12-06 08:30:22,843: [32mtopic[/rosout] removing connection to /rosout[0m
[rospy.impl.masterslave][INFO] 2021-12-06 08:30:22,847: [32msignal-2[0m
[rospy.core][INFO] 2021-12-06 08:30:23,294: [32msignal_shutdown [atexit][0m
