[rospy.client][INFO] 2021-11-21 06:34:28,744: init_node, name[/ss42/logic_gate_node], pid[2625]
[xmlrpc][INFO] 2021-11-21 06:34:28,764: XML-RPC server binding to 0.0.0.0:0
[xmlrpc][INFO] 2021-11-21 06:34:28,778: Started XML-RPC server [http://ss42.local:35321/]
[rospy.init][INFO] 2021-11-21 06:34:28,779: ROS Slave URI: [http://ss42.local:35321/]
[rospy.impl.masterslave][INFO] 2021-11-21 06:34:28,780: _ready: http://ss42.local:35321/
[xmlrpc][INFO] 2021-11-21 06:34:28,800: xml rpc node: starting XML-RPC server
[rospy.registration][INFO] 2021-11-21 06:34:28,813: Registering with master node http://ss42.local:11311/
[rospy.init][INFO] 2021-11-21 06:34:28,881: registered with master
[rospy.rosout][INFO] 2021-11-21 06:34:28,883: initializing /rosout core topic
[rospy.rosout][INFO] 2021-11-21 06:34:28,978: connected to core topic /rosout
[rospy.simtime][INFO] 2021-11-21 06:34:29,049: /use_sim_time is not set, will not subscribe to simulated time [/clock] topic
[rospy.internal][INFO] 2021-11-21 06:34:29,231: topic[/rosout] adding connection to [/rosout], count 0
[rospy.internal][INFO] 2021-11-21 06:34:30,236: topic[/ss42/joy_mapper_node/parallel_autonomy] adding connection to [http://ss42.local:33000/], count 0
[rospy.internal][INFO] 2021-11-21 06:34:30,619: topic[/ss42/logic_gate_node/intersection_done_and_not_parallel_autonomy] adding connection to [/ss42/fsm_node], count 0
[rospy.internal][INFO] 2021-11-21 06:34:31,024: topic[/ss42/logic_gate_node/intersection_done_and_parallel_autonomy] adding connection to [/ss42/fsm_node], count 0
[rospy.core][INFO] 2021-11-21 06:38:17,966: signal_shutdown [signal-2]
[rosout][INFO] 2021-11-21 06:38:17,968: [/ss42/logic_gate_node] Shutting down.
[rospy.internal][INFO] 2021-11-21 06:38:18,132: topic[/ss42/logic_gate_node/intersection_done_and_not_parallel_autonomy] removing connection to /ss42/fsm_node
[rospy.internal][INFO] 2021-11-21 06:38:18,135: topic[/rosout] removing connection to /rosout
[rospy.internal][INFO] 2021-11-21 06:38:18,155: topic[/ss42/logic_gate_node/intersection_done_and_parallel_autonomy] removing connection to /ss42/fsm_node
[rospy.internal][INFO] 2021-11-21 06:38:18,159: topic[/ss42/joy_mapper_node/parallel_autonomy] removing connection to http://ss42.local:33000/
[rospy.impl.masterslave][INFO] 2021-11-21 06:38:18,165: signal-2
[rospy.core][INFO] 2021-11-21 06:38:18,648: signal_shutdown [atexit]
