[rospy.client][INFO] 2021-11-21 06:34:43,004: [32minit_node, name[/ss42/camera_node], pid[2604][0m
[xmlrpc][INFO] 2021-11-21 06:34:43,034: [32mXML-RPC server binding to 0.0.0.0:0[0m
[xmlrpc][INFO] 2021-11-21 06:34:43,046: [32mStarted XML-RPC server [http://ss42.local:33258/][0m
[rospy.init][INFO] 2021-11-21 06:34:43,048: [32mROS Slave URI: [http://ss42.local:33258/][0m
[rospy.impl.masterslave][INFO] 2021-11-21 06:34:43,052: [32m_ready: http://ss42.local:33258/[0m
[rospy.registration][INFO] 2021-11-21 06:34:43,075: [32mRegistering with master node http://ss42.local:11311/[0m
[xmlrpc][INFO] 2021-11-21 06:34:43,076: [32mxml rpc node: starting XML-RPC server[0m
[rospy.init][INFO] 2021-11-21 06:34:43,154: [32mregistered with master[0m
[rospy.rosout][INFO] 2021-11-21 06:34:43,157: [32minitializing /rosout core topic[0m
[rospy.rosout][INFO] 2021-11-21 06:34:43,225: [32mconnected to core topic /rosout[0m
[rospy.simtime][INFO] 2021-11-21 06:34:43,274: [32m/use_sim_time is not set, will not subscribe to simulated time [/clock] topic[0m
[rosout][INFO] 2021-11-21 06:34:43,381: [32m[/ss42/camera_node] Initializing......[0m
[rosout][INFO] 2021-11-21 06:34:43,448: [32m[/ss42/camera_node] ~framerate_high = 30 [0m
[rospy.internal][INFO] 2021-11-21 06:34:43,504: [32mtopic[/rosout] adding connection to [/rosout], count 0[0m
[rosout][INFO] 2021-11-21 06:34:43,527: [32m[/ss42/camera_node] ~framerate_low = 15 [0m
[rosout][INFO] 2021-11-21 06:34:43,598: [32m[/ss42/camera_node] ~res_w = 640 [0m
[rosout][INFO] 2021-11-21 06:34:43,667: [32m[/ss42/camera_node] ~res_h = 480 [0m
[rosout][INFO] 2021-11-21 06:34:44,455: [32m[/ss42/camera_node] Initialized.[0m
[rosout][INFO] 2021-11-21 06:34:44,468: [32m[/ss42/camera_node] Start capturing.[0m
[rospy.internal][INFO] 2021-11-21 06:34:44,509: [32mtopic[/ss42/camera_node/framerate_high_switch] adding connection to [http://ss42.local:45729/], count 0[0m
[rospy.internal][INFO] 2021-11-21 06:34:44,541: [32mtopic[/ss42/camera_node/image/compressed] adding connection to [/ss42/cam_info_reader_node], count 0[0m
[rosout][INFO] 2021-11-21 06:34:44,585: [32m[/ss42/camera_node] Published the first image.[0m
[rospy.internal][INFO] 2021-11-21 06:34:47,566: [32mtopic[/ss42/camera_node/image/compressed] adding connection to [/ss42/anti_instagram_node], count 1[0m
[rospy.internal][INFO] 2021-11-21 06:34:47,630: [32mtopic[/ss42/camera_node/image/compressed] adding connection to [/ss42/line_detector_node], count 2[0m
[rospy.internal][INFO] 2021-11-21 06:38:17,575: [32mtopic[/ss42/camera_node/image/compressed] removing connection to /ss42/anti_instagram_node[0m
[rospy.internal][INFO] 2021-11-21 06:38:17,673: [32mtopic[/ss42/camera_node/image/compressed] removing connection to /ss42/line_detector_node[0m
[rospy.internal][ERROR] 2021-11-21 06:38:18,827: [31mUnable to initiate TCP/IP socket to ss42.local:41544 (http://ss42.local:45729/): Traceback (most recent call last):
  File "/opt/ros/kinetic/lib/python2.7/dist-packages/rospy/impl/tcpros_base.py", line 557, in connect
    self.read_header()
  File "/opt/ros/kinetic/lib/python2.7/dist-packages/rospy/impl/tcpros_base.py", line 650, in read_header
    self._validate_header(read_ros_handshake_header(sock, self.read_buff, self.protocol.buff_size))
  File "/opt/ros/kinetic/lib/python2.7/dist-packages/rospy/impl/tcpros_base.py", line 593, in _validate_header
    raise TransportInitError("remote error reported: %s"%header['error'])
TransportInitError: remote error reported: node shutting down
[0m
[rospy.core][INFO] 2021-11-21 06:38:19,200: [32msignal_shutdown [signal-2][0m
[rosout][INFO] 2021-11-21 06:38:19,202: [32m[/ss42/camera_node] Closing camera.[0m
[rosout][INFO] 2021-11-21 06:38:19,204: [32m[/ss42/camera_node] Shutdown.[0m
[rospy.internal][INFO] 2021-11-21 06:38:19,235: [32mtopic[/ss42/camera_node/image/compressed] removing connection to /ss42/cam_info_reader_node[0m
[rospy.internal][INFO] 2021-11-21 06:38:19,318: [32mtopic[/rosout] removing connection to /rosout[0m
[rospy.internal][INFO] 2021-11-21 06:38:19,320: [32mtopic[/ss42/camera_node/framerate_high_switch] removing connection to http://ss42.local:45729/[0m
[rospy.impl.masterslave][INFO] 2021-11-21 06:38:19,322: [32msignal-2[0m
[rosout][INFO] 2021-11-21 06:38:19,406: [32m[/ss42/camera_node] Capture Ended.[0m
[rospy.core][INFO] 2021-11-21 06:38:19,840: [32msignal_shutdown [atexit][0m
