[rospy.client][INFO] 2021-11-21 06:34:27,470: init_node, name[/ss42/joy_mapper_node], pid[2609]
[xmlrpc][INFO] 2021-11-21 06:34:27,554: XML-RPC server binding to 0.0.0.0:0
[xmlrpc][INFO] 2021-11-21 06:34:27,557: Started XML-RPC server [http://ss42.local:33000/]
[rospy.init][INFO] 2021-11-21 06:34:27,565: ROS Slave URI: [http://ss42.local:33000/]
[rospy.impl.masterslave][INFO] 2021-11-21 06:34:27,567: _ready: http://ss42.local:33000/
[xmlrpc][INFO] 2021-11-21 06:34:27,595: xml rpc node: starting XML-RPC server
[rospy.registration][INFO] 2021-11-21 06:34:27,627: Registering with master node http://ss42.local:11311/
[rospy.init][INFO] 2021-11-21 06:34:27,673: registered with master
[rospy.rosout][INFO] 2021-11-21 06:34:27,675: initializing /rosout core topic
[rospy.rosout][INFO] 2021-11-21 06:34:27,717: connected to core topic /rosout
[rospy.simtime][INFO] 2021-11-21 06:34:27,838: /use_sim_time is not set, will not subscribe to simulated time [/clock] topic
[rosout][INFO] 2021-11-21 06:34:28,009: [/ss42/joy_mapper_node] Initializing 
[rospy.internal][INFO] 2021-11-21 06:34:28,015: topic[/rosout] adding connection to [/rosout], count 0
[rosout][INFO] 2021-11-21 06:34:28,229: [/ss42/joy_mapper_node] ~speed_gain = 0.41 
[rosout][INFO] 2021-11-21 06:34:28,437: [/ss42/joy_mapper_node] ~steer_gain = 8.3 
[rosout][INFO] 2021-11-21 06:34:28,628: [/ss42/joy_mapper_node] ~bicycle_kinematics = 0.0 
[rosout][INFO] 2021-11-21 06:34:28,764: [/ss42/joy_mapper_node] ~steer_angle_gain = 1.04 
[rosout][INFO] 2021-11-21 06:34:28,924: [/ss42/joy_mapper_node] ~simulated_vehicle_length = 0.18 
[rospy.internal][INFO] 2021-11-21 06:34:29,618: topic[/ss42/wheels_driver_node/emergency_stop] adding connection to [/ss42/wheels_driver_node], count 0
[rospy.internal][INFO] 2021-11-21 06:34:29,725: topic[/ss42/joy] adding connection to [http://ss42.local:46230/], count 0
[rospy.internal][INFO] 2021-11-21 06:34:30,363: topic[/ss42/joy_mapper_node/parallel_autonomy] adding connection to [/ss42/logic_gate_node], count 0
[rospy.internal][INFO] 2021-11-21 06:34:30,374: topic[/ss42/joy_mapper_node/car_cmd] adding connection to [/ss42/car_cmd_switch_node], count 0
[rospy.internal][INFO] 2021-11-21 06:34:31,096: topic[/ss42/joy_mapper_node/joystick_override] adding connection to [/ss42/fsm_node], count 0
[rospy.internal][INFO] 2021-11-21 06:34:31,268: topic[/ss42/joy_mapper_node/parallel_autonomy] adding connection to [/ss42/fsm_node], count 1
[rospy.internal][INFO] 2021-11-21 06:34:31,314: topic[/ss42/joy_mapper_node/start_avoidance] adding connection to [/ss42/fsm_node], count 0
[rospy.internal][INFO] 2021-11-21 06:34:47,570: topic[/ss42/anti_instagram_node/click] adding connection to [/ss42/anti_instagram_node], count 0
[rosout][INFO] 2021-11-21 06:35:01,662: E-stop message
[rosout][INFO] 2021-11-21 06:35:03,302: E-stop message
[rosout][INFO] 2021-11-21 06:35:41,666: override_msg = False
[rosout][INFO] 2021-11-21 06:35:59,877: override_msg = True
[rosout][INFO] 2021-11-21 06:36:05,531: override_msg = False
[rosout][INFO] 2021-11-21 06:36:15,415: override_msg = True
[rosout][INFO] 2021-11-21 06:36:35,294: override_msg = False
[rosout][INFO] 2021-11-21 06:36:49,192: override_msg = True
[rosout][INFO] 2021-11-21 06:36:59,182: override_msg = False
[rosout][INFO] 2021-11-21 06:37:10,836: override_msg = True
[rosout][INFO] 2021-11-21 06:37:20,173: override_msg = False
[rosout][INFO] 2021-11-21 06:37:21,409: override_msg = True
[rosout][INFO] 2021-11-21 06:37:29,247: override_msg = False
[rosout][INFO] 2021-11-21 06:37:32,823: override_msg = True
[rosout][INFO] 2021-11-21 06:37:41,009: override_msg = False
[rosout][INFO] 2021-11-21 06:37:45,854: override_msg = True
[rosout][INFO] 2021-11-21 06:38:12,331: override_msg = True
[rospy.internal][INFO] 2021-11-21 06:38:17,693: topic[/ss42/anti_instagram_node/click] removing connection to /ss42/anti_instagram_node
[rospy.internal][INFO] 2021-11-21 06:38:18,196: topic[/ss42/joy_mapper_node/parallel_autonomy] removing connection to /ss42/logic_gate_node
[rospy.internal][INFO] 2021-11-21 06:38:18,446: topic[/ss42/joy_mapper_node/car_cmd] adding connection to [/ss42/car_cmd_switch_node], count 1
[rospy.internal][INFO] 2021-11-21 06:38:18,449: topic[/ss42/joy_mapper_node/car_cmd] removing connection to /ss42/car_cmd_switch_node
[rospy.core][INFO] 2021-11-21 06:38:18,492: signal_shutdown [signal-2]
[rospy.internal][INFO] 2021-11-21 06:38:18,515: topic[/ss42/joy_mapper_node/car_cmd] removing connection to /ss42/car_cmd_switch_node
[rospy.internal][INFO] 2021-11-21 06:38:18,647: topic[/ss42/joy_mapper_node/joystick_override] removing connection to /ss42/fsm_node
[rospy.internal][INFO] 2021-11-21 06:38:18,655: topic[/ss42/wheels_driver_node/emergency_stop] removing connection to /ss42/wheels_driver_node
[rospy.internal][INFO] 2021-11-21 06:38:18,657: topic[/rosout] removing connection to /rosout
[rospy.internal][INFO] 2021-11-21 06:38:18,665: topic[/ss42/joy_mapper_node/parallel_autonomy] removing connection to /ss42/fsm_node
[rospy.internal][INFO] 2021-11-21 06:38:18,667: topic[/ss42/joy_mapper_node/start_avoidance] removing connection to /ss42/fsm_node
[rospy.internal][INFO] 2021-11-21 06:38:18,677: topic[/ss42/joy] removing connection to http://ss42.local:46230/
[rospy.impl.masterslave][INFO] 2021-11-21 06:38:18,684: signal-2
[rospy.core][INFO] 2021-11-21 06:38:19,158: signal_shutdown [atexit]
