[rospy.client][INFO] 2021-11-21 06:34:27,838: init_node, name[/ss42/duckiebot_visualizer], pid[2639]
[xmlrpc][INFO] 2021-11-21 06:34:27,876: XML-RPC server binding to 0.0.0.0:0
[xmlrpc][INFO] 2021-11-21 06:34:27,879: Started XML-RPC server [http://ss42.local:41790/]
[rospy.impl.masterslave][INFO] 2021-11-21 06:34:27,880: _ready: http://ss42.local:41790/
[rospy.init][INFO] 2021-11-21 06:34:27,883: ROS Slave URI: [http://ss42.local:41790/]
[rospy.registration][INFO] 2021-11-21 06:34:27,946: Registering with master node http://ss42.local:11311/
[xmlrpc][INFO] 2021-11-21 06:34:27,947: xml rpc node: starting XML-RPC server
[rospy.init][INFO] 2021-11-21 06:34:27,986: registered with master
[rospy.rosout][INFO] 2021-11-21 06:34:27,987: initializing /rosout core topic
[rospy.rosout][INFO] 2021-11-21 06:34:28,081: connected to core topic /rosout
[rospy.simtime][INFO] 2021-11-21 06:34:28,179: /use_sim_time is not set, will not subscribe to simulated time [/clock] topic
[rosout][INFO] 2021-11-21 06:34:28,361: [/ss42/duckiebot_visualizer] Initialzing.
[rospy.internal][INFO] 2021-11-21 06:34:28,384: topic[/rosout] adding connection to [/rosout], count 0
[rosout][INFO] 2021-11-21 06:34:28,571: [/ss42/duckiebot_visualizer] ~veh_name = ss42 
[rosout][INFO] 2021-11-21 06:34:28,824: [/ss42/duckiebot_visualizer] Initialzed.
[rospy.internal][INFO] 2021-11-21 06:34:45,576: topic[/ss42/ground_projection/lineseglist_out] adding connection to [http://ss42.local:41119/], count 0
[rospy.core][INFO] 2021-11-21 06:38:17,256: signal_shutdown [signal-2]
[rosout][INFO] 2021-11-21 06:38:17,257: [/ss42/duckiebot_visualizer] Shutting down.
[rospy.internal][INFO] 2021-11-21 06:38:17,533: topic[/rosout] removing connection to /rosout
[rospy.internal][INFO] 2021-11-21 06:38:17,558: topic[/ss42/ground_projection/lineseglist_out] removing connection to http://ss42.local:41119/
[rospy.impl.masterslave][INFO] 2021-11-21 06:38:17,560: signal-2
[rospy.core][INFO] 2021-11-21 06:38:17,887: signal_shutdown [atexit]
