[rospy.client][INFO] 2021-11-21 06:34:29,134: init_node, name[/ss42/lane_controller_node], pid[2642]
[xmlrpc][INFO] 2021-11-21 06:34:29,164: XML-RPC server binding to 0.0.0.0:0
[xmlrpc][INFO] 2021-11-21 06:34:29,182: Started XML-RPC server [http://ss42.local:42390/]
[rospy.impl.masterslave][INFO] 2021-11-21 06:34:29,186: _ready: http://ss42.local:42390/
[rospy.init][INFO] 2021-11-21 06:34:29,204: ROS Slave URI: [http://ss42.local:42390/]
[rospy.registration][INFO] 2021-11-21 06:34:29,224: Registering with master node http://ss42.local:11311/
[xmlrpc][INFO] 2021-11-21 06:34:29,232: xml rpc node: starting XML-RPC server
[rospy.init][INFO] 2021-11-21 06:34:29,306: registered with master
[rospy.rosout][INFO] 2021-11-21 06:34:29,307: initializing /rosout core topic
[rospy.rosout][INFO] 2021-11-21 06:34:29,441: connected to core topic /rosout
[rospy.simtime][INFO] 2021-11-21 06:34:29,565: /use_sim_time is not set, will not subscribe to simulated time [/clock] topic
[rospy.internal][INFO] 2021-11-21 06:34:29,705: topic[/rosout] adding connection to [/rosout], count 0
[rosout][INFO] 2021-11-21 06:34:30,024: [/ss42/lane_controller_node] ~v_bar = 0.3864 
[rosout][INFO] 2021-11-21 06:34:30,296: [/ss42/lane_controller_node] ~k_d = -10.3 
[rosout][INFO] 2021-11-21 06:34:30,460: [/ss42/lane_controller_node] ~k_theta = -5.15 
[rosout][INFO] 2021-11-21 06:34:30,611: [/ss42/lane_controller_node] ~d_thres = 0.2615 
[rosout][INFO] 2021-11-21 06:34:30,766: [/ss42/lane_controller_node] ~theta_thres = 0.523 
[rosout][INFO] 2021-11-21 06:34:30,885: [/ss42/lane_controller_node] ~d_offset = 0.0 
[rosout][INFO] 2021-11-21 06:34:31,106: [/ss42/lane_controller_node] Initialized 
[rospy.internal][INFO] 2021-11-21 06:34:31,165: topic[/ss42/lane_controller_node/car_cmd] adding connection to [/ss42/car_cmd_switch_node], count 0
[rospy.internal][INFO] 2021-11-21 06:34:46,101: topic[/ss42/lane_filter_node/lane_pose] adding connection to [http://ss42.local:35177/], count 0
[rospy.core][INFO] 2021-11-21 06:38:17,166: signal_shutdown [signal-2]
[rosout][INFO] 2021-11-21 06:38:17,167: [/ss42/lane_controller_node] Shutting down...
[rospy.internal][INFO] 2021-11-21 06:38:17,173: topic impl's ref count is zero, deleting topic /ss42/lane_filter_node/lane_pose...
[rospy.internal][INFO] 2021-11-21 06:38:17,184: topic[/ss42/lane_filter_node/lane_pose] removing connection to http://ss42.local:35177/
[rosout][INFO] 2021-11-21 06:38:17,930: [/ss42/lane_controller_node] Shutdown
[rospy.internal][INFO] 2021-11-21 06:38:18,005: topic[/ss42/lane_controller_node/car_cmd] removing connection to /ss42/car_cmd_switch_node
[rospy.internal][INFO] 2021-11-21 06:38:18,013: topic[/rosout] removing connection to /rosout
[rospy.impl.masterslave][INFO] 2021-11-21 06:38:18,016: signal-2
[rospy.core][INFO] 2021-11-21 06:38:18,543: signal_shutdown [atexit]
