[rospy.client][INFO] 2021-11-21 06:34:42,334: [32minit_node, name[/ss42/inverse_kinematics_node], pid[2606][0m
[xmlrpc][INFO] 2021-11-21 06:34:42,356: [32mXML-RPC server binding to 0.0.0.0:0[0m
[rospy.init][INFO] 2021-11-21 06:34:42,361: [32mROS Slave URI: [http://ss42.local:40512/][0m
[xmlrpc][INFO] 2021-11-21 06:34:42,363: [32mStarted XML-RPC server [http://ss42.local:40512/][0m
[rospy.impl.masterslave][INFO] 2021-11-21 06:34:42,364: [32m_ready: http://ss42.local:40512/[0m
[xmlrpc][INFO] 2021-11-21 06:34:42,384: [32mxml rpc node: starting XML-RPC server[0m
[rospy.registration][INFO] 2021-11-21 06:34:42,390: [32mRegistering with master node http://ss42.local:11311/[0m
[rospy.init][INFO] 2021-11-21 06:34:42,463: [32mregistered with master[0m
[rospy.rosout][INFO] 2021-11-21 06:34:42,465: [32minitializing /rosout core topic[0m
[rospy.rosout][INFO] 2021-11-21 06:34:42,501: [32mconnected to core topic /rosout[0m
[rospy.simtime][INFO] 2021-11-21 06:34:42,528: [32m/use_sim_time is not set, will not subscribe to simulated time [/clock] topic[0m
[rosout][WARNING] 2021-11-21 06:34:42,589: [33m[/ss42/inverse_kinematics_node] /home/robotikabot/duckiefleet/calibrations/kinematics/ss42.yaml does not exist. Using default.yaml.[0m
[rospy.internal][INFO] 2021-11-21 06:34:42,800: [32mtopic[/rosout] adding connection to [/rosout], count 0[0m
[rosout][INFO] 2021-11-21 06:34:42,855: [32m[/ss42/inverse_kinematics_node] ~gain = 1.0 [0m
[rosout][INFO] 2021-11-21 06:34:42,904: [32m[/ss42/inverse_kinematics_node] ~trim = 0.0 [0m
[rosout][INFO] 2021-11-21 06:34:42,968: [32m[/ss42/inverse_kinematics_node] ~baseline = 0.1 [0m
[rosout][INFO] 2021-11-21 06:34:43,032: [32m[/ss42/inverse_kinematics_node] ~radius = 0.0318 [0m
[rosout][INFO] 2021-11-21 06:34:43,087: [32m[/ss42/inverse_kinematics_node] ~k = 27.0 [0m
[rosout][INFO] 2021-11-21 06:34:43,141: [32m[/ss42/inverse_kinematics_node] ~limit = 1.0 [0m
[rosout][INFO] 2021-11-21 06:34:43,576: [32m[/ss42/inverse_kinematics_node] Initialized.[0m
[rosout][INFO] 2021-11-21 06:34:43,580: [32m[/ss42/inverse_kinematics_node] gain: 1.0 trim: 0.0 baseline: 0.1 radius: 0.0318 k: 27.0 limit: 1.0[0m
[rospy.internal][INFO] 2021-11-21 06:34:43,629: [32mtopic[/ss42/car_cmd_switch_node/cmd] adding connection to [http://ss42.local:46201/], count 0[0m
[rospy.internal][INFO] 2021-11-21 06:34:43,743: [32mtopic[/ss42/wheels_driver_node/wheels_cmd] adding connection to [/ss42/wheels_driver_node], count 0[0m
[rospy.internal][ERROR] 2021-11-21 06:38:18,387: [31mUnable to initiate TCP/IP socket to ss42.local:32994 (http://ss42.local:46201/): Traceback (most recent call last):
  File "/opt/ros/kinetic/lib/python2.7/dist-packages/rospy/impl/tcpros_base.py", line 557, in connect
    self.read_header()
  File "/opt/ros/kinetic/lib/python2.7/dist-packages/rospy/impl/tcpros_base.py", line 650, in read_header
    self._validate_header(read_ros_handshake_header(sock, self.read_buff, self.protocol.buff_size))
  File "/opt/ros/kinetic/lib/python2.7/dist-packages/rospy/impl/tcpros_base.py", line 593, in _validate_header
    raise TransportInitError("remote error reported: %s"%header['error'])
TransportInitError: remote error reported: node shutting down
[0m
[rospy.core][INFO] 2021-11-21 06:38:19,054: [32msignal_shutdown [signal-2][0m
[rospy.internal][INFO] 2021-11-21 06:38:19,268: [32mtopic[/ss42/wheels_driver_node/wheels_cmd] removing connection to /ss42/wheels_driver_node[0m
[rospy.internal][INFO] 2021-11-21 06:38:19,302: [32mtopic[/rosout] removing connection to /rosout[0m
[rospy.internal][INFO] 2021-11-21 06:38:19,304: [32mtopic[/ss42/car_cmd_switch_node/cmd] removing connection to http://ss42.local:46201/[0m
[rospy.impl.masterslave][INFO] 2021-11-21 06:38:19,305: [32msignal-2[0m
[rospy.core][INFO] 2021-11-21 06:38:19,722: [32msignal_shutdown [atexit][0m
