[rospy.client][INFO] 2021-11-21 06:34:27,528: init_node, name[/ss42/car_cmd_switch_node], pid[2618]
[xmlrpc][INFO] 2021-11-21 06:34:27,571: XML-RPC server binding to 0.0.0.0:0
[xmlrpc][INFO] 2021-11-21 06:34:27,574: Started XML-RPC server [http://ss42.local:46201/]
[rospy.init][INFO] 2021-11-21 06:34:27,592: ROS Slave URI: [http://ss42.local:46201/]
[rospy.impl.masterslave][INFO] 2021-11-21 06:34:27,603: _ready: http://ss42.local:46201/
[rospy.registration][INFO] 2021-11-21 06:34:27,634: Registering with master node http://ss42.local:11311/
[xmlrpc][INFO] 2021-11-21 06:34:27,635: xml rpc node: starting XML-RPC server
[rospy.init][INFO] 2021-11-21 06:34:27,704: registered with master
[rospy.rosout][INFO] 2021-11-21 06:34:27,706: initializing /rosout core topic
[rospy.rosout][INFO] 2021-11-21 06:34:27,786: connected to core topic /rosout
[rospy.simtime][INFO] 2021-11-21 06:34:27,899: /use_sim_time is not set, will not subscribe to simulated time [/clock] topic
[rospy.internal][INFO] 2021-11-21 06:34:28,043: topic[/rosout] adding connection to [/rosout], count 0
[rospy.internal][INFO] 2021-11-21 06:34:28,857: topic[/ss42/fsm_node/mode] adding connection to [http://ss42.local:45729/], count 0
[rosout][INFO] 2021-11-21 06:34:30,257: [/ss42/car_cmd_switch_node] Initialized. 
[rospy.internal][INFO] 2021-11-21 06:34:30,339: topic[/ss42/joy_mapper_node/car_cmd] adding connection to [http://ss42.local:33000/], count 0
[rospy.internal][INFO] 2021-11-21 06:34:30,657: topic[/ss42/simple_coordinator_node/car_cmd] adding connection to [http://ss42.local:35915/], count 0
[rospy.internal][INFO] 2021-11-21 06:34:31,112: topic[/ss42/lane_controller_node/car_cmd] adding connection to [http://ss42.local:42390/], count 0
[rosout][INFO] 2021-11-21 06:34:31,562: [/ss42/car_cmd_switch_node] Car cmd switched to joystick in state JOYSTICK_CONTROL.
[rospy.internal][INFO] 2021-11-21 06:34:43,690: topic[/ss42/car_cmd_switch_node/cmd] adding connection to [/ss42/inverse_kinematics_node], count 0
[rospy.internal][INFO] 2021-11-21 06:34:46,096: topic[/ss42/car_cmd_switch_node/cmd] adding connection to [/ss42/lane_filter_node], count 1
[rosout][INFO] 2021-11-21 06:35:41,765: [/ss42/car_cmd_switch_node] Car cmd switched to lane in state LANE_FOLLOWING.
[rosout][INFO] 2021-11-21 06:35:59,952: [/ss42/car_cmd_switch_node] Car cmd switched to joystick in state JOYSTICK_CONTROL.
[rosout][INFO] 2021-11-21 06:36:05,617: [/ss42/car_cmd_switch_node] Car cmd switched to lane in state LANE_FOLLOWING.
[rosout][INFO] 2021-11-21 06:36:15,490: [/ss42/car_cmd_switch_node] Car cmd switched to joystick in state JOYSTICK_CONTROL.
[rosout][INFO] 2021-11-21 06:36:35,355: [/ss42/car_cmd_switch_node] Car cmd switched to lane in state LANE_FOLLOWING.
[rosout][INFO] 2021-11-21 06:36:49,259: [/ss42/car_cmd_switch_node] Car cmd switched to joystick in state JOYSTICK_CONTROL.
[rosout][INFO] 2021-11-21 06:36:59,248: [/ss42/car_cmd_switch_node] Car cmd switched to lane in state LANE_FOLLOWING.
[rosout][INFO] 2021-11-21 06:37:10,895: [/ss42/car_cmd_switch_node] Car cmd switched to joystick in state JOYSTICK_CONTROL.
[rosout][INFO] 2021-11-21 06:37:20,238: [/ss42/car_cmd_switch_node] Car cmd switched to lane in state LANE_FOLLOWING.
[rosout][INFO] 2021-11-21 06:37:21,459: [/ss42/car_cmd_switch_node] Car cmd switched to joystick in state JOYSTICK_CONTROL.
[rosout][INFO] 2021-11-21 06:37:29,319: [/ss42/car_cmd_switch_node] Car cmd switched to lane in state LANE_FOLLOWING.
[rosout][INFO] 2021-11-21 06:37:32,906: [/ss42/car_cmd_switch_node] Car cmd switched to joystick in state JOYSTICK_CONTROL.
[rosout][INFO] 2021-11-21 06:37:41,080: [/ss42/car_cmd_switch_node] Car cmd switched to lane in state LANE_FOLLOWING.
[rosout][INFO] 2021-11-21 06:37:45,934: [/ss42/car_cmd_switch_node] Car cmd switched to joystick in state JOYSTICK_CONTROL.
[rosout][INFO] 2021-11-21 06:38:12,390: [/ss42/car_cmd_switch_node] Car cmd switched to joystick in state JOYSTICK_CONTROL.
[rospy.internal][ERROR] 2021-11-21 06:38:17,382: Unable to initiate TCP/IP socket to ss42.local:35275 (http://ss42.local:35915/): Traceback (most recent call last):
  File "/opt/ros/kinetic/lib/python2.7/dist-packages/rospy/impl/tcpros_base.py", line 557, in connect
    self.read_header()
  File "/opt/ros/kinetic/lib/python2.7/dist-packages/rospy/impl/tcpros_base.py", line 650, in read_header
    self._validate_header(read_ros_handshake_header(sock, self.read_buff, self.protocol.buff_size))
  File "/opt/ros/kinetic/lib/python2.7/dist-packages/rospy/impl/tcpros_base.py", line 593, in _validate_header
    raise TransportInitError("remote error reported: %s"%header['error'])
TransportInitError: remote error reported: node shutting down

[rospy.internal][ERROR] 2021-11-21 06:38:18,009: Unable to initiate TCP/IP socket to ss42.local:44998 (http://ss42.local:42390/): Traceback (most recent call last):
  File "/opt/ros/kinetic/lib/python2.7/dist-packages/rospy/impl/tcpros_base.py", line 557, in connect
    self.read_header()
  File "/opt/ros/kinetic/lib/python2.7/dist-packages/rospy/impl/tcpros_base.py", line 650, in read_header
    self._validate_header(read_ros_handshake_header(sock, self.read_buff, self.protocol.buff_size))
  File "/opt/ros/kinetic/lib/python2.7/dist-packages/rospy/impl/tcpros_base.py", line 593, in _validate_header
    raise TransportInitError("remote error reported: %s"%header['error'])
TransportInitError: remote error reported: node shutting down

[rospy.internal][INFO] 2021-11-21 06:38:18,030: topic[/ss42/car_cmd_switch_node/cmd] removing connection to /ss42/lane_filter_node
[rospy.core][INFO] 2021-11-21 06:38:18,144: signal_shutdown [signal-2]
[rosout][INFO] 2021-11-21 06:38:18,145: [/ss42/car_cmd_switch_node] Shutting down.
[rospy.internal][INFO] 2021-11-21 06:38:18,372: topic[/rosout] removing connection to /rosout
[rospy.internal][INFO] 2021-11-21 06:38:18,382: topic[/ss42/car_cmd_switch_node/cmd] removing connection to /ss42/inverse_kinematics_node
[rospy.internal][INFO] 2021-11-21 06:38:18,391: topic[/ss42/fsm_node/mode] removing connection to http://ss42.local:45729/
[rospy.internal][WARNING] 2021-11-21 06:38:18,398: Unknown error initiating TCP/IP socket to ss42.local:35275 (http://ss42.local:35915/): Traceback (most recent call last):
  File "/opt/ros/kinetic/lib/python2.7/dist-packages/rospy/impl/tcpros_base.py", line 555, in connect
    self.socket.connect((dest_addr, dest_port))
  File "/usr/lib/python2.7/socket.py", line 228, in meth
    return getattr(self._sock,name)(*args)
error: [Errno 111] Connection refused

[rospy.internal][INFO] 2021-11-21 06:38:18,407: topic[/ss42/simple_coordinator_node/car_cmd] removing connection to http://ss42.local:35915/
[rospy.internal][WARNING] 2021-11-21 06:38:18,408: Unknown error initiating TCP/IP socket to ss42.local:41544 (http://ss42.local:45729/): Traceback (most recent call last):
  File "/opt/ros/kinetic/lib/python2.7/dist-packages/rospy/impl/tcpros_base.py", line 558, in connect
    self.local_endpoint = self.socket.getsockname()
AttributeError: 'NoneType' object has no attribute 'getsockname'

[rospy.internal][INFO] 2021-11-21 06:38:18,414: topic[/ss42/lane_controller_node/car_cmd] removing connection to http://ss42.local:42390/
[rospy.internal][INFO] 2021-11-21 06:38:18,421: topic[/ss42/joy_mapper_node/car_cmd] removing connection to http://ss42.local:33000/
[rospy.impl.masterslave][INFO] 2021-11-21 06:38:18,425: signal-2
[rospy.core][INFO] 2021-11-21 06:38:18,800: signal_shutdown [atexit]
