[rospy.client][INFO] 2021-11-21 06:34:29,522: init_node, name[/ss42/fake_coordinator_node], pid[2655]
[xmlrpc][INFO] 2021-11-21 06:34:29,544: XML-RPC server binding to 0.0.0.0:0
[xmlrpc][INFO] 2021-11-21 06:34:29,552: Started XML-RPC server [http://ss42.local:35915/]
[rospy.init][INFO] 2021-11-21 06:34:29,571: ROS Slave URI: [http://ss42.local:35915/]
[rospy.impl.masterslave][INFO] 2021-11-21 06:34:29,573: _ready: http://ss42.local:35915/
[xmlrpc][INFO] 2021-11-21 06:34:29,603: xml rpc node: starting XML-RPC server
[rospy.registration][INFO] 2021-11-21 06:34:29,619: Registering with master node http://ss42.local:11311/
[rospy.init][INFO] 2021-11-21 06:34:29,673: registered with master
[rospy.rosout][INFO] 2021-11-21 06:34:29,675: initializing /rosout core topic
[rospy.rosout][INFO] 2021-11-21 06:34:29,791: connected to core topic /rosout
[rospy.simtime][INFO] 2021-11-21 06:34:29,951: /use_sim_time is not set, will not subscribe to simulated time [/clock] topic
[rospy.internal][INFO] 2021-11-21 06:34:30,075: topic[/rosout] adding connection to [/rosout], count 0
[rospy.internal][INFO] 2021-11-21 06:34:30,596: topic[/ss42/fsm_node/mode] adding connection to [http://ss42.local:45729/], count 0
[rospy.internal][INFO] 2021-11-21 06:34:30,688: topic[/ss42/simple_coordinator_node/car_cmd] adding connection to [/ss42/car_cmd_switch_node], count 0
[rospy.internal][INFO] 2021-11-21 06:34:31,497: topic[/ss42/simple_coordinator_node/intersection_go] adding connection to [/ss42/fsm_node], count 0
[rospy.core][INFO] 2021-11-21 06:38:17,125: signal_shutdown [signal-2]
[rosout][INFO] 2021-11-21 06:38:17,126: [LaneFilterNode] Shutdown.
[rospy.internal][INFO] 2021-11-21 06:38:17,330: topic[/ss42/simple_coordinator_node/intersection_go] removing connection to /ss42/fsm_node
[rospy.internal][INFO] 2021-11-21 06:38:17,357: topic[/rosout] removing connection to /rosout
[rospy.internal][INFO] 2021-11-21 06:38:17,359: topic[/ss42/simple_coordinator_node/car_cmd] removing connection to /ss42/car_cmd_switch_node
[rospy.internal][INFO] 2021-11-21 06:38:17,363: topic[/ss42/fsm_node/mode] removing connection to http://ss42.local:45729/
[rospy.impl.masterslave][INFO] 2021-11-21 06:38:17,378: signal-2
[rospy.internal][WARNING] 2021-11-21 06:38:17,382: Unknown error initiating TCP/IP socket to ss42.local:41544 (http://ss42.local:45729/): Traceback (most recent call last):
  File "/opt/ros/kinetic/lib/python2.7/dist-packages/rospy/impl/tcpros_base.py", line 558, in connect
    self.local_endpoint = self.socket.getsockname()
AttributeError: 'NoneType' object has no attribute 'getsockname'

[rospy.core][INFO] 2021-11-21 06:38:17,788: signal_shutdown [atexit]
