[rospy.client][INFO] 2021-11-21 06:34:43,980: init_node, name[/ss42/lane_pose_visualizer_node], pid[2648]
[xmlrpc][INFO] 2021-11-21 06:34:43,986: XML-RPC server binding to 0.0.0.0:0
[rospy.init][INFO] 2021-11-21 06:34:43,991: ROS Slave URI: [http://ss42.local:41535/]
[xmlrpc][INFO] 2021-11-21 06:34:43,990: Started XML-RPC server [http://ss42.local:41535/]
[rospy.impl.masterslave][INFO] 2021-11-21 06:34:43,994: _ready: http://ss42.local:41535/
[xmlrpc][INFO] 2021-11-21 06:34:43,996: xml rpc node: starting XML-RPC server
[rospy.registration][INFO] 2021-11-21 06:34:44,000: Registering with master node http://ss42.local:11311/
[rospy.init][INFO] 2021-11-21 06:34:44,093: registered with master
[rospy.rosout][INFO] 2021-11-21 06:34:44,095: initializing /rosout core topic
[rospy.rosout][INFO] 2021-11-21 06:34:44,140: connected to core topic /rosout
[rospy.simtime][INFO] 2021-11-21 06:34:44,171: /use_sim_time is not set, will not subscribe to simulated time [/clock] topic
[rosout][INFO] 2021-11-21 06:34:44,237: [/ss42/lane_pose_visualizer_node] Initialzing.
[rosout][INFO] 2021-11-21 06:34:44,239: [/ss42/lane_pose_visualizer_node] Vehicle name: ss42
[rosout][INFO] 2021-11-21 06:34:44,334: [/ss42/lane_pose_visualizer_node] Initialzed.
[rospy.internal][INFO] 2021-11-21 06:34:44,401: topic[/rosout] adding connection to [/rosout], count 0
[rospy.internal][INFO] 2021-11-21 06:34:46,204: topic[/ss42/lane_filter_node/lane_pose] adding connection to [http://ss42.local:35177/], count 0
[rospy.core][INFO] 2021-11-21 06:38:17,156: signal_shutdown [signal-2]
[rosout][INFO] 2021-11-21 06:38:17,157: [/ss42/lane_pose_visualizer_node] Shutting down.
[rospy.internal][INFO] 2021-11-21 06:38:17,617: topic[/rosout] removing connection to /rosout
[rospy.internal][INFO] 2021-11-21 06:38:17,629: topic[/ss42/lane_filter_node/lane_pose] removing connection to http://ss42.local:35177/
[rospy.impl.masterslave][INFO] 2021-11-21 06:38:17,631: signal-2
[rospy.core][INFO] 2021-11-21 06:38:17,782: signal_shutdown [atexit]
