[rospy.client][INFO] 2021-12-03 13:14:44,867: [32minit_node, name[/ss42/forward_kinematics_node], pid[28059][0m
[xmlrpc][INFO] 2021-12-03 13:14:44,870: [32mXML-RPC server binding to 0.0.0.0:0[0m
[xmlrpc][INFO] 2021-12-03 13:14:44,872: [32mStarted XML-RPC server [http://ss42.local:39876/][0m
[rospy.init][INFO] 2021-12-03 13:14:44,874: [32mROS Slave URI: [http://ss42.local:39876/][0m
[rospy.impl.masterslave][INFO] 2021-12-03 13:14:44,874: [32m_ready: http://ss42.local:39876/[0m
[rospy.registration][INFO] 2021-12-03 13:14:44,880: [32mRegistering with master node http://ss42.local:11311/[0m
[xmlrpc][INFO] 2021-12-03 13:14:44,881: [32mxml rpc node: starting XML-RPC server[0m
[rospy.init][INFO] 2021-12-03 13:14:44,976: [32mregistered with master[0m
[rospy.rosout][INFO] 2021-12-03 13:14:44,977: [32minitializing /rosout core topic[0m
[rospy.rosout][INFO] 2021-12-03 13:14:44,995: [32mconnected to core topic /rosout[0m
[rospy.simtime][INFO] 2021-12-03 13:14:45,009: [32m/use_sim_time is not set, will not subscribe to simulated time [/clock] topic[0m
[rosout][WARNING] 2021-12-03 13:14:45,036: [33m[/ss42/forward_kinematics_node] /home/robotikabot/duckiefleet/calibrations/kinematics/ss42.yaml does not exist. Using default.yaml.[0m
[rosout][INFO] 2021-12-03 13:14:45,137: [32m[/ss42/forward_kinematics_node] ~gain = 1.0 [0m
[rosout][INFO] 2021-12-03 13:14:45,161: [32m[/ss42/forward_kinematics_node] ~trim = 0.0 [0m
[rosout][INFO] 2021-12-03 13:14:45,184: [32m[/ss42/forward_kinematics_node] ~baseline = 0.1 [0m
[rosout][INFO] 2021-12-03 13:14:45,205: [32m[/ss42/forward_kinematics_node] ~radius = 0.0318 [0m
[rosout][INFO] 2021-12-03 13:14:45,228: [32m[/ss42/forward_kinematics_node] ~k = 27.0 [0m
[rosout][INFO] 2021-12-03 13:14:45,263: [32m[/ss42/forward_kinematics_node] Initialized.[0m
[rosout][INFO] 2021-12-03 13:14:45,265: [32m[/ss42/forward_kinematics_node] gain: 1.0 trim: 0.0 baseline: 0.1 radius: 0.0318 k: 27.0[0m
[rospy.internal][INFO] 2021-12-03 13:14:45,278: [32mtopic[/rosout] adding connection to [/rosout], count 0[0m
[rospy.internal][INFO] 2021-12-03 13:14:45,323: [32mtopic[/ss42/wheels_driver_node/wheels_cmd_executed] adding connection to [http://ss42.local:35856/], count 0[0m
[rospy.internal][INFO] 2021-12-03 13:14:45,339: [32mtopic[/ss42/forward_kinematics_node/velocity] adding connection to [/ss42/velocity_to_pose_node], count 0[0m
[rospy.core][INFO] 2021-12-03 13:16:33,112: [32msignal_shutdown [signal-2][0m
[rospy.internal][INFO] 2021-12-03 13:16:33,202: [32mtopic[/ss42/forward_kinematics_node/velocity] removing connection to /ss42/velocity_to_pose_node[0m
[rospy.internal][INFO] 2021-12-03 13:16:33,213: [32mtopic[/rosout] removing connection to /rosout[0m
[rospy.internal][INFO] 2021-12-03 13:16:33,220: [32mtopic[/ss42/wheels_driver_node/wheels_cmd_executed] removing connection to http://ss42.local:35856/[0m
[rospy.impl.masterslave][INFO] 2021-12-03 13:16:33,221: [32msignal-2[0m
[rospy.internal][WARNING] 2021-12-03 13:16:33,262: [33mUnknown error initiating TCP/IP socket to ss42.local:45194 (http://ss42.local:35856/): Traceback (most recent call last):
  File "/opt/ros/kinetic/lib/python2.7/dist-packages/rospy/impl/tcpros_base.py", line 558, in connect
    self.local_endpoint = self.socket.getsockname()
AttributeError: 'NoneType' object has no attribute 'getsockname'
[0m
[rospy.core][INFO] 2021-12-03 13:16:33,756: [32msignal_shutdown [atexit][0m
