[rospy.client][INFO] 2021-12-03 13:14:40,869: init_node, name[/ss42/wheels_driver_node], pid[28073]
[xmlrpc][INFO] 2021-12-03 13:14:40,878: XML-RPC server binding to 0.0.0.0:0
[rospy.init][INFO] 2021-12-03 13:14:40,884: ROS Slave URI: [http://ss42.local:35856/]
[xmlrpc][INFO] 2021-12-03 13:14:40,884: Started XML-RPC server [http://ss42.local:35856/]
[rospy.impl.masterslave][INFO] 2021-12-03 13:14:40,887: _ready: http://ss42.local:35856/
[xmlrpc][INFO] 2021-12-03 13:14:40,890: xml rpc node: starting XML-RPC server
[rospy.registration][INFO] 2021-12-03 13:14:40,896: Registering with master node http://ss42.local:11311/
[rospy.init][INFO] 2021-12-03 13:14:40,986: registered with master
[rospy.rosout][INFO] 2021-12-03 13:14:40,988: initializing /rosout core topic
[rospy.rosout][INFO] 2021-12-03 13:14:41,009: connected to core topic /rosout
[rospy.simtime][INFO] 2021-12-03 13:14:41,021: /use_sim_time is not set, will not subscribe to simulated time [/clock] topic
[rosout][INFO] 2021-12-03 13:14:41,050: [/ss42/wheels_driver_node] Initializing 
[rospy.internal][INFO] 2021-12-03 13:14:41,178: topic[/ss42/wheels_driver_node/emergency_stop] adding connection to [http://ss42.local:42021/], count 0
[rospy.internal][INFO] 2021-12-03 13:14:41,276: topic[/rosout] adding connection to [/rosout], count 0
[rospy.internal][INFO] 2021-12-03 13:14:45,340: topic[/ss42/wheels_driver_node/wheels_cmd_executed] adding connection to [/ss42/forward_kinematics_node], count 0
[rospy.internal][INFO] 2021-12-03 13:14:45,604: topic[/ss42/wheels_driver_node/wheels_cmd] adding connection to [http://ss42.local:43595/], count 0
[rosout][INFO] 2021-12-03 13:14:47,284: [%s] Emergency Stop Activated
[rosout][INFO] 2021-12-03 13:14:47,304: [%s] Emergency Stop Released
[rospy.core][INFO] 2021-12-03 13:16:33,091: signal_shutdown [signal-2]
[rosout][INFO] 2021-12-03 13:16:33,110: [/ss42/wheels_driver_node] Shutting down.
[rospy.internal][INFO] 2021-12-03 13:16:33,210: topic[/ss42/wheels_driver_node/wheels_cmd_executed] removing connection to /ss42/forward_kinematics_node
[rospy.internal][INFO] 2021-12-03 13:16:33,213: topic[/rosout] removing connection to /rosout
[rospy.internal][INFO] 2021-12-03 13:16:33,215: topic[/ss42/wheels_driver_node/emergency_stop] removing connection to http://ss42.local:42021/
[rospy.internal][INFO] 2021-12-03 13:16:33,227: topic[/ss42/wheels_driver_node/wheels_cmd] removing connection to http://ss42.local:43595/
[rospy.impl.masterslave][INFO] 2021-12-03 13:16:33,229: signal-2
[rospy.internal][WARNING] 2021-12-03 13:16:33,262: Unknown error initiating TCP/IP socket to ss42.local:33905 (http://ss42.local:43595/): Traceback (most recent call last):
  File "/opt/ros/kinetic/lib/python2.7/dist-packages/rospy/impl/tcpros_base.py", line 558, in connect
    self.local_endpoint = self.socket.getsockname()
AttributeError: 'NoneType' object has no attribute 'getsockname'

[rospy.core][INFO] 2021-12-03 13:16:33,760: signal_shutdown [atexit]
