[rosmaster.main][INFO] 2021-10-22 13:07:00,048: initialization complete, waiting for shutdown
[rosmaster.main][INFO] 2021-10-22 13:07:00,049: Starting ROS Master Node
[xmlrpc][INFO] 2021-10-22 13:07:00,051: XML-RPC server binding to 0.0.0.0:11311
[xmlrpc][INFO] 2021-10-22 13:07:00,052: Started XML-RPC server [http://ss42.local:11311/]
[rosmaster.master][INFO] 2021-10-22 13:07:00,053: Master initialized: port[11311], uri[http://ss42.local:11311/]
[xmlrpc][INFO] 2021-10-22 13:07:00,053: xml rpc node: starting XML-RPC server
[rosmaster.master][INFO] 2021-10-22 13:07:00,154: +PARAM [/run_id] by /roslaunch
[rosmaster.master][INFO] 2021-10-22 13:07:00,160: +PARAM [/roslaunch/uris/host_ss42_local__37904] by /roslaunch
[rosmaster.master][INFO] 2021-10-22 13:07:00,683: +SERVICE [/rosout/get_loggers] /rosout http://ss42.local:34321/
[rosmaster.master][INFO] 2021-10-22 13:07:00,688: +SERVICE [/rosout/set_logger_level] /rosout http://ss42.local:34321/
[rosmaster.master][INFO] 2021-10-22 13:07:00,698: +PUB [/rosout_agg] /rosout http://ss42.local:34321/
[rosmaster.master][INFO] 2021-10-22 13:07:00,726: +SUB [/rosout] /rosout http://ss42.local:34321/
[rosmaster.master][INFO] 2021-10-22 13:07:00,844: +PARAM [/ss42/lane_controller_node/k_d] by /roslaunch
[rosmaster.master][INFO] 2021-10-22 13:07:00,845: +PARAM [/ss42/led_emitter_node/LED_protocol/signals/traffic_light_stop/color] by /roslaunch
[rosmaster.master][INFO] 2021-10-22 13:07:00,846: +PARAM [/ss42/fsm_node/states/JOYSTICK_CONTROL/transitions/start_avoidance] by /roslaunch
[rosmaster.master][INFO] 2021-10-22 13:07:00,846: +PARAM [/ss42/led_emitter_node/LED_protocol/signals/light_off/frequency] by /roslaunch
[rosmaster.master][INFO] 2021-10-22 13:07:00,846: +PARAM [/ss42/fsm_node/nodes/static_object_detector_node] by /roslaunch
[rosmaster.master][INFO] 2021-10-22 13:07:00,847: +PARAM [/ss42/fsm_node/events/intersection_done_and_parallel_autonomy/topic] by /roslaunch
[rosmaster.master][INFO] 2021-10-22 13:07:00,847: +PARAM [/ss42/logic_gate_node/events/parallel_autonomy_on/topic] by /roslaunch
[rosmaster.master][INFO] 2021-10-22 13:07:00,848: +PARAM [/ss42/cam_info_reader_node/image_type] by /roslaunch
[rosmaster.master][INFO] 2021-10-22 13:07:00,848: +PARAM [/ss42/fsm_node/states/LANE_RECOVERY/transitions/found_lane] by /roslaunch
[rosmaster.master][INFO] 2021-10-22 13:07:00,848: +PARAM [/ss42/car_cmd_switch_node/source_topics/obstacle] by /roslaunch
[rosmaster.master][INFO] 2021-10-22 13:07:00,849: +PARAM [/ss42/logic_gate_node/gates/intersection_done_and_parallel_autonomy_off/gate_type] by /roslaunch
[rosmaster.master][INFO] 2021-10-22 13:07:00,849: +PARAM [/ss42/fsm_node/events/intersection_done_and_not_parallel_autonomy/topic] by /roslaunch
[rosmaster.master][INFO] 2021-10-22 13:07:00,850: +PARAM [/ss42/fsm_node/states/LANE_FOLLOWING/lights] by /roslaunch
[rosmaster.master][INFO] 2021-10-22 13:07:00,850: +PARAM [/ss42/fsm_node/events/obstacle_cleared/topic] by /roslaunch
[rosmaster.master][INFO] 2021-10-22 13:07:00,851: +PARAM [/ss42/fsm_node/events/intersection_done/topic] by /roslaunch
[rosmaster.master][INFO] 2021-10-22 13:07:00,851: +PARAM [/ss42/fsm_node/events/joystick_override_on/msg_type] by /roslaunch
[rosmaster.master][INFO] 2021-10-22 13:07:00,851: +PARAM [/ss42/duckiebot_visualizer/veh_name] by /roslaunch
[rosmaster.master][INFO] 2021-10-22 13:07:00,852: +PARAM [/ss42/led_emitter_node/LED_protocol/signals/CAR_SIGNAL_A/frequency] by /roslaunch
[rosmaster.master][INFO] 2021-10-22 13:07:00,852: +PARAM [/ss42/fsm_node/events/intersection_done_and_not_parallel_autonomy/trigger] by /roslaunch
[rosmaster.master][INFO] 2021-10-22 13:07:00,853: +PARAM [/ss42/fsm_node/states/LANE_RECOVERY/active_nodes] by /roslaunch
[rosmaster.master][INFO] 2021-10-22 13:07:00,853: +PARAM [/ss42/car_cmd_switch_node/source_topics/lane] by /roslaunch
[rosmaster.master][INFO] 2021-10-22 13:07:00,854: +PARAM [/enable_statistics] by /roslaunch
[rosmaster.master][INFO] 2021-10-22 13:07:00,854: +PARAM [/ss42/fsm_node/states/LANE_RECOVERY/transitions/lane_recovery_timeout_reached] by /roslaunch
[rosmaster.master][INFO] 2021-10-22 13:07:00,854: +PARAM [/ss42/fsm_node/events/joystick_override_off/msg_type] by /roslaunch
[rosmaster.master][INFO] 2021-10-22 13:07:00,855: +PARAM [/ss42/joy_node/deadzone] by /roslaunch
[rosmaster.master][INFO] 2021-10-22 13:07:00,855: +PARAM [/ss42/ground_projection/config] by /roslaunch
[rosmaster.master][INFO] 2021-10-22 13:07:00,856: +PARAM [/ss42/fsm_node/states/PARALLEL_AUTONOMY/active_nodes] by /roslaunch
[rosmaster.master][INFO] 2021-10-22 13:07:00,856: +PARAM [/ss42/cam_info_reader_node/pub_freq] by /roslaunch
[rosmaster.master][INFO] 2021-10-22 13:07:00,857: +PARAM [/ss42/fsm_node/states/COORDINATION/transitions/intersection_go] by /roslaunch
[rosmaster.master][INFO] 2021-10-22 13:07:00,857: +PARAM [/ss42/fsm_node/nodes/framerate_high] by /roslaunch
[rosmaster.master][INFO] 2021-10-22 13:07:00,857: +PARAM [/ss42/fsm_node/events/vehicle_cleared/msg_type] by /roslaunch
[rosmaster.master][INFO] 2021-10-22 13:07:00,858: +PARAM [/ss42/fsm_node/states/JOYSTICK_CONTROL/active_nodes] by /roslaunch
[rosmaster.master][INFO] 2021-10-22 13:07:00,858: +PARAM [/ss42/car_cmd_switch_node/source_topics/coordination] by /roslaunch
[rosmaster.master][INFO] 2021-10-22 13:07:00,859: +PARAM [/ss42/fsm_node/events/parallel_autonomy_off/trigger] by /roslaunch
[rosmaster.master][INFO] 2021-10-22 13:07:00,859: +PARAM [/ss42/fsm_node/states/LANE_FOLLOWING_AVOID/transitions/obstacle_detection] by /roslaunch
[rosmaster.master][INFO] 2021-10-22 13:07:00,859: +PARAM [/ss42/fsm_node/events/intersection_done_and_parallel_autonomy/msg_type] by /roslaunch
[rosmaster.master][INFO] 2021-10-22 13:07:00,860: +PARAM [/ss42/led_emitter_node/LED_protocol/colors/yellow] by /roslaunch
[rosmaster.master][INFO] 2021-10-22 13:07:00,860: +PARAM [/ss42/fsm_node/initial_state] by /roslaunch
[rosmaster.master][INFO] 2021-10-22 13:07:00,861: +PARAM [/ss42/fsm_node/nodes/stop_line_filter_node] by /roslaunch
[rosmaster.master][INFO] 2021-10-22 13:07:00,861: +PARAM [/ss42/fsm_node/events/parallel_autonomy_on/msg_type] by /roslaunch
[rosmaster.master][INFO] 2021-10-22 13:07:00,861: +PARAM [/ss42/joy_mapper_node/steer_angle_gain] by /roslaunch
[rosmaster.master][INFO] 2021-10-22 13:07:00,862: +PARAM [/ss42/fsm_node/events/obstacle_cleared/msg_type] by /roslaunch
[rosmaster.master][INFO] 2021-10-22 13:07:00,862: +PARAM [/ss42/fsm_node/states/INTERSECTION_RECOVERY/transitions/found_lane] by /roslaunch
[rosmaster.master][INFO] 2021-10-22 13:07:00,863: +PARAM [/ss42/fsm_node/states/AVOID_VEHICLE/transitions/vehicle_cleared] by /roslaunch
[rosmaster.master][INFO] 2021-10-22 13:07:00,863: +PARAM [/ss42/fsm_node/nodes/led_detector_node] by /roslaunch
[rosmaster.master][INFO] 2021-10-22 13:07:00,864: +PARAM [/ss42/logic_gate_node/gates/intersection_done_and_parallel_autonomy_on/inputs] by /roslaunch
[rosmaster.master][INFO] 2021-10-22 13:07:00,864: +PARAM [/ss42/ground_projection/config_file_name] by /roslaunch
[rosmaster.master][INFO] 2021-10-22 13:07:00,864: +PARAM [/ss42/fsm_node/events/intersection_go/trigger] by /roslaunch
[rosmaster.master][INFO] 2021-10-22 13:07:00,865: +PARAM [/ss42/fsm_node/events/parallel_autonomy_off/msg_type] by /roslaunch
[rosmaster.master][INFO] 2021-10-22 13:07:00,865: +PARAM [/ss42/fsm_node/events/parallel_autonomy_on/topic] by /roslaunch
[rosmaster.master][INFO] 2021-10-22 13:07:00,866: +PARAM [/ss42/fsm_node/states/PARALLEL_AUTONOMY/lights] by /roslaunch
[rosmaster.master][INFO] 2021-10-22 13:07:00,866: +PARAM [/ss42/fsm_node/states/INTERSECTION_CONTROL/transitions/intersection_done] by /roslaunch
[rosmaster.master][INFO] 2021-10-22 13:07:00,866: +PARAM [/ss42/fsm_node/states/LANE_FOLLOWING_AVOID/active_nodes] by /roslaunch
[rosmaster.master][INFO] 2021-10-22 13:07:00,867: +PARAM [/ss42/fsm_node/states/COORDINATION/lights] by /roslaunch
[rosmaster.master][INFO] 2021-10-22 13:07:00,867: +PARAM [/ss42/fsm_node/events/start_avoidance/topic] by /roslaunch
[rosmaster.master][INFO] 2021-10-22 13:07:00,868: +PARAM [/ss42/fsm_node/states/INTERSECTION_RECOVERY/active_nodes] by /roslaunch
[rosmaster.master][INFO] 2021-10-22 13:07:00,868: +PARAM [/ss42/lane_controller_node/theta_thres] by /roslaunch
[rosmaster.master][INFO] 2021-10-22 13:07:00,868: +PARAM [/ss42/fsm_node/states/LANE_FOLLOWING/active_nodes] by /roslaunch
[rosmaster.master][INFO] 2021-10-22 13:07:00,869: +PARAM [/ss42/fsm_node/states/AVOID_OBSTACLE/transitions/obstacle_cleared] by /roslaunch
[rosmaster.master][INFO] 2021-10-22 13:07:00,869: +PARAM [/ss42/fsm_node/events/at_stop_line/topic] by /roslaunch
[rosmaster.master][INFO] 2021-10-22 13:07:00,870: +PARAM [/ss42/fsm_node/states/LANE_FOLLOWING/transitions/at_stop_line] by /roslaunch
[rosmaster.master][INFO] 2021-10-22 13:07:00,870: +PARAM [/ss42/led_emitter_node/LED_protocol/signals/traffic_light_go/color] by /roslaunch
[rosmaster.master][INFO] 2021-10-22 13:07:00,871: +PARAM [/ss42/led_emitter_node/LED_protocol/frequencies/f2] by /roslaunch
[rosmaster.master][INFO] 2021-10-22 13:07:00,871: +PARAM [/ss42/line_detector_node/top_cutoff] by /roslaunch
[rosmaster.master][INFO] 2021-10-22 13:07:00,871: +PARAM [/ss42/camera_node/res_w] by /roslaunch
[rosmaster.master][INFO] 2021-10-22 13:07:00,872: +PARAM [/ss42/lane_filter_node/use_propagation] by /roslaunch
[rosmaster.master][INFO] 2021-10-22 13:07:00,872: +PARAM [/rosdistro] by /roslaunch
[rosmaster.master][INFO] 2021-10-22 13:07:00,873: +PARAM [/ss42/led_emitter_node/LED_protocol/signals/CAR_SIGNAL_C/color] by /roslaunch
[rosmaster.master][INFO] 2021-10-22 13:07:00,873: +PARAM [/ss42/fsm_node/events/intersection_done_and_not_parallel_autonomy/msg_type] by /roslaunch
[rosmaster.master][INFO] 2021-10-22 13:07:00,873: +PARAM [/ss42/fsm_node/events/vehicle_cleared/trigger] by /roslaunch
[rosmaster.master][INFO] 2021-10-22 13:07:00,874: +PARAM [/ss42/fsm_node/states/PARALLEL_AUTONOMY/transitions/vehicle_detection] by /roslaunch
[rosmaster.master][INFO] 2021-10-22 13:07:00,874: +PARAM [/ss42/fsm_node/events/intersection_done_and_parallel_autonomy/trigger] by /roslaunch
[rosmaster.master][INFO] 2021-10-22 13:07:00,875: +PARAM [/ss42/fsm_node/nodes/line_detector_node] by /roslaunch
[rosmaster.master][INFO] 2021-10-22 13:07:00,875: +PARAM [/ss42/lane_controller_node/k_theta] by /roslaunch
[rosmaster.master][INFO] 2021-10-22 13:07:00,875: +PARAM [/ss42/camera_node/res_h] by /roslaunch
[rosmaster.master][INFO] 2021-10-22 13:07:00,876: +PARAM [/ss42/lane_controller_node/v_bar] by /roslaunch
[rosmaster.master][INFO] 2021-10-22 13:07:00,876: +PARAM [/ss42/fsm_node/events/vehicle_detection/topic] by /roslaunch
[rosmaster.master][INFO] 2021-10-22 13:07:00,877: +PARAM [/ss42/led_emitter_node/LED_protocol/signals/CAR_SIGNAL_A/color] by /roslaunch
[rosmaster.master][INFO] 2021-10-22 13:07:00,877: +PARAM [/ss42/fsm_node/events/obstacle_cleared/trigger] by /roslaunch
[rosmaster.master][INFO] 2021-10-22 13:07:00,878: +PARAM [/ss42/fsm_node/events/obstacle_detection/topic] by /roslaunch
[rosmaster.master][INFO] 2021-10-22 13:07:00,878: +PARAM [/ss42/led_emitter_node/LED_protocol/colors/green] by /roslaunch
[rosmaster.master][INFO] 2021-10-22 13:07:00,879: +PARAM [/ss42/fsm_node/events/parallel_autonomy_off/topic] by /roslaunch
[rosmaster.master][INFO] 2021-10-22 13:07:00,879: +PARAM [/ss42/led_emitter_node/LED_protocol/signals/CAR_SIGNAL_B/color] by /roslaunch
[rosmaster.master][INFO] 2021-10-22 13:07:00,879: +PARAM [/ss42/logic_gate_node/gates/intersection_done_and_parallel_autonomy_off/output_topic] by /roslaunch
[rosmaster.master][INFO] 2021-10-22 13:07:00,880: +PARAM [/ss42/fsm_node/events/at_stop_line/msg_type] by /roslaunch
[rosmaster.master][INFO] 2021-10-22 13:07:00,880: +PARAM [/ss42/fsm_node/events/joystick_override_on/trigger] by /roslaunch
[rosmaster.master][INFO] 2021-10-22 13:07:00,881: +PARAM [/ss42/joy_node/coalesce_interval] by /roslaunch
[rosmaster.master][INFO] 2021-10-22 13:07:00,881: +PARAM [/ss42/fsm_node/states/AVOID_VEHICLE/active_nodes] by /roslaunch
[rosmaster.master][INFO] 2021-10-22 13:07:00,881: +PARAM [/ss42/led_emitter_node/LED_protocol/colors/black] by /roslaunch
[rosmaster.master][INFO] 2021-10-22 13:07:00,882: +PARAM [/ss42/logic_gate_node/gates/intersection_done_and_parallel_autonomy_off/inputs] by /roslaunch
[rosmaster.master][INFO] 2021-10-22 13:07:00,882: +PARAM [/ss42/fsm_node/events/intersection_done/msg_type] by /roslaunch
[rosmaster.master][INFO] 2021-10-22 13:07:00,883: +PARAM [/ss42/logic_gate_node/gates/intersection_done_and_parallel_autonomy_on/output_topic] by /roslaunch
[rosmaster.master][INFO] 2021-10-22 13:07:00,883: +PARAM [/ss42/fsm_node/states/COORDINATION/active_nodes] by /roslaunch
[rosmaster.master][INFO] 2021-10-22 13:07:00,884: +PARAM [/ss42/car_cmd_switch_node/mappings/JOYSTICK_CONTROL] by /roslaunch
[rosmaster.master][INFO] 2021-10-22 13:07:00,884: +PARAM [/ss42/led_emitter_node/LED_protocol/colors/cyan] by /roslaunch
[rosmaster.master][INFO] 2021-10-22 13:07:00,884: +PARAM [/ss42/fsm_node/states/AVOID_OBSTACLE/lights] by /roslaunch
[rosmaster.master][INFO] 2021-10-22 13:07:00,885: +PARAM [/ss42/fsm_node/states/AVOID_VEHICLE/lights] by /roslaunch
[rosmaster.master][INFO] 2021-10-22 13:07:00,885: +PARAM [/ss42/fsm_node/events/start_avoidance/trigger] by /roslaunch
[rosmaster.master][INFO] 2021-10-22 13:07:00,886: +PARAM [/ss42/car_cmd_switch_node/source_topics/vehicle] by /roslaunch
[rosmaster.master][INFO] 2021-10-22 13:07:00,886: +PARAM [/ss42/led_emitter_node/LED_protocol/signals/traffic_light_stop/frequency] by /roslaunch
[rosmaster.master][INFO] 2021-10-22 13:07:00,886: +PARAM [/ss42/car_cmd_switch_node/mappings/INTERSECTION_RECOVERY] by /roslaunch
[rosmaster.master][INFO] 2021-10-22 13:07:00,887: +PARAM [/ss42/joy_mapper_node/speed_gain] by /roslaunch
[rosmaster.master][INFO] 2021-10-22 13:07:00,887: +PARAM [/ss42/fsm_node/events/vehicle_detection/trigger] by /roslaunch
[rosmaster.master][INFO] 2021-10-22 13:07:00,888: +PARAM [/ss42/car_cmd_switch_node/mappings/AVOID_OBSTACLE] by /roslaunch
[rosmaster.master][INFO] 2021-10-22 13:07:00,888: +PARAM [/ss42/line_detector_node/verbose] by /roslaunch
[rosmaster.master][INFO] 2021-10-22 13:07:00,888: +PARAM [/ss42/fsm_node/events/intersection_go/topic] by /roslaunch
[rosmaster.master][INFO] 2021-10-22 13:07:00,889: +PARAM [/ss42/joy_node/autorepeat_rate] by /roslaunch
[rosmaster.master][INFO] 2021-10-22 13:07:00,889: +PARAM [/ss42/fsm_node/nodes/decoder_node] by /roslaunch
[rosmaster.master][INFO] 2021-10-22 13:07:00,890: +PARAM [/ss42/led_emitter_node/LED_protocol/signals/CAR_SIGNAL_C/frequency] by /roslaunch
[rosmaster.master][INFO] 2021-10-22 13:07:00,890: +PARAM [/ss42/led_emitter_node/LED_protocol/signals/traffic_light_go/frequency] by /roslaunch
[rosmaster.master][INFO] 2021-10-22 13:07:00,890: +PARAM [/ss42/fsm_node/events/joystick_override_off/trigger] by /roslaunch
[rosmaster.master][INFO] 2021-10-22 13:07:00,891: +PARAM [/ss42/car_cmd_switch_node/mappings/LANE_FOLLOWING] by /roslaunch
[rosmaster.master][INFO] 2021-10-22 13:07:00,891: +PARAM [/ss42/led_emitter_node/LED_protocol/colors/white] by /roslaunch
[rosmaster.master][INFO] 2021-10-22 13:07:00,892: +PARAM [/ss42/fsm_node/global_transitions/joystick_override_on] by /roslaunch
[rosmaster.master][INFO] 2021-10-22 13:07:00,892: +PARAM [/ss42/camera_node/framerate_low] by /roslaunch
[rosmaster.master][INFO] 2021-10-22 13:07:00,893: +PARAM [/ss42/fsm_node/events/vehicle_detection/msg_type] by /roslaunch
[rosmaster.master][INFO] 2021-10-22 13:07:00,893: +PARAM [/ss42/fsm_node/events/intersection_done/trigger] by /roslaunch
[rosmaster.master][INFO] 2021-10-22 13:07:00,893: +PARAM [/ss42/logic_gate_node/events/intersection_done/topic] by /roslaunch
[rosmaster.master][INFO] 2021-10-22 13:07:00,894: +PARAM [/ss42/joy_mapper_node/simulated_vehicle_length] by /roslaunch
[rosmaster.master][INFO] 2021-10-22 13:07:00,894: +PARAM [/ss42/fsm_node/states/JOYSTICK_CONTROL/lights] by /roslaunch
[rosmaster.master][INFO] 2021-10-22 13:07:00,895: +PARAM [/ss42/led_emitter_node/LED_protocol/signals/CAR_SIGNAL_B/frequency] by /roslaunch
[rosmaster.master][INFO] 2021-10-22 13:07:00,895: +PARAM [/ss42/car_cmd_switch_node/mappings/LOCALIZATION] by /roslaunch
[rosmaster.master][INFO] 2021-10-22 13:07:00,895: +PARAM [/ss42/fsm_node/events/at_stop_line/trigger] by /roslaunch
[rosmaster.master][INFO] 2021-10-22 13:07:00,896: +PARAM [/ss42/fsm_node/nodes/lane_filter_node] by /roslaunch
[rosmaster.master][INFO] 2021-10-22 13:07:00,896: +PARAM [/ss42/line_detector_node/img_size] by /roslaunch
[rosmaster.master][INFO] 2021-10-22 13:07:00,897: +PARAM [/ss42/car_cmd_switch_node/source_topics/recovery] by /roslaunch
[rosmaster.master][INFO] 2021-10-22 13:07:00,897: +PARAM [/ss42/fsm_node/states/INTERSECTION_RECOVERY/transitions/intersection_recovery_timeout_reached] by /roslaunch
[rosmaster.master][INFO] 2021-10-22 13:07:00,897: +PARAM [/ss42/camera_node/framerate_high] by /roslaunch
[rosmaster.master][INFO] 2021-10-22 13:07:00,898: +PARAM [/ss42/fsm_node/states/PARALLEL_AUTONOMY/transitions/at_stop_line] by /roslaunch
[rosmaster.master][INFO] 2021-10-22 13:07:00,898: +PARAM [/ss42/fsm_node/states/AVOID_OBSTACLE/active_nodes] by /roslaunch
[rosmaster.master][INFO] 2021-10-22 13:07:00,899: +PARAM [/ss42/fsm_node/nodes/apriltag_node] by /roslaunch
[rosmaster.master][INFO] 2021-10-22 13:07:00,899: +PARAM [/ss42/logic_gate_node/events/intersection_done/trigger] by /roslaunch
[rosmaster.master][INFO] 2021-10-22 13:07:00,899: +PARAM [/ss42/cam_info_reader_node/cali_file_name] by /roslaunch
[rosmaster.master][INFO] 2021-10-22 13:07:00,900: +PARAM [/ss42/fsm_node/events/obstacle_detection/trigger] by /roslaunch
[rosmaster.master][INFO] 2021-10-22 13:07:00,900: +PARAM [/ss42/fsm_node/states/INTERSECTION_CONTROL/active_nodes] by /roslaunch
[rosmaster.master][INFO] 2021-10-22 13:07:00,901: +PARAM [/ss42/logic_gate_node/events/parallel_autonomy_off/topic] by /roslaunch
[rosmaster.master][INFO] 2021-10-22 13:07:00,901: +PARAM [/ss42/fsm_node/events/obstacle_detection/msg_type] by /roslaunch
[rosmaster.master][INFO] 2021-10-22 13:07:00,902: +PARAM [/ss42/led_emitter_node/LED_protocol/signals/light_off/color] by /roslaunch
[rosmaster.master][INFO] 2021-10-22 13:07:00,903: +PARAM [/ss42/logic_gate_node/events/parallel_autonomy_off/trigger] by /roslaunch
[rosmaster.master][INFO] 2021-10-22 13:07:00,903: +PARAM [/ss42/fsm_node/events/joystick_override_off/topic] by /roslaunch
[rosmaster.master][INFO] 2021-10-22 13:07:00,904: +PARAM [/ss42/lane_filter_node/filter] by /roslaunch
[rosmaster.master][INFO] 2021-10-22 13:07:00,905: +PARAM [/ss42/fsm_node/nodes/led_emitter_node] by /roslaunch
[rosmaster.master][INFO] 2021-10-22 13:07:00,905: +PARAM [/ss42/fsm_node/events/joystick_override_on/topic] by /roslaunch
[rosmaster.master][INFO] 2021-10-22 13:07:00,906: +PARAM [/ss42/fsm_node/nodes/vehicle_detector_node] by /roslaunch
[rosmaster.master][INFO] 2021-10-22 13:07:00,906: +PARAM [/ss42/fsm_node/states/LANE_FOLLOWING_AVOID/transitions/vehicle_detection] by /roslaunch
[rosmaster.master][INFO] 2021-10-22 13:07:00,907: +PARAM [/ss42/line_detector_node/detector] by /roslaunch
[rosmaster.master][INFO] 2021-10-22 13:07:00,907: +PARAM [/ss42/fsm_node/events/start_avoidance/msg_type] by /roslaunch
[rosmaster.master][INFO] 2021-10-22 13:07:00,908: +PARAM [/ss42/car_cmd_switch_node/mappings/LANE_FOLLOWING_AVOID] by /roslaunch
[rosmaster.master][INFO] 2021-10-22 13:07:00,908: +PARAM [/ss42/lane_controller_node/d_offset] by /roslaunch
[rosmaster.master][INFO] 2021-10-22 13:07:00,908: +PARAM [/ss42/joy_mapper_node/steer_gain] by /roslaunch
[rosmaster.master][INFO] 2021-10-22 13:07:00,909: +PARAM [/ss42/fsm_node/global_transitions/parallel_autonomy_on] by /roslaunch
[rosmaster.master][INFO] 2021-10-22 13:07:00,909: +PARAM [/ss42/car_cmd_switch_node/source_topics/intersection] by /roslaunch
[rosmaster.master][INFO] 2021-10-22 13:07:00,910: +PARAM [/ss42/car_cmd_switch_node/mappings/INTERSECTION_CONTROL] by /roslaunch
[rosmaster.master][INFO] 2021-10-22 13:07:00,910: +PARAM [/ss42/led_emitter_node/LED_protocol/frequencies/f1] by /roslaunch
[rosmaster.master][INFO] 2021-10-22 13:07:00,910: +PARAM [/ss42/car_cmd_switch_node/mappings/LANE_RECOVERY] by /roslaunch
[rosmaster.master][INFO] 2021-10-22 13:07:00,911: +PARAM [/ss42/led_emitter_node/LED_protocol/frequencies/f3] by /roslaunch
[rosmaster.master][INFO] 2021-10-22 13:07:00,912: +PARAM [/ss42/car_cmd_switch_node/mappings/PARALLEL_AUTONOMY] by /roslaunch
[rosmaster.master][INFO] 2021-10-22 13:07:00,912: +PARAM [/ss42/fsm_node/events/parallel_autonomy_on/trigger] by /roslaunch
[rosmaster.master][INFO] 2021-10-22 13:07:00,912: +PARAM [/ss42/joy_mapper_node/bicycle_kinematics] by /roslaunch
[rosmaster.master][INFO] 2021-10-22 13:07:00,913: +PARAM [/ss42/led_emitter_node/LED_protocol/colors/purple] by /roslaunch
[rosmaster.master][INFO] 2021-10-22 13:07:00,913: +PARAM [/rosversion] by /roslaunch
[rosmaster.master][INFO] 2021-10-22 13:07:00,914: +PARAM [/ss42/led_emitter_node/LED_protocol/colors/red] by /roslaunch
[rosmaster.master][INFO] 2021-10-22 13:07:00,914: +PARAM [/ss42/car_cmd_switch_node/mappings/AVOID_VEHICLE] by /roslaunch
[rosmaster.master][INFO] 2021-10-22 13:07:00,915: +PARAM [/ss42/fsm_node/states/LANE_FOLLOWING_AVOID/transitions/at_stop_line] by /roslaunch
[rosmaster.master][INFO] 2021-10-22 13:07:00,915: +PARAM [/ss42/logic_gate_node/gates/intersection_done_and_parallel_autonomy_on/gate_type] by /roslaunch
[rosmaster.master][INFO] 2021-10-22 13:07:00,915: +PARAM [/ss42/cam_info_reader_node/config] by /roslaunch
[rosmaster.master][INFO] 2021-10-22 13:07:00,916: +PARAM [/ss42/car_cmd_switch_node/mode_topic] by /roslaunch
[rosmaster.master][INFO] 2021-10-22 13:07:00,916: +PARAM [/ss42/led_emitter_node/LED_protocol/colors/blue] by /roslaunch
[rosmaster.master][INFO] 2021-10-22 13:07:00,917: +PARAM [/ss42/fsm_node/events/vehicle_cleared/topic] by /roslaunch
[rosmaster.master][INFO] 2021-10-22 13:07:00,917: +PARAM [/ss42/fsm_node/global_transitions/parallel_autonomy_off] by /roslaunch
[rosmaster.master][INFO] 2021-10-22 13:07:00,917: +PARAM [/ss42/car_cmd_switch_node/source_topics/joystick] by /roslaunch
[rosmaster.master][INFO] 2021-10-22 13:07:00,918: +PARAM [/ss42/car_cmd_switch_node/source_topics/parallel_autonomy] by /roslaunch
[rosmaster.master][INFO] 2021-10-22 13:07:00,918: +PARAM [/ss42/car_cmd_switch_node/mappings/COORDINATION] by /roslaunch
[rosmaster.master][INFO] 2021-10-22 13:07:00,919: +PARAM [/ss42/fsm_node/events/intersection_go/msg_type] by /roslaunch
[rosmaster.master][INFO] 2021-10-22 13:07:00,919: +PARAM [/ss42/fsm_node/states/LANE_FOLLOWING_AVOID/lights] by /roslaunch
[rosmaster.master][INFO] 2021-10-22 13:07:00,920: +PARAM [/ss42/lane_controller_node/d_thres] by /roslaunch
[rosmaster.master][INFO] 2021-10-22 13:07:00,920: +PARAM [/ss42/fsm_node/states/JOYSTICK_CONTROL/transitions/joystick_override_off] by /roslaunch
[rosmaster.master][INFO] 2021-10-22 13:07:00,921: +PARAM [/ss42/joy_node/dev] by /roslaunch
[rosmaster.master][INFO] 2021-10-22 13:07:00,921: +PARAM [/ss42/logic_gate_node/events/parallel_autonomy_on/trigger] by /roslaunch
[rosmaster.master][INFO] 2021-10-22 13:07:01,276: +PUB [/rosout] /ss42/joy_node http://ss42.local:43115/
[rosmaster.master][INFO] 2021-10-22 13:07:01,293: +SERVICE [/ss42/joy_node/get_loggers] /ss42/joy_node http://ss42.local:43115/
[rosmaster.master][INFO] 2021-10-22 13:07:01,310: +SERVICE [/ss42/joy_node/set_logger_level] /ss42/joy_node http://ss42.local:43115/
[rosmaster.master][INFO] 2021-10-22 13:07:01,353: publisherUpdate[/rosout] -> http://ss42.local:34321/ ['http://ss42.local:43115/']
[rosmaster.master][INFO] 2021-10-22 13:07:01,360: +PUB [/diagnostics] /ss42/joy_node http://ss42.local:43115/
[rosmaster.master][INFO] 2021-10-22 13:07:01,365: publisherUpdate[/rosout] -> http://ss42.local:34321/ ['http://ss42.local:43115/']: sec=0.01, result=[1, '', 0]
[rosmaster.master][INFO] 2021-10-22 13:07:01,414: +PUB [/ss42/joy] /ss42/joy_node http://ss42.local:43115/
[rosmaster.master][INFO] 2021-10-22 13:07:01,961: +PUB [/rosout] /ss42_to_map http://ss42.local:41304/
[rosmaster.master][INFO] 2021-10-22 13:07:01,968: publisherUpdate[/rosout] -> http://ss42.local:34321/ ['http://ss42.local:43115/', 'http://ss42.local:41304/']
[rosmaster.master][INFO] 2021-10-22 13:07:01,972: publisherUpdate[/rosout] -> http://ss42.local:34321/ ['http://ss42.local:43115/', 'http://ss42.local:41304/']: sec=0.00, result=[1, '', 0]
[rosmaster.master][INFO] 2021-10-22 13:07:01,993: +SERVICE [/ss42_to_map/get_loggers] /ss42_to_map http://ss42.local:41304/
[rosmaster.master][INFO] 2021-10-22 13:07:02,023: +SERVICE [/ss42_to_map/set_logger_level] /ss42_to_map http://ss42.local:41304/
[rosmaster.master][INFO] 2021-10-22 13:07:02,068: +PUB [/tf] /ss42_to_map http://ss42.local:41304/
[rosmaster.master][INFO] 2021-10-22 13:07:04,539: +PUB [/rosout] /ss42/wheels_driver_node http://ss42.local:37618/
[rosmaster.master][INFO] 2021-10-22 13:07:04,579: publisherUpdate[/rosout] -> http://ss42.local:34321/ ['http://ss42.local:43115/', 'http://ss42.local:41304/', 'http://ss42.local:37618/']
[rosmaster.master][INFO] 2021-10-22 13:07:04,583: publisherUpdate[/rosout] -> http://ss42.local:34321/ ['http://ss42.local:43115/', 'http://ss42.local:41304/', 'http://ss42.local:37618/']: sec=0.00, result=[1, '', 0]
[rosmaster.master][INFO] 2021-10-22 13:07:04,612: +SERVICE [/ss42/wheels_driver_node/get_loggers] /ss42/wheels_driver_node http://ss42.local:37618/
[rosmaster.master][INFO] 2021-10-22 13:07:04,642: +SERVICE [/ss42/wheels_driver_node/set_logger_level] /ss42/wheels_driver_node http://ss42.local:37618/
[rosmaster.master][INFO] 2021-10-22 13:07:04,703: +PUB [/ss42/wheels_driver_node/wheels_cmd_executed] /ss42/wheels_driver_node http://ss42.local:37618/
[rosmaster.master][INFO] 2021-10-22 13:07:04,745: +SUB [/ss42/wheels_driver_node/wheels_cmd] /ss42/wheels_driver_node http://ss42.local:37618/
[rosmaster.master][INFO] 2021-10-22 13:07:04,790: +SUB [/ss42/wheels_driver_node/emergency_stop] /ss42/wheels_driver_node http://ss42.local:37618/
[rosmaster.master][INFO] 2021-10-22 13:07:05,157: +PUB [/rosout] /ss42/car_cmd_switch_node http://ss42.local:40039/
[rosmaster.master][INFO] 2021-10-22 13:07:05,191: publisherUpdate[/rosout] -> http://ss42.local:34321/ ['http://ss42.local:43115/', 'http://ss42.local:41304/', 'http://ss42.local:37618/', 'http://ss42.local:40039/']
[rosmaster.master][INFO] 2021-10-22 13:07:05,196: publisherUpdate[/rosout] -> http://ss42.local:34321/ ['http://ss42.local:43115/', 'http://ss42.local:41304/', 'http://ss42.local:37618/', 'http://ss42.local:40039/']: sec=0.00, result=[1, '', 0]
[rosmaster.master][INFO] 2021-10-22 13:07:05,214: +SERVICE [/ss42/car_cmd_switch_node/get_loggers] /ss42/car_cmd_switch_node http://ss42.local:40039/
[rosmaster.master][INFO] 2021-10-22 13:07:05,246: +SERVICE [/ss42/car_cmd_switch_node/set_logger_level] /ss42/car_cmd_switch_node http://ss42.local:40039/
[rosmaster.master][INFO] 2021-10-22 13:07:05,273: +PUB [/rosout] /ss42/fsm_node http://ss42.local:34385/
[rosmaster.master][INFO] 2021-10-22 13:07:05,294: publisherUpdate[/rosout] -> http://ss42.local:34321/ ['http://ss42.local:43115/', 'http://ss42.local:41304/', 'http://ss42.local:37618/', 'http://ss42.local:40039/', 'http://ss42.local:34385/']
[rosmaster.master][INFO] 2021-10-22 13:07:05,300: publisherUpdate[/rosout] -> http://ss42.local:34321/ ['http://ss42.local:43115/', 'http://ss42.local:41304/', 'http://ss42.local:37618/', 'http://ss42.local:40039/', 'http://ss42.local:34385/']: sec=0.00, result=[1, '', 0]
[rosmaster.master][INFO] 2021-10-22 13:07:05,351: +SERVICE [/ss42/fsm_node/get_loggers] /ss42/fsm_node http://ss42.local:34385/
[rosmaster.master][INFO] 2021-10-22 13:07:05,382: +SERVICE [/ss42/fsm_node/set_logger_level] /ss42/fsm_node http://ss42.local:34385/
[rosmaster.master][INFO] 2021-10-22 13:07:05,402: +PUB [/ss42/car_cmd_switch_node/cmd] /ss42/car_cmd_switch_node http://ss42.local:40039/
[rosmaster.master][INFO] 2021-10-22 13:07:05,414: +PUB [/rosout] /ss42/joy_mapper_node http://ss42.local:40754/
[rosmaster.master][INFO] 2021-10-22 13:07:05,499: publisherUpdate[/rosout] -> http://ss42.local:34321/ ['http://ss42.local:43115/', 'http://ss42.local:41304/', 'http://ss42.local:37618/', 'http://ss42.local:40039/', 'http://ss42.local:34385/', 'http://ss42.local:40754/']
[rosmaster.master][INFO] 2021-10-22 13:07:05,503: publisherUpdate[/rosout] -> http://ss42.local:34321/ ['http://ss42.local:43115/', 'http://ss42.local:41304/', 'http://ss42.local:37618/', 'http://ss42.local:40039/', 'http://ss42.local:34385/', 'http://ss42.local:40754/']: sec=0.00, result=[1, '', 0]
[rosmaster.master][INFO] 2021-10-22 13:07:05,553: +SERVICE [/ss42/joy_mapper_node/get_loggers] /ss42/joy_mapper_node http://ss42.local:40754/
[rosmaster.master][INFO] 2021-10-22 13:07:05,585: +SUB [/ss42/fsm_node/mode] /ss42/car_cmd_switch_node http://ss42.local:40039/
[rosmaster.master][INFO] 2021-10-22 13:07:05,595: +PUB [/ss42/fsm_node/mode] /ss42/fsm_node http://ss42.local:34385/
[rosmaster.master][INFO] 2021-10-22 13:07:05,602: publisherUpdate[/ss42/fsm_node/mode] -> http://ss42.local:40039/ ['http://ss42.local:34385/']
[rosmaster.master][INFO] 2021-10-22 13:07:05,619: +SERVICE [/ss42/joy_mapper_node/set_logger_level] /ss42/joy_mapper_node http://ss42.local:40754/
[rosmaster.master][INFO] 2021-10-22 13:07:05,631: publisherUpdate[/ss42/fsm_node/mode] -> http://ss42.local:40039/ ['http://ss42.local:34385/']: sec=0.03, result=[1, '', 0]
[rosmaster.master][INFO] 2021-10-22 13:07:05,658: +SERVICE [/ss42/fsm_node/set_state] /ss42/fsm_node http://ss42.local:34385/
[rosmaster.master][INFO] 2021-10-22 13:07:05,678: +SUB [/ss42/lane_controller_node/car_cmd] /ss42/car_cmd_switch_node http://ss42.local:40039/
[rosmaster.master][INFO] 2021-10-22 13:07:05,713: +PARAM [/ss42/joy_mapper_node/speed_gain] by /ss42/joy_mapper_node
[rosmaster.master][INFO] 2021-10-22 13:07:05,736: +PUB [/ss42/vehicle_detection_node/switch] /ss42/fsm_node http://ss42.local:34385/
[rosmaster.master][INFO] 2021-10-22 13:07:05,741: +SUB [/ss42/open_loop_intersection_control_node/car_cmd] /ss42/car_cmd_switch_node http://ss42.local:40039/
[rosmaster.master][INFO] 2021-10-22 13:07:05,771: +PUB [/ss42/camera_node/framerate_high_switch] /ss42/fsm_node http://ss42.local:34385/
[rosmaster.master][INFO] 2021-10-22 13:07:05,793: +PARAM [/ss42/joy_mapper_node/steer_gain] by /ss42/joy_mapper_node
[rosmaster.master][INFO] 2021-10-22 13:07:05,804: +PUB [/ss42/decoder_node/switch] /ss42/fsm_node http://ss42.local:34385/
[rosmaster.master][INFO] 2021-10-22 13:07:05,815: +SUB [/ss42/lane_recovery_node/car_cmd] /ss42/car_cmd_switch_node http://ss42.local:40039/
[rosmaster.master][INFO] 2021-10-22 13:07:05,829: +PUB [/rosout] /ss42/duckiebot_visualizer http://ss42.local:43877/
[rosmaster.master][INFO] 2021-10-22 13:07:05,833: publisherUpdate[/rosout] -> http://ss42.local:34321/ ['http://ss42.local:43115/', 'http://ss42.local:41304/', 'http://ss42.local:37618/', 'http://ss42.local:40039/', 'http://ss42.local:34385/', 'http://ss42.local:40754/', 'http://ss42.local:43877/']
[rosmaster.master][INFO] 2021-10-22 13:07:05,837: publisherUpdate[/rosout] -> http://ss42.local:34321/ ['http://ss42.local:43115/', 'http://ss42.local:41304/', 'http://ss42.local:37618/', 'http://ss42.local:40039/', 'http://ss42.local:34385/', 'http://ss42.local:40754/', 'http://ss42.local:43877/']: sec=0.00, result=[1, '', 0]
[rosmaster.master][INFO] 2021-10-22 13:07:05,865: +PUB [/ss42/stop_line_filter_node/switch] /ss42/fsm_node http://ss42.local:34385/
[rosmaster.master][INFO] 2021-10-22 13:07:05,932: +PARAM [/ss42/joy_mapper_node/bicycle_kinematics] by /ss42/joy_mapper_node
[rosmaster.master][INFO] 2021-10-22 13:07:05,953: +PUB [/ss42/lane_filter_node/switch] /ss42/fsm_node http://ss42.local:34385/
[rosmaster.master][INFO] 2021-10-22 13:07:05,967: +SUB [/ss42/simple_stop_controller_node/car_cmd] /ss42/car_cmd_switch_node http://ss42.local:40039/
[rosmaster.master][INFO] 2021-10-22 13:07:05,981: +SERVICE [/ss42/duckiebot_visualizer/get_loggers] /ss42/duckiebot_visualizer http://ss42.local:43877/
[rosmaster.master][INFO] 2021-10-22 13:07:06,022: +PUB [/ss42/LED_detector_node/switch] /ss42/fsm_node http://ss42.local:34385/
[rosmaster.master][INFO] 2021-10-22 13:07:06,042: +SERVICE [/ss42/duckiebot_visualizer/set_logger_level] /ss42/duckiebot_visualizer http://ss42.local:43877/
[rosmaster.master][INFO] 2021-10-22 13:07:06,069: +PARAM [/ss42/joy_mapper_node/steer_angle_gain] by /ss42/joy_mapper_node
[rosmaster.master][INFO] 2021-10-22 13:07:06,081: +PUB [/ss42/static_object_detector_node/switch] /ss42/fsm_node http://ss42.local:34385/
[rosmaster.master][INFO] 2021-10-22 13:07:06,096: +SUB [/ss42/vehicle_avoidance_control_node/car_cmd] /ss42/car_cmd_switch_node http://ss42.local:40039/
[rosmaster.master][INFO] 2021-10-22 13:07:06,138: +PUB [/ss42/led_emitter_node/switch] /ss42/fsm_node http://ss42.local:34385/
[rosmaster.master][INFO] 2021-10-22 13:07:06,165: +PARAM [/ss42/duckiebot_visualizer/veh_name] by /ss42/duckiebot_visualizer
[rosmaster.master][INFO] 2021-10-22 13:07:06,182: +PARAM [/ss42/joy_mapper_node/simulated_vehicle_length] by /ss42/joy_mapper_node
[rosmaster.master][INFO] 2021-10-22 13:07:06,195: +PUB [/rosout] /ss42/logic_gate_node http://ss42.local:42490/
[rosmaster.master][INFO] 2021-10-22 13:07:06,204: publisherUpdate[/rosout] -> http://ss42.local:34321/ ['http://ss42.local:43115/', 'http://ss42.local:41304/', 'http://ss42.local:37618/', 'http://ss42.local:40039/', 'http://ss42.local:34385/', 'http://ss42.local:40754/', 'http://ss42.local:43877/', 'http://ss42.local:42490/']
[rosmaster.master][INFO] 2021-10-22 13:07:06,210: publisherUpdate[/rosout] -> http://ss42.local:34321/ ['http://ss42.local:43115/', 'http://ss42.local:41304/', 'http://ss42.local:37618/', 'http://ss42.local:40039/', 'http://ss42.local:34385/', 'http://ss42.local:40754/', 'http://ss42.local:43877/', 'http://ss42.local:42490/']: sec=0.01, result=[1, '', 0]
[rosmaster.master][INFO] 2021-10-22 13:07:06,214: +PUB [/ss42/line_detector_node/switch] /ss42/fsm_node http://ss42.local:34385/
[rosmaster.master][INFO] 2021-10-22 13:07:06,225: +SUB [/ss42/joy_mapper_node/car_cmd] /ss42/car_cmd_switch_node http://ss42.local:40039/
[rosmaster.master][INFO] 2021-10-22 13:07:06,243: +PUB [/ss42/duckiebot_visualizer/segment_list_markers] /ss42/duckiebot_visualizer http://ss42.local:43877/
[rosmaster.master][INFO] 2021-10-22 13:07:06,254: +PUB [/ss42/joy_mapper_node/car_cmd] /ss42/joy_mapper_node http://ss42.local:40754/
[rosmaster.master][INFO] 2021-10-22 13:07:06,259: +PUB [/ss42/apriltag_detector_node/switch] /ss42/fsm_node http://ss42.local:34385/
[rosmaster.master][INFO] 2021-10-22 13:07:06,307: publisherUpdate[/ss42/joy_mapper_node/car_cmd] -> http://ss42.local:40039/ ['http://ss42.local:40754/']
[rosmaster.master][INFO] 2021-10-22 13:07:06,314: +PUB [/ss42/joy_mapper_node/joystick_override] /ss42/joy_mapper_node http://ss42.local:40754/
[rosmaster.master][INFO] 2021-10-22 13:07:06,331: publisherUpdate[/ss42/joy_mapper_node/car_cmd] -> http://ss42.local:40039/ ['http://ss42.local:40754/']: sec=0.02, result=[1, '', 0]
[rosmaster.master][INFO] 2021-10-22 13:07:06,335: +PUB [/rosout] /ss42/led_emitter_node http://ss42.local:45002/
[rosmaster.master][INFO] 2021-10-22 13:07:06,344: +SUB [/ss42/lane_supervisor_node/car_cmd] /ss42/car_cmd_switch_node http://ss42.local:40039/
[rosmaster.master][INFO] 2021-10-22 13:07:06,346: publisherUpdate[/rosout] -> http://ss42.local:34321/ ['http://ss42.local:43115/', 'http://ss42.local:41304/', 'http://ss42.local:37618/', 'http://ss42.local:40039/', 'http://ss42.local:34385/', 'http://ss42.local:40754/', 'http://ss42.local:43877/', 'http://ss42.local:42490/', 'http://ss42.local:45002/']
[rosmaster.master][INFO] 2021-10-22 13:07:06,352: publisherUpdate[/rosout] -> http://ss42.local:34321/ ['http://ss42.local:43115/', 'http://ss42.local:41304/', 'http://ss42.local:37618/', 'http://ss42.local:40039/', 'http://ss42.local:34385/', 'http://ss42.local:40754/', 'http://ss42.local:43877/', 'http://ss42.local:42490/', 'http://ss42.local:45002/']: sec=0.00, result=[1, '', 0]
[rosmaster.master][INFO] 2021-10-22 13:07:06,362: +SUB [/ss42/ground_projection/lineseglist_out] /ss42/duckiebot_visualizer http://ss42.local:43877/
[rosmaster.master][INFO] 2021-10-22 13:07:06,367: +SERVICE [/ss42/logic_gate_node/get_loggers] /ss42/logic_gate_node http://ss42.local:42490/
[rosmaster.master][INFO] 2021-10-22 13:07:06,390: +PUB [/ss42/joy_mapper_node/parallel_autonomy] /ss42/joy_mapper_node http://ss42.local:40754/
[rosmaster.master][INFO] 2021-10-22 13:07:06,454: +SERVICE [/ss42/logic_gate_node/set_logger_level] /ss42/logic_gate_node http://ss42.local:42490/
[rosmaster.master][INFO] 2021-10-22 13:07:06,493: +PUB [/ss42/anti_instagram_node/click] /ss42/joy_mapper_node http://ss42.local:40754/
[rosmaster.master][INFO] 2021-10-22 13:07:06,513: +SUB [/ss42/open_loop_intersection_control_node/intersection_done] /ss42/fsm_node http://ss42.local:34385/
[rosmaster.master][INFO] 2021-10-22 13:07:06,526: +PUB [/rosout] /ss42/fake_coordinator_node http://ss42.local:37857/
[rosmaster.master][INFO] 2021-10-22 13:07:06,536: publisherUpdate[/rosout] -> http://ss42.local:34321/ ['http://ss42.local:43115/', 'http://ss42.local:41304/', 'http://ss42.local:37618/', 'http://ss42.local:40039/', 'http://ss42.local:34385/', 'http://ss42.local:40754/', 'http://ss42.local:43877/', 'http://ss42.local:42490/', 'http://ss42.local:45002/', 'http://ss42.local:37857/']
[rosmaster.master][INFO] 2021-10-22 13:07:06,541: publisherUpdate[/rosout] -> http://ss42.local:34321/ ['http://ss42.local:43115/', 'http://ss42.local:41304/', 'http://ss42.local:37618/', 'http://ss42.local:40039/', 'http://ss42.local:34385/', 'http://ss42.local:40754/', 'http://ss42.local:43877/', 'http://ss42.local:42490/', 'http://ss42.local:45002/', 'http://ss42.local:37857/']: sec=0.00, result=[1, '', 0]
[rosmaster.master][INFO] 2021-10-22 13:07:06,551: +PUB [/rosout] /ss42/lane_controller_node http://ss42.local:35140/
[rosmaster.master][INFO] 2021-10-22 13:07:06,559: publisherUpdate[/rosout] -> http://ss42.local:34321/ ['http://ss42.local:43115/', 'http://ss42.local:41304/', 'http://ss42.local:37618/', 'http://ss42.local:40039/', 'http://ss42.local:34385/', 'http://ss42.local:40754/', 'http://ss42.local:43877/', 'http://ss42.local:42490/', 'http://ss42.local:45002/', 'http://ss42.local:37857/', 'http://ss42.local:35140/']
[rosmaster.master][INFO] 2021-10-22 13:07:06,565: +SERVICE [/ss42/led_emitter_node/get_loggers] /ss42/led_emitter_node http://ss42.local:45002/
[rosmaster.master][INFO] 2021-10-22 13:07:06,570: +SUB [/ss42/simple_coordinator_node/car_cmd] /ss42/car_cmd_switch_node http://ss42.local:40039/
[rosmaster.master][INFO] 2021-10-22 13:07:06,573: publisherUpdate[/rosout] -> http://ss42.local:34321/ ['http://ss42.local:43115/', 'http://ss42.local:41304/', 'http://ss42.local:37618/', 'http://ss42.local:40039/', 'http://ss42.local:34385/', 'http://ss42.local:40754/', 'http://ss42.local:43877/', 'http://ss42.local:42490/', 'http://ss42.local:45002/', 'http://ss42.local:37857/', 'http://ss42.local:35140/']: sec=0.01, result=[1, '', 0]
[rosmaster.master][INFO] 2021-10-22 13:07:06,611: +PUB [/ss42/wheels_driver_node/emergency_stop] /ss42/joy_mapper_node http://ss42.local:40754/
[rosmaster.master][INFO] 2021-10-22 13:07:06,613: publisherUpdate[/ss42/wheels_driver_node/emergency_stop] -> http://ss42.local:37618/ ['http://ss42.local:40754/']
[rosmaster.master][INFO] 2021-10-22 13:07:06,636: publisherUpdate[/ss42/wheels_driver_node/emergency_stop] -> http://ss42.local:37618/ ['http://ss42.local:40754/']: sec=0.02, result=[1, '', 0]
[rosmaster.master][INFO] 2021-10-22 13:07:06,660: +SERVICE [/ss42/led_emitter_node/set_logger_level] /ss42/led_emitter_node http://ss42.local:45002/
[rosmaster.master][INFO] 2021-10-22 13:07:06,695: +PUB [/ss42/joy_mapper_node/start_avoidance] /ss42/joy_mapper_node http://ss42.local:40754/
[rosmaster.master][INFO] 2021-10-22 13:07:06,699: +SUB [/ss42/logic_gate_node/intersection_done_and_not_parallel_autonomy] /ss42/fsm_node http://ss42.local:34385/
[rosmaster.master][INFO] 2021-10-22 13:07:07,295: +SERVICE [/ss42/fake_coordinator_node/get_loggers] /ss42/fake_coordinator_node http://ss42.local:37857/
[rosmaster.master][INFO] 2021-10-22 13:07:07,307: +SERVICE [/ss42/lane_controller_node/get_loggers] /ss42/lane_controller_node http://ss42.local:35140/
[rosmaster.master][INFO] 2021-10-22 13:07:07,336: +PUB [/ss42/logic_gate_node/intersection_done_and_not_parallel_autonomy] /ss42/logic_gate_node http://ss42.local:42490/
[rosmaster.master][INFO] 2021-10-22 13:07:07,339: +PUB [/ss42/led_emitter_node/current_led_state] /ss42/led_emitter_node http://ss42.local:45002/
[rosmaster.master][INFO] 2021-10-22 13:07:07,356: +SERVICE [/ss42/fake_coordinator_node/set_logger_level] /ss42/fake_coordinator_node http://ss42.local:37857/
[rosmaster.master][INFO] 2021-10-22 13:07:07,362: +SERVICE [/ss42/lane_controller_node/set_logger_level] /ss42/lane_controller_node http://ss42.local:35140/
[rosmaster.master][INFO] 2021-10-22 13:07:07,378: publisherUpdate[/ss42/logic_gate_node/intersection_done_and_not_parallel_autonomy] -> http://ss42.local:34385/ ['http://ss42.local:42490/']
[rosmaster.master][INFO] 2021-10-22 13:07:07,381: +SUB [/ss42/joy] /ss42/joy_mapper_node http://ss42.local:40754/
[rosmaster.master][INFO] 2021-10-22 13:07:07,392: +PUB [/ss42/logic_gate_node/intersection_done_and_parallel_autonomy] /ss42/logic_gate_node http://ss42.local:42490/
[rosmaster.master][INFO] 2021-10-22 13:07:07,396: publisherUpdate[/ss42/logic_gate_node/intersection_done_and_not_parallel_autonomy] -> http://ss42.local:34385/ ['http://ss42.local:42490/']: sec=0.02, result=[1, '', 0]
[rosmaster.master][INFO] 2021-10-22 13:07:07,407: +SUB [/ss42/vehicle_avoidance_control_node/vehicle_detected] /ss42/fsm_node http://ss42.local:34385/
[rosmaster.master][INFO] 2021-10-22 13:07:07,412: +SUB [/ss42/led_emitter_node/change_color_pattern] /ss42/led_emitter_node http://ss42.local:45002/
[rosmaster.master][INFO] 2021-10-22 13:07:07,417: +SUB [/ss42/fsm_node/mode] /ss42/fake_coordinator_node http://ss42.local:37857/
[rosmaster.master][INFO] 2021-10-22 13:07:07,446: +PUB [/ss42/simple_coordinator_node/intersection_go] /ss42/fake_coordinator_node http://ss42.local:37857/
[rosmaster.master][INFO] 2021-10-22 13:07:07,449: +SUB [/ss42/open_loop_intersection_control_node/intersection_done] /ss42/logic_gate_node http://ss42.local:42490/
[rosmaster.master][INFO] 2021-10-22 13:07:07,463: +SUB [/ss42/logic_gate_node/intersection_done_and_parallel_autonomy] /ss42/fsm_node http://ss42.local:34385/
[rosmaster.master][INFO] 2021-10-22 13:07:07,467: +SUB [/ss42/led_emitter_node/switch] /ss42/led_emitter_node http://ss42.local:45002/
[rosmaster.master][INFO] 2021-10-22 13:07:07,471: +PUB [/ss42/simple_coordinator_node/car_cmd] /ss42/fake_coordinator_node http://ss42.local:37857/
[rosmaster.master][INFO] 2021-10-22 13:07:07,478: publisherUpdate[/ss42/simple_coordinator_node/car_cmd] -> http://ss42.local:40039/ ['http://ss42.local:37857/']
[rosmaster.master][INFO] 2021-10-22 13:07:07,505: publisherUpdate[/ss42/simple_coordinator_node/car_cmd] -> http://ss42.local:40039/ ['http://ss42.local:37857/']: sec=0.03, result=[1, '', 0]
[rosmaster.master][INFO] 2021-10-22 13:07:07,529: +SUB [/ss42/joy_mapper_node/parallel_autonomy] /ss42/logic_gate_node http://ss42.local:42490/
[rosmaster.master][INFO] 2021-10-22 13:07:07,561: +SUB [/ss42/joy_mapper_node/joystick_override] /ss42/fsm_node http://ss42.local:34385/
[rosmaster.master][INFO] 2021-10-22 13:07:07,580: +PARAM [/ss42/lane_controller_node/v_bar] by /ss42/lane_controller_node
[rosmaster.master][INFO] 2021-10-22 13:07:07,642: +SUB [/ss42/joy_mapper_node/parallel_autonomy] /ss42/fsm_node http://ss42.local:34385/
[rosmaster.master][INFO] 2021-10-22 13:07:07,662: +PARAM [/ss42/lane_controller_node/k_d] by /ss42/lane_controller_node
[rosmaster.master][INFO] 2021-10-22 13:07:07,703: +PARAM [/ss42/lane_controller_node/k_theta] by /ss42/lane_controller_node
[rosmaster.master][INFO] 2021-10-22 13:07:07,773: +SUB [/ss42/joy_mapper_node/start_avoidance] /ss42/fsm_node http://ss42.local:34385/
[rosmaster.master][INFO] 2021-10-22 13:07:07,792: +PARAM [/ss42/lane_controller_node/d_thres] by /ss42/lane_controller_node
[rosmaster.master][INFO] 2021-10-22 13:07:07,910: +PARAM [/ss42/lane_controller_node/theta_thres] by /ss42/lane_controller_node
[rosmaster.master][INFO] 2021-10-22 13:07:07,848: +SUB [/ss42/obstacle_safety_node/object_too_close] /ss42/fsm_node http://ss42.local:34385/
[rosmaster.master][INFO] 2021-10-22 13:07:07,926: +PARAM [/ss42/lane_controller_node/d_offset] by /ss42/lane_controller_node
[rosmaster.master][INFO] 2021-10-22 13:07:07,930: +SUB [/ss42/simple_coordinator_node/intersection_go] /ss42/fsm_node http://ss42.local:34385/
[rosmaster.master][INFO] 2021-10-22 13:07:07,944: +PUB [/ss42/lane_controller_node/car_cmd] /ss42/lane_controller_node http://ss42.local:35140/
[rosmaster.master][INFO] 2021-10-22 13:07:07,953: +SUB [/ss42/stop_line_filter_node/at_stop_line] /ss42/fsm_node http://ss42.local:34385/
[rosmaster.master][INFO] 2021-10-22 13:07:07,983: +SUB [/ss42/lane_filter_node/lane_pose] /ss42/lane_controller_node http://ss42.local:35140/
[rosmaster.master][INFO] 2021-10-22 13:07:08,009: publisherUpdate[/ss42/lane_controller_node/car_cmd] -> http://ss42.local:40039/ ['http://ss42.local:35140/']
[rosmaster.master][INFO] 2021-10-22 13:07:08,019: publisherUpdate[/ss42/lane_controller_node/car_cmd] -> http://ss42.local:40039/ ['http://ss42.local:35140/']: sec=0.01, result=[1, '', 0]
[rosmaster.master][INFO] 2021-10-22 13:07:10,057: +PUB [/rosout] /ss42/cam_info_reader_node http://ss42.local:35451/
[rosmaster.master][INFO] 2021-10-22 13:07:10,076: +PUB [/rosout] /ss42/camera_node http://ss42.local:34618/
[rosmaster.master][INFO] 2021-10-22 13:07:10,118: +SERVICE [/ss42/cam_info_reader_node/get_loggers] /ss42/cam_info_reader_node http://ss42.local:35451/
[rosmaster.master][INFO] 2021-10-22 13:07:10,129: publisherUpdate[/rosout] -> http://ss42.local:34321/ ['http://ss42.local:43115/', 'http://ss42.local:41304/', 'http://ss42.local:37618/', 'http://ss42.local:40039/', 'http://ss42.local:34385/', 'http://ss42.local:40754/', 'http://ss42.local:43877/', 'http://ss42.local:42490/', 'http://ss42.local:45002/', 'http://ss42.local:37857/', 'http://ss42.local:35140/', 'http://ss42.local:35451/']
[rosmaster.master][INFO] 2021-10-22 13:07:10,136: publisherUpdate[/rosout] -> http://ss42.local:34321/ ['http://ss42.local:43115/', 'http://ss42.local:41304/', 'http://ss42.local:37618/', 'http://ss42.local:40039/', 'http://ss42.local:34385/', 'http://ss42.local:40754/', 'http://ss42.local:43877/', 'http://ss42.local:42490/', 'http://ss42.local:45002/', 'http://ss42.local:37857/', 'http://ss42.local:35140/', 'http://ss42.local:35451/']: sec=0.01, result=[1, '', 0]
[rosmaster.master][INFO] 2021-10-22 13:07:10,142: publisherUpdate[/rosout] -> http://ss42.local:34321/ ['http://ss42.local:43115/', 'http://ss42.local:41304/', 'http://ss42.local:37618/', 'http://ss42.local:40039/', 'http://ss42.local:34385/', 'http://ss42.local:40754/', 'http://ss42.local:43877/', 'http://ss42.local:42490/', 'http://ss42.local:45002/', 'http://ss42.local:37857/', 'http://ss42.local:35140/', 'http://ss42.local:35451/', 'http://ss42.local:34618/']
[rosmaster.master][INFO] 2021-10-22 13:07:10,141: +SERVICE [/ss42/cam_info_reader_node/set_logger_level] /ss42/cam_info_reader_node http://ss42.local:35451/
[rosmaster.master][INFO] 2021-10-22 13:07:10,147: +SERVICE [/ss42/camera_node/get_loggers] /ss42/camera_node http://ss42.local:34618/
[rosmaster.master][INFO] 2021-10-22 13:07:10,149: publisherUpdate[/rosout] -> http://ss42.local:34321/ ['http://ss42.local:43115/', 'http://ss42.local:41304/', 'http://ss42.local:37618/', 'http://ss42.local:40039/', 'http://ss42.local:34385/', 'http://ss42.local:40754/', 'http://ss42.local:43877/', 'http://ss42.local:42490/', 'http://ss42.local:45002/', 'http://ss42.local:37857/', 'http://ss42.local:35140/', 'http://ss42.local:35451/', 'http://ss42.local:34618/']: sec=0.01, result=[1, '', 0]
[rosmaster.master][INFO] 2021-10-22 13:07:10,166: +SERVICE [/ss42/camera_node/set_logger_level] /ss42/camera_node http://ss42.local:34618/
[rosmaster.master][INFO] 2021-10-22 13:07:10,176: +PARAM [/ss42/cam_info_reader_node/config] by /ss42/cam_info_reader_node
[rosmaster.master][INFO] 2021-10-22 13:07:10,206: +PARAM [/ss42/camera_node/framerate_high] by /ss42/camera_node
[rosmaster.master][INFO] 2021-10-22 13:07:10,217: +PARAM [/ss42/cam_info_reader_node/cali_file_name] by /ss42/cam_info_reader_node
[rosmaster.master][INFO] 2021-10-22 13:07:10,255: +PARAM [/ss42/camera_node/framerate_low] by /ss42/camera_node
[rosmaster.master][INFO] 2021-10-22 13:07:10,262: +PARAM [/ss42/cam_info_reader_node/image_type] by /ss42/cam_info_reader_node
[rosmaster.master][INFO] 2021-10-22 13:07:10,296: +PUB [/ss42/camera_node/camera_info] /ss42/cam_info_reader_node http://ss42.local:35451/
[rosmaster.master][INFO] 2021-10-22 13:07:10,306: +PARAM [/ss42/camera_node/res_w] by /ss42/camera_node
[rosmaster.master][INFO] 2021-10-22 13:07:10,458: +PARAM [/ss42/camera_node/res_h] by /ss42/camera_node
[rosmaster.master][INFO] 2021-10-22 13:07:10,928: +SUB [/ss42/camera_node/image/compressed] /ss42/cam_info_reader_node http://ss42.local:35451/
[rosmaster.master][INFO] 2021-10-22 13:07:10,942: +PUB [/rosout] /ss42/inverse_kinematics_node http://ss42.local:42455/
[rosmaster.master][INFO] 2021-10-22 13:07:10,953: publisherUpdate[/rosout] -> http://ss42.local:34321/ ['http://ss42.local:43115/', 'http://ss42.local:41304/', 'http://ss42.local:37618/', 'http://ss42.local:40039/', 'http://ss42.local:34385/', 'http://ss42.local:40754/', 'http://ss42.local:43877/', 'http://ss42.local:42490/', 'http://ss42.local:45002/', 'http://ss42.local:37857/', 'http://ss42.local:35140/', 'http://ss42.local:35451/', 'http://ss42.local:34618/', 'http://ss42.local:42455/']
[rosmaster.master][INFO] 2021-10-22 13:07:10,959: publisherUpdate[/rosout] -> http://ss42.local:34321/ ['http://ss42.local:43115/', 'http://ss42.local:41304/', 'http://ss42.local:37618/', 'http://ss42.local:40039/', 'http://ss42.local:34385/', 'http://ss42.local:40754/', 'http://ss42.local:43877/', 'http://ss42.local:42490/', 'http://ss42.local:45002/', 'http://ss42.local:37857/', 'http://ss42.local:35140/', 'http://ss42.local:35451/', 'http://ss42.local:34618/', 'http://ss42.local:42455/']: sec=0.01, result=[1, '', 0]
[rosmaster.master][INFO] 2021-10-22 13:07:10,982: +SERVICE [/ss42/inverse_kinematics_node/get_loggers] /ss42/inverse_kinematics_node http://ss42.local:42455/
[rosmaster.master][INFO] 2021-10-22 13:07:11,001: +SERVICE [/ss42/inverse_kinematics_node/set_logger_level] /ss42/inverse_kinematics_node http://ss42.local:42455/
[rosmaster.master][INFO] 2021-10-22 13:07:11,072: +PARAM [/ss42/inverse_kinematics_node/gain] by /ss42/inverse_kinematics_node
[rosmaster.master][INFO] 2021-10-22 13:07:11,093: +PARAM [/ss42/inverse_kinematics_node/trim] by /ss42/inverse_kinematics_node
[rosmaster.master][INFO] 2021-10-22 13:07:11,108: +PARAM [/ss42/inverse_kinematics_node/baseline] by /ss42/inverse_kinematics_node
[rosmaster.master][INFO] 2021-10-22 13:07:11,119: +PARAM [/ss42/inverse_kinematics_node/k] by /ss42/inverse_kinematics_node
[rosmaster.master][INFO] 2021-10-22 13:07:11,125: +PARAM [/ss42/inverse_kinematics_node/radius] by /ss42/inverse_kinematics_node
[rosmaster.master][INFO] 2021-10-22 13:07:11,133: +PARAM [/ss42/inverse_kinematics_node/limit] by /ss42/inverse_kinematics_node
[rosmaster.master][INFO] 2021-10-22 13:07:11,150: +PARAM [/ss42/inverse_kinematics_node/gain] by /ss42/inverse_kinematics_node
[rosmaster.master][INFO] 2021-10-22 13:07:11,171: +PARAM [/ss42/inverse_kinematics_node/trim] by /ss42/inverse_kinematics_node
[rosmaster.master][INFO] 2021-10-22 13:07:11,195: +PARAM [/ss42/inverse_kinematics_node/baseline] by /ss42/inverse_kinematics_node
[rosmaster.master][INFO] 2021-10-22 13:07:11,218: +PARAM [/ss42/inverse_kinematics_node/radius] by /ss42/inverse_kinematics_node
[rosmaster.master][INFO] 2021-10-22 13:07:11,237: +PARAM [/ss42/inverse_kinematics_node/k] by /ss42/inverse_kinematics_node
[rosmaster.master][INFO] 2021-10-22 13:07:11,258: +PARAM [/ss42/inverse_kinematics_node/limit] by /ss42/inverse_kinematics_node
[rosmaster.master][INFO] 2021-10-22 13:07:11,270: +SERVICE [/ss42/inverse_kinematics_node/set_gain] /ss42/inverse_kinematics_node http://ss42.local:42455/
[rosmaster.master][INFO] 2021-10-22 13:07:11,279: +SERVICE [/ss42/inverse_kinematics_node/set_trim] /ss42/inverse_kinematics_node http://ss42.local:42455/
[rosmaster.master][INFO] 2021-10-22 13:07:11,292: +SERVICE [/ss42/inverse_kinematics_node/set_baseline] /ss42/inverse_kinematics_node http://ss42.local:42455/
[rosmaster.master][INFO] 2021-10-22 13:07:11,297: +PUB [/ss42/camera_node/image/compressed] /ss42/camera_node http://ss42.local:34618/
[rosmaster.master][INFO] 2021-10-22 13:07:11,305: +SERVICE [/ss42/inverse_kinematics_node/set_radius] /ss42/inverse_kinematics_node http://ss42.local:42455/
[rosmaster.master][INFO] 2021-10-22 13:07:11,310: +PUB [/rosout] /ss42/lane_filter_node http://ss42.local:46585/
[rosmaster.master][INFO] 2021-10-22 13:07:11,322: +SERVICE [/ss42/inverse_kinematics_node/set_k] /ss42/inverse_kinematics_node http://ss42.local:42455/
[rosmaster.master][INFO] 2021-10-22 13:07:11,327: +SUB [/ss42/camera_node/framerate_high_switch] /ss42/camera_node http://ss42.local:34618/
[rosmaster.master][INFO] 2021-10-22 13:07:11,339: +SERVICE [/ss42/inverse_kinematics_node/set_limit] /ss42/inverse_kinematics_node http://ss42.local:42455/
[rosmaster.master][INFO] 2021-10-22 13:07:11,343: +SERVICE [/ss42/lane_filter_node/get_loggers] /ss42/lane_filter_node http://ss42.local:46585/
[rosmaster.master][INFO] 2021-10-22 13:07:11,344: publisherUpdate[/ss42/camera_node/image/compressed] -> http://ss42.local:35451/ ['http://ss42.local:34618/']
[rosmaster.master][INFO] 2021-10-22 13:07:11,345: publisherUpdate[/rosout] -> http://ss42.local:34321/ ['http://ss42.local:43115/', 'http://ss42.local:41304/', 'http://ss42.local:37618/', 'http://ss42.local:40039/', 'http://ss42.local:34385/', 'http://ss42.local:40754/', 'http://ss42.local:43877/', 'http://ss42.local:42490/', 'http://ss42.local:45002/', 'http://ss42.local:37857/', 'http://ss42.local:35140/', 'http://ss42.local:35451/', 'http://ss42.local:34618/', 'http://ss42.local:42455/', 'http://ss42.local:46585/']
[rosmaster.master][INFO] 2021-10-22 13:07:11,349: +SERVICE [/ss42/camera_node/set_camera_info] /ss42/camera_node http://ss42.local:34618/
[rosmaster.master][INFO] 2021-10-22 13:07:11,359: publisherUpdate[/rosout] -> http://ss42.local:34321/ ['http://ss42.local:43115/', 'http://ss42.local:41304/', 'http://ss42.local:37618/', 'http://ss42.local:40039/', 'http://ss42.local:34385/', 'http://ss42.local:40754/', 'http://ss42.local:43877/', 'http://ss42.local:42490/', 'http://ss42.local:45002/', 'http://ss42.local:37857/', 'http://ss42.local:35140/', 'http://ss42.local:35451/', 'http://ss42.local:34618/', 'http://ss42.local:42455/', 'http://ss42.local:46585/']: sec=0.01, result=[1, '', 0]
[rosmaster.master][INFO] 2021-10-22 13:07:11,360: +SERVICE [/ss42/inverse_kinematics_node/save_calibration] /ss42/inverse_kinematics_node http://ss42.local:42455/
[rosmaster.master][INFO] 2021-10-22 13:07:11,365: publisherUpdate[/ss42/camera_node/image/compressed] -> http://ss42.local:35451/ ['http://ss42.local:34618/']: sec=0.02, result=[1, '', 0]
[rosmaster.master][INFO] 2021-10-22 13:07:11,372: +SERVICE [/ss42/lane_filter_node/set_logger_level] /ss42/lane_filter_node http://ss42.local:46585/
[rosmaster.master][INFO] 2021-10-22 13:07:11,376: +SUB [/ss42/car_cmd_switch_node/cmd] /ss42/inverse_kinematics_node http://ss42.local:42455/
[rosmaster.master][INFO] 2021-10-22 13:07:11,384: +PUB [/ss42/wheels_driver_node/wheels_cmd] /ss42/inverse_kinematics_node http://ss42.local:42455/
[rosmaster.master][INFO] 2021-10-22 13:07:11,403: +PUB [/rosout] /ss42/ground_projection http://ss42.local:39199/
[rosmaster.master][INFO] 2021-10-22 13:07:11,457: +SERVICE [/ss42/ground_projection/get_loggers] /ss42/ground_projection http://ss42.local:39199/
[rosmaster.master][INFO] 2021-10-22 13:07:11,460: publisherUpdate[/ss42/wheels_driver_node/wheels_cmd] -> http://ss42.local:37618/ ['http://ss42.local:42455/']
[rosmaster.master][INFO] 2021-10-22 13:07:11,464: publisherUpdate[/rosout] -> http://ss42.local:34321/ ['http://ss42.local:43115/', 'http://ss42.local:41304/', 'http://ss42.local:37618/', 'http://ss42.local:40039/', 'http://ss42.local:34385/', 'http://ss42.local:40754/', 'http://ss42.local:43877/', 'http://ss42.local:42490/', 'http://ss42.local:45002/', 'http://ss42.local:37857/', 'http://ss42.local:35140/', 'http://ss42.local:35451/', 'http://ss42.local:34618/', 'http://ss42.local:42455/', 'http://ss42.local:46585/', 'http://ss42.local:39199/']
[rosmaster.master][INFO] 2021-10-22 13:07:11,475: publisherUpdate[/rosout] -> http://ss42.local:34321/ ['http://ss42.local:43115/', 'http://ss42.local:41304/', 'http://ss42.local:37618/', 'http://ss42.local:40039/', 'http://ss42.local:34385/', 'http://ss42.local:40754/', 'http://ss42.local:43877/', 'http://ss42.local:42490/', 'http://ss42.local:45002/', 'http://ss42.local:37857/', 'http://ss42.local:35140/', 'http://ss42.local:35451/', 'http://ss42.local:34618/', 'http://ss42.local:42455/', 'http://ss42.local:46585/', 'http://ss42.local:39199/']: sec=0.01, result=[1, '', 0]
[rosmaster.master][INFO] 2021-10-22 13:07:11,487: publisherUpdate[/ss42/wheels_driver_node/wheels_cmd] -> http://ss42.local:37618/ ['http://ss42.local:42455/']: sec=0.02, result=[1, '', 0]
[rosmaster.master][INFO] 2021-10-22 13:07:11,489: +SERVICE [/ss42/ground_projection/set_logger_level] /ss42/ground_projection http://ss42.local:39199/
[rosmaster.master][INFO] 2021-10-22 13:07:12,287: +SUB [/ss42/camera_node/camera_info] /ss42/ground_projection http://ss42.local:39199/
[rosmaster.master][INFO] 2021-10-22 13:07:12,388: -SUB [/ss42/camera_node/camera_info] /ss42/ground_projection http://ss42.local:39199/
[rosmaster.master][INFO] 2021-10-22 13:07:12,410: +PUB [/ss42/ground_projection/lineseglist_out] /ss42/ground_projection http://ss42.local:39199/
[rosmaster.master][INFO] 2021-10-22 13:07:12,429: +SUB [/ss42/line_detector_node/segment_list] /ss42/ground_projection http://ss42.local:39199/
[rosmaster.master][INFO] 2021-10-22 13:07:12,443: +SERVICE [/ss42/ground_projection/estimate_homography] /ss42/ground_projection http://ss42.local:39199/
[rosmaster.master][INFO] 2021-10-22 13:07:12,455: +SERVICE [/ss42/ground_projection/get_ground_coordinate] /ss42/ground_projection http://ss42.local:39199/
[rosmaster.master][INFO] 2021-10-22 13:07:12,466: +SERVICE [/ss42/ground_projection/get_image_coordinate] /ss42/ground_projection http://ss42.local:39199/
[rosmaster.master][INFO] 2021-10-22 13:07:12,474: publisherUpdate[/ss42/ground_projection/lineseglist_out] -> http://ss42.local:43877/ ['http://ss42.local:39199/']
[rosmaster.master][INFO] 2021-10-22 13:07:12,489: publisherUpdate[/ss42/ground_projection/lineseglist_out] -> http://ss42.local:43877/ ['http://ss42.local:39199/']: sec=0.01, result=[1, '', 0]
[rosmaster.master][INFO] 2021-10-22 13:07:14,423: +SUB [/ss42/ground_projection/lineseglist_out] /ss42/lane_filter_node http://ss42.local:46585/
[rosmaster.master][INFO] 2021-10-22 13:07:14,460: +SUB [/ss42/lane_filter_node/switch] /ss42/lane_filter_node http://ss42.local:46585/
[rosmaster.master][INFO] 2021-10-22 13:07:14,498: +SUB [/ss42/car_cmd_switch_node/cmd] /ss42/lane_filter_node http://ss42.local:46585/
[rosmaster.master][INFO] 2021-10-22 13:07:14,522: +PUB [/ss42/lane_filter_node/lane_pose] /ss42/lane_filter_node http://ss42.local:46585/
[rosmaster.master][INFO] 2021-10-22 13:07:14,523: publisherUpdate[/ss42/lane_filter_node/lane_pose] -> http://ss42.local:35140/ ['http://ss42.local:46585/']
[rosmaster.master][INFO] 2021-10-22 13:07:14,539: +PUB [/ss42/lane_filter_node/belief_img] /ss42/lane_filter_node http://ss42.local:46585/
[rosmaster.master][INFO] 2021-10-22 13:07:14,578: +PUB [/ss42/lane_filter_node/ml_img] /ss42/lane_filter_node http://ss42.local:46585/
[rosmaster.master][INFO] 2021-10-22 13:07:14,589: publisherUpdate[/ss42/lane_filter_node/lane_pose] -> http://ss42.local:35140/ ['http://ss42.local:46585/']: sec=0.06, result=[1, '', 0]
[rosmaster.master][INFO] 2021-10-22 13:07:14,607: +PUB [/ss42/lane_filter_node/entropy] /ss42/lane_filter_node http://ss42.local:46585/
[rosmaster.master][INFO] 2021-10-22 13:07:14,640: +PUB [/ss42/lane_filter_node/in_lane] /ss42/lane_filter_node http://ss42.local:46585/
[rosmaster.master][INFO] 2021-10-22 13:07:17,625: +PUB [/rosout] /ss42/lane_pose_visualizer_node http://ss42.local:46638/
[rosmaster.master][INFO] 2021-10-22 13:07:17,626: publisherUpdate[/rosout] -> http://ss42.local:34321/ ['http://ss42.local:43115/', 'http://ss42.local:41304/', 'http://ss42.local:37618/', 'http://ss42.local:40039/', 'http://ss42.local:34385/', 'http://ss42.local:40754/', 'http://ss42.local:43877/', 'http://ss42.local:42490/', 'http://ss42.local:45002/', 'http://ss42.local:37857/', 'http://ss42.local:35140/', 'http://ss42.local:35451/', 'http://ss42.local:34618/', 'http://ss42.local:42455/', 'http://ss42.local:46585/', 'http://ss42.local:39199/', 'http://ss42.local:46638/']
[rosmaster.master][INFO] 2021-10-22 13:07:17,639: publisherUpdate[/rosout] -> http://ss42.local:34321/ ['http://ss42.local:43115/', 'http://ss42.local:41304/', 'http://ss42.local:37618/', 'http://ss42.local:40039/', 'http://ss42.local:34385/', 'http://ss42.local:40754/', 'http://ss42.local:43877/', 'http://ss42.local:42490/', 'http://ss42.local:45002/', 'http://ss42.local:37857/', 'http://ss42.local:35140/', 'http://ss42.local:35451/', 'http://ss42.local:34618/', 'http://ss42.local:42455/', 'http://ss42.local:46585/', 'http://ss42.local:39199/', 'http://ss42.local:46638/']: sec=0.01, result=[1, '', 0]
[rosmaster.master][INFO] 2021-10-22 13:07:17,664: +SERVICE [/ss42/lane_pose_visualizer_node/get_loggers] /ss42/lane_pose_visualizer_node http://ss42.local:46638/
[rosmaster.master][INFO] 2021-10-22 13:07:17,677: +PUB [/rosout] /ss42/line_detector_node http://ss42.local:40892/
[rosmaster.master][INFO] 2021-10-22 13:07:17,685: +SERVICE [/ss42/lane_pose_visualizer_node/set_logger_level] /ss42/lane_pose_visualizer_node http://ss42.local:46638/
[rosmaster.master][INFO] 2021-10-22 13:07:17,708: +PUB [/ss42/lane_pose_visualizer_node/lane_pose_markers] /ss42/lane_pose_visualizer_node http://ss42.local:46638/
[rosmaster.master][INFO] 2021-10-22 13:07:17,711: publisherUpdate[/rosout] -> http://ss42.local:34321/ ['http://ss42.local:43115/', 'http://ss42.local:41304/', 'http://ss42.local:37618/', 'http://ss42.local:40039/', 'http://ss42.local:34385/', 'http://ss42.local:40754/', 'http://ss42.local:43877/', 'http://ss42.local:42490/', 'http://ss42.local:45002/', 'http://ss42.local:37857/', 'http://ss42.local:35140/', 'http://ss42.local:35451/', 'http://ss42.local:34618/', 'http://ss42.local:42455/', 'http://ss42.local:46585/', 'http://ss42.local:39199/', 'http://ss42.local:46638/', 'http://ss42.local:40892/']
[rosmaster.master][INFO] 2021-10-22 13:07:17,717: +SERVICE [/ss42/line_detector_node/get_loggers] /ss42/line_detector_node http://ss42.local:40892/
[rosmaster.master][INFO] 2021-10-22 13:07:17,720: publisherUpdate[/rosout] -> http://ss42.local:34321/ ['http://ss42.local:43115/', 'http://ss42.local:41304/', 'http://ss42.local:37618/', 'http://ss42.local:40039/', 'http://ss42.local:34385/', 'http://ss42.local:40754/', 'http://ss42.local:43877/', 'http://ss42.local:42490/', 'http://ss42.local:45002/', 'http://ss42.local:37857/', 'http://ss42.local:35140/', 'http://ss42.local:35451/', 'http://ss42.local:34618/', 'http://ss42.local:42455/', 'http://ss42.local:46585/', 'http://ss42.local:39199/', 'http://ss42.local:46638/', 'http://ss42.local:40892/']: sec=0.01, result=[1, '', 0]
[rosmaster.master][INFO] 2021-10-22 13:07:17,733: +SERVICE [/ss42/line_detector_node/set_logger_level] /ss42/line_detector_node http://ss42.local:40892/
[rosmaster.master][INFO] 2021-10-22 13:07:17,740: +SUB [/ss42/lane_filter_node/lane_pose] /ss42/lane_pose_visualizer_node http://ss42.local:46638/
[rosmaster.master][INFO] 2021-10-22 13:07:17,825: +PUB [/ss42/line_detector_node/segment_list] /ss42/line_detector_node http://ss42.local:40892/
[rosmaster.master][INFO] 2021-10-22 13:07:17,842: publisherUpdate[/ss42/line_detector_node/segment_list] -> http://ss42.local:39199/ ['http://ss42.local:40892/']
[rosmaster.master][INFO] 2021-10-22 13:07:17,849: +PUB [/ss42/line_detector_node/image_with_lines] /ss42/line_detector_node http://ss42.local:40892/
[rosmaster.master][INFO] 2021-10-22 13:07:17,853: publisherUpdate[/ss42/line_detector_node/segment_list] -> http://ss42.local:39199/ ['http://ss42.local:40892/']: sec=0.01, result=[1, '', 0]
[rosmaster.master][INFO] 2021-10-22 13:07:17,872: +SUB [/ss42/camera_node/image/compressed] /ss42/line_detector_node http://ss42.local:40892/
[rosmaster.master][INFO] 2021-10-22 13:07:17,897: +SUB [/ss42/anti_instagram_node/transform] /ss42/line_detector_node http://ss42.local:40892/
[rosmaster.master][INFO] 2021-10-22 13:07:17,946: +SUB [/ss42/line_detector_node/switch] /ss42/line_detector_node http://ss42.local:40892/
[rosmaster.master][INFO] 2021-10-22 13:07:18,229: +PUB [/rosout] /ss42/anti_instagram_node http://ss42.local:46620/
[rosmaster.master][INFO] 2021-10-22 13:07:18,256: +SERVICE [/ss42/anti_instagram_node/get_loggers] /ss42/anti_instagram_node http://ss42.local:46620/
[rosmaster.master][INFO] 2021-10-22 13:07:18,258: publisherUpdate[/rosout] -> http://ss42.local:34321/ ['http://ss42.local:43115/', 'http://ss42.local:41304/', 'http://ss42.local:37618/', 'http://ss42.local:40039/', 'http://ss42.local:34385/', 'http://ss42.local:40754/', 'http://ss42.local:43877/', 'http://ss42.local:42490/', 'http://ss42.local:45002/', 'http://ss42.local:37857/', 'http://ss42.local:35140/', 'http://ss42.local:35451/', 'http://ss42.local:34618/', 'http://ss42.local:42455/', 'http://ss42.local:46585/', 'http://ss42.local:39199/', 'http://ss42.local:46638/', 'http://ss42.local:40892/', 'http://ss42.local:46620/']
[rosmaster.master][INFO] 2021-10-22 13:07:18,274: +SERVICE [/ss42/anti_instagram_node/set_logger_level] /ss42/anti_instagram_node http://ss42.local:46620/
[rosmaster.master][INFO] 2021-10-22 13:07:18,277: publisherUpdate[/rosout] -> http://ss42.local:34321/ ['http://ss42.local:43115/', 'http://ss42.local:41304/', 'http://ss42.local:37618/', 'http://ss42.local:40039/', 'http://ss42.local:34385/', 'http://ss42.local:40754/', 'http://ss42.local:43877/', 'http://ss42.local:42490/', 'http://ss42.local:45002/', 'http://ss42.local:37857/', 'http://ss42.local:35140/', 'http://ss42.local:35451/', 'http://ss42.local:34618/', 'http://ss42.local:42455/', 'http://ss42.local:46585/', 'http://ss42.local:39199/', 'http://ss42.local:46638/', 'http://ss42.local:40892/', 'http://ss42.local:46620/']: sec=0.02, result=[1, '', 0]
[rosmaster.master][INFO] 2021-10-22 13:07:18,299: +PUB [/ss42/anti_instagram_node/corrected_image] /ss42/anti_instagram_node http://ss42.local:46620/
[rosmaster.master][INFO] 2021-10-22 13:07:18,325: +PUB [/ss42/anti_instagram_node/health] /ss42/anti_instagram_node http://ss42.local:46620/
[rosmaster.master][INFO] 2021-10-22 13:07:18,343: +PUB [/ss42/anti_instagram_node/transform] /ss42/anti_instagram_node http://ss42.local:46620/
[rosmaster.master][INFO] 2021-10-22 13:07:18,362: +SUB [/ss42/camera_node/image/compressed] /ss42/anti_instagram_node http://ss42.local:46620/
[rosmaster.master][INFO] 2021-10-22 13:07:18,379: publisherUpdate[/ss42/anti_instagram_node/transform] -> http://ss42.local:40892/ ['http://ss42.local:46620/']
[rosmaster.master][INFO] 2021-10-22 13:07:18,407: publisherUpdate[/ss42/anti_instagram_node/transform] -> http://ss42.local:40892/ ['http://ss42.local:46620/']: sec=0.03, result=[1, '', 0]
[rosmaster.master][INFO] 2021-10-22 13:07:18,411: +SUB [/ss42/anti_instagram_node/click] /ss42/anti_instagram_node http://ss42.local:46620/
[rosmaster.master][INFO] 2021-10-22 13:24:37,612: -SUB [/ss42/anti_instagram_node/click] /ss42/anti_instagram_node http://ss42.local:46620/
[rosmaster.master][INFO] 2021-10-22 13:24:37,613: -SUB [/ss42/camera_node/image/compressed] /ss42/anti_instagram_node http://ss42.local:46620/
[rosmaster.master][INFO] 2021-10-22 13:24:37,616: -PUB [/ss42/anti_instagram_node/corrected_image] /ss42/anti_instagram_node http://ss42.local:46620/
[rosmaster.master][INFO] 2021-10-22 13:24:37,617: -PUB [/ss42/anti_instagram_node/transform] /ss42/anti_instagram_node http://ss42.local:46620/
[rosmaster.master][INFO] 2021-10-22 13:24:37,618: -PUB [/rosout] /ss42/anti_instagram_node http://ss42.local:46620/
[rosmaster.master][INFO] 2021-10-22 13:24:37,619: -PUB [/ss42/anti_instagram_node/health] /ss42/anti_instagram_node http://ss42.local:46620/
[rosmaster.master][INFO] 2021-10-22 13:24:37,621: -SERVICE [/ss42/anti_instagram_node/set_logger_level] /ss42/anti_instagram_node rosrpc://ss42.local:34291
[rosmaster.master][INFO] 2021-10-22 13:24:37,622: -SERVICE [/ss42/anti_instagram_node/get_loggers] /ss42/anti_instagram_node rosrpc://ss42.local:34291
[rosmaster.master][INFO] 2021-10-22 13:24:37,661: publisherUpdate[/ss42/anti_instagram_node/transform] -> http://ss42.local:40892/ []
[rosmaster.master][INFO] 2021-10-22 13:24:37,673: publisherUpdate[/ss42/anti_instagram_node/transform] -> http://ss42.local:40892/ []: sec=0.01, result=[1, '', 0]
[rosmaster.master][INFO] 2021-10-22 13:24:37,673: publisherUpdate[/rosout] -> http://ss42.local:34321/ ['http://ss42.local:43115/', 'http://ss42.local:41304/', 'http://ss42.local:37618/', 'http://ss42.local:40039/', 'http://ss42.local:34385/', 'http://ss42.local:40754/', 'http://ss42.local:43877/', 'http://ss42.local:42490/', 'http://ss42.local:45002/', 'http://ss42.local:37857/', 'http://ss42.local:35140/', 'http://ss42.local:35451/', 'http://ss42.local:34618/', 'http://ss42.local:42455/', 'http://ss42.local:46585/', 'http://ss42.local:39199/', 'http://ss42.local:46638/', 'http://ss42.local:40892/']
[rosmaster.master][INFO] 2021-10-22 13:24:37,787: -SUB [/ss42/led_emitter_node/change_color_pattern] /ss42/led_emitter_node http://ss42.local:45002/
[rosmaster.master][INFO] 2021-10-22 13:24:37,788: -SUB [/ss42/led_emitter_node/switch] /ss42/led_emitter_node http://ss42.local:45002/
[rosmaster.master][INFO] 2021-10-22 13:24:37,789: -PUB [/ss42/led_emitter_node/current_led_state] /ss42/led_emitter_node http://ss42.local:45002/
[rosmaster.master][INFO] 2021-10-22 13:24:37,791: -PUB [/rosout] /ss42/led_emitter_node http://ss42.local:45002/
[rosmaster.master][INFO] 2021-10-22 13:24:37,792: -SERVICE [/ss42/led_emitter_node/get_loggers] /ss42/led_emitter_node rosrpc://ss42.local:46083
[rosmaster.master][INFO] 2021-10-22 13:24:37,793: -SERVICE [/ss42/led_emitter_node/set_logger_level] /ss42/led_emitter_node rosrpc://ss42.local:46083
[rosmaster.master][INFO] 2021-10-22 13:24:37,863: publisherUpdate[/rosout] -> http://ss42.local:34321/ ['http://ss42.local:43115/', 'http://ss42.local:41304/', 'http://ss42.local:37618/', 'http://ss42.local:40039/', 'http://ss42.local:34385/', 'http://ss42.local:40754/', 'http://ss42.local:43877/', 'http://ss42.local:42490/', 'http://ss42.local:45002/', 'http://ss42.local:37857/', 'http://ss42.local:35140/', 'http://ss42.local:35451/', 'http://ss42.local:34618/', 'http://ss42.local:42455/', 'http://ss42.local:46585/', 'http://ss42.local:39199/', 'http://ss42.local:46638/', 'http://ss42.local:40892/']: sec=0.19, result=[1, '', 0]
[rosmaster.master][INFO] 2021-10-22 13:24:37,864: publisherUpdate[/rosout] -> http://ss42.local:34321/ ['http://ss42.local:43115/', 'http://ss42.local:41304/', 'http://ss42.local:37618/', 'http://ss42.local:40039/', 'http://ss42.local:34385/', 'http://ss42.local:40754/', 'http://ss42.local:43877/', 'http://ss42.local:42490/', 'http://ss42.local:37857/', 'http://ss42.local:35140/', 'http://ss42.local:35451/', 'http://ss42.local:34618/', 'http://ss42.local:42455/', 'http://ss42.local:46585/', 'http://ss42.local:39199/', 'http://ss42.local:46638/', 'http://ss42.local:40892/']
[rosmaster.master][INFO] 2021-10-22 13:24:37,887: publisherUpdate[/rosout] -> http://ss42.local:34321/ ['http://ss42.local:43115/', 'http://ss42.local:41304/', 'http://ss42.local:37618/', 'http://ss42.local:40039/', 'http://ss42.local:34385/', 'http://ss42.local:40754/', 'http://ss42.local:43877/', 'http://ss42.local:42490/', 'http://ss42.local:37857/', 'http://ss42.local:35140/', 'http://ss42.local:35451/', 'http://ss42.local:34618/', 'http://ss42.local:42455/', 'http://ss42.local:46585/', 'http://ss42.local:39199/', 'http://ss42.local:46638/', 'http://ss42.local:40892/']: sec=0.02, result=[1, '', 0]
[rosmaster.master][INFO] 2021-10-22 13:24:38,034: -PUB [/rosout] /ss42_to_map http://ss42.local:41304/
[rosmaster.master][INFO] 2021-10-22 13:24:38,043: -PUB [/tf] /ss42_to_map http://ss42.local:41304/
[rosmaster.master][INFO] 2021-10-22 13:24:38,049: -SERVICE [/ss42_to_map/get_loggers] /ss42_to_map rosrpc://ss42.local:43434
[rosmaster.master][INFO] 2021-10-22 13:24:38,050: publisherUpdate[/rosout] -> http://ss42.local:34321/ ['http://ss42.local:43115/', 'http://ss42.local:37618/', 'http://ss42.local:40039/', 'http://ss42.local:34385/', 'http://ss42.local:40754/', 'http://ss42.local:43877/', 'http://ss42.local:42490/', 'http://ss42.local:37857/', 'http://ss42.local:35140/', 'http://ss42.local:35451/', 'http://ss42.local:34618/', 'http://ss42.local:42455/', 'http://ss42.local:46585/', 'http://ss42.local:39199/', 'http://ss42.local:46638/', 'http://ss42.local:40892/']
[rosmaster.master][INFO] 2021-10-22 13:24:38,056: -SERVICE [/ss42_to_map/set_logger_level] /ss42_to_map rosrpc://ss42.local:43434
[rosmaster.master][INFO] 2021-10-22 13:24:38,058: publisherUpdate[/rosout] -> http://ss42.local:34321/ ['http://ss42.local:43115/', 'http://ss42.local:37618/', 'http://ss42.local:40039/', 'http://ss42.local:34385/', 'http://ss42.local:40754/', 'http://ss42.local:43877/', 'http://ss42.local:42490/', 'http://ss42.local:37857/', 'http://ss42.local:35140/', 'http://ss42.local:35451/', 'http://ss42.local:34618/', 'http://ss42.local:42455/', 'http://ss42.local:46585/', 'http://ss42.local:39199/', 'http://ss42.local:46638/', 'http://ss42.local:40892/']: sec=0.01, result=[1, '', 0]
[rosmaster.master][INFO] 2021-10-22 13:24:38,360: -SUB [/ss42/joy] /ss42/joy_mapper_node http://ss42.local:40754/
[rosmaster.master][INFO] 2021-10-22 13:24:38,361: -PUB [/ss42/joy_mapper_node/joystick_override] /ss42/joy_mapper_node http://ss42.local:40754/
[rosmaster.master][INFO] 2021-10-22 13:24:38,363: -PUB [/ss42/wheels_driver_node/emergency_stop] /ss42/joy_mapper_node http://ss42.local:40754/
[rosmaster.master][INFO] 2021-10-22 13:24:38,363: -PUB [/rosout] /ss42/joy_mapper_node http://ss42.local:40754/
[rosmaster.master][INFO] 2021-10-22 13:24:38,364: -PUB [/ss42/joy_mapper_node/parallel_autonomy] /ss42/joy_mapper_node http://ss42.local:40754/
[rosmaster.master][INFO] 2021-10-22 13:24:38,365: -PUB [/ss42/joy_mapper_node/start_avoidance] /ss42/joy_mapper_node http://ss42.local:40754/
[rosmaster.master][INFO] 2021-10-22 13:24:38,366: -PUB [/ss42/anti_instagram_node/click] /ss42/joy_mapper_node http://ss42.local:40754/
[rosmaster.master][INFO] 2021-10-22 13:24:38,367: -PUB [/ss42/joy_mapper_node/car_cmd] /ss42/joy_mapper_node http://ss42.local:40754/
[rosmaster.master][INFO] 2021-10-22 13:24:38,368: -SERVICE [/ss42/joy_mapper_node/set_logger_level] /ss42/joy_mapper_node rosrpc://ss42.local:40192
[rosmaster.master][INFO] 2021-10-22 13:24:38,368: -SERVICE [/ss42/joy_mapper_node/get_loggers] /ss42/joy_mapper_node rosrpc://ss42.local:40192
[rosmaster.master][INFO] 2021-10-22 13:24:38,394: publisherUpdate[/ss42/joy_mapper_node/joystick_override] -> http://ss42.local:34385/ []
[rosmaster.master][INFO] 2021-10-22 13:24:38,402: publisherUpdate[/ss42/wheels_driver_node/emergency_stop] -> http://ss42.local:37618/ []
[rosmaster.master][INFO] 2021-10-22 13:24:38,410: publisherUpdate[/ss42/wheels_driver_node/emergency_stop] -> http://ss42.local:37618/ []: sec=0.01, result=[1, '', 0]
[rosmaster.master][INFO] 2021-10-22 13:24:38,411: publisherUpdate[/rosout] -> http://ss42.local:34321/ ['http://ss42.local:43115/', 'http://ss42.local:37618/', 'http://ss42.local:40039/', 'http://ss42.local:34385/', 'http://ss42.local:43877/', 'http://ss42.local:42490/', 'http://ss42.local:37857/', 'http://ss42.local:35140/', 'http://ss42.local:35451/', 'http://ss42.local:34618/', 'http://ss42.local:42455/', 'http://ss42.local:46585/', 'http://ss42.local:39199/', 'http://ss42.local:46638/', 'http://ss42.local:40892/']
[rosmaster.master][INFO] 2021-10-22 13:24:38,416: publisherUpdate[/rosout] -> http://ss42.local:34321/ ['http://ss42.local:43115/', 'http://ss42.local:37618/', 'http://ss42.local:40039/', 'http://ss42.local:34385/', 'http://ss42.local:43877/', 'http://ss42.local:42490/', 'http://ss42.local:37857/', 'http://ss42.local:35140/', 'http://ss42.local:35451/', 'http://ss42.local:34618/', 'http://ss42.local:42455/', 'http://ss42.local:46585/', 'http://ss42.local:39199/', 'http://ss42.local:46638/', 'http://ss42.local:40892/']: sec=0.00, result=[1, '', 0]
[rosmaster.master][INFO] 2021-10-22 13:24:38,417: publisherUpdate[/ss42/joy_mapper_node/parallel_autonomy] -> http://ss42.local:42490/ []
[rosmaster.master][INFO] 2021-10-22 13:24:38,461: publisherUpdate[/ss42/joy_mapper_node/car_cmd] -> http://ss42.local:40039/ []
[rosmaster.master][INFO] 2021-10-22 13:24:38,644: -PUB [/rosout] /ss42/joy_node http://ss42.local:43115/
[rosmaster.master][INFO] 2021-10-22 13:24:38,648: -PUB [/diagnostics] /ss42/joy_node http://ss42.local:43115/
[rosmaster.master][INFO] 2021-10-22 13:24:38,679: -PUB [/ss42/joy] /ss42/joy_node http://ss42.local:43115/
[rosmaster.master][INFO] 2021-10-22 13:24:38,683: -SERVICE [/ss42/joy_node/get_loggers] /ss42/joy_node rosrpc://ss42.local:57364
[rosmaster.master][INFO] 2021-10-22 13:24:38,687: -SERVICE [/ss42/joy_node/set_logger_level] /ss42/joy_node rosrpc://ss42.local:57364
[rosmaster.master][INFO] 2021-10-22 13:24:39,285: -SUB [/ss42/car_cmd_switch_node/cmd] /ss42/inverse_kinematics_node http://ss42.local:42455/
[rosmaster.master][INFO] 2021-10-22 13:24:39,286: -PUB [/ss42/wheels_driver_node/wheels_cmd] /ss42/inverse_kinematics_node http://ss42.local:42455/
[rosmaster.master][INFO] 2021-10-22 13:24:39,287: -PUB [/rosout] /ss42/inverse_kinematics_node http://ss42.local:42455/
[rosmaster.master][INFO] 2021-10-22 13:24:39,287: -SERVICE [/ss42/inverse_kinematics_node/set_radius] /ss42/inverse_kinematics_node rosrpc://ss42.local:37060
[rosmaster.master][INFO] 2021-10-22 13:24:39,288: -SERVICE [/ss42/inverse_kinematics_node/set_limit] /ss42/inverse_kinematics_node rosrpc://ss42.local:37060
[rosmaster.master][INFO] 2021-10-22 13:24:39,288: -SERVICE [/ss42/inverse_kinematics_node/set_baseline] /ss42/inverse_kinematics_node rosrpc://ss42.local:37060
[rosmaster.master][INFO] 2021-10-22 13:24:39,289: -SERVICE [/ss42/inverse_kinematics_node/set_trim] /ss42/inverse_kinematics_node rosrpc://ss42.local:37060
[rosmaster.master][INFO] 2021-10-22 13:24:39,290: -SERVICE [/ss42/inverse_kinematics_node/set_gain] /ss42/inverse_kinematics_node rosrpc://ss42.local:37060
[rosmaster.master][INFO] 2021-10-22 13:24:39,290: -SERVICE [/ss42/inverse_kinematics_node/set_logger_level] /ss42/inverse_kinematics_node rosrpc://ss42.local:37060
[rosmaster.master][INFO] 2021-10-22 13:24:39,292: -SERVICE [/ss42/inverse_kinematics_node/get_loggers] /ss42/inverse_kinematics_node rosrpc://ss42.local:37060
[rosmaster.master][INFO] 2021-10-22 13:24:39,293: -SERVICE [/ss42/inverse_kinematics_node/set_k] /ss42/inverse_kinematics_node rosrpc://ss42.local:37060
[rosmaster.master][INFO] 2021-10-22 13:24:39,294: -SERVICE [/ss42/inverse_kinematics_node/save_calibration] /ss42/inverse_kinematics_node rosrpc://ss42.local:37060
[rosmaster.master][INFO] 2021-10-22 13:24:39,897: publisherUpdate[/ss42/joy_mapper_node/parallel_autonomy] -> http://ss42.local:42490/ []: sec=1.48, exception=[Errno 111] Connection refused
[rosmaster.master][INFO] 2021-10-22 13:24:39,898: publisherUpdate[/ss42/joy_mapper_node/car_cmd] -> http://ss42.local:40039/ []: sec=1.44, exception=[Errno 111] Connection refused
[rosmaster.master][INFO] 2021-10-22 13:24:40,104: publisherUpdate[/ss42/joy_mapper_node/joystick_override] -> http://ss42.local:34385/ []: sec=1.71, exception=[Errno 111] Connection refused
[rosmaster.threadpool][ERROR] 2021-10-22 13:24:40,168: Traceback (most recent call last):
  File "/opt/ros/kinetic/lib/python2.7/dist-packages/rosmaster/threadpool.py", line 218, in run
    result = cmd(*args)
  File "/opt/ros/kinetic/lib/python2.7/dist-packages/rosmaster/master_api.py", line 210, in publisher_update_task
    ret = xmlrpcapi(api).publisherUpdate('/master', topic, pub_uris)
  File "/usr/lib/python2.7/xmlrpclib.py", line 1243, in __call__
    return self.__send(self.__name, args)
  File "/usr/lib/python2.7/xmlrpclib.py", line 1602, in __request
    verbose=self.__verbose
  File "/usr/lib/python2.7/xmlrpclib.py", line 1283, in request
    return self.single_request(host, handler, request_body, verbose)
  File "/usr/lib/python2.7/xmlrpclib.py", line 1311, in single_request
    self.send_content(h, request_body)
  File "/usr/lib/python2.7/xmlrpclib.py", line 1459, in send_content
    connection.endheaders(request_body)
  File "/usr/lib/python2.7/httplib.py", line 1053, in endheaders
    self._send_output(message_body)
  File "/usr/lib/python2.7/httplib.py", line 897, in _send_output
    self.send(msg)
  File "/usr/lib/python2.7/httplib.py", line 859, in send
    self.connect()
  File "/usr/lib/python2.7/httplib.py", line 836, in connect
    self.timeout, self.source_address)
  File "/usr/lib/python2.7/socket.py", line 575, in create_connection
    raise err
error: [Errno 111] Connection refused

[rosmaster.threadpool][ERROR] 2021-10-22 13:24:40,170: Traceback (most recent call last):
  File "/opt/ros/kinetic/lib/python2.7/dist-packages/rosmaster/threadpool.py", line 218, in run
    result = cmd(*args)
  File "/opt/ros/kinetic/lib/python2.7/dist-packages/rosmaster/master_api.py", line 210, in publisher_update_task
    ret = xmlrpcapi(api).publisherUpdate('/master', topic, pub_uris)
  File "/usr/lib/python2.7/xmlrpclib.py", line 1243, in __call__
    return self.__send(self.__name, args)
  File "/usr/lib/python2.7/xmlrpclib.py", line 1602, in __request
    verbose=self.__verbose
  File "/usr/lib/python2.7/xmlrpclib.py", line 1283, in request
    return self.single_request(host, handler, request_body, verbose)
  File "/usr/lib/python2.7/xmlrpclib.py", line 1311, in single_request
    self.send_content(h, request_body)
  File "/usr/lib/python2.7/xmlrpclib.py", line 1459, in send_content
    connection.endheaders(request_body)
  File "/usr/lib/python2.7/httplib.py", line 1053, in endheaders
    self._send_output(message_body)
  File "/usr/lib/python2.7/httplib.py", line 897, in _send_output
    self.send(msg)
  File "/usr/lib/python2.7/httplib.py", line 859, in send
    self.connect()
  File "/usr/lib/python2.7/httplib.py", line 836, in connect
    self.timeout, self.source_address)
  File "/usr/lib/python2.7/socket.py", line 575, in create_connection
    raise err
error: [Errno 111] Connection refused

[rosmaster.master][INFO] 2021-10-22 13:24:40,170: publisherUpdate[/ss42/joy_mapper_node/parallel_autonomy] -> http://ss42.local:34385/ []
[rosmaster.master][INFO] 2021-10-22 13:24:40,171: publisherUpdate[/rosout] -> http://ss42.local:34321/ ['http://ss42.local:37618/', 'http://ss42.local:40039/', 'http://ss42.local:34385/', 'http://ss42.local:43877/', 'http://ss42.local:42490/', 'http://ss42.local:37857/', 'http://ss42.local:35140/', 'http://ss42.local:35451/', 'http://ss42.local:34618/', 'http://ss42.local:42455/', 'http://ss42.local:46585/', 'http://ss42.local:39199/', 'http://ss42.local:46638/', 'http://ss42.local:40892/']
[rosmaster.master][INFO] 2021-10-22 13:24:40,177: publisherUpdate[/ss42/joy_mapper_node/parallel_autonomy] -> http://ss42.local:34385/ []: sec=0.00, exception=[Errno 111] Connection refused
[rosmaster.threadpool][ERROR] 2021-10-22 13:24:40,173: Traceback (most recent call last):
  File "/opt/ros/kinetic/lib/python2.7/dist-packages/rosmaster/threadpool.py", line 218, in run
    result = cmd(*args)
  File "/opt/ros/kinetic/lib/python2.7/dist-packages/rosmaster/master_api.py", line 210, in publisher_update_task
    ret = xmlrpcapi(api).publisherUpdate('/master', topic, pub_uris)
  File "/usr/lib/python2.7/xmlrpclib.py", line 1243, in __call__
    return self.__send(self.__name, args)
  File "/usr/lib/python2.7/xmlrpclib.py", line 1602, in __request
    verbose=self.__verbose
  File "/usr/lib/python2.7/xmlrpclib.py", line 1283, in request
    return self.single_request(host, handler, request_body, verbose)
  File "/usr/lib/python2.7/xmlrpclib.py", line 1311, in single_request
    self.send_content(h, request_body)
  File "/usr/lib/python2.7/xmlrpclib.py", line 1459, in send_content
    connection.endheaders(request_body)
  File "/usr/lib/python2.7/httplib.py", line 1053, in endheaders
    self._send_output(message_body)
  File "/usr/lib/python2.7/httplib.py", line 897, in _send_output
    self.send(msg)
  File "/usr/lib/python2.7/httplib.py", line 859, in send
    self.connect()
  File "/usr/lib/python2.7/httplib.py", line 836, in connect
    self.timeout, self.source_address)
  File "/usr/lib/python2.7/socket.py", line 575, in create_connection
    raise err
error: [Errno 111] Connection refused

[rosmaster.master][INFO] 2021-10-22 13:24:40,179: publisherUpdate[/ss42/joy_mapper_node/start_avoidance] -> http://ss42.local:34385/ []
[rosmaster.master][INFO] 2021-10-22 13:24:40,181: publisherUpdate[/rosout] -> http://ss42.local:34321/ ['http://ss42.local:37618/', 'http://ss42.local:40039/', 'http://ss42.local:34385/', 'http://ss42.local:43877/', 'http://ss42.local:42490/', 'http://ss42.local:37857/', 'http://ss42.local:35140/', 'http://ss42.local:35451/', 'http://ss42.local:34618/', 'http://ss42.local:42455/', 'http://ss42.local:46585/', 'http://ss42.local:39199/', 'http://ss42.local:46638/', 'http://ss42.local:40892/']: sec=0.01, result=[1, '', 0]
[rosmaster.threadpool][ERROR] 2021-10-22 13:24:40,184: Traceback (most recent call last):
  File "/opt/ros/kinetic/lib/python2.7/dist-packages/rosmaster/threadpool.py", line 218, in run
    result = cmd(*args)
  File "/opt/ros/kinetic/lib/python2.7/dist-packages/rosmaster/master_api.py", line 210, in publisher_update_task
    ret = xmlrpcapi(api).publisherUpdate('/master', topic, pub_uris)
  File "/usr/lib/python2.7/xmlrpclib.py", line 1243, in __call__
    return self.__send(self.__name, args)
  File "/usr/lib/python2.7/xmlrpclib.py", line 1602, in __request
    verbose=self.__verbose
  File "/usr/lib/python2.7/xmlrpclib.py", line 1283, in request
    return self.single_request(host, handler, request_body, verbose)
  File "/usr/lib/python2.7/xmlrpclib.py", line 1311, in single_request
    self.send_content(h, request_body)
  File "/usr/lib/python2.7/xmlrpclib.py", line 1459, in send_content
    connection.endheaders(request_body)
  File "/usr/lib/python2.7/httplib.py", line 1053, in endheaders
    self._send_output(message_body)
  File "/usr/lib/python2.7/httplib.py", line 897, in _send_output
    self.send(msg)
  File "/usr/lib/python2.7/httplib.py", line 859, in send
    self.connect()
  File "/usr/lib/python2.7/httplib.py", line 836, in connect
    self.timeout, self.source_address)
  File "/usr/lib/python2.7/socket.py", line 575, in create_connection
    raise err
error: [Errno 111] Connection refused

[rosmaster.master][INFO] 2021-10-22 13:24:40,185: publisherUpdate[/ss42/wheels_driver_node/wheels_cmd] -> http://ss42.local:37618/ []
[rosmaster.master][INFO] 2021-10-22 13:24:40,186: publisherUpdate[/rosout] -> http://ss42.local:34321/ ['http://ss42.local:37618/', 'http://ss42.local:40039/', 'http://ss42.local:34385/', 'http://ss42.local:43877/', 'http://ss42.local:42490/', 'http://ss42.local:37857/', 'http://ss42.local:35140/', 'http://ss42.local:35451/', 'http://ss42.local:34618/', 'http://ss42.local:46585/', 'http://ss42.local:39199/', 'http://ss42.local:46638/', 'http://ss42.local:40892/']
[rosmaster.master][INFO] 2021-10-22 13:24:40,189: publisherUpdate[/ss42/joy_mapper_node/start_avoidance] -> http://ss42.local:34385/ []: sec=0.01, exception=[Errno 111] Connection refused
[rosmaster.master][INFO] 2021-10-22 13:24:40,195: publisherUpdate[/rosout] -> http://ss42.local:34321/ ['http://ss42.local:37618/', 'http://ss42.local:40039/', 'http://ss42.local:34385/', 'http://ss42.local:43877/', 'http://ss42.local:42490/', 'http://ss42.local:37857/', 'http://ss42.local:35140/', 'http://ss42.local:35451/', 'http://ss42.local:34618/', 'http://ss42.local:46585/', 'http://ss42.local:39199/', 'http://ss42.local:46638/', 'http://ss42.local:40892/']: sec=0.01, result=[1, '', 0]
[rosmaster.threadpool][ERROR] 2021-10-22 13:24:40,197: Traceback (most recent call last):
  File "/opt/ros/kinetic/lib/python2.7/dist-packages/rosmaster/threadpool.py", line 218, in run
    result = cmd(*args)
  File "/opt/ros/kinetic/lib/python2.7/dist-packages/rosmaster/master_api.py", line 210, in publisher_update_task
    ret = xmlrpcapi(api).publisherUpdate('/master', topic, pub_uris)
  File "/usr/lib/python2.7/xmlrpclib.py", line 1243, in __call__
    return self.__send(self.__name, args)
  File "/usr/lib/python2.7/xmlrpclib.py", line 1602, in __request
    verbose=self.__verbose
  File "/usr/lib/python2.7/xmlrpclib.py", line 1283, in request
    return self.single_request(host, handler, request_body, verbose)
  File "/usr/lib/python2.7/xmlrpclib.py", line 1311, in single_request
    self.send_content(h, request_body)
  File "/usr/lib/python2.7/xmlrpclib.py", line 1459, in send_content
    connection.endheaders(request_body)
  File "/usr/lib/python2.7/httplib.py", line 1053, in endheaders
    self._send_output(message_body)
  File "/usr/lib/python2.7/httplib.py", line 897, in _send_output
    self.send(msg)
  File "/usr/lib/python2.7/httplib.py", line 859, in send
    self.connect()
  File "/usr/lib/python2.7/httplib.py", line 836, in connect
    self.timeout, self.source_address)
  File "/usr/lib/python2.7/socket.py", line 575, in create_connection
    raise err
error: [Errno 111] Connection refused

[rosmaster.master][INFO] 2021-10-22 13:24:40,489: publisherUpdate[/ss42/wheels_driver_node/wheels_cmd] -> http://ss42.local:37618/ []: sec=0.30, exception=[Errno 111] Connection refused
[rosmaster.threadpool][ERROR] 2021-10-22 13:24:40,490: Traceback (most recent call last):
  File "/opt/ros/kinetic/lib/python2.7/dist-packages/rosmaster/threadpool.py", line 218, in run
    result = cmd(*args)
  File "/opt/ros/kinetic/lib/python2.7/dist-packages/rosmaster/master_api.py", line 210, in publisher_update_task
    ret = xmlrpcapi(api).publisherUpdate('/master', topic, pub_uris)
  File "/usr/lib/python2.7/xmlrpclib.py", line 1243, in __call__
    return self.__send(self.__name, args)
  File "/usr/lib/python2.7/xmlrpclib.py", line 1602, in __request
    verbose=self.__verbose
  File "/usr/lib/python2.7/xmlrpclib.py", line 1283, in request
    return self.single_request(host, handler, request_body, verbose)
  File "/usr/lib/python2.7/xmlrpclib.py", line 1311, in single_request
    self.send_content(h, request_body)
  File "/usr/lib/python2.7/xmlrpclib.py", line 1459, in send_content
    connection.endheaders(request_body)
  File "/usr/lib/python2.7/httplib.py", line 1053, in endheaders
    self._send_output(message_body)
  File "/usr/lib/python2.7/httplib.py", line 897, in _send_output
    self.send(msg)
  File "/usr/lib/python2.7/httplib.py", line 859, in send
    self.connect()
  File "/usr/lib/python2.7/httplib.py", line 836, in connect
    self.timeout, self.source_address)
  File "/usr/lib/python2.7/socket.py", line 575, in create_connection
    raise err
error: [Errno 111] Connection refused

[rosmaster.master][INFO] 2021-10-22 13:24:40,696: -PUB [/rosout_agg] /rosout http://ss42.local:34321/
[rosmaster.master][INFO] 2021-10-22 13:24:40,700: -SUB [/rosout] /rosout http://ss42.local:34321/
[rosmaster.master][INFO] 2021-10-22 13:24:40,704: -SERVICE [/rosout/get_loggers] /rosout rosrpc://ss42.local:33205
[rosmaster.master][INFO] 2021-10-22 13:24:40,708: -SERVICE [/rosout/set_logger_level] /rosout rosrpc://ss42.local:33205
[rosmaster.main][INFO] 2021-10-22 13:24:40,881: keyboard interrupt, will exit
[rosmaster.main][INFO] 2021-10-22 13:24:40,883: stopping master...
[rospy.core][INFO] 2021-10-22 13:24:40,897: signal_shutdown [atexit]
