[rospy.client][INFO] 2021-10-22 13:07:04,982: init_node, name[/ss42/car_cmd_switch_node], pid[3090]
[xmlrpc][INFO] 2021-10-22 13:07:05,006: XML-RPC server binding to 0.0.0.0:0
[rospy.init][INFO] 2021-10-22 13:07:05,013: ROS Slave URI: [http://ss42.local:40039/]
[xmlrpc][INFO] 2021-10-22 13:07:05,014: Started XML-RPC server [http://ss42.local:40039/]
[rospy.impl.masterslave][INFO] 2021-10-22 13:07:05,015: _ready: http://ss42.local:40039/
[xmlrpc][INFO] 2021-10-22 13:07:05,035: xml rpc node: starting XML-RPC server
[rospy.registration][INFO] 2021-10-22 13:07:05,036: Registering with master node http://ss42.local:11311/
[rospy.init][INFO] 2021-10-22 13:07:05,114: registered with master
[rospy.rosout][INFO] 2021-10-22 13:07:05,115: initializing /rosout core topic
[rospy.rosout][INFO] 2021-10-22 13:07:05,163: connected to core topic /rosout
[rospy.simtime][INFO] 2021-10-22 13:07:05,171: /use_sim_time is not set, will not subscribe to simulated time [/clock] topic
[rospy.internal][INFO] 2021-10-22 13:07:05,511: topic[/rosout] adding connection to [/rosout], count 0
[rosout][INFO] 2021-10-22 13:07:06,575: [/ss42/car_cmd_switch_node] Initialized. 
[rospy.internal][INFO] 2021-10-22 13:07:06,620: topic[/ss42/fsm_node/mode] adding connection to [http://ss42.local:34385/], count 0
[rospy.internal][INFO] 2021-10-22 13:07:06,641: topic[/ss42/joy_mapper_node/car_cmd] adding connection to [http://ss42.local:40754/], count 0
[rospy.internal][INFO] 2021-10-22 13:07:07,558: topic[/ss42/simple_coordinator_node/car_cmd] adding connection to [http://ss42.local:37857/], count 0
[rosout][INFO] 2021-10-22 13:07:08,027: [/ss42/car_cmd_switch_node] Car cmd switched to joystick in state JOYSTICK_CONTROL.
[rospy.internal][INFO] 2021-10-22 13:07:08,048: topic[/ss42/lane_controller_node/car_cmd] adding connection to [http://ss42.local:35140/], count 0
[rospy.internal][INFO] 2021-10-22 13:07:11,486: topic[/ss42/car_cmd_switch_node/cmd] adding connection to [/ss42/inverse_kinematics_node], count 0
[rospy.internal][INFO] 2021-10-22 13:07:14,650: topic[/ss42/car_cmd_switch_node/cmd] adding connection to [/ss42/lane_filter_node], count 1
[rosout][INFO] 2021-10-22 13:07:32,180: [/ss42/car_cmd_switch_node] Car cmd switched to lane in state LANE_FOLLOWING.
[rosout][INFO] 2021-10-22 13:07:35,729: [/ss42/car_cmd_switch_node] Car cmd switched to joystick in state JOYSTICK_CONTROL.
[rosout][INFO] 2021-10-22 13:08:00,569: [/ss42/car_cmd_switch_node] Car cmd switched to lane in state LANE_FOLLOWING.
[rosout][INFO] 2021-10-22 13:08:09,555: [/ss42/car_cmd_switch_node] Car cmd switched to joystick in state JOYSTICK_CONTROL.
[rosout][INFO] 2021-10-22 13:08:12,377: [/ss42/car_cmd_switch_node] Car cmd switched to lane in state LANE_FOLLOWING.
[rosout][INFO] 2021-10-22 13:08:14,718: [/ss42/car_cmd_switch_node] Car cmd switched to joystick in state JOYSTICK_CONTROL.
[rosout][INFO] 2021-10-22 13:08:20,440: [/ss42/car_cmd_switch_node] Car cmd switched to lane in state LANE_FOLLOWING.
[rosout][INFO] 2021-10-22 13:08:28,994: [/ss42/car_cmd_switch_node] Car cmd switched to joystick in state JOYSTICK_CONTROL.
[rosout][INFO] 2021-10-22 13:08:34,986: [/ss42/car_cmd_switch_node] Car cmd switched to lane in state LANE_FOLLOWING.
[rosout][INFO] 2021-10-22 13:08:42,781: [/ss42/car_cmd_switch_node] Car cmd switched to joystick in state JOYSTICK_CONTROL.
[rosout][INFO] 2021-10-22 13:08:48,287: [/ss42/car_cmd_switch_node] Car cmd switched to lane in state LANE_FOLLOWING.
[rosout][INFO] 2021-10-22 13:09:00,656: [/ss42/car_cmd_switch_node] Car cmd switched to joystick in state JOYSTICK_CONTROL.
[rosout][INFO] 2021-10-22 13:09:04,773: [/ss42/car_cmd_switch_node] Car cmd switched to lane in state LANE_FOLLOWING.
[rosout][INFO] 2021-10-22 13:09:06,270: [/ss42/car_cmd_switch_node] Car cmd switched to joystick in state JOYSTICK_CONTROL.
[rosout][INFO] 2021-10-22 13:09:07,676: [/ss42/car_cmd_switch_node] Car cmd switched to lane in state LANE_FOLLOWING.
[rosout][INFO] 2021-10-22 13:09:10,755: [/ss42/car_cmd_switch_node] Car cmd switched to joystick in state JOYSTICK_CONTROL.
[rosout][INFO] 2021-10-22 13:09:12,449: [/ss42/car_cmd_switch_node] Car cmd switched to lane in state LANE_FOLLOWING.
[rosout][INFO] 2021-10-22 13:09:14,368: [/ss42/car_cmd_switch_node] Car cmd switched to joystick in state JOYSTICK_CONTROL.
[rosout][INFO] 2021-10-22 13:09:17,870: [/ss42/car_cmd_switch_node] Car cmd switched to lane in state LANE_FOLLOWING.
[rosout][INFO] 2021-10-22 13:09:22,849: [/ss42/car_cmd_switch_node] Car cmd switched to joystick in state JOYSTICK_CONTROL.
[rosout][INFO] 2021-10-22 13:09:27,778: [/ss42/car_cmd_switch_node] Car cmd switched to lane in state LANE_FOLLOWING.
[rosout][INFO] 2021-10-22 13:09:30,599: [/ss42/car_cmd_switch_node] Car cmd switched to joystick in state JOYSTICK_CONTROL.
[rosout][INFO] 2021-10-22 13:09:33,302: [/ss42/car_cmd_switch_node] Car cmd switched to lane in state LANE_FOLLOWING.
[rosout][INFO] 2021-10-22 13:09:35,466: [/ss42/car_cmd_switch_node] Car cmd switched to joystick in state JOYSTICK_CONTROL.
[rosout][INFO] 2021-10-22 13:09:37,993: [/ss42/car_cmd_switch_node] Car cmd switched to lane in state LANE_FOLLOWING.
[rosout][INFO] 2021-10-22 13:09:39,685: [/ss42/car_cmd_switch_node] Car cmd switched to joystick in state JOYSTICK_CONTROL.
[rosout][INFO] 2021-10-22 13:09:42,585: [/ss42/car_cmd_switch_node] Car cmd switched to lane in state LANE_FOLLOWING.
[rosout][INFO] 2021-10-22 13:09:44,245: [/ss42/car_cmd_switch_node] Car cmd switched to joystick in state JOYSTICK_CONTROL.
[rosout][INFO] 2021-10-22 13:09:47,269: [/ss42/car_cmd_switch_node] Car cmd switched to lane in state LANE_FOLLOWING.
[rosout][INFO] 2021-10-22 13:09:49,310: [/ss42/car_cmd_switch_node] Car cmd switched to joystick in state JOYSTICK_CONTROL.
[rosout][INFO] 2021-10-22 13:10:27,464: [/ss42/car_cmd_switch_node] Car cmd switched to lane in state LANE_FOLLOWING.
[rosout][INFO] 2021-10-22 13:10:29,319: [/ss42/car_cmd_switch_node] Car cmd switched to joystick in state JOYSTICK_CONTROL.
[rosout][INFO] 2021-10-22 13:10:36,037: [/ss42/car_cmd_switch_node] Car cmd switched to lane in state LANE_FOLLOWING.
[rosout][INFO] 2021-10-22 13:10:37,129: [/ss42/car_cmd_switch_node] Car cmd switched to joystick in state JOYSTICK_CONTROL.
[rosout][INFO] 2021-10-22 13:11:27,269: [/ss42/car_cmd_switch_node] Car cmd switched to lane in state LANE_FOLLOWING.
[rosout][INFO] 2021-10-22 13:11:29,256: [/ss42/car_cmd_switch_node] Car cmd switched to joystick in state JOYSTICK_CONTROL.
[rosout][INFO] 2021-10-22 13:11:31,568: [/ss42/car_cmd_switch_node] Car cmd switched to lane in state LANE_FOLLOWING.
[rosout][INFO] 2021-10-22 13:11:34,112: [/ss42/car_cmd_switch_node] Car cmd switched to joystick in state JOYSTICK_CONTROL.
[rospy.internal][WARNING] 2021-10-22 13:24:38,076: Unknown error initiating TCP/IP socket to ss42.local:36291 (http://ss42.local:37857/): Traceback (most recent call last):
  File "/opt/ros/kinetic/lib/python2.7/dist-packages/rospy/impl/tcpros_base.py", line 555, in connect
    self.socket.connect((dest_addr, dest_port))
  File "/usr/lib/python2.7/socket.py", line 228, in meth
    return getattr(self._sock,name)(*args)
error: [Errno 111] Connection refused

[rospy.internal][WARNING] 2021-10-22 13:24:38,077: Unknown error initiating TCP/IP socket to ss42.local:37276 (http://ss42.local:35140/): Traceback (most recent call last):
  File "/opt/ros/kinetic/lib/python2.7/dist-packages/rospy/impl/tcpros_base.py", line 555, in connect
    self.socket.connect((dest_addr, dest_port))
  File "/usr/lib/python2.7/socket.py", line 228, in meth
    return getattr(self._sock,name)(*args)
error: [Errno 111] Connection refused

[rospy.internal][INFO] 2021-10-22 13:24:38,084: topic[/ss42/simple_coordinator_node/car_cmd] removing connection to http://ss42.local:37857/
[rospy.internal][INFO] 2021-10-22 13:24:38,085: topic[/ss42/lane_controller_node/car_cmd] removing connection to http://ss42.local:35140/
[rospy.core][INFO] 2021-10-22 13:24:38,094: signal_shutdown [signal-2]
[rospy.core][INFO] 2021-10-22 13:24:38,119: signal_shutdown [atexit]
