[rospy.client][INFO] 2021-10-22 13:07:11,251: [32minit_node, name[/ss42/ground_projection], pid[3104][0m
[xmlrpc][INFO] 2021-10-22 13:07:11,253: [32mXML-RPC server binding to 0.0.0.0:0[0m
[xmlrpc][INFO] 2021-10-22 13:07:11,272: [32mStarted XML-RPC server [http://ss42.local:39199/][0m
[rospy.init][INFO] 2021-10-22 13:07:11,273: [32mROS Slave URI: [http://ss42.local:39199/][0m
[rospy.impl.masterslave][INFO] 2021-10-22 13:07:11,273: [32m_ready: http://ss42.local:39199/[0m
[rospy.registration][INFO] 2021-10-22 13:07:11,289: [32mRegistering with master node http://ss42.local:11311/[0m
[xmlrpc][INFO] 2021-10-22 13:07:11,290: [32mxml rpc node: starting XML-RPC server[0m
[rospy.init][INFO] 2021-10-22 13:07:11,374: [32mregistered with master[0m
[rospy.rosout][INFO] 2021-10-22 13:07:11,375: [32minitializing /rosout core topic[0m
[rospy.rosout][INFO] 2021-10-22 13:07:11,410: [32mconnected to core topic /rosout[0m
[rospy.simtime][INFO] 2021-10-22 13:07:11,432: [32m/use_sim_time is not set, will not subscribe to simulated time [/clock] topic[0m
[DT][WARNING] 2021-10-22 13:07:11,776: [33mno extrinsic calibration parameters for ss42, trying default[0m
[DT][INFO] 2021-10-22 13:07:11,815: [32mLoaded homography for default.yaml[0m
[rospy.internal][INFO] 2021-10-22 13:07:11,866: [32mtopic[/rosout] adding connection to [/rosout], count 0[0m
[DT][INFO] 2021-10-22 13:07:12,265: [32mLoaded checkerboard parameters[0m
[rosout][INFO] 2021-10-22 13:07:12,268: [32mcamera info topic is /ss42/camera_node/camera_info[0m
[rosout][INFO] 2021-10-22 13:07:12,271: [32mwaiting for camera info[0m
[rospy.internal][INFO] 2021-10-22 13:07:12,316: [32mtopic[/ss42/camera_node/camera_info] adding connection to [http://ss42.local:35451/], count 0[0m
[rospy.internal][INFO] 2021-10-22 13:07:12,381: [32mtopic impl's ref count is zero, deleting topic /ss42/camera_node/camera_info...[0m
[rospy.internal][INFO] 2021-10-22 13:07:12,382: [32mtopic[/ss42/camera_node/camera_info] removing connection to http://ss42.local:35451/[0m
[rosout][INFO] 2021-10-22 13:07:12,391: [32mcamera info received[0m
[rospy.internal][INFO] 2021-10-22 13:07:12,719: [32mtopic[/ss42/ground_projection/lineseglist_out] adding connection to [/ss42/duckiebot_visualizer], count 0[0m
[rospy.internal][INFO] 2021-10-22 13:07:14,631: [32mtopic[/ss42/ground_projection/lineseglist_out] adding connection to [/ss42/lane_filter_node], count 1[0m
[rospy.internal][INFO] 2021-10-22 13:07:17,908: [32mtopic[/ss42/line_detector_node/segment_list] adding connection to [http://ss42.local:40892/], count 0[0m
[rospy.core][INFO] 2021-10-22 13:24:37,779: [32msignal_shutdown [signal-2][0m
[rospy.core][INFO] 2021-10-22 13:24:37,873: [32msignal_shutdown [atexit][0m
