[rospy.client][INFO] 2021-10-22 13:07:06,306: init_node, name[/ss42/lane_controller_node], pid[3116]
[xmlrpc][INFO] 2021-10-22 13:07:06,319: XML-RPC server binding to 0.0.0.0:0
[xmlrpc][INFO] 2021-10-22 13:07:06,326: Started XML-RPC server [http://ss42.local:35140/]
[rospy.init][INFO] 2021-10-22 13:07:06,327: ROS Slave URI: [http://ss42.local:35140/]
[rospy.impl.masterslave][INFO] 2021-10-22 13:07:06,328: _ready: http://ss42.local:35140/
[xmlrpc][INFO] 2021-10-22 13:07:06,343: xml rpc node: starting XML-RPC server
[rospy.registration][INFO] 2021-10-22 13:07:06,359: Registering with master node http://ss42.local:11311/
[rospy.init][INFO] 2021-10-22 13:07:06,429: registered with master
[rospy.rosout][INFO] 2021-10-22 13:07:06,430: initializing /rosout core topic
[rospy.rosout][INFO] 2021-10-22 13:07:06,567: connected to core topic /rosout
[rospy.simtime][INFO] 2021-10-22 13:07:06,645: /use_sim_time is not set, will not subscribe to simulated time [/clock] topic
[rospy.internal][INFO] 2021-10-22 13:07:07,311: topic[/rosout] adding connection to [/rosout], count 0
[rosout][INFO] 2021-10-22 13:07:07,584: [/ss42/lane_controller_node] ~v_bar = 0.3864 
[rosout][INFO] 2021-10-22 13:07:07,664: [/ss42/lane_controller_node] ~k_d = -10.3 
[rosout][INFO] 2021-10-22 13:07:07,714: [/ss42/lane_controller_node] ~k_theta = -5.15 
[rosout][INFO] 2021-10-22 13:07:07,796: [/ss42/lane_controller_node] ~d_thres = 0.2615 
[rosout][INFO] 2021-10-22 13:07:07,913: [/ss42/lane_controller_node] ~theta_thres = 0.523 
[rosout][INFO] 2021-10-22 13:07:07,929: [/ss42/lane_controller_node] ~d_offset = 0.0 
[rosout][INFO] 2021-10-22 13:07:08,000: [/ss42/lane_controller_node] Initialized 
[rospy.internal][INFO] 2021-10-22 13:07:08,066: topic[/ss42/lane_controller_node/car_cmd] adding connection to [/ss42/car_cmd_switch_node], count 0
[rospy.internal][INFO] 2021-10-22 13:07:14,633: topic[/ss42/lane_filter_node/lane_pose] adding connection to [http://ss42.local:46585/], count 0
[rospy.core][INFO] 2021-10-22 13:24:37,716: signal_shutdown [signal-2]
[rospy.core][INFO] 2021-10-22 13:24:37,748: signal_shutdown [atexit]
