[rospy.client][INFO] 2021-10-22 13:07:05,232: init_node, name[/ss42/joy_mapper_node], pid[3081]
[xmlrpc][INFO] 2021-10-22 13:07:05,258: XML-RPC server binding to 0.0.0.0:0
[xmlrpc][INFO] 2021-10-22 13:07:05,260: Started XML-RPC server [http://ss42.local:40754/]
[rospy.init][INFO] 2021-10-22 13:07:05,261: ROS Slave URI: [http://ss42.local:40754/]
[rospy.impl.masterslave][INFO] 2021-10-22 13:07:05,261: _ready: http://ss42.local:40754/
[rospy.registration][INFO] 2021-10-22 13:07:05,293: Registering with master node http://ss42.local:11311/
[xmlrpc][INFO] 2021-10-22 13:07:05,298: xml rpc node: starting XML-RPC server
[rospy.init][INFO] 2021-10-22 13:07:05,362: registered with master
[rospy.rosout][INFO] 2021-10-22 13:07:05,363: initializing /rosout core topic
[rospy.rosout][INFO] 2021-10-22 13:07:05,419: connected to core topic /rosout
[rospy.simtime][INFO] 2021-10-22 13:07:05,498: /use_sim_time is not set, will not subscribe to simulated time [/clock] topic
[rosout][INFO] 2021-10-22 13:07:05,622: [/ss42/joy_mapper_node] Initializing 
[rosout][INFO] 2021-10-22 13:07:05,725: [/ss42/joy_mapper_node] ~speed_gain = 0.41 
[rospy.internal][INFO] 2021-10-22 13:07:05,745: topic[/rosout] adding connection to [/rosout], count 0
[rosout][INFO] 2021-10-22 13:07:05,803: [/ss42/joy_mapper_node] ~steer_gain = 8.3 
[rosout][INFO] 2021-10-22 13:07:05,935: [/ss42/joy_mapper_node] ~bicycle_kinematics = 0.0 
[rosout][INFO] 2021-10-22 13:07:06,072: [/ss42/joy_mapper_node] ~steer_angle_gain = 1.04 
[rosout][INFO] 2021-10-22 13:07:06,187: [/ss42/joy_mapper_node] ~simulated_vehicle_length = 0.18 
[rospy.internal][INFO] 2021-10-22 13:07:07,302: topic[/ss42/joy_mapper_node/car_cmd] adding connection to [/ss42/car_cmd_switch_node], count 0
[rospy.internal][INFO] 2021-10-22 13:07:07,334: topic[/ss42/wheels_driver_node/emergency_stop] adding connection to [/ss42/wheels_driver_node], count 0
[rospy.internal][INFO] 2021-10-22 13:07:07,419: topic[/ss42/joy] adding connection to [http://ss42.local:43115/], count 0
[rospy.internal][INFO] 2021-10-22 13:07:07,625: topic[/ss42/joy_mapper_node/parallel_autonomy] adding connection to [/ss42/logic_gate_node], count 0
[rospy.internal][INFO] 2021-10-22 13:07:07,756: topic[/ss42/joy_mapper_node/joystick_override] adding connection to [/ss42/fsm_node], count 0
[rospy.internal][INFO] 2021-10-22 13:07:07,846: topic[/ss42/joy_mapper_node/parallel_autonomy] adding connection to [/ss42/fsm_node], count 1
[rospy.internal][INFO] 2021-10-22 13:07:07,993: topic[/ss42/joy_mapper_node/start_avoidance] adding connection to [/ss42/fsm_node], count 0
[rospy.internal][INFO] 2021-10-22 13:07:18,491: topic[/ss42/anti_instagram_node/click] adding connection to [/ss42/anti_instagram_node], count 0
[rosout][INFO] 2021-10-22 13:07:32,114: override_msg = False
[rosout][INFO] 2021-10-22 13:07:35,667: override_msg = True
[rosout][INFO] 2021-10-22 13:08:00,514: override_msg = False
[rosout][INFO] 2021-10-22 13:08:09,527: override_msg = True
[rosout][INFO] 2021-10-22 13:08:12,312: override_msg = False
[rosout][INFO] 2021-10-22 13:08:14,696: override_msg = True
[rosout][INFO] 2021-10-22 13:08:20,381: override_msg = False
[rosout][INFO] 2021-10-22 13:08:28,969: override_msg = True
[rosout][INFO] 2021-10-22 13:08:34,946: override_msg = False
[rosout][INFO] 2021-10-22 13:08:42,756: override_msg = True
[rosout][INFO] 2021-10-22 13:08:48,260: override_msg = False
[rosout][INFO] 2021-10-22 13:09:00,630: override_msg = True
[rosout][INFO] 2021-10-22 13:09:04,742: override_msg = False
[rosout][INFO] 2021-10-22 13:09:06,227: override_msg = True
[rosout][INFO] 2021-10-22 13:09:07,607: override_msg = False
[rosout][INFO] 2021-10-22 13:09:10,727: override_msg = True
[rosout][INFO] 2021-10-22 13:09:12,411: override_msg = False
[rosout][INFO] 2021-10-22 13:09:14,343: override_msg = True
[rosout][INFO] 2021-10-22 13:09:17,813: override_msg = False
[rosout][INFO] 2021-10-22 13:09:22,817: override_msg = True
[rosout][INFO] 2021-10-22 13:09:27,737: override_msg = False
[rosout][INFO] 2021-10-22 13:09:30,574: override_msg = True
[rosout][INFO] 2021-10-22 13:09:33,266: override_msg = False
[rosout][INFO] 2021-10-22 13:09:35,439: override_msg = True
[rosout][INFO] 2021-10-22 13:09:37,951: override_msg = False
[rosout][INFO] 2021-10-22 13:09:39,659: override_msg = True
[rosout][INFO] 2021-10-22 13:09:42,532: override_msg = False
[rosout][INFO] 2021-10-22 13:09:44,212: override_msg = True
[rosout][INFO] 2021-10-22 13:09:47,201: override_msg = False
[rosout][INFO] 2021-10-22 13:09:49,261: override_msg = True
[rosout][INFO] 2021-10-22 13:10:27,433: override_msg = False
[rosout][INFO] 2021-10-22 13:10:29,289: override_msg = True
[rosout][INFO] 2021-10-22 13:10:36,007: override_msg = False
[rosout][INFO] 2021-10-22 13:10:37,107: override_msg = True
[rosout][INFO] 2021-10-22 13:11:27,242: override_msg = False
[rosout][INFO] 2021-10-22 13:11:29,229: override_msg = True
[rosout][INFO] 2021-10-22 13:11:31,523: override_msg = False
[rosout][INFO] 2021-10-22 13:11:34,074: override_msg = True
[rospy.internal][INFO] 2021-10-22 13:24:38,045: topic[/ss42/anti_instagram_node/click] removing connection to /ss42/anti_instagram_node
[rospy.core][INFO] 2021-10-22 13:24:38,335: signal_shutdown [signal-2]
[rospy.internal][INFO] 2021-10-22 13:24:38,418: topic[/ss42/joy_mapper_node/joystick_override] removing connection to /ss42/fsm_node
[rospy.internal][INFO] 2021-10-22 13:24:38,434: topic[/ss42/wheels_driver_node/emergency_stop] removing connection to /ss42/wheels_driver_node
[rospy.internal][INFO] 2021-10-22 13:24:38,435: topic[/rosout] removing connection to /rosout
[rospy.internal][INFO] 2021-10-22 13:24:38,437: topic[/ss42/joy_mapper_node/parallel_autonomy] removing connection to /ss42/logic_gate_node
[rospy.internal][INFO] 2021-10-22 13:24:38,440: topic[/ss42/joy_mapper_node/parallel_autonomy] removing connection to /ss42/fsm_node
[rospy.internal][INFO] 2021-10-22 13:24:38,443: topic[/ss42/joy_mapper_node/start_avoidance] removing connection to /ss42/fsm_node
[rospy.internal][INFO] 2021-10-22 13:24:38,446: topic[/ss42/joy_mapper_node/car_cmd] removing connection to /ss42/car_cmd_switch_node
[rospy.internal][INFO] 2021-10-22 13:24:38,453: topic[/ss42/joy] removing connection to http://ss42.local:43115/
[rospy.impl.masterslave][INFO] 2021-10-22 13:24:38,460: signal-2
[rospy.core][INFO] 2021-10-22 13:24:39,112: signal_shutdown [atexit]
