[rospy.client][INFO] 2021-11-21 07:08:35,971: init_node, name[/ss42/logic_gate_node], pid[10825]
[xmlrpc][INFO] 2021-11-21 07:08:36,027: XML-RPC server binding to 0.0.0.0:0
[xmlrpc][INFO] 2021-11-21 07:08:36,030: Started XML-RPC server [http://ss42.local:42793/]
[rospy.impl.masterslave][INFO] 2021-11-21 07:08:36,031: _ready: http://ss42.local:42793/
[rospy.init][INFO] 2021-11-21 07:08:36,033: ROS Slave URI: [http://ss42.local:42793/]
[rospy.registration][INFO] 2021-11-21 07:08:36,047: Registering with master node http://ss42.local:11311/
[xmlrpc][INFO] 2021-11-21 07:08:36,048: xml rpc node: starting XML-RPC server
[rospy.init][INFO] 2021-11-21 07:08:36,134: registered with master
[rospy.rosout][INFO] 2021-11-21 07:08:36,136: initializing /rosout core topic
[rospy.rosout][INFO] 2021-11-21 07:08:36,248: connected to core topic /rosout
[rospy.simtime][INFO] 2021-11-21 07:08:36,365: /use_sim_time is not set, will not subscribe to simulated time [/clock] topic
[rospy.internal][INFO] 2021-11-21 07:08:36,519: topic[/rosout] adding connection to [/rosout], count 0
[rospy.internal][INFO] 2021-11-21 07:08:37,264: topic[/ss42/logic_gate_node/intersection_done_and_parallel_autonomy] adding connection to [/ss42/fsm_node], count 0
[rospy.internal][INFO] 2021-11-21 07:08:37,311: topic[/ss42/joy_mapper_node/parallel_autonomy] adding connection to [http://ss42.local:36150/], count 0
[rospy.internal][INFO] 2021-11-21 07:08:37,458: topic[/ss42/logic_gate_node/intersection_done_and_not_parallel_autonomy] adding connection to [/ss42/fsm_node], count 0
[rospy.core][INFO] 2021-11-21 07:47:11,180: signal_shutdown [signal-2]
[rosout][INFO] 2021-11-21 07:47:11,182: [/ss42/logic_gate_node] Shutting down.
[rospy.internal][INFO] 2021-11-21 07:47:11,305: topic[/ss42/logic_gate_node/intersection_done_and_not_parallel_autonomy] removing connection to /ss42/fsm_node
[rospy.internal][INFO] 2021-11-21 07:47:11,306: topic[/rosout] removing connection to /rosout
[rospy.internal][INFO] 2021-11-21 07:47:11,308: topic[/ss42/logic_gate_node/intersection_done_and_parallel_autonomy] removing connection to /ss42/fsm_node
[rospy.internal][INFO] 2021-11-21 07:47:11,313: topic[/ss42/joy_mapper_node/parallel_autonomy] removing connection to http://ss42.local:36150/
[rospy.topics][ERROR] 2021-11-21 07:47:11,326: Traceback (most recent call last):
  File "/opt/ros/kinetic/lib/python2.7/dist-packages/rospy/topics.py", line 326, in close
    c.close()
  File "/opt/ros/kinetic/lib/python2.7/dist-packages/rospy/impl/tcpros_base.py", line 838, in close
    self.socket.close()
AttributeError: 'NoneType' object has no attribute 'close'

[rospy.internal][WARNING] 2021-11-21 07:47:11,332: Unknown error initiating TCP/IP socket to ss42.local:44337 (http://ss42.local:36150/): Traceback (most recent call last):
  File "/opt/ros/kinetic/lib/python2.7/dist-packages/rospy/impl/tcpros_base.py", line 557, in connect
    self.read_header()
  File "/opt/ros/kinetic/lib/python2.7/dist-packages/rospy/impl/tcpros_base.py", line 650, in read_header
    self._validate_header(read_ros_handshake_header(sock, self.read_buff, self.protocol.buff_size))
AttributeError: 'NoneType' object has no attribute 'buff_size'

[rospy.impl.masterslave][INFO] 2021-11-21 07:47:11,334: signal-2
[rospy.core][INFO] 2021-11-21 07:47:11,858: signal_shutdown [atexit]
