[rospy.client][INFO] 2021-11-21 07:08:48,565: init_node, name[/ss42/lane_pose_visualizer_node], pid[10843]
[xmlrpc][INFO] 2021-11-21 07:08:48,570: XML-RPC server binding to 0.0.0.0:0
[xmlrpc][INFO] 2021-11-21 07:08:48,572: Started XML-RPC server [http://ss42.local:41558/]
[rospy.init][INFO] 2021-11-21 07:08:48,573: ROS Slave URI: [http://ss42.local:41558/]
[rospy.impl.masterslave][INFO] 2021-11-21 07:08:48,574: _ready: http://ss42.local:41558/
[xmlrpc][INFO] 2021-11-21 07:08:48,582: xml rpc node: starting XML-RPC server
[rospy.registration][INFO] 2021-11-21 07:08:48,585: Registering with master node http://ss42.local:11311/
[rospy.init][INFO] 2021-11-21 07:08:48,676: registered with master
[rospy.rosout][INFO] 2021-11-21 07:08:48,678: initializing /rosout core topic
[rospy.rosout][INFO] 2021-11-21 07:08:48,736: connected to core topic /rosout
[rospy.simtime][INFO] 2021-11-21 07:08:48,765: /use_sim_time is not set, will not subscribe to simulated time [/clock] topic
[rosout][INFO] 2021-11-21 07:08:48,867: [/ss42/lane_pose_visualizer_node] Initialzing.
[rosout][INFO] 2021-11-21 07:08:48,870: [/ss42/lane_pose_visualizer_node] Vehicle name: ss42
[rospy.internal][INFO] 2021-11-21 07:08:48,951: topic[/rosout] adding connection to [/rosout], count 0
[rosout][INFO] 2021-11-21 07:08:48,966: [/ss42/lane_pose_visualizer_node] Initialzed.
[rospy.internal][INFO] 2021-11-21 07:08:51,655: topic[/ss42/lane_filter_node/lane_pose] adding connection to [http://ss42.local:37317/], count 0
[rospy.core][INFO] 2021-11-21 07:47:10,269: signal_shutdown [signal-2]
[rosout][INFO] 2021-11-21 07:47:10,273: [/ss42/lane_pose_visualizer_node] Shutting down.
[rospy.internal][INFO] 2021-11-21 07:47:10,537: topic[/rosout] removing connection to /rosout
[rospy.internal][INFO] 2021-11-21 07:47:10,556: topic[/ss42/lane_filter_node/lane_pose] removing connection to http://ss42.local:37317/
[rospy.internal][WARNING] 2021-11-21 07:47:10,564: Unknown error initiating TCP/IP socket to ss42.local:41217 (http://ss42.local:37317/): Traceback (most recent call last):
  File "/opt/ros/kinetic/lib/python2.7/dist-packages/rospy/impl/tcpros_base.py", line 558, in connect
    self.local_endpoint = self.socket.getsockname()
AttributeError: 'NoneType' object has no attribute 'getsockname'

[rospy.impl.masterslave][INFO] 2021-11-21 07:47:10,570: signal-2
[rospy.core][INFO] 2021-11-21 07:47:10,955: signal_shutdown [atexit]
