[rospy.client][INFO] 2021-11-21 07:08:48,549: [32minit_node, name[/ss42/ground_projection], pid[10833][0m
[xmlrpc][INFO] 2021-11-21 07:08:48,554: [32mXML-RPC server binding to 0.0.0.0:0[0m
[xmlrpc][INFO] 2021-11-21 07:08:48,564: [32mStarted XML-RPC server [http://ss42.local:33969/][0m
[rospy.init][INFO] 2021-11-21 07:08:48,565: [32mROS Slave URI: [http://ss42.local:33969/][0m
[rospy.impl.masterslave][INFO] 2021-11-21 07:08:48,566: [32m_ready: http://ss42.local:33969/[0m
[xmlrpc][INFO] 2021-11-21 07:08:48,568: [32mxml rpc node: starting XML-RPC server[0m
[rospy.registration][INFO] 2021-11-21 07:08:48,581: [32mRegistering with master node http://ss42.local:11311/[0m
[rospy.init][INFO] 2021-11-21 07:08:48,667: [32mregistered with master[0m
[rospy.rosout][INFO] 2021-11-21 07:08:48,668: [32minitializing /rosout core topic[0m
[rospy.rosout][INFO] 2021-11-21 07:08:48,706: [32mconnected to core topic /rosout[0m
[rospy.simtime][INFO] 2021-11-21 07:08:48,741: [32m/use_sim_time is not set, will not subscribe to simulated time [/clock] topic[0m
[DT][WARNING] 2021-11-21 07:08:48,894: [33mno extrinsic calibration parameters for ss42, trying default[0m
[rospy.internal][INFO] 2021-11-21 07:08:48,984: [32mtopic[/rosout] adding connection to [/rosout], count 0[0m
[DT][INFO] 2021-11-21 07:08:49,037: [32mLoaded homography for default.yaml[0m
[DT][INFO] 2021-11-21 07:08:50,027: [32mLoaded checkerboard parameters[0m
[rosout][INFO] 2021-11-21 07:08:50,033: [32mcamera info topic is /ss42/camera_node/camera_info[0m
[rosout][INFO] 2021-11-21 07:08:50,053: [32mwaiting for camera info[0m
[rospy.internal][INFO] 2021-11-21 07:08:50,160: [32mtopic[/ss42/camera_node/camera_info] adding connection to [http://ss42.local:43368/], count 0[0m
[rospy.internal][INFO] 2021-11-21 07:08:50,216: [32mtopic impl's ref count is zero, deleting topic /ss42/camera_node/camera_info...[0m
[rospy.internal][INFO] 2021-11-21 07:08:50,218: [32mtopic[/ss42/camera_node/camera_info] removing connection to http://ss42.local:43368/[0m
[rosout][INFO] 2021-11-21 07:08:50,249: [32mcamera info received[0m
[rospy.internal][INFO] 2021-11-21 07:08:50,493: [32mtopic[/ss42/ground_projection/lineseglist_out] adding connection to [/ss42/duckiebot_visualizer], count 0[0m
[rospy.internal][INFO] 2021-11-21 07:08:51,563: [32mtopic[/ss42/ground_projection/lineseglist_out] adding connection to [/ss42/lane_filter_node], count 1[0m
[rospy.internal][INFO] 2021-11-21 07:08:51,919: [32mtopic[/ss42/line_detector_node/segment_list] adding connection to [http://ss42.local:35947/], count 0[0m
[rospy.core][INFO] 2021-11-21 07:47:10,389: [32msignal_shutdown [signal-2][0m
[rosout][INFO] 2021-11-21 07:47:10,403: [32m[GroundProjectionNode] Shutdown.[0m
[rospy.internal][ERROR] 2021-11-21 07:47:10,642: [31mUnable to initiate TCP/IP socket to ss42.local:39458 (http://ss42.local:35947/): Traceback (most recent call last):
  File "/opt/ros/kinetic/lib/python2.7/dist-packages/rospy/impl/tcpros_base.py", line 557, in connect
    self.read_header()
  File "/opt/ros/kinetic/lib/python2.7/dist-packages/rospy/impl/tcpros_base.py", line 650, in read_header
    self._validate_header(read_ros_handshake_header(sock, self.read_buff, self.protocol.buff_size))
  File "/opt/ros/kinetic/lib/python2.7/dist-packages/rospy/impl/tcpros_base.py", line 593, in _validate_header
    raise TransportInitError("remote error reported: %s"%header['error'])
TransportInitError: remote error reported: node shutting down
[0m
[rospy.internal][INFO] 2021-11-21 07:47:10,831: [32mtopic[/ss42/ground_projection/lineseglist_out] removing connection to /ss42/duckiebot_visualizer[0m
[rospy.internal][INFO] 2021-11-21 07:47:10,835: [32mtopic[/ss42/ground_projection/lineseglist_out] removing connection to /ss42/lane_filter_node[0m
[rospy.internal][INFO] 2021-11-21 07:47:10,837: [32mtopic[/rosout] removing connection to /rosout[0m
[rospy.internal][INFO] 2021-11-21 07:47:10,839: [32mtopic[/ss42/line_detector_node/segment_list] removing connection to http://ss42.local:35947/[0m
[rospy.impl.masterslave][INFO] 2021-11-21 07:47:10,841: [32msignal-2[0m
[rospy.core][INFO] 2021-11-21 07:47:11,062: [32msignal_shutdown [atexit][0m
