[rospy.client][INFO] 2021-11-21 07:08:34,095: init_node, name[/ss42/car_cmd_switch_node], pid[10820]
[xmlrpc][INFO] 2021-11-21 07:08:34,116: XML-RPC server binding to 0.0.0.0:0
[xmlrpc][INFO] 2021-11-21 07:08:34,119: Started XML-RPC server [http://ss42.local:38348/]
[rospy.init][INFO] 2021-11-21 07:08:34,134: ROS Slave URI: [http://ss42.local:38348/]
[rospy.impl.masterslave][INFO] 2021-11-21 07:08:34,143: _ready: http://ss42.local:38348/
[xmlrpc][INFO] 2021-11-21 07:08:34,171: xml rpc node: starting XML-RPC server
[rospy.registration][INFO] 2021-11-21 07:08:34,176: Registering with master node http://ss42.local:11311/
[rospy.init][INFO] 2021-11-21 07:08:34,245: registered with master
[rospy.rosout][INFO] 2021-11-21 07:08:34,246: initializing /rosout core topic
[rospy.rosout][INFO] 2021-11-21 07:08:34,321: connected to core topic /rosout
[rospy.simtime][INFO] 2021-11-21 07:08:34,375: /use_sim_time is not set, will not subscribe to simulated time [/clock] topic
[rospy.internal][INFO] 2021-11-21 07:08:34,584: topic[/rosout] adding connection to [/rosout], count 0
[rospy.internal][INFO] 2021-11-21 07:08:35,673: topic[/ss42/joy_mapper_node/car_cmd] adding connection to [http://ss42.local:36150/], count 0
[rosout][INFO] 2021-11-21 07:08:35,766: [/ss42/car_cmd_switch_node] Initialized. 
[rospy.internal][INFO] 2021-11-21 07:08:35,858: topic[/ss42/fsm_node/mode] adding connection to [http://ss42.local:38040/], count 0
[rospy.internal][INFO] 2021-11-21 07:08:37,132: topic[/ss42/simple_coordinator_node/car_cmd] adding connection to [http://ss42.local:46198/], count 0
[rospy.internal][INFO] 2021-11-21 07:08:37,362: topic[/ss42/lane_controller_node/car_cmd] adding connection to [http://ss42.local:39360/], count 0
[rosout][INFO] 2021-11-21 07:08:37,485: [/ss42/car_cmd_switch_node] Car cmd switched to joystick in state JOYSTICK_CONTROL.
[rospy.internal][INFO] 2021-11-21 07:08:48,114: topic[/ss42/car_cmd_switch_node/cmd] adding connection to [/ss42/inverse_kinematics_node], count 0
[rospy.internal][INFO] 2021-11-21 07:08:51,621: topic[/ss42/car_cmd_switch_node/cmd] adding connection to [/ss42/lane_filter_node], count 1
[rosout][INFO] 2021-11-21 07:08:57,782: [/ss42/car_cmd_switch_node] Car cmd switched to lane in state LANE_FOLLOWING.
[rosout][INFO] 2021-11-21 07:09:00,805: [/ss42/car_cmd_switch_node] Car cmd switched to joystick in state JOYSTICK_CONTROL.
[rosout][INFO] 2021-11-21 07:09:03,658: [/ss42/car_cmd_switch_node] Car cmd switched to lane in state LANE_FOLLOWING.
[rosout][INFO] 2021-11-21 07:09:08,885: [/ss42/car_cmd_switch_node] Car cmd switched to joystick in state JOYSTICK_CONTROL.
[rosout][INFO] 2021-11-21 07:09:12,199: [/ss42/car_cmd_switch_node] Car cmd switched to lane in state LANE_FOLLOWING.
[rosout][INFO] 2021-11-21 07:09:20,487: [/ss42/car_cmd_switch_node] Car cmd switched to joystick in state JOYSTICK_CONTROL.
[rosout][INFO] 2021-11-21 07:09:24,305: [/ss42/car_cmd_switch_node] Car cmd switched to lane in state LANE_FOLLOWING.
[rosout][INFO] 2021-11-21 07:09:25,997: [/ss42/car_cmd_switch_node] Car cmd switched to joystick in state JOYSTICK_CONTROL.
[rosout][INFO] 2021-11-21 07:09:28,716: [/ss42/car_cmd_switch_node] Car cmd switched to lane in state LANE_FOLLOWING.
[rosout][INFO] 2021-11-21 07:09:30,427: [/ss42/car_cmd_switch_node] Car cmd switched to joystick in state JOYSTICK_CONTROL.
[rosout][INFO] 2021-11-21 07:09:32,280: [/ss42/car_cmd_switch_node] Car cmd switched to lane in state LANE_FOLLOWING.
[rosout][INFO] 2021-11-21 07:09:33,231: [/ss42/car_cmd_switch_node] Car cmd switched to joystick in state JOYSTICK_CONTROL.
[rosout][INFO] 2021-11-21 07:09:34,475: [/ss42/car_cmd_switch_node] Car cmd switched to lane in state LANE_FOLLOWING.
[rosout][INFO] 2021-11-21 07:09:35,462: [/ss42/car_cmd_switch_node] Car cmd switched to joystick in state JOYSTICK_CONTROL.
[rosout][INFO] 2021-11-21 07:09:38,566: [/ss42/car_cmd_switch_node] Car cmd switched to lane in state LANE_FOLLOWING.
[rosout][INFO] 2021-11-21 07:09:40,001: [/ss42/car_cmd_switch_node] Car cmd switched to joystick in state JOYSTICK_CONTROL.
[rosout][INFO] 2021-11-21 07:09:41,569: [/ss42/car_cmd_switch_node] Car cmd switched to lane in state LANE_FOLLOWING.
[rosout][INFO] 2021-11-21 07:09:42,744: [/ss42/car_cmd_switch_node] Car cmd switched to joystick in state JOYSTICK_CONTROL.
[rosout][INFO] 2021-11-21 07:09:49,470: [/ss42/car_cmd_switch_node] Car cmd switched to lane in state LANE_FOLLOWING.
[rosout][INFO] 2021-11-21 07:09:50,258: [/ss42/car_cmd_switch_node] Car cmd switched to joystick in state JOYSTICK_CONTROL.
[rosout][INFO] 2021-11-21 07:09:55,294: [/ss42/car_cmd_switch_node] Car cmd switched to lane in state LANE_FOLLOWING.
[rosout][INFO] 2021-11-21 07:10:02,540: [/ss42/car_cmd_switch_node] Car cmd switched to joystick in state JOYSTICK_CONTROL.
[rosout][INFO] 2021-11-21 07:10:05,416: [/ss42/car_cmd_switch_node] Car cmd switched to lane in state LANE_FOLLOWING.
[rosout][INFO] 2021-11-21 07:10:06,028: [/ss42/car_cmd_switch_node] Car cmd switched to joystick in state JOYSTICK_CONTROL.
[rosout][INFO] 2021-11-21 07:10:09,925: [/ss42/car_cmd_switch_node] Car cmd switched to lane in state LANE_FOLLOWING.
[rosout][INFO] 2021-11-21 07:10:10,727: [/ss42/car_cmd_switch_node] Car cmd switched to joystick in state JOYSTICK_CONTROL.
[rosout][INFO] 2021-11-21 07:10:14,496: [/ss42/car_cmd_switch_node] Car cmd switched to lane in state LANE_FOLLOWING.
[rosout][INFO] 2021-11-21 07:10:19,725: [/ss42/car_cmd_switch_node] Car cmd switched to joystick in state JOYSTICK_CONTROL.
[rosout][INFO] 2021-11-21 07:10:29,526: [/ss42/car_cmd_switch_node] Car cmd switched to lane in state LANE_FOLLOWING.
[rosout][INFO] 2021-11-21 07:10:34,043: [/ss42/car_cmd_switch_node] Car cmd switched to joystick in state JOYSTICK_CONTROL.
[rosout][INFO] 2021-11-21 07:10:39,080: [/ss42/car_cmd_switch_node] Car cmd switched to lane in state LANE_FOLLOWING.
[rosout][INFO] 2021-11-21 07:10:41,847: [/ss42/car_cmd_switch_node] Car cmd switched to joystick in state JOYSTICK_CONTROL.
[rosout][INFO] 2021-11-21 07:10:44,365: [/ss42/car_cmd_switch_node] Car cmd switched to lane in state LANE_FOLLOWING.
[rosout][INFO] 2021-11-21 07:10:46,581: [/ss42/car_cmd_switch_node] Car cmd switched to joystick in state JOYSTICK_CONTROL.
[rosout][INFO] 2021-11-21 07:10:51,542: [/ss42/car_cmd_switch_node] Car cmd switched to lane in state LANE_FOLLOWING.
[rosout][INFO] 2021-11-21 07:10:55,586: [/ss42/car_cmd_switch_node] Car cmd switched to joystick in state JOYSTICK_CONTROL.
[rosout][INFO] 2021-11-21 07:11:08,798: [/ss42/car_cmd_switch_node] Car cmd switched to lane in state LANE_FOLLOWING.
[rosout][INFO] 2021-11-21 07:11:11,810: [/ss42/car_cmd_switch_node] Car cmd switched to joystick in state JOYSTICK_CONTROL.
[rosout][INFO] 2021-11-21 07:11:13,233: [/ss42/car_cmd_switch_node] Car cmd switched to lane in state LANE_FOLLOWING.
[rosout][INFO] 2021-11-21 07:11:14,179: [/ss42/car_cmd_switch_node] Car cmd switched to joystick in state JOYSTICK_CONTROL.
[rosout][INFO] 2021-11-21 07:11:16,198: [/ss42/car_cmd_switch_node] Car cmd switched to lane in state LANE_FOLLOWING.
[rosout][INFO] 2021-11-21 07:11:21,669: [/ss42/car_cmd_switch_node] Car cmd switched to joystick in state JOYSTICK_CONTROL.
[rosout][INFO] 2021-11-21 07:13:09,420: [/ss42/car_cmd_switch_node] Car cmd switched to lane in state LANE_FOLLOWING.
[rosout][INFO] 2021-11-21 07:13:15,966: [/ss42/car_cmd_switch_node] Car cmd switched to joystick in state JOYSTICK_CONTROL.
[rosout][INFO] 2021-11-21 07:13:21,331: [/ss42/car_cmd_switch_node] Car cmd switched to lane in state LANE_FOLLOWING.
[rosout][INFO] 2021-11-21 07:13:31,829: [/ss42/car_cmd_switch_node] Car cmd switched to joystick in state JOYSTICK_CONTROL.
[rosout][INFO] 2021-11-21 07:13:37,883: [/ss42/car_cmd_switch_node] Car cmd switched to lane in state LANE_FOLLOWING.
[rosout][INFO] 2021-11-21 07:13:39,590: [/ss42/car_cmd_switch_node] Car cmd switched to joystick in state JOYSTICK_CONTROL.
[rosout][INFO] 2021-11-21 07:14:05,426: [/ss42/car_cmd_switch_node] Car cmd switched to lane in state LANE_FOLLOWING.
[rosout][INFO] 2021-11-21 07:14:08,177: [/ss42/car_cmd_switch_node] Car cmd switched to joystick in state JOYSTICK_CONTROL.
[rosout][INFO] 2021-11-21 07:14:56,785: [/ss42/car_cmd_switch_node] Car cmd switched to lane in state LANE_FOLLOWING.
[rosout][INFO] 2021-11-21 07:15:00,684: [/ss42/car_cmd_switch_node] Car cmd switched to joystick in state JOYSTICK_CONTROL.
[rosout][INFO] 2021-11-21 07:15:02,043: [/ss42/car_cmd_switch_node] Car cmd switched to lane in state LANE_FOLLOWING.
[rosout][INFO] 2021-11-21 07:15:15,231: [/ss42/car_cmd_switch_node] Car cmd switched to joystick in state JOYSTICK_CONTROL.
[rosout][INFO] 2021-11-21 07:15:33,548: [/ss42/car_cmd_switch_node] Car cmd switched to lane in state LANE_FOLLOWING.
[rosout][INFO] 2021-11-21 07:15:35,678: [/ss42/car_cmd_switch_node] Car cmd switched to joystick in state JOYSTICK_CONTROL.
[rosout][INFO] 2021-11-21 07:16:17,893: [/ss42/car_cmd_switch_node] Car cmd switched to lane in state LANE_FOLLOWING.
[rosout][INFO] 2021-11-21 07:16:32,993: [/ss42/car_cmd_switch_node] Car cmd switched to joystick in state JOYSTICK_CONTROL.
[rosout][INFO] 2021-11-21 07:16:42,050: [/ss42/car_cmd_switch_node] Car cmd switched to lane in state LANE_FOLLOWING.
[rosout][INFO] 2021-11-21 07:16:55,145: [/ss42/car_cmd_switch_node] Car cmd switched to joystick in state JOYSTICK_CONTROL.
[rospy.internal][ERROR] 2021-11-21 07:47:10,504: Unable to initiate TCP/IP socket to ss42.local:43243 (http://ss42.local:46198/): Traceback (most recent call last):
  File "/opt/ros/kinetic/lib/python2.7/dist-packages/rospy/impl/tcpros_base.py", line 557, in connect
    self.read_header()
  File "/opt/ros/kinetic/lib/python2.7/dist-packages/rospy/impl/tcpros_base.py", line 650, in read_header
    self._validate_header(read_ros_handshake_header(sock, self.read_buff, self.protocol.buff_size))
  File "/opt/ros/kinetic/lib/python2.7/dist-packages/rospy/impl/tcpros_base.py", line 593, in _validate_header
    raise TransportInitError("remote error reported: %s"%header['error'])
TransportInitError: remote error reported: node shutting down

[rospy.internal][INFO] 2021-11-21 07:47:11,138: topic[/ss42/car_cmd_switch_node/cmd] removing connection to /ss42/lane_filter_node
[rospy.core][INFO] 2021-11-21 07:47:11,183: signal_shutdown [signal-2]
[rosout][INFO] 2021-11-21 07:47:11,184: [/ss42/car_cmd_switch_node] Shutting down.
[rospy.internal][WARNING] 2021-11-21 07:47:11,370: Unknown error initiating TCP/IP socket to ss42.local:38694 (http://ss42.local:39360/): Traceback (most recent call last):
  File "/opt/ros/kinetic/lib/python2.7/dist-packages/rospy/impl/tcpros_base.py", line 557, in connect
    self.read_header()
  File "/opt/ros/kinetic/lib/python2.7/dist-packages/rospy/impl/tcpros_base.py", line 650, in read_header
    self._validate_header(read_ros_handshake_header(sock, self.read_buff, self.protocol.buff_size))
  File "/opt/ros/kinetic/lib/python2.7/dist-packages/rosgraph/network.py", line 362, in read_ros_handshake_header
    d = sock.recv(buff_size)
error: [Errno 104] Connection reset by peer

[rospy.internal][INFO] 2021-11-21 07:47:11,371: topic[/ss42/lane_controller_node/car_cmd] removing connection to http://ss42.local:39360/
[rospy.internal][INFO] 2021-11-21 07:47:11,452: topic[/rosout] removing connection to /rosout
[rospy.internal][INFO] 2021-11-21 07:47:11,453: topic[/ss42/car_cmd_switch_node/cmd] removing connection to /ss42/inverse_kinematics_node
[rospy.internal][INFO] 2021-11-21 07:47:11,454: topic[/ss42/fsm_node/mode] removing connection to http://ss42.local:38040/
[rospy.internal][INFO] 2021-11-21 07:47:11,466: topic[/ss42/joy_mapper_node/car_cmd] removing connection to http://ss42.local:36150/
[rospy.internal][INFO] 2021-11-21 07:47:11,469: topic[/ss42/simple_coordinator_node/car_cmd] removing connection to http://ss42.local:46198/
[rospy.impl.masterslave][INFO] 2021-11-21 07:47:11,478: signal-2
[rospy.internal][WARNING] 2021-11-21 07:47:11,552: Unknown error initiating TCP/IP socket to ss42.local:44337 (http://ss42.local:36150/): Traceback (most recent call last):
  File "/opt/ros/kinetic/lib/python2.7/dist-packages/rospy/impl/tcpros_base.py", line 557, in connect
    self.read_header()
  File "/opt/ros/kinetic/lib/python2.7/dist-packages/rospy/impl/tcpros_base.py", line 650, in read_header
    self._validate_header(read_ros_handshake_header(sock, self.read_buff, self.protocol.buff_size))
  File "/opt/ros/kinetic/lib/python2.7/dist-packages/rosgraph/network.py", line 362, in read_ros_handshake_header
    d = sock.recv(buff_size)
error: [Errno 104] Connection reset by peer

[rospy.core][INFO] 2021-11-21 07:47:11,807: signal_shutdown [atexit]
