[rospy.client][INFO] 2021-11-21 07:08:36,069: init_node, name[/ss42/fake_coordinator_node], pid[10850]
[xmlrpc][INFO] 2021-11-21 07:08:36,084: XML-RPC server binding to 0.0.0.0:0
[rospy.init][INFO] 2021-11-21 07:08:36,092: ROS Slave URI: [http://ss42.local:46198/]
[xmlrpc][INFO] 2021-11-21 07:08:36,090: Started XML-RPC server [http://ss42.local:46198/]
[rospy.impl.masterslave][INFO] 2021-11-21 07:08:36,094: _ready: http://ss42.local:46198/
[xmlrpc][INFO] 2021-11-21 07:08:36,107: xml rpc node: starting XML-RPC server
[rospy.registration][INFO] 2021-11-21 07:08:36,114: Registering with master node http://ss42.local:11311/
[rospy.init][INFO] 2021-11-21 07:08:36,194: registered with master
[rospy.rosout][INFO] 2021-11-21 07:08:36,195: initializing /rosout core topic
[rospy.rosout][INFO] 2021-11-21 07:08:36,318: connected to core topic /rosout
[rospy.simtime][INFO] 2021-11-21 07:08:36,411: /use_sim_time is not set, will not subscribe to simulated time [/clock] topic
[rospy.internal][INFO] 2021-11-21 07:08:36,508: topic[/rosout] adding connection to [/rosout], count 0
[rospy.internal][INFO] 2021-11-21 07:08:37,039: topic[/ss42/fsm_node/mode] adding connection to [http://ss42.local:38040/], count 0
[rospy.internal][INFO] 2021-11-21 07:08:37,216: topic[/ss42/simple_coordinator_node/car_cmd] adding connection to [/ss42/car_cmd_switch_node], count 0
[rospy.internal][INFO] 2021-11-21 07:08:37,433: topic[/ss42/simple_coordinator_node/intersection_go] adding connection to [/ss42/fsm_node], count 0
[rospy.core][INFO] 2021-11-21 07:47:10,228: signal_shutdown [signal-2]
[rosout][INFO] 2021-11-21 07:47:10,230: [LaneFilterNode] Shutdown.
[rospy.internal][INFO] 2021-11-21 07:47:10,474: topic[/ss42/simple_coordinator_node/intersection_go] removing connection to /ss42/fsm_node
[rospy.internal][INFO] 2021-11-21 07:47:10,481: topic[/rosout] removing connection to /rosout
[rospy.internal][INFO] 2021-11-21 07:47:10,484: topic[/ss42/simple_coordinator_node/car_cmd] removing connection to /ss42/car_cmd_switch_node
[rospy.internal][INFO] 2021-11-21 07:47:10,500: topic[/ss42/fsm_node/mode] removing connection to http://ss42.local:38040/
[rospy.internal][WARNING] 2021-11-21 07:47:10,539: Unknown error initiating TCP/IP socket to ss42.local:39666 (http://ss42.local:38040/): Traceback (most recent call last):
  File "/opt/ros/kinetic/lib/python2.7/dist-packages/rospy/impl/tcpros_base.py", line 558, in connect
    self.local_endpoint = self.socket.getsockname()
AttributeError: 'NoneType' object has no attribute 'getsockname'

[rospy.impl.masterslave][INFO] 2021-11-21 07:47:10,550: signal-2
[rospy.core][INFO] 2021-11-21 07:47:10,884: signal_shutdown [atexit]
