[rospy.client][INFO] 2021-11-21 07:08:52,805: [32minit_node, name[/ss42/anti_instagram_node], pid[10853][0m
[xmlrpc][INFO] 2021-11-21 07:08:52,809: [32mXML-RPC server binding to 0.0.0.0:0[0m
[xmlrpc][INFO] 2021-11-21 07:08:52,816: [32mStarted XML-RPC server [http://ss42.local:46704/][0m
[rospy.init][INFO] 2021-11-21 07:08:52,817: [32mROS Slave URI: [http://ss42.local:46704/][0m
[rospy.impl.masterslave][INFO] 2021-11-21 07:08:52,822: [32m_ready: http://ss42.local:46704/[0m
[rospy.registration][INFO] 2021-11-21 07:08:52,831: [32mRegistering with master node http://ss42.local:11311/[0m
[xmlrpc][INFO] 2021-11-21 07:08:52,832: [32mxml rpc node: starting XML-RPC server[0m
[rospy.init][INFO] 2021-11-21 07:08:52,924: [32mregistered with master[0m
[rospy.rosout][INFO] 2021-11-21 07:08:52,925: [32minitializing /rosout core topic[0m
[rospy.rosout][INFO] 2021-11-21 07:08:52,948: [32mconnected to core topic /rosout[0m
[rospy.simtime][INFO] 2021-11-21 07:08:52,961: [32m/use_sim_time is not set, will not subscribe to simulated time [/clock] topic[0m
[rospy.internal][INFO] 2021-11-21 07:08:53,131: [32mtopic[/ss42/anti_instagram_node/transform] adding connection to [/ss42/line_detector_node], count 0[0m
[rospy.internal][INFO] 2021-11-21 07:08:53,158: [32mtopic[/rosout] adding connection to [/rosout], count 0[0m
[rospy.internal][INFO] 2021-11-21 07:08:53,203: [32mtopic[/ss42/anti_instagram_node/click] adding connection to [http://ss42.local:36150/], count 0[0m
[rospy.internal][INFO] 2021-11-21 07:08:53,205: [32mtopic[/ss42/camera_node/image/compressed] adding connection to [http://ss42.local:39111/], count 0[0m
[rospy.core][INFO] 2021-11-21 07:47:10,221: [32msignal_shutdown [signal-2][0m
[rospy.internal][INFO] 2021-11-21 07:47:10,475: [32mtopic[/ss42/anti_instagram_node/transform] removing connection to /ss42/line_detector_node[0m
[rospy.internal][INFO] 2021-11-21 07:47:10,482: [32mtopic[/rosout] removing connection to /rosout[0m
[rospy.internal][INFO] 2021-11-21 07:47:10,518: [32mtopic[/ss42/anti_instagram_node/click] removing connection to http://ss42.local:36150/[0m
[rospy.internal][INFO] 2021-11-21 07:47:10,531: [32mtopic[/ss42/camera_node/image/compressed] removing connection to http://ss42.local:39111/[0m
[rospy.internal][WARNING] 2021-11-21 07:47:10,539: [33mUnknown error initiating TCP/IP socket to ss42.local:44337 (http://ss42.local:36150/): Traceback (most recent call last):
  File "/opt/ros/kinetic/lib/python2.7/dist-packages/rospy/impl/tcpros_base.py", line 558, in connect
    self.local_endpoint = self.socket.getsockname()
AttributeError: 'NoneType' object has no attribute 'getsockname'
[0m
[rospy.impl.masterslave][INFO] 2021-11-21 07:47:10,542: [32msignal-2[0m
[rospy.core][INFO] 2021-11-21 07:47:10,876: [32msignal_shutdown [atexit][0m
