[rospy.client][INFO] 2021-11-21 07:08:35,245: init_node, name[/ss42/led_emitter_node], pid[10849]
[xmlrpc][INFO] 2021-11-21 07:08:35,258: XML-RPC server binding to 0.0.0.0:0
[xmlrpc][INFO] 2021-11-21 07:08:35,268: Started XML-RPC server [http://ss42.local:34003/]
[rospy.impl.masterslave][INFO] 2021-11-21 07:08:35,270: _ready: http://ss42.local:34003/
[rospy.init][INFO] 2021-11-21 07:08:35,272: ROS Slave URI: [http://ss42.local:34003/]
[rospy.registration][INFO] 2021-11-21 07:08:35,311: Registering with master node http://ss42.local:11311/
[xmlrpc][INFO] 2021-11-21 07:08:35,313: xml rpc node: starting XML-RPC server
[rospy.init][INFO] 2021-11-21 07:08:35,374: registered with master
[rospy.rosout][INFO] 2021-11-21 07:08:35,376: initializing /rosout core topic
[rospy.rosout][INFO] 2021-11-21 07:08:35,440: connected to core topic /rosout
[rospy.simtime][INFO] 2021-11-21 07:08:35,526: /use_sim_time is not set, will not subscribe to simulated time [/clock] topic
[rospy.internal][INFO] 2021-11-21 07:08:35,724: topic[/rosout] adding connection to [/rosout], count 0
[rospy.internal][INFO] 2021-11-21 07:08:36,238: topic[/ss42/led_emitter_node/switch] adding connection to [http://ss42.local:38040/], count 0
[rosout][INFO] 2021-11-21 07:08:36,352: changePattern('CAR_SIGNAL_A')
[rospy.core][INFO] 2021-11-21 07:47:10,369: signal_shutdown [signal-2]
[rospy.internal][INFO] 2021-11-21 07:47:10,619: topic[/rosout] removing connection to /rosout
[rospy.internal][INFO] 2021-11-21 07:47:10,623: topic[/ss42/led_emitter_node/switch] removing connection to http://ss42.local:38040/
[rospy.impl.masterslave][INFO] 2021-11-21 07:47:10,628: signal-2
[rospy.internal][WARNING] 2021-11-21 07:47:10,636: Unknown error initiating TCP/IP socket to ss42.local:39666 (http://ss42.local:38040/): Traceback (most recent call last):
  File "/opt/ros/kinetic/lib/python2.7/dist-packages/rospy/impl/tcpros_base.py", line 558, in connect
    self.local_endpoint = self.socket.getsockname()
AttributeError: 'NoneType' object has no attribute 'getsockname'

[rospy.core][INFO] 2021-11-21 07:47:11,056: signal_shutdown [atexit]
