[rospy.client][INFO] 2021-11-21 07:08:34,234: init_node, name[/ss42/fsm_node], pid[10811]
[xmlrpc][INFO] 2021-11-21 07:08:34,245: XML-RPC server binding to 0.0.0.0:0
[xmlrpc][INFO] 2021-11-21 07:08:34,248: Started XML-RPC server [http://ss42.local:38040/]
[rospy.impl.masterslave][INFO] 2021-11-21 07:08:34,249: _ready: http://ss42.local:38040/
[rospy.init][INFO] 2021-11-21 07:08:34,258: ROS Slave URI: [http://ss42.local:38040/]
[rospy.registration][INFO] 2021-11-21 07:08:34,297: Registering with master node http://ss42.local:11311/
[xmlrpc][INFO] 2021-11-21 07:08:34,298: xml rpc node: starting XML-RPC server
[rospy.init][INFO] 2021-11-21 07:08:34,360: registered with master
[rospy.rosout][INFO] 2021-11-21 07:08:34,361: initializing /rosout core topic
[rospy.rosout][INFO] 2021-11-21 07:08:34,427: connected to core topic /rosout
[rospy.simtime][INFO] 2021-11-21 07:08:34,469: /use_sim_time is not set, will not subscribe to simulated time [/clock] topic
[rospy.internal][INFO] 2021-11-21 07:08:34,663: topic[/rosout] adding connection to [/rosout], count 0
[rospy.internal][INFO] 2021-11-21 07:08:35,916: topic[/ss42/fsm_node/mode] adding connection to [/ss42/car_cmd_switch_node], count 0
[rospy.internal][INFO] 2021-11-21 07:08:36,414: topic[/ss42/led_emitter_node/switch] adding connection to [/ss42/led_emitter_node], count 0
[rospy.internal][INFO] 2021-11-21 07:08:36,642: topic[/ss42/joy_mapper_node/joystick_override] adding connection to [http://ss42.local:36150/], count 0
[rospy.internal][INFO] 2021-11-21 07:08:36,828: topic[/ss42/joy_mapper_node/parallel_autonomy] adding connection to [http://ss42.local:36150/], count 0
[rospy.internal][INFO] 2021-11-21 07:08:37,049: topic[/ss42/joy_mapper_node/start_avoidance] adding connection to [http://ss42.local:36150/], count 0
[rospy.internal][INFO] 2021-11-21 07:08:37,188: topic[/ss42/fsm_node/mode] adding connection to [/ss42/fake_coordinator_node], count 1
[rospy.internal][INFO] 2021-11-21 07:08:37,209: topic[/ss42/logic_gate_node/intersection_done_and_parallel_autonomy] adding connection to [http://ss42.local:42793/], count 0
[rosout][INFO] 2021-11-21 07:08:37,292: [/ss42/fsm_node] Initialized.
[rosout][INFO] 2021-11-21 07:08:37,296: [/ss42/fsm_node] Node vehicle_detector_node is OFF in JOYSTICK_CONTROL
[rosout][INFO] 2021-11-21 07:08:37,302: [/ss42/fsm_node] Node framerate_high is ON in JOYSTICK_CONTROL
[rosout][INFO] 2021-11-21 07:08:37,338: [/ss42/fsm_node] Node decoder_node is ON in JOYSTICK_CONTROL
[rosout][INFO] 2021-11-21 07:08:37,357: [/ss42/fsm_node] Node stop_line_filter_node is ON in JOYSTICK_CONTROL
[rosout][INFO] 2021-11-21 07:08:37,377: [/ss42/fsm_node] Node lane_filter_node is ON in JOYSTICK_CONTROL
[rospy.internal][INFO] 2021-11-21 07:08:37,402: topic[/ss42/simple_coordinator_node/intersection_go] adding connection to [http://ss42.local:46198/], count 0
[rosout][INFO] 2021-11-21 07:08:37,404: [/ss42/fsm_node] Node led_detector_node is OFF in JOYSTICK_CONTROL
[rospy.internal][INFO] 2021-11-21 07:08:37,427: topic[/ss42/logic_gate_node/intersection_done_and_not_parallel_autonomy] adding connection to [http://ss42.local:42793/], count 0
[rosout][INFO] 2021-11-21 07:08:37,409: [/ss42/fsm_node] Node static_object_detector_node is OFF in JOYSTICK_CONTROL
[rosout][INFO] 2021-11-21 07:08:37,433: [/ss42/fsm_node] Node led_emitter_node is OFF in JOYSTICK_CONTROL
[rosout][INFO] 2021-11-21 07:08:37,455: [/ss42/fsm_node] Node line_detector_node is ON in JOYSTICK_CONTROL
[rosout][INFO] 2021-11-21 07:08:37,480: [/ss42/fsm_node] Node apriltag_node is ON in JOYSTICK_CONTROL
[rosout][INFO] 2021-11-21 07:08:37,486: [/ss42/fsm_node] FSMState: JOYSTICK_CONTROL
[rospy.internal][INFO] 2021-11-21 07:08:48,488: topic[/ss42/camera_node/framerate_high_switch] adding connection to [/ss42/camera_node], count 0
[rospy.internal][INFO] 2021-11-21 07:08:51,592: topic[/ss42/lane_filter_node/switch] adding connection to [/ss42/lane_filter_node], count 0
[rospy.internal][INFO] 2021-11-21 07:08:51,969: topic[/ss42/line_detector_node/switch] adding connection to [/ss42/line_detector_node], count 0
[rosout][INFO] 2021-11-21 07:08:57,731: [/ss42/fsm_node] Event: joystick_override_off
[rosout][INFO] 2021-11-21 07:08:57,735: [/ss42/fsm_node] Node vehicle_detector_node is OFF in LANE_FOLLOWING
[rosout][INFO] 2021-11-21 07:08:57,742: [/ss42/fsm_node] Node framerate_high is OFF in LANE_FOLLOWING
[rosout][INFO] 2021-11-21 07:08:57,746: [/ss42/fsm_node] Node decoder_node is OFF in LANE_FOLLOWING
[rosout][INFO] 2021-11-21 07:08:57,749: [/ss42/fsm_node] Node stop_line_filter_node is ON in LANE_FOLLOWING
[rosout][INFO] 2021-11-21 07:08:57,753: [/ss42/fsm_node] Node lane_filter_node is ON in LANE_FOLLOWING
[rosout][INFO] 2021-11-21 07:08:57,757: [/ss42/fsm_node] Node led_detector_node is OFF in LANE_FOLLOWING
[rosout][INFO] 2021-11-21 07:08:57,760: [/ss42/fsm_node] Node static_object_detector_node is OFF in LANE_FOLLOWING
[rosout][INFO] 2021-11-21 07:08:57,763: [/ss42/fsm_node] Node led_emitter_node is OFF in LANE_FOLLOWING
[rosout][INFO] 2021-11-21 07:08:57,766: [/ss42/fsm_node] Node line_detector_node is ON in LANE_FOLLOWING
[rosout][INFO] 2021-11-21 07:08:57,769: [/ss42/fsm_node] Node apriltag_node is OFF in LANE_FOLLOWING
[rosout][INFO] 2021-11-21 07:08:57,784: [/ss42/fsm_node] FSMState: LANE_FOLLOWING
[rosout][INFO] 2021-11-21 07:09:00,754: [/ss42/fsm_node] Event: joystick_override_on
[rosout][INFO] 2021-11-21 07:09:00,757: [/ss42/fsm_node] Node vehicle_detector_node is OFF in JOYSTICK_CONTROL
[rosout][INFO] 2021-11-21 07:09:00,762: [/ss42/fsm_node] Node framerate_high is ON in JOYSTICK_CONTROL
[rosout][INFO] 2021-11-21 07:09:00,766: [/ss42/fsm_node] Node decoder_node is ON in JOYSTICK_CONTROL
[rosout][INFO] 2021-11-21 07:09:00,771: [/ss42/fsm_node] Node stop_line_filter_node is ON in JOYSTICK_CONTROL
[rosout][INFO] 2021-11-21 07:09:00,778: [/ss42/fsm_node] Node lane_filter_node is ON in JOYSTICK_CONTROL
[rosout][INFO] 2021-11-21 07:09:00,781: [/ss42/fsm_node] Node led_detector_node is OFF in JOYSTICK_CONTROL
[rosout][INFO] 2021-11-21 07:09:00,785: [/ss42/fsm_node] Node static_object_detector_node is OFF in JOYSTICK_CONTROL
[rosout][INFO] 2021-11-21 07:09:00,791: [/ss42/fsm_node] Node led_emitter_node is OFF in JOYSTICK_CONTROL
[rosout][INFO] 2021-11-21 07:09:00,794: [/ss42/fsm_node] Node line_detector_node is ON in JOYSTICK_CONTROL
[rosout][INFO] 2021-11-21 07:09:00,798: [/ss42/fsm_node] Node apriltag_node is ON in JOYSTICK_CONTROL
[rosout][INFO] 2021-11-21 07:09:00,804: [/ss42/fsm_node] FSMState: JOYSTICK_CONTROL
[rosout][INFO] 2021-11-21 07:09:03,591: [/ss42/fsm_node] Event: joystick_override_off
[rosout][INFO] 2021-11-21 07:09:03,596: [/ss42/fsm_node] Node vehicle_detector_node is OFF in LANE_FOLLOWING
[rosout][INFO] 2021-11-21 07:09:03,601: [/ss42/fsm_node] Node framerate_high is OFF in LANE_FOLLOWING
[rosout][INFO] 2021-11-21 07:09:03,606: [/ss42/fsm_node] Node decoder_node is OFF in LANE_FOLLOWING
[rosout][INFO] 2021-11-21 07:09:03,610: [/ss42/fsm_node] Node stop_line_filter_node is ON in LANE_FOLLOWING
[rosout][INFO] 2021-11-21 07:09:03,618: [/ss42/fsm_node] Node lane_filter_node is ON in LANE_FOLLOWING
[rosout][INFO] 2021-11-21 07:09:03,628: [/ss42/fsm_node] Node led_detector_node is OFF in LANE_FOLLOWING
[rosout][INFO] 2021-11-21 07:09:03,636: [/ss42/fsm_node] Node static_object_detector_node is OFF in LANE_FOLLOWING
[rosout][INFO] 2021-11-21 07:09:03,641: [/ss42/fsm_node] Node led_emitter_node is OFF in LANE_FOLLOWING
[rosout][INFO] 2021-11-21 07:09:03,645: [/ss42/fsm_node] Node line_detector_node is ON in LANE_FOLLOWING
[rosout][INFO] 2021-11-21 07:09:03,649: [/ss42/fsm_node] Node apriltag_node is OFF in LANE_FOLLOWING
[rosout][INFO] 2021-11-21 07:09:03,653: [/ss42/fsm_node] FSMState: LANE_FOLLOWING
[rosout][INFO] 2021-11-21 07:09:08,825: [/ss42/fsm_node] Event: joystick_override_on
[rosout][INFO] 2021-11-21 07:09:08,829: [/ss42/fsm_node] Node vehicle_detector_node is OFF in JOYSTICK_CONTROL
[rosout][INFO] 2021-11-21 07:09:08,835: [/ss42/fsm_node] Node framerate_high is ON in JOYSTICK_CONTROL
[rosout][INFO] 2021-11-21 07:09:08,839: [/ss42/fsm_node] Node decoder_node is ON in JOYSTICK_CONTROL
[rosout][INFO] 2021-11-21 07:09:08,844: [/ss42/fsm_node] Node stop_line_filter_node is ON in JOYSTICK_CONTROL
[rosout][INFO] 2021-11-21 07:09:08,849: [/ss42/fsm_node] Node lane_filter_node is ON in JOYSTICK_CONTROL
[rosout][INFO] 2021-11-21 07:09:08,852: [/ss42/fsm_node] Node led_detector_node is OFF in JOYSTICK_CONTROL
[rosout][INFO] 2021-11-21 07:09:08,858: [/ss42/fsm_node] Node static_object_detector_node is OFF in JOYSTICK_CONTROL
[rosout][INFO] 2021-11-21 07:09:08,873: [/ss42/fsm_node] Node led_emitter_node is OFF in JOYSTICK_CONTROL
[rosout][INFO] 2021-11-21 07:09:08,876: [/ss42/fsm_node] Node line_detector_node is ON in JOYSTICK_CONTROL
[rosout][INFO] 2021-11-21 07:09:08,879: [/ss42/fsm_node] Node apriltag_node is ON in JOYSTICK_CONTROL
[rosout][INFO] 2021-11-21 07:09:08,883: [/ss42/fsm_node] FSMState: JOYSTICK_CONTROL
[rosout][INFO] 2021-11-21 07:09:12,135: [/ss42/fsm_node] Event: joystick_override_off
[rosout][INFO] 2021-11-21 07:09:12,138: [/ss42/fsm_node] Node vehicle_detector_node is OFF in LANE_FOLLOWING
[rosout][INFO] 2021-11-21 07:09:12,144: [/ss42/fsm_node] Node framerate_high is OFF in LANE_FOLLOWING
[rosout][INFO] 2021-11-21 07:09:12,154: [/ss42/fsm_node] Node decoder_node is OFF in LANE_FOLLOWING
[rosout][INFO] 2021-11-21 07:09:12,164: [/ss42/fsm_node] Node stop_line_filter_node is ON in LANE_FOLLOWING
[rosout][INFO] 2021-11-21 07:09:12,171: [/ss42/fsm_node] Node lane_filter_node is ON in LANE_FOLLOWING
[rosout][INFO] 2021-11-21 07:09:12,174: [/ss42/fsm_node] Node led_detector_node is OFF in LANE_FOLLOWING
[rosout][INFO] 2021-11-21 07:09:12,177: [/ss42/fsm_node] Node static_object_detector_node is OFF in LANE_FOLLOWING
[rosout][INFO] 2021-11-21 07:09:12,180: [/ss42/fsm_node] Node led_emitter_node is OFF in LANE_FOLLOWING
[rosout][INFO] 2021-11-21 07:09:12,183: [/ss42/fsm_node] Node line_detector_node is ON in LANE_FOLLOWING
[rosout][INFO] 2021-11-21 07:09:12,186: [/ss42/fsm_node] Node apriltag_node is OFF in LANE_FOLLOWING
[rosout][INFO] 2021-11-21 07:09:12,196: [/ss42/fsm_node] FSMState: LANE_FOLLOWING
[rosout][INFO] 2021-11-21 07:09:20,410: [/ss42/fsm_node] Event: joystick_override_on
[rosout][INFO] 2021-11-21 07:09:20,415: [/ss42/fsm_node] Node vehicle_detector_node is OFF in JOYSTICK_CONTROL
[rosout][INFO] 2021-11-21 07:09:20,422: [/ss42/fsm_node] Node framerate_high is ON in JOYSTICK_CONTROL
[rosout][INFO] 2021-11-21 07:09:20,426: [/ss42/fsm_node] Node decoder_node is ON in JOYSTICK_CONTROL
[rosout][INFO] 2021-11-21 07:09:20,432: [/ss42/fsm_node] Node stop_line_filter_node is ON in JOYSTICK_CONTROL
[rosout][INFO] 2021-11-21 07:09:20,439: [/ss42/fsm_node] Node lane_filter_node is ON in JOYSTICK_CONTROL
[rosout][INFO] 2021-11-21 07:09:20,443: [/ss42/fsm_node] Node led_detector_node is OFF in JOYSTICK_CONTROL
[rosout][INFO] 2021-11-21 07:09:20,446: [/ss42/fsm_node] Node static_object_detector_node is OFF in JOYSTICK_CONTROL
[rosout][INFO] 2021-11-21 07:09:20,451: [/ss42/fsm_node] Node led_emitter_node is OFF in JOYSTICK_CONTROL
[rosout][INFO] 2021-11-21 07:09:20,459: [/ss42/fsm_node] Node line_detector_node is ON in JOYSTICK_CONTROL
[rosout][INFO] 2021-11-21 07:09:20,481: [/ss42/fsm_node] Node apriltag_node is ON in JOYSTICK_CONTROL
[rosout][INFO] 2021-11-21 07:09:20,487: [/ss42/fsm_node] FSMState: JOYSTICK_CONTROL
[rosout][INFO] 2021-11-21 07:09:24,260: [/ss42/fsm_node] Event: joystick_override_off
[rosout][INFO] 2021-11-21 07:09:24,264: [/ss42/fsm_node] Node vehicle_detector_node is OFF in LANE_FOLLOWING
[rosout][INFO] 2021-11-21 07:09:24,268: [/ss42/fsm_node] Node framerate_high is OFF in LANE_FOLLOWING
[rosout][INFO] 2021-11-21 07:09:24,272: [/ss42/fsm_node] Node decoder_node is OFF in LANE_FOLLOWING
[rosout][INFO] 2021-11-21 07:09:24,276: [/ss42/fsm_node] Node stop_line_filter_node is ON in LANE_FOLLOWING
[rosout][INFO] 2021-11-21 07:09:24,279: [/ss42/fsm_node] Node lane_filter_node is ON in LANE_FOLLOWING
[rosout][INFO] 2021-11-21 07:09:24,282: [/ss42/fsm_node] Node led_detector_node is OFF in LANE_FOLLOWING
[rosout][INFO] 2021-11-21 07:09:24,286: [/ss42/fsm_node] Node static_object_detector_node is OFF in LANE_FOLLOWING
[rosout][INFO] 2021-11-21 07:09:24,289: [/ss42/fsm_node] Node led_emitter_node is OFF in LANE_FOLLOWING
[rosout][INFO] 2021-11-21 07:09:24,293: [/ss42/fsm_node] Node line_detector_node is ON in LANE_FOLLOWING
[rosout][INFO] 2021-11-21 07:09:24,296: [/ss42/fsm_node] Node apriltag_node is OFF in LANE_FOLLOWING
[rosout][INFO] 2021-11-21 07:09:24,304: [/ss42/fsm_node] FSMState: LANE_FOLLOWING
[rosout][INFO] 2021-11-21 07:09:25,945: [/ss42/fsm_node] Event: joystick_override_on
[rosout][INFO] 2021-11-21 07:09:25,949: [/ss42/fsm_node] Node vehicle_detector_node is OFF in JOYSTICK_CONTROL
[rosout][INFO] 2021-11-21 07:09:25,957: [/ss42/fsm_node] Node framerate_high is ON in JOYSTICK_CONTROL
[rosout][INFO] 2021-11-21 07:09:25,961: [/ss42/fsm_node] Node decoder_node is ON in JOYSTICK_CONTROL
[rosout][INFO] 2021-11-21 07:09:25,965: [/ss42/fsm_node] Node stop_line_filter_node is ON in JOYSTICK_CONTROL
[rosout][INFO] 2021-11-21 07:09:25,968: [/ss42/fsm_node] Node lane_filter_node is ON in JOYSTICK_CONTROL
[rosout][INFO] 2021-11-21 07:09:25,972: [/ss42/fsm_node] Node led_detector_node is OFF in JOYSTICK_CONTROL
[rosout][INFO] 2021-11-21 07:09:25,975: [/ss42/fsm_node] Node static_object_detector_node is OFF in JOYSTICK_CONTROL
[rosout][INFO] 2021-11-21 07:09:25,983: [/ss42/fsm_node] Node led_emitter_node is OFF in JOYSTICK_CONTROL
[rosout][INFO] 2021-11-21 07:09:25,987: [/ss42/fsm_node] Node line_detector_node is ON in JOYSTICK_CONTROL
[rosout][INFO] 2021-11-21 07:09:25,991: [/ss42/fsm_node] Node apriltag_node is ON in JOYSTICK_CONTROL
[rosout][INFO] 2021-11-21 07:09:25,997: [/ss42/fsm_node] FSMState: JOYSTICK_CONTROL
[rosout][INFO] 2021-11-21 07:09:28,654: [/ss42/fsm_node] Event: joystick_override_off
[rosout][INFO] 2021-11-21 07:09:28,657: [/ss42/fsm_node] Node vehicle_detector_node is OFF in LANE_FOLLOWING
[rosout][INFO] 2021-11-21 07:09:28,662: [/ss42/fsm_node] Node framerate_high is OFF in LANE_FOLLOWING
[rosout][INFO] 2021-11-21 07:09:28,675: [/ss42/fsm_node] Node decoder_node is OFF in LANE_FOLLOWING
[rosout][INFO] 2021-11-21 07:09:28,681: [/ss42/fsm_node] Node stop_line_filter_node is ON in LANE_FOLLOWING
[rosout][INFO] 2021-11-21 07:09:28,684: [/ss42/fsm_node] Node lane_filter_node is ON in LANE_FOLLOWING
[rosout][INFO] 2021-11-21 07:09:28,688: [/ss42/fsm_node] Node led_detector_node is OFF in LANE_FOLLOWING
[rosout][INFO] 2021-11-21 07:09:28,691: [/ss42/fsm_node] Node static_object_detector_node is OFF in LANE_FOLLOWING
[rosout][INFO] 2021-11-21 07:09:28,694: [/ss42/fsm_node] Node led_emitter_node is OFF in LANE_FOLLOWING
[rosout][INFO] 2021-11-21 07:09:28,698: [/ss42/fsm_node] Node line_detector_node is ON in LANE_FOLLOWING
[rosout][INFO] 2021-11-21 07:09:28,709: [/ss42/fsm_node] Node apriltag_node is OFF in LANE_FOLLOWING
[rosout][INFO] 2021-11-21 07:09:28,714: [/ss42/fsm_node] FSMState: LANE_FOLLOWING
[rosout][INFO] 2021-11-21 07:09:30,357: [/ss42/fsm_node] Event: joystick_override_on
[rosout][INFO] 2021-11-21 07:09:30,362: [/ss42/fsm_node] Node vehicle_detector_node is OFF in JOYSTICK_CONTROL
[rosout][INFO] 2021-11-21 07:09:30,368: [/ss42/fsm_node] Node framerate_high is ON in JOYSTICK_CONTROL
[rosout][INFO] 2021-11-21 07:09:30,377: [/ss42/fsm_node] Node decoder_node is ON in JOYSTICK_CONTROL
[rosout][INFO] 2021-11-21 07:09:30,380: [/ss42/fsm_node] Node stop_line_filter_node is ON in JOYSTICK_CONTROL
[rosout][INFO] 2021-11-21 07:09:30,383: [/ss42/fsm_node] Node lane_filter_node is ON in JOYSTICK_CONTROL
[rosout][INFO] 2021-11-21 07:09:30,386: [/ss42/fsm_node] Node led_detector_node is OFF in JOYSTICK_CONTROL
[rosout][INFO] 2021-11-21 07:09:30,389: [/ss42/fsm_node] Node static_object_detector_node is OFF in JOYSTICK_CONTROL
[rosout][INFO] 2021-11-21 07:09:30,393: [/ss42/fsm_node] Node led_emitter_node is OFF in JOYSTICK_CONTROL
[rosout][INFO] 2021-11-21 07:09:30,402: [/ss42/fsm_node] Node line_detector_node is ON in JOYSTICK_CONTROL
[rosout][INFO] 2021-11-21 07:09:30,406: [/ss42/fsm_node] Node apriltag_node is ON in JOYSTICK_CONTROL
[rosout][INFO] 2021-11-21 07:09:30,410: [/ss42/fsm_node] FSMState: JOYSTICK_CONTROL
[rosout][INFO] 2021-11-21 07:09:32,222: [/ss42/fsm_node] Event: joystick_override_off
[rosout][INFO] 2021-11-21 07:09:32,226: [/ss42/fsm_node] Node vehicle_detector_node is OFF in LANE_FOLLOWING
[rosout][INFO] 2021-11-21 07:09:32,229: [/ss42/fsm_node] Node framerate_high is OFF in LANE_FOLLOWING
[rosout][INFO] 2021-11-21 07:09:32,233: [/ss42/fsm_node] Node decoder_node is OFF in LANE_FOLLOWING
[rosout][INFO] 2021-11-21 07:09:32,236: [/ss42/fsm_node] Node stop_line_filter_node is ON in LANE_FOLLOWING
[rosout][INFO] 2021-11-21 07:09:32,242: [/ss42/fsm_node] Node lane_filter_node is ON in LANE_FOLLOWING
[rosout][INFO] 2021-11-21 07:09:32,254: [/ss42/fsm_node] Node led_detector_node is OFF in LANE_FOLLOWING
[rosout][INFO] 2021-11-21 07:09:32,258: [/ss42/fsm_node] Node static_object_detector_node is OFF in LANE_FOLLOWING
[rosout][INFO] 2021-11-21 07:09:32,262: [/ss42/fsm_node] Node led_emitter_node is OFF in LANE_FOLLOWING
[rosout][INFO] 2021-11-21 07:09:32,269: [/ss42/fsm_node] Node line_detector_node is ON in LANE_FOLLOWING
[rosout][INFO] 2021-11-21 07:09:32,273: [/ss42/fsm_node] Node apriltag_node is OFF in LANE_FOLLOWING
[rosout][INFO] 2021-11-21 07:09:32,277: [/ss42/fsm_node] FSMState: LANE_FOLLOWING
[rosout][INFO] 2021-11-21 07:09:33,174: [/ss42/fsm_node] Event: joystick_override_on
[rosout][INFO] 2021-11-21 07:09:33,178: [/ss42/fsm_node] Node vehicle_detector_node is OFF in JOYSTICK_CONTROL
[rosout][INFO] 2021-11-21 07:09:33,182: [/ss42/fsm_node] Node framerate_high is ON in JOYSTICK_CONTROL
[rosout][INFO] 2021-11-21 07:09:33,188: [/ss42/fsm_node] Node decoder_node is ON in JOYSTICK_CONTROL
[rosout][INFO] 2021-11-21 07:09:33,191: [/ss42/fsm_node] Node stop_line_filter_node is ON in JOYSTICK_CONTROL
[rosout][INFO] 2021-11-21 07:09:33,194: [/ss42/fsm_node] Node lane_filter_node is ON in JOYSTICK_CONTROL
[rosout][INFO] 2021-11-21 07:09:33,201: [/ss42/fsm_node] Node led_detector_node is OFF in JOYSTICK_CONTROL
[rosout][INFO] 2021-11-21 07:09:33,207: [/ss42/fsm_node] Node static_object_detector_node is OFF in JOYSTICK_CONTROL
[rosout][INFO] 2021-11-21 07:09:33,212: [/ss42/fsm_node] Node led_emitter_node is OFF in JOYSTICK_CONTROL
[rosout][INFO] 2021-11-21 07:09:33,216: [/ss42/fsm_node] Node line_detector_node is ON in JOYSTICK_CONTROL
[rosout][INFO] 2021-11-21 07:09:33,226: [/ss42/fsm_node] Node apriltag_node is ON in JOYSTICK_CONTROL
[rosout][INFO] 2021-11-21 07:09:33,235: [/ss42/fsm_node] FSMState: JOYSTICK_CONTROL
[rosout][INFO] 2021-11-21 07:09:34,414: [/ss42/fsm_node] Event: joystick_override_off
[rosout][INFO] 2021-11-21 07:09:34,417: [/ss42/fsm_node] Node vehicle_detector_node is OFF in LANE_FOLLOWING
[rosout][INFO] 2021-11-21 07:09:34,424: [/ss42/fsm_node] Node framerate_high is OFF in LANE_FOLLOWING
[rosout][INFO] 2021-11-21 07:09:34,429: [/ss42/fsm_node] Node decoder_node is OFF in LANE_FOLLOWING
[rosout][INFO] 2021-11-21 07:09:34,433: [/ss42/fsm_node] Node stop_line_filter_node is ON in LANE_FOLLOWING
[rosout][INFO] 2021-11-21 07:09:34,437: [/ss42/fsm_node] Node lane_filter_node is ON in LANE_FOLLOWING
[rosout][INFO] 2021-11-21 07:09:34,446: [/ss42/fsm_node] Node led_detector_node is OFF in LANE_FOLLOWING
[rosout][INFO] 2021-11-21 07:09:34,450: [/ss42/fsm_node] Node static_object_detector_node is OFF in LANE_FOLLOWING
[rosout][INFO] 2021-11-21 07:09:34,454: [/ss42/fsm_node] Node led_emitter_node is OFF in LANE_FOLLOWING
[rosout][INFO] 2021-11-21 07:09:34,460: [/ss42/fsm_node] Node line_detector_node is ON in LANE_FOLLOWING
[rosout][INFO] 2021-11-21 07:09:34,467: [/ss42/fsm_node] Node apriltag_node is OFF in LANE_FOLLOWING
[rosout][INFO] 2021-11-21 07:09:34,472: [/ss42/fsm_node] FSMState: LANE_FOLLOWING
[rosout][INFO] 2021-11-21 07:09:35,367: [/ss42/fsm_node] Event: joystick_override_on
[rosout][INFO] 2021-11-21 07:09:35,370: [/ss42/fsm_node] Node vehicle_detector_node is OFF in JOYSTICK_CONTROL
[rosout][INFO] 2021-11-21 07:09:35,375: [/ss42/fsm_node] Node framerate_high is ON in JOYSTICK_CONTROL
[rosout][INFO] 2021-11-21 07:09:35,379: [/ss42/fsm_node] Node decoder_node is ON in JOYSTICK_CONTROL
[rosout][INFO] 2021-11-21 07:09:35,390: [/ss42/fsm_node] Node stop_line_filter_node is ON in JOYSTICK_CONTROL
[rosout][INFO] 2021-11-21 07:09:35,407: [/ss42/fsm_node] Node lane_filter_node is ON in JOYSTICK_CONTROL
[rosout][INFO] 2021-11-21 07:09:35,421: [/ss42/fsm_node] Node led_detector_node is OFF in JOYSTICK_CONTROL
[rosout][INFO] 2021-11-21 07:09:35,425: [/ss42/fsm_node] Node static_object_detector_node is OFF in JOYSTICK_CONTROL
[rosout][INFO] 2021-11-21 07:09:35,432: [/ss42/fsm_node] Node led_emitter_node is OFF in JOYSTICK_CONTROL
[rosout][INFO] 2021-11-21 07:09:35,438: [/ss42/fsm_node] Node line_detector_node is ON in JOYSTICK_CONTROL
[rosout][INFO] 2021-11-21 07:09:35,456: [/ss42/fsm_node] Node apriltag_node is ON in JOYSTICK_CONTROL
[rosout][INFO] 2021-11-21 07:09:35,462: [/ss42/fsm_node] FSMState: JOYSTICK_CONTROL
[rosout][INFO] 2021-11-21 07:09:38,495: [/ss42/fsm_node] Event: joystick_override_off
[rosout][INFO] 2021-11-21 07:09:38,502: [/ss42/fsm_node] Node vehicle_detector_node is OFF in LANE_FOLLOWING
[rosout][INFO] 2021-11-21 07:09:38,506: [/ss42/fsm_node] Node framerate_high is OFF in LANE_FOLLOWING
[rosout][INFO] 2021-11-21 07:09:38,511: [/ss42/fsm_node] Node decoder_node is OFF in LANE_FOLLOWING
[rosout][INFO] 2021-11-21 07:09:38,518: [/ss42/fsm_node] Node stop_line_filter_node is ON in LANE_FOLLOWING
[rosout][INFO] 2021-11-21 07:09:38,531: [/ss42/fsm_node] Node lane_filter_node is ON in LANE_FOLLOWING
[rosout][INFO] 2021-11-21 07:09:38,542: [/ss42/fsm_node] Node led_detector_node is OFF in LANE_FOLLOWING
[rosout][INFO] 2021-11-21 07:09:38,546: [/ss42/fsm_node] Node static_object_detector_node is OFF in LANE_FOLLOWING
[rosout][INFO] 2021-11-21 07:09:38,550: [/ss42/fsm_node] Node led_emitter_node is OFF in LANE_FOLLOWING
[rosout][INFO] 2021-11-21 07:09:38,553: [/ss42/fsm_node] Node line_detector_node is ON in LANE_FOLLOWING
[rosout][INFO] 2021-11-21 07:09:38,559: [/ss42/fsm_node] Node apriltag_node is OFF in LANE_FOLLOWING
[rosout][INFO] 2021-11-21 07:09:38,567: [/ss42/fsm_node] FSMState: LANE_FOLLOWING
[rosout][INFO] 2021-11-21 07:09:39,917: [/ss42/fsm_node] Event: joystick_override_on
[rosout][INFO] 2021-11-21 07:09:39,924: [/ss42/fsm_node] Node vehicle_detector_node is OFF in JOYSTICK_CONTROL
[rosout][INFO] 2021-11-21 07:09:39,936: [/ss42/fsm_node] Node framerate_high is ON in JOYSTICK_CONTROL
[rosout][INFO] 2021-11-21 07:09:39,943: [/ss42/fsm_node] Node decoder_node is ON in JOYSTICK_CONTROL
[rosout][INFO] 2021-11-21 07:09:39,948: [/ss42/fsm_node] Node stop_line_filter_node is ON in JOYSTICK_CONTROL
[rosout][INFO] 2021-11-21 07:09:39,952: [/ss42/fsm_node] Node lane_filter_node is ON in JOYSTICK_CONTROL
[rosout][INFO] 2021-11-21 07:09:39,969: [/ss42/fsm_node] Node led_detector_node is OFF in JOYSTICK_CONTROL
[rosout][INFO] 2021-11-21 07:09:39,978: [/ss42/fsm_node] Node static_object_detector_node is OFF in JOYSTICK_CONTROL
[rosout][INFO] 2021-11-21 07:09:39,983: [/ss42/fsm_node] Node led_emitter_node is OFF in JOYSTICK_CONTROL
[rosout][INFO] 2021-11-21 07:09:39,987: [/ss42/fsm_node] Node line_detector_node is ON in JOYSTICK_CONTROL
[rosout][INFO] 2021-11-21 07:09:39,995: [/ss42/fsm_node] Node apriltag_node is ON in JOYSTICK_CONTROL
[rosout][INFO] 2021-11-21 07:09:39,998: [/ss42/fsm_node] FSMState: JOYSTICK_CONTROL
[rosout][INFO] 2021-11-21 07:09:41,524: [/ss42/fsm_node] Event: joystick_override_off
[rosout][INFO] 2021-11-21 07:09:41,528: [/ss42/fsm_node] Node vehicle_detector_node is OFF in LANE_FOLLOWING
[rosout][INFO] 2021-11-21 07:09:41,532: [/ss42/fsm_node] Node framerate_high is OFF in LANE_FOLLOWING
[rosout][INFO] 2021-11-21 07:09:41,536: [/ss42/fsm_node] Node decoder_node is OFF in LANE_FOLLOWING
[rosout][INFO] 2021-11-21 07:09:41,541: [/ss42/fsm_node] Node stop_line_filter_node is ON in LANE_FOLLOWING
[rosout][INFO] 2021-11-21 07:09:41,544: [/ss42/fsm_node] Node lane_filter_node is ON in LANE_FOLLOWING
[rosout][INFO] 2021-11-21 07:09:41,549: [/ss42/fsm_node] Node led_detector_node is OFF in LANE_FOLLOWING
[rosout][INFO] 2021-11-21 07:09:41,553: [/ss42/fsm_node] Node static_object_detector_node is OFF in LANE_FOLLOWING
[rosout][INFO] 2021-11-21 07:09:41,557: [/ss42/fsm_node] Node led_emitter_node is OFF in LANE_FOLLOWING
[rosout][INFO] 2021-11-21 07:09:41,561: [/ss42/fsm_node] Node line_detector_node is ON in LANE_FOLLOWING
[rosout][INFO] 2021-11-21 07:09:41,565: [/ss42/fsm_node] Node apriltag_node is OFF in LANE_FOLLOWING
[rosout][INFO] 2021-11-21 07:09:41,570: [/ss42/fsm_node] FSMState: LANE_FOLLOWING
[rosout][INFO] 2021-11-21 07:09:42,691: [/ss42/fsm_node] Event: joystick_override_on
[rosout][INFO] 2021-11-21 07:09:42,694: [/ss42/fsm_node] Node vehicle_detector_node is OFF in JOYSTICK_CONTROL
[rosout][INFO] 2021-11-21 07:09:42,697: [/ss42/fsm_node] Node framerate_high is ON in JOYSTICK_CONTROL
[rosout][INFO] 2021-11-21 07:09:42,702: [/ss42/fsm_node] Node decoder_node is ON in JOYSTICK_CONTROL
[rosout][INFO] 2021-11-21 07:09:42,706: [/ss42/fsm_node] Node stop_line_filter_node is ON in JOYSTICK_CONTROL
[rosout][INFO] 2021-11-21 07:09:42,708: [/ss42/fsm_node] Node lane_filter_node is ON in JOYSTICK_CONTROL
[rosout][INFO] 2021-11-21 07:09:42,712: [/ss42/fsm_node] Node led_detector_node is OFF in JOYSTICK_CONTROL
[rosout][INFO] 2021-11-21 07:09:42,729: [/ss42/fsm_node] Node static_object_detector_node is OFF in JOYSTICK_CONTROL
[rosout][INFO] 2021-11-21 07:09:42,732: [/ss42/fsm_node] Node led_emitter_node is OFF in JOYSTICK_CONTROL
[rosout][INFO] 2021-11-21 07:09:42,736: [/ss42/fsm_node] Node line_detector_node is ON in JOYSTICK_CONTROL
[rosout][INFO] 2021-11-21 07:09:42,740: [/ss42/fsm_node] Node apriltag_node is ON in JOYSTICK_CONTROL
[rosout][INFO] 2021-11-21 07:09:42,745: [/ss42/fsm_node] FSMState: JOYSTICK_CONTROL
[rosout][INFO] 2021-11-21 07:09:49,410: [/ss42/fsm_node] Event: joystick_override_off
[rosout][INFO] 2021-11-21 07:09:49,413: [/ss42/fsm_node] Node vehicle_detector_node is OFF in LANE_FOLLOWING
[rosout][INFO] 2021-11-21 07:09:49,418: [/ss42/fsm_node] Node framerate_high is OFF in LANE_FOLLOWING
[rosout][INFO] 2021-11-21 07:09:49,423: [/ss42/fsm_node] Node decoder_node is OFF in LANE_FOLLOWING
[rosout][INFO] 2021-11-21 07:09:49,429: [/ss42/fsm_node] Node stop_line_filter_node is ON in LANE_FOLLOWING
[rosout][INFO] 2021-11-21 07:09:49,437: [/ss42/fsm_node] Node lane_filter_node is ON in LANE_FOLLOWING
[rosout][INFO] 2021-11-21 07:09:49,441: [/ss42/fsm_node] Node led_detector_node is OFF in LANE_FOLLOWING
[rosout][INFO] 2021-11-21 07:09:49,449: [/ss42/fsm_node] Node static_object_detector_node is OFF in LANE_FOLLOWING
[rosout][INFO] 2021-11-21 07:09:49,453: [/ss42/fsm_node] Node led_emitter_node is OFF in LANE_FOLLOWING
[rosout][INFO] 2021-11-21 07:09:49,458: [/ss42/fsm_node] Node line_detector_node is ON in LANE_FOLLOWING
[rosout][INFO] 2021-11-21 07:09:49,464: [/ss42/fsm_node] Node apriltag_node is OFF in LANE_FOLLOWING
[rosout][INFO] 2021-11-21 07:09:49,471: [/ss42/fsm_node] FSMState: LANE_FOLLOWING
[rosout][INFO] 2021-11-21 07:09:50,207: [/ss42/fsm_node] Event: joystick_override_on
[rosout][INFO] 2021-11-21 07:09:50,214: [/ss42/fsm_node] Node vehicle_detector_node is OFF in JOYSTICK_CONTROL
[rosout][INFO] 2021-11-21 07:09:50,218: [/ss42/fsm_node] Node framerate_high is ON in JOYSTICK_CONTROL
[rosout][INFO] 2021-11-21 07:09:50,223: [/ss42/fsm_node] Node decoder_node is ON in JOYSTICK_CONTROL
[rosout][INFO] 2021-11-21 07:09:50,227: [/ss42/fsm_node] Node stop_line_filter_node is ON in JOYSTICK_CONTROL
[rosout][INFO] 2021-11-21 07:09:50,232: [/ss42/fsm_node] Node lane_filter_node is ON in JOYSTICK_CONTROL
[rosout][INFO] 2021-11-21 07:09:50,237: [/ss42/fsm_node] Node led_detector_node is OFF in JOYSTICK_CONTROL
[rosout][INFO] 2021-11-21 07:09:50,241: [/ss42/fsm_node] Node static_object_detector_node is OFF in JOYSTICK_CONTROL
[rosout][INFO] 2021-11-21 07:09:50,244: [/ss42/fsm_node] Node led_emitter_node is OFF in JOYSTICK_CONTROL
[rosout][INFO] 2021-11-21 07:09:50,248: [/ss42/fsm_node] Node line_detector_node is ON in JOYSTICK_CONTROL
[rosout][INFO] 2021-11-21 07:09:50,251: [/ss42/fsm_node] Node apriltag_node is ON in JOYSTICK_CONTROL
[rosout][INFO] 2021-11-21 07:09:50,259: [/ss42/fsm_node] FSMState: JOYSTICK_CONTROL
[rosout][INFO] 2021-11-21 07:09:55,230: [/ss42/fsm_node] Event: joystick_override_off
[rosout][INFO] 2021-11-21 07:09:55,235: [/ss42/fsm_node] Node vehicle_detector_node is OFF in LANE_FOLLOWING
[rosout][INFO] 2021-11-21 07:09:55,240: [/ss42/fsm_node] Node framerate_high is OFF in LANE_FOLLOWING
[rosout][INFO] 2021-11-21 07:09:55,248: [/ss42/fsm_node] Node decoder_node is OFF in LANE_FOLLOWING
[rosout][INFO] 2021-11-21 07:09:55,261: [/ss42/fsm_node] Node stop_line_filter_node is ON in LANE_FOLLOWING
[rosout][INFO] 2021-11-21 07:09:55,265: [/ss42/fsm_node] Node lane_filter_node is ON in LANE_FOLLOWING
[rosout][INFO] 2021-11-21 07:09:55,269: [/ss42/fsm_node] Node led_detector_node is OFF in LANE_FOLLOWING
[rosout][INFO] 2021-11-21 07:09:55,273: [/ss42/fsm_node] Node static_object_detector_node is OFF in LANE_FOLLOWING
[rosout][INFO] 2021-11-21 07:09:55,277: [/ss42/fsm_node] Node led_emitter_node is OFF in LANE_FOLLOWING
[rosout][INFO] 2021-11-21 07:09:55,280: [/ss42/fsm_node] Node line_detector_node is ON in LANE_FOLLOWING
[rosout][INFO] 2021-11-21 07:09:55,288: [/ss42/fsm_node] Node apriltag_node is OFF in LANE_FOLLOWING
[rosout][INFO] 2021-11-21 07:09:55,296: [/ss42/fsm_node] FSMState: LANE_FOLLOWING
[rosout][INFO] 2021-11-21 07:10:02,494: [/ss42/fsm_node] Event: joystick_override_on
[rosout][INFO] 2021-11-21 07:10:02,498: [/ss42/fsm_node] Node vehicle_detector_node is OFF in JOYSTICK_CONTROL
[rosout][INFO] 2021-11-21 07:10:02,502: [/ss42/fsm_node] Node framerate_high is ON in JOYSTICK_CONTROL
[rosout][INFO] 2021-11-21 07:10:02,506: [/ss42/fsm_node] Node decoder_node is ON in JOYSTICK_CONTROL
[rosout][INFO] 2021-11-21 07:10:02,511: [/ss42/fsm_node] Node stop_line_filter_node is ON in JOYSTICK_CONTROL
[rosout][INFO] 2021-11-21 07:10:02,515: [/ss42/fsm_node] Node lane_filter_node is ON in JOYSTICK_CONTROL
[rosout][INFO] 2021-11-21 07:10:02,518: [/ss42/fsm_node] Node led_detector_node is OFF in JOYSTICK_CONTROL
[rosout][INFO] 2021-11-21 07:10:02,522: [/ss42/fsm_node] Node static_object_detector_node is OFF in JOYSTICK_CONTROL
[rosout][INFO] 2021-11-21 07:10:02,527: [/ss42/fsm_node] Node led_emitter_node is OFF in JOYSTICK_CONTROL
[rosout][INFO] 2021-11-21 07:10:02,531: [/ss42/fsm_node] Node line_detector_node is ON in JOYSTICK_CONTROL
[rosout][INFO] 2021-11-21 07:10:02,534: [/ss42/fsm_node] Node apriltag_node is ON in JOYSTICK_CONTROL
[rosout][INFO] 2021-11-21 07:10:02,541: [/ss42/fsm_node] FSMState: JOYSTICK_CONTROL
[rosout][INFO] 2021-11-21 07:10:05,352: [/ss42/fsm_node] Event: joystick_override_off
[rosout][INFO] 2021-11-21 07:10:05,356: [/ss42/fsm_node] Node vehicle_detector_node is OFF in LANE_FOLLOWING
[rosout][INFO] 2021-11-21 07:10:05,361: [/ss42/fsm_node] Node framerate_high is OFF in LANE_FOLLOWING
[rosout][INFO] 2021-11-21 07:10:05,371: [/ss42/fsm_node] Node decoder_node is OFF in LANE_FOLLOWING
[rosout][INFO] 2021-11-21 07:10:05,377: [/ss42/fsm_node] Node stop_line_filter_node is ON in LANE_FOLLOWING
[rosout][INFO] 2021-11-21 07:10:05,381: [/ss42/fsm_node] Node lane_filter_node is ON in LANE_FOLLOWING
[rosout][INFO] 2021-11-21 07:10:05,386: [/ss42/fsm_node] Node led_detector_node is OFF in LANE_FOLLOWING
[rosout][INFO] 2021-11-21 07:10:05,391: [/ss42/fsm_node] Node static_object_detector_node is OFF in LANE_FOLLOWING
[rosout][INFO] 2021-11-21 07:10:05,395: [/ss42/fsm_node] Node led_emitter_node is OFF in LANE_FOLLOWING
[rosout][INFO] 2021-11-21 07:10:05,405: [/ss42/fsm_node] Node line_detector_node is ON in LANE_FOLLOWING
[rosout][INFO] 2021-11-21 07:10:05,409: [/ss42/fsm_node] Node apriltag_node is OFF in LANE_FOLLOWING
[rosout][INFO] 2021-11-21 07:10:05,416: [/ss42/fsm_node] FSMState: LANE_FOLLOWING
[rosout][INFO] 2021-11-21 07:10:05,977: [/ss42/fsm_node] Event: joystick_override_on
[rosout][INFO] 2021-11-21 07:10:05,981: [/ss42/fsm_node] Node vehicle_detector_node is OFF in JOYSTICK_CONTROL
[rosout][INFO] 2021-11-21 07:10:05,984: [/ss42/fsm_node] Node framerate_high is ON in JOYSTICK_CONTROL
[rosout][INFO] 2021-11-21 07:10:05,994: [/ss42/fsm_node] Node decoder_node is ON in JOYSTICK_CONTROL
[rosout][INFO] 2021-11-21 07:10:05,998: [/ss42/fsm_node] Node stop_line_filter_node is ON in JOYSTICK_CONTROL
[rosout][INFO] 2021-11-21 07:10:06,002: [/ss42/fsm_node] Node lane_filter_node is ON in JOYSTICK_CONTROL
[rosout][INFO] 2021-11-21 07:10:06,006: [/ss42/fsm_node] Node led_detector_node is OFF in JOYSTICK_CONTROL
[rosout][INFO] 2021-11-21 07:10:06,011: [/ss42/fsm_node] Node static_object_detector_node is OFF in JOYSTICK_CONTROL
[rosout][INFO] 2021-11-21 07:10:06,015: [/ss42/fsm_node] Node led_emitter_node is OFF in JOYSTICK_CONTROL
[rosout][INFO] 2021-11-21 07:10:06,019: [/ss42/fsm_node] Node line_detector_node is ON in JOYSTICK_CONTROL
[rosout][INFO] 2021-11-21 07:10:06,023: [/ss42/fsm_node] Node apriltag_node is ON in JOYSTICK_CONTROL
[rosout][INFO] 2021-11-21 07:10:06,029: [/ss42/fsm_node] FSMState: JOYSTICK_CONTROL
[rosout][INFO] 2021-11-21 07:10:09,863: [/ss42/fsm_node] Event: joystick_override_off
[rosout][INFO] 2021-11-21 07:10:09,870: [/ss42/fsm_node] Node vehicle_detector_node is OFF in LANE_FOLLOWING
[rosout][INFO] 2021-11-21 07:10:09,874: [/ss42/fsm_node] Node framerate_high is OFF in LANE_FOLLOWING
[rosout][INFO] 2021-11-21 07:10:09,879: [/ss42/fsm_node] Node decoder_node is OFF in LANE_FOLLOWING
[rosout][INFO] 2021-11-21 07:10:09,884: [/ss42/fsm_node] Node stop_line_filter_node is ON in LANE_FOLLOWING
[rosout][INFO] 2021-11-21 07:10:09,890: [/ss42/fsm_node] Node lane_filter_node is ON in LANE_FOLLOWING
[rosout][INFO] 2021-11-21 07:10:09,894: [/ss42/fsm_node] Node led_detector_node is OFF in LANE_FOLLOWING
[rosout][INFO] 2021-11-21 07:10:09,898: [/ss42/fsm_node] Node static_object_detector_node is OFF in LANE_FOLLOWING
[rosout][INFO] 2021-11-21 07:10:09,904: [/ss42/fsm_node] Node led_emitter_node is OFF in LANE_FOLLOWING
[rosout][INFO] 2021-11-21 07:10:09,908: [/ss42/fsm_node] Node line_detector_node is ON in LANE_FOLLOWING
[rosout][INFO] 2021-11-21 07:10:09,915: [/ss42/fsm_node] Node apriltag_node is OFF in LANE_FOLLOWING
[rosout][INFO] 2021-11-21 07:10:09,920: [/ss42/fsm_node] FSMState: LANE_FOLLOWING
[rosout][INFO] 2021-11-21 07:10:10,648: [/ss42/fsm_node] Event: joystick_override_on
[rosout][INFO] 2021-11-21 07:10:10,651: [/ss42/fsm_node] Node vehicle_detector_node is OFF in JOYSTICK_CONTROL
[rosout][INFO] 2021-11-21 07:10:10,655: [/ss42/fsm_node] Node framerate_high is ON in JOYSTICK_CONTROL
[rosout][INFO] 2021-11-21 07:10:10,660: [/ss42/fsm_node] Node decoder_node is ON in JOYSTICK_CONTROL
[rosout][INFO] 2021-11-21 07:10:10,678: [/ss42/fsm_node] Node stop_line_filter_node is ON in JOYSTICK_CONTROL
[rosout][INFO] 2021-11-21 07:10:10,683: [/ss42/fsm_node] Node lane_filter_node is ON in JOYSTICK_CONTROL
[rosout][INFO] 2021-11-21 07:10:10,696: [/ss42/fsm_node] Node led_detector_node is OFF in JOYSTICK_CONTROL
[rosout][INFO] 2021-11-21 07:10:10,709: [/ss42/fsm_node] Node static_object_detector_node is OFF in JOYSTICK_CONTROL
[rosout][INFO] 2021-11-21 07:10:10,712: [/ss42/fsm_node] Node led_emitter_node is OFF in JOYSTICK_CONTROL
[rosout][INFO] 2021-11-21 07:10:10,716: [/ss42/fsm_node] Node line_detector_node is ON in JOYSTICK_CONTROL
[rosout][INFO] 2021-11-21 07:10:10,719: [/ss42/fsm_node] Node apriltag_node is ON in JOYSTICK_CONTROL
[rosout][INFO] 2021-11-21 07:10:10,726: [/ss42/fsm_node] FSMState: JOYSTICK_CONTROL
[rosout][INFO] 2021-11-21 07:10:14,449: [/ss42/fsm_node] Event: joystick_override_off
[rosout][INFO] 2021-11-21 07:10:14,456: [/ss42/fsm_node] Node vehicle_detector_node is OFF in LANE_FOLLOWING
[rosout][INFO] 2021-11-21 07:10:14,459: [/ss42/fsm_node] Node framerate_high is OFF in LANE_FOLLOWING
[rosout][INFO] 2021-11-21 07:10:14,463: [/ss42/fsm_node] Node decoder_node is OFF in LANE_FOLLOWING
[rosout][INFO] 2021-11-21 07:10:14,466: [/ss42/fsm_node] Node stop_line_filter_node is ON in LANE_FOLLOWING
[rosout][INFO] 2021-11-21 07:10:14,470: [/ss42/fsm_node] Node lane_filter_node is ON in LANE_FOLLOWING
[rosout][INFO] 2021-11-21 07:10:14,474: [/ss42/fsm_node] Node led_detector_node is OFF in LANE_FOLLOWING
[rosout][INFO] 2021-11-21 07:10:14,477: [/ss42/fsm_node] Node static_object_detector_node is OFF in LANE_FOLLOWING
[rosout][INFO] 2021-11-21 07:10:14,480: [/ss42/fsm_node] Node led_emitter_node is OFF in LANE_FOLLOWING
[rosout][INFO] 2021-11-21 07:10:14,484: [/ss42/fsm_node] Node line_detector_node is ON in LANE_FOLLOWING
[rosout][INFO] 2021-11-21 07:10:14,488: [/ss42/fsm_node] Node apriltag_node is OFF in LANE_FOLLOWING
[rosout][INFO] 2021-11-21 07:10:14,497: [/ss42/fsm_node] FSMState: LANE_FOLLOWING
[rosout][INFO] 2021-11-21 07:10:19,653: [/ss42/fsm_node] Event: joystick_override_on
[rosout][INFO] 2021-11-21 07:10:19,657: [/ss42/fsm_node] Node vehicle_detector_node is OFF in JOYSTICK_CONTROL
[rosout][INFO] 2021-11-21 07:10:19,660: [/ss42/fsm_node] Node framerate_high is ON in JOYSTICK_CONTROL
[rosout][INFO] 2021-11-21 07:10:19,674: [/ss42/fsm_node] Node decoder_node is ON in JOYSTICK_CONTROL
[rosout][INFO] 2021-11-21 07:10:19,681: [/ss42/fsm_node] Node stop_line_filter_node is ON in JOYSTICK_CONTROL
[rosout][INFO] 2021-11-21 07:10:19,688: [/ss42/fsm_node] Node lane_filter_node is ON in JOYSTICK_CONTROL
[rosout][INFO] 2021-11-21 07:10:19,696: [/ss42/fsm_node] Node led_detector_node is OFF in JOYSTICK_CONTROL
[rosout][INFO] 2021-11-21 07:10:19,701: [/ss42/fsm_node] Node static_object_detector_node is OFF in JOYSTICK_CONTROL
[rosout][INFO] 2021-11-21 07:10:19,709: [/ss42/fsm_node] Node led_emitter_node is OFF in JOYSTICK_CONTROL
[rosout][INFO] 2021-11-21 07:10:19,716: [/ss42/fsm_node] Node line_detector_node is ON in JOYSTICK_CONTROL
[rosout][INFO] 2021-11-21 07:10:19,720: [/ss42/fsm_node] Node apriltag_node is ON in JOYSTICK_CONTROL
[rosout][INFO] 2021-11-21 07:10:19,726: [/ss42/fsm_node] FSMState: JOYSTICK_CONTROL
[rosout][INFO] 2021-11-21 07:10:29,435: [/ss42/fsm_node] Event: joystick_override_off
[rosout][INFO] 2021-11-21 07:10:29,454: [/ss42/fsm_node] Node vehicle_detector_node is OFF in LANE_FOLLOWING
[rosout][INFO] 2021-11-21 07:10:29,460: [/ss42/fsm_node] Node framerate_high is OFF in LANE_FOLLOWING
[rosout][INFO] 2021-11-21 07:10:29,469: [/ss42/fsm_node] Node decoder_node is OFF in LANE_FOLLOWING
[rosout][INFO] 2021-11-21 07:10:29,479: [/ss42/fsm_node] Node stop_line_filter_node is ON in LANE_FOLLOWING
[rosout][INFO] 2021-11-21 07:10:29,483: [/ss42/fsm_node] Node lane_filter_node is ON in LANE_FOLLOWING
[rosout][INFO] 2021-11-21 07:10:29,487: [/ss42/fsm_node] Node led_detector_node is OFF in LANE_FOLLOWING
[rosout][INFO] 2021-11-21 07:10:29,492: [/ss42/fsm_node] Node static_object_detector_node is OFF in LANE_FOLLOWING
[rosout][INFO] 2021-11-21 07:10:29,499: [/ss42/fsm_node] Node led_emitter_node is OFF in LANE_FOLLOWING
[rosout][INFO] 2021-11-21 07:10:29,506: [/ss42/fsm_node] Node line_detector_node is ON in LANE_FOLLOWING
[rosout][INFO] 2021-11-21 07:10:29,517: [/ss42/fsm_node] Node apriltag_node is OFF in LANE_FOLLOWING
[rosout][INFO] 2021-11-21 07:10:29,529: [/ss42/fsm_node] FSMState: LANE_FOLLOWING
[rosout][INFO] 2021-11-21 07:10:33,982: [/ss42/fsm_node] Event: joystick_override_on
[rosout][INFO] 2021-11-21 07:10:33,985: [/ss42/fsm_node] Node vehicle_detector_node is OFF in JOYSTICK_CONTROL
[rosout][INFO] 2021-11-21 07:10:33,990: [/ss42/fsm_node] Node framerate_high is ON in JOYSTICK_CONTROL
[rosout][INFO] 2021-11-21 07:10:33,995: [/ss42/fsm_node] Node decoder_node is ON in JOYSTICK_CONTROL
[rosout][INFO] 2021-11-21 07:10:34,000: [/ss42/fsm_node] Node stop_line_filter_node is ON in JOYSTICK_CONTROL
[rosout][INFO] 2021-11-21 07:10:34,006: [/ss42/fsm_node] Node lane_filter_node is ON in JOYSTICK_CONTROL
[rosout][INFO] 2021-11-21 07:10:34,021: [/ss42/fsm_node] Node led_detector_node is OFF in JOYSTICK_CONTROL
[rosout][INFO] 2021-11-21 07:10:34,026: [/ss42/fsm_node] Node static_object_detector_node is OFF in JOYSTICK_CONTROL
[rosout][INFO] 2021-11-21 07:10:34,031: [/ss42/fsm_node] Node led_emitter_node is OFF in JOYSTICK_CONTROL
[rosout][INFO] 2021-11-21 07:10:34,034: [/ss42/fsm_node] Node line_detector_node is ON in JOYSTICK_CONTROL
[rosout][INFO] 2021-11-21 07:10:34,039: [/ss42/fsm_node] Node apriltag_node is ON in JOYSTICK_CONTROL
[rosout][INFO] 2021-11-21 07:10:34,046: [/ss42/fsm_node] FSMState: JOYSTICK_CONTROL
[rosout][INFO] 2021-11-21 07:10:39,002: [/ss42/fsm_node] Event: joystick_override_off
[rosout][INFO] 2021-11-21 07:10:39,006: [/ss42/fsm_node] Node vehicle_detector_node is OFF in LANE_FOLLOWING
[rosout][INFO] 2021-11-21 07:10:39,011: [/ss42/fsm_node] Node framerate_high is OFF in LANE_FOLLOWING
[rosout][INFO] 2021-11-21 07:10:39,018: [/ss42/fsm_node] Node decoder_node is OFF in LANE_FOLLOWING
[rosout][INFO] 2021-11-21 07:10:39,036: [/ss42/fsm_node] Node stop_line_filter_node is ON in LANE_FOLLOWING
[rosout][INFO] 2021-11-21 07:10:39,040: [/ss42/fsm_node] Node lane_filter_node is ON in LANE_FOLLOWING
[rosout][INFO] 2021-11-21 07:10:39,052: [/ss42/fsm_node] Node led_detector_node is OFF in LANE_FOLLOWING
[rosout][INFO] 2021-11-21 07:10:39,055: [/ss42/fsm_node] Node static_object_detector_node is OFF in LANE_FOLLOWING
[rosout][INFO] 2021-11-21 07:10:39,065: [/ss42/fsm_node] Node led_emitter_node is OFF in LANE_FOLLOWING
[rosout][INFO] 2021-11-21 07:10:39,069: [/ss42/fsm_node] Node line_detector_node is ON in LANE_FOLLOWING
[rosout][INFO] 2021-11-21 07:10:39,075: [/ss42/fsm_node] Node apriltag_node is OFF in LANE_FOLLOWING
[rosout][INFO] 2021-11-21 07:10:39,081: [/ss42/fsm_node] FSMState: LANE_FOLLOWING
[rosout][INFO] 2021-11-21 07:10:41,788: [/ss42/fsm_node] Event: joystick_override_on
[rosout][INFO] 2021-11-21 07:10:41,791: [/ss42/fsm_node] Node vehicle_detector_node is OFF in JOYSTICK_CONTROL
[rosout][INFO] 2021-11-21 07:10:41,795: [/ss42/fsm_node] Node framerate_high is ON in JOYSTICK_CONTROL
[rosout][INFO] 2021-11-21 07:10:41,801: [/ss42/fsm_node] Node decoder_node is ON in JOYSTICK_CONTROL
[rosout][INFO] 2021-11-21 07:10:41,811: [/ss42/fsm_node] Node stop_line_filter_node is ON in JOYSTICK_CONTROL
[rosout][INFO] 2021-11-21 07:10:41,818: [/ss42/fsm_node] Node lane_filter_node is ON in JOYSTICK_CONTROL
[rosout][INFO] 2021-11-21 07:10:41,823: [/ss42/fsm_node] Node led_detector_node is OFF in JOYSTICK_CONTROL
[rosout][INFO] 2021-11-21 07:10:41,827: [/ss42/fsm_node] Node static_object_detector_node is OFF in JOYSTICK_CONTROL
[rosout][INFO] 2021-11-21 07:10:41,830: [/ss42/fsm_node] Node led_emitter_node is OFF in JOYSTICK_CONTROL
[rosout][INFO] 2021-11-21 07:10:41,834: [/ss42/fsm_node] Node line_detector_node is ON in JOYSTICK_CONTROL
[rosout][INFO] 2021-11-21 07:10:41,839: [/ss42/fsm_node] Node apriltag_node is ON in JOYSTICK_CONTROL
[rosout][INFO] 2021-11-21 07:10:41,844: [/ss42/fsm_node] FSMState: JOYSTICK_CONTROL
[rosout][INFO] 2021-11-21 07:10:44,287: [/ss42/fsm_node] Event: joystick_override_off
[rosout][INFO] 2021-11-21 07:10:44,289: [/ss42/fsm_node] Node vehicle_detector_node is OFF in LANE_FOLLOWING
[rosout][INFO] 2021-11-21 07:10:44,291: [/ss42/fsm_node] Node framerate_high is OFF in LANE_FOLLOWING
[rosout][INFO] 2021-11-21 07:10:44,307: [/ss42/fsm_node] Node decoder_node is OFF in LANE_FOLLOWING
[rosout][INFO] 2021-11-21 07:10:44,327: [/ss42/fsm_node] Node stop_line_filter_node is ON in LANE_FOLLOWING
[rosout][INFO] 2021-11-21 07:10:44,336: [/ss42/fsm_node] Node lane_filter_node is ON in LANE_FOLLOWING
[rosout][INFO] 2021-11-21 07:10:44,341: [/ss42/fsm_node] Node led_detector_node is OFF in LANE_FOLLOWING
[rosout][INFO] 2021-11-21 07:10:44,345: [/ss42/fsm_node] Node static_object_detector_node is OFF in LANE_FOLLOWING
[rosout][INFO] 2021-11-21 07:10:44,351: [/ss42/fsm_node] Node led_emitter_node is OFF in LANE_FOLLOWING
[rosout][INFO] 2021-11-21 07:10:44,355: [/ss42/fsm_node] Node line_detector_node is ON in LANE_FOLLOWING
[rosout][INFO] 2021-11-21 07:10:44,359: [/ss42/fsm_node] Node apriltag_node is OFF in LANE_FOLLOWING
[rosout][INFO] 2021-11-21 07:10:44,365: [/ss42/fsm_node] FSMState: LANE_FOLLOWING
[rosout][INFO] 2021-11-21 07:10:46,514: [/ss42/fsm_node] Event: joystick_override_on
[rosout][INFO] 2021-11-21 07:10:46,517: [/ss42/fsm_node] Node vehicle_detector_node is OFF in JOYSTICK_CONTROL
[rosout][INFO] 2021-11-21 07:10:46,519: [/ss42/fsm_node] Node framerate_high is ON in JOYSTICK_CONTROL
[rosout][INFO] 2021-11-21 07:10:46,522: [/ss42/fsm_node] Node decoder_node is ON in JOYSTICK_CONTROL
[rosout][INFO] 2021-11-21 07:10:46,536: [/ss42/fsm_node] Node stop_line_filter_node is ON in JOYSTICK_CONTROL
[rosout][INFO] 2021-11-21 07:10:46,543: [/ss42/fsm_node] Node lane_filter_node is ON in JOYSTICK_CONTROL
[rosout][INFO] 2021-11-21 07:10:46,547: [/ss42/fsm_node] Node led_detector_node is OFF in JOYSTICK_CONTROL
[rosout][INFO] 2021-11-21 07:10:46,560: [/ss42/fsm_node] Node static_object_detector_node is OFF in JOYSTICK_CONTROL
[rosout][INFO] 2021-11-21 07:10:46,569: [/ss42/fsm_node] Node led_emitter_node is OFF in JOYSTICK_CONTROL
[rosout][INFO] 2021-11-21 07:10:46,573: [/ss42/fsm_node] Node line_detector_node is ON in JOYSTICK_CONTROL
[rosout][INFO] 2021-11-21 07:10:46,577: [/ss42/fsm_node] Node apriltag_node is ON in JOYSTICK_CONTROL
[rosout][INFO] 2021-11-21 07:10:46,582: [/ss42/fsm_node] FSMState: JOYSTICK_CONTROL
[rosout][INFO] 2021-11-21 07:10:51,493: [/ss42/fsm_node] Event: joystick_override_off
[rosout][INFO] 2021-11-21 07:10:51,496: [/ss42/fsm_node] Node vehicle_detector_node is OFF in LANE_FOLLOWING
[rosout][INFO] 2021-11-21 07:10:51,500: [/ss42/fsm_node] Node framerate_high is OFF in LANE_FOLLOWING
[rosout][INFO] 2021-11-21 07:10:51,504: [/ss42/fsm_node] Node decoder_node is OFF in LANE_FOLLOWING
[rosout][INFO] 2021-11-21 07:10:51,508: [/ss42/fsm_node] Node stop_line_filter_node is ON in LANE_FOLLOWING
[rosout][INFO] 2021-11-21 07:10:51,517: [/ss42/fsm_node] Node lane_filter_node is ON in LANE_FOLLOWING
[rosout][INFO] 2021-11-21 07:10:51,521: [/ss42/fsm_node] Node led_detector_node is OFF in LANE_FOLLOWING
[rosout][INFO] 2021-11-21 07:10:51,525: [/ss42/fsm_node] Node static_object_detector_node is OFF in LANE_FOLLOWING
[rosout][INFO] 2021-11-21 07:10:51,530: [/ss42/fsm_node] Node led_emitter_node is OFF in LANE_FOLLOWING
[rosout][INFO] 2021-11-21 07:10:51,534: [/ss42/fsm_node] Node line_detector_node is ON in LANE_FOLLOWING
[rosout][INFO] 2021-11-21 07:10:51,537: [/ss42/fsm_node] Node apriltag_node is OFF in LANE_FOLLOWING
[rosout][INFO] 2021-11-21 07:10:51,543: [/ss42/fsm_node] FSMState: LANE_FOLLOWING
[rosout][INFO] 2021-11-21 07:10:55,525: [/ss42/fsm_node] Event: joystick_override_on
[rosout][INFO] 2021-11-21 07:10:55,528: [/ss42/fsm_node] Node vehicle_detector_node is OFF in JOYSTICK_CONTROL
[rosout][INFO] 2021-11-21 07:10:55,531: [/ss42/fsm_node] Node framerate_high is ON in JOYSTICK_CONTROL
[rosout][INFO] 2021-11-21 07:10:55,536: [/ss42/fsm_node] Node decoder_node is ON in JOYSTICK_CONTROL
[rosout][INFO] 2021-11-21 07:10:55,539: [/ss42/fsm_node] Node stop_line_filter_node is ON in JOYSTICK_CONTROL
[rosout][INFO] 2021-11-21 07:10:55,543: [/ss42/fsm_node] Node lane_filter_node is ON in JOYSTICK_CONTROL
[rosout][INFO] 2021-11-21 07:10:55,549: [/ss42/fsm_node] Node led_detector_node is OFF in JOYSTICK_CONTROL
[rosout][INFO] 2021-11-21 07:10:55,558: [/ss42/fsm_node] Node static_object_detector_node is OFF in JOYSTICK_CONTROL
[rosout][INFO] 2021-11-21 07:10:55,563: [/ss42/fsm_node] Node led_emitter_node is OFF in JOYSTICK_CONTROL
[rosout][INFO] 2021-11-21 07:10:55,578: [/ss42/fsm_node] Node line_detector_node is ON in JOYSTICK_CONTROL
[rosout][INFO] 2021-11-21 07:10:55,581: [/ss42/fsm_node] Node apriltag_node is ON in JOYSTICK_CONTROL
[rosout][INFO] 2021-11-21 07:10:55,587: [/ss42/fsm_node] FSMState: JOYSTICK_CONTROL
[rosout][INFO] 2021-11-21 07:11:08,751: [/ss42/fsm_node] Event: joystick_override_off
[rosout][INFO] 2021-11-21 07:11:08,756: [/ss42/fsm_node] Node vehicle_detector_node is OFF in LANE_FOLLOWING
[rosout][INFO] 2021-11-21 07:11:08,761: [/ss42/fsm_node] Node framerate_high is OFF in LANE_FOLLOWING
[rosout][INFO] 2021-11-21 07:11:08,766: [/ss42/fsm_node] Node decoder_node is OFF in LANE_FOLLOWING
[rosout][INFO] 2021-11-21 07:11:08,769: [/ss42/fsm_node] Node stop_line_filter_node is ON in LANE_FOLLOWING
[rosout][INFO] 2021-11-21 07:11:08,773: [/ss42/fsm_node] Node lane_filter_node is ON in LANE_FOLLOWING
[rosout][INFO] 2021-11-21 07:11:08,776: [/ss42/fsm_node] Node led_detector_node is OFF in LANE_FOLLOWING
[rosout][INFO] 2021-11-21 07:11:08,780: [/ss42/fsm_node] Node static_object_detector_node is OFF in LANE_FOLLOWING
[rosout][INFO] 2021-11-21 07:11:08,784: [/ss42/fsm_node] Node led_emitter_node is OFF in LANE_FOLLOWING
[rosout][INFO] 2021-11-21 07:11:08,789: [/ss42/fsm_node] Node line_detector_node is ON in LANE_FOLLOWING
[rosout][INFO] 2021-11-21 07:11:08,792: [/ss42/fsm_node] Node apriltag_node is OFF in LANE_FOLLOWING
[rosout][INFO] 2021-11-21 07:11:08,799: [/ss42/fsm_node] FSMState: LANE_FOLLOWING
[rosout][INFO] 2021-11-21 07:11:11,762: [/ss42/fsm_node] Event: joystick_override_on
[rosout][INFO] 2021-11-21 07:11:11,765: [/ss42/fsm_node] Node vehicle_detector_node is OFF in JOYSTICK_CONTROL
[rosout][INFO] 2021-11-21 07:11:11,768: [/ss42/fsm_node] Node framerate_high is ON in JOYSTICK_CONTROL
[rosout][INFO] 2021-11-21 07:11:11,771: [/ss42/fsm_node] Node decoder_node is ON in JOYSTICK_CONTROL
[rosout][INFO] 2021-11-21 07:11:11,775: [/ss42/fsm_node] Node stop_line_filter_node is ON in JOYSTICK_CONTROL
[rosout][INFO] 2021-11-21 07:11:11,783: [/ss42/fsm_node] Node lane_filter_node is ON in JOYSTICK_CONTROL
[rosout][INFO] 2021-11-21 07:11:11,789: [/ss42/fsm_node] Node led_detector_node is OFF in JOYSTICK_CONTROL
[rosout][INFO] 2021-11-21 07:11:11,793: [/ss42/fsm_node] Node static_object_detector_node is OFF in JOYSTICK_CONTROL
[rosout][INFO] 2021-11-21 07:11:11,796: [/ss42/fsm_node] Node led_emitter_node is OFF in JOYSTICK_CONTROL
[rosout][INFO] 2021-11-21 07:11:11,802: [/ss42/fsm_node] Node line_detector_node is ON in JOYSTICK_CONTROL
[rosout][INFO] 2021-11-21 07:11:11,806: [/ss42/fsm_node] Node apriltag_node is ON in JOYSTICK_CONTROL
[rosout][INFO] 2021-11-21 07:11:11,810: [/ss42/fsm_node] FSMState: JOYSTICK_CONTROL
[rosout][INFO] 2021-11-21 07:11:13,163: [/ss42/fsm_node] Event: joystick_override_off
[rosout][INFO] 2021-11-21 07:11:13,167: [/ss42/fsm_node] Node vehicle_detector_node is OFF in LANE_FOLLOWING
[rosout][INFO] 2021-11-21 07:11:13,171: [/ss42/fsm_node] Node framerate_high is OFF in LANE_FOLLOWING
[rosout][INFO] 2021-11-21 07:11:13,175: [/ss42/fsm_node] Node decoder_node is OFF in LANE_FOLLOWING
[rosout][INFO] 2021-11-21 07:11:13,182: [/ss42/fsm_node] Node stop_line_filter_node is ON in LANE_FOLLOWING
[rosout][INFO] 2021-11-21 07:11:13,195: [/ss42/fsm_node] Node lane_filter_node is ON in LANE_FOLLOWING
[rosout][INFO] 2021-11-21 07:11:13,200: [/ss42/fsm_node] Node led_detector_node is OFF in LANE_FOLLOWING
[rosout][INFO] 2021-11-21 07:11:13,207: [/ss42/fsm_node] Node static_object_detector_node is OFF in LANE_FOLLOWING
[rosout][INFO] 2021-11-21 07:11:13,211: [/ss42/fsm_node] Node led_emitter_node is OFF in LANE_FOLLOWING
[rosout][INFO] 2021-11-21 07:11:13,215: [/ss42/fsm_node] Node line_detector_node is ON in LANE_FOLLOWING
[rosout][INFO] 2021-11-21 07:11:13,220: [/ss42/fsm_node] Node apriltag_node is OFF in LANE_FOLLOWING
[rosout][INFO] 2021-11-21 07:11:13,232: [/ss42/fsm_node] FSMState: LANE_FOLLOWING
[rosout][INFO] 2021-11-21 07:11:14,105: [/ss42/fsm_node] Event: joystick_override_on
[rosout][INFO] 2021-11-21 07:11:14,108: [/ss42/fsm_node] Node vehicle_detector_node is OFF in JOYSTICK_CONTROL
[rosout][INFO] 2021-11-21 07:11:14,114: [/ss42/fsm_node] Node framerate_high is ON in JOYSTICK_CONTROL
[rosout][INFO] 2021-11-21 07:11:14,127: [/ss42/fsm_node] Node decoder_node is ON in JOYSTICK_CONTROL
[rosout][INFO] 2021-11-21 07:11:14,133: [/ss42/fsm_node] Node stop_line_filter_node is ON in JOYSTICK_CONTROL
[rosout][INFO] 2021-11-21 07:11:14,137: [/ss42/fsm_node] Node lane_filter_node is ON in JOYSTICK_CONTROL
[rosout][INFO] 2021-11-21 07:11:14,142: [/ss42/fsm_node] Node led_detector_node is OFF in JOYSTICK_CONTROL
[rosout][INFO] 2021-11-21 07:11:14,146: [/ss42/fsm_node] Node static_object_detector_node is OFF in JOYSTICK_CONTROL
[rosout][INFO] 2021-11-21 07:11:14,150: [/ss42/fsm_node] Node led_emitter_node is OFF in JOYSTICK_CONTROL
[rosout][INFO] 2021-11-21 07:11:14,155: [/ss42/fsm_node] Node line_detector_node is ON in JOYSTICK_CONTROL
[rosout][INFO] 2021-11-21 07:11:14,160: [/ss42/fsm_node] Node apriltag_node is ON in JOYSTICK_CONTROL
[rosout][INFO] 2021-11-21 07:11:14,176: [/ss42/fsm_node] FSMState: JOYSTICK_CONTROL
[rosout][INFO] 2021-11-21 07:11:16,131: [/ss42/fsm_node] Event: joystick_override_off
[rosout][INFO] 2021-11-21 07:11:16,135: [/ss42/fsm_node] Node vehicle_detector_node is OFF in LANE_FOLLOWING
[rosout][INFO] 2021-11-21 07:11:16,139: [/ss42/fsm_node] Node framerate_high is OFF in LANE_FOLLOWING
[rosout][INFO] 2021-11-21 07:11:16,151: [/ss42/fsm_node] Node decoder_node is OFF in LANE_FOLLOWING
[rosout][INFO] 2021-11-21 07:11:16,156: [/ss42/fsm_node] Node stop_line_filter_node is ON in LANE_FOLLOWING
[rosout][INFO] 2021-11-21 07:11:16,159: [/ss42/fsm_node] Node lane_filter_node is ON in LANE_FOLLOWING
[rosout][INFO] 2021-11-21 07:11:16,166: [/ss42/fsm_node] Node led_detector_node is OFF in LANE_FOLLOWING
[rosout][INFO] 2021-11-21 07:11:16,176: [/ss42/fsm_node] Node static_object_detector_node is OFF in LANE_FOLLOWING
[rosout][INFO] 2021-11-21 07:11:16,179: [/ss42/fsm_node] Node led_emitter_node is OFF in LANE_FOLLOWING
[rosout][INFO] 2021-11-21 07:11:16,184: [/ss42/fsm_node] Node line_detector_node is ON in LANE_FOLLOWING
[rosout][INFO] 2021-11-21 07:11:16,189: [/ss42/fsm_node] Node apriltag_node is OFF in LANE_FOLLOWING
[rosout][INFO] 2021-11-21 07:11:16,194: [/ss42/fsm_node] FSMState: LANE_FOLLOWING
[rosout][INFO] 2021-11-21 07:11:21,624: [/ss42/fsm_node] Event: joystick_override_on
[rosout][INFO] 2021-11-21 07:11:21,629: [/ss42/fsm_node] Node vehicle_detector_node is OFF in JOYSTICK_CONTROL
[rosout][INFO] 2021-11-21 07:11:21,632: [/ss42/fsm_node] Node framerate_high is ON in JOYSTICK_CONTROL
[rosout][INFO] 2021-11-21 07:11:21,636: [/ss42/fsm_node] Node decoder_node is ON in JOYSTICK_CONTROL
[rosout][INFO] 2021-11-21 07:11:21,642: [/ss42/fsm_node] Node stop_line_filter_node is ON in JOYSTICK_CONTROL
[rosout][INFO] 2021-11-21 07:11:21,646: [/ss42/fsm_node] Node lane_filter_node is ON in JOYSTICK_CONTROL
[rosout][INFO] 2021-11-21 07:11:21,649: [/ss42/fsm_node] Node led_detector_node is OFF in JOYSTICK_CONTROL
[rosout][INFO] 2021-11-21 07:11:21,652: [/ss42/fsm_node] Node static_object_detector_node is OFF in JOYSTICK_CONTROL
[rosout][INFO] 2021-11-21 07:11:21,656: [/ss42/fsm_node] Node led_emitter_node is OFF in JOYSTICK_CONTROL
[rosout][INFO] 2021-11-21 07:11:21,659: [/ss42/fsm_node] Node line_detector_node is ON in JOYSTICK_CONTROL
[rosout][INFO] 2021-11-21 07:11:21,663: [/ss42/fsm_node] Node apriltag_node is ON in JOYSTICK_CONTROL
[rosout][INFO] 2021-11-21 07:11:21,668: [/ss42/fsm_node] FSMState: JOYSTICK_CONTROL
[rosout][INFO] 2021-11-21 07:13:09,350: [/ss42/fsm_node] Event: joystick_override_off
[rosout][INFO] 2021-11-21 07:13:09,355: [/ss42/fsm_node] Node vehicle_detector_node is OFF in LANE_FOLLOWING
[rosout][INFO] 2021-11-21 07:13:09,362: [/ss42/fsm_node] Node framerate_high is OFF in LANE_FOLLOWING
[rosout][INFO] 2021-11-21 07:13:09,369: [/ss42/fsm_node] Node decoder_node is OFF in LANE_FOLLOWING
[rosout][INFO] 2021-11-21 07:13:09,375: [/ss42/fsm_node] Node stop_line_filter_node is ON in LANE_FOLLOWING
[rosout][INFO] 2021-11-21 07:13:09,386: [/ss42/fsm_node] Node lane_filter_node is ON in LANE_FOLLOWING
[rosout][INFO] 2021-11-21 07:13:09,392: [/ss42/fsm_node] Node led_detector_node is OFF in LANE_FOLLOWING
[rosout][INFO] 2021-11-21 07:13:09,397: [/ss42/fsm_node] Node static_object_detector_node is OFF in LANE_FOLLOWING
[rosout][INFO] 2021-11-21 07:13:09,401: [/ss42/fsm_node] Node led_emitter_node is OFF in LANE_FOLLOWING
[rosout][INFO] 2021-11-21 07:13:09,406: [/ss42/fsm_node] Node line_detector_node is ON in LANE_FOLLOWING
[rosout][INFO] 2021-11-21 07:13:09,410: [/ss42/fsm_node] Node apriltag_node is OFF in LANE_FOLLOWING
[rosout][INFO] 2021-11-21 07:13:09,415: [/ss42/fsm_node] FSMState: LANE_FOLLOWING
[rosout][INFO] 2021-11-21 07:13:15,894: [/ss42/fsm_node] Event: joystick_override_on
[rosout][INFO] 2021-11-21 07:13:15,898: [/ss42/fsm_node] Node vehicle_detector_node is OFF in JOYSTICK_CONTROL
[rosout][INFO] 2021-11-21 07:13:15,905: [/ss42/fsm_node] Node framerate_high is ON in JOYSTICK_CONTROL
[rosout][INFO] 2021-11-21 07:13:15,924: [/ss42/fsm_node] Node decoder_node is ON in JOYSTICK_CONTROL
[rosout][INFO] 2021-11-21 07:13:15,930: [/ss42/fsm_node] Node stop_line_filter_node is ON in JOYSTICK_CONTROL
[rosout][INFO] 2021-11-21 07:13:15,934: [/ss42/fsm_node] Node lane_filter_node is ON in JOYSTICK_CONTROL
[rosout][INFO] 2021-11-21 07:13:15,938: [/ss42/fsm_node] Node led_detector_node is OFF in JOYSTICK_CONTROL
[rosout][INFO] 2021-11-21 07:13:15,942: [/ss42/fsm_node] Node static_object_detector_node is OFF in JOYSTICK_CONTROL
[rosout][INFO] 2021-11-21 07:13:15,946: [/ss42/fsm_node] Node led_emitter_node is OFF in JOYSTICK_CONTROL
[rosout][INFO] 2021-11-21 07:13:15,953: [/ss42/fsm_node] Node line_detector_node is ON in JOYSTICK_CONTROL
[rosout][INFO] 2021-11-21 07:13:15,959: [/ss42/fsm_node] Node apriltag_node is ON in JOYSTICK_CONTROL
[rosout][INFO] 2021-11-21 07:13:15,964: [/ss42/fsm_node] FSMState: JOYSTICK_CONTROL
[rosout][INFO] 2021-11-21 07:13:21,272: [/ss42/fsm_node] Event: joystick_override_off
[rosout][INFO] 2021-11-21 07:13:21,275: [/ss42/fsm_node] Node vehicle_detector_node is OFF in LANE_FOLLOWING
[rosout][INFO] 2021-11-21 07:13:21,279: [/ss42/fsm_node] Node framerate_high is OFF in LANE_FOLLOWING
[rosout][INFO] 2021-11-21 07:13:21,291: [/ss42/fsm_node] Node decoder_node is OFF in LANE_FOLLOWING
[rosout][INFO] 2021-11-21 07:13:21,298: [/ss42/fsm_node] Node stop_line_filter_node is ON in LANE_FOLLOWING
[rosout][INFO] 2021-11-21 07:13:21,303: [/ss42/fsm_node] Node lane_filter_node is ON in LANE_FOLLOWING
[rosout][INFO] 2021-11-21 07:13:21,306: [/ss42/fsm_node] Node led_detector_node is OFF in LANE_FOLLOWING
[rosout][INFO] 2021-11-21 07:13:21,311: [/ss42/fsm_node] Node static_object_detector_node is OFF in LANE_FOLLOWING
[rosout][INFO] 2021-11-21 07:13:21,314: [/ss42/fsm_node] Node led_emitter_node is OFF in LANE_FOLLOWING
[rosout][INFO] 2021-11-21 07:13:21,322: [/ss42/fsm_node] Node line_detector_node is ON in LANE_FOLLOWING
[rosout][INFO] 2021-11-21 07:13:21,326: [/ss42/fsm_node] Node apriltag_node is OFF in LANE_FOLLOWING
[rosout][INFO] 2021-11-21 07:13:21,332: [/ss42/fsm_node] FSMState: LANE_FOLLOWING
[rosout][INFO] 2021-11-21 07:13:31,771: [/ss42/fsm_node] Event: joystick_override_on
[rosout][INFO] 2021-11-21 07:13:31,775: [/ss42/fsm_node] Node vehicle_detector_node is OFF in JOYSTICK_CONTROL
[rosout][INFO] 2021-11-21 07:13:31,779: [/ss42/fsm_node] Node framerate_high is ON in JOYSTICK_CONTROL
[rosout][INFO] 2021-11-21 07:13:31,783: [/ss42/fsm_node] Node decoder_node is ON in JOYSTICK_CONTROL
[rosout][INFO] 2021-11-21 07:13:31,793: [/ss42/fsm_node] Node stop_line_filter_node is ON in JOYSTICK_CONTROL
[rosout][INFO] 2021-11-21 07:13:31,800: [/ss42/fsm_node] Node lane_filter_node is ON in JOYSTICK_CONTROL
[rosout][INFO] 2021-11-21 07:13:31,807: [/ss42/fsm_node] Node led_detector_node is OFF in JOYSTICK_CONTROL
[rosout][INFO] 2021-11-21 07:13:31,811: [/ss42/fsm_node] Node static_object_detector_node is OFF in JOYSTICK_CONTROL
[rosout][INFO] 2021-11-21 07:13:31,815: [/ss42/fsm_node] Node led_emitter_node is OFF in JOYSTICK_CONTROL
[rosout][INFO] 2021-11-21 07:13:31,819: [/ss42/fsm_node] Node line_detector_node is ON in JOYSTICK_CONTROL
[rosout][INFO] 2021-11-21 07:13:31,824: [/ss42/fsm_node] Node apriltag_node is ON in JOYSTICK_CONTROL
[rosout][INFO] 2021-11-21 07:13:31,832: [/ss42/fsm_node] FSMState: JOYSTICK_CONTROL
[rosout][INFO] 2021-11-21 07:13:37,809: [/ss42/fsm_node] Event: joystick_override_off
[rosout][INFO] 2021-11-21 07:13:37,813: [/ss42/fsm_node] Node vehicle_detector_node is OFF in LANE_FOLLOWING
[rosout][INFO] 2021-11-21 07:13:37,819: [/ss42/fsm_node] Node framerate_high is OFF in LANE_FOLLOWING
[rosout][INFO] 2021-11-21 07:13:37,837: [/ss42/fsm_node] Node decoder_node is OFF in LANE_FOLLOWING
[rosout][INFO] 2021-11-21 07:13:37,843: [/ss42/fsm_node] Node stop_line_filter_node is ON in LANE_FOLLOWING
[rosout][INFO] 2021-11-21 07:13:37,851: [/ss42/fsm_node] Node lane_filter_node is ON in LANE_FOLLOWING
[rosout][INFO] 2021-11-21 07:13:37,859: [/ss42/fsm_node] Node led_detector_node is OFF in LANE_FOLLOWING
[rosout][INFO] 2021-11-21 07:13:37,865: [/ss42/fsm_node] Node static_object_detector_node is OFF in LANE_FOLLOWING
[rosout][INFO] 2021-11-21 07:13:37,868: [/ss42/fsm_node] Node led_emitter_node is OFF in LANE_FOLLOWING
[rosout][INFO] 2021-11-21 07:13:37,872: [/ss42/fsm_node] Node line_detector_node is ON in LANE_FOLLOWING
[rosout][INFO] 2021-11-21 07:13:37,876: [/ss42/fsm_node] Node apriltag_node is OFF in LANE_FOLLOWING
[rosout][INFO] 2021-11-21 07:13:37,880: [/ss42/fsm_node] FSMState: LANE_FOLLOWING
[rosout][INFO] 2021-11-21 07:13:39,529: [/ss42/fsm_node] Event: joystick_override_on
[rosout][INFO] 2021-11-21 07:13:39,532: [/ss42/fsm_node] Node vehicle_detector_node is OFF in JOYSTICK_CONTROL
[rosout][INFO] 2021-11-21 07:13:39,537: [/ss42/fsm_node] Node framerate_high is ON in JOYSTICK_CONTROL
[rosout][INFO] 2021-11-21 07:13:39,546: [/ss42/fsm_node] Node decoder_node is ON in JOYSTICK_CONTROL
[rosout][INFO] 2021-11-21 07:13:39,555: [/ss42/fsm_node] Node stop_line_filter_node is ON in JOYSTICK_CONTROL
[rosout][INFO] 2021-11-21 07:13:39,558: [/ss42/fsm_node] Node lane_filter_node is ON in JOYSTICK_CONTROL
[rosout][INFO] 2021-11-21 07:13:39,562: [/ss42/fsm_node] Node led_detector_node is OFF in JOYSTICK_CONTROL
[rosout][INFO] 2021-11-21 07:13:39,572: [/ss42/fsm_node] Node static_object_detector_node is OFF in JOYSTICK_CONTROL
[rosout][INFO] 2021-11-21 07:13:39,576: [/ss42/fsm_node] Node led_emitter_node is OFF in JOYSTICK_CONTROL
[rosout][INFO] 2021-11-21 07:13:39,581: [/ss42/fsm_node] Node line_detector_node is ON in JOYSTICK_CONTROL
[rosout][INFO] 2021-11-21 07:13:39,585: [/ss42/fsm_node] Node apriltag_node is ON in JOYSTICK_CONTROL
[rosout][INFO] 2021-11-21 07:13:39,588: [/ss42/fsm_node] FSMState: JOYSTICK_CONTROL
[rosout][INFO] 2021-11-21 07:14:05,336: [/ss42/fsm_node] Event: joystick_override_off
[rosout][INFO] 2021-11-21 07:14:05,342: [/ss42/fsm_node] Node vehicle_detector_node is OFF in LANE_FOLLOWING
[rosout][INFO] 2021-11-21 07:14:05,353: [/ss42/fsm_node] Node framerate_high is OFF in LANE_FOLLOWING
[rosout][INFO] 2021-11-21 07:14:05,367: [/ss42/fsm_node] Node decoder_node is OFF in LANE_FOLLOWING
[rosout][INFO] 2021-11-21 07:14:05,375: [/ss42/fsm_node] Node stop_line_filter_node is ON in LANE_FOLLOWING
[rosout][INFO] 2021-11-21 07:14:05,386: [/ss42/fsm_node] Node lane_filter_node is ON in LANE_FOLLOWING
[rosout][INFO] 2021-11-21 07:14:05,402: [/ss42/fsm_node] Node led_detector_node is OFF in LANE_FOLLOWING
[rosout][INFO] 2021-11-21 07:14:05,406: [/ss42/fsm_node] Node static_object_detector_node is OFF in LANE_FOLLOWING
[rosout][INFO] 2021-11-21 07:14:05,410: [/ss42/fsm_node] Node led_emitter_node is OFF in LANE_FOLLOWING
[rosout][INFO] 2021-11-21 07:14:05,414: [/ss42/fsm_node] Node line_detector_node is ON in LANE_FOLLOWING
[rosout][INFO] 2021-11-21 07:14:05,417: [/ss42/fsm_node] Node apriltag_node is OFF in LANE_FOLLOWING
[rosout][INFO] 2021-11-21 07:14:05,423: [/ss42/fsm_node] FSMState: LANE_FOLLOWING
[rosout][INFO] 2021-11-21 07:14:08,108: [/ss42/fsm_node] Event: joystick_override_on
[rosout][INFO] 2021-11-21 07:14:08,111: [/ss42/fsm_node] Node vehicle_detector_node is OFF in JOYSTICK_CONTROL
[rosout][INFO] 2021-11-21 07:14:08,116: [/ss42/fsm_node] Node framerate_high is ON in JOYSTICK_CONTROL
[rosout][INFO] 2021-11-21 07:14:08,124: [/ss42/fsm_node] Node decoder_node is ON in JOYSTICK_CONTROL
[rosout][INFO] 2021-11-21 07:14:08,135: [/ss42/fsm_node] Node stop_line_filter_node is ON in JOYSTICK_CONTROL
[rosout][INFO] 2021-11-21 07:14:08,143: [/ss42/fsm_node] Node lane_filter_node is ON in JOYSTICK_CONTROL
[rosout][INFO] 2021-11-21 07:14:08,155: [/ss42/fsm_node] Node led_detector_node is OFF in JOYSTICK_CONTROL
[rosout][INFO] 2021-11-21 07:14:08,159: [/ss42/fsm_node] Node static_object_detector_node is OFF in JOYSTICK_CONTROL
[rosout][INFO] 2021-11-21 07:14:08,163: [/ss42/fsm_node] Node led_emitter_node is OFF in JOYSTICK_CONTROL
[rosout][INFO] 2021-11-21 07:14:08,168: [/ss42/fsm_node] Node line_detector_node is ON in JOYSTICK_CONTROL
[rosout][INFO] 2021-11-21 07:14:08,172: [/ss42/fsm_node] Node apriltag_node is ON in JOYSTICK_CONTROL
[rosout][INFO] 2021-11-21 07:14:08,178: [/ss42/fsm_node] FSMState: JOYSTICK_CONTROL
[rosout][INFO] 2021-11-21 07:14:56,710: [/ss42/fsm_node] Event: joystick_override_off
[rosout][INFO] 2021-11-21 07:14:56,716: [/ss42/fsm_node] Node vehicle_detector_node is OFF in LANE_FOLLOWING
[rosout][INFO] 2021-11-21 07:14:56,720: [/ss42/fsm_node] Node framerate_high is OFF in LANE_FOLLOWING
[rosout][INFO] 2021-11-21 07:14:56,725: [/ss42/fsm_node] Node decoder_node is OFF in LANE_FOLLOWING
[rosout][INFO] 2021-11-21 07:14:56,729: [/ss42/fsm_node] Node stop_line_filter_node is ON in LANE_FOLLOWING
[rosout][INFO] 2021-11-21 07:14:56,732: [/ss42/fsm_node] Node lane_filter_node is ON in LANE_FOLLOWING
[rosout][INFO] 2021-11-21 07:14:56,746: [/ss42/fsm_node] Node led_detector_node is OFF in LANE_FOLLOWING
[rosout][INFO] 2021-11-21 07:14:56,757: [/ss42/fsm_node] Node static_object_detector_node is OFF in LANE_FOLLOWING
[rosout][INFO] 2021-11-21 07:14:56,764: [/ss42/fsm_node] Node led_emitter_node is OFF in LANE_FOLLOWING
[rosout][INFO] 2021-11-21 07:14:56,770: [/ss42/fsm_node] Node line_detector_node is ON in LANE_FOLLOWING
[rosout][INFO] 2021-11-21 07:14:56,780: [/ss42/fsm_node] Node apriltag_node is OFF in LANE_FOLLOWING
[rosout][INFO] 2021-11-21 07:14:56,784: [/ss42/fsm_node] FSMState: LANE_FOLLOWING
[rosout][INFO] 2021-11-21 07:15:00,611: [/ss42/fsm_node] Event: joystick_override_on
[rosout][INFO] 2021-11-21 07:15:00,618: [/ss42/fsm_node] Node vehicle_detector_node is OFF in JOYSTICK_CONTROL
[rosout][INFO] 2021-11-21 07:15:00,623: [/ss42/fsm_node] Node framerate_high is ON in JOYSTICK_CONTROL
[rosout][INFO] 2021-11-21 07:15:00,629: [/ss42/fsm_node] Node decoder_node is ON in JOYSTICK_CONTROL
[rosout][INFO] 2021-11-21 07:15:00,635: [/ss42/fsm_node] Node stop_line_filter_node is ON in JOYSTICK_CONTROL
[rosout][INFO] 2021-11-21 07:15:00,654: [/ss42/fsm_node] Node lane_filter_node is ON in JOYSTICK_CONTROL
[rosout][INFO] 2021-11-21 07:15:00,659: [/ss42/fsm_node] Node led_detector_node is OFF in JOYSTICK_CONTROL
[rosout][INFO] 2021-11-21 07:15:00,664: [/ss42/fsm_node] Node static_object_detector_node is OFF in JOYSTICK_CONTROL
[rosout][INFO] 2021-11-21 07:15:00,669: [/ss42/fsm_node] Node led_emitter_node is OFF in JOYSTICK_CONTROL
[rosout][INFO] 2021-11-21 07:15:00,673: [/ss42/fsm_node] Node line_detector_node is ON in JOYSTICK_CONTROL
[rosout][INFO] 2021-11-21 07:15:00,679: [/ss42/fsm_node] Node apriltag_node is ON in JOYSTICK_CONTROL
[rosout][INFO] 2021-11-21 07:15:00,683: [/ss42/fsm_node] FSMState: JOYSTICK_CONTROL
[rosout][INFO] 2021-11-21 07:15:01,967: [/ss42/fsm_node] Event: joystick_override_off
[rosout][INFO] 2021-11-21 07:15:01,971: [/ss42/fsm_node] Node vehicle_detector_node is OFF in LANE_FOLLOWING
[rosout][INFO] 2021-11-21 07:15:01,978: [/ss42/fsm_node] Node framerate_high is OFF in LANE_FOLLOWING
[rosout][INFO] 2021-11-21 07:15:01,989: [/ss42/fsm_node] Node decoder_node is OFF in LANE_FOLLOWING
[rosout][INFO] 2021-11-21 07:15:01,999: [/ss42/fsm_node] Node stop_line_filter_node is ON in LANE_FOLLOWING
[rosout][INFO] 2021-11-21 07:15:02,004: [/ss42/fsm_node] Node lane_filter_node is ON in LANE_FOLLOWING
[rosout][INFO] 2021-11-21 07:15:02,011: [/ss42/fsm_node] Node led_detector_node is OFF in LANE_FOLLOWING
[rosout][INFO] 2021-11-21 07:15:02,018: [/ss42/fsm_node] Node static_object_detector_node is OFF in LANE_FOLLOWING
[rosout][INFO] 2021-11-21 07:15:02,022: [/ss42/fsm_node] Node led_emitter_node is OFF in LANE_FOLLOWING
[rosout][INFO] 2021-11-21 07:15:02,031: [/ss42/fsm_node] Node line_detector_node is ON in LANE_FOLLOWING
[rosout][INFO] 2021-11-21 07:15:02,036: [/ss42/fsm_node] Node apriltag_node is OFF in LANE_FOLLOWING
[rosout][INFO] 2021-11-21 07:15:02,042: [/ss42/fsm_node] FSMState: LANE_FOLLOWING
[rosout][INFO] 2021-11-21 07:15:15,173: [/ss42/fsm_node] Event: joystick_override_on
[rosout][INFO] 2021-11-21 07:15:15,177: [/ss42/fsm_node] Node vehicle_detector_node is OFF in JOYSTICK_CONTROL
[rosout][INFO] 2021-11-21 07:15:15,185: [/ss42/fsm_node] Node framerate_high is ON in JOYSTICK_CONTROL
[rosout][INFO] 2021-11-21 07:15:15,190: [/ss42/fsm_node] Node decoder_node is ON in JOYSTICK_CONTROL
[rosout][INFO] 2021-11-21 07:15:15,202: [/ss42/fsm_node] Node stop_line_filter_node is ON in JOYSTICK_CONTROL
[rosout][INFO] 2021-11-21 07:15:15,207: [/ss42/fsm_node] Node lane_filter_node is ON in JOYSTICK_CONTROL
[rosout][INFO] 2021-11-21 07:15:15,211: [/ss42/fsm_node] Node led_detector_node is OFF in JOYSTICK_CONTROL
[rosout][INFO] 2021-11-21 07:15:15,217: [/ss42/fsm_node] Node static_object_detector_node is OFF in JOYSTICK_CONTROL
[rosout][INFO] 2021-11-21 07:15:15,220: [/ss42/fsm_node] Node led_emitter_node is OFF in JOYSTICK_CONTROL
[rosout][INFO] 2021-11-21 07:15:15,224: [/ss42/fsm_node] Node line_detector_node is ON in JOYSTICK_CONTROL
[rosout][INFO] 2021-11-21 07:15:15,227: [/ss42/fsm_node] Node apriltag_node is ON in JOYSTICK_CONTROL
[rosout][INFO] 2021-11-21 07:15:15,231: [/ss42/fsm_node] FSMState: JOYSTICK_CONTROL
[rosout][INFO] 2021-11-21 07:15:33,501: [/ss42/fsm_node] Event: joystick_override_off
[rosout][INFO] 2021-11-21 07:15:33,505: [/ss42/fsm_node] Node vehicle_detector_node is OFF in LANE_FOLLOWING
[rosout][INFO] 2021-11-21 07:15:33,512: [/ss42/fsm_node] Node framerate_high is OFF in LANE_FOLLOWING
[rosout][INFO] 2021-11-21 07:15:33,516: [/ss42/fsm_node] Node decoder_node is OFF in LANE_FOLLOWING
[rosout][INFO] 2021-11-21 07:15:33,520: [/ss42/fsm_node] Node stop_line_filter_node is ON in LANE_FOLLOWING
[rosout][INFO] 2021-11-21 07:15:33,523: [/ss42/fsm_node] Node lane_filter_node is ON in LANE_FOLLOWING
[rosout][INFO] 2021-11-21 07:15:33,526: [/ss42/fsm_node] Node led_detector_node is OFF in LANE_FOLLOWING
[rosout][INFO] 2021-11-21 07:15:33,533: [/ss42/fsm_node] Node static_object_detector_node is OFF in LANE_FOLLOWING
[rosout][INFO] 2021-11-21 07:15:33,536: [/ss42/fsm_node] Node led_emitter_node is OFF in LANE_FOLLOWING
[rosout][INFO] 2021-11-21 07:15:33,540: [/ss42/fsm_node] Node line_detector_node is ON in LANE_FOLLOWING
[rosout][INFO] 2021-11-21 07:15:33,543: [/ss42/fsm_node] Node apriltag_node is OFF in LANE_FOLLOWING
[rosout][INFO] 2021-11-21 07:15:33,548: [/ss42/fsm_node] FSMState: LANE_FOLLOWING
[rosout][INFO] 2021-11-21 07:15:35,640: [/ss42/fsm_node] Event: joystick_override_on
[rosout][INFO] 2021-11-21 07:15:35,645: [/ss42/fsm_node] Node vehicle_detector_node is OFF in JOYSTICK_CONTROL
[rosout][INFO] 2021-11-21 07:15:35,648: [/ss42/fsm_node] Node framerate_high is ON in JOYSTICK_CONTROL
[rosout][INFO] 2021-11-21 07:15:35,652: [/ss42/fsm_node] Node decoder_node is ON in JOYSTICK_CONTROL
[rosout][INFO] 2021-11-21 07:15:35,655: [/ss42/fsm_node] Node stop_line_filter_node is ON in JOYSTICK_CONTROL
[rosout][INFO] 2021-11-21 07:15:35,658: [/ss42/fsm_node] Node lane_filter_node is ON in JOYSTICK_CONTROL
[rosout][INFO] 2021-11-21 07:15:35,661: [/ss42/fsm_node] Node led_detector_node is OFF in JOYSTICK_CONTROL
[rosout][INFO] 2021-11-21 07:15:35,664: [/ss42/fsm_node] Node static_object_detector_node is OFF in JOYSTICK_CONTROL
[rosout][INFO] 2021-11-21 07:15:35,668: [/ss42/fsm_node] Node led_emitter_node is OFF in JOYSTICK_CONTROL
[rosout][INFO] 2021-11-21 07:15:35,671: [/ss42/fsm_node] Node line_detector_node is ON in JOYSTICK_CONTROL
[rosout][INFO] 2021-11-21 07:15:35,674: [/ss42/fsm_node] Node apriltag_node is ON in JOYSTICK_CONTROL
[rosout][INFO] 2021-11-21 07:15:35,678: [/ss42/fsm_node] FSMState: JOYSTICK_CONTROL
[rosout][INFO] 2021-11-21 07:16:17,847: [/ss42/fsm_node] Event: joystick_override_off
[rosout][INFO] 2021-11-21 07:16:17,850: [/ss42/fsm_node] Node vehicle_detector_node is OFF in LANE_FOLLOWING
[rosout][INFO] 2021-11-21 07:16:17,856: [/ss42/fsm_node] Node framerate_high is OFF in LANE_FOLLOWING
[rosout][INFO] 2021-11-21 07:16:17,861: [/ss42/fsm_node] Node decoder_node is OFF in LANE_FOLLOWING
[rosout][INFO] 2021-11-21 07:16:17,865: [/ss42/fsm_node] Node stop_line_filter_node is ON in LANE_FOLLOWING
[rosout][INFO] 2021-11-21 07:16:17,869: [/ss42/fsm_node] Node lane_filter_node is ON in LANE_FOLLOWING
[rosout][INFO] 2021-11-21 07:16:17,873: [/ss42/fsm_node] Node led_detector_node is OFF in LANE_FOLLOWING
[rosout][INFO] 2021-11-21 07:16:17,876: [/ss42/fsm_node] Node static_object_detector_node is OFF in LANE_FOLLOWING
[rosout][INFO] 2021-11-21 07:16:17,879: [/ss42/fsm_node] Node led_emitter_node is OFF in LANE_FOLLOWING
[rosout][INFO] 2021-11-21 07:16:17,883: [/ss42/fsm_node] Node line_detector_node is ON in LANE_FOLLOWING
[rosout][INFO] 2021-11-21 07:16:17,886: [/ss42/fsm_node] Node apriltag_node is OFF in LANE_FOLLOWING
[rosout][INFO] 2021-11-21 07:16:17,890: [/ss42/fsm_node] FSMState: LANE_FOLLOWING
[rosout][INFO] 2021-11-21 07:16:32,926: [/ss42/fsm_node] Event: joystick_override_on
[rosout][INFO] 2021-11-21 07:16:32,929: [/ss42/fsm_node] Node vehicle_detector_node is OFF in JOYSTICK_CONTROL
[rosout][INFO] 2021-11-21 07:16:32,932: [/ss42/fsm_node] Node framerate_high is ON in JOYSTICK_CONTROL
[rosout][INFO] 2021-11-21 07:16:32,942: [/ss42/fsm_node] Node decoder_node is ON in JOYSTICK_CONTROL
[rosout][INFO] 2021-11-21 07:16:32,946: [/ss42/fsm_node] Node stop_line_filter_node is ON in JOYSTICK_CONTROL
[rosout][INFO] 2021-11-21 07:16:32,951: [/ss42/fsm_node] Node lane_filter_node is ON in JOYSTICK_CONTROL
[rosout][INFO] 2021-11-21 07:16:32,962: [/ss42/fsm_node] Node led_detector_node is OFF in JOYSTICK_CONTROL
[rosout][INFO] 2021-11-21 07:16:32,965: [/ss42/fsm_node] Node static_object_detector_node is OFF in JOYSTICK_CONTROL
[rosout][INFO] 2021-11-21 07:16:32,968: [/ss42/fsm_node] Node led_emitter_node is OFF in JOYSTICK_CONTROL
[rosout][INFO] 2021-11-21 07:16:32,982: [/ss42/fsm_node] Node line_detector_node is ON in JOYSTICK_CONTROL
[rosout][INFO] 2021-11-21 07:16:32,985: [/ss42/fsm_node] Node apriltag_node is ON in JOYSTICK_CONTROL
[rosout][INFO] 2021-11-21 07:16:32,993: [/ss42/fsm_node] FSMState: JOYSTICK_CONTROL
[rosout][INFO] 2021-11-21 07:16:41,996: [/ss42/fsm_node] Event: joystick_override_off
[rosout][INFO] 2021-11-21 07:16:42,002: [/ss42/fsm_node] Node vehicle_detector_node is OFF in LANE_FOLLOWING
[rosout][INFO] 2021-11-21 07:16:42,006: [/ss42/fsm_node] Node framerate_high is OFF in LANE_FOLLOWING
[rosout][INFO] 2021-11-21 07:16:42,010: [/ss42/fsm_node] Node decoder_node is OFF in LANE_FOLLOWING
[rosout][INFO] 2021-11-21 07:16:42,019: [/ss42/fsm_node] Node stop_line_filter_node is ON in LANE_FOLLOWING
[rosout][INFO] 2021-11-21 07:16:42,024: [/ss42/fsm_node] Node lane_filter_node is ON in LANE_FOLLOWING
[rosout][INFO] 2021-11-21 07:16:42,027: [/ss42/fsm_node] Node led_detector_node is OFF in LANE_FOLLOWING
[rosout][INFO] 2021-11-21 07:16:42,031: [/ss42/fsm_node] Node static_object_detector_node is OFF in LANE_FOLLOWING
[rosout][INFO] 2021-11-21 07:16:42,035: [/ss42/fsm_node] Node led_emitter_node is OFF in LANE_FOLLOWING
[rosout][INFO] 2021-11-21 07:16:42,038: [/ss42/fsm_node] Node line_detector_node is ON in LANE_FOLLOWING
[rosout][INFO] 2021-11-21 07:16:42,041: [/ss42/fsm_node] Node apriltag_node is OFF in LANE_FOLLOWING
[rosout][INFO] 2021-11-21 07:16:42,048: [/ss42/fsm_node] FSMState: LANE_FOLLOWING
[rosout][INFO] 2021-11-21 07:16:55,085: [/ss42/fsm_node] Event: joystick_override_on
[rosout][INFO] 2021-11-21 07:16:55,088: [/ss42/fsm_node] Node vehicle_detector_node is OFF in JOYSTICK_CONTROL
[rosout][INFO] 2021-11-21 07:16:55,092: [/ss42/fsm_node] Node framerate_high is ON in JOYSTICK_CONTROL
[rosout][INFO] 2021-11-21 07:16:55,096: [/ss42/fsm_node] Node decoder_node is ON in JOYSTICK_CONTROL
[rosout][INFO] 2021-11-21 07:16:55,102: [/ss42/fsm_node] Node stop_line_filter_node is ON in JOYSTICK_CONTROL
[rosout][INFO] 2021-11-21 07:16:55,110: [/ss42/fsm_node] Node lane_filter_node is ON in JOYSTICK_CONTROL
[rosout][INFO] 2021-11-21 07:16:55,115: [/ss42/fsm_node] Node led_detector_node is OFF in JOYSTICK_CONTROL
[rosout][INFO] 2021-11-21 07:16:55,120: [/ss42/fsm_node] Node static_object_detector_node is OFF in JOYSTICK_CONTROL
[rosout][INFO] 2021-11-21 07:16:55,127: [/ss42/fsm_node] Node led_emitter_node is OFF in JOYSTICK_CONTROL
[rosout][INFO] 2021-11-21 07:16:55,132: [/ss42/fsm_node] Node line_detector_node is ON in JOYSTICK_CONTROL
[rosout][INFO] 2021-11-21 07:16:55,136: [/ss42/fsm_node] Node apriltag_node is ON in JOYSTICK_CONTROL
[rosout][INFO] 2021-11-21 07:16:55,145: [/ss42/fsm_node] FSMState: JOYSTICK_CONTROL
[rospy.internal][ERROR] 2021-11-21 07:47:10,547: Unable to initiate TCP/IP socket to ss42.local:43243 (http://ss42.local:46198/): Traceback (most recent call last):
  File "/opt/ros/kinetic/lib/python2.7/dist-packages/rospy/impl/tcpros_base.py", line 557, in connect
    self.read_header()
  File "/opt/ros/kinetic/lib/python2.7/dist-packages/rospy/impl/tcpros_base.py", line 650, in read_header
    self._validate_header(read_ros_handshake_header(sock, self.read_buff, self.protocol.buff_size))
  File "/opt/ros/kinetic/lib/python2.7/dist-packages/rospy/impl/tcpros_base.py", line 593, in _validate_header
    raise TransportInitError("remote error reported: %s"%header['error'])
TransportInitError: remote error reported: node shutting down

[rospy.internal][INFO] 2021-11-21 07:47:10,555: topic[/ss42/fsm_node/mode] adding connection to [/ss42/fake_coordinator_node], count 2
[rospy.internal][INFO] 2021-11-21 07:47:10,596: topic[/ss42/fsm_node/mode] removing connection to /ss42/fake_coordinator_node
[rosout][WARNING] 2021-11-21 07:47:10,634: Inbound TCP/IP connection failed: connection from sender terminated before handshake header received. 0 bytes were received. Please check sender for additional details.
[rospy.internal][INFO] 2021-11-21 07:47:10,657: topic[/ss42/fsm_node/mode] removing connection to /ss42/fake_coordinator_node
[rospy.internal][INFO] 2021-11-21 07:47:10,659: topic[/ss42/led_emitter_node/switch] removing connection to /ss42/led_emitter_node
[rospy.internal][INFO] 2021-11-21 07:47:10,661: topic[/ss42/line_detector_node/switch] removing connection to /ss42/line_detector_node
[rospy.internal][ERROR] 2021-11-21 07:47:10,698: Inbound TCP/IP connection failed:
Traceback (most recent call last):
  File "/opt/ros/kinetic/lib/python2.7/dist-packages/rospy/impl/tcpros_base.py", line 321, in _tcp_server_callback
    header = read_ros_handshake_header(sock, StringIO(), buff_size)
  File "/opt/ros/kinetic/lib/python2.7/dist-packages/rosgraph/network.py", line 364, in read_ros_handshake_header
    raise ROSHandshakeException("connection from sender terminated before handshake header received. %s bytes were received. Please check sender for additional details."%b.tell())
ROSHandshakeException: connection from sender terminated before handshake header received. 0 bytes were received. Please check sender for additional details.

[rospy.internal][INFO] 2021-11-21 07:47:11,176: topic[/ss42/lane_filter_node/switch] removing connection to /ss42/lane_filter_node
[rospy.core][INFO] 2021-11-21 07:47:11,225: signal_shutdown [signal-2]
[rosout][INFO] 2021-11-21 07:47:11,225: [/ss42/fsm_node] Shutting down.
[rospy.internal][ERROR] 2021-11-21 07:47:11,311: Unable to initiate TCP/IP socket to ss42.local:46097 (http://ss42.local:42793/): Traceback (most recent call last):
  File "/opt/ros/kinetic/lib/python2.7/dist-packages/rospy/impl/tcpros_base.py", line 557, in connect
    self.read_header()
  File "/opt/ros/kinetic/lib/python2.7/dist-packages/rospy/impl/tcpros_base.py", line 650, in read_header
    self._validate_header(read_ros_handshake_header(sock, self.read_buff, self.protocol.buff_size))
  File "/opt/ros/kinetic/lib/python2.7/dist-packages/rospy/impl/tcpros_base.py", line 593, in _validate_header
    raise TransportInitError("remote error reported: %s"%header['error'])
TransportInitError: remote error reported: node shutting down

[rospy.internal][ERROR] 2021-11-21 07:47:11,325: Unable to initiate TCP/IP socket to ss42.local:46097 (http://ss42.local:42793/): Traceback (most recent call last):
  File "/opt/ros/kinetic/lib/python2.7/dist-packages/rospy/impl/tcpros_base.py", line 557, in connect
    self.read_header()
  File "/opt/ros/kinetic/lib/python2.7/dist-packages/rospy/impl/tcpros_base.py", line 650, in read_header
    self._validate_header(read_ros_handshake_header(sock, self.read_buff, self.protocol.buff_size))
  File "/opt/ros/kinetic/lib/python2.7/dist-packages/rospy/impl/tcpros_base.py", line 593, in _validate_header
    raise TransportInitError("remote error reported: %s"%header['error'])
TransportInitError: remote error reported: node shutting down

[rospy.internal][INFO] 2021-11-21 07:47:11,458: topic[/ss42/fsm_node/mode] removing connection to /ss42/car_cmd_switch_node
[rospy.internal][INFO] 2021-11-21 07:47:11,460: topic[/rosout] removing connection to /rosout
[rospy.internal][INFO] 2021-11-21 07:47:11,477: topic[/ss42/camera_node/framerate_high_switch] removing connection to /ss42/camera_node
[rospy.internal][INFO] 2021-11-21 07:47:11,479: topic[/ss42/joy_mapper_node/joystick_override] removing connection to http://ss42.local:36150/
[rospy.internal][INFO] 2021-11-21 07:47:11,480: topic[/ss42/simple_coordinator_node/intersection_go] removing connection to http://ss42.local:46198/
[rospy.internal][INFO] 2021-11-21 07:47:11,491: topic[/ss42/logic_gate_node/intersection_done_and_not_parallel_autonomy] removing connection to http://ss42.local:42793/
[rospy.internal][INFO] 2021-11-21 07:47:11,493: topic[/ss42/joy_mapper_node/parallel_autonomy] removing connection to http://ss42.local:36150/
[rospy.internal][INFO] 2021-11-21 07:47:11,496: topic[/ss42/joy_mapper_node/start_avoidance] removing connection to http://ss42.local:36150/
[rospy.internal][WARNING] 2021-11-21 07:47:11,497: Unknown error initiating TCP/IP socket to ss42.local:44337 (http://ss42.local:36150/): Traceback (most recent call last):
  File "/opt/ros/kinetic/lib/python2.7/dist-packages/rospy/impl/tcpros_base.py", line 558, in connect
    self.local_endpoint = self.socket.getsockname()
AttributeError: 'NoneType' object has no attribute 'getsockname'

[rospy.internal][INFO] 2021-11-21 07:47:11,499: topic[/ss42/logic_gate_node/intersection_done_and_parallel_autonomy] removing connection to http://ss42.local:42793/
[rospy.impl.masterslave][INFO] 2021-11-21 07:47:11,507: signal-2
[rospy.core][INFO] 2021-11-21 07:47:11,880: signal_shutdown [atexit]
