[rospy.client][INFO] 2021-11-21 07:08:35,594: init_node, name[/ss42/lane_controller_node], pid[10837]
[xmlrpc][INFO] 2021-11-21 07:08:35,635: XML-RPC server binding to 0.0.0.0:0
[xmlrpc][INFO] 2021-11-21 07:08:35,637: Started XML-RPC server [http://ss42.local:39360/]
[rospy.impl.masterslave][INFO] 2021-11-21 07:08:35,638: _ready: http://ss42.local:39360/
[rospy.init][INFO] 2021-11-21 07:08:35,641: ROS Slave URI: [http://ss42.local:39360/]
[rospy.registration][INFO] 2021-11-21 07:08:35,661: Registering with master node http://ss42.local:11311/
[xmlrpc][INFO] 2021-11-21 07:08:35,683: xml rpc node: starting XML-RPC server
[rospy.init][INFO] 2021-11-21 07:08:35,743: registered with master
[rospy.rosout][INFO] 2021-11-21 07:08:35,744: initializing /rosout core topic
[rospy.rosout][INFO] 2021-11-21 07:08:35,878: connected to core topic /rosout
[rospy.simtime][INFO] 2021-11-21 07:08:35,941: /use_sim_time is not set, will not subscribe to simulated time [/clock] topic
[rospy.internal][INFO] 2021-11-21 07:08:36,116: topic[/rosout] adding connection to [/rosout], count 0
[rosout][INFO] 2021-11-21 07:08:36,207: [/ss42/lane_controller_node] ~v_bar = 0.3864 
[rosout][INFO] 2021-11-21 07:08:36,408: [/ss42/lane_controller_node] ~k_d = -10.3 
[rosout][INFO] 2021-11-21 07:08:36,557: [/ss42/lane_controller_node] ~k_theta = -5.15 
[rosout][INFO] 2021-11-21 07:08:36,691: [/ss42/lane_controller_node] ~d_thres = 0.2615 
[rosout][INFO] 2021-11-21 07:08:36,889: [/ss42/lane_controller_node] ~theta_thres = 0.523 
[rosout][INFO] 2021-11-21 07:08:37,089: [/ss42/lane_controller_node] ~d_offset = 0.0 
[rosout][INFO] 2021-11-21 07:08:37,340: [/ss42/lane_controller_node] Initialized 
[rospy.internal][INFO] 2021-11-21 07:08:37,403: topic[/ss42/lane_controller_node/car_cmd] adding connection to [/ss42/car_cmd_switch_node], count 0
[rospy.internal][INFO] 2021-11-21 07:08:51,633: topic[/ss42/lane_filter_node/lane_pose] adding connection to [http://ss42.local:37317/], count 0
[rospy.core][INFO] 2021-11-21 07:47:10,305: signal_shutdown [signal-2]
[rosout][INFO] 2021-11-21 07:47:10,310: [/ss42/lane_controller_node] Shutting down...
[rospy.internal][INFO] 2021-11-21 07:47:10,321: topic impl's ref count is zero, deleting topic /ss42/lane_filter_node/lane_pose...
[rospy.internal][INFO] 2021-11-21 07:47:10,324: topic[/ss42/lane_filter_node/lane_pose] removing connection to http://ss42.local:37317/
[rospy.internal][WARNING] 2021-11-21 07:47:10,441: Unknown error initiating TCP/IP socket to ss42.local:41217 (http://ss42.local:37317/): Traceback (most recent call last):
  File "/opt/ros/kinetic/lib/python2.7/dist-packages/rospy/impl/tcpros_base.py", line 557, in connect
    self.read_header()
  File "/opt/ros/kinetic/lib/python2.7/dist-packages/rospy/impl/tcpros_base.py", line 650, in read_header
    self._validate_header(read_ros_handshake_header(sock, self.read_buff, self.protocol.buff_size))
AttributeError: 'NoneType' object has no attribute 'buff_size'

[rospy.topics][ERROR] 2021-11-21 07:47:10,451: Traceback (most recent call last):
  File "/opt/ros/kinetic/lib/python2.7/dist-packages/rospy/topics.py", line 326, in close
    c.close()
  File "/opt/ros/kinetic/lib/python2.7/dist-packages/rospy/impl/tcpros_base.py", line 838, in close
    self.socket.close()
AttributeError: 'NoneType' object has no attribute 'close'

[rosout][INFO] 2021-11-21 07:47:11,187: [/ss42/lane_controller_node] Shutdown
[rospy.internal][INFO] 2021-11-21 07:47:11,362: topic[/ss42/lane_controller_node/car_cmd] removing connection to /ss42/car_cmd_switch_node
[rospy.internal][INFO] 2021-11-21 07:47:11,364: topic[/rosout] removing connection to /rosout
[rospy.impl.masterslave][INFO] 2021-11-21 07:47:11,365: signal-2
[rospy.core][INFO] 2021-11-21 07:47:11,839: signal_shutdown [atexit]
